2025-11-12T02:43:03.970396Z  WARN ThreadId(01) docker_node: metrics exporter disabled by SMROL_DISABLE_METRICS
2025-11-12T02:43:24.173589Z  WARN ThreadId(01) hotstuff_runner::tcp_node: Node 0 view timeout set to 4000 ms
2025-11-12T02:43:24.185172Z  WARN ThreadId(01) hotstuff_runner::smrol::sequencing: SMROL_MEDIAN_INFLIGHT=24, SMROL_ORDER_FINALIZE_INFLIGHT=4, SMROL_FINAL_SIGN_INFLIGHT=4, SMROL_FINAL_VERIFY_INFLIGHT=24
2025-11-12T02:43:24.185224Z  WARN ThreadId(01) hotstuff_runner::smrol::sequencing: [Sequencing] Node 0 multi-signature verification disabled: false
2025-11-12T02:43:24.185300Z  WARN ThreadId(02) hotstuff_runner::smrol::sequencing: [Sequencing] Node 0 final verify dispatcher started
2025-11-12T02:43:24.186389Z  WARN ThreadId(08) docker_node:   Connection reuse ineffective (2.0 msg/conn)
2025-11-12T02:43:29.186875Z  WARN ThreadId(03) docker_node:   Connection reuse ineffective (2.0 msg/conn)
2025-11-12T02:43:29.189371Z  WARN ThreadId(01) docker_node: Node 0 port 20000 temporarily unreachable: failed to lookup address information: Temporary failure in name resolution
2025-11-12T02:43:29.191277Z  WARN ThreadId(01) docker_node: Node 1 port 20001 temporarily unreachable: failed to lookup address information: Temporary failure in name resolution
2025-11-12T02:43:29.193373Z  WARN ThreadId(01) docker_node: Node 2 port 20002 temporarily unreachable: failed to lookup address information: Temporary failure in name resolution
2025-11-12T02:43:29.195072Z  WARN ThreadId(01) docker_node: Node 3 port 20003 temporarily unreachable: failed to lookup address information: Temporary failure in name resolution
2025-11-12T02:43:29.196662Z  WARN ThreadId(01) docker_node: Node 4 port 20004 temporarily unreachable: failed to lookup address information: Temporary failure in name resolution
2025-11-12T02:43:29.198422Z  WARN ThreadId(01) docker_node: Node 5 port 20005 temporarily unreachable: failed to lookup address information: Temporary failure in name resolution
2025-11-12T02:43:29.200045Z  WARN ThreadId(01) docker_node: Node 6 port 20006 temporarily unreachable: failed to lookup address information: Temporary failure in name resolution
2025-11-12T02:43:29.202266Z  WARN ThreadId(01) docker_node: Node 7 port 20007 temporarily unreachable: failed to lookup address information: Temporary failure in name resolution
2025-11-12T02:43:29.203864Z  WARN ThreadId(01) docker_node: Node 8 port 20008 temporarily unreachable: failed to lookup address information: Temporary failure in name resolution
2025-11-12T02:43:29.205556Z  WARN ThreadId(01) docker_node: Node 9 port 20009 temporarily unreachable: failed to lookup address information: Temporary failure in name resolution
2025-11-12T02:43:29.207346Z  WARN ThreadId(01) docker_node: Node 10 port 20010 temporarily unreachable: failed to lookup address information: Temporary failure in name resolution
2025-11-12T02:43:29.208992Z  WARN ThreadId(01) docker_node: Node 11 port 20011 temporarily unreachable: failed to lookup address information: Temporary failure in name resolution
2025-11-12T02:43:29.210752Z  WARN ThreadId(01) docker_node: Node 12 port 20012 temporarily unreachable: failed to lookup address information: Temporary failure in name resolution
2025-11-12T02:43:29.212572Z  WARN ThreadId(01) docker_node: Node 13 port 20013 temporarily unreachable: failed to lookup address information: Temporary failure in name resolution
2025-11-12T02:43:29.214877Z  WARN ThreadId(01) docker_node: Node 14 port 20014 temporarily unreachable: failed to lookup address information: Temporary failure in name resolution
2025-11-12T02:43:29.216449Z  WARN ThreadId(01) docker_node: Node 15 port 20015 temporarily unreachable: failed to lookup address information: Temporary failure in name resolution
2025-11-12T02:43:29.217969Z  WARN ThreadId(01) docker_node: Node 16 port 20016 temporarily unreachable: failed to lookup address information: Temporary failure in name resolution
2025-11-12T02:43:29.219664Z  WARN ThreadId(01) docker_node: Node 17 port 20017 temporarily unreachable: failed to lookup address information: Temporary failure in name resolution
2025-11-12T02:43:29.221323Z  WARN ThreadId(01) docker_node: Node 18 port 20018 temporarily unreachable: failed to lookup address information: Temporary failure in name resolution
2025-11-12T02:43:29.222856Z  WARN ThreadId(01) docker_node: Node 19 port 20019 temporarily unreachable: failed to lookup address information: Temporary failure in name resolution
2025-11-12T02:43:29.224655Z  WARN ThreadId(01) docker_node: Node 20 port 20020 temporarily unreachable: failed to lookup address information: Temporary failure in name resolution
2025-11-12T02:43:29.226308Z  WARN ThreadId(01) docker_node: Node 21 port 20021 temporarily unreachable: failed to lookup address information: Temporary failure in name resolution
2025-11-12T02:43:29.228083Z  WARN ThreadId(01) docker_node: Node 22 port 20022 temporarily unreachable: failed to lookup address information: Temporary failure in name resolution
2025-11-12T02:43:29.229795Z  WARN ThreadId(01) docker_node: Node 23 port 20023 temporarily unreachable: failed to lookup address information: Temporary failure in name resolution
2025-11-12T02:43:29.231364Z  WARN ThreadId(01) docker_node: Node 24 port 20024 temporarily unreachable: failed to lookup address information: Temporary failure in name resolution
2025-11-12T02:43:29.232885Z  WARN ThreadId(01) docker_node: Node 25 port 20025 temporarily unreachable: failed to lookup address information: Temporary failure in name resolution
2025-11-12T02:43:29.234433Z  WARN ThreadId(01) docker_node: Node 26 port 20026 temporarily unreachable: failed to lookup address information: Temporary failure in name resolution
2025-11-12T02:43:29.235995Z  WARN ThreadId(01) docker_node: Node 27 port 20027 temporarily unreachable: failed to lookup address information: Temporary failure in name resolution
2025-11-12T02:43:29.237655Z  WARN ThreadId(01) docker_node: Node 28 port 20028 temporarily unreachable: failed to lookup address information: Temporary failure in name resolution
2025-11-12T02:43:29.239175Z  WARN ThreadId(01) docker_node: Node 29 port 20029 temporarily unreachable: failed to lookup address information: Temporary failure in name resolution
2025-11-12T02:43:29.241203Z  WARN ThreadId(01) docker_node: Node 30 port 20030 temporarily unreachable: failed to lookup address information: Temporary failure in name resolution
2025-11-12T02:43:29.242744Z  WARN ThreadId(01) docker_node: Node 31 port 20031 temporarily unreachable: failed to lookup address information: Temporary failure in name resolution
2025-11-12T02:43:34.186320Z  WARN ThreadId(03) docker_node:   Connection reuse ineffective (2.0 msg/conn)
2025-11-12T02:43:36.913982Z  WARN ThreadId(21) hotstuff_runner::tcp_node: Node 0 view 5 timed out; latency may accumulate
2025-11-12T02:43:39.186927Z  WARN ThreadId(03) docker_node:   Connection reuse ineffective (2.0 msg/conn)
2025-11-12T02:43:41.705143Z  WARN ThreadId(21) hotstuff_runner::tcp_node: Node 0 view 10 timed out; latency may accumulate
2025-11-12T02:43:44.186208Z  WARN ThreadId(03) docker_node:   Connection reuse ineffective (2.0 msg/conn)
2025-11-12T02:43:46.615411Z  WARN ThreadId(21) hotstuff_runner::tcp_node: Node 0 view 15 timed out; latency may accumulate
2025-11-12T02:43:47.300723Z  WARN ThreadId(20) hotstuff_runner::app: Node 0 [produce_block] queue size: 0, attempting up to 0 transactions this block    
2025-11-12T02:43:49.186725Z  WARN ThreadId(03) docker_node:   Connection reuse ineffective (2.0 msg/conn)
2025-11-12T02:43:52.272611Z  WARN ThreadId(21) hotstuff_runner::tcp_node: Node 0 view 25 timed out; latency may accumulate
2025-11-12T02:43:52.872182Z  WARN ThreadId(21) hotstuff_runner::tcp_node: Detected transaction backlog: submit rate (2.3) > confirm rate (0.0)
2025-11-12T02:43:54.186390Z  WARN ThreadId(07) docker_node:   Connection reuse ineffective (18.0 msg/conn)
2025-11-12T02:43:58.982190Z  WARN ThreadId(21) hotstuff_runner::tcp_node: Node 0 view 36 timed out; latency may accumulate
2025-11-12T02:43:59.186310Z  WARN ThreadId(08) docker_node:   Connection reuse ineffective (18.0 msg/conn)
2025-11-12T02:44:02.983002Z  WARN ThreadId(21) hotstuff_runner::tcp_node: Node 0 view 37 timed out; latency may accumulate
2025-11-12T02:44:04.186292Z  WARN ThreadId(07) docker_node:   Connection reuse ineffective (18.0 msg/conn)
2025-11-12T02:44:07.778516Z  WARN ThreadId(21) hotstuff_runner::tcp_node: Node 0 view 42 timed out; latency may accumulate
2025-11-12T02:44:07.929524Z  WARN ThreadId(20) hotstuff_rs::block_tree::invariants: SAFE_PC_FAIL: pc.block=[177, 70, 40, 140, 142, 101, 98, 235, 30, 189, 210, 124, 218, 99, 204, 182, 11, 98, 22, 134, 9, 132, 44, 144, 240, 79, 207, 148, 100, 208, 79, 77] view=33 phase=Generic | cond1(chain_id/genesis)=true (pc.chain_id=0, my.chain_id=0) | cond2(block_exists/genesis)=true (exists=true) | cond3(view>locked || extends)=false (pc.view=33, locked.view=40, extends=false) | cond4(phase/updates)=true (phase_special=false, has_updates=false) | highest_pc.block=[40, 222, 4, 139, 10, 64, 244, 128, 223, 125, 74, 7, 200, 54, 99, 25, 73, 249, 233, 88, 56, 197, 164, 140, 151, 100, 156, 233, 190, 178, 119, 72] highest_pc.view=41 locked.block=[32, 146, 60, 33, 159, 201, 242, 11, 240, 162, 183, 138, 34, 150, 161, 6, 81, 240, 99, 174, 127, 20, 90, 210, 234, 33, 94, 36, 196, 136, 168, 50] locked.view=40    
2025-11-12T02:44:07.929552Z  WARN ThreadId(20) hotstuff_rs::block_tree::invariants: SAFE_BLOCK_FAIL: block=[230, 110, 1, 2, 190, 132, 137, 176, 54, 192, 11, 140, 121, 176, 182, 248, 225, 230, 3, 60, 208, 93, 173, 92, 46, 235, 215, 21, 190, 65, 119, 186] height=None | cond1(safe_pc)=false | cond2(is_block_justify)=true (justify.phase=Generic) | justify.block=[177, 70, 40, 140, 142, 101, 98, 235, 30, 189, 210, 124, 218, 99, 204, 182, 11, 98, 22, 134, 9, 132, 44, 144, 240, 79, 207, 148, 100, 208, 79, 77] justify.view=33 | highest_pc.block=[40, 222, 4, 139, 10, 64, 244, 128, 223, 125, 74, 7, 200, 54, 99, 25, 73, 249, 233, 88, 56, 197, 164, 140, 151, 100, 156, 233, 190, 178, 119, 72] highest_pc.view=41 | locked.block=[32, 146, 60, 33, 159, 201, 242, 11, 240, 162, 183, 138, 34, 150, 161, 6, 81, 240, 99, 174, 127, 20, 90, 210, 234, 33, 94, 36, 196, 136, 168, 50] locked.view=40    
2025-11-12T02:44:09.188124Z  WARN ThreadId(07) docker_node:   Connection reuse ineffective (18.0 msg/conn)
2025-11-12T02:44:11.779346Z  WARN ThreadId(21) hotstuff_runner::tcp_node: Node 0 view 43 timed out; latency may accumulate
2025-11-12T02:44:14.186525Z  WARN ThreadId(07) docker_node:   Connection reuse ineffective (18.0 msg/conn)
2025-11-12T02:44:17.195204Z  WARN ThreadId(20) hotstuff_runner::app: Node 0 [produce_block] queue size: 0, attempting up to 0 transactions this block    
2025-11-12T02:44:19.186375Z  WARN ThreadId(07) docker_node:   Connection reuse ineffective (18.0 msg/conn)
2025-11-12T02:44:24.186667Z  WARN ThreadId(07) docker_node:   Connection reuse ineffective (18.0 msg/conn)
2025-11-12T02:44:29.186200Z  WARN ThreadId(03) docker_node:   Connection reuse ineffective (18.0 msg/conn)
2025-11-12T02:44:34.186522Z  WARN ThreadId(03) docker_node:   Connection reuse ineffective (18.0 msg/conn)
2025-11-12T02:44:34.896317Z  WARN ThreadId(20) hotstuff_runner::app: Node 0 [produce_block] queue size: 0, attempting up to 0 transactions this block    
2025-11-12T02:44:39.186181Z  WARN ThreadId(08) docker_node:   Connection reuse ineffective (18.0 msg/conn)
2025-11-12T02:44:43.352788Z  WARN ThreadId(21) hotstuff_runner::tcp_node: Node 0 view 107 timed out; latency may accumulate
2025-11-12T02:44:44.186134Z  WARN ThreadId(08) docker_node:   Connection reuse ineffective (18.0 msg/conn)
2025-11-12T02:44:44.706748Z  WARN ThreadId(20) hotstuff_runner::app: Node 0 [produce_block] queue size: 0, attempting up to 0 transactions this block    
2025-11-12T02:44:44.706764Z  WARN ThreadId(20) hotstuff_runner::app: Node 0 view(116) far exceeds block count (3); potential sync issue    
2025-11-12T02:44:49.186110Z  WARN ThreadId(08) docker_node:   Connection reuse ineffective (18.0 msg/conn)
2025-11-12T02:44:50.644505Z  WARN ThreadId(20) hotstuff_runner::app: Node 0 [produce_block] queue size: 0, attempting up to 0 transactions this block    
2025-11-12T02:44:50.644530Z  WARN ThreadId(20) hotstuff_runner::app: Node 0 view(148) far exceeds block count (4); potential sync issue    
2025-11-12T02:44:54.186191Z  WARN ThreadId(08) docker_node:   Connection reuse ineffective (18.0 msg/conn)
2025-11-12T02:44:56.548452Z  WARN ThreadId(20) hotstuff_runner::app: Node 0 [produce_block] queue size: 0, attempting up to 0 transactions this block    
2025-11-12T02:44:56.548469Z  WARN ThreadId(20) hotstuff_runner::app: Node 0 view(180) far exceeds block count (5); potential sync issue    
2025-11-12T02:44:59.186369Z  WARN ThreadId(07) docker_node:   Connection reuse ineffective (18.0 msg/conn)
2025-11-12T02:45:02.441138Z  WARN ThreadId(20) hotstuff_runner::app: Node 0 [produce_block] queue size: 0, attempting up to 0 transactions this block    
2025-11-12T02:45:02.441157Z  WARN ThreadId(20) hotstuff_runner::app: Node 0 view(212) far exceeds block count (6); potential sync issue    
2025-11-12T02:45:04.186944Z  WARN ThreadId(07) docker_node:   Connection reuse ineffective (18.0 msg/conn)
2025-11-12T02:45:08.321479Z  WARN ThreadId(20) hotstuff_runner::app: Node 0 [produce_block] queue size: 0, attempting up to 0 transactions this block    
2025-11-12T02:45:08.321496Z  WARN ThreadId(20) hotstuff_runner::app: Node 0 view(244) far exceeds block count (7); potential sync issue    
2025-11-12T02:45:09.186119Z  WARN ThreadId(07) docker_node:   Connection reuse ineffective (18.0 msg/conn)
2025-11-12T02:45:14.186714Z  WARN ThreadId(07) docker_node:   Connection reuse ineffective (18.0 msg/conn)
2025-11-12T02:45:14.271235Z  WARN ThreadId(20) hotstuff_runner::app: Node 0 [produce_block] queue size: 0, attempting up to 0 transactions this block    
2025-11-12T02:45:14.271254Z  WARN ThreadId(20) hotstuff_runner::app: Node 0 view(276) far exceeds block count (8); potential sync issue    
2025-11-12T02:45:19.186197Z  WARN ThreadId(07) docker_node:   Connection reuse ineffective (18.0 msg/conn)
2025-11-12T02:45:20.159615Z  WARN ThreadId(20) hotstuff_runner::app: Node 0 [produce_block] queue size: 0, attempting up to 0 transactions this block    
2025-11-12T02:45:20.159633Z  WARN ThreadId(20) hotstuff_runner::app: Node 0 view(308) far exceeds block count (9); potential sync issue    
