2025-12-06T13:54:42.957095Z  WARN ThreadId(01) docker_node: metrics exporter disabled by SMROL_DISABLE_METRICS
2025-12-06T13:55:03.173176Z  WARN ThreadId(01) hotstuff_runner::tcp_node: Node 0 view timeout set to 5000 ms
2025-12-06T13:55:03.184031Z ERROR ThreadId(22) hotstuff_runner::pompe_network: Node 0 failed to connect to node 4: Connection refused (os error 111)
2025-12-06T13:55:03.184403Z ERROR ThreadId(22) hotstuff_runner::pompe_network: Node 0 failed to connect to node 5: Connection refused (os error 111)
2025-12-06T13:55:03.200263Z  WARN ThreadId(01) hotstuff_runner::smrol::sequencing: SMROL_MEDIAN_INFLIGHT=24, SMROL_ORDER_FINALIZE_INFLIGHT=4, SMROL_FINAL_SIGN_INFLIGHT=4, SMROL_FINAL_VERIFY_INFLIGHT=24
2025-12-06T13:55:03.200312Z  WARN ThreadId(01) hotstuff_runner::smrol::sequencing: [Sequencing] Node 0 multi-signature verification disabled: false
2025-12-06T13:55:03.201133Z  WARN ThreadId(07) hotstuff_runner::smrol::sequencing: [Sequencing] Node 0 final verify dispatcher started
2025-12-06T13:55:03.201143Z  WARN ThreadId(08) docker_node:   Connection reuse ineffective (2.0 msg/conn)
2025-12-06T13:55:03.967379Z ERROR ThreadId(22) hotstuff_runner::pompe_network: Node 0 failed to connect to node 16: Connection refused (os error 111)
2025-12-06T13:55:04.150908Z ERROR ThreadId(22) hotstuff_runner::pompe_network: Node 0 failed to connect to node 17: Connection refused (os error 111)
2025-12-06T13:55:04.334610Z ERROR ThreadId(22) hotstuff_runner::pompe_network: Node 0 failed to connect to node 18: Connection refused (os error 111)
2025-12-06T13:55:04.518214Z ERROR ThreadId(22) hotstuff_runner::pompe_network: Node 0 failed to connect to node 19: Connection refused (os error 111)
2025-12-06T13:55:08.177715Z  WARN ThreadId(21) hotstuff_runner::tcp_node: Node 0 view 0 timed out; latency may accumulate
2025-12-06T13:55:08.200804Z  WARN ThreadId(02) docker_node:   Connection reuse ineffective (2.0 msg/conn)
2025-12-06T13:55:08.203362Z  WARN ThreadId(01) docker_node: Node 0 port 20000 temporarily unreachable: failed to lookup address information: Temporary failure in name resolution
2025-12-06T13:55:08.204909Z  WARN ThreadId(01) docker_node: Node 1 port 20001 temporarily unreachable: failed to lookup address information: Temporary failure in name resolution
2025-12-06T13:55:08.206582Z  WARN ThreadId(01) docker_node: Node 2 port 20002 temporarily unreachable: failed to lookup address information: Temporary failure in name resolution
2025-12-06T13:55:08.208223Z  WARN ThreadId(01) docker_node: Node 3 port 20003 temporarily unreachable: failed to lookup address information: Temporary failure in name resolution
2025-12-06T13:55:08.210015Z  WARN ThreadId(01) docker_node: Node 4 port 20004 temporarily unreachable: failed to lookup address information: Temporary failure in name resolution
2025-12-06T13:55:08.211586Z  WARN ThreadId(01) docker_node: Node 5 port 20005 temporarily unreachable: failed to lookup address information: Temporary failure in name resolution
2025-12-06T13:55:08.213330Z  WARN ThreadId(01) docker_node: Node 6 port 20006 temporarily unreachable: failed to lookup address information: Temporary failure in name resolution
2025-12-06T13:55:08.215054Z  WARN ThreadId(01) docker_node: Node 7 port 20007 temporarily unreachable: failed to lookup address information: Temporary failure in name resolution
2025-12-06T13:55:08.216845Z  WARN ThreadId(01) docker_node: Node 8 port 20008 temporarily unreachable: failed to lookup address information: Temporary failure in name resolution
2025-12-06T13:55:08.218455Z  WARN ThreadId(01) docker_node: Node 9 port 20009 temporarily unreachable: failed to lookup address information: Temporary failure in name resolution
2025-12-06T13:55:08.220163Z  WARN ThreadId(01) docker_node: Node 10 port 20010 temporarily unreachable: failed to lookup address information: Temporary failure in name resolution
2025-12-06T13:55:08.221685Z  WARN ThreadId(01) docker_node: Node 11 port 20011 temporarily unreachable: failed to lookup address information: Temporary failure in name resolution
2025-12-06T13:55:08.223421Z  WARN ThreadId(01) docker_node: Node 12 port 20012 temporarily unreachable: failed to lookup address information: Temporary failure in name resolution
2025-12-06T13:55:08.226350Z  WARN ThreadId(01) docker_node: Node 13 port 20013 temporarily unreachable: failed to lookup address information: Temporary failure in name resolution
2025-12-06T13:55:08.227969Z  WARN ThreadId(01) docker_node: Node 14 port 20014 temporarily unreachable: failed to lookup address information: Temporary failure in name resolution
2025-12-06T13:55:08.229743Z  WARN ThreadId(01) docker_node: Node 15 port 20015 temporarily unreachable: failed to lookup address information: Temporary failure in name resolution
2025-12-06T13:55:08.231436Z  WARN ThreadId(01) docker_node: Node 16 port 20016 temporarily unreachable: failed to lookup address information: Temporary failure in name resolution
2025-12-06T13:55:08.233084Z  WARN ThreadId(01) docker_node: Node 17 port 20017 temporarily unreachable: failed to lookup address information: Temporary failure in name resolution
2025-12-06T13:55:08.234700Z  WARN ThreadId(01) docker_node: Node 18 port 20018 temporarily unreachable: failed to lookup address information: Temporary failure in name resolution
2025-12-06T13:55:08.236294Z  WARN ThreadId(01) docker_node: Node 19 port 20019 temporarily unreachable: failed to lookup address information: Temporary failure in name resolution
2025-12-06T13:55:08.238047Z  WARN ThreadId(01) docker_node: Node 20 port 20020 temporarily unreachable: failed to lookup address information: Temporary failure in name resolution
2025-12-06T13:55:08.239649Z  WARN ThreadId(01) docker_node: Node 21 port 20021 temporarily unreachable: failed to lookup address information: Temporary failure in name resolution
2025-12-06T13:55:08.241285Z  WARN ThreadId(01) docker_node: Node 22 port 20022 temporarily unreachable: failed to lookup address information: Temporary failure in name resolution
2025-12-06T13:55:08.243011Z  WARN ThreadId(01) docker_node: Node 23 port 20023 temporarily unreachable: failed to lookup address information: Temporary failure in name resolution
2025-12-06T13:55:08.245146Z  WARN ThreadId(01) docker_node: Node 24 port 20024 temporarily unreachable: failed to lookup address information: Temporary failure in name resolution
2025-12-06T13:55:08.246959Z  WARN ThreadId(01) docker_node: Node 25 port 20025 temporarily unreachable: failed to lookup address information: Temporary failure in name resolution
2025-12-06T13:55:08.248586Z  WARN ThreadId(01) docker_node: Node 26 port 20026 temporarily unreachable: failed to lookup address information: Temporary failure in name resolution
2025-12-06T13:55:08.250185Z  WARN ThreadId(01) docker_node: Node 27 port 20027 temporarily unreachable: failed to lookup address information: Temporary failure in name resolution
2025-12-06T13:55:08.251805Z  WARN ThreadId(01) docker_node: Node 28 port 20028 temporarily unreachable: failed to lookup address information: Temporary failure in name resolution
2025-12-06T13:55:08.253504Z  WARN ThreadId(01) docker_node: Node 29 port 20029 temporarily unreachable: failed to lookup address information: Temporary failure in name resolution
2025-12-06T13:55:08.255215Z  WARN ThreadId(01) docker_node: Node 30 port 20030 temporarily unreachable: failed to lookup address information: Temporary failure in name resolution
2025-12-06T13:55:08.257123Z  WARN ThreadId(01) docker_node: Node 31 port 20031 temporarily unreachable: failed to lookup address information: Temporary failure in name resolution
2025-12-06T13:55:08.258755Z  WARN ThreadId(01) docker_node: Node 32 port 20032 temporarily unreachable: failed to lookup address information: Temporary failure in name resolution
2025-12-06T13:55:08.260430Z  WARN ThreadId(01) docker_node: Node 33 port 20033 temporarily unreachable: failed to lookup address information: Temporary failure in name resolution
2025-12-06T13:55:08.262052Z  WARN ThreadId(01) docker_node: Node 34 port 20034 temporarily unreachable: failed to lookup address information: Temporary failure in name resolution
2025-12-06T13:55:08.263650Z  WARN ThreadId(01) docker_node: Node 35 port 20035 temporarily unreachable: failed to lookup address information: Temporary failure in name resolution
2025-12-06T13:55:08.265254Z  WARN ThreadId(01) docker_node: Node 36 port 20036 temporarily unreachable: failed to lookup address information: Temporary failure in name resolution
2025-12-06T13:55:08.266959Z  WARN ThreadId(01) docker_node: Node 37 port 20037 temporarily unreachable: failed to lookup address information: Temporary failure in name resolution
2025-12-06T13:55:08.269651Z  WARN ThreadId(01) docker_node: Node 38 port 20038 temporarily unreachable: failed to lookup address information: Temporary failure in name resolution
2025-12-06T13:55:08.272508Z  WARN ThreadId(01) docker_node: Node 39 port 20039 temporarily unreachable: failed to lookup address information: Temporary failure in name resolution
2025-12-06T13:55:08.274591Z  WARN ThreadId(01) docker_node: Node 40 port 20040 temporarily unreachable: failed to lookup address information: Temporary failure in name resolution
2025-12-06T13:55:08.276284Z  WARN ThreadId(01) docker_node: Node 41 port 20041 temporarily unreachable: failed to lookup address information: Temporary failure in name resolution
2025-12-06T13:55:08.278102Z  WARN ThreadId(01) docker_node: Node 42 port 20042 temporarily unreachable: failed to lookup address information: Temporary failure in name resolution
2025-12-06T13:55:08.279627Z  WARN ThreadId(01) docker_node: Node 43 port 20043 temporarily unreachable: failed to lookup address information: Temporary failure in name resolution
2025-12-06T13:55:08.281325Z  WARN ThreadId(01) docker_node: Node 44 port 20044 temporarily unreachable: failed to lookup address information: Temporary failure in name resolution
2025-12-06T13:55:08.283558Z  WARN ThreadId(01) docker_node: Node 45 port 20045 temporarily unreachable: failed to lookup address information: Temporary failure in name resolution
2025-12-06T13:55:08.285394Z  WARN ThreadId(01) docker_node: Node 46 port 20046 temporarily unreachable: failed to lookup address information: Temporary failure in name resolution
2025-12-06T13:55:08.287222Z  WARN ThreadId(01) docker_node: Node 47 port 20047 temporarily unreachable: failed to lookup address information: Temporary failure in name resolution
2025-12-06T13:55:08.288917Z  WARN ThreadId(01) docker_node: Node 48 port 20048 temporarily unreachable: failed to lookup address information: Temporary failure in name resolution
2025-12-06T13:55:08.290490Z  WARN ThreadId(01) docker_node: Node 49 port 20049 temporarily unreachable: failed to lookup address information: Temporary failure in name resolution
2025-12-06T13:55:08.292029Z  WARN ThreadId(01) docker_node: Node 50 port 20050 temporarily unreachable: failed to lookup address information: Temporary failure in name resolution
2025-12-06T13:55:08.293634Z  WARN ThreadId(01) docker_node: Node 51 port 20051 temporarily unreachable: failed to lookup address information: Temporary failure in name resolution
2025-12-06T13:55:08.295428Z  WARN ThreadId(01) docker_node: Node 52 port 20052 temporarily unreachable: failed to lookup address information: Temporary failure in name resolution
2025-12-06T13:55:08.297096Z  WARN ThreadId(01) docker_node: Node 53 port 20053 temporarily unreachable: failed to lookup address information: Temporary failure in name resolution
2025-12-06T13:55:08.298910Z  WARN ThreadId(01) docker_node: Node 54 port 20054 temporarily unreachable: failed to lookup address information: Temporary failure in name resolution
2025-12-06T13:55:08.300469Z  WARN ThreadId(01) docker_node: Node 55 port 20055 temporarily unreachable: failed to lookup address information: Temporary failure in name resolution
2025-12-06T13:55:08.301896Z  WARN ThreadId(01) docker_node: Node 56 port 20056 temporarily unreachable: failed to lookup address information: Temporary failure in name resolution
2025-12-06T13:55:08.303575Z  WARN ThreadId(01) docker_node: Node 57 port 20057 temporarily unreachable: failed to lookup address information: Temporary failure in name resolution
2025-12-06T13:55:08.305085Z  WARN ThreadId(01) docker_node: Node 58 port 20058 temporarily unreachable: failed to lookup address information: Temporary failure in name resolution
2025-12-06T13:55:08.306715Z  WARN ThreadId(01) docker_node: Node 59 port 20059 temporarily unreachable: failed to lookup address information: Temporary failure in name resolution
2025-12-06T13:55:08.308404Z  WARN ThreadId(01) docker_node: Node 60 port 20060 temporarily unreachable: failed to lookup address information: Temporary failure in name resolution
2025-12-06T13:55:08.310027Z  WARN ThreadId(01) docker_node: Node 61 port 20061 temporarily unreachable: failed to lookup address information: Temporary failure in name resolution
2025-12-06T13:55:08.517076Z ERROR ThreadId(22) hotstuff_runner::pompe_network: Node 0 failed to connect to node 52: Connection refused (os error 111)
2025-12-06T13:55:13.201422Z  WARN ThreadId(02) docker_node:   Connection reuse ineffective (2.0 msg/conn)
2025-12-06T13:55:18.200748Z  WARN ThreadId(02) docker_node:   Connection reuse ineffective (2.0 msg/conn)
2025-12-06T13:55:21.320542Z  WARN ThreadId(20) hotstuff_runner::app: Node 0 [produce_block] queue size: 0, attempting up to 0 transactions this block    
2025-12-06T13:55:23.201150Z  WARN ThreadId(02) docker_node:   Connection reuse ineffective (2.0 msg/conn)
2025-12-06T13:55:28.201185Z  WARN ThreadId(02) docker_node:   Connection reuse ineffective (2.0 msg/conn)
2025-12-06T13:55:33.200892Z  WARN ThreadId(02) docker_node:   Connection reuse ineffective (2.0 msg/conn)
2025-12-06T13:55:38.201653Z  WARN ThreadId(08) docker_node:   Connection reuse ineffective (2.0 msg/conn)
2025-12-06T13:55:40.275763Z  WARN ThreadId(24) hotstuff_runner::smrol::network: ⚠️ Large message: 3000169 bytes to node Some(10)
2025-12-06T13:55:40.280463Z  WARN ThreadId(24) hotstuff_runner::smrol::network: ⚠️ Large message: 3000168 bytes to node Some(1)
2025-12-06T13:55:40.282242Z  WARN ThreadId(24) hotstuff_runner::smrol::network: ⚠️ Large message: 3000169 bytes to node Some(27)
2025-12-06T13:55:40.284145Z  WARN ThreadId(24) hotstuff_runner::smrol::network: ⚠️ Large message: 3000168 bytes to node Some(4)
2025-12-06T13:55:40.285973Z  WARN ThreadId(24) hotstuff_runner::smrol::network: ⚠️ Large message: 3000169 bytes to node Some(14)
2025-12-06T13:55:40.287722Z  WARN ThreadId(24) hotstuff_runner::smrol::network: ⚠️ Large message: 3000169 bytes to node Some(37)
2025-12-06T13:55:40.289627Z  WARN ThreadId(24) hotstuff_runner::smrol::network: ⚠️ Large message: 3000169 bytes to node Some(39)
2025-12-06T13:55:40.291454Z  WARN ThreadId(24) hotstuff_runner::smrol::network: ⚠️ Large message: 3000169 bytes to node Some(24)
2025-12-06T13:55:40.293250Z  WARN ThreadId(24) hotstuff_runner::smrol::network: ⚠️ Large message: 3000169 bytes to node Some(32)
2025-12-06T13:55:40.295136Z  WARN ThreadId(24) hotstuff_runner::smrol::network: ⚠️ Large message: 3000169 bytes to node Some(40)
2025-12-06T13:55:40.299119Z  WARN ThreadId(24) hotstuff_runner::smrol::network: ⚠️ Large message: 3000169 bytes to node Some(11)
2025-12-06T13:55:40.299448Z  WARN ThreadId(24) hotstuff_runner::smrol::network: ⚠️ [Check] Writer 0 -> 4 slow write: 17.07444ms
2025-12-06T13:55:40.301471Z  WARN ThreadId(24) hotstuff_runner::smrol::network: ⚠️ [Check] Writer 0 -> 1 slow write: 22.699868ms
2025-12-06T13:55:40.304040Z  WARN ThreadId(24) hotstuff_runner::smrol::network: ⚠️ Large message: 3000169 bytes to node Some(33)
2025-12-06T13:55:40.305770Z  WARN ThreadId(24) hotstuff_runner::smrol::network: ⚠️ Large message: 3000169 bytes to node Some(34)
2025-12-06T13:55:40.307609Z  WARN ThreadId(24) hotstuff_runner::smrol::network: ⚠️ Large message: 3000169 bytes to node Some(54)
2025-12-06T13:55:40.307972Z  WARN ThreadId(24) hotstuff_runner::smrol::network: ⚠️ Large message: 3000168 bytes to node Some(3)
2025-12-06T13:55:40.310705Z  WARN ThreadId(24) hotstuff_runner::smrol::network: ⚠️ Large message: 3000169 bytes to node Some(29)
2025-12-06T13:55:40.312486Z  WARN ThreadId(24) hotstuff_runner::smrol::network: ⚠️ Large message: 3000168 bytes to node Some(2)
2025-12-06T13:55:40.314294Z  WARN ThreadId(24) hotstuff_runner::smrol::network: ⚠️ Large message: 3000169 bytes to node Some(50)
2025-12-06T13:55:40.316308Z  WARN ThreadId(24) hotstuff_runner::smrol::network: ⚠️ Large message: 3000169 bytes to node Some(25)
2025-12-06T13:55:40.317985Z  WARN ThreadId(24) hotstuff_runner::smrol::network: ⚠️ Large message: 3000169 bytes to node Some(53)
2025-12-06T13:55:40.319758Z  WARN ThreadId(24) hotstuff_runner::smrol::network: ⚠️ Large message: 3000168 bytes to node Some(9)
2025-12-06T13:55:40.321450Z  WARN ThreadId(24) hotstuff_runner::smrol::network: ⚠️ Large message: 3000169 bytes to node Some(18)
2025-12-06T13:55:40.323195Z  WARN ThreadId(24) hotstuff_runner::smrol::network: ⚠️ Large message: 3000169 bytes to node Some(57)
2025-12-06T13:55:40.324992Z  WARN ThreadId(24) hotstuff_runner::smrol::network: ⚠️ Large message: 3000169 bytes to node Some(17)
2025-12-06T13:55:40.326766Z  WARN ThreadId(24) hotstuff_runner::smrol::network: ⚠️ Large message: 3000169 bytes to node Some(20)
2025-12-06T13:55:40.328551Z  WARN ThreadId(24) hotstuff_runner::smrol::network: ⚠️ Large message: 3000169 bytes to node Some(35)
2025-12-06T13:55:40.330275Z  WARN ThreadId(24) hotstuff_runner::smrol::network: ⚠️ Large message: 3000169 bytes to node Some(26)
2025-12-06T13:55:40.331991Z  WARN ThreadId(24) hotstuff_runner::smrol::network: ⚠️ Large message: 3000168 bytes to node Some(8)
2025-12-06T13:55:40.333740Z  WARN ThreadId(24) hotstuff_runner::smrol::network: ⚠️ Large message: 3000169 bytes to node Some(49)
2025-12-06T13:55:40.335443Z  WARN ThreadId(24) hotstuff_runner::smrol::network: ⚠️ Large message: 3000168 bytes to node Some(6)
2025-12-06T13:55:40.337189Z  WARN ThreadId(24) hotstuff_runner::smrol::network: ⚠️ Large message: 3000169 bytes to node Some(48)
2025-12-06T13:55:40.338954Z  WARN ThreadId(24) hotstuff_runner::smrol::network: ⚠️ Large message: 3000168 bytes to node Some(7)
2025-12-06T13:55:40.340688Z  WARN ThreadId(24) hotstuff_runner::smrol::network: ⚠️ Large message: 3000169 bytes to node Some(19)
2025-12-06T13:55:40.342505Z  WARN ThreadId(24) hotstuff_runner::smrol::network: ⚠️ Large message: 3000169 bytes to node Some(28)
2025-12-06T13:55:40.344259Z  WARN ThreadId(24) hotstuff_runner::smrol::network: ⚠️ Large message: 3000169 bytes to node Some(61)
2025-12-06T13:55:40.346117Z  WARN ThreadId(24) hotstuff_runner::smrol::network: ⚠️ Large message: 3000169 bytes to node Some(15)
2025-12-06T13:55:40.347844Z  WARN ThreadId(24) hotstuff_runner::smrol::network: ⚠️ Large message: 3000169 bytes to node Some(23)
2025-12-06T13:55:40.349581Z  WARN ThreadId(24) hotstuff_runner::smrol::network: ⚠️ Large message: 3000169 bytes to node Some(22)
2025-12-06T13:55:40.351350Z  WARN ThreadId(24) hotstuff_runner::smrol::network: ⚠️ Large message: 3000169 bytes to node Some(46)
2025-12-06T13:55:40.353113Z  WARN ThreadId(24) hotstuff_runner::smrol::network: ⚠️ Large message: 3000169 bytes to node Some(38)
2025-12-06T13:55:40.354811Z  WARN ThreadId(24) hotstuff_runner::smrol::network: ⚠️ Large message: 3000169 bytes to node Some(59)
2025-12-06T13:55:40.356621Z  WARN ThreadId(24) hotstuff_runner::smrol::network: ⚠️ Large message: 3000169 bytes to node Some(13)
2025-12-06T13:55:40.358345Z  WARN ThreadId(24) hotstuff_runner::smrol::network: ⚠️ Large message: 3000169 bytes to node Some(58)
2025-12-06T13:55:40.360093Z  WARN ThreadId(24) hotstuff_runner::smrol::network: ⚠️ Large message: 3000169 bytes to node Some(16)
2025-12-06T13:55:40.361828Z  WARN ThreadId(24) hotstuff_runner::smrol::network: ⚠️ Large message: 3000169 bytes to node Some(42)
2025-12-06T13:55:40.363618Z  WARN ThreadId(24) hotstuff_runner::smrol::network: ⚠️ Large message: 3000169 bytes to node Some(60)
2025-12-06T13:55:40.365356Z  WARN ThreadId(24) hotstuff_runner::smrol::network: ⚠️ Large message: 3000169 bytes to node Some(51)
2025-12-06T13:55:40.367093Z  WARN ThreadId(24) hotstuff_runner::smrol::network: ⚠️ Large message: 3000169 bytes to node Some(30)
2025-12-06T13:55:40.368799Z  WARN ThreadId(24) hotstuff_runner::smrol::network: ⚠️ Large message: 3000168 bytes to node Some(5)
2025-12-06T13:55:40.370559Z  WARN ThreadId(24) hotstuff_runner::smrol::network: ⚠️ Large message: 3000169 bytes to node Some(55)
2025-12-06T13:55:40.372296Z  WARN ThreadId(24) hotstuff_runner::smrol::network: ⚠️ Large message: 3000169 bytes to node Some(31)
2025-12-06T13:55:40.373038Z  WARN ThreadId(25) hotstuff_runner::smrol::network: ⚠️ Large message: 3000169 bytes to node Some(36)
2025-12-06T13:55:40.374081Z  WARN ThreadId(24) hotstuff_runner::smrol::network: ⚠️ Large message: 3000169 bytes to node Some(12)
2025-12-06T13:55:40.375061Z  WARN ThreadId(25) hotstuff_runner::smrol::network: ⚠️ Large message: 3000169 bytes to node Some(21)
2025-12-06T13:55:40.376077Z  WARN ThreadId(24) hotstuff_runner::smrol::network: ⚠️ [Check] Writer 0 -> 3 slow write: 68.380411ms
2025-12-06T13:55:40.376994Z  WARN ThreadId(25) hotstuff_runner::smrol::network: ⚠️ Large message: 3000169 bytes to node Some(47)
2025-12-06T13:55:40.377917Z  WARN ThreadId(25) hotstuff_runner::smrol::network: ⚠️ [Check] Writer 0 -> 2 slow write: 67.082661ms
2025-12-06T13:55:40.385946Z  WARN ThreadId(24) hotstuff_runner::smrol::network: ⚠️ Large message: 3000169 bytes to node Some(43)
2025-12-06T13:55:40.387796Z  WARN ThreadId(24) hotstuff_runner::smrol::network: ⚠️ Large message: 3000169 bytes to node Some(41)
2025-12-06T13:55:40.391117Z  WARN ThreadId(25) hotstuff_runner::smrol::network: ⚠️ Large message: 3000169 bytes to node Some(45)
2025-12-06T13:55:40.400663Z  WARN ThreadId(24) hotstuff_runner::smrol::network: ⚠️ Large message: 3000169 bytes to node Some(44)
2025-12-06T13:55:40.402641Z  WARN ThreadId(24) hotstuff_runner::smrol::network: ⚠️ [Check] Writer 0 -> 37 slow write: 116.531479ms
2025-12-06T13:55:40.403324Z  WARN ThreadId(24) hotstuff_runner::smrol::network: ⚠️ [Check] Writer 0 -> 40 slow write: 109.848297ms
2025-12-06T13:55:40.403624Z  WARN ThreadId(24) hotstuff_runner::smrol::network: ⚠️ [Check] Writer 0 -> 39 slow write: 115.733132ms
2025-12-06T13:55:40.411791Z  WARN ThreadId(24) hotstuff_runner::smrol::network: ⚠️ Large message: 3000169 bytes to node Some(56)
2025-12-06T13:55:40.438090Z  WARN ThreadId(24) hotstuff_runner::smrol::network: ⚠️ [Check] Writer 0 -> 38 slow write: 86.634437ms
2025-12-06T13:55:40.449410Z  WARN ThreadId(24) hotstuff_runner::smrol::network: ⚠️ Large message: 3000169 bytes to node Some(52)
2025-12-06T13:55:40.457354Z  WARN ThreadId(24) hotstuff_runner::smrol::network: ⚠️ [Check] Writer 0 -> 36 slow write: 85.929261ms
2025-12-06T13:55:40.484770Z  WARN ThreadId(24) hotstuff_runner::smrol::network: ⚠️ [Check] Writer 0 -> 5 slow write: 117.506701ms
2025-12-06T13:55:40.635473Z  WARN ThreadId(24) hotstuff_runner::smrol::network: ⚠️ [Check] Writer 0 -> 10 slow write: 361.51088ms
2025-12-06T13:55:40.645042Z  WARN ThreadId(24) hotstuff_runner::smrol::network: ⚠️ [Check] Writer 0 -> 14 slow write: 360.590619ms
2025-12-06T13:55:40.662921Z  WARN ThreadId(24) hotstuff_runner::smrol::network: ⚠️ [Check] Writer 0 -> 11 slow write: 365.529762ms
2025-12-06T13:55:40.679613Z  WARN ThreadId(24) hotstuff_runner::smrol::network: ⚠️ [Check] Writer 0 -> 9 slow write: 361.5385ms
2025-12-06T13:55:40.686171Z  WARN ThreadId(25) hotstuff_runner::smrol::network: ⚠️ [Check] Writer 0 -> 6 slow write: 352.31305ms
2025-12-06T13:55:40.692508Z  WARN ThreadId(24) hotstuff_runner::smrol::network: ⚠️ [Check] Writer 0 -> 8 slow write: 362.048512ms
2025-12-06T13:55:40.699080Z  WARN ThreadId(25) hotstuff_runner::smrol::network: ⚠️ [Check] Writer 0 -> 7 slow write: 361.822077ms
2025-12-06T13:55:40.705531Z  WARN ThreadId(24) hotstuff_runner::smrol::network: ⚠️ [Check] Writer 0 -> 15 slow write: 361.189553ms
2025-12-06T13:55:40.716034Z  WARN ThreadId(25) hotstuff_runner::smrol::network: ⚠️ [Check] Writer 0 -> 13 slow write: 361.152111ms
2025-12-06T13:55:40.718788Z  WARN ThreadId(25) hotstuff_runner::smrol::network: ⚠️ [Check] Writer 0 -> 50 slow write: 406.161158ms
2025-12-06T13:55:40.735591Z  WARN ThreadId(24) hotstuff_runner::smrol::network: ⚠️ [Check] Writer 0 -> 12 slow write: 363.158448ms
2025-12-06T13:55:40.740539Z  WARN ThreadId(25) hotstuff_runner::smrol::network: ⚠️ [Check] Writer 0 -> 49 slow write: 408.464901ms
2025-12-06T13:55:40.746096Z  WARN ThreadId(25) hotstuff_runner::smrol::network: ⚠️ [Check] Writer 0 -> 48 slow write: 410.429506ms
2025-12-06T13:55:40.757781Z  WARN ThreadId(25) hotstuff_runner::smrol::network: ⚠️ [Check] Writer 0 -> 46 slow write: 408.133713ms
2025-12-06T13:55:40.761854Z  WARN ThreadId(24) hotstuff_runner::smrol::network: ⚠️ [Check] Writer 0 -> 54 slow write: 455.994456ms
2025-12-06T13:55:40.773595Z  WARN ThreadId(25) hotstuff_runner::smrol::network: ⚠️ [Check] Writer 0 -> 51 slow write: 409.859944ms
2025-12-06T13:55:40.787984Z  WARN ThreadId(24) hotstuff_runner::smrol::network: ⚠️ [Check] Writer 0 -> 47 slow write: 412.682527ms
2025-12-06T13:55:40.828670Z  WARN ThreadId(24) hotstuff_runner::smrol::network: ⚠️ [Check] Writer 0 -> 55 slow write: 459.65962ms
2025-12-06T13:55:40.847623Z  WARN ThreadId(24) hotstuff_runner::smrol::network: ⚠️ [Check] Writer 0 -> 53 slow write: 531.237933ms
2025-12-06T13:55:40.906181Z  WARN ThreadId(25) hotstuff_runner::smrol::network: ⚠️ [Check] Writer 0 -> 42 slow write: 546.017241ms
2025-12-06T13:55:40.907202Z  WARN ThreadId(24) hotstuff_runner::smrol::network: ⚠️ [Check] Writer 0 -> 52 slow write: 458.070344ms
2025-12-06T13:55:40.928374Z  WARN ThreadId(25) hotstuff_runner::smrol::network: ⚠️ [Check] Writer 0 -> 41 slow write: 542.279625ms
2025-12-06T13:55:40.931018Z  WARN ThreadId(25) hotstuff_runner::smrol::network: ⚠️ [Check] Writer 0 -> 43 slow write: 546.88477ms
2025-12-06T13:55:40.937591Z  WARN ThreadId(25) hotstuff_runner::smrol::network: ⚠️ [Check] Writer 0 -> 45 slow write: 549.48481ms
2025-12-06T13:55:40.945185Z  WARN ThreadId(25) hotstuff_runner::smrol::network: ⚠️ [Check] Writer 0 -> 44 slow write: 546.309027ms
2025-12-06T13:55:41.006689Z  WARN ThreadId(25) hotstuff_runner::smrol::network: ⚠️ [Check] Writer 0 -> 61 slow write: 664.087684ms
2025-12-06T13:55:41.024547Z  WARN ThreadId(25) hotstuff_runner::smrol::network: ⚠️ [Check] Writer 0 -> 58 slow write: 667.83291ms
2025-12-06T13:55:41.028307Z  WARN ThreadId(24) hotstuff_runner::smrol::network: ⚠️ [Check] Writer 0 -> 60 slow write: 666.368707ms
2025-12-06T13:55:41.078911Z  WARN ThreadId(24) hotstuff_runner::smrol::network: ⚠️ [Check] Writer 0 -> 56 slow write: 667.432771ms
2025-12-06T13:55:41.108837Z  WARN ThreadId(24) hotstuff_runner::smrol::network: ⚠️ [Check] Writer 0 -> 57 slow write: 787.301377ms
2025-12-06T13:55:41.143624Z  WARN ThreadId(24) hotstuff_runner::smrol::network: ⚠️ [Check] Writer 0 -> 59 slow write: 790.438068ms
2025-12-06T13:55:41.195523Z  WARN ThreadId(24) hotstuff_runner::smrol::network: ⚠️ [Check] Writer 0 -> 34 slow write: 891.353571ms
2025-12-06T13:55:41.204893Z  WARN ThreadId(24) hotstuff_runner::smrol::network: ⚠️ [Check] Writer 0 -> 32 slow write: 913.334673ms
2025-12-06T13:55:41.215839Z  WARN ThreadId(24) hotstuff_runner::smrol::network: ⚠️ [Check] Writer 0 -> 35 slow write: 888.989877ms
2025-12-06T13:55:41.238820Z  WARN ThreadId(24) hotstuff_runner::smrol::network: ⚠️ [Check] Writer 0 -> 31 slow write: 868.174733ms
2025-12-06T13:55:41.329727Z  WARN ThreadId(25) hotstuff_runner::smrol::network: ⚠️ [Check] Writer 0 -> 33 slow write: 1.027359605s
2025-12-06T13:55:41.423822Z  WARN ThreadId(24) hotstuff_runner::smrol::network: ⚠️ [Check] Writer 0 -> 18 slow write: 1.103937603s
2025-12-06T13:55:41.427280Z  WARN ThreadId(24) hotstuff_runner::smrol::network: ⚠️ [Check] Writer 0 -> 17 slow write: 1.103964924s
2025-12-06T13:55:41.434112Z  WARN ThreadId(25) hotstuff_runner::smrol::network: ⚠️ [Check] Writer 0 -> 20 slow write: 1.108941537s
2025-12-06T13:55:41.465174Z  WARN ThreadId(24) hotstuff_runner::smrol::network: ⚠️ [Check] Writer 0 -> 16 slow write: 1.106709585s
2025-12-06T13:55:41.483307Z  WARN ThreadId(25) hotstuff_runner::smrol::network: ⚠️ [Check] Writer 0 -> 27 slow write: 1.202750167s
2025-12-06T13:55:41.512737Z  WARN ThreadId(25) hotstuff_runner::smrol::network: ⚠️ [Check] Writer 0 -> 19 slow write: 1.173659454s
2025-12-06T13:55:41.516597Z  WARN ThreadId(24) hotstuff_runner::smrol::network: ⚠️ [Check] Writer 0 -> 26 slow write: 1.1879651s
2025-12-06T13:55:41.530311Z  WARN ThreadId(24) hotstuff_runner::smrol::network: ⚠️ [Check] Writer 0 -> 28 slow write: 1.189502025s
2025-12-06T13:55:41.543401Z  WARN ThreadId(24) hotstuff_runner::smrol::network: ⚠️ [Check] Writer 0 -> 30 slow write: 1.177959641s
2025-12-06T13:55:41.590749Z  WARN ThreadId(25) hotstuff_runner::smrol::network: ⚠️ [Check] Writer 0 -> 24 slow write: 1.300997999s
2025-12-06T13:55:41.597346Z  WARN ThreadId(24) hotstuff_runner::smrol::network: ⚠️ [Check] Writer 0 -> 25 slow write: 1.282678491s
2025-12-06T13:55:41.627633Z  WARN ThreadId(25) hotstuff_runner::smrol::network: ⚠️ [Check] Writer 0 -> 22 slow write: 1.279701633s
2025-12-06T13:55:41.672631Z  WARN ThreadId(24) hotstuff_runner::smrol::network: ⚠️ [Check] Writer 0 -> 23 slow write: 1.326422859s
2025-12-06T13:55:41.693120Z  WARN ThreadId(24) hotstuff_runner::smrol::network: ⚠️ [Check] Writer 0 -> 29 slow write: 1.384038855s
2025-12-06T13:55:41.843788Z  WARN ThreadId(25) hotstuff_runner::smrol::network: ⚠️ [Check] Writer 0 -> 21 slow write: 1.470653901s
2025-12-06T13:55:43.201477Z  WARN ThreadId(09) docker_node:   Connection reuse ineffective (2.0 msg/conn)
2025-12-06T13:55:43.311115Z  WARN ThreadId(09) docker_node: Node 0 Regular transaction queue backlog: 610544 transactions
2025-12-06T13:55:47.721621Z  WARN ThreadId(20) hotstuff_runner::app: Node 0 [produce_block] queue size: 884235, attempting up to 180000 transactions this block    
2025-12-06T13:55:48.201556Z  WARN ThreadId(03) docker_node: HotStuff processing bottleneck detected:
2025-12-06T13:55:48.201580Z  WARN ThreadId(03) docker_node:    - HotStuff queue backlog: 610544 transactions
2025-12-06T13:55:48.201588Z  WARN ThreadId(03) docker_node:    - Confirmation TPS (0.0) much lower than submission TPS (0.1)
2025-12-06T13:55:48.201594Z  WARN ThreadId(03) docker_node:    - Possible cause: HotStuff consensus network delay or block size limitation
2025-12-06T13:55:48.201608Z  WARN ThreadId(03) docker_node:   Connection reuse ineffective (2.0 msg/conn)
2025-12-06T13:55:48.310804Z  WARN ThreadId(08) docker_node: Node 0 Regular transaction queue backlog: 620021 transactions
2025-12-06T13:55:53.200835Z  WARN ThreadId(07) docker_node:   Connection reuse ineffective (2.0 msg/conn)
2025-12-06T13:55:53.310916Z  WARN ThreadId(02) docker_node: Node 0 Regular transaction queue backlog: 788449 transactions
2025-12-06T13:55:58.201022Z  WARN ThreadId(09) docker_node:   Connection reuse ineffective (2.0 msg/conn)
2025-12-06T13:55:58.310952Z  WARN ThreadId(08) docker_node: Node 0 Regular transaction queue backlog: 988455 transactions
2025-12-06T13:56:03.200670Z  WARN ThreadId(03) docker_node:   Connection reuse ineffective (2.0 msg/conn)
2025-12-06T13:56:03.310865Z  WARN ThreadId(09) docker_node: Node 0 Regular transaction queue backlog: 1220042 transactions
2025-12-06T13:56:08.201593Z  WARN ThreadId(08) docker_node:   Connection reuse ineffective (2.0 msg/conn)
2025-12-06T13:56:08.292139Z  WARN ThreadId(21) hotstuff_runner::tcp_node: Node 0 view 105 timed out; latency may accumulate
2025-12-06T13:56:08.311519Z  WARN ThreadId(08) docker_node: Node 0 Regular transaction queue backlog: 1883216 transactions
2025-12-06T13:56:10.749169Z  WARN ThreadId(20) hotstuff_rs::block_tree::invariants: SAFE_PC_FAIL: pc.block=[157, 245, 117, 27, 198, 136, 187, 37, 118, 157, 116, 221, 151, 51, 182, 95, 189, 238, 40, 68, 218, 100, 22, 156, 87, 105, 54, 194, 221, 249, 159, 121] view=96 phase=Generic | cond1(chain_id/genesis)=true (pc.chain_id=0, my.chain_id=0) | cond2(block_exists/genesis)=true (exists=true) | cond3(view>locked || extends)=false (pc.view=96, locked.view=103, extends=false) | cond4(phase/updates)=true (phase_special=false, has_updates=false) | highest_pc.block=[21, 239, 64, 95, 11, 216, 63, 88, 5, 15, 11, 148, 228, 178, 143, 175, 92, 191, 99, 40, 183, 177, 16, 84, 17, 172, 122, 11, 214, 52, 106, 32] highest_pc.view=104 locked.block=[149, 1, 76, 220, 12, 167, 21, 235, 193, 171, 220, 94, 189, 178, 188, 118, 254, 231, 71, 145, 167, 18, 144, 48, 77, 96, 237, 134, 204, 63, 140, 147] locked.view=103    
2025-12-06T13:56:10.749234Z  WARN ThreadId(20) hotstuff_rs::block_tree::invariants: SAFE_BLOCK_FAIL: block=[24, 183, 65, 185, 191, 241, 83, 153, 3, 92, 205, 230, 111, 228, 86, 21, 14, 194, 131, 144, 125, 129, 170, 97, 206, 151, 88, 241, 90, 212, 170, 73] height=None | cond1(safe_pc)=false | cond2(is_block_justify)=true (justify.phase=Generic) | justify.block=[157, 245, 117, 27, 198, 136, 187, 37, 118, 157, 116, 221, 151, 51, 182, 95, 189, 238, 40, 68, 218, 100, 22, 156, 87, 105, 54, 194, 221, 249, 159, 121] justify.view=96 | highest_pc.block=[21, 239, 64, 95, 11, 216, 63, 88, 5, 15, 11, 148, 228, 178, 143, 175, 92, 191, 99, 40, 183, 177, 16, 84, 17, 172, 122, 11, 214, 52, 106, 32] highest_pc.view=104 | locked.block=[149, 1, 76, 220, 12, 167, 21, 235, 193, 171, 220, 94, 189, 178, 188, 118, 254, 231, 71, 145, 167, 18, 144, 48, 77, 96, 237, 134, 204, 63, 140, 147] locked.view=103    
2025-12-06T13:56:13.201089Z  WARN ThreadId(02) docker_node:   Connection reuse ineffective (2.0 msg/conn)
2025-12-06T13:56:13.293856Z  WARN ThreadId(21) hotstuff_runner::tcp_node: Node 0 view 106 timed out; latency may accumulate
2025-12-06T13:56:13.310666Z  WARN ThreadId(03) docker_node: Node 0 Regular transaction queue backlog: 2430601 transactions
2025-12-06T13:56:17.159107Z  WARN ThreadId(24) hotstuff_runner::smrol::network: ⚠️ Large message: 2400169 bytes to node Some(10)
2025-12-06T13:56:17.160095Z  WARN ThreadId(24) hotstuff_runner::smrol::network: ⚠️ Large message: 2400169 bytes to node Some(40)
2025-12-06T13:56:17.160822Z  WARN ThreadId(24) hotstuff_runner::smrol::network: ⚠️ Large message: 2400169 bytes to node Some(47)
2025-12-06T13:56:17.161539Z  WARN ThreadId(24) hotstuff_runner::smrol::network: ⚠️ Large message: 2400169 bytes to node Some(14)
2025-12-06T13:56:17.162266Z  WARN ThreadId(24) hotstuff_runner::smrol::network: ⚠️ Large message: 2400168 bytes to node Some(1)
2025-12-06T13:56:17.162908Z  WARN ThreadId(24) hotstuff_runner::smrol::network: ⚠️ Large message: 2400169 bytes to node Some(27)
2025-12-06T13:56:17.163698Z  WARN ThreadId(24) hotstuff_runner::smrol::network: ⚠️ Large message: 2400168 bytes to node Some(4)
2025-12-06T13:56:17.164468Z  WARN ThreadId(24) hotstuff_runner::smrol::network: ⚠️ Large message: 2400169 bytes to node Some(41)
2025-12-06T13:56:17.165065Z  WARN ThreadId(24) hotstuff_runner::smrol::network: ⚠️ Large message: 2400169 bytes to node Some(37)
2025-12-06T13:56:17.165670Z  WARN ThreadId(24) hotstuff_runner::smrol::network: ⚠️ Large message: 2400169 bytes to node Some(39)
2025-12-06T13:56:17.166288Z  WARN ThreadId(24) hotstuff_runner::smrol::network: ⚠️ Large message: 2400169 bytes to node Some(24)
2025-12-06T13:56:17.166905Z  WARN ThreadId(24) hotstuff_runner::smrol::network: ⚠️ Large message: 2400169 bytes to node Some(32)
2025-12-06T13:56:17.167519Z  WARN ThreadId(24) hotstuff_runner::smrol::network: ⚠️ Large message: 2400169 bytes to node Some(43)
2025-12-06T13:56:17.168139Z  WARN ThreadId(24) hotstuff_runner::smrol::network: ⚠️ Large message: 2400169 bytes to node Some(45)
2025-12-06T13:56:17.168731Z  WARN ThreadId(24) hotstuff_runner::smrol::network: ⚠️ Large message: 2400169 bytes to node Some(57)
2025-12-06T13:56:17.169342Z  WARN ThreadId(24) hotstuff_runner::smrol::network: ⚠️ Large message: 2400169 bytes to node Some(11)
2025-12-06T13:56:17.169954Z  WARN ThreadId(24) hotstuff_runner::smrol::network: ⚠️ Large message: 2400169 bytes to node Some(56)
2025-12-06T13:56:17.170603Z  WARN ThreadId(24) hotstuff_runner::smrol::network: ⚠️ Large message: 2400169 bytes to node Some(33)
2025-12-06T13:56:17.171247Z  WARN ThreadId(24) hotstuff_runner::smrol::network: ⚠️ Large message: 2400169 bytes to node Some(34)
2025-12-06T13:56:17.171861Z  WARN ThreadId(24) hotstuff_runner::smrol::network: ⚠️ Large message: 2400169 bytes to node Some(54)
2025-12-06T13:56:17.171893Z  WARN ThreadId(25) hotstuff_runner::smrol::network: ⚠️ Large message: 2400169 bytes to node Some(36)
2025-12-06T13:56:17.172427Z  WARN ThreadId(24) hotstuff_runner::smrol::network: ⚠️ Large message: 2400168 bytes to node Some(3)
2025-12-06T13:56:17.172571Z  WARN ThreadId(25) hotstuff_runner::smrol::network: ⚠️ Large message: 2400169 bytes to node Some(17)
2025-12-06T13:56:17.173162Z  WARN ThreadId(24) hotstuff_runner::smrol::network: ⚠️ Large message: 2400169 bytes to node Some(44)
2025-12-06T13:56:17.173251Z  WARN ThreadId(25) hotstuff_runner::smrol::network: ⚠️ Large message: 2400169 bytes to node Some(20)
2025-12-06T13:56:17.173763Z  WARN ThreadId(25) hotstuff_runner::smrol::network: ⚠️ Large message: 2400169 bytes to node Some(35)
2025-12-06T13:56:17.174251Z  WARN ThreadId(25) hotstuff_runner::smrol::network: ⚠️ Large message: 2400169 bytes to node Some(26)
2025-12-06T13:56:17.174724Z  WARN ThreadId(25) hotstuff_runner::smrol::network: ⚠️ Large message: 2400168 bytes to node Some(8)
2025-12-06T13:56:17.175229Z  WARN ThreadId(25) hotstuff_runner::smrol::network: ⚠️ Large message: 2400169 bytes to node Some(49)
2025-12-06T13:56:17.175430Z  WARN ThreadId(24) hotstuff_runner::smrol::network: ⚠️ Large message: 2400169 bytes to node Some(29)
2025-12-06T13:56:17.175752Z  WARN ThreadId(25) hotstuff_runner::smrol::network: ⚠️ Large message: 2400168 bytes to node Some(6)
2025-12-06T13:56:17.175966Z  WARN ThreadId(24) hotstuff_runner::smrol::network: ⚠️ Large message: 2400168 bytes to node Some(2)
2025-12-06T13:56:17.176371Z  WARN ThreadId(25) hotstuff_runner::smrol::network: ⚠️ Large message: 2400169 bytes to node Some(48)
2025-12-06T13:56:17.176540Z  WARN ThreadId(24) hotstuff_runner::smrol::network: ⚠️ Large message: 2400169 bytes to node Some(50)
2025-12-06T13:56:17.177103Z  WARN ThreadId(24) hotstuff_runner::smrol::network: ⚠️ Large message: 2400169 bytes to node Some(25)
2025-12-06T13:56:17.177303Z  WARN ThreadId(25) hotstuff_runner::smrol::network: ⚠️ [Check] Writer 0 -> 3 slow write: 5.053925ms
2025-12-06T13:56:17.177465Z  WARN ThreadId(25) hotstuff_runner::smrol::network: ⚠️ Large message: 2400168 bytes to node Some(7)
2025-12-06T13:56:17.177938Z  WARN ThreadId(25) hotstuff_runner::smrol::network: ⚠️ Large message: 2400169 bytes to node Some(19)
2025-12-06T13:56:17.178374Z  WARN ThreadId(24) hotstuff_runner::smrol::network: ⚠️ Large message: 2400169 bytes to node Some(53)
2025-12-06T13:56:17.178476Z  WARN ThreadId(25) hotstuff_runner::smrol::network: ⚠️ Large message: 2400169 bytes to node Some(28)
2025-12-06T13:56:17.178959Z  WARN ThreadId(24) hotstuff_runner::smrol::network: ⚠️ Large message: 2400168 bytes to node Some(9)
2025-12-06T13:56:17.178977Z  WARN ThreadId(25) hotstuff_runner::smrol::network: ⚠️ Large message: 2400169 bytes to node Some(61)
2025-12-06T13:56:17.179514Z  WARN ThreadId(24) hotstuff_runner::smrol::network: ⚠️ Large message: 2400169 bytes to node Some(18)
2025-12-06T13:56:17.179547Z  WARN ThreadId(25) hotstuff_runner::smrol::network: ⚠️ Large message: 2400169 bytes to node Some(15)
2025-12-06T13:56:17.180050Z  WARN ThreadId(24) hotstuff_runner::smrol::network: ⚠️ Large message: 2400169 bytes to node Some(55)
2025-12-06T13:56:17.180065Z  WARN ThreadId(25) hotstuff_runner::smrol::network: ⚠️ Large message: 2400168 bytes to node Some(5)
2025-12-06T13:56:17.180554Z  WARN ThreadId(25) hotstuff_runner::smrol::network: ⚠️ Large message: 2400169 bytes to node Some(52)
2025-12-06T13:56:17.180793Z  WARN ThreadId(24) hotstuff_runner::smrol::network: ⚠️ Large message: 2400169 bytes to node Some(23)
2025-12-06T13:56:17.181049Z  WARN ThreadId(25) hotstuff_runner::smrol::network: ⚠️ Large message: 2400169 bytes to node Some(31)
2025-12-06T13:56:17.181539Z  WARN ThreadId(25) hotstuff_runner::smrol::network: ⚠️ Large message: 2400169 bytes to node Some(12)
2025-12-06T13:56:17.182035Z  WARN ThreadId(25) hotstuff_runner::smrol::network: ⚠️ Large message: 2400169 bytes to node Some(21)
2025-12-06T13:56:17.182130Z  WARN ThreadId(24) hotstuff_runner::smrol::network: ⚠️ Large message: 2400169 bytes to node Some(22)
2025-12-06T13:56:17.182890Z  WARN ThreadId(25) hotstuff_runner::smrol::network: ⚠️ [Check] Writer 0 -> 1 slow write: 20.833576ms
2025-12-06T13:56:17.183255Z  WARN ThreadId(25) hotstuff_runner::smrol::network: ⚠️ [Check] Writer 0 -> 4 slow write: 19.730681ms
2025-12-06T13:56:17.183391Z  WARN ThreadId(24) hotstuff_runner::smrol::network: ⚠️ Large message: 2400169 bytes to node Some(46)
2025-12-06T13:56:17.183570Z  WARN ThreadId(25) hotstuff_runner::smrol::network: ⚠️ Large message: 2400169 bytes to node Some(16)
2025-12-06T13:56:17.184161Z  WARN ThreadId(25) hotstuff_runner::smrol::network: ⚠️ Large message: 2400169 bytes to node Some(38)
2025-12-06T13:56:17.184227Z  WARN ThreadId(24) hotstuff_runner::smrol::network: ⚠️ Large message: 2400169 bytes to node Some(42)
2025-12-06T13:56:17.184747Z  WARN ThreadId(25) hotstuff_runner::smrol::network: ⚠️ Large message: 2400169 bytes to node Some(59)
2025-12-06T13:56:17.184799Z  WARN ThreadId(24) hotstuff_runner::smrol::network: ⚠️ Large message: 2400169 bytes to node Some(60)
2025-12-06T13:56:17.185322Z  WARN ThreadId(25) hotstuff_runner::smrol::network: ⚠️ Large message: 2400169 bytes to node Some(13)
2025-12-06T13:56:17.185376Z  WARN ThreadId(24) hotstuff_runner::smrol::network: ⚠️ Large message: 2400169 bytes to node Some(30)
2025-12-06T13:56:17.185966Z  WARN ThreadId(24) hotstuff_runner::smrol::network: ⚠️ Large message: 2400169 bytes to node Some(51)
2025-12-06T13:56:17.185988Z  WARN ThreadId(25) hotstuff_runner::smrol::network: ⚠️ Large message: 2400169 bytes to node Some(58)
2025-12-06T13:56:17.186831Z  WARN ThreadId(24) hotstuff_runner::smrol::network: ⚠️ [Check] Writer 0 -> 5 slow write: 6.808635ms
2025-12-06T13:56:18.202136Z  WARN ThreadId(02) docker_node:   Connection reuse ineffective (2.0 msg/conn)
2025-12-06T13:56:18.311184Z  WARN ThreadId(06) docker_node: Node 0 Regular transaction queue backlog: 3083252 transactions
2025-12-06T13:56:23.201134Z  WARN ThreadId(06) docker_node:   Connection reuse ineffective (2.0 msg/conn)
2025-12-06T13:56:23.310753Z  WARN ThreadId(03) docker_node: Node 0 Regular transaction queue backlog: 3820117 transactions
2025-12-06T13:56:27.647743Z  WARN ThreadId(21) hotstuff_runner::tcp_node: Node 0 view 109 timed out; latency may accumulate
2025-12-06T13:56:28.201300Z  WARN ThreadId(07) docker_node:   Connection reuse ineffective (2.0 msg/conn)
2025-12-06T13:56:28.311678Z  WARN ThreadId(08) docker_node: Node 0 Regular transaction queue backlog: 5514905 transactions
2025-12-06T13:56:33.201529Z  WARN ThreadId(06) docker_node:   Connection reuse ineffective (2.0 msg/conn)
2025-12-06T13:56:33.310745Z  WARN ThreadId(08) docker_node: Node 0 Regular transaction queue backlog: 5904391 transactions
2025-12-06T13:56:38.201281Z  WARN ThreadId(06) docker_node:   Connection reuse ineffective (2.0 msg/conn)
2025-12-06T13:56:38.311607Z  WARN ThreadId(06) docker_node: Node 0 Regular transaction queue backlog: 5904391 transactions
2025-12-06T13:56:43.201650Z  WARN ThreadId(03) docker_node:   Connection reuse ineffective (2.0 msg/conn)
2025-12-06T13:56:43.310857Z  WARN ThreadId(03) docker_node: Node 0 Regular transaction queue backlog: 5904391 transactions
2025-12-06T13:56:48.201545Z  WARN ThreadId(06) docker_node:   Connection reuse ineffective (2.0 msg/conn)
2025-12-06T13:56:48.310825Z  WARN ThreadId(06) docker_node: Node 0 Regular transaction queue backlog: 5904391 transactions
2025-12-06T13:56:53.201125Z  WARN ThreadId(08) docker_node:   Connection reuse ineffective (2.0 msg/conn)
2025-12-06T13:56:53.311381Z  WARN ThreadId(08) docker_node: Node 0 Regular transaction queue backlog: 5904391 transactions
2025-12-06T13:56:58.122415Z  WARN ThreadId(21) hotstuff_runner::tcp_node: Node 0 view 116 timed out; latency may accumulate
2025-12-06T13:56:58.201475Z  WARN ThreadId(06) docker_node:   Connection reuse ineffective (2.0 msg/conn)
2025-12-06T13:56:58.310721Z  WARN ThreadId(06) docker_node: Node 0 Regular transaction queue backlog: 5904391 transactions
2025-12-06T13:57:03.201500Z  WARN ThreadId(03) docker_node:   Connection reuse ineffective (2.0 msg/conn)
2025-12-06T13:57:03.310723Z  WARN ThreadId(08) docker_node: Node 0 Regular transaction queue backlog: 5904391 transactions
2025-12-06T13:57:07.890801Z  WARN ThreadId(21) hotstuff_runner::tcp_node: Node 0 view 118 timed out; latency may accumulate
2025-12-06T13:57:08.200874Z  WARN ThreadId(03) docker_node:   Connection reuse ineffective (2.0 msg/conn)
2025-12-06T13:57:08.311112Z  WARN ThreadId(03) docker_node: Node 0 Regular transaction queue backlog: 5904391 transactions
2025-12-06T13:57:12.892131Z  WARN ThreadId(21) hotstuff_runner::tcp_node: Node 0 view 119 timed out; latency may accumulate
2025-12-06T13:57:13.201152Z  WARN ThreadId(03) docker_node:   Connection reuse ineffective (2.0 msg/conn)
2025-12-06T13:57:13.311445Z  WARN ThreadId(03) docker_node: Node 0 Regular transaction queue backlog: 5904391 transactions
2025-12-06T13:57:17.893398Z  WARN ThreadId(21) hotstuff_runner::tcp_node: Node 0 view 120 timed out; latency may accumulate
2025-12-06T13:57:18.200764Z  WARN ThreadId(03) docker_node:   Connection reuse ineffective (2.0 msg/conn)
2025-12-06T13:57:18.310991Z  WARN ThreadId(03) docker_node: Node 0 Regular transaction queue backlog: 5904391 transactions
2025-12-06T13:57:22.894867Z  WARN ThreadId(21) hotstuff_runner::tcp_node: Node 0 view 121 timed out; latency may accumulate
2025-12-06T13:57:23.201683Z  WARN ThreadId(03) docker_node:   Connection reuse ineffective (2.0 msg/conn)
2025-12-06T13:57:23.310884Z  WARN ThreadId(03) docker_node: Node 0 Regular transaction queue backlog: 5904391 transactions
2025-12-06T13:57:27.896307Z  WARN ThreadId(21) hotstuff_runner::tcp_node: Node 0 view 122 timed out; latency may accumulate
2025-12-06T13:57:28.200900Z  WARN ThreadId(03) docker_node:   Connection reuse ineffective (2.0 msg/conn)
2025-12-06T13:57:28.311093Z  WARN ThreadId(03) docker_node: Node 0 Regular transaction queue backlog: 5904391 transactions
2025-12-06T13:57:32.897659Z  WARN ThreadId(21) hotstuff_runner::tcp_node: Node 0 view 123 timed out; latency may accumulate
2025-12-06T13:57:33.201373Z  WARN ThreadId(03) docker_node:   Connection reuse ineffective (2.0 msg/conn)
2025-12-06T13:57:33.311596Z  WARN ThreadId(08) docker_node: Node 0 Regular transaction queue backlog: 5904391 transactions
2025-12-06T13:57:34.838156Z  WARN ThreadId(20) hotstuff_rs::block_tree::invariants: SAFE_PC_FAIL: pc.block=[157, 245, 117, 27, 198, 136, 187, 37, 118, 157, 116, 221, 151, 51, 182, 95, 189, 238, 40, 68, 218, 100, 22, 156, 87, 105, 54, 194, 221, 249, 159, 121] view=96 phase=Generic | cond1(chain_id/genesis)=true (pc.chain_id=0, my.chain_id=0) | cond2(block_exists/genesis)=true (exists=true) | cond3(view>locked || extends)=false (pc.view=96, locked.view=116, extends=false) | cond4(phase/updates)=true (phase_special=false, has_updates=false) | highest_pc.block=[83, 105, 255, 190, 250, 77, 227, 83, 179, 184, 192, 102, 142, 206, 232, 108, 99, 163, 217, 173, 228, 21, 88, 237, 255, 17, 240, 62, 222, 232, 236, 148] highest_pc.view=117 locked.block=[87, 81, 181, 165, 27, 5, 137, 212, 175, 124, 81, 221, 32, 171, 60, 44, 225, 237, 184, 137, 213, 195, 159, 7, 130, 20, 71, 2, 203, 247, 200, 79] locked.view=116    
2025-12-06T13:57:34.838202Z  WARN ThreadId(20) hotstuff_rs::block_tree::invariants: SAFE_BLOCK_FAIL: block=[95, 183, 101, 41, 173, 79, 240, 158, 34, 51, 155, 82, 119, 167, 165, 201, 59, 112, 175, 237, 128, 7, 198, 125, 144, 191, 180, 217, 38, 65, 97, 18] height=None | cond1(safe_pc)=false | cond2(is_block_justify)=true (justify.phase=Generic) | justify.block=[157, 245, 117, 27, 198, 136, 187, 37, 118, 157, 116, 221, 151, 51, 182, 95, 189, 238, 40, 68, 218, 100, 22, 156, 87, 105, 54, 194, 221, 249, 159, 121] justify.view=96 | highest_pc.block=[83, 105, 255, 190, 250, 77, 227, 83, 179, 184, 192, 102, 142, 206, 232, 108, 99, 163, 217, 173, 228, 21, 88, 237, 255, 17, 240, 62, 222, 232, 236, 148] highest_pc.view=117 | locked.block=[87, 81, 181, 165, 27, 5, 137, 212, 175, 124, 81, 221, 32, 171, 60, 44, 225, 237, 184, 137, 213, 195, 159, 7, 130, 20, 71, 2, 203, 247, 200, 79] locked.view=116    
2025-12-06T13:57:37.898962Z  WARN ThreadId(21) hotstuff_runner::tcp_node: Node 0 view 124 timed out; latency may accumulate
2025-12-06T13:57:38.200977Z  WARN ThreadId(08) docker_node:   Connection reuse ineffective (2.0 msg/conn)
2025-12-06T13:57:38.311258Z  WARN ThreadId(08) docker_node: Node 0 Regular transaction queue backlog: 5904391 transactions
2025-12-06T13:57:42.900284Z  WARN ThreadId(21) hotstuff_runner::tcp_node: Node 0 view 125 timed out; latency may accumulate
2025-12-06T13:57:43.201289Z  WARN ThreadId(08) docker_node:   Connection reuse ineffective (2.0 msg/conn)
2025-12-06T13:57:43.311560Z  WARN ThreadId(08) docker_node: Node 0 Regular transaction queue backlog: 5904391 transactions
2025-12-06T13:57:47.901691Z  WARN ThreadId(21) hotstuff_runner::tcp_node: Node 0 view 126 timed out; latency may accumulate
2025-12-06T13:57:48.201382Z  WARN ThreadId(08) docker_node:   Connection reuse ineffective (2.0 msg/conn)
2025-12-06T13:57:48.311608Z  WARN ThreadId(08) docker_node: Node 0 Regular transaction queue backlog: 5904391 transactions
2025-12-06T13:57:52.903097Z  WARN ThreadId(21) hotstuff_runner::tcp_node: Node 0 view 127 timed out; latency may accumulate
2025-12-06T13:57:53.200811Z  WARN ThreadId(08) docker_node:   Connection reuse ineffective (2.0 msg/conn)
2025-12-06T13:57:53.311045Z  WARN ThreadId(08) docker_node: Node 0 Regular transaction queue backlog: 5904391 transactions
