2025-10-08T11:32:04.404240Z  WARN ThreadId(01) hotstuff_runner::tcp_node: Node 0 视图超时设置为 2000 ms
2025-10-08T11:32:04.406330Z ERROR ThreadId(11) hotstuff_runner::pompe_network: ❌ Node 0 连接到节点 1 失败: Connection refused (os error 111)
2025-10-08T11:32:04.407034Z ERROR ThreadId(11) hotstuff_runner::pompe_network: ❌ Node 0 连接到节点 3 失败: Connection refused (os error 111)
2025-10-08T11:32:09.410450Z ERROR ThreadId(01) docker_node: 节点 1 端口不可达: Connection refused (os error 111)
2025-10-08T11:32:09.410590Z ERROR ThreadId(01) docker_node: 节点 2 端口不可达: Connection refused (os error 111)
2025-10-08T11:32:09.410764Z ERROR ThreadId(01) docker_node: 节点 3 端口不可达: Connection refused (os error 111)
2025-10-08T11:32:34.407572Z  WARN ThreadId(03) hotstuff_runner::pompe: 🧹 [清理] Node 0 清理 2160 个孤儿ordering1状态
2025-10-08T11:33:04.414000Z  WARN ThreadId(03) hotstuff_runner::pompe: 🧹 [清理] Node 0 清理 8940 个孤儿ordering1状态
2025-10-08T11:33:34.413895Z  WARN ThreadId(02) hotstuff_runner::pompe: 🧹 [清理] Node 0 清理 8940 个孤儿ordering1状态
2025-10-08T11:34:04.421379Z  WARN ThreadId(02) hotstuff_runner::pompe: 🧹 [清理] Node 0 清理 8940 个孤儿ordering1状态
2025-10-08T11:34:34.415305Z  WARN ThreadId(03) hotstuff_runner::pompe: 🧹 [清理] Node 0 清理 8940 个孤儿ordering1状态
2025-10-08T11:35:04.415087Z  WARN ThreadId(03) hotstuff_runner::pompe: 🧹 [清理] Node 0 清理 8940 个孤儿ordering1状态
2025-10-08T11:35:19.412559Z  WARN ThreadId(02) docker_node: Node 0 Regular transaction queue backlog: 1130 transactions
2025-10-08T11:35:24.416509Z  WARN ThreadId(02) docker_node: Node 0 Regular transaction queue backlog: 1107 transactions
2025-10-08T11:35:34.412629Z  WARN ThreadId(03) docker_node: Node 0 Regular transaction queue backlog: 1222 transactions
2025-10-08T11:35:34.425620Z  WARN ThreadId(02) hotstuff_runner::pompe: 🧹 [清理] Node 0 清理 8940 个孤儿ordering1状态
2025-10-08T11:35:44.412771Z  WARN ThreadId(03) docker_node: Node 0 Regular transaction queue backlog: 1111 transactions
2025-10-08T11:36:04.419293Z  WARN ThreadId(02) hotstuff_runner::pompe: 🧹 [清理] Node 0 清理 8940 个孤儿ordering1状态
2025-10-08T11:36:34.417007Z  WARN ThreadId(02) hotstuff_runner::pompe: 🧹 [清理] Node 0 清理 8880 个孤儿ordering1状态
2025-10-08T11:36:49.411939Z  WARN ThreadId(03) docker_node: Node 0 Regular transaction queue backlog: 3103 transactions
2025-10-08T11:36:54.411701Z  WARN ThreadId(03) docker_node: Node 0 Regular transaction queue backlog: 3073 transactions
2025-10-08T11:36:59.413622Z  WARN ThreadId(03) docker_node: Node 0 Regular transaction queue backlog: 1517 transactions
2025-10-08T11:37:04.422293Z  WARN ThreadId(03) hotstuff_runner::pompe: 🧹 [清理] Node 0 清理 8940 个孤儿ordering1状态
2025-10-08T11:37:09.414585Z  WARN ThreadId(03) docker_node: Node 0 Regular transaction queue backlog: 2001 transactions
2025-10-08T11:37:19.411575Z  WARN ThreadId(03) docker_node: Node 0 Regular transaction queue backlog: 2661 transactions
2025-10-08T11:37:24.411480Z  WARN ThreadId(02) docker_node: Node 0 Regular transaction queue backlog: 2209 transactions
2025-10-08T11:37:29.412297Z  WARN ThreadId(03) docker_node: Node 0 Regular transaction queue backlog: 1949 transactions
2025-10-08T11:37:34.419393Z  WARN ThreadId(02) hotstuff_runner::pompe: 🧹 [清理] Node 0 清理 6780 个孤儿ordering1状态
2025-10-08T11:39:29.141176Z  WARN ThreadId(08) hotstuff_rs::block_tree::invariants: SAFE_PC_FAIL: pc.block=[77, 253, 119, 242, 103, 115, 223, 141, 205, 210, 74, 141, 254, 107, 220, 8, 78, 172, 251, 227, 120, 2, 162, 98, 238, 113, 67, 116, 145, 210, 83, 110] view=4344 phase=Generic | cond1(chain_id/genesis)=true (pc.chain_id=0, my.chain_id=0) | cond2(block_exists/genesis)=true (exists=true) | cond3(view>locked || extends)=false (pc.view=4344, locked.view=4345, extends=false) | cond4(phase/updates)=true (phase_special=false, has_updates=false) | highest_pc.block=[0, 119, 182, 184, 172, 228, 118, 181, 106, 17, 21, 42, 84, 218, 49, 50, 95, 145, 59, 224, 224, 47, 134, 91, 55, 156, 104, 20, 46, 246, 209, 94] highest_pc.view=4346 locked.block=[41, 164, 55, 248, 65, 231, 211, 129, 224, 225, 193, 139, 195, 24, 2, 164, 167, 120, 52, 164, 135, 31, 5, 94, 60, 246, 116, 96, 74, 166, 254, 62] locked.view=4345    
2025-10-08T11:39:29.141375Z  WARN ThreadId(08) hotstuff_rs::block_tree::invariants: SAFE_BLOCK_FAIL: block=[19, 129, 27, 183, 98, 170, 180, 55, 188, 200, 119, 238, 60, 212, 136, 75, 120, 201, 37, 33, 246, 244, 253, 95, 172, 215, 93, 108, 27, 233, 104, 222] height=None | cond1(safe_pc)=false | cond2(is_block_justify)=true (justify.phase=Generic) | justify.block=[77, 253, 119, 242, 103, 115, 223, 141, 205, 210, 74, 141, 254, 107, 220, 8, 78, 172, 251, 227, 120, 2, 162, 98, 238, 113, 67, 116, 145, 210, 83, 110] justify.view=4344 | highest_pc.block=[0, 119, 182, 184, 172, 228, 118, 181, 106, 17, 21, 42, 84, 218, 49, 50, 95, 145, 59, 224, 224, 47, 134, 91, 55, 156, 104, 20, 46, 246, 209, 94] highest_pc.view=4346 | locked.block=[41, 164, 55, 248, 65, 231, 211, 129, 224, 225, 193, 139, 195, 24, 2, 164, 167, 120, 52, 164, 135, 31, 5, 94, 60, 246, 116, 96, 74, 166, 254, 62] locked.view=4345    
2025-10-08T11:39:30.830556Z  WARN ThreadId(09) hotstuff_runner::tcp_node: Node 0 View 4348 超时，可能导致延迟累积
