2025-12-07T11:01:28.581464Z  WARN ThreadId(01) docker_node: metrics exporter disabled by SMROL_DISABLE_METRICS
2025-12-07T11:01:48.798057Z  WARN ThreadId(01) hotstuff_runner::tcp_node: Node 0 view timeout set to 5000 ms
2025-12-07T11:01:48.807108Z ERROR ThreadId(23) hotstuff_runner::pompe_network: Node 0 failed to connect to node 1: Connection refused (os error 111)
2025-12-07T11:01:48.807483Z ERROR ThreadId(23) hotstuff_runner::pompe_network: Node 0 failed to connect to node 2: Connection refused (os error 111)
2025-12-07T11:01:48.807822Z ERROR ThreadId(23) hotstuff_runner::pompe_network: Node 0 failed to connect to node 3: Connection refused (os error 111)
2025-12-07T11:01:48.808158Z ERROR ThreadId(23) hotstuff_runner::pompe_network: Node 0 failed to connect to node 4: Connection refused (os error 111)
2025-12-07T11:01:48.808475Z ERROR ThreadId(23) hotstuff_runner::pompe_network: Node 0 failed to connect to node 5: Connection refused (os error 111)
2025-12-07T11:01:48.824989Z  WARN ThreadId(01) hotstuff_runner::smrol::sequencing: SMROL_MEDIAN_INFLIGHT=24, SMROL_ORDER_FINALIZE_INFLIGHT=4, SMROL_FINAL_SIGN_INFLIGHT=4, SMROL_FINAL_VERIFY_INFLIGHT=24
2025-12-07T11:01:48.825036Z  WARN ThreadId(01) hotstuff_runner::smrol::sequencing: [Sequencing] Node 0 multi-signature verification disabled: false
2025-12-07T11:01:48.825635Z  WARN ThreadId(06) hotstuff_runner::smrol::sequencing: [Sequencing] Node 0 final verify dispatcher started
2025-12-07T11:01:49.662996Z ERROR ThreadId(23) hotstuff_runner::pompe_network: Node 0 failed to connect to node 16: Connection refused (os error 111)
2025-12-07T11:01:49.847155Z ERROR ThreadId(23) hotstuff_runner::pompe_network: Node 0 failed to connect to node 17: Connection refused (os error 111)
2025-12-07T11:01:50.031209Z ERROR ThreadId(23) hotstuff_runner::pompe_network: Node 0 failed to connect to node 18: Connection refused (os error 111)
2025-12-07T11:01:53.801805Z  WARN ThreadId(21) hotstuff_runner::tcp_node: Node 0 view 0 timed out; latency may accumulate
2025-12-07T11:01:53.826107Z  WARN ThreadId(07) docker_node:   Connection reuse ineffective (2.0 msg/conn)
2025-12-07T11:01:53.828935Z  WARN ThreadId(01) docker_node: Node 0 port 20000 temporarily unreachable: failed to lookup address information: Temporary failure in name resolution
2025-12-07T11:01:53.830797Z  WARN ThreadId(01) docker_node: Node 1 port 20001 temporarily unreachable: failed to lookup address information: Temporary failure in name resolution
2025-12-07T11:01:53.832471Z  WARN ThreadId(01) docker_node: Node 2 port 20002 temporarily unreachable: failed to lookup address information: Temporary failure in name resolution
2025-12-07T11:01:53.834339Z  WARN ThreadId(01) docker_node: Node 3 port 20003 temporarily unreachable: failed to lookup address information: Temporary failure in name resolution
2025-12-07T11:01:53.835932Z  WARN ThreadId(01) docker_node: Node 4 port 20004 temporarily unreachable: failed to lookup address information: Temporary failure in name resolution
2025-12-07T11:01:53.837635Z  WARN ThreadId(01) docker_node: Node 5 port 20005 temporarily unreachable: failed to lookup address information: Temporary failure in name resolution
2025-12-07T11:01:53.839215Z  WARN ThreadId(01) docker_node: Node 6 port 20006 temporarily unreachable: failed to lookup address information: Temporary failure in name resolution
2025-12-07T11:01:53.841094Z  WARN ThreadId(01) docker_node: Node 7 port 20007 temporarily unreachable: failed to lookup address information: Temporary failure in name resolution
2025-12-07T11:01:53.842787Z  WARN ThreadId(01) docker_node: Node 8 port 20008 temporarily unreachable: failed to lookup address information: Temporary failure in name resolution
2025-12-07T11:01:53.844545Z  WARN ThreadId(01) docker_node: Node 9 port 20009 temporarily unreachable: failed to lookup address information: Temporary failure in name resolution
2025-12-07T11:01:53.846271Z  WARN ThreadId(01) docker_node: Node 10 port 20010 temporarily unreachable: failed to lookup address information: Temporary failure in name resolution
2025-12-07T11:01:53.847895Z  WARN ThreadId(01) docker_node: Node 11 port 20011 temporarily unreachable: failed to lookup address information: Temporary failure in name resolution
2025-12-07T11:01:53.849745Z  WARN ThreadId(01) docker_node: Node 12 port 20012 temporarily unreachable: failed to lookup address information: Temporary failure in name resolution
2025-12-07T11:01:53.851329Z  WARN ThreadId(01) docker_node: Node 13 port 20013 temporarily unreachable: failed to lookup address information: Temporary failure in name resolution
2025-12-07T11:01:53.853028Z  WARN ThreadId(01) docker_node: Node 14 port 20014 temporarily unreachable: failed to lookup address information: Temporary failure in name resolution
2025-12-07T11:01:53.854722Z  WARN ThreadId(01) docker_node: Node 15 port 20015 temporarily unreachable: failed to lookup address information: Temporary failure in name resolution
2025-12-07T11:01:53.856459Z  WARN ThreadId(01) docker_node: Node 16 port 20016 temporarily unreachable: failed to lookup address information: Temporary failure in name resolution
2025-12-07T11:01:53.857969Z  WARN ThreadId(01) docker_node: Node 17 port 20017 temporarily unreachable: failed to lookup address information: Temporary failure in name resolution
2025-12-07T11:01:53.859602Z  WARN ThreadId(01) docker_node: Node 18 port 20018 temporarily unreachable: failed to lookup address information: Temporary failure in name resolution
2025-12-07T11:01:53.861190Z  WARN ThreadId(01) docker_node: Node 19 port 20019 temporarily unreachable: failed to lookup address information: Temporary failure in name resolution
2025-12-07T11:01:53.862713Z  WARN ThreadId(01) docker_node: Node 20 port 20020 temporarily unreachable: failed to lookup address information: Temporary failure in name resolution
2025-12-07T11:01:53.864327Z  WARN ThreadId(01) docker_node: Node 21 port 20021 temporarily unreachable: failed to lookup address information: Temporary failure in name resolution
2025-12-07T11:01:53.865959Z  WARN ThreadId(01) docker_node: Node 22 port 20022 temporarily unreachable: failed to lookup address information: Temporary failure in name resolution
2025-12-07T11:01:53.867729Z  WARN ThreadId(01) docker_node: Node 23 port 20023 temporarily unreachable: failed to lookup address information: Temporary failure in name resolution
2025-12-07T11:01:53.869369Z  WARN ThreadId(01) docker_node: Node 24 port 20024 temporarily unreachable: failed to lookup address information: Temporary failure in name resolution
2025-12-07T11:01:53.871618Z  WARN ThreadId(01) docker_node: Node 25 port 20025 temporarily unreachable: failed to lookup address information: Temporary failure in name resolution
2025-12-07T11:01:53.873183Z  WARN ThreadId(01) docker_node: Node 26 port 20026 temporarily unreachable: failed to lookup address information: Temporary failure in name resolution
2025-12-07T11:01:53.874743Z  WARN ThreadId(01) docker_node: Node 27 port 20027 temporarily unreachable: failed to lookup address information: Temporary failure in name resolution
2025-12-07T11:01:53.876331Z  WARN ThreadId(01) docker_node: Node 28 port 20028 temporarily unreachable: failed to lookup address information: Temporary failure in name resolution
2025-12-07T11:01:53.878082Z  WARN ThreadId(01) docker_node: Node 29 port 20029 temporarily unreachable: failed to lookup address information: Temporary failure in name resolution
2025-12-07T11:01:53.879621Z  WARN ThreadId(01) docker_node: Node 30 port 20030 temporarily unreachable: failed to lookup address information: Temporary failure in name resolution
2025-12-07T11:01:53.881217Z  WARN ThreadId(01) docker_node: Node 31 port 20031 temporarily unreachable: failed to lookup address information: Temporary failure in name resolution
2025-12-07T11:01:53.882839Z  WARN ThreadId(01) docker_node: Node 32 port 20032 temporarily unreachable: failed to lookup address information: Temporary failure in name resolution
2025-12-07T11:01:53.884306Z  WARN ThreadId(01) docker_node: Node 33 port 20033 temporarily unreachable: failed to lookup address information: Temporary failure in name resolution
2025-12-07T11:01:53.886010Z  WARN ThreadId(01) docker_node: Node 34 port 20034 temporarily unreachable: failed to lookup address information: Temporary failure in name resolution
2025-12-07T11:01:53.887745Z  WARN ThreadId(01) docker_node: Node 35 port 20035 temporarily unreachable: failed to lookup address information: Temporary failure in name resolution
2025-12-07T11:01:53.889460Z  WARN ThreadId(01) docker_node: Node 36 port 20036 temporarily unreachable: failed to lookup address information: Temporary failure in name resolution
2025-12-07T11:01:53.891106Z  WARN ThreadId(01) docker_node: Node 37 port 20037 temporarily unreachable: failed to lookup address information: Temporary failure in name resolution
2025-12-07T11:01:53.892670Z  WARN ThreadId(01) docker_node: Node 38 port 20038 temporarily unreachable: failed to lookup address information: Temporary failure in name resolution
2025-12-07T11:01:53.894239Z  WARN ThreadId(01) docker_node: Node 39 port 20039 temporarily unreachable: failed to lookup address information: Temporary failure in name resolution
2025-12-07T11:01:53.895812Z  WARN ThreadId(01) docker_node: Node 40 port 20040 temporarily unreachable: failed to lookup address information: Temporary failure in name resolution
2025-12-07T11:01:53.897343Z  WARN ThreadId(01) docker_node: Node 41 port 20041 temporarily unreachable: failed to lookup address information: Temporary failure in name resolution
2025-12-07T11:01:53.899115Z  WARN ThreadId(01) docker_node: Node 42 port 20042 temporarily unreachable: failed to lookup address information: Temporary failure in name resolution
2025-12-07T11:01:53.900764Z  WARN ThreadId(01) docker_node: Node 43 port 20043 temporarily unreachable: failed to lookup address information: Temporary failure in name resolution
2025-12-07T11:01:53.902328Z  WARN ThreadId(01) docker_node: Node 44 port 20044 temporarily unreachable: failed to lookup address information: Temporary failure in name resolution
2025-12-07T11:01:53.904248Z  WARN ThreadId(01) docker_node: Node 45 port 20045 temporarily unreachable: failed to lookup address information: Temporary failure in name resolution
2025-12-07T11:01:53.905920Z  WARN ThreadId(01) docker_node: Node 46 port 20046 temporarily unreachable: failed to lookup address information: Temporary failure in name resolution
2025-12-07T11:01:53.907480Z  WARN ThreadId(01) docker_node: Node 47 port 20047 temporarily unreachable: failed to lookup address information: Temporary failure in name resolution
2025-12-07T11:01:53.909092Z  WARN ThreadId(01) docker_node: Node 48 port 20048 temporarily unreachable: failed to lookup address information: Temporary failure in name resolution
2025-12-07T11:01:53.910797Z  WARN ThreadId(01) docker_node: Node 49 port 20049 temporarily unreachable: failed to lookup address information: Temporary failure in name resolution
2025-12-07T11:01:53.912372Z  WARN ThreadId(01) docker_node: Node 50 port 20050 temporarily unreachable: failed to lookup address information: Temporary failure in name resolution
2025-12-07T11:01:53.914021Z  WARN ThreadId(01) docker_node: Node 51 port 20051 temporarily unreachable: failed to lookup address information: Temporary failure in name resolution
2025-12-07T11:01:53.915881Z  WARN ThreadId(01) docker_node: Node 52 port 20052 temporarily unreachable: failed to lookup address information: Temporary failure in name resolution
2025-12-07T11:01:53.917433Z  WARN ThreadId(01) docker_node: Node 53 port 20053 temporarily unreachable: failed to lookup address information: Temporary failure in name resolution
2025-12-07T11:01:53.919070Z  WARN ThreadId(01) docker_node: Node 54 port 20054 temporarily unreachable: failed to lookup address information: Temporary failure in name resolution
2025-12-07T11:01:53.920953Z  WARN ThreadId(01) docker_node: Node 55 port 20055 temporarily unreachable: failed to lookup address information: Temporary failure in name resolution
2025-12-07T11:01:53.922650Z  WARN ThreadId(01) docker_node: Node 56 port 20056 temporarily unreachable: failed to lookup address information: Temporary failure in name resolution
2025-12-07T11:01:53.924184Z  WARN ThreadId(01) docker_node: Node 57 port 20057 temporarily unreachable: failed to lookup address information: Temporary failure in name resolution
2025-12-07T11:01:53.925934Z  WARN ThreadId(01) docker_node: Node 58 port 20058 temporarily unreachable: failed to lookup address information: Temporary failure in name resolution
2025-12-07T11:01:53.927722Z  WARN ThreadId(01) docker_node: Node 59 port 20059 temporarily unreachable: failed to lookup address information: Temporary failure in name resolution
2025-12-07T11:01:53.929374Z  WARN ThreadId(01) docker_node: Node 60 port 20060 temporarily unreachable: failed to lookup address information: Temporary failure in name resolution
2025-12-07T11:01:53.931259Z  WARN ThreadId(01) docker_node: Node 61 port 20061 temporarily unreachable: failed to lookup address information: Temporary failure in name resolution
2025-12-07T11:01:53.932849Z  WARN ThreadId(01) docker_node: Node 62 port 20062 temporarily unreachable: failed to lookup address information: Temporary failure in name resolution
2025-12-07T11:01:53.934375Z  WARN ThreadId(01) docker_node: Node 63 port 20063 temporarily unreachable: failed to lookup address information: Temporary failure in name resolution
2025-12-07T11:01:58.826153Z  WARN ThreadId(07) docker_node:   Connection reuse ineffective (2.0 msg/conn)
2025-12-07T11:02:03.825723Z  WARN ThreadId(07) docker_node:   Connection reuse ineffective (2.0 msg/conn)
2025-12-07T11:02:08.449574Z  WARN ThreadId(20) hotstuff_runner::app: Node 0 [produce_block] queue size: 0, attempting up to 0 transactions this block    
2025-12-07T11:02:08.825695Z  WARN ThreadId(07) docker_node:   Connection reuse ineffective (2.0 msg/conn)
2025-12-07T11:02:13.826167Z  WARN ThreadId(07) docker_node:   Connection reuse ineffective (2.0 msg/conn)
2025-12-07T11:02:18.826405Z  WARN ThreadId(07) docker_node:   Connection reuse ineffective (2.0 msg/conn)
2025-12-07T11:02:23.825703Z  WARN ThreadId(02) docker_node:   Connection reuse ineffective (2.0 msg/conn)
2025-12-07T11:02:23.935897Z  WARN ThreadId(07) docker_node: Node 0 Regular transaction queue backlog: 9483 transactions
2025-12-07T11:02:26.916320Z  WARN ThreadId(24) hotstuff_runner::smrol::network: ⚠️ [Check] Writer 0 -> 30 slow write: 5.554369ms
2025-12-07T11:02:26.922467Z  WARN ThreadId(24) hotstuff_runner::smrol::network: ⚠️ [Check] Writer 0 -> 41 slow write: 6.279339ms
2025-12-07T11:02:26.925700Z  WARN ThreadId(25) hotstuff_runner::smrol::network: ⚠️ [Check] Writer 0 -> 44 slow write: 14.696134ms
2025-12-07T11:02:26.925780Z  WARN ThreadId(25) hotstuff_runner::smrol::network: ⚠️ [Check] Writer 0 -> 43 slow write: 14.766236ms
2025-12-07T11:02:26.925856Z  WARN ThreadId(25) hotstuff_runner::smrol::network: ⚠️ [Check] Writer 0 -> 14 slow write: 9.839524ms
2025-12-07T11:02:26.925899Z  WARN ThreadId(25) hotstuff_runner::smrol::network: ⚠️ [Check] Writer 0 -> 8 slow write: 15.878146ms
2025-12-07T11:02:26.926003Z  WARN ThreadId(25) hotstuff_runner::smrol::network: ⚠️ [Check] Writer 0 -> 52 slow write: 9.941407ms
2025-12-07T11:02:26.926120Z  WARN ThreadId(25) hotstuff_runner::smrol::network: ⚠️ [Check] Writer 0 -> 32 slow write: 10.122021ms
2025-12-07T11:02:26.926491Z  WARN ThreadId(24) hotstuff_runner::smrol::network: ⚠️ [Check] Writer 0 -> 12 slow write: 10.551243ms
2025-12-07T11:02:26.927085Z  WARN ThreadId(25) hotstuff_runner::smrol::network: ⚠️ [Check] Writer 0 -> 34 slow write: 16.018219ms
2025-12-07T11:02:26.927169Z  WARN ThreadId(25) hotstuff_runner::smrol::network: ⚠️ [Check] Writer 0 -> 31 slow write: 11.411276ms
2025-12-07T11:02:26.927844Z  WARN ThreadId(24) hotstuff_runner::smrol::network: ⚠️ [Check] Writer 0 -> 21 slow write: 16.720668ms
2025-12-07T11:02:26.928100Z  WARN ThreadId(24) hotstuff_runner::smrol::network: ⚠️ [Check] Writer 0 -> 33 slow write: 12.047753ms
2025-12-07T11:02:26.928133Z  WARN ThreadId(25) hotstuff_runner::smrol::network: ⚠️ [Check] Writer 0 -> 42 slow write: 12.146866ms
2025-12-07T11:02:26.929592Z  WARN ThreadId(25) hotstuff_runner::smrol::network: ⚠️ [Check] Writer 0 -> 35 slow write: 18.608239ms
2025-12-07T11:02:26.937489Z  WARN ThreadId(25) hotstuff_runner::smrol::network: ⚠️ [Check] Writer 0 -> 24 slow write: 21.431695ms
2025-12-07T11:02:26.937556Z  WARN ThreadId(24) hotstuff_runner::smrol::network: ⚠️ [Check] Writer 0 -> 25 slow write: 26.513311ms
2025-12-07T11:02:26.937794Z  WARN ThreadId(25) hotstuff_runner::smrol::network: ⚠️ [Check] Writer 0 -> 22 slow write: 21.799155ms
2025-12-07T11:02:26.939274Z  WARN ThreadId(25) hotstuff_runner::smrol::network: ⚠️ [Check] Writer 0 -> 6 slow write: 23.585983ms
2025-12-07T11:02:26.939330Z  WARN ThreadId(25) hotstuff_runner::smrol::network: ⚠️ [Check] Writer 0 -> 13 slow write: 16.095582ms
2025-12-07T11:02:26.939376Z  WARN ThreadId(25) hotstuff_runner::smrol::network: ⚠️ [Check] Writer 0 -> 15 slow write: 21.268071ms
2025-12-07T11:02:26.939460Z  WARN ThreadId(25) hotstuff_runner::smrol::network: ⚠️ [Check] Writer 0 -> 7 slow write: 11.1985ms
2025-12-07T11:02:26.939537Z  WARN ThreadId(25) hotstuff_runner::smrol::network: ⚠️ [Check] Writer 0 -> 46 slow write: 21.320702ms
2025-12-07T11:02:26.939564Z  WARN ThreadId(24) hotstuff_runner::smrol::network: ⚠️ [Check] Writer 0 -> 9 slow write: 12.529716ms
2025-12-07T11:02:26.939613Z  WARN ThreadId(25) hotstuff_runner::smrol::network: ⚠️ [Check] Writer 0 -> 50 slow write: 21.471236ms
2025-12-07T11:02:26.939625Z  WARN ThreadId(24) hotstuff_runner::smrol::network: ⚠️ [Check] Writer 0 -> 51 slow write: 21.376183ms
2025-12-07T11:02:26.939678Z  WARN ThreadId(24) hotstuff_runner::smrol::network: ⚠️ [Check] Writer 0 -> 23 slow write: 23.590813ms
2025-12-07T11:02:26.939742Z  WARN ThreadId(25) hotstuff_runner::smrol::network: ⚠️ [Check] Writer 0 -> 48 slow write: 23.669084ms
2025-12-07T11:02:26.940071Z  WARN ThreadId(24) hotstuff_runner::smrol::network: ⚠️ [Check] Writer 0 -> 49 slow write: 21.916958ms
2025-12-07T11:02:26.940134Z  WARN ThreadId(24) hotstuff_runner::smrol::network: ⚠️ [Check] Writer 0 -> 47 slow write: 22.151154ms
2025-12-07T11:02:26.944870Z  WARN ThreadId(24) hotstuff_runner::smrol::network: ⚠️ [Check] Writer 0 -> 57 slow write: 28.890675ms
2025-12-07T11:02:26.946937Z  WARN ThreadId(24) hotstuff_runner::smrol::network: ⚠️ [Check] Writer 0 -> 55 slow write: 30.834187ms
2025-12-07T11:02:26.947650Z  WARN ThreadId(25) hotstuff_runner::smrol::network: ⚠️ [Check] Writer 0 -> 53 slow write: 29.675236ms
2025-12-07T11:02:26.964440Z  WARN ThreadId(25) hotstuff_runner::smrol::network: ⚠️ [Check] Writer 0 -> 16 slow write: 48.455629ms
2025-12-07T11:02:26.964643Z  WARN ThreadId(25) hotstuff_runner::smrol::network: ⚠️ [Check] Writer 0 -> 17 slow write: 48.473431ms
2025-12-07T11:02:26.964854Z  WARN ThreadId(25) hotstuff_runner::smrol::network: ⚠️ [Check] Writer 0 -> 18 slow write: 49.010585ms
2025-12-07T11:02:26.964876Z  WARN ThreadId(24) hotstuff_runner::smrol::network: ⚠️ [Check] Writer 0 -> 19 slow write: 48.895181ms
2025-12-07T11:02:26.977648Z  WARN ThreadId(24) hotstuff_runner::smrol::network: ⚠️ [Check] Writer 0 -> 20 slow write: 59.670731ms
2025-12-07T11:02:26.978718Z  WARN ThreadId(24) hotstuff_runner::smrol::network: ⚠️ [Check] Writer 0 -> 26 slow write: 62.526537ms
2025-12-07T11:02:26.981875Z  WARN ThreadId(24) hotstuff_runner::smrol::network: ⚠️ [Check] Writer 0 -> 61 slow write: 70.761878ms
2025-12-07T11:02:26.982324Z  WARN ThreadId(24) hotstuff_runner::smrol::network: ⚠️ [Check] Writer 0 -> 59 slow write: 71.561319ms
2025-12-07T11:02:26.983604Z  WARN ThreadId(24) hotstuff_runner::smrol::network: ⚠️ [Check] Writer 0 -> 58 slow write: 72.497105ms
2025-12-07T11:02:26.983608Z  WARN ThreadId(25) hotstuff_runner::smrol::network: ⚠️ [Check] Writer 0 -> 62 slow write: 67.625574ms
2025-12-07T11:02:26.984073Z  WARN ThreadId(25) hotstuff_runner::smrol::network: ⚠️ [Check] Writer 0 -> 63 slow write: 68.716003ms
2025-12-07T11:02:26.984542Z  WARN ThreadId(25) hotstuff_runner::smrol::network: ⚠️ [Check] Writer 0 -> 60 slow write: 68.355253ms
2025-12-07T11:02:28.825532Z  WARN ThreadId(09) docker_node: HotStuff processing bottleneck detected:
2025-12-07T11:02:28.825554Z  WARN ThreadId(09) docker_node:    - HotStuff queue backlog: 9483 transactions
2025-12-07T11:02:28.825561Z  WARN ThreadId(09) docker_node:    - Confirmation TPS (0.0) much lower than submission TPS (0.4)
2025-12-07T11:02:28.825566Z  WARN ThreadId(09) docker_node:    - Possible cause: HotStuff consensus network delay or block size limitation
2025-12-07T11:02:28.825577Z  WARN ThreadId(09) docker_node:   Connection reuse ineffective (2.0 msg/conn)
2025-12-07T11:02:28.936224Z  WARN ThreadId(09) docker_node: Node 0 Regular transaction queue backlog: 202304 transactions
2025-12-07T11:02:33.826330Z  WARN ThreadId(09) docker_node:   Connection reuse ineffective (2.0 msg/conn)
2025-12-07T11:02:33.935439Z  WARN ThreadId(09) docker_node: Node 0 Regular transaction queue backlog: 202304 transactions
2025-12-07T11:02:36.296517Z  WARN ThreadId(21) hotstuff_runner::tcp_node: Node 0 view 90 timed out; latency may accumulate
2025-12-07T11:02:38.674154Z  WARN ThreadId(20) hotstuff_rs::block_tree::invariants: SAFE_PC_FAIL: pc.block=[85, 16, 192, 33, 125, 93, 144, 14, 127, 41, 253, 73, 236, 223, 233, 17, 245, 74, 128, 216, 178, 206, 9, 66, 240, 240, 223, 74, 140, 200, 238, 34] view=84 phase=Generic | cond1(chain_id/genesis)=true (pc.chain_id=0, my.chain_id=0) | cond2(block_exists/genesis)=true (exists=true) | cond3(view>locked || extends)=false (pc.view=84, locked.view=88, extends=false) | cond4(phase/updates)=true (phase_special=false, has_updates=false) | highest_pc.block=[232, 110, 170, 230, 137, 215, 183, 225, 186, 181, 234, 53, 230, 130, 237, 159, 134, 8, 202, 41, 31, 123, 20, 120, 70, 130, 123, 255, 118, 76, 41, 200] highest_pc.view=89 locked.block=[228, 170, 159, 90, 46, 26, 157, 215, 244, 170, 200, 150, 9, 205, 221, 221, 122, 102, 84, 192, 155, 155, 193, 229, 141, 252, 167, 204, 160, 4, 41, 138] locked.view=88    
2025-12-07T11:02:38.674202Z  WARN ThreadId(20) hotstuff_rs::block_tree::invariants: SAFE_BLOCK_FAIL: block=[39, 115, 191, 200, 205, 159, 190, 150, 79, 178, 0, 125, 136, 234, 111, 66, 125, 47, 142, 219, 2, 4, 101, 164, 39, 47, 2, 161, 84, 201, 151, 173] height=None | cond1(safe_pc)=false | cond2(is_block_justify)=true (justify.phase=Generic) | justify.block=[85, 16, 192, 33, 125, 93, 144, 14, 127, 41, 253, 73, 236, 223, 233, 17, 245, 74, 128, 216, 178, 206, 9, 66, 240, 240, 223, 74, 140, 200, 238, 34] justify.view=84 | highest_pc.block=[232, 110, 170, 230, 137, 215, 183, 225, 186, 181, 234, 53, 230, 130, 237, 159, 134, 8, 202, 41, 31, 123, 20, 120, 70, 130, 123, 255, 118, 76, 41, 200] highest_pc.view=89 | locked.block=[228, 170, 159, 90, 46, 26, 157, 215, 244, 170, 200, 150, 9, 205, 221, 221, 122, 102, 84, 192, 155, 155, 193, 229, 141, 252, 167, 204, 160, 4, 41, 138] locked.view=88    
2025-12-07T11:02:38.826259Z  WARN ThreadId(02) docker_node:   Connection reuse ineffective (2.0 msg/conn)
2025-12-07T11:02:38.936291Z  WARN ThreadId(09) docker_node: Node 0 Regular transaction queue backlog: 202304 transactions
2025-12-07T11:02:41.298235Z  WARN ThreadId(21) hotstuff_runner::tcp_node: Node 0 view 91 timed out; latency may accumulate
2025-12-07T11:02:43.825655Z  WARN ThreadId(09) docker_node:   Connection reuse ineffective (2.0 msg/conn)
2025-12-07T11:02:43.935913Z  WARN ThreadId(09) docker_node: Node 0 Regular transaction queue backlog: 202304 transactions
2025-12-07T11:02:46.299654Z  WARN ThreadId(21) hotstuff_runner::tcp_node: Node 0 view 92 timed out; latency may accumulate
2025-12-07T11:02:48.825949Z  WARN ThreadId(09) docker_node:   Connection reuse ineffective (2.0 msg/conn)
2025-12-07T11:02:48.936105Z  WARN ThreadId(08) docker_node: Node 0 Regular transaction queue backlog: 202304 transactions
2025-12-07T11:02:53.636268Z  WARN ThreadId(20) hotstuff_runner::app: Node 0 [produce_block] queue size: 202304, attempting up to 180000 transactions this block    
2025-12-07T11:02:53.698807Z  WARN ThreadId(20) hotstuff_runner::app: Node 0 view(104) far exceeds block count (1); potential sync issue    
2025-12-07T11:02:53.826411Z  WARN ThreadId(09) docker_node:   Connection reuse ineffective (2.0 msg/conn)
2025-12-07T11:02:58.826438Z  WARN ThreadId(04) docker_node:   Connection reuse ineffective (2.0 msg/conn)
2025-12-07T11:03:03.826094Z  WARN ThreadId(04) docker_node:   Connection reuse ineffective (2.0 msg/conn)
2025-12-07T11:03:06.562716Z  WARN ThreadId(20) hotstuff_rs::block_tree::invariants: SAFE_PC_FAIL: pc.block=[85, 16, 192, 33, 125, 93, 144, 14, 127, 41, 253, 73, 236, 223, 233, 17, 245, 74, 128, 216, 178, 206, 9, 66, 240, 240, 223, 74, 140, 200, 238, 34] view=84 phase=Generic | cond1(chain_id/genesis)=true (pc.chain_id=0, my.chain_id=0) | cond2(block_exists/genesis)=true (exists=true) | cond3(view>locked || extends)=false (pc.view=84, locked.view=108, extends=false) | cond4(phase/updates)=true (phase_special=false, has_updates=false) | highest_pc.block=[0, 234, 146, 90, 42, 249, 55, 234, 230, 109, 97, 23, 212, 119, 202, 36, 116, 115, 240, 195, 31, 189, 206, 19, 222, 188, 29, 28, 173, 213, 91, 8] highest_pc.view=109 locked.block=[167, 92, 97, 84, 162, 22, 251, 54, 13, 236, 123, 226, 183, 72, 94, 211, 62, 95, 142, 17, 78, 82, 151, 224, 214, 39, 92, 102, 150, 163, 177, 3] locked.view=108    
2025-12-07T11:03:06.562762Z  WARN ThreadId(20) hotstuff_rs::block_tree::invariants: SAFE_BLOCK_FAIL: block=[145, 147, 108, 235, 145, 176, 199, 132, 37, 153, 194, 202, 89, 174, 232, 105, 42, 39, 199, 84, 148, 68, 78, 8, 22, 175, 0, 149, 94, 64, 71, 19] height=None | cond1(safe_pc)=false | cond2(is_block_justify)=true (justify.phase=Generic) | justify.block=[85, 16, 192, 33, 125, 93, 144, 14, 127, 41, 253, 73, 236, 223, 233, 17, 245, 74, 128, 216, 178, 206, 9, 66, 240, 240, 223, 74, 140, 200, 238, 34] justify.view=84 | highest_pc.block=[0, 234, 146, 90, 42, 249, 55, 234, 230, 109, 97, 23, 212, 119, 202, 36, 116, 115, 240, 195, 31, 189, 206, 19, 222, 188, 29, 28, 173, 213, 91, 8] highest_pc.view=109 | locked.block=[167, 92, 97, 84, 162, 22, 251, 54, 13, 236, 123, 226, 183, 72, 94, 211, 62, 95, 142, 17, 78, 82, 151, 224, 214, 39, 92, 102, 150, 163, 177, 3] locked.view=108    
2025-12-07T11:03:08.825910Z  WARN ThreadId(04) docker_node:   Connection reuse ineffective (2.0 msg/conn)
2025-12-07T11:03:11.556069Z  WARN ThreadId(20) hotstuff_rs::block_tree::invariants: SAFE_PC_FAIL: pc.block=[85, 16, 192, 33, 125, 93, 144, 14, 127, 41, 253, 73, 236, 223, 233, 17, 245, 74, 128, 216, 178, 206, 9, 66, 240, 240, 223, 74, 140, 200, 238, 34] view=84 phase=Generic | cond1(chain_id/genesis)=true (pc.chain_id=0, my.chain_id=0) | cond2(block_exists/genesis)=true (exists=true) | cond3(view>locked || extends)=false (pc.view=84, locked.view=108, extends=false) | cond4(phase/updates)=true (phase_special=false, has_updates=false) | highest_pc.block=[0, 234, 146, 90, 42, 249, 55, 234, 230, 109, 97, 23, 212, 119, 202, 36, 116, 115, 240, 195, 31, 189, 206, 19, 222, 188, 29, 28, 173, 213, 91, 8] highest_pc.view=109 locked.block=[167, 92, 97, 84, 162, 22, 251, 54, 13, 236, 123, 226, 183, 72, 94, 211, 62, 95, 142, 17, 78, 82, 151, 224, 214, 39, 92, 102, 150, 163, 177, 3] locked.view=108    
2025-12-07T11:03:11.556117Z  WARN ThreadId(20) hotstuff_rs::block_tree::invariants: SAFE_BLOCK_FAIL: block=[71, 114, 253, 88, 223, 149, 237, 30, 109, 146, 171, 134, 66, 1, 236, 95, 176, 110, 190, 15, 236, 212, 225, 118, 101, 251, 66, 237, 45, 213, 80, 54] height=None | cond1(safe_pc)=false | cond2(is_block_justify)=true (justify.phase=Generic) | justify.block=[85, 16, 192, 33, 125, 93, 144, 14, 127, 41, 253, 73, 236, 223, 233, 17, 245, 74, 128, 216, 178, 206, 9, 66, 240, 240, 223, 74, 140, 200, 238, 34] justify.view=84 | highest_pc.block=[0, 234, 146, 90, 42, 249, 55, 234, 230, 109, 97, 23, 212, 119, 202, 36, 116, 115, 240, 195, 31, 189, 206, 19, 222, 188, 29, 28, 173, 213, 91, 8] highest_pc.view=109 | locked.block=[167, 92, 97, 84, 162, 22, 251, 54, 13, 236, 123, 226, 183, 72, 94, 211, 62, 95, 142, 17, 78, 82, 151, 224, 214, 39, 92, 102, 150, 163, 177, 3] locked.view=108    
2025-12-07T11:03:13.312283Z  WARN ThreadId(21) hotstuff_runner::tcp_node: Node 0 view 112 timed out; latency may accumulate
2025-12-07T11:03:13.825522Z  WARN ThreadId(04) docker_node:   Connection reuse ineffective (2.0 msg/conn)
2025-12-07T11:03:18.313572Z  WARN ThreadId(21) hotstuff_runner::tcp_node: Node 0 view 113 timed out; latency may accumulate
2025-12-07T11:03:18.825515Z  WARN ThreadId(04) docker_node:   Connection reuse ineffective (2.0 msg/conn)
2025-12-07T11:03:23.315035Z  WARN ThreadId(21) hotstuff_runner::tcp_node: Node 0 view 114 timed out; latency may accumulate
2025-12-07T11:03:23.825541Z  WARN ThreadId(08) docker_node:   Connection reuse ineffective (2.0 msg/conn)
2025-12-07T11:03:26.489245Z  WARN ThreadId(20) hotstuff_rs::block_tree::invariants: SAFE_PC_FAIL: pc.block=[243, 55, 214, 66, 176, 124, 245, 160, 239, 60, 59, 167, 251, 221, 91, 1, 171, 159, 30, 118, 186, 27, 157, 134, 239, 56, 127, 23, 187, 92, 209, 48] view=85 phase=Generic | cond1(chain_id/genesis)=true (pc.chain_id=0, my.chain_id=0) | cond2(block_exists/genesis)=true (exists=true) | cond3(view>locked || extends)=false (pc.view=85, locked.view=108, extends=false) | cond4(phase/updates)=true (phase_special=false, has_updates=false) | highest_pc.block=[0, 234, 146, 90, 42, 249, 55, 234, 230, 109, 97, 23, 212, 119, 202, 36, 116, 115, 240, 195, 31, 189, 206, 19, 222, 188, 29, 28, 173, 213, 91, 8] highest_pc.view=109 locked.block=[167, 92, 97, 84, 162, 22, 251, 54, 13, 236, 123, 226, 183, 72, 94, 211, 62, 95, 142, 17, 78, 82, 151, 224, 214, 39, 92, 102, 150, 163, 177, 3] locked.view=108    
2025-12-07T11:03:26.489283Z  WARN ThreadId(20) hotstuff_rs::block_tree::invariants: SAFE_BLOCK_FAIL: block=[231, 132, 143, 114, 242, 91, 36, 99, 149, 158, 41, 37, 185, 56, 253, 56, 38, 35, 182, 172, 115, 238, 12, 94, 236, 149, 226, 239, 65, 231, 109, 201] height=None | cond1(safe_pc)=false | cond2(is_block_justify)=true (justify.phase=Generic) | justify.block=[243, 55, 214, 66, 176, 124, 245, 160, 239, 60, 59, 167, 251, 221, 91, 1, 171, 159, 30, 118, 186, 27, 157, 134, 239, 56, 127, 23, 187, 92, 209, 48] justify.view=85 | highest_pc.block=[0, 234, 146, 90, 42, 249, 55, 234, 230, 109, 97, 23, 212, 119, 202, 36, 116, 115, 240, 195, 31, 189, 206, 19, 222, 188, 29, 28, 173, 213, 91, 8] highest_pc.view=109 | locked.block=[167, 92, 97, 84, 162, 22, 251, 54, 13, 236, 123, 226, 183, 72, 94, 211, 62, 95, 142, 17, 78, 82, 151, 224, 214, 39, 92, 102, 150, 163, 177, 3] locked.view=108    
2025-12-07T11:03:28.316498Z  WARN ThreadId(21) hotstuff_runner::tcp_node: Node 0 view 115 timed out; latency may accumulate
2025-12-07T11:03:28.493002Z  WARN ThreadId(20) hotstuff_rs::block_tree::invariants: SAFE_PC_FAIL: pc.block=[243, 55, 214, 66, 176, 124, 245, 160, 239, 60, 59, 167, 251, 221, 91, 1, 171, 159, 30, 118, 186, 27, 157, 134, 239, 56, 127, 23, 187, 92, 209, 48] view=85 phase=Generic | cond1(chain_id/genesis)=true (pc.chain_id=0, my.chain_id=0) | cond2(block_exists/genesis)=true (exists=true) | cond3(view>locked || extends)=false (pc.view=85, locked.view=108, extends=false) | cond4(phase/updates)=true (phase_special=false, has_updates=false) | highest_pc.block=[0, 234, 146, 90, 42, 249, 55, 234, 230, 109, 97, 23, 212, 119, 202, 36, 116, 115, 240, 195, 31, 189, 206, 19, 222, 188, 29, 28, 173, 213, 91, 8] highest_pc.view=109 locked.block=[167, 92, 97, 84, 162, 22, 251, 54, 13, 236, 123, 226, 183, 72, 94, 211, 62, 95, 142, 17, 78, 82, 151, 224, 214, 39, 92, 102, 150, 163, 177, 3] locked.view=108    
2025-12-07T11:03:28.493040Z  WARN ThreadId(20) hotstuff_rs::block_tree::invariants: SAFE_BLOCK_FAIL: block=[187, 6, 210, 248, 132, 90, 211, 57, 3, 142, 115, 134, 153, 34, 121, 150, 180, 221, 221, 208, 228, 147, 63, 3, 33, 226, 46, 126, 160, 128, 30, 216] height=None | cond1(safe_pc)=false | cond2(is_block_justify)=true (justify.phase=Generic) | justify.block=[243, 55, 214, 66, 176, 124, 245, 160, 239, 60, 59, 167, 251, 221, 91, 1, 171, 159, 30, 118, 186, 27, 157, 134, 239, 56, 127, 23, 187, 92, 209, 48] justify.view=85 | highest_pc.block=[0, 234, 146, 90, 42, 249, 55, 234, 230, 109, 97, 23, 212, 119, 202, 36, 116, 115, 240, 195, 31, 189, 206, 19, 222, 188, 29, 28, 173, 213, 91, 8] highest_pc.view=109 | locked.block=[167, 92, 97, 84, 162, 22, 251, 54, 13, 236, 123, 226, 183, 72, 94, 211, 62, 95, 142, 17, 78, 82, 151, 224, 214, 39, 92, 102, 150, 163, 177, 3] locked.view=108    
2025-12-07T11:03:28.826471Z  WARN ThreadId(08) docker_node:   Connection reuse ineffective (2.0 msg/conn)
2025-12-07T11:03:33.316805Z  WARN ThreadId(21) hotstuff_runner::tcp_node: Node 0 view 116 timed out; latency may accumulate
2025-12-07T11:03:33.483840Z  WARN ThreadId(20) hotstuff_rs::block_tree::invariants: SAFE_PC_FAIL: pc.block=[243, 55, 214, 66, 176, 124, 245, 160, 239, 60, 59, 167, 251, 221, 91, 1, 171, 159, 30, 118, 186, 27, 157, 134, 239, 56, 127, 23, 187, 92, 209, 48] view=85 phase=Generic | cond1(chain_id/genesis)=true (pc.chain_id=0, my.chain_id=0) | cond2(block_exists/genesis)=true (exists=true) | cond3(view>locked || extends)=false (pc.view=85, locked.view=108, extends=false) | cond4(phase/updates)=true (phase_special=false, has_updates=false) | highest_pc.block=[0, 234, 146, 90, 42, 249, 55, 234, 230, 109, 97, 23, 212, 119, 202, 36, 116, 115, 240, 195, 31, 189, 206, 19, 222, 188, 29, 28, 173, 213, 91, 8] highest_pc.view=109 locked.block=[167, 92, 97, 84, 162, 22, 251, 54, 13, 236, 123, 226, 183, 72, 94, 211, 62, 95, 142, 17, 78, 82, 151, 224, 214, 39, 92, 102, 150, 163, 177, 3] locked.view=108    
2025-12-07T11:03:33.483880Z  WARN ThreadId(20) hotstuff_rs::block_tree::invariants: SAFE_BLOCK_FAIL: block=[202, 43, 220, 16, 38, 249, 65, 104, 181, 74, 1, 208, 106, 23, 237, 239, 199, 255, 178, 123, 8, 145, 148, 233, 200, 86, 149, 213, 166, 87, 228, 14] height=None | cond1(safe_pc)=false | cond2(is_block_justify)=true (justify.phase=Generic) | justify.block=[243, 55, 214, 66, 176, 124, 245, 160, 239, 60, 59, 167, 251, 221, 91, 1, 171, 159, 30, 118, 186, 27, 157, 134, 239, 56, 127, 23, 187, 92, 209, 48] justify.view=85 | highest_pc.block=[0, 234, 146, 90, 42, 249, 55, 234, 230, 109, 97, 23, 212, 119, 202, 36, 116, 115, 240, 195, 31, 189, 206, 19, 222, 188, 29, 28, 173, 213, 91, 8] highest_pc.view=109 | locked.block=[167, 92, 97, 84, 162, 22, 251, 54, 13, 236, 123, 226, 183, 72, 94, 211, 62, 95, 142, 17, 78, 82, 151, 224, 214, 39, 92, 102, 150, 163, 177, 3] locked.view=108    
2025-12-07T11:03:33.825828Z  WARN ThreadId(08) docker_node:   Connection reuse ineffective (2.0 msg/conn)
2025-12-07T11:03:38.826296Z  WARN ThreadId(08) docker_node:   Connection reuse ineffective (2.0 msg/conn)
2025-12-07T11:03:43.320293Z  WARN ThreadId(21) hotstuff_runner::tcp_node: Node 0 view 118 timed out; latency may accumulate
2025-12-07T11:03:43.825514Z  WARN ThreadId(08) docker_node:   Connection reuse ineffective (2.0 msg/conn)
2025-12-07T11:03:45.037187Z  WARN ThreadId(20) hotstuff_rs::block_tree::invariants: SAFE_PC_FAIL: pc.block=[243, 55, 214, 66, 176, 124, 245, 160, 239, 60, 59, 167, 251, 221, 91, 1, 171, 159, 30, 118, 186, 27, 157, 134, 239, 56, 127, 23, 187, 92, 209, 48] view=85 phase=Generic | cond1(chain_id/genesis)=true (pc.chain_id=0, my.chain_id=0) | cond2(block_exists/genesis)=true (exists=true) | cond3(view>locked || extends)=false (pc.view=85, locked.view=108, extends=false) | cond4(phase/updates)=true (phase_special=false, has_updates=false) | highest_pc.block=[0, 234, 146, 90, 42, 249, 55, 234, 230, 109, 97, 23, 212, 119, 202, 36, 116, 115, 240, 195, 31, 189, 206, 19, 222, 188, 29, 28, 173, 213, 91, 8] highest_pc.view=109 locked.block=[167, 92, 97, 84, 162, 22, 251, 54, 13, 236, 123, 226, 183, 72, 94, 211, 62, 95, 142, 17, 78, 82, 151, 224, 214, 39, 92, 102, 150, 163, 177, 3] locked.view=108    
2025-12-07T11:03:45.037234Z  WARN ThreadId(20) hotstuff_rs::block_tree::invariants: SAFE_BLOCK_FAIL: block=[46, 161, 204, 187, 140, 76, 102, 141, 166, 249, 51, 137, 230, 172, 150, 76, 155, 86, 102, 22, 233, 204, 238, 106, 24, 34, 121, 110, 31, 151, 143, 182] height=None | cond1(safe_pc)=false | cond2(is_block_justify)=true (justify.phase=Generic) | justify.block=[243, 55, 214, 66, 176, 124, 245, 160, 239, 60, 59, 167, 251, 221, 91, 1, 171, 159, 30, 118, 186, 27, 157, 134, 239, 56, 127, 23, 187, 92, 209, 48] justify.view=85 | highest_pc.block=[0, 234, 146, 90, 42, 249, 55, 234, 230, 109, 97, 23, 212, 119, 202, 36, 116, 115, 240, 195, 31, 189, 206, 19, 222, 188, 29, 28, 173, 213, 91, 8] highest_pc.view=109 | locked.block=[167, 92, 97, 84, 162, 22, 251, 54, 13, 236, 123, 226, 183, 72, 94, 211, 62, 95, 142, 17, 78, 82, 151, 224, 214, 39, 92, 102, 150, 163, 177, 3] locked.view=108    
2025-12-07T11:03:48.322039Z  WARN ThreadId(21) hotstuff_runner::tcp_node: Node 0 view 119 timed out; latency may accumulate
2025-12-07T11:03:48.826267Z  WARN ThreadId(08) docker_node:   Connection reuse ineffective (2.0 msg/conn)
2025-12-07T11:03:53.323421Z  WARN ThreadId(21) hotstuff_runner::tcp_node: Node 0 view 120 timed out; latency may accumulate
2025-12-07T11:03:53.826223Z  WARN ThreadId(09) docker_node:   Connection reuse ineffective (2.0 msg/conn)
2025-12-07T11:03:58.324757Z  WARN ThreadId(21) hotstuff_runner::tcp_node: Node 0 view 121 timed out; latency may accumulate
2025-12-07T11:03:58.825916Z  WARN ThreadId(09) docker_node:   Connection reuse ineffective (2.0 msg/conn)
2025-12-07T11:04:03.326109Z  WARN ThreadId(21) hotstuff_runner::tcp_node: Node 0 view 122 timed out; latency may accumulate
2025-12-07T11:04:03.826282Z  WARN ThreadId(09) docker_node:   Connection reuse ineffective (2.0 msg/conn)
2025-12-07T11:04:08.327419Z  WARN ThreadId(21) hotstuff_runner::tcp_node: Node 0 view 123 timed out; latency may accumulate
2025-12-07T11:04:08.825776Z  WARN ThreadId(09) docker_node:   Connection reuse ineffective (2.0 msg/conn)
2025-12-07T11:04:13.328871Z  WARN ThreadId(21) hotstuff_runner::tcp_node: Node 0 view 124 timed out; latency may accumulate
2025-12-07T11:04:13.524247Z  WARN ThreadId(20) hotstuff_rs::block_tree::invariants: SAFE_PC_FAIL: pc.block=[243, 55, 214, 66, 176, 124, 245, 160, 239, 60, 59, 167, 251, 221, 91, 1, 171, 159, 30, 118, 186, 27, 157, 134, 239, 56, 127, 23, 187, 92, 209, 48] view=85 phase=Generic | cond1(chain_id/genesis)=true (pc.chain_id=0, my.chain_id=0) | cond2(block_exists/genesis)=true (exists=true) | cond3(view>locked || extends)=false (pc.view=85, locked.view=108, extends=false) | cond4(phase/updates)=true (phase_special=false, has_updates=false) | highest_pc.block=[0, 234, 146, 90, 42, 249, 55, 234, 230, 109, 97, 23, 212, 119, 202, 36, 116, 115, 240, 195, 31, 189, 206, 19, 222, 188, 29, 28, 173, 213, 91, 8] highest_pc.view=109 locked.block=[167, 92, 97, 84, 162, 22, 251, 54, 13, 236, 123, 226, 183, 72, 94, 211, 62, 95, 142, 17, 78, 82, 151, 224, 214, 39, 92, 102, 150, 163, 177, 3] locked.view=108    
2025-12-07T11:04:13.524283Z  WARN ThreadId(20) hotstuff_rs::block_tree::invariants: SAFE_BLOCK_FAIL: block=[69, 179, 116, 219, 191, 139, 196, 151, 127, 32, 156, 225, 44, 28, 88, 146, 232, 13, 174, 1, 132, 13, 96, 195, 225, 245, 76, 79, 187, 91, 112, 69] height=None | cond1(safe_pc)=false | cond2(is_block_justify)=true (justify.phase=Generic) | justify.block=[243, 55, 214, 66, 176, 124, 245, 160, 239, 60, 59, 167, 251, 221, 91, 1, 171, 159, 30, 118, 186, 27, 157, 134, 239, 56, 127, 23, 187, 92, 209, 48] justify.view=85 | highest_pc.block=[0, 234, 146, 90, 42, 249, 55, 234, 230, 109, 97, 23, 212, 119, 202, 36, 116, 115, 240, 195, 31, 189, 206, 19, 222, 188, 29, 28, 173, 213, 91, 8] highest_pc.view=109 | locked.block=[167, 92, 97, 84, 162, 22, 251, 54, 13, 236, 123, 226, 183, 72, 94, 211, 62, 95, 142, 17, 78, 82, 151, 224, 214, 39, 92, 102, 150, 163, 177, 3] locked.view=108    
2025-12-07T11:04:13.825881Z  WARN ThreadId(09) docker_node:   Connection reuse ineffective (2.0 msg/conn)
2025-12-07T11:04:18.330279Z  WARN ThreadId(21) hotstuff_runner::tcp_node: Node 0 view 125 timed out; latency may accumulate
2025-12-07T11:04:18.826444Z  WARN ThreadId(09) docker_node:   Connection reuse ineffective (2.0 msg/conn)
2025-12-07T11:04:23.825553Z  WARN ThreadId(08) docker_node:   Connection reuse ineffective (2.0 msg/conn)
2025-12-07T11:04:28.332947Z  WARN ThreadId(21) hotstuff_runner::tcp_node: Node 0 view 127 timed out; latency may accumulate
2025-12-07T11:04:28.826014Z  WARN ThreadId(08) docker_node:   Connection reuse ineffective (2.0 msg/conn)
2025-12-07T11:04:33.334232Z  WARN ThreadId(21) hotstuff_runner::tcp_node: Node 0 view 128 timed out; latency may accumulate
2025-12-07T11:04:33.826287Z  WARN ThreadId(08) docker_node:   Connection reuse ineffective (2.0 msg/conn)
2025-12-07T11:04:38.825520Z  WARN ThreadId(08) docker_node:   Connection reuse ineffective (2.0 msg/conn)
