2025-11-14T01:54:51.498002Z  WARN ThreadId(01) docker_node: metrics exporter disabled by SMROL_DISABLE_METRICS
2025-11-14T01:55:11.712433Z  WARN ThreadId(01) hotstuff_runner::tcp_node: Node 0 view timeout set to 3000 ms
2025-11-14T01:55:11.720321Z ERROR ThreadId(22) hotstuff_runner::pompe_network: Node 0 failed to connect to node 1: Connection refused (os error 111)
2025-11-14T01:55:11.723474Z  WARN ThreadId(01) hotstuff_runner::smrol::sequencing: SMROL_MEDIAN_INFLIGHT=24, SMROL_ORDER_FINALIZE_INFLIGHT=4, SMROL_FINAL_SIGN_INFLIGHT=4, SMROL_FINAL_VERIFY_INFLIGHT=24
2025-11-14T01:55:11.723556Z  WARN ThreadId(01) hotstuff_runner::smrol::sequencing: [Sequencing] Node 0 multi-signature verification disabled: false
2025-11-14T01:55:11.724349Z  WARN ThreadId(04) hotstuff_runner::smrol::sequencing: [Sequencing] Node 0 final verify dispatcher started
2025-11-14T01:55:13.052838Z ERROR ThreadId(22) hotstuff_runner::pompe_network: Node 0 failed to connect to node 14: Connection refused (os error 111)
2025-11-14T01:55:16.594628Z  WARN ThreadId(20) hotstuff_runner::app: Node 0 [produce_block] queue size: 0, attempting up to 0 transactions this block    
2025-11-14T01:55:16.724926Z  WARN ThreadId(04) docker_node:   Connection reuse ineffective (2.0 msg/conn)
2025-11-14T01:55:16.727961Z  WARN ThreadId(01) docker_node: Node 0 port 20000 temporarily unreachable: failed to lookup address information: Temporary failure in name resolution
2025-11-14T01:55:16.729744Z  WARN ThreadId(01) docker_node: Node 1 port 20001 temporarily unreachable: failed to lookup address information: Temporary failure in name resolution
2025-11-14T01:55:16.731454Z  WARN ThreadId(01) docker_node: Node 2 port 20002 temporarily unreachable: failed to lookup address information: Temporary failure in name resolution
2025-11-14T01:55:16.733260Z  WARN ThreadId(01) docker_node: Node 3 port 20003 temporarily unreachable: failed to lookup address information: Temporary failure in name resolution
2025-11-14T01:55:16.735069Z  WARN ThreadId(01) docker_node: Node 4 port 20004 temporarily unreachable: failed to lookup address information: Temporary failure in name resolution
2025-11-14T01:55:16.736828Z  WARN ThreadId(01) docker_node: Node 5 port 20005 temporarily unreachable: failed to lookup address information: Temporary failure in name resolution
2025-11-14T01:55:16.738651Z  WARN ThreadId(01) docker_node: Node 6 port 20006 temporarily unreachable: failed to lookup address information: Temporary failure in name resolution
2025-11-14T01:55:16.740403Z  WARN ThreadId(01) docker_node: Node 7 port 20007 temporarily unreachable: failed to lookup address information: Temporary failure in name resolution
2025-11-14T01:55:16.742229Z  WARN ThreadId(01) docker_node: Node 8 port 20008 temporarily unreachable: failed to lookup address information: Temporary failure in name resolution
2025-11-14T01:55:16.743924Z  WARN ThreadId(01) docker_node: Node 9 port 20009 temporarily unreachable: failed to lookup address information: Temporary failure in name resolution
2025-11-14T01:55:16.745455Z  WARN ThreadId(01) docker_node: Node 10 port 20010 temporarily unreachable: failed to lookup address information: Temporary failure in name resolution
2025-11-14T01:55:16.747175Z  WARN ThreadId(01) docker_node: Node 11 port 20011 temporarily unreachable: failed to lookup address information: Temporary failure in name resolution
2025-11-14T01:55:16.748889Z  WARN ThreadId(01) docker_node: Node 12 port 20012 temporarily unreachable: failed to lookup address information: Temporary failure in name resolution
2025-11-14T01:55:16.750722Z  WARN ThreadId(01) docker_node: Node 13 port 20013 temporarily unreachable: failed to lookup address information: Temporary failure in name resolution
2025-11-14T01:55:16.752469Z  WARN ThreadId(01) docker_node: Node 14 port 20014 temporarily unreachable: failed to lookup address information: Temporary failure in name resolution
2025-11-14T01:55:16.754366Z  WARN ThreadId(01) docker_node: Node 15 port 20015 temporarily unreachable: failed to lookup address information: Temporary failure in name resolution
2025-11-14T01:55:19.128196Z  WARN ThreadId(20) hotstuff_runner::app: Node 0 [produce_block] queue size: 0, attempting up to 0 transactions this block    
2025-11-14T01:55:21.677102Z  WARN ThreadId(20) hotstuff_runner::app: Node 0 [produce_block] queue size: 0, attempting up to 0 transactions this block    
2025-11-14T01:55:21.725322Z  WARN ThreadId(04) docker_node:   Connection reuse ineffective (2.0 msg/conn)
2025-11-14T01:55:24.180585Z  WARN ThreadId(20) hotstuff_runner::app: Node 0 [produce_block] queue size: 0, attempting up to 0 transactions this block    
2025-11-14T01:55:26.687889Z  WARN ThreadId(20) hotstuff_runner::app: Node 0 [produce_block] queue size: 0, attempting up to 0 transactions this block    
2025-11-14T01:55:26.725030Z  WARN ThreadId(04) docker_node:   Connection reuse ineffective (2.0 msg/conn)
2025-11-14T01:55:29.194952Z  WARN ThreadId(20) hotstuff_runner::app: Node 0 [produce_block] queue size: 0, attempting up to 0 transactions this block    
2025-11-14T01:55:31.706764Z  WARN ThreadId(20) hotstuff_runner::app: Node 0 [produce_block] queue size: 0, attempting up to 0 transactions this block    
2025-11-14T01:55:31.724908Z  WARN ThreadId(04) docker_node:   Connection reuse ineffective (2.0 msg/conn)
2025-11-14T01:55:34.208433Z  WARN ThreadId(20) hotstuff_runner::app: Node 0 [produce_block] queue size: 0, attempting up to 0 transactions this block    
2025-11-14T01:55:34.208454Z  WARN ThreadId(20) hotstuff_runner::app: Node 0 view(121) far exceeds block count (7); potential sync issue    
2025-11-14T01:55:36.715703Z  WARN ThreadId(20) hotstuff_runner::app: Node 0 [produce_block] queue size: 0, attempting up to 0 transactions this block    
2025-11-14T01:55:36.715724Z  WARN ThreadId(20) hotstuff_runner::app: Node 0 view(137) far exceeds block count (8); potential sync issue    
2025-11-14T01:55:36.725038Z  WARN ThreadId(04) docker_node:   Connection reuse ineffective (2.0 msg/conn)
2025-11-14T01:55:39.226348Z  WARN ThreadId(20) hotstuff_runner::app: Node 0 [produce_block] queue size: 1497, attempting up to 1497 transactions this block    
2025-11-14T01:55:39.226900Z  WARN ThreadId(20) hotstuff_runner::app: Node 0 view(153) far exceeds block count (9); potential sync issue    
2025-11-14T01:55:39.779370Z  WARN ThreadId(21) hotstuff_runner::tcp_node: Detected transaction backlog: submit rate (4.7) > confirm rate (0.0)
2025-11-14T01:55:39.881032Z  WARN ThreadId(25) hotstuff_runner::smrol::network: ⚠️ [Check] Writer 0 -> 4 slow write: 70.229394ms
2025-11-14T01:55:39.881201Z  WARN ThreadId(24) hotstuff_runner::smrol::network: ⚠️ [Check] Writer 0 -> 5 slow write: 71.72165ms
2025-11-14T01:55:39.883145Z  WARN ThreadId(25) hotstuff_runner::smrol::network: ⚠️ [Check] Writer 0 -> 10 slow write: 7.880713ms
2025-11-14T01:55:39.883405Z  WARN ThreadId(24) hotstuff_runner::smrol::network: ⚠️ [Check] Writer 0 -> 11 slow write: 12.900403ms
2025-11-14T01:55:39.884986Z  WARN ThreadId(24) hotstuff_runner::smrol::network: ⚠️ [Check] Writer 0 -> 14 slow write: 10.869179ms
2025-11-14T01:55:39.885073Z  WARN ThreadId(25) hotstuff_runner::smrol::network: ⚠️ [Check] Writer 0 -> 15 slow write: 20.418484ms
2025-11-14T01:55:41.725580Z  WARN ThreadId(07) docker_node:   Connection reuse ineffective (2.0 msg/conn)
2025-11-14T01:55:41.755328Z  WARN ThreadId(07) docker_node: Node 0 Regular transaction queue backlog: 43486 transactions
2025-11-14T01:55:43.840193Z  WARN ThreadId(21) hotstuff_runner::tcp_node: Node 0 view 156 timed out; latency may accumulate
2025-11-14T01:55:46.725159Z  WARN ThreadId(03) docker_node: HotStuff processing bottleneck detected:
2025-11-14T01:55:46.725186Z  WARN ThreadId(03) docker_node:    - HotStuff queue backlog: 43486 transactions
2025-11-14T01:55:46.725194Z  WARN ThreadId(03) docker_node:    - Confirmation TPS (0.0) much lower than submission TPS (0.9)
2025-11-14T01:55:46.725200Z  WARN ThreadId(03) docker_node:    - Possible cause: HotStuff consensus network delay or block size limitation
2025-11-14T01:55:46.725212Z  WARN ThreadId(03) docker_node:   Connection reuse ineffective (2.0 msg/conn)
2025-11-14T01:55:46.755353Z  WARN ThreadId(03) docker_node: Node 0 Regular transaction queue backlog: 43486 transactions
2025-11-14T01:55:51.725113Z  WARN ThreadId(03) docker_node:   Connection reuse ineffective (2.0 msg/conn)
2025-11-14T01:55:51.755259Z  WARN ThreadId(03) docker_node: Node 0 Regular transaction queue backlog: 43486 transactions
2025-11-14T01:55:54.081444Z  WARN ThreadId(21) hotstuff_runner::tcp_node: Node 0 view 162 timed out; latency may accumulate
2025-11-14T01:55:56.725615Z  WARN ThreadId(03) docker_node:   Connection reuse ineffective (2.0 msg/conn)
2025-11-14T01:55:56.754780Z  WARN ThreadId(03) docker_node: Node 0 Regular transaction queue backlog: 43486 transactions
2025-11-14T01:55:57.081941Z  WARN ThreadId(21) hotstuff_runner::tcp_node: Node 0 view 163 timed out; latency may accumulate
2025-11-14T01:56:00.371305Z  WARN ThreadId(21) hotstuff_runner::tcp_node: Node 0 view 165 timed out; latency may accumulate
2025-11-14T01:56:00.501278Z  WARN ThreadId(20) hotstuff_rs::block_tree::invariants: SAFE_PC_FAIL: pc.block=[208, 193, 138, 137, 48, 160, 171, 43, 68, 24, 173, 243, 220, 184, 91, 255, 4, 243, 6, 115, 224, 75, 240, 207, 53, 143, 46, 196, 174, 185, 148, 221] view=155 phase=Generic | cond1(chain_id/genesis)=true (pc.chain_id=0, my.chain_id=0) | cond2(block_exists/genesis)=true (exists=true) | cond3(view>locked || extends)=false (pc.view=155, locked.view=160, extends=false) | cond4(phase/updates)=true (phase_special=false, has_updates=false) | highest_pc.block=[178, 145, 131, 14, 3, 96, 161, 234, 36, 131, 96, 182, 101, 171, 244, 96, 206, 63, 107, 11, 12, 46, 26, 24, 129, 45, 192, 118, 156, 252, 78, 214] highest_pc.view=164 locked.block=[16, 180, 195, 146, 85, 214, 214, 73, 3, 31, 239, 236, 6, 242, 34, 114, 76, 117, 43, 223, 211, 166, 182, 32, 157, 227, 169, 180, 33, 166, 220, 90] locked.view=160    
2025-11-14T01:56:00.501320Z  WARN ThreadId(20) hotstuff_rs::block_tree::invariants: SAFE_BLOCK_FAIL: block=[151, 223, 154, 85, 27, 245, 228, 34, 50, 41, 185, 70, 55, 206, 132, 94, 85, 246, 231, 150, 161, 2, 213, 16, 197, 204, 168, 153, 155, 252, 69, 101] height=None | cond1(safe_pc)=false | cond2(is_block_justify)=true (justify.phase=Generic) | justify.block=[208, 193, 138, 137, 48, 160, 171, 43, 68, 24, 173, 243, 220, 184, 91, 255, 4, 243, 6, 115, 224, 75, 240, 207, 53, 143, 46, 196, 174, 185, 148, 221] justify.view=155 | highest_pc.block=[178, 145, 131, 14, 3, 96, 161, 234, 36, 131, 96, 182, 101, 171, 244, 96, 206, 63, 107, 11, 12, 46, 26, 24, 129, 45, 192, 118, 156, 252, 78, 214] highest_pc.view=164 | locked.block=[16, 180, 195, 146, 85, 214, 214, 73, 3, 31, 239, 236, 6, 242, 34, 114, 76, 117, 43, 223, 211, 166, 182, 32, 157, 227, 169, 180, 33, 166, 220, 90] locked.view=160    
2025-11-14T01:56:01.725206Z  WARN ThreadId(03) docker_node:   Connection reuse ineffective (2.0 msg/conn)
2025-11-14T01:56:01.755423Z  WARN ThreadId(03) docker_node: Node 0 Regular transaction queue backlog: 43486 transactions
2025-11-14T01:56:06.372212Z  WARN ThreadId(21) hotstuff_runner::tcp_node: Node 0 view 167 timed out; latency may accumulate
2025-11-14T01:56:06.566940Z  WARN ThreadId(20) hotstuff_runner::app: Node 0 [produce_block] queue size: 43486, attempting up to 43486 transactions this block    
2025-11-14T01:56:06.579118Z  WARN ThreadId(20) hotstuff_runner::app: Node 0 view(169) far exceeds block count (10); potential sync issue    
2025-11-14T01:56:06.724764Z  WARN ThreadId(03) docker_node:   Connection reuse ineffective (2.0 msg/conn)
2025-11-14T01:56:10.459782Z  WARN ThreadId(21) hotstuff_runner::tcp_node: Node 0 view 171 timed out; latency may accumulate
2025-11-14T01:56:11.725329Z  WARN ThreadId(07) docker_node:   Connection reuse ineffective (2.0 msg/conn)
2025-11-14T01:56:13.460413Z  WARN ThreadId(21) hotstuff_runner::tcp_node: Node 0 view 172 timed out; latency may accumulate
2025-11-14T01:56:16.724912Z  WARN ThreadId(07) docker_node:   Connection reuse ineffective (2.0 msg/conn)
2025-11-14T01:56:17.225802Z  WARN ThreadId(21) hotstuff_runner::tcp_node: Node 0 view 177 timed out; latency may accumulate
2025-11-14T01:56:20.470039Z  WARN ThreadId(21) hotstuff_runner::tcp_node: Node 0 view 179 timed out; latency may accumulate
2025-11-14T01:56:21.725257Z  WARN ThreadId(06) docker_node:   Connection reuse ineffective (2.0 msg/conn)
2025-11-14T01:56:24.571686Z  WARN ThreadId(20) hotstuff_runner::app: Node 0 [produce_block] queue size: 0, attempting up to 0 transactions this block    
2025-11-14T01:56:24.571716Z  WARN ThreadId(20) hotstuff_runner::app: Node 0 view(185) far exceeds block count (11); potential sync issue    
2025-11-14T01:56:26.725306Z  WARN ThreadId(06) docker_node:   Connection reuse ineffective (2.0 msg/conn)
2025-11-14T01:56:27.256777Z  WARN ThreadId(20) hotstuff_runner::app: Node 0 [produce_block] queue size: 0, attempting up to 0 transactions this block    
2025-11-14T01:56:27.256807Z  WARN ThreadId(20) hotstuff_runner::app: Node 0 view(201) far exceeds block count (12); potential sync issue    
2025-11-14T01:56:29.939334Z  WARN ThreadId(20) hotstuff_runner::app: Node 0 [produce_block] queue size: 0, attempting up to 0 transactions this block    
2025-11-14T01:56:29.939364Z  WARN ThreadId(20) hotstuff_runner::app: Node 0 view(217) far exceeds block count (13); potential sync issue    
2025-11-14T01:56:31.725463Z  WARN ThreadId(07) docker_node:   Connection reuse ineffective (2.0 msg/conn)
2025-11-14T01:56:32.649890Z  WARN ThreadId(20) hotstuff_runner::app: Node 0 [produce_block] queue size: 0, attempting up to 0 transactions this block    
2025-11-14T01:56:32.649920Z  WARN ThreadId(20) hotstuff_runner::app: Node 0 view(233) far exceeds block count (14); potential sync issue    
2025-11-14T01:56:35.337745Z  WARN ThreadId(20) hotstuff_runner::app: Node 0 [produce_block] queue size: 0, attempting up to 0 transactions this block    
2025-11-14T01:56:35.337770Z  WARN ThreadId(20) hotstuff_runner::app: Node 0 view(249) far exceeds block count (15); potential sync issue    
2025-11-14T01:56:36.725195Z  WARN ThreadId(06) docker_node:   Connection reuse ineffective (2.0 msg/conn)
2025-11-14T01:56:38.039221Z  WARN ThreadId(20) hotstuff_runner::app: Node 0 [produce_block] queue size: 0, attempting up to 0 transactions this block    
2025-11-14T01:56:38.039248Z  WARN ThreadId(20) hotstuff_runner::app: Node 0 view(265) far exceeds block count (16); potential sync issue    
2025-11-14T01:56:40.718279Z  WARN ThreadId(20) hotstuff_runner::app: Node 0 [produce_block] queue size: 0, attempting up to 0 transactions this block    
2025-11-14T01:56:40.718309Z  WARN ThreadId(20) hotstuff_runner::app: Node 0 view(281) far exceeds block count (17); potential sync issue    
2025-11-14T01:56:41.725529Z  WARN ThreadId(06) docker_node:   Connection reuse ineffective (2.0 msg/conn)
2025-11-14T01:56:43.419328Z  WARN ThreadId(20) hotstuff_runner::app: Node 0 [produce_block] queue size: 0, attempting up to 0 transactions this block    
2025-11-14T01:56:43.419356Z  WARN ThreadId(20) hotstuff_runner::app: Node 0 view(297) far exceeds block count (18); potential sync issue    
2025-11-14T01:56:46.063438Z  WARN ThreadId(20) hotstuff_runner::app: Node 0 [produce_block] queue size: 0, attempting up to 0 transactions this block    
2025-11-14T01:56:46.063468Z  WARN ThreadId(20) hotstuff_runner::app: Node 0 view(313) far exceeds block count (19); potential sync issue    
2025-11-14T01:56:46.725552Z  WARN ThreadId(07) docker_node:   Connection reuse ineffective (2.0 msg/conn)
2025-11-14T01:56:48.740215Z  WARN ThreadId(20) hotstuff_runner::app: Node 0 [produce_block] queue size: 0, attempting up to 0 transactions this block    
2025-11-14T01:56:48.740235Z  WARN ThreadId(20) hotstuff_runner::app: Node 0 view(329) far exceeds block count (20); potential sync issue    
2025-11-14T01:56:51.429854Z  WARN ThreadId(20) hotstuff_runner::app: Node 0 [produce_block] queue size: 0, attempting up to 0 transactions this block    
2025-11-14T01:56:51.429882Z  WARN ThreadId(20) hotstuff_runner::app: Node 0 view(345) far exceeds block count (21); potential sync issue    
2025-11-14T01:56:51.725291Z  WARN ThreadId(07) docker_node:   Connection reuse ineffective (2.0 msg/conn)
2025-11-14T01:56:54.103529Z  WARN ThreadId(20) hotstuff_runner::app: Node 0 [produce_block] queue size: 0, attempting up to 0 transactions this block    
2025-11-14T01:56:54.103551Z  WARN ThreadId(20) hotstuff_runner::app: Node 0 view(361) far exceeds block count (22); potential sync issue    
2025-11-14T01:56:56.725086Z  WARN ThreadId(07) docker_node:   Connection reuse ineffective (2.0 msg/conn)
2025-11-14T01:56:56.799470Z  WARN ThreadId(20) hotstuff_runner::app: Node 0 [produce_block] queue size: 0, attempting up to 0 transactions this block    
2025-11-14T01:56:56.799497Z  WARN ThreadId(20) hotstuff_runner::app: Node 0 view(377) far exceeds block count (23); potential sync issue    
2025-11-14T01:56:59.522072Z  WARN ThreadId(20) hotstuff_runner::app: Node 0 [produce_block] queue size: 0, attempting up to 0 transactions this block    
2025-11-14T01:56:59.522103Z  WARN ThreadId(20) hotstuff_runner::app: Node 0 view(393) far exceeds block count (24); potential sync issue    
2025-11-14T01:57:01.724899Z  WARN ThreadId(07) docker_node:   Connection reuse ineffective (2.0 msg/conn)
2025-11-14T01:57:02.216415Z  WARN ThreadId(20) hotstuff_runner::app: Node 0 [produce_block] queue size: 0, attempting up to 0 transactions this block    
2025-11-14T01:57:02.216457Z  WARN ThreadId(20) hotstuff_runner::app: Node 0 view(409) far exceeds block count (25); potential sync issue    
2025-11-14T01:57:04.943176Z  WARN ThreadId(20) hotstuff_runner::app: Node 0 [produce_block] queue size: 0, attempting up to 0 transactions this block    
2025-11-14T01:57:04.943200Z  WARN ThreadId(20) hotstuff_runner::app: Node 0 view(425) far exceeds block count (26); potential sync issue    
2025-11-14T01:57:06.725328Z  WARN ThreadId(07) docker_node:   Connection reuse ineffective (2.0 msg/conn)
2025-11-14T01:57:07.623424Z  WARN ThreadId(20) hotstuff_runner::app: Node 0 [produce_block] queue size: 0, attempting up to 0 transactions this block    
2025-11-14T01:57:07.623443Z  WARN ThreadId(20) hotstuff_runner::app: Node 0 view(441) far exceeds block count (27); potential sync issue    
2025-11-14T01:57:10.293990Z  WARN ThreadId(20) hotstuff_runner::app: Node 0 [produce_block] queue size: 0, attempting up to 0 transactions this block    
2025-11-14T01:57:10.294013Z  WARN ThreadId(20) hotstuff_runner::app: Node 0 view(457) far exceeds block count (28); potential sync issue    
2025-11-14T01:57:11.725273Z  WARN ThreadId(07) docker_node:   Connection reuse ineffective (2.0 msg/conn)
2025-11-14T01:57:12.978904Z  WARN ThreadId(20) hotstuff_runner::app: Node 0 [produce_block] queue size: 0, attempting up to 0 transactions this block    
2025-11-14T01:57:12.978932Z  WARN ThreadId(20) hotstuff_runner::app: Node 0 view(473) far exceeds block count (29); potential sync issue    
2025-11-14T01:57:15.689327Z  WARN ThreadId(20) hotstuff_runner::app: Node 0 [produce_block] queue size: 0, attempting up to 0 transactions this block    
2025-11-14T01:57:15.689355Z  WARN ThreadId(20) hotstuff_runner::app: Node 0 view(489) far exceeds block count (30); potential sync issue    
2025-11-14T01:57:16.725171Z  WARN ThreadId(03) docker_node:   Connection reuse ineffective (2.0 msg/conn)
2025-11-14T01:57:18.374222Z  WARN ThreadId(20) hotstuff_runner::app: Node 0 [produce_block] queue size: 0, attempting up to 0 transactions this block    
2025-11-14T01:57:18.374248Z  WARN ThreadId(20) hotstuff_runner::app: Node 0 view(505) far exceeds block count (31); potential sync issue    
2025-11-14T01:57:21.079401Z  WARN ThreadId(20) hotstuff_runner::app: Node 0 [produce_block] queue size: 0, attempting up to 0 transactions this block    
2025-11-14T01:57:21.079422Z  WARN ThreadId(20) hotstuff_runner::app: Node 0 view(521) far exceeds block count (32); potential sync issue    
2025-11-14T01:57:21.725569Z  WARN ThreadId(03) docker_node:   Connection reuse ineffective (2.0 msg/conn)
2025-11-14T01:57:23.795583Z  WARN ThreadId(20) hotstuff_runner::app: Node 0 [produce_block] queue size: 0, attempting up to 0 transactions this block    
2025-11-14T01:57:23.795605Z  WARN ThreadId(20) hotstuff_runner::app: Node 0 view(537) far exceeds block count (33); potential sync issue    
2025-11-14T01:57:26.521608Z  WARN ThreadId(20) hotstuff_runner::app: Node 0 [produce_block] queue size: 0, attempting up to 0 transactions this block    
2025-11-14T01:57:26.521626Z  WARN ThreadId(20) hotstuff_runner::app: Node 0 view(553) far exceeds block count (34); potential sync issue    
2025-11-14T01:57:26.724830Z  WARN ThreadId(07) docker_node:   Connection reuse ineffective (2.0 msg/conn)
2025-11-14T01:57:29.195040Z  WARN ThreadId(20) hotstuff_runner::app: Node 0 [produce_block] queue size: 0, attempting up to 0 transactions this block    
2025-11-14T01:57:29.195081Z  WARN ThreadId(20) hotstuff_runner::app: Node 0 view(569) far exceeds block count (35); potential sync issue    
