2025-12-05T14:23:47.254128Z  WARN ThreadId(01) docker_node: metrics exporter disabled by SMROL_DISABLE_METRICS
2025-12-05T14:24:07.469468Z  WARN ThreadId(01) hotstuff_runner::tcp_node: Node 0 view timeout set to 5000 ms
2025-12-05T14:24:07.478866Z ERROR ThreadId(23) hotstuff_runner::pompe_network: Node 0 failed to connect to node 1: Connection refused (os error 111)
2025-12-05T14:24:07.479577Z ERROR ThreadId(22) hotstuff_runner::pompe_network: Node 0 failed to connect to node 3: Connection refused (os error 111)
2025-12-05T14:24:07.479924Z ERROR ThreadId(22) hotstuff_runner::pompe_network: Node 0 failed to connect to node 4: Connection refused (os error 111)
2025-12-05T14:24:07.480309Z ERROR ThreadId(22) hotstuff_runner::pompe_network: Node 0 failed to connect to node 5: Connection refused (os error 111)
2025-12-05T14:24:07.496588Z  WARN ThreadId(01) hotstuff_runner::smrol::sequencing: SMROL_MEDIAN_INFLIGHT=24, SMROL_ORDER_FINALIZE_INFLIGHT=4, SMROL_FINAL_SIGN_INFLIGHT=4, SMROL_FINAL_VERIFY_INFLIGHT=24
2025-12-05T14:24:07.496636Z  WARN ThreadId(01) hotstuff_runner::smrol::sequencing: [Sequencing] Node 0 multi-signature verification disabled: false
2025-12-05T14:24:07.497467Z  WARN ThreadId(06) hotstuff_runner::smrol::sequencing: [Sequencing] Node 0 final verify dispatcher started
2025-12-05T14:24:07.497473Z  WARN ThreadId(02) docker_node:   Connection reuse ineffective (2.0 msg/conn)
2025-12-05T14:24:08.258866Z ERROR ThreadId(22) hotstuff_runner::pompe_network: Node 0 failed to connect to node 16: Connection refused (os error 111)
2025-12-05T14:24:08.442290Z ERROR ThreadId(22) hotstuff_runner::pompe_network: Node 0 failed to connect to node 17: Connection refused (os error 111)
2025-12-05T14:24:08.626478Z ERROR ThreadId(22) hotstuff_runner::pompe_network: Node 0 failed to connect to node 18: Connection refused (os error 111)
2025-12-05T14:24:08.994204Z ERROR ThreadId(22) hotstuff_runner::pompe_network: Node 0 failed to connect to node 20: Connection refused (os error 111)
2025-12-05T14:24:12.473022Z  WARN ThreadId(21) hotstuff_runner::tcp_node: Node 0 view 0 timed out; latency may accumulate
2025-12-05T14:24:12.498412Z  WARN ThreadId(04) docker_node:   Connection reuse ineffective (2.0 msg/conn)
2025-12-05T14:24:12.501186Z  WARN ThreadId(01) docker_node: Node 0 port 20000 temporarily unreachable: failed to lookup address information: Temporary failure in name resolution
2025-12-05T14:24:12.503261Z  WARN ThreadId(01) docker_node: Node 1 port 20001 temporarily unreachable: failed to lookup address information: Temporary failure in name resolution
2025-12-05T14:24:12.504839Z  WARN ThreadId(01) docker_node: Node 2 port 20002 temporarily unreachable: failed to lookup address information: Temporary failure in name resolution
2025-12-05T14:24:12.506739Z  WARN ThreadId(01) docker_node: Node 3 port 20003 temporarily unreachable: failed to lookup address information: Temporary failure in name resolution
2025-12-05T14:24:12.508425Z  WARN ThreadId(01) docker_node: Node 4 port 20004 temporarily unreachable: failed to lookup address information: Temporary failure in name resolution
2025-12-05T14:24:12.510245Z  WARN ThreadId(01) docker_node: Node 5 port 20005 temporarily unreachable: failed to lookup address information: Temporary failure in name resolution
2025-12-05T14:24:12.511930Z  WARN ThreadId(01) docker_node: Node 6 port 20006 temporarily unreachable: failed to lookup address information: Temporary failure in name resolution
2025-12-05T14:24:12.513581Z  WARN ThreadId(01) docker_node: Node 7 port 20007 temporarily unreachable: failed to lookup address information: Temporary failure in name resolution
2025-12-05T14:24:12.515231Z  WARN ThreadId(01) docker_node: Node 8 port 20008 temporarily unreachable: failed to lookup address information: Temporary failure in name resolution
2025-12-05T14:24:12.517099Z  WARN ThreadId(01) docker_node: Node 9 port 20009 temporarily unreachable: failed to lookup address information: Temporary failure in name resolution
2025-12-05T14:24:12.518771Z  WARN ThreadId(01) docker_node: Node 10 port 20010 temporarily unreachable: failed to lookup address information: Temporary failure in name resolution
2025-12-05T14:24:12.520724Z  WARN ThreadId(01) docker_node: Node 11 port 20011 temporarily unreachable: failed to lookup address information: Temporary failure in name resolution
2025-12-05T14:24:12.522337Z  WARN ThreadId(01) docker_node: Node 12 port 20012 temporarily unreachable: failed to lookup address information: Temporary failure in name resolution
2025-12-05T14:24:12.524028Z  WARN ThreadId(01) docker_node: Node 13 port 20013 temporarily unreachable: failed to lookup address information: Temporary failure in name resolution
2025-12-05T14:24:12.525753Z  WARN ThreadId(01) docker_node: Node 14 port 20014 temporarily unreachable: failed to lookup address information: Temporary failure in name resolution
2025-12-05T14:24:12.527547Z  WARN ThreadId(01) docker_node: Node 15 port 20015 temporarily unreachable: failed to lookup address information: Temporary failure in name resolution
2025-12-05T14:24:12.529146Z  WARN ThreadId(01) docker_node: Node 16 port 20016 temporarily unreachable: failed to lookup address information: Temporary failure in name resolution
2025-12-05T14:24:12.530690Z  WARN ThreadId(01) docker_node: Node 17 port 20017 temporarily unreachable: failed to lookup address information: Temporary failure in name resolution
2025-12-05T14:24:12.532196Z  WARN ThreadId(01) docker_node: Node 18 port 20018 temporarily unreachable: failed to lookup address information: Temporary failure in name resolution
2025-12-05T14:24:12.533735Z  WARN ThreadId(01) docker_node: Node 19 port 20019 temporarily unreachable: failed to lookup address information: Temporary failure in name resolution
2025-12-05T14:24:12.535243Z  WARN ThreadId(01) docker_node: Node 20 port 20020 temporarily unreachable: failed to lookup address information: Temporary failure in name resolution
2025-12-05T14:24:12.536961Z  WARN ThreadId(01) docker_node: Node 21 port 20021 temporarily unreachable: failed to lookup address information: Temporary failure in name resolution
2025-12-05T14:24:12.538648Z  WARN ThreadId(01) docker_node: Node 22 port 20022 temporarily unreachable: failed to lookup address information: Temporary failure in name resolution
2025-12-05T14:24:12.540540Z  WARN ThreadId(01) docker_node: Node 23 port 20023 temporarily unreachable: failed to lookup address information: Temporary failure in name resolution
2025-12-05T14:24:12.542463Z  WARN ThreadId(01) docker_node: Node 24 port 20024 temporarily unreachable: failed to lookup address information: Temporary failure in name resolution
2025-12-05T14:24:12.543993Z  WARN ThreadId(01) docker_node: Node 25 port 20025 temporarily unreachable: failed to lookup address information: Temporary failure in name resolution
2025-12-05T14:24:12.545592Z  WARN ThreadId(01) docker_node: Node 26 port 20026 temporarily unreachable: failed to lookup address information: Temporary failure in name resolution
2025-12-05T14:24:12.547188Z  WARN ThreadId(01) docker_node: Node 27 port 20027 temporarily unreachable: failed to lookup address information: Temporary failure in name resolution
2025-12-05T14:24:12.548687Z  WARN ThreadId(01) docker_node: Node 28 port 20028 temporarily unreachable: failed to lookup address information: Temporary failure in name resolution
2025-12-05T14:24:12.550300Z  WARN ThreadId(01) docker_node: Node 29 port 20029 temporarily unreachable: failed to lookup address information: Temporary failure in name resolution
2025-12-05T14:24:12.551826Z  WARN ThreadId(01) docker_node: Node 30 port 20030 temporarily unreachable: failed to lookup address information: Temporary failure in name resolution
2025-12-05T14:24:12.553504Z  WARN ThreadId(01) docker_node: Node 31 port 20031 temporarily unreachable: failed to lookup address information: Temporary failure in name resolution
2025-12-05T14:24:12.555056Z  WARN ThreadId(01) docker_node: Node 32 port 20032 temporarily unreachable: failed to lookup address information: Temporary failure in name resolution
2025-12-05T14:24:12.556673Z  WARN ThreadId(01) docker_node: Node 33 port 20033 temporarily unreachable: failed to lookup address information: Temporary failure in name resolution
2025-12-05T14:24:12.558278Z  WARN ThreadId(01) docker_node: Node 34 port 20034 temporarily unreachable: failed to lookup address information: Temporary failure in name resolution
2025-12-05T14:24:12.559831Z  WARN ThreadId(01) docker_node: Node 35 port 20035 temporarily unreachable: failed to lookup address information: Temporary failure in name resolution
2025-12-05T14:24:12.561231Z  WARN ThreadId(01) docker_node: Node 36 port 20036 temporarily unreachable: failed to lookup address information: Temporary failure in name resolution
2025-12-05T14:24:12.562776Z  WARN ThreadId(01) docker_node: Node 37 port 20037 temporarily unreachable: failed to lookup address information: Temporary failure in name resolution
2025-12-05T14:24:12.564370Z  WARN ThreadId(01) docker_node: Node 38 port 20038 temporarily unreachable: failed to lookup address information: Temporary failure in name resolution
2025-12-05T14:24:12.566139Z  WARN ThreadId(01) docker_node: Node 39 port 20039 temporarily unreachable: failed to lookup address information: Temporary failure in name resolution
2025-12-05T14:24:12.567915Z  WARN ThreadId(01) docker_node: Node 40 port 20040 temporarily unreachable: failed to lookup address information: Temporary failure in name resolution
2025-12-05T14:24:12.569585Z  WARN ThreadId(01) docker_node: Node 41 port 20041 temporarily unreachable: failed to lookup address information: Temporary failure in name resolution
2025-12-05T14:24:12.571308Z  WARN ThreadId(01) docker_node: Node 42 port 20042 temporarily unreachable: failed to lookup address information: Temporary failure in name resolution
2025-12-05T14:24:12.572955Z  WARN ThreadId(01) docker_node: Node 43 port 20043 temporarily unreachable: failed to lookup address information: Temporary failure in name resolution
2025-12-05T14:24:12.574473Z  WARN ThreadId(01) docker_node: Node 44 port 20044 temporarily unreachable: failed to lookup address information: Temporary failure in name resolution
2025-12-05T14:24:12.575952Z  WARN ThreadId(01) docker_node: Node 45 port 20045 temporarily unreachable: failed to lookup address information: Temporary failure in name resolution
2025-12-05T14:24:12.577472Z  WARN ThreadId(01) docker_node: Node 46 port 20046 temporarily unreachable: failed to lookup address information: Temporary failure in name resolution
2025-12-05T14:24:12.578972Z  WARN ThreadId(01) docker_node: Node 47 port 20047 temporarily unreachable: failed to lookup address information: Temporary failure in name resolution
2025-12-05T14:24:12.580591Z  WARN ThreadId(01) docker_node: Node 48 port 20048 temporarily unreachable: failed to lookup address information: Temporary failure in name resolution
2025-12-05T14:24:12.582230Z  WARN ThreadId(01) docker_node: Node 49 port 20049 temporarily unreachable: failed to lookup address information: Temporary failure in name resolution
2025-12-05T14:24:12.584003Z  WARN ThreadId(01) docker_node: Node 50 port 20050 temporarily unreachable: failed to lookup address information: Temporary failure in name resolution
2025-12-05T14:24:12.585675Z  WARN ThreadId(01) docker_node: Node 51 port 20051 temporarily unreachable: failed to lookup address information: Temporary failure in name resolution
2025-12-05T14:24:12.587364Z  WARN ThreadId(01) docker_node: Node 52 port 20052 temporarily unreachable: failed to lookup address information: Temporary failure in name resolution
2025-12-05T14:24:12.588896Z  WARN ThreadId(01) docker_node: Node 53 port 20053 temporarily unreachable: failed to lookup address information: Temporary failure in name resolution
2025-12-05T14:24:12.590612Z  WARN ThreadId(01) docker_node: Node 54 port 20054 temporarily unreachable: failed to lookup address information: Temporary failure in name resolution
2025-12-05T14:24:12.592299Z  WARN ThreadId(01) docker_node: Node 55 port 20055 temporarily unreachable: failed to lookup address information: Temporary failure in name resolution
2025-12-05T14:24:12.594006Z  WARN ThreadId(01) docker_node: Node 56 port 20056 temporarily unreachable: failed to lookup address information: Temporary failure in name resolution
2025-12-05T14:24:12.595580Z  WARN ThreadId(01) docker_node: Node 57 port 20057 temporarily unreachable: failed to lookup address information: Temporary failure in name resolution
2025-12-05T14:24:12.597219Z  WARN ThreadId(01) docker_node: Node 58 port 20058 temporarily unreachable: failed to lookup address information: Temporary failure in name resolution
2025-12-05T14:24:12.598859Z  WARN ThreadId(01) docker_node: Node 59 port 20059 temporarily unreachable: failed to lookup address information: Temporary failure in name resolution
2025-12-05T14:24:12.600363Z  WARN ThreadId(01) docker_node: Node 60 port 20060 temporarily unreachable: failed to lookup address information: Temporary failure in name resolution
2025-12-05T14:24:12.601964Z  WARN ThreadId(01) docker_node: Node 61 port 20061 temporarily unreachable: failed to lookup address information: Temporary failure in name resolution
2025-12-05T14:24:12.603512Z  WARN ThreadId(01) docker_node: Node 62 port 20062 temporarily unreachable: failed to lookup address information: Temporary failure in name resolution
2025-12-05T14:24:12.605112Z  WARN ThreadId(01) docker_node: Node 63 port 20063 temporarily unreachable: failed to lookup address information: Temporary failure in name resolution
2025-12-05T14:24:17.498120Z  WARN ThreadId(04) docker_node:   Connection reuse ineffective (2.0 msg/conn)
2025-12-05T14:24:22.498135Z  WARN ThreadId(04) docker_node:   Connection reuse ineffective (2.0 msg/conn)
2025-12-05T14:24:27.032678Z  WARN ThreadId(20) hotstuff_runner::app: Node 0 [produce_block] queue size: 0, attempting up to 0 transactions this block    
2025-12-05T14:24:27.498240Z  WARN ThreadId(04) docker_node:   Connection reuse ineffective (2.0 msg/conn)
2025-12-05T14:24:32.497962Z  WARN ThreadId(04) docker_node:   Connection reuse ineffective (2.0 msg/conn)
2025-12-05T14:24:37.497981Z  WARN ThreadId(04) docker_node:   Connection reuse ineffective (2.0 msg/conn)
2025-12-05T14:24:41.712601Z  WARN ThreadId(25) hotstuff_runner::smrol::network: ⚠️ [Check] Writer 0 -> 4 slow write: 8.101441ms
2025-12-05T14:24:41.714170Z  WARN ThreadId(24) hotstuff_runner::smrol::network: ⚠️ [Check] Writer 0 -> 2 slow write: 9.284554ms
2025-12-05T14:24:41.714985Z  WARN ThreadId(24) hotstuff_runner::smrol::network: ⚠️ [Check] Writer 0 -> 3 slow write: 26.322191ms
2025-12-05T14:24:41.720845Z  WARN ThreadId(24) hotstuff_runner::smrol::network: ⚠️ [Check] Writer 0 -> 5 slow write: 10.276513ms
2025-12-05T14:24:41.735310Z  WARN ThreadId(24) hotstuff_runner::smrol::network: ⚠️ [Check] Writer 0 -> 1 slow write: 36.858601ms
2025-12-05T14:24:41.741554Z  WARN ThreadId(25) hotstuff_runner::smrol::network: ⚠️ [Check] Writer 0 -> 36 slow write: 56.466531ms
2025-12-05T14:24:41.741676Z  WARN ThreadId(25) hotstuff_runner::smrol::network: ⚠️ [Check] Writer 0 -> 39 slow write: 57.962584ms
2025-12-05T14:24:41.753576Z  WARN ThreadId(24) hotstuff_runner::smrol::network: ⚠️ [Check] Writer 0 -> 37 slow write: 55.619377ms
2025-12-05T14:24:41.765187Z  WARN ThreadId(24) hotstuff_runner::smrol::network: ⚠️ [Check] Writer 0 -> 38 slow write: 58.111688ms
2025-12-05T14:24:41.765614Z  WARN ThreadId(24) hotstuff_runner::smrol::network: ⚠️ [Check] Writer 0 -> 40 slow write: 55.538814ms
2025-12-05T14:24:41.922544Z  WARN ThreadId(25) hotstuff_runner::smrol::network: ⚠️ [Check] Writer 0 -> 11 slow write: 239.849554ms
2025-12-05T14:24:41.926677Z  WARN ThreadId(24) hotstuff_runner::smrol::network: ⚠️ [Check] Writer 0 -> 7 slow write: 241.202532ms
2025-12-05T14:24:41.930933Z  WARN ThreadId(24) hotstuff_runner::smrol::network: ⚠️ [Check] Writer 0 -> 9 slow write: 239.843703ms
2025-12-05T14:24:41.933828Z  WARN ThreadId(24) hotstuff_runner::smrol::network: ⚠️ [Check] Writer 0 -> 14 slow write: 240.295446ms
2025-12-05T14:24:41.935339Z  WARN ThreadId(24) hotstuff_runner::smrol::network: ⚠️ [Check] Writer 0 -> 15 slow write: 233.828142ms
2025-12-05T14:24:41.938980Z  WARN ThreadId(24) hotstuff_runner::smrol::network: ⚠️ [Check] Writer 0 -> 8 slow write: 233.502371ms
2025-12-05T14:24:41.943678Z  WARN ThreadId(24) hotstuff_runner::smrol::network: ⚠️ [Check] Writer 0 -> 12 slow write: 240.218994ms
2025-12-05T14:24:41.944382Z  WARN ThreadId(24) hotstuff_runner::smrol::network: ⚠️ [Check] Writer 0 -> 10 slow write: 246.956436ms
2025-12-05T14:24:41.944720Z  WARN ThreadId(24) hotstuff_runner::smrol::network: ⚠️ [Check] Writer 0 -> 6 slow write: 233.680198ms
2025-12-05T14:24:41.949451Z  WARN ThreadId(24) hotstuff_runner::smrol::network: ⚠️ [Check] Writer 0 -> 13 slow write: 240.018588ms
2025-12-05T14:24:41.954061Z  WARN ThreadId(24) hotstuff_runner::smrol::network: ⚠️ [Check] Writer 0 -> 50 slow write: 266.822333ms
2025-12-05T14:24:41.957177Z  WARN ThreadId(24) hotstuff_runner::smrol::network: ⚠️ [Check] Writer 0 -> 46 slow write: 266.537515ms
2025-12-05T14:24:41.959311Z  WARN ThreadId(24) hotstuff_runner::smrol::network: ⚠️ [Check] Writer 0 -> 49 slow write: 271.128916ms
2025-12-05T14:24:41.959374Z  WARN ThreadId(25) hotstuff_runner::smrol::network: ⚠️ [Check] Writer 0 -> 48 slow write: 270.241511ms
2025-12-05T14:24:41.963613Z  WARN ThreadId(24) hotstuff_runner::smrol::network: ⚠️ [Check] Writer 0 -> 47 slow write: 271.979979ms
2025-12-05T14:24:41.976091Z  WARN ThreadId(24) hotstuff_runner::smrol::network: ⚠️ [Check] Writer 0 -> 43 slow write: 273.167924ms
2025-12-05T14:24:41.984510Z  WARN ThreadId(24) hotstuff_runner::smrol::network: ⚠️ [Check] Writer 0 -> 51 slow write: 272.903517ms
2025-12-05T14:24:41.990323Z  WARN ThreadId(24) hotstuff_runner::smrol::network: ⚠️ [Check] Writer 0 -> 54 slow write: 302.567182ms
2025-12-05T14:24:41.999625Z  WARN ThreadId(24) hotstuff_runner::smrol::network: ⚠️ [Check] Writer 0 -> 53 slow write: 302.707336ms
2025-12-05T14:24:41.999889Z  WARN ThreadId(24) hotstuff_runner::smrol::network: ⚠️ [Check] Writer 0 -> 55 slow write: 300.01438ms
2025-12-05T14:24:42.004540Z  WARN ThreadId(24) hotstuff_runner::smrol::network: ⚠️ [Check] Writer 0 -> 57 slow write: 304.191149ms
2025-12-05T14:24:42.016764Z  WARN ThreadId(24) hotstuff_runner::smrol::network: ⚠️ [Check] Writer 0 -> 52 slow write: 308.08238ms
2025-12-05T14:24:42.055560Z  WARN ThreadId(24) hotstuff_runner::smrol::network: ⚠️ [Check] Writer 0 -> 42 slow write: 362.505393ms
2025-12-05T14:24:42.059868Z  WARN ThreadId(24) hotstuff_runner::smrol::network: ⚠️ [Check] Writer 0 -> 41 slow write: 364.85678ms
2025-12-05T14:24:42.066763Z  WARN ThreadId(25) hotstuff_runner::smrol::network: ⚠️ [Check] Writer 0 -> 43 slow write: 90.557614ms
2025-12-05T14:24:42.068285Z  WARN ThreadId(25) hotstuff_runner::smrol::network: ⚠️ [Check] Writer 0 -> 56 slow write: 305.62193ms
2025-12-05T14:24:42.073330Z  WARN ThreadId(25) hotstuff_runner::smrol::network: ⚠️ [Check] Writer 0 -> 44 slow write: 362.206314ms
2025-12-05T14:24:42.073851Z  WARN ThreadId(25) hotstuff_runner::smrol::network: ⚠️ [Check] Writer 0 -> 45 slow write: 364.761707ms
2025-12-05T14:24:42.144273Z  WARN ThreadId(25) hotstuff_runner::smrol::network: ⚠️ [Check] Writer 0 -> 61 slow write: 448.776724ms
2025-12-05T14:24:42.144850Z  WARN ThreadId(25) hotstuff_runner::smrol::network: ⚠️ [Check] Writer 0 -> 59 slow write: 442.858785ms
2025-12-05T14:24:42.150343Z  WARN ThreadId(24) hotstuff_runner::smrol::network: ⚠️ [Check] Writer 0 -> 60 slow write: 446.416197ms
2025-12-05T14:24:42.152010Z  WARN ThreadId(25) hotstuff_runner::smrol::network: ⚠️ [Check] Writer 0 -> 58 slow write: 449.541006ms
2025-12-05T14:24:42.240517Z  WARN ThreadId(25) hotstuff_runner::smrol::network: ⚠️ [Check] Writer 0 -> 63 slow write: 443.587346ms
2025-12-05T14:24:42.245778Z  WARN ThreadId(25) hotstuff_runner::smrol::network: ⚠️ [Check] Writer 0 -> 62 slow write: 448.98239ms
2025-12-05T14:24:42.286693Z  WARN ThreadId(25) hotstuff_runner::smrol::network: ⚠️ [Check] Writer 0 -> 33 slow write: 592.657299ms
2025-12-05T14:24:42.289925Z  WARN ThreadId(25) hotstuff_runner::smrol::network: ⚠️ [Check] Writer 0 -> 31 slow write: 583.438937ms
2025-12-05T14:24:42.292308Z  WARN ThreadId(25) hotstuff_runner::smrol::network: ⚠️ [Check] Writer 0 -> 34 slow write: 591.378923ms
2025-12-05T14:24:42.298578Z  WARN ThreadId(25) hotstuff_runner::smrol::network: ⚠️ [Check] Writer 0 -> 35 slow write: 608.940703ms
2025-12-05T14:24:42.308444Z  WARN ThreadId(24) hotstuff_runner::smrol::network: ⚠️ [Check] Writer 0 -> 32 slow write: 597.871948ms
2025-12-05T14:24:42.424586Z  WARN ThreadId(25) hotstuff_runner::smrol::network: ⚠️ [Check] Writer 0 -> 18 slow write: 734.106005ms
2025-12-05T14:24:42.430264Z  WARN ThreadId(25) hotstuff_runner::smrol::network: ⚠️ [Check] Writer 0 -> 19 slow write: 735.745072ms
2025-12-05T14:24:42.434293Z  WARN ThreadId(25) hotstuff_runner::smrol::network: ⚠️ [Check] Writer 0 -> 20 slow write: 737.466931ms
2025-12-05T14:24:42.434642Z  WARN ThreadId(25) hotstuff_runner::smrol::network: ⚠️ [Check] Writer 0 -> 17 slow write: 735.244407ms
2025-12-05T14:24:42.446719Z  WARN ThreadId(25) hotstuff_runner::smrol::network: ⚠️ [Check] Writer 0 -> 16 slow write: 736.681708ms
2025-12-05T14:24:42.471124Z  WARN ThreadId(25) hotstuff_runner::smrol::network: ⚠️ [Check] Writer 0 -> 30 slow write: 784.337998ms
2025-12-05T14:24:42.482298Z  WARN ThreadId(25) hotstuff_runner::smrol::network: ⚠️ [Check] Writer 0 -> 29 slow write: 789.721771ms
2025-12-05T14:24:42.494284Z  WARN ThreadId(24) hotstuff_runner::smrol::network: ⚠️ [Check] Writer 0 -> 28 slow write: 795.346282ms
2025-12-05T14:24:42.498277Z  WARN ThreadId(08) docker_node:   Connection reuse ineffective (2.0 msg/conn)
2025-12-05T14:24:42.498473Z  WARN ThreadId(24) hotstuff_runner::smrol::network: ⚠️ [Check] Writer 0 -> 27 slow write: 788.901459ms
2025-12-05T14:24:42.499968Z  WARN ThreadId(24) hotstuff_runner::smrol::network: ⚠️ [Check] Writer 0 -> 26 slow write: 791.953095ms
2025-12-05T14:24:42.530114Z  WARN ThreadId(24) hotstuff_runner::smrol::network: ⚠️ [Check] Writer 0 -> 24 slow write: 846.953644ms
2025-12-05T14:24:42.543956Z  WARN ThreadId(24) hotstuff_runner::smrol::network: ⚠️ [Check] Writer 0 -> 21 slow write: 851.860894ms
2025-12-05T14:24:42.549426Z  WARN ThreadId(24) hotstuff_runner::smrol::network: ⚠️ [Check] Writer 0 -> 22 slow write: 865.244197ms
2025-12-05T14:24:42.560287Z  WARN ThreadId(24) hotstuff_runner::smrol::network: ⚠️ [Check] Writer 0 -> 23 slow write: 864.33383ms
2025-12-05T14:24:42.583163Z  WARN ThreadId(25) hotstuff_runner::smrol::network: ⚠️ [Check] Writer 0 -> 25 slow write: 877.104215ms
2025-12-05T14:24:42.606205Z  WARN ThreadId(07) docker_node: Node 0 Regular transaction queue backlog: 101766 transactions
2025-12-05T14:24:47.498389Z  WARN ThreadId(07) docker_node: HotStuff processing bottleneck detected:
2025-12-05T14:24:47.498417Z  WARN ThreadId(07) docker_node:    - HotStuff queue backlog: 101766 transactions
2025-12-05T14:24:47.498425Z  WARN ThreadId(07) docker_node:    - Confirmation TPS (0.0) much lower than submission TPS (0.2)
2025-12-05T14:24:47.498431Z  WARN ThreadId(07) docker_node:    - Possible cause: HotStuff consensus network delay or block size limitation
2025-12-05T14:24:47.498445Z  WARN ThreadId(07) docker_node:   Connection reuse ineffective (2.0 msg/conn)
2025-12-05T14:24:47.606179Z  WARN ThreadId(07) docker_node: Node 0 Regular transaction queue backlog: 298276 transactions
2025-12-05T14:24:52.497705Z  WARN ThreadId(02) docker_node: HotStuff processing bottleneck detected:
2025-12-05T14:24:52.497735Z  WARN ThreadId(02) docker_node:    - HotStuff queue backlog: 298276 transactions
2025-12-05T14:24:52.497744Z  WARN ThreadId(02) docker_node:    - Confirmation TPS (0.0) much lower than submission TPS (0.1)
2025-12-05T14:24:52.497750Z  WARN ThreadId(02) docker_node:    - Possible cause: HotStuff consensus network delay or block size limitation
2025-12-05T14:24:52.497763Z  WARN ThreadId(02) docker_node:   Connection reuse ineffective (2.0 msg/conn)
2025-12-05T14:24:52.606368Z  WARN ThreadId(07) docker_node: Node 0 Regular transaction queue backlog: 371969 transactions
2025-12-05T14:24:57.497900Z  WARN ThreadId(02) docker_node:   Connection reuse ineffective (2.0 msg/conn)
2025-12-05T14:24:57.605758Z  WARN ThreadId(02) docker_node: Node 0 Regular transaction queue backlog: 463206 transactions
2025-12-05T14:25:02.498494Z  WARN ThreadId(05) docker_node:   Connection reuse ineffective (2.0 msg/conn)
2025-12-05T14:25:02.606398Z  WARN ThreadId(09) docker_node: Node 0 Regular transaction queue backlog: 708843 transactions
2025-12-05T14:25:06.091755Z  WARN ThreadId(20) hotstuff_rs::block_tree::invariants: SAFE_PC_FAIL: pc.block=[200, 129, 119, 232, 192, 142, 211, 107, 172, 142, 45, 217, 41, 50, 174, 119, 216, 135, 66, 227, 254, 42, 187, 155, 200, 164, 74, 56, 233, 104, 141, 92] view=84 phase=Generic | cond1(chain_id/genesis)=true (pc.chain_id=0, my.chain_id=0) | cond2(block_exists/genesis)=true (exists=true) | cond3(view>locked || extends)=false (pc.view=84, locked.view=90, extends=false) | cond4(phase/updates)=true (phase_special=false, has_updates=false) | highest_pc.block=[148, 41, 172, 153, 174, 179, 37, 50, 12, 39, 187, 25, 181, 217, 3, 75, 28, 64, 11, 100, 239, 97, 141, 99, 236, 92, 178, 250, 56, 27, 9, 238] highest_pc.view=91 locked.block=[155, 134, 29, 104, 187, 186, 13, 248, 8, 27, 82, 118, 219, 30, 254, 33, 106, 12, 139, 175, 203, 41, 241, 71, 78, 197, 81, 236, 51, 61, 43, 221] locked.view=90    
2025-12-05T14:25:06.091793Z  WARN ThreadId(20) hotstuff_rs::block_tree::invariants: SAFE_BLOCK_FAIL: block=[206, 216, 208, 194, 152, 99, 159, 134, 211, 158, 219, 113, 50, 167, 219, 53, 174, 95, 135, 189, 54, 205, 126, 71, 144, 182, 223, 213, 221, 163, 185, 160] height=None | cond1(safe_pc)=false | cond2(is_block_justify)=true (justify.phase=Generic) | justify.block=[200, 129, 119, 232, 192, 142, 211, 107, 172, 142, 45, 217, 41, 50, 174, 119, 216, 135, 66, 227, 254, 42, 187, 155, 200, 164, 74, 56, 233, 104, 141, 92] justify.view=84 | highest_pc.block=[148, 41, 172, 153, 174, 179, 37, 50, 12, 39, 187, 25, 181, 217, 3, 75, 28, 64, 11, 100, 239, 97, 141, 99, 236, 92, 178, 250, 56, 27, 9, 238] highest_pc.view=91 | locked.block=[155, 134, 29, 104, 187, 186, 13, 248, 8, 27, 82, 118, 219, 30, 254, 33, 106, 12, 139, 175, 203, 41, 241, 71, 78, 197, 81, 236, 51, 61, 43, 221] locked.view=90    
2025-12-05T14:25:07.497864Z  WARN ThreadId(08) docker_node:   Connection reuse ineffective (2.0 msg/conn)
2025-12-05T14:25:07.605703Z  WARN ThreadId(02) docker_node: Node 0 Regular transaction queue backlog: 954481 transactions
2025-12-05T14:25:08.783480Z  WARN ThreadId(24) hotstuff_runner::smrol::network: ⚠️ [Check] Writer 0 -> 36 slow write: 56.29033ms
2025-12-05T14:25:08.965712Z  WARN ThreadId(24) hotstuff_runner::smrol::network: ⚠️ [Check] Writer 0 -> 8 slow write: 233.261403ms
2025-12-05T14:25:08.994990Z  WARN ThreadId(25) hotstuff_runner::smrol::network: ⚠️ [Check] Writer 0 -> 50 slow write: 266.597993ms
2025-12-05T14:25:08.999616Z  WARN ThreadId(25) hotstuff_runner::smrol::network: ⚠️ [Check] Writer 0 -> 48 slow write: 270.283825ms
2025-12-05T14:25:09.034512Z  WARN ThreadId(24) hotstuff_runner::smrol::network: ⚠️ [Check] Writer 0 -> 56 slow write: 306.557917ms
2025-12-05T14:25:09.034735Z  WARN ThreadId(25) hotstuff_runner::smrol::network: ⚠️ [Check] Writer 0 -> 53 slow write: 302.640967ms
2025-12-05T14:25:09.095782Z  WARN ThreadId(24) hotstuff_runner::smrol::network: ⚠️ [Check] Writer 0 -> 41 slow write: 364.660416ms
2025-12-05T14:25:09.170967Z  WARN ThreadId(25) hotstuff_runner::smrol::network: ⚠️ [Check] Writer 0 -> 63 slow write: 444.699628ms
2025-12-05T14:25:09.171378Z  WARN ThreadId(25) hotstuff_runner::smrol::network: ⚠️ [Check] Writer 0 -> 62 slow write: 444.3948ms
2025-12-05T14:25:09.184810Z  WARN ThreadId(24) hotstuff_runner::smrol::network: ⚠️ [Check] Writer 0 -> 58 slow write: 449.516622ms
2025-12-05T14:25:09.284711Z  WARN ThreadId(25) hotstuff_runner::smrol::network: ⚠️ [Check] Writer 0 -> 17 slow write: 551.134045ms
2025-12-05T14:25:09.331970Z  WARN ThreadId(25) hotstuff_runner::smrol::network: ⚠️ [Check] Writer 0 -> 32 slow write: 597.371105ms
2025-12-05T14:25:09.338232Z  WARN ThreadId(25) hotstuff_runner::smrol::network: ⚠️ [Check] Writer 0 -> 35 slow write: 608.638428ms
2025-12-05T14:25:09.463818Z  WARN ThreadId(24) hotstuff_runner::smrol::network: ⚠️ [Check] Writer 0 -> 18 slow write: 733.917561ms
2025-12-05T14:25:09.468932Z  WARN ThreadId(24) hotstuff_runner::smrol::network: ⚠️ [Check] Writer 0 -> 20 slow write: 737.037068ms
2025-12-05T14:25:09.519214Z  WARN ThreadId(25) hotstuff_runner::smrol::network: ⚠️ [Check] Writer 0 -> 29 slow write: 789.186852ms
2025-12-05T14:25:09.521631Z  WARN ThreadId(25) hotstuff_runner::smrol::network: ⚠️ [Check] Writer 0 -> 27 slow write: 788.40451ms
2025-12-05T14:25:09.524973Z  WARN ThreadId(25) hotstuff_runner::smrol::network: ⚠️ [Check] Writer 0 -> 26 slow write: 791.564058ms
2025-12-05T14:25:09.526866Z  WARN ThreadId(25) hotstuff_runner::smrol::network: ⚠️ [Check] Writer 0 -> 28 slow write: 793.959275ms
2025-12-05T14:25:09.572257Z  WARN ThreadId(25) hotstuff_runner::smrol::network: ⚠️ [Check] Writer 0 -> 24 slow write: 846.734087ms
2025-12-05T14:25:09.576084Z  WARN ThreadId(25) hotstuff_runner::smrol::network: ⚠️ [Check] Writer 0 -> 22 slow write: 849.270107ms
2025-12-05T14:25:09.579373Z  WARN ThreadId(25) hotstuff_runner::smrol::network: ⚠️ [Check] Writer 0 -> 21 slow write: 851.638253ms
2025-12-05T14:25:09.608293Z  WARN ThreadId(25) hotstuff_runner::smrol::network: ⚠️ [Check] Writer 0 -> 25 slow write: 876.349792ms
2025-12-05T14:25:12.497551Z  WARN ThreadId(09) docker_node:   Connection reuse ineffective (2.0 msg/conn)
2025-12-05T14:25:12.606501Z  WARN ThreadId(06) docker_node: Node 0 Regular transaction queue backlog: 1379084 transactions
2025-12-05T14:25:17.497639Z  WARN ThreadId(06) docker_node:   Connection reuse ineffective (2.0 msg/conn)
2025-12-05T14:25:17.606063Z  WARN ThreadId(09) docker_node: Node 0 Regular transaction queue backlog: 2070376 transactions
2025-12-05T14:25:22.498117Z  WARN ThreadId(02) docker_node:   Connection reuse ineffective (2.0 msg/conn)
2025-12-05T14:25:22.606393Z  WARN ThreadId(02) docker_node: Node 0 Regular transaction queue backlog: 2070376 transactions
2025-12-05T14:25:27.497547Z  WARN ThreadId(07) docker_node:   Connection reuse ineffective (2.0 msg/conn)
2025-12-05T14:25:27.605790Z  WARN ThreadId(07) docker_node: Node 0 Regular transaction queue backlog: 2070376 transactions
2025-12-05T14:25:32.498301Z  WARN ThreadId(02) docker_node:   Connection reuse ineffective (2.0 msg/conn)
2025-12-05T14:25:32.605556Z  WARN ThreadId(02) docker_node: Node 0 Regular transaction queue backlog: 2070376 transactions
2025-12-05T14:25:37.497590Z  WARN ThreadId(09) docker_node:   Connection reuse ineffective (2.0 msg/conn)
2025-12-05T14:25:37.605860Z  WARN ThreadId(07) docker_node: Node 0 Regular transaction queue backlog: 2070376 transactions
2025-12-05T14:25:42.093234Z  WARN ThreadId(21) hotstuff_runner::tcp_node: Node 0 view 101 timed out; latency may accumulate
2025-12-05T14:25:42.497802Z  WARN ThreadId(09) docker_node:   Connection reuse ineffective (2.0 msg/conn)
2025-12-05T14:25:42.606040Z  WARN ThreadId(09) docker_node: Node 0 Regular transaction queue backlog: 2070376 transactions
2025-12-05T14:25:44.193145Z  WARN ThreadId(20) hotstuff_rs::block_tree::invariants: SAFE_PC_FAIL: pc.block=[200, 129, 119, 232, 192, 142, 211, 107, 172, 142, 45, 217, 41, 50, 174, 119, 216, 135, 66, 227, 254, 42, 187, 155, 200, 164, 74, 56, 233, 104, 141, 92] view=84 phase=Generic | cond1(chain_id/genesis)=true (pc.chain_id=0, my.chain_id=0) | cond2(block_exists/genesis)=true (exists=true) | cond3(view>locked || extends)=false (pc.view=84, locked.view=99, extends=false) | cond4(phase/updates)=true (phase_special=false, has_updates=false) | highest_pc.block=[140, 218, 248, 113, 131, 250, 80, 18, 36, 72, 129, 187, 59, 226, 179, 243, 228, 56, 251, 255, 87, 119, 213, 80, 238, 241, 39, 133, 240, 173, 37, 192] highest_pc.view=100 locked.block=[136, 114, 160, 119, 171, 121, 179, 97, 185, 232, 196, 200, 198, 51, 149, 21, 148, 197, 143, 59, 167, 35, 57, 41, 1, 134, 226, 78, 88, 93, 69, 95] locked.view=99    
2025-12-05T14:25:44.193200Z  WARN ThreadId(20) hotstuff_rs::block_tree::invariants: SAFE_BLOCK_FAIL: block=[148, 95, 4, 11, 239, 44, 33, 239, 22, 232, 85, 25, 141, 106, 251, 76, 26, 151, 197, 112, 129, 158, 65, 138, 12, 86, 17, 172, 220, 24, 84, 220] height=None | cond1(safe_pc)=false | cond2(is_block_justify)=true (justify.phase=Generic) | justify.block=[200, 129, 119, 232, 192, 142, 211, 107, 172, 142, 45, 217, 41, 50, 174, 119, 216, 135, 66, 227, 254, 42, 187, 155, 200, 164, 74, 56, 233, 104, 141, 92] justify.view=84 | highest_pc.block=[140, 218, 248, 113, 131, 250, 80, 18, 36, 72, 129, 187, 59, 226, 179, 243, 228, 56, 251, 255, 87, 119, 213, 80, 238, 241, 39, 133, 240, 173, 37, 192] highest_pc.view=100 | locked.block=[136, 114, 160, 119, 171, 121, 179, 97, 185, 232, 196, 200, 198, 51, 149, 21, 148, 197, 143, 59, 167, 35, 57, 41, 1, 134, 226, 78, 88, 93, 69, 95] locked.view=99    
2025-12-05T14:25:47.497814Z  WARN ThreadId(09) docker_node:   Connection reuse ineffective (2.0 msg/conn)
2025-12-05T14:25:47.606091Z  WARN ThreadId(09) docker_node: Node 0 Regular transaction queue backlog: 2070376 transactions
2025-12-05T14:25:52.096139Z  WARN ThreadId(21) hotstuff_runner::tcp_node: Node 0 view 103 timed out; latency may accumulate
2025-12-05T14:25:52.294892Z  WARN ThreadId(20) hotstuff_runner::app: Node 0 [produce_block] queue size: 2070376, attempting up to 180000 transactions this block    
2025-12-05T14:25:52.498275Z  WARN ThreadId(09) docker_node:   Connection reuse ineffective (2.0 msg/conn)
2025-12-05T14:25:52.606554Z  WARN ThreadId(09) docker_node: Node 0 Regular transaction queue backlog: 1239427 transactions
2025-12-05T14:25:52.796800Z  WARN ThreadId(20) hotstuff_runner::app: Node 0 view(104) far exceeds block count (1); potential sync issue    
2025-12-05T14:25:57.497767Z  WARN ThreadId(09) docker_node:   Connection reuse ineffective (2.0 msg/conn)
2025-12-05T14:25:57.605966Z  WARN ThreadId(09) docker_node: Node 0 Regular transaction queue backlog: 583317 transactions
2025-12-05T14:26:02.498003Z  WARN ThreadId(09) docker_node:   Connection reuse ineffective (2.0 msg/conn)
2025-12-05T14:26:02.606241Z  WARN ThreadId(09) docker_node: Node 0 Regular transaction queue backlog: 583317 transactions
2025-12-05T14:26:07.497577Z  WARN ThreadId(09) docker_node:   Connection reuse ineffective (2.0 msg/conn)
2025-12-05T14:26:07.605812Z  WARN ThreadId(07) docker_node: Node 0 Regular transaction queue backlog: 583317 transactions
2025-12-05T14:26:12.497830Z  WARN ThreadId(07) docker_node:   Connection reuse ineffective (2.0 msg/conn)
2025-12-05T14:26:12.606048Z  WARN ThreadId(07) docker_node: Node 0 Regular transaction queue backlog: 583317 transactions
2025-12-05T14:26:17.498213Z  WARN ThreadId(07) docker_node:   Connection reuse ineffective (2.0 msg/conn)
2025-12-05T14:26:17.606488Z  WARN ThreadId(07) docker_node: Node 0 Regular transaction queue backlog: 583317 transactions
2025-12-05T14:26:22.497574Z  WARN ThreadId(07) docker_node:   Connection reuse ineffective (2.0 msg/conn)
2025-12-05T14:26:22.605812Z  WARN ThreadId(07) docker_node: Node 0 Regular transaction queue backlog: 583317 transactions
2025-12-05T14:26:27.498285Z  WARN ThreadId(07) docker_node:   Connection reuse ineffective (2.0 msg/conn)
2025-12-05T14:26:27.606542Z  WARN ThreadId(07) docker_node: Node 0 Regular transaction queue backlog: 583317 transactions
2025-12-05T14:26:32.497650Z  WARN ThreadId(07) docker_node:   Connection reuse ineffective (2.0 msg/conn)
2025-12-05T14:26:32.605884Z  WARN ThreadId(07) docker_node: Node 0 Regular transaction queue backlog: 583317 transactions
2025-12-05T14:26:37.498278Z  WARN ThreadId(07) docker_node:   Connection reuse ineffective (2.0 msg/conn)
2025-12-05T14:26:37.606498Z  WARN ThreadId(09) docker_node: Node 0 Regular transaction queue backlog: 583317 transactions
2025-12-05T14:26:42.497999Z  WARN ThreadId(09) docker_node:   Connection reuse ineffective (2.0 msg/conn)
2025-12-05T14:26:42.606301Z  WARN ThreadId(09) docker_node: Node 0 Regular transaction queue backlog: 583317 transactions
2025-12-05T14:26:47.498404Z  WARN ThreadId(09) docker_node:   Connection reuse ineffective (2.0 msg/conn)
2025-12-05T14:26:47.605686Z  WARN ThreadId(09) docker_node: Node 0 Regular transaction queue backlog: 583317 transactions
2025-12-05T14:26:52.497581Z  WARN ThreadId(09) docker_node:   Connection reuse ineffective (2.0 msg/conn)
2025-12-05T14:26:52.605849Z  WARN ThreadId(09) docker_node: Node 0 Regular transaction queue backlog: 583317 transactions
2025-12-05T14:26:57.498504Z  WARN ThreadId(09) docker_node:   Connection reuse ineffective (2.0 msg/conn)
2025-12-05T14:26:57.605753Z  WARN ThreadId(09) docker_node: Node 0 Regular transaction queue backlog: 583317 transactions
