2025-12-05T14:40:08.322760Z  WARN ThreadId(01) docker_node: metrics exporter disabled by SMROL_DISABLE_METRICS
2025-12-05T14:40:28.537920Z  WARN ThreadId(01) hotstuff_runner::tcp_node: Node 0 view timeout set to 5000 ms
2025-12-05T14:40:28.547510Z ERROR ThreadId(23) hotstuff_runner::pompe_network: Node 0 failed to connect to node 2: Connection refused (os error 111)
2025-12-05T14:40:28.564876Z  WARN ThreadId(01) hotstuff_runner::smrol::sequencing: SMROL_MEDIAN_INFLIGHT=24, SMROL_ORDER_FINALIZE_INFLIGHT=4, SMROL_FINAL_SIGN_INFLIGHT=4, SMROL_FINAL_VERIFY_INFLIGHT=24
2025-12-05T14:40:28.564921Z  WARN ThreadId(01) hotstuff_runner::smrol::sequencing: [Sequencing] Node 0 multi-signature verification disabled: false
2025-12-05T14:40:28.565584Z  WARN ThreadId(04) hotstuff_runner::smrol::sequencing: [Sequencing] Node 0 final verify dispatcher started
2025-12-05T14:40:28.566675Z  WARN ThreadId(08) docker_node:   Connection reuse ineffective (2.0 msg/conn)
2025-12-05T14:40:29.327127Z ERROR ThreadId(23) hotstuff_runner::pompe_network: Node 0 failed to connect to node 16: Connection refused (os error 111)
2025-12-05T14:40:29.511064Z ERROR ThreadId(22) hotstuff_runner::pompe_network: Node 0 failed to connect to node 17: Connection refused (os error 111)
2025-12-05T14:40:33.541317Z  WARN ThreadId(21) hotstuff_runner::tcp_node: Node 0 view 0 timed out; latency may accumulate
2025-12-05T14:40:33.566521Z  WARN ThreadId(04) docker_node:   Connection reuse ineffective (2.0 msg/conn)
2025-12-05T14:40:33.568259Z  WARN ThreadId(01) docker_node: Node 0 port 20000 temporarily unreachable: failed to lookup address information: Temporary failure in name resolution
2025-12-05T14:40:33.569972Z  WARN ThreadId(01) docker_node: Node 1 port 20001 temporarily unreachable: failed to lookup address information: Temporary failure in name resolution
2025-12-05T14:40:33.571555Z  WARN ThreadId(01) docker_node: Node 2 port 20002 temporarily unreachable: failed to lookup address information: Temporary failure in name resolution
2025-12-05T14:40:33.573591Z  WARN ThreadId(01) docker_node: Node 3 port 20003 temporarily unreachable: failed to lookup address information: Temporary failure in name resolution
2025-12-05T14:40:33.575409Z  WARN ThreadId(01) docker_node: Node 4 port 20004 temporarily unreachable: failed to lookup address information: Temporary failure in name resolution
2025-12-05T14:40:33.577296Z  WARN ThreadId(01) docker_node: Node 5 port 20005 temporarily unreachable: failed to lookup address information: Temporary failure in name resolution
2025-12-05T14:40:33.579033Z  WARN ThreadId(01) docker_node: Node 6 port 20006 temporarily unreachable: failed to lookup address information: Temporary failure in name resolution
2025-12-05T14:40:33.580801Z  WARN ThreadId(01) docker_node: Node 7 port 20007 temporarily unreachable: failed to lookup address information: Temporary failure in name resolution
2025-12-05T14:40:33.582266Z  WARN ThreadId(01) docker_node: Node 8 port 20008 temporarily unreachable: failed to lookup address information: Temporary failure in name resolution
2025-12-05T14:40:33.583939Z  WARN ThreadId(01) docker_node: Node 9 port 20009 temporarily unreachable: failed to lookup address information: Temporary failure in name resolution
2025-12-05T14:40:33.585593Z  WARN ThreadId(01) docker_node: Node 10 port 20010 temporarily unreachable: failed to lookup address information: Temporary failure in name resolution
2025-12-05T14:40:33.588504Z  WARN ThreadId(01) docker_node: Node 11 port 20011 temporarily unreachable: failed to lookup address information: Temporary failure in name resolution
2025-12-05T14:40:33.590321Z  WARN ThreadId(01) docker_node: Node 12 port 20012 temporarily unreachable: failed to lookup address information: Temporary failure in name resolution
2025-12-05T14:40:33.592193Z  WARN ThreadId(01) docker_node: Node 13 port 20013 temporarily unreachable: failed to lookup address information: Temporary failure in name resolution
2025-12-05T14:40:33.593905Z  WARN ThreadId(01) docker_node: Node 14 port 20014 temporarily unreachable: failed to lookup address information: Temporary failure in name resolution
2025-12-05T14:40:33.595758Z  WARN ThreadId(01) docker_node: Node 15 port 20015 temporarily unreachable: failed to lookup address information: Temporary failure in name resolution
2025-12-05T14:40:33.597445Z  WARN ThreadId(01) docker_node: Node 16 port 20016 temporarily unreachable: failed to lookup address information: Temporary failure in name resolution
2025-12-05T14:40:33.599072Z  WARN ThreadId(01) docker_node: Node 17 port 20017 temporarily unreachable: failed to lookup address information: Temporary failure in name resolution
2025-12-05T14:40:33.600694Z  WARN ThreadId(01) docker_node: Node 18 port 20018 temporarily unreachable: failed to lookup address information: Temporary failure in name resolution
2025-12-05T14:40:33.602352Z  WARN ThreadId(01) docker_node: Node 19 port 20019 temporarily unreachable: failed to lookup address information: Temporary failure in name resolution
2025-12-05T14:40:33.604306Z  WARN ThreadId(01) docker_node: Node 20 port 20020 temporarily unreachable: failed to lookup address information: Temporary failure in name resolution
2025-12-05T14:40:33.605909Z  WARN ThreadId(01) docker_node: Node 21 port 20021 temporarily unreachable: failed to lookup address information: Temporary failure in name resolution
2025-12-05T14:40:33.607524Z  WARN ThreadId(01) docker_node: Node 22 port 20022 temporarily unreachable: failed to lookup address information: Temporary failure in name resolution
2025-12-05T14:40:33.609196Z  WARN ThreadId(01) docker_node: Node 23 port 20023 temporarily unreachable: failed to lookup address information: Temporary failure in name resolution
2025-12-05T14:40:33.611072Z  WARN ThreadId(01) docker_node: Node 24 port 20024 temporarily unreachable: failed to lookup address information: Temporary failure in name resolution
2025-12-05T14:40:33.612785Z  WARN ThreadId(01) docker_node: Node 25 port 20025 temporarily unreachable: failed to lookup address information: Temporary failure in name resolution
2025-12-05T14:40:33.614408Z  WARN ThreadId(01) docker_node: Node 26 port 20026 temporarily unreachable: failed to lookup address information: Temporary failure in name resolution
2025-12-05T14:40:33.615986Z  WARN ThreadId(01) docker_node: Node 27 port 20027 temporarily unreachable: failed to lookup address information: Temporary failure in name resolution
2025-12-05T14:40:33.617564Z  WARN ThreadId(01) docker_node: Node 28 port 20028 temporarily unreachable: failed to lookup address information: Temporary failure in name resolution
2025-12-05T14:40:33.619289Z  WARN ThreadId(01) docker_node: Node 29 port 20029 temporarily unreachable: failed to lookup address information: Temporary failure in name resolution
2025-12-05T14:40:33.621011Z  WARN ThreadId(01) docker_node: Node 30 port 20030 temporarily unreachable: failed to lookup address information: Temporary failure in name resolution
2025-12-05T14:40:33.622605Z  WARN ThreadId(01) docker_node: Node 31 port 20031 temporarily unreachable: failed to lookup address information: Temporary failure in name resolution
2025-12-05T14:40:33.624270Z  WARN ThreadId(01) docker_node: Node 32 port 20032 temporarily unreachable: failed to lookup address information: Temporary failure in name resolution
2025-12-05T14:40:33.625986Z  WARN ThreadId(01) docker_node: Node 33 port 20033 temporarily unreachable: failed to lookup address information: Temporary failure in name resolution
2025-12-05T14:40:33.627767Z  WARN ThreadId(01) docker_node: Node 34 port 20034 temporarily unreachable: failed to lookup address information: Temporary failure in name resolution
2025-12-05T14:40:33.630651Z  WARN ThreadId(01) docker_node: Node 35 port 20035 temporarily unreachable: failed to lookup address information: Temporary failure in name resolution
2025-12-05T14:40:33.632588Z  WARN ThreadId(01) docker_node: Node 36 port 20036 temporarily unreachable: failed to lookup address information: Temporary failure in name resolution
2025-12-05T14:40:33.634458Z  WARN ThreadId(01) docker_node: Node 37 port 20037 temporarily unreachable: failed to lookup address information: Temporary failure in name resolution
2025-12-05T14:40:33.636075Z  WARN ThreadId(01) docker_node: Node 38 port 20038 temporarily unreachable: failed to lookup address information: Temporary failure in name resolution
2025-12-05T14:40:33.637728Z  WARN ThreadId(01) docker_node: Node 39 port 20039 temporarily unreachable: failed to lookup address information: Temporary failure in name resolution
2025-12-05T14:40:33.639426Z  WARN ThreadId(01) docker_node: Node 40 port 20040 temporarily unreachable: failed to lookup address information: Temporary failure in name resolution
2025-12-05T14:40:33.641068Z  WARN ThreadId(01) docker_node: Node 41 port 20041 temporarily unreachable: failed to lookup address information: Temporary failure in name resolution
2025-12-05T14:40:33.642775Z  WARN ThreadId(01) docker_node: Node 42 port 20042 temporarily unreachable: failed to lookup address information: Temporary failure in name resolution
2025-12-05T14:40:33.644352Z  WARN ThreadId(01) docker_node: Node 43 port 20043 temporarily unreachable: failed to lookup address information: Temporary failure in name resolution
2025-12-05T14:40:33.645978Z  WARN ThreadId(01) docker_node: Node 44 port 20044 temporarily unreachable: failed to lookup address information: Temporary failure in name resolution
2025-12-05T14:40:33.647551Z  WARN ThreadId(01) docker_node: Node 45 port 20045 temporarily unreachable: failed to lookup address information: Temporary failure in name resolution
2025-12-05T14:40:33.649293Z  WARN ThreadId(01) docker_node: Node 46 port 20046 temporarily unreachable: failed to lookup address information: Temporary failure in name resolution
2025-12-05T14:40:33.650972Z  WARN ThreadId(01) docker_node: Node 47 port 20047 temporarily unreachable: failed to lookup address information: Temporary failure in name resolution
2025-12-05T14:40:33.652577Z  WARN ThreadId(01) docker_node: Node 48 port 20048 temporarily unreachable: failed to lookup address information: Temporary failure in name resolution
2025-12-05T14:40:33.654311Z  WARN ThreadId(01) docker_node: Node 49 port 20049 temporarily unreachable: failed to lookup address information: Temporary failure in name resolution
2025-12-05T14:40:33.656131Z  WARN ThreadId(01) docker_node: Node 50 port 20050 temporarily unreachable: failed to lookup address information: Temporary failure in name resolution
2025-12-05T14:40:33.658111Z  WARN ThreadId(01) docker_node: Node 51 port 20051 temporarily unreachable: failed to lookup address information: Temporary failure in name resolution
2025-12-05T14:40:33.659652Z  WARN ThreadId(01) docker_node: Node 52 port 20052 temporarily unreachable: failed to lookup address information: Temporary failure in name resolution
2025-12-05T14:40:33.661188Z  WARN ThreadId(01) docker_node: Node 53 port 20053 temporarily unreachable: failed to lookup address information: Temporary failure in name resolution
2025-12-05T14:40:33.663080Z  WARN ThreadId(01) docker_node: Node 54 port 20054 temporarily unreachable: failed to lookup address information: Temporary failure in name resolution
2025-12-05T14:40:33.664682Z  WARN ThreadId(01) docker_node: Node 55 port 20055 temporarily unreachable: failed to lookup address information: Temporary failure in name resolution
2025-12-05T14:40:33.666753Z  WARN ThreadId(01) docker_node: Node 56 port 20056 temporarily unreachable: failed to lookup address information: Temporary failure in name resolution
2025-12-05T14:40:33.668347Z  WARN ThreadId(01) docker_node: Node 57 port 20057 temporarily unreachable: failed to lookup address information: Temporary failure in name resolution
2025-12-05T14:40:33.670064Z  WARN ThreadId(01) docker_node: Node 58 port 20058 temporarily unreachable: failed to lookup address information: Temporary failure in name resolution
2025-12-05T14:40:33.671564Z  WARN ThreadId(01) docker_node: Node 59 port 20059 temporarily unreachable: failed to lookup address information: Temporary failure in name resolution
2025-12-05T14:40:33.673589Z  WARN ThreadId(01) docker_node: Node 60 port 20060 temporarily unreachable: failed to lookup address information: Temporary failure in name resolution
2025-12-05T14:40:33.675368Z  WARN ThreadId(01) docker_node: Node 61 port 20061 temporarily unreachable: failed to lookup address information: Temporary failure in name resolution
2025-12-05T14:40:33.677050Z  WARN ThreadId(01) docker_node: Node 62 port 20062 temporarily unreachable: failed to lookup address information: Temporary failure in name resolution
2025-12-05T14:40:33.678602Z  WARN ThreadId(01) docker_node: Node 63 port 20063 temporarily unreachable: failed to lookup address information: Temporary failure in name resolution
2025-12-05T14:40:38.567171Z  WARN ThreadId(02) docker_node:   Connection reuse ineffective (2.0 msg/conn)
2025-12-05T14:40:43.566775Z  WARN ThreadId(02) docker_node:   Connection reuse ineffective (2.0 msg/conn)
2025-12-05T14:40:47.861267Z  WARN ThreadId(20) hotstuff_runner::app: Node 0 [produce_block] queue size: 0, attempting up to 0 transactions this block    
2025-12-05T14:40:48.566372Z  WARN ThreadId(02) docker_node:   Connection reuse ineffective (2.0 msg/conn)
2025-12-05T14:40:53.566378Z  WARN ThreadId(02) docker_node:   Connection reuse ineffective (2.0 msg/conn)
2025-12-05T14:40:58.567090Z  WARN ThreadId(02) docker_node:   Connection reuse ineffective (2.0 msg/conn)
2025-12-05T14:41:01.252432Z  WARN ThreadId(21) hotstuff_runner::tcp_node: Node 0 view 65 timed out; latency may accumulate
2025-12-05T14:41:01.563116Z  WARN ThreadId(24) hotstuff_runner::smrol::network: ⚠️ Large message: 1600168 bytes to node Some(8)
2025-12-05T14:41:01.564174Z  WARN ThreadId(24) hotstuff_runner::smrol::network: ⚠️ Large message: 1600169 bytes to node Some(21)
2025-12-05T14:41:01.566431Z  WARN ThreadId(24) hotstuff_runner::smrol::network: ⚠️ Large message: 1600168 bytes to node Some(3)
2025-12-05T14:41:01.568174Z  WARN ThreadId(24) hotstuff_runner::smrol::network: ⚠️ Large message: 1600169 bytes to node Some(22)
2025-12-05T14:41:01.569177Z  WARN ThreadId(24) hotstuff_runner::smrol::network: ⚠️ Large message: 1600169 bytes to node Some(15)
2025-12-05T14:41:01.570179Z  WARN ThreadId(24) hotstuff_runner::smrol::network: ⚠️ Large message: 1600169 bytes to node Some(41)
2025-12-05T14:41:01.571448Z  WARN ThreadId(24) hotstuff_runner::smrol::network: ⚠️ Large message: 1600169 bytes to node Some(13)
2025-12-05T14:41:01.572496Z  WARN ThreadId(24) hotstuff_runner::smrol::network: ⚠️ Large message: 1600169 bytes to node Some(12)
2025-12-05T14:41:01.573482Z  WARN ThreadId(24) hotstuff_runner::smrol::network: ⚠️ Large message: 1600168 bytes to node Some(2)
2025-12-05T14:41:01.574438Z  WARN ThreadId(24) hotstuff_runner::smrol::network: ⚠️ Large message: 1600169 bytes to node Some(34)
2025-12-05T14:41:01.575410Z  WARN ThreadId(24) hotstuff_runner::smrol::network: ⚠️ Large message: 1600169 bytes to node Some(56)
2025-12-05T14:41:01.576409Z  WARN ThreadId(24) hotstuff_runner::smrol::network: ⚠️ Large message: 1600169 bytes to node Some(51)
2025-12-05T14:41:01.577365Z  WARN ThreadId(24) hotstuff_runner::smrol::network: ⚠️ Large message: 1600169 bytes to node Some(45)
2025-12-05T14:41:01.578332Z  WARN ThreadId(24) hotstuff_runner::smrol::network: ⚠️ Large message: 1600169 bytes to node Some(62)
2025-12-05T14:41:01.579263Z  WARN ThreadId(24) hotstuff_runner::smrol::network: ⚠️ Large message: 1600169 bytes to node Some(16)
2025-12-05T14:41:01.580219Z  WARN ThreadId(24) hotstuff_runner::smrol::network: ⚠️ Large message: 1600169 bytes to node Some(58)
2025-12-05T14:41:01.581197Z  WARN ThreadId(24) hotstuff_runner::smrol::network: ⚠️ Large message: 1600169 bytes to node Some(26)
2025-12-05T14:41:01.582137Z  WARN ThreadId(24) hotstuff_runner::smrol::network: ⚠️ Large message: 1600169 bytes to node Some(48)
2025-12-05T14:41:01.583141Z  WARN ThreadId(24) hotstuff_runner::smrol::network: ⚠️ Large message: 1600168 bytes to node Some(4)
2025-12-05T14:41:01.584093Z  WARN ThreadId(24) hotstuff_runner::smrol::network: ⚠️ Large message: 1600169 bytes to node Some(32)
2025-12-05T14:41:01.585072Z  WARN ThreadId(24) hotstuff_runner::smrol::network: ⚠️ Large message: 1600169 bytes to node Some(42)
2025-12-05T14:41:01.586012Z  WARN ThreadId(24) hotstuff_runner::smrol::network: ⚠️ Large message: 1600169 bytes to node Some(27)
2025-12-05T14:41:01.586976Z  WARN ThreadId(24) hotstuff_runner::smrol::network: ⚠️ Large message: 1600168 bytes to node Some(9)
2025-12-05T14:41:01.587939Z  WARN ThreadId(24) hotstuff_runner::smrol::network: ⚠️ Large message: 1600169 bytes to node Some(61)
2025-12-05T14:41:01.588876Z  WARN ThreadId(24) hotstuff_runner::smrol::network: ⚠️ Large message: 1600169 bytes to node Some(37)
2025-12-05T14:41:01.589819Z  WARN ThreadId(24) hotstuff_runner::smrol::network: ⚠️ Large message: 1600169 bytes to node Some(30)
2025-12-05T14:41:01.590796Z  WARN ThreadId(24) hotstuff_runner::smrol::network: ⚠️ Large message: 1600169 bytes to node Some(36)
2025-12-05T14:41:01.591838Z  WARN ThreadId(24) hotstuff_runner::smrol::network: ⚠️ Large message: 1600169 bytes to node Some(33)
2025-12-05T14:41:01.592771Z  WARN ThreadId(24) hotstuff_runner::smrol::network: ⚠️ Large message: 1600168 bytes to node Some(1)
2025-12-05T14:41:01.593925Z  WARN ThreadId(24) hotstuff_runner::smrol::network: ⚠️ Large message: 1600169 bytes to node Some(29)
2025-12-05T14:41:01.594877Z  WARN ThreadId(24) hotstuff_runner::smrol::network: ⚠️ Large message: 1600168 bytes to node Some(7)
2025-12-05T14:41:01.595873Z  WARN ThreadId(24) hotstuff_runner::smrol::network: ⚠️ Large message: 1600169 bytes to node Some(35)
2025-12-05T14:41:01.597050Z  WARN ThreadId(24) hotstuff_runner::smrol::network: ⚠️ Large message: 1600169 bytes to node Some(23)
2025-12-05T14:41:01.598201Z  WARN ThreadId(24) hotstuff_runner::smrol::network: ⚠️ Large message: 1600169 bytes to node Some(60)
2025-12-05T14:41:01.599267Z  WARN ThreadId(24) hotstuff_runner::smrol::network: ⚠️ Large message: 1600169 bytes to node Some(11)
2025-12-05T14:41:01.600526Z  WARN ThreadId(24) hotstuff_runner::smrol::network: ⚠️ Large message: 1600169 bytes to node Some(46)
2025-12-05T14:41:01.600889Z  WARN ThreadId(24) hotstuff_runner::smrol::network: ⚠️ [Check] Writer 0 -> 3 slow write: 35.335248ms
2025-12-05T14:41:01.602079Z  WARN ThreadId(24) hotstuff_runner::smrol::network: ⚠️ Large message: 1600169 bytes to node Some(57)
2025-12-05T14:41:01.603049Z  WARN ThreadId(24) hotstuff_runner::smrol::network: ⚠️ Large message: 1600168 bytes to node Some(5)
2025-12-05T14:41:01.604094Z  WARN ThreadId(24) hotstuff_runner::smrol::network: ⚠️ Large message: 1600169 bytes to node Some(54)
2025-12-05T14:41:01.605152Z  WARN ThreadId(24) hotstuff_runner::smrol::network: ⚠️ Large message: 1600169 bytes to node Some(25)
2025-12-05T14:41:01.606109Z  WARN ThreadId(24) hotstuff_runner::smrol::network: ⚠️ Large message: 1600169 bytes to node Some(14)
2025-12-05T14:41:01.607095Z  WARN ThreadId(24) hotstuff_runner::smrol::network: ⚠️ Large message: 1600169 bytes to node Some(28)
2025-12-05T14:41:01.608121Z  WARN ThreadId(24) hotstuff_runner::smrol::network: ⚠️ Large message: 1600169 bytes to node Some(40)
2025-12-05T14:41:01.609135Z  WARN ThreadId(24) hotstuff_runner::smrol::network: ⚠️ Large message: 1600169 bytes to node Some(18)
2025-12-05T14:41:01.610108Z  WARN ThreadId(24) hotstuff_runner::smrol::network: ⚠️ Large message: 1600168 bytes to node Some(6)
2025-12-05T14:41:01.611081Z  WARN ThreadId(24) hotstuff_runner::smrol::network: ⚠️ Large message: 1600169 bytes to node Some(31)
2025-12-05T14:41:01.612099Z  WARN ThreadId(24) hotstuff_runner::smrol::network: ⚠️ Large message: 1600169 bytes to node Some(38)
2025-12-05T14:41:01.613078Z  WARN ThreadId(24) hotstuff_runner::smrol::network: ⚠️ Large message: 1600169 bytes to node Some(47)
2025-12-05T14:41:01.614007Z  WARN ThreadId(25) hotstuff_runner::smrol::network: ⚠️ Large message: 1600169 bytes to node Some(10)
2025-12-05T14:41:01.614030Z  WARN ThreadId(24) hotstuff_runner::smrol::network: ⚠️ Large message: 1600169 bytes to node Some(44)
2025-12-05T14:41:01.615009Z  WARN ThreadId(25) hotstuff_runner::smrol::network: ⚠️ Large message: 1600169 bytes to node Some(19)
2025-12-05T14:41:01.615013Z  WARN ThreadId(24) hotstuff_runner::smrol::network: ⚠️ Large message: 1600169 bytes to node Some(49)
2025-12-05T14:41:01.615964Z  WARN ThreadId(24) hotstuff_runner::smrol::network: ⚠️ Large message: 1600169 bytes to node Some(63)
2025-12-05T14:41:01.616017Z  WARN ThreadId(25) hotstuff_runner::smrol::network: ⚠️ Large message: 1600169 bytes to node Some(24)
2025-12-05T14:41:01.616924Z  WARN ThreadId(24) hotstuff_runner::smrol::network: ⚠️ Large message: 1600169 bytes to node Some(53)
2025-12-05T14:41:01.617101Z  WARN ThreadId(25) hotstuff_runner::smrol::network: ⚠️ Large message: 1600169 bytes to node Some(39)
2025-12-05T14:41:01.617865Z  WARN ThreadId(24) hotstuff_runner::smrol::network: ⚠️ Large message: 1600169 bytes to node Some(55)
2025-12-05T14:41:01.618071Z  WARN ThreadId(25) hotstuff_runner::smrol::network: ⚠️ Large message: 1600169 bytes to node Some(50)
2025-12-05T14:41:01.618843Z  WARN ThreadId(24) hotstuff_runner::smrol::network: ⚠️ Large message: 1600169 bytes to node Some(43)
2025-12-05T14:41:01.619295Z  WARN ThreadId(24) hotstuff_runner::smrol::network: ⚠️ [Check] Writer 0 -> 1 slow write: 27.397734ms
2025-12-05T14:41:01.619297Z  WARN ThreadId(25) hotstuff_runner::smrol::network: ⚠️ [Check] Writer 0 -> 2 slow write: 46.720812ms
2025-12-05T14:41:01.619403Z  WARN ThreadId(25) hotstuff_runner::smrol::network: ⚠️ [Check] Writer 0 -> 4 slow write: 37.200864ms
2025-12-05T14:41:01.621293Z  WARN ThreadId(25) hotstuff_runner::smrol::network: ⚠️ [Check] Writer 0 -> 5 slow write: 19.136076ms
2025-12-05T14:41:01.640218Z  WARN ThreadId(25) hotstuff_runner::smrol::network: ⚠️ Large message: 1600169 bytes to node Some(52)
2025-12-05T14:41:01.657732Z  WARN ThreadId(25) hotstuff_runner::smrol::network: ⚠️ [Check] Writer 0 -> 37 slow write: 69.71921ms
2025-12-05T14:41:01.660924Z  WARN ThreadId(24) hotstuff_runner::smrol::network: ⚠️ [Check] Writer 0 -> 36 slow write: 71.02599ms
2025-12-05T14:41:01.680200Z  WARN ThreadId(25) hotstuff_runner::smrol::network: ⚠️ [Check] Writer 0 -> 40 slow write: 73.023697ms
2025-12-05T14:41:01.681371Z  WARN ThreadId(25) hotstuff_runner::smrol::network: ⚠️ Large message: 1600169 bytes to node Some(59)
2025-12-05T14:41:01.681673Z  WARN ThreadId(25) hotstuff_runner::smrol::network: ⚠️ [Check] Writer 0 -> 38 slow write: 70.519617ms
2025-12-05T14:41:01.686076Z  WARN ThreadId(25) hotstuff_runner::smrol::network: ⚠️ [Check] Writer 0 -> 39 slow write: 69.799331ms
2025-12-05T14:41:01.748239Z  WARN ThreadId(24) hotstuff_runner::smrol::network: ⚠️ Large message: 1600169 bytes to node Some(20)
2025-12-05T14:41:01.750114Z  WARN ThreadId(24) hotstuff_runner::smrol::network: ⚠️ Large message: 1600169 bytes to node Some(17)
2025-12-05T14:41:01.861369Z  WARN ThreadId(25) hotstuff_runner::smrol::network: ⚠️ [Check] Writer 0 -> 15 slow write: 293.088726ms
2025-12-05T14:41:01.862424Z  WARN ThreadId(25) hotstuff_runner::smrol::network: ⚠️ [Check] Writer 0 -> 8 slow write: 300.217884ms
2025-12-05T14:41:01.863060Z  WARN ThreadId(25) hotstuff_runner::smrol::network: ⚠️ [Check] Writer 0 -> 13 slow write: 292.44562ms
2025-12-05T14:41:01.871565Z  WARN ThreadId(24) hotstuff_runner::smrol::network: ⚠️ [Check] Writer 0 -> 12 slow write: 299.894552ms
2025-12-05T14:41:01.886856Z  WARN ThreadId(25) hotstuff_runner::smrol::network: ⚠️ [Check] Writer 0 -> 9 slow write: 300.693129ms
2025-12-05T14:41:01.890787Z  WARN ThreadId(24) hotstuff_runner::smrol::network: ⚠️ [Check] Writer 0 -> 11 slow write: 292.36464ms
2025-12-05T14:41:01.901293Z  WARN ThreadId(24) hotstuff_runner::smrol::network: ⚠️ [Check] Writer 0 -> 6 slow write: 292.036357ms
2025-12-05T14:41:01.906734Z  WARN ThreadId(25) hotstuff_runner::smrol::network: ⚠️ [Check] Writer 0 -> 14 slow write: 301.511664ms
2025-12-05T14:41:01.920516Z  WARN ThreadId(25) hotstuff_runner::smrol::network: ⚠️ [Check] Writer 0 -> 48 slow write: 339.248213ms
2025-12-05T14:41:01.938123Z  WARN ThreadId(24) hotstuff_runner::smrol::network: ⚠️ [Check] Writer 0 -> 46 slow write: 338.567287ms
2025-12-05T14:41:01.945816Z  WARN ThreadId(25) hotstuff_runner::smrol::network: ⚠️ [Check] Writer 0 -> 47 slow write: 333.587387ms
2025-12-05T14:41:01.946534Z  WARN ThreadId(25) hotstuff_runner::smrol::network: ⚠️ [Check] Writer 0 -> 10 slow write: 332.899041ms
2025-12-05T14:41:01.949581Z  WARN ThreadId(25) hotstuff_runner::smrol::network: ⚠️ [Check] Writer 0 -> 50 slow write: 332.335816ms
2025-12-05T14:41:01.953691Z  WARN ThreadId(25) hotstuff_runner::smrol::network: ⚠️ [Check] Writer 0 -> 56 slow write: 379.17519ms
2025-12-05T14:41:01.955805Z  WARN ThreadId(25) hotstuff_runner::smrol::network: ⚠️ [Check] Writer 0 -> 49 slow write: 341.689253ms
2025-12-05T14:41:01.969603Z  WARN ThreadId(25) hotstuff_runner::smrol::network: ⚠️ [Check] Writer 0 -> 7 slow write: 375.49595ms
2025-12-05T14:41:01.980885Z  WARN ThreadId(25) hotstuff_runner::smrol::network: ⚠️ [Check] Writer 0 -> 57 slow write: 379.683484ms
2025-12-05T14:41:01.981728Z  WARN ThreadId(25) hotstuff_runner::smrol::network: ⚠️ [Check] Writer 0 -> 51 slow write: 405.995059ms
2025-12-05T14:41:01.984256Z  WARN ThreadId(25) hotstuff_runner::smrol::network: ⚠️ [Check] Writer 0 -> 54 slow write: 381.137905ms
2025-12-05T14:41:01.994393Z  WARN ThreadId(24) hotstuff_runner::smrol::network: ⚠️ [Check] Writer 0 -> 53 slow write: 378.310883ms
2025-12-05T14:41:01.998229Z  WARN ThreadId(24) hotstuff_runner::smrol::network: ⚠️ [Check] Writer 0 -> 55 slow write: 381.161716ms
2025-12-05T14:41:02.019010Z  WARN ThreadId(25) hotstuff_runner::smrol::network: ⚠️ [Check] Writer 0 -> 52 slow write: 378.922747ms
2025-12-05T14:41:02.022343Z  WARN ThreadId(24) hotstuff_runner::smrol::network: ⚠️ [Check] Writer 0 -> 41 slow write: 452.975953ms
2025-12-05T14:41:02.037420Z  WARN ThreadId(25) hotstuff_runner::smrol::network: ⚠️ [Check] Writer 0 -> 42 slow write: 453.231175ms
2025-12-05T14:41:02.068110Z  WARN ThreadId(24) hotstuff_runner::smrol::network: ⚠️ [Check] Writer 0 -> 44 slow write: 454.949739ms
2025-12-05T14:41:02.075411Z  WARN ThreadId(24) hotstuff_runner::smrol::network: ⚠️ [Check] Writer 0 -> 43 slow write: 457.464919ms
2025-12-05T14:41:02.124447Z  WARN ThreadId(25) hotstuff_runner::smrol::network: ⚠️ [Check] Writer 0 -> 45 slow write: 547.955919ms
2025-12-05T14:41:02.131230Z  WARN ThreadId(24) hotstuff_runner::smrol::network: ⚠️ [Check] Writer 0 -> 58 slow write: 551.890342ms
2025-12-05T14:41:02.142008Z  WARN ThreadId(25) hotstuff_runner::smrol::network: ⚠️ [Check] Writer 0 -> 62 slow write: 564.555765ms
2025-12-05T14:41:02.160650Z  WARN ThreadId(25) hotstuff_runner::smrol::network: ⚠️ [Check] Writer 0 -> 60 slow write: 563.497776ms
2025-12-05T14:41:02.177743Z  WARN ThreadId(24) hotstuff_runner::smrol::network: ⚠️ [Check] Writer 0 -> 63 slow write: 562.6616ms
2025-12-05T14:41:02.236057Z  WARN ThreadId(24) hotstuff_runner::smrol::network: ⚠️ [Check] Writer 0 -> 59 slow write: 554.817855ms
2025-12-05T14:41:02.265785Z  WARN ThreadId(24) hotstuff_runner::smrol::network: ⚠️ [Check] Writer 0 -> 61 slow write: 678.723408ms
2025-12-05T14:41:02.332425Z  WARN ThreadId(24) hotstuff_runner::smrol::network: ⚠️ [Check] Writer 0 -> 33 slow write: 741.451951ms
2025-12-05T14:41:02.350131Z  WARN ThreadId(25) hotstuff_runner::smrol::network: ⚠️ [Check] Writer 0 -> 35 slow write: 755.121733ms
2025-12-05T14:41:02.464300Z  WARN ThreadId(25) hotstuff_runner::smrol::network: ⚠️ [Check] Writer 0 -> 32 slow write: 881.070732ms
2025-12-05T14:41:02.486968Z  WARN ThreadId(25) hotstuff_runner::smrol::network: ⚠️ [Check] Writer 0 -> 34 slow write: 913.407217ms
2025-12-05T14:41:02.490522Z  WARN ThreadId(24) hotstuff_runner::smrol::network: ⚠️ [Check] Writer 0 -> 31 slow write: 880.323767ms
2025-12-05T14:41:02.500661Z  WARN ThreadId(24) hotstuff_runner::smrol::network: ⚠️ [Check] Writer 0 -> 16 slow write: 922.239558ms
2025-12-05T14:41:02.526231Z  WARN ThreadId(24) hotstuff_runner::smrol::network: ⚠️ [Check] Writer 0 -> 18 slow write: 917.943724ms
2025-12-05T14:41:02.535582Z  WARN ThreadId(24) hotstuff_runner::smrol::network: ⚠️ [Check] Writer 0 -> 19 slow write: 921.486282ms
2025-12-05T14:41:02.564725Z  WARN ThreadId(25) hotstuff_runner::smrol::network: ⚠️ [Check] Writer 0 -> 30 slow write: 975.756706ms
2025-12-05T14:41:02.569127Z  WARN ThreadId(25) hotstuff_runner::smrol::network: ⚠️ [Check] Writer 0 -> 26 slow write: 988.825853ms
2025-12-05T14:41:02.583325Z  WARN ThreadId(24) hotstuff_runner::smrol::network: ⚠️ [Check] Writer 0 -> 29 slow write: 990.470506ms
2025-12-05T14:41:02.584315Z  WARN ThreadId(24) hotstuff_runner::smrol::network: ⚠️ [Check] Writer 0 -> 27 slow write: 999.165117ms
2025-12-05T14:41:02.632139Z  WARN ThreadId(25) hotstuff_runner::smrol::network: ⚠️ [Check] Writer 0 -> 21 slow write: 1.068891267s
2025-12-05T14:41:02.646599Z  WARN ThreadId(24) hotstuff_runner::smrol::network: ⚠️ [Check] Writer 0 -> 25 slow write: 1.042407212s
2025-12-05T14:41:02.665385Z  WARN ThreadId(24) hotstuff_runner::smrol::network: ⚠️ [Check] Writer 0 -> 20 slow write: 917.298058ms
2025-12-05T14:41:02.667762Z  WARN ThreadId(24) hotstuff_runner::smrol::network: ⚠️ [Check] Writer 0 -> 17 slow write: 917.812323ms
2025-12-05T14:41:02.681077Z  WARN ThreadId(25) hotstuff_runner::smrol::network: ⚠️ [Check] Writer 0 -> 24 slow write: 1.065989564s
2025-12-05T14:41:02.795127Z  WARN ThreadId(24) hotstuff_runner::smrol::network: ⚠️ [Check] Writer 0 -> 28 slow write: 1.188929969s
2025-12-05T14:41:02.849832Z  WARN ThreadId(25) hotstuff_runner::smrol::network: ⚠️ [Check] Writer 0 -> 23 slow write: 1.253770349s
2025-12-05T14:41:02.853275Z  WARN ThreadId(24) hotstuff_runner::smrol::network: ⚠️ [Check] Writer 0 -> 22 slow write: 1.286034122s
2025-12-05T14:41:03.566242Z  WARN ThreadId(06) docker_node:   Connection reuse ineffective (2.0 msg/conn)
2025-12-05T14:41:03.680080Z  WARN ThreadId(08) docker_node: Node 0 Regular transaction queue backlog: 343876 transactions
2025-12-05T14:41:07.421007Z  WARN ThreadId(21) hotstuff_runner::tcp_node: Node 0 view 70 timed out; latency may accumulate
2025-12-05T14:41:08.566829Z  WARN ThreadId(07) docker_node: HotStuff processing bottleneck detected:
2025-12-05T14:41:08.566853Z  WARN ThreadId(07) docker_node:    - HotStuff queue backlog: 343876 transactions
2025-12-05T14:41:08.566862Z  WARN ThreadId(07) docker_node:    - Confirmation TPS (0.0) much lower than submission TPS (0.1)
2025-12-05T14:41:08.566868Z  WARN ThreadId(07) docker_node:    - Possible cause: HotStuff consensus network delay or block size limitation
2025-12-05T14:41:08.566882Z  WARN ThreadId(07) docker_node:   Connection reuse ineffective (2.0 msg/conn)
2025-12-05T14:41:08.679415Z  WARN ThreadId(06) docker_node: Node 0 Regular transaction queue backlog: 568449 transactions
2025-12-05T14:41:13.567065Z  WARN ThreadId(02) docker_node: HotStuff processing bottleneck detected:
2025-12-05T14:41:13.567095Z  WARN ThreadId(02) docker_node:    - HotStuff queue backlog: 568449 transactions
2025-12-05T14:41:13.567104Z  WARN ThreadId(02) docker_node:    - Confirmation TPS (0.0) much lower than submission TPS (0.1)
2025-12-05T14:41:13.567111Z  WARN ThreadId(02) docker_node:    - Possible cause: HotStuff consensus network delay or block size limitation
2025-12-05T14:41:13.567135Z  WARN ThreadId(02) docker_node:   Connection reuse ineffective (2.0 msg/conn)
2025-12-05T14:41:13.679677Z  WARN ThreadId(06) docker_node: Node 0 Regular transaction queue backlog: 736878 transactions
2025-12-05T14:41:18.566307Z  WARN ThreadId(08) docker_node: HotStuff processing bottleneck detected:
2025-12-05T14:41:18.566339Z  WARN ThreadId(08) docker_node:    - HotStuff queue backlog: 736878 transactions
2025-12-05T14:41:18.566373Z  WARN ThreadId(08) docker_node:    - Confirmation TPS (0.0) much lower than submission TPS (0.1)
2025-12-05T14:41:18.566380Z  WARN ThreadId(08) docker_node:    - Possible cause: HotStuff consensus network delay or block size limitation
2025-12-05T14:41:18.566405Z  WARN ThreadId(08) docker_node:   Connection reuse ineffective (2.0 msg/conn)
2025-12-05T14:41:18.679489Z  WARN ThreadId(07) docker_node: Node 0 Regular transaction queue backlog: 870220 transactions
2025-12-05T14:41:23.566775Z  WARN ThreadId(06) docker_node:   Connection reuse ineffective (2.0 msg/conn)
2025-12-05T14:41:23.679390Z  WARN ThreadId(07) docker_node: Node 0 Regular transaction queue backlog: 1059703 transactions
2025-12-05T14:41:28.566176Z  WARN ThreadId(06) docker_node:   Connection reuse ineffective (2.0 msg/conn)
2025-12-05T14:41:28.679990Z  WARN ThreadId(02) docker_node: Node 0 Regular transaction queue backlog: 1522887 transactions
2025-12-05T14:41:33.065839Z  WARN ThreadId(20) hotstuff_rs::block_tree::invariants: SAFE_PC_FAIL: pc.block=[126, 0, 3, 160, 55, 77, 146, 224, 234, 212, 90, 79, 151, 194, 231, 96, 102, 8, 170, 46, 245, 25, 43, 55, 232, 164, 150, 10, 3, 151, 200, 39] view=69 phase=Generic | cond1(chain_id/genesis)=true (pc.chain_id=0, my.chain_id=0) | cond2(block_exists/genesis)=true (exists=true) | cond3(view>locked || extends)=false (pc.view=69, locked.view=75, extends=false) | cond4(phase/updates)=true (phase_special=false, has_updates=false) | highest_pc.block=[14, 65, 112, 131, 134, 80, 93, 172, 214, 163, 115, 9, 89, 194, 210, 253, 36, 160, 56, 181, 36, 192, 34, 238, 125, 162, 158, 226, 65, 157, 94, 205] highest_pc.view=76 locked.block=[85, 146, 172, 69, 138, 72, 248, 13, 206, 226, 4, 31, 76, 29, 34, 73, 136, 77, 54, 41, 165, 204, 61, 133, 144, 37, 85, 48, 52, 241, 143, 148] locked.view=75    
2025-12-05T14:41:33.065885Z  WARN ThreadId(20) hotstuff_rs::block_tree::invariants: SAFE_BLOCK_FAIL: block=[216, 10, 132, 194, 253, 125, 188, 99, 193, 41, 191, 67, 37, 3, 54, 75, 144, 146, 204, 95, 73, 156, 252, 80, 203, 3, 189, 26, 143, 57, 113, 188] height=None | cond1(safe_pc)=false | cond2(is_block_justify)=true (justify.phase=Generic) | justify.block=[126, 0, 3, 160, 55, 77, 146, 224, 234, 212, 90, 79, 151, 194, 231, 96, 102, 8, 170, 46, 245, 25, 43, 55, 232, 164, 150, 10, 3, 151, 200, 39] justify.view=69 | highest_pc.block=[14, 65, 112, 131, 134, 80, 93, 172, 214, 163, 115, 9, 89, 194, 210, 253, 36, 160, 56, 181, 36, 192, 34, 238, 125, 162, 158, 226, 65, 157, 94, 205] highest_pc.view=76 | locked.block=[85, 146, 172, 69, 138, 72, 248, 13, 206, 226, 4, 31, 76, 29, 34, 73, 136, 77, 54, 41, 165, 204, 61, 133, 144, 37, 85, 48, 52, 241, 143, 148] locked.view=75    
2025-12-05T14:41:33.566796Z  WARN ThreadId(05) docker_node:   Connection reuse ineffective (2.0 msg/conn)
2025-12-05T14:41:33.679283Z  WARN ThreadId(08) docker_node: Node 0 Regular transaction queue backlog: 1908870 transactions
2025-12-05T14:41:35.305103Z  WARN ThreadId(24) hotstuff_runner::smrol::network: ⚠️ Large message: 1600168 bytes to node Some(8)
2025-12-05T14:41:35.305760Z  WARN ThreadId(24) hotstuff_runner::smrol::network: ⚠️ Large message: 1600169 bytes to node Some(52)
2025-12-05T14:41:35.306313Z  WARN ThreadId(24) hotstuff_runner::smrol::network: ⚠️ Large message: 1600169 bytes to node Some(21)
2025-12-05T14:41:35.306858Z  WARN ThreadId(24) hotstuff_runner::smrol::network: ⚠️ Large message: 1600169 bytes to node Some(22)
2025-12-05T14:41:35.307308Z  WARN ThreadId(24) hotstuff_runner::smrol::network: ⚠️ Large message: 1600169 bytes to node Some(20)
2025-12-05T14:41:35.307672Z  WARN ThreadId(24) hotstuff_runner::smrol::network: ⚠️ Large message: 1600168 bytes to node Some(3)
2025-12-05T14:41:35.308279Z  WARN ThreadId(24) hotstuff_runner::smrol::network: ⚠️ Large message: 1600169 bytes to node Some(17)
2025-12-05T14:41:35.308609Z  WARN ThreadId(24) hotstuff_runner::smrol::network: ⚠️ Large message: 1600169 bytes to node Some(34)
2025-12-05T14:41:35.309518Z  WARN ThreadId(24) hotstuff_runner::smrol::network: ⚠️ Large message: 1600169 bytes to node Some(15)
2025-12-05T14:41:35.309981Z  WARN ThreadId(24) hotstuff_runner::smrol::network: ⚠️ Large message: 1600169 bytes to node Some(41)
2025-12-05T14:41:35.310499Z  WARN ThreadId(24) hotstuff_runner::smrol::network: ⚠️ Large message: 1600169 bytes to node Some(59)
2025-12-05T14:41:35.310815Z  WARN ThreadId(24) hotstuff_runner::smrol::network: ⚠️ Large message: 1600169 bytes to node Some(13)
2025-12-05T14:41:35.311383Z  WARN ThreadId(24) hotstuff_runner::smrol::network: ⚠️ Large message: 1600169 bytes to node Some(12)
2025-12-05T14:41:35.311893Z  WARN ThreadId(24) hotstuff_runner::smrol::network: ⚠️ Large message: 1600168 bytes to node Some(2)
2025-12-05T14:41:35.312368Z  WARN ThreadId(24) hotstuff_runner::smrol::network: ⚠️ Large message: 1600169 bytes to node Some(61)
2025-12-05T14:41:35.312777Z  WARN ThreadId(24) hotstuff_runner::smrol::network: ⚠️ Large message: 1600169 bytes to node Some(56)
2025-12-05T14:41:35.313137Z  WARN ThreadId(24) hotstuff_runner::smrol::network: ⚠️ Large message: 1600169 bytes to node Some(51)
2025-12-05T14:41:35.313481Z  WARN ThreadId(24) hotstuff_runner::smrol::network: ⚠️ Large message: 1600169 bytes to node Some(45)
2025-12-05T14:41:35.313866Z  WARN ThreadId(24) hotstuff_runner::smrol::network: ⚠️ Large message: 1600169 bytes to node Some(62)
2025-12-05T14:41:35.314295Z  WARN ThreadId(24) hotstuff_runner::smrol::network: ⚠️ Large message: 1600169 bytes to node Some(16)
2025-12-05T14:41:35.314661Z  WARN ThreadId(24) hotstuff_runner::smrol::network: ⚠️ Large message: 1600169 bytes to node Some(58)
2025-12-05T14:41:35.315065Z  WARN ThreadId(24) hotstuff_runner::smrol::network: ⚠️ Large message: 1600169 bytes to node Some(26)
2025-12-05T14:41:35.315408Z  WARN ThreadId(24) hotstuff_runner::smrol::network: ⚠️ Large message: 1600169 bytes to node Some(48)
2025-12-05T14:41:35.315765Z  WARN ThreadId(24) hotstuff_runner::smrol::network: ⚠️ Large message: 1600168 bytes to node Some(4)
2025-12-05T14:41:35.316167Z  WARN ThreadId(24) hotstuff_runner::smrol::network: ⚠️ Large message: 1600169 bytes to node Some(42)
2025-12-05T14:41:35.316844Z  WARN ThreadId(24) hotstuff_runner::smrol::network: ⚠️ Large message: 1600169 bytes to node Some(32)
2025-12-05T14:41:35.318176Z  WARN ThreadId(24) hotstuff_runner::smrol::network: ⚠️ Large message: 1600168 bytes to node Some(9)
2025-12-05T14:41:35.319423Z  WARN ThreadId(24) hotstuff_runner::smrol::network: ⚠️ Large message: 1600169 bytes to node Some(27)
2025-12-05T14:41:35.319504Z  WARN ThreadId(25) hotstuff_runner::smrol::network: ⚠️ Large message: 1600169 bytes to node Some(10)
2025-12-05T14:41:35.320064Z  WARN ThreadId(24) hotstuff_runner::smrol::network: ⚠️ Large message: 1600169 bytes to node Some(37)
2025-12-05T14:41:35.320441Z  WARN ThreadId(24) hotstuff_runner::smrol::network: ⚠️ [Check] Writer 0 -> 3 slow write: 13.072829ms
2025-12-05T14:41:35.320707Z  WARN ThreadId(24) hotstuff_runner::smrol::network: ⚠️ [Check] Writer 0 -> 2 slow write: 9.04528ms
2025-12-05T14:41:35.320789Z  WARN ThreadId(25) hotstuff_runner::smrol::network: ⚠️ Large message: 1600169 bytes to node Some(36)
2025-12-05T14:41:35.320880Z  WARN ThreadId(24) hotstuff_runner::smrol::network: ⚠️ Large message: 1600169 bytes to node Some(40)
2025-12-05T14:41:35.321314Z  WARN ThreadId(24) hotstuff_runner::smrol::network: ⚠️ Large message: 1600169 bytes to node Some(30)
2025-12-05T14:41:35.321401Z  WARN ThreadId(25) hotstuff_runner::smrol::network: ⚠️ Large message: 1600169 bytes to node Some(25)
2025-12-05T14:41:35.321703Z  WARN ThreadId(24) hotstuff_runner::smrol::network: ⚠️ Large message: 1600168 bytes to node Some(1)
2025-12-05T14:41:35.321934Z  WARN ThreadId(25) hotstuff_runner::smrol::network: ⚠️ Large message: 1600168 bytes to node Some(6)
2025-12-05T14:41:35.322207Z  WARN ThreadId(24) hotstuff_runner::smrol::network: ⚠️ Large message: 1600169 bytes to node Some(33)
2025-12-05T14:41:35.322436Z  WARN ThreadId(25) hotstuff_runner::smrol::network: ⚠️ Large message: 1600169 bytes to node Some(31)
2025-12-05T14:41:35.322705Z  WARN ThreadId(24) hotstuff_runner::smrol::network: ⚠️ Large message: 1600168 bytes to node Some(7)
2025-12-05T14:41:35.323082Z  WARN ThreadId(24) hotstuff_runner::smrol::network: ⚠️ Large message: 1600169 bytes to node Some(29)
2025-12-05T14:41:35.323509Z  WARN ThreadId(24) hotstuff_runner::smrol::network: ⚠️ Large message: 1600169 bytes to node Some(23)
2025-12-05T14:41:35.323950Z  WARN ThreadId(24) hotstuff_runner::smrol::network: ⚠️ Large message: 1600169 bytes to node Some(35)
2025-12-05T14:41:35.324335Z  WARN ThreadId(25) hotstuff_runner::smrol::network: ⚠️ Large message: 1600169 bytes to node Some(38)
2025-12-05T14:41:35.324396Z  WARN ThreadId(24) hotstuff_runner::smrol::network: ⚠️ Large message: 1600169 bytes to node Some(11)
2025-12-05T14:41:35.324831Z  WARN ThreadId(24) hotstuff_runner::smrol::network: ⚠️ Large message: 1600169 bytes to node Some(46)
2025-12-05T14:41:35.324986Z  WARN ThreadId(25) hotstuff_runner::smrol::network: ⚠️ Large message: 1600169 bytes to node Some(18)
2025-12-05T14:41:35.325276Z  WARN ThreadId(24) hotstuff_runner::smrol::network: ⚠️ Large message: 1600169 bytes to node Some(60)
2025-12-05T14:41:35.325697Z  WARN ThreadId(24) hotstuff_runner::smrol::network: ⚠️ Large message: 1600168 bytes to node Some(5)
2025-12-05T14:41:35.326084Z  WARN ThreadId(24) hotstuff_runner::smrol::network: ⚠️ Large message: 1600169 bytes to node Some(54)
2025-12-05T14:41:35.326405Z  WARN ThreadId(25) hotstuff_runner::smrol::network: ⚠️ Large message: 1600169 bytes to node Some(44)
2025-12-05T14:41:35.326456Z  WARN ThreadId(24) hotstuff_runner::smrol::network: ⚠️ Large message: 1600169 bytes to node Some(57)
2025-12-05T14:41:35.326921Z  WARN ThreadId(24) hotstuff_runner::smrol::network: ⚠️ Large message: 1600169 bytes to node Some(14)
2025-12-05T14:41:35.327435Z  WARN ThreadId(24) hotstuff_runner::smrol::network: ⚠️ Large message: 1600169 bytes to node Some(28)
2025-12-05T14:41:35.327781Z  WARN ThreadId(25) hotstuff_runner::smrol::network: ⚠️ Large message: 1600169 bytes to node Some(49)
2025-12-05T14:41:35.328037Z  WARN ThreadId(24) hotstuff_runner::smrol::network: ⚠️ Large message: 1600169 bytes to node Some(24)
2025-12-05T14:41:35.328434Z  WARN ThreadId(24) hotstuff_runner::smrol::network: ⚠️ Large message: 1600169 bytes to node Some(63)
2025-12-05T14:41:35.328895Z  WARN ThreadId(24) hotstuff_runner::smrol::network: ⚠️ Large message: 1600169 bytes to node Some(53)
2025-12-05T14:41:35.329151Z  WARN ThreadId(25) hotstuff_runner::smrol::network: ⚠️ Large message: 1600169 bytes to node Some(39)
2025-12-05T14:41:35.329298Z  WARN ThreadId(24) hotstuff_runner::smrol::network: ⚠️ Large message: 1600169 bytes to node Some(47)
2025-12-05T14:41:35.329720Z  WARN ThreadId(24) hotstuff_runner::smrol::network: ⚠️ Large message: 1600169 bytes to node Some(19)
2025-12-05T14:41:35.330148Z  WARN ThreadId(24) hotstuff_runner::smrol::network: ⚠️ Large message: 1600169 bytes to node Some(55)
2025-12-05T14:41:35.330511Z  WARN ThreadId(25) hotstuff_runner::smrol::network: ⚠️ Large message: 1600169 bytes to node Some(43)
2025-12-05T14:41:35.330586Z  WARN ThreadId(24) hotstuff_runner::smrol::network: ⚠️ Large message: 1600169 bytes to node Some(50)
2025-12-05T14:41:35.331356Z  WARN ThreadId(24) hotstuff_runner::smrol::network: ⚠️ [Check] Writer 0 -> 5 slow write: 5.810627ms
2025-12-05T14:41:35.392270Z  WARN ThreadId(24) hotstuff_runner::smrol::network: ⚠️ [Check] Writer 0 -> 40 slow write: 71.404409ms
2025-12-05T14:41:35.398354Z  WARN ThreadId(24) hotstuff_runner::smrol::network: ⚠️ [Check] Writer 0 -> 39 slow write: 69.958974ms
2025-12-05T14:41:35.602509Z  WARN ThreadId(25) hotstuff_runner::smrol::network: ⚠️ [Check] Writer 0 -> 13 slow write: 291.909614ms
2025-12-05T14:41:35.610340Z  WARN ThreadId(25) hotstuff_runner::smrol::network: ⚠️ [Check] Writer 0 -> 12 slow write: 299.159236ms
2025-12-05T14:41:35.611087Z  WARN ThreadId(24) hotstuff_runner::smrol::network: ⚠️ [Check] Writer 0 -> 10 slow write: 292.412969ms
2025-12-05T14:41:35.617535Z  WARN ThreadId(25) hotstuff_runner::smrol::network: ⚠️ [Check] Writer 0 -> 9 slow write: 300.020266ms
2025-12-05T14:41:35.627520Z  WARN ThreadId(24) hotstuff_runner::smrol::network: ⚠️ [Check] Writer 0 -> 14 slow write: 300.781862ms
2025-12-05T14:41:35.661787Z  WARN ThreadId(25) hotstuff_runner::smrol::network: ⚠️ [Check] Writer 0 -> 47 slow write: 332.603488ms
2025-12-05T14:41:35.662308Z  WARN ThreadId(25) hotstuff_runner::smrol::network: ⚠️ [Check] Writer 0 -> 46 slow write: 337.603888ms
2025-12-05T14:41:35.668829Z  WARN ThreadId(25) hotstuff_runner::smrol::network: ⚠️ [Check] Writer 0 -> 49 slow write: 342.055582ms
2025-12-05T14:41:35.684481Z  WARN ThreadId(25) hotstuff_runner::smrol::network: ⚠️ [Check] Writer 0 -> 52 slow write: 378.894897ms
2025-12-05T14:41:35.705358Z  WARN ThreadId(25) hotstuff_runner::smrol::network: ⚠️ [Check] Writer 0 -> 57 slow write: 378.999499ms
2025-12-05T14:41:35.709471Z  WARN ThreadId(25) hotstuff_runner::smrol::network: ⚠️ [Check] Writer 0 -> 55 slow write: 379.491793ms
2025-12-05T14:41:35.761872Z  WARN ThreadId(24) hotstuff_runner::smrol::network: ⚠️ [Check] Writer 0 -> 41 slow write: 451.983462ms
2025-12-05T14:41:35.768435Z  WARN ThreadId(24) hotstuff_runner::smrol::network: ⚠️ [Check] Writer 0 -> 42 slow write: 452.423057ms
2025-12-05T14:41:35.769237Z  WARN ThreadId(24) hotstuff_runner::smrol::network: ⚠️ [Check] Writer 0 -> 45 slow write: 455.861141ms
2025-12-05T14:41:35.780979Z  WARN ThreadId(24) hotstuff_runner::smrol::network: ⚠️ [Check] Writer 0 -> 44 slow write: 455.660708ms
2025-12-05T14:41:35.785784Z  WARN ThreadId(25) hotstuff_runner::smrol::network: ⚠️ [Check] Writer 0 -> 43 slow write: 456.298345ms
2025-12-05T14:41:35.864059Z  WARN ThreadId(24) hotstuff_runner::smrol::network: ⚠️ [Check] Writer 0 -> 59 slow write: 553.763871ms
2025-12-05T14:41:35.865784Z  WARN ThreadId(24) hotstuff_runner::smrol::network: ⚠️ [Check] Writer 0 -> 58 slow write: 551.208686ms
2025-12-05T14:41:35.867690Z  WARN ThreadId(25) hotstuff_runner::smrol::network: ⚠️ [Check] Writer 0 -> 62 slow write: 553.971253ms
2025-12-05T14:41:35.881204Z  WARN ThreadId(24) hotstuff_runner::smrol::network: ⚠️ [Check] Writer 0 -> 63 slow write: 552.850162ms
2025-12-05T14:41:35.887968Z  WARN ThreadId(25) hotstuff_runner::smrol::network: ⚠️ [Check] Writer 0 -> 60 slow write: 562.848961ms
2025-12-05T14:41:35.960042Z  WARN ThreadId(24) hotstuff_runner::smrol::network: ⚠️ [Check] Writer 0 -> 31 slow write: 637.769124ms
2025-12-05T14:41:35.972347Z  WARN ThreadId(25) hotstuff_runner::smrol::network: ⚠️ [Check] Writer 0 -> 33 slow write: 650.343049ms
2025-12-05T14:41:36.069818Z  WARN ThreadId(25) hotstuff_runner::smrol::network: ⚠️ [Check] Writer 0 -> 34 slow write: 761.178618ms
2025-12-05T14:41:36.077494Z  WARN ThreadId(25) hotstuff_runner::smrol::network: ⚠️ [Check] Writer 0 -> 35 slow write: 753.662434ms
2025-12-05T14:41:36.115354Z  WARN ThreadId(24) hotstuff_runner::smrol::network: ⚠️ [Check] Writer 0 -> 29 slow write: 792.377818ms
2025-12-05T14:41:36.227427Z  WARN ThreadId(24) hotstuff_runner::smrol::network: ⚠️ [Check] Writer 0 -> 20 slow write: 920.223345ms
2025-12-05T14:41:36.229509Z  WARN ThreadId(25) hotstuff_runner::smrol::network: ⚠️ [Check] Writer 0 -> 17 slow write: 921.478968ms
2025-12-05T14:41:36.241388Z  WARN ThreadId(24) hotstuff_runner::smrol::network: ⚠️ [Check] Writer 0 -> 18 slow write: 916.562829ms
2025-12-05T14:41:36.249879Z  WARN ThreadId(24) hotstuff_runner::smrol::network: ⚠️ [Check] Writer 0 -> 19 slow write: 920.298126ms
2025-12-05T14:41:36.296528Z  WARN ThreadId(24) hotstuff_runner::smrol::network: ⚠️ [Check] Writer 0 -> 30 slow write: 975.392972ms
2025-12-05T14:41:36.318414Z  WARN ThreadId(25) hotstuff_runner::smrol::network: ⚠️ [Check] Writer 0 -> 28 slow write: 991.017618ms
2025-12-05T14:41:36.369357Z  WARN ThreadId(24) hotstuff_runner::smrol::network: ⚠️ [Check] Writer 0 -> 21 slow write: 1.063090372s
2025-12-05T14:41:36.384363Z  WARN ThreadId(25) hotstuff_runner::smrol::network: ⚠️ [Check] Writer 0 -> 25 slow write: 1.062798859s
2025-12-05T14:41:37.054861Z  WARN ThreadId(20) hotstuff_rs::block_tree::invariants: SAFE_PC_FAIL: pc.block=[47, 141, 201, 76, 11, 124, 66, 127, 66, 146, 39, 132, 94, 126, 93, 67, 210, 200, 77, 252, 80, 71, 86, 31, 72, 20, 136, 139, 247, 43, 213, 83] view=72 phase=Generic | cond1(chain_id/genesis)=true (pc.chain_id=0, my.chain_id=0) | cond2(block_exists/genesis)=true (exists=true) | cond3(view>locked || extends)=false (pc.view=72, locked.view=75, extends=false) | cond4(phase/updates)=true (phase_special=false, has_updates=false) | highest_pc.block=[14, 65, 112, 131, 134, 80, 93, 172, 214, 163, 115, 9, 89, 194, 210, 253, 36, 160, 56, 181, 36, 192, 34, 238, 125, 162, 158, 226, 65, 157, 94, 205] highest_pc.view=76 locked.block=[85, 146, 172, 69, 138, 72, 248, 13, 206, 226, 4, 31, 76, 29, 34, 73, 136, 77, 54, 41, 165, 204, 61, 133, 144, 37, 85, 48, 52, 241, 143, 148] locked.view=75    
2025-12-05T14:41:37.054928Z  WARN ThreadId(20) hotstuff_rs::block_tree::invariants: SAFE_BLOCK_FAIL: block=[92, 13, 197, 102, 82, 240, 178, 72, 33, 244, 176, 28, 241, 172, 83, 120, 238, 17, 93, 104, 58, 87, 82, 56, 232, 145, 219, 0, 251, 30, 37, 235] height=None | cond1(safe_pc)=false | cond2(is_block_justify)=true (justify.phase=Generic) | justify.block=[47, 141, 201, 76, 11, 124, 66, 127, 66, 146, 39, 132, 94, 126, 93, 67, 210, 200, 77, 252, 80, 71, 86, 31, 72, 20, 136, 139, 247, 43, 213, 83] justify.view=72 | highest_pc.block=[14, 65, 112, 131, 134, 80, 93, 172, 214, 163, 115, 9, 89, 194, 210, 253, 36, 160, 56, 181, 36, 192, 34, 238, 125, 162, 158, 226, 65, 157, 94, 205] highest_pc.view=76 | locked.block=[85, 146, 172, 69, 138, 72, 248, 13, 206, 226, 4, 31, 76, 29, 34, 73, 136, 77, 54, 41, 165, 204, 61, 133, 144, 37, 85, 48, 52, 241, 143, 148] locked.view=75    
2025-12-05T14:41:38.566917Z  WARN ThreadId(06) docker_node:   Connection reuse ineffective (2.0 msg/conn)
2025-12-05T14:41:38.680106Z  WARN ThreadId(09) docker_node: Node 0 Regular transaction queue backlog: 2596621 transactions
2025-12-05T14:41:43.566792Z  WARN ThreadId(03) docker_node:   Connection reuse ineffective (2.0 msg/conn)
2025-12-05T14:41:43.679333Z  WARN ThreadId(08) docker_node: Node 0 Regular transaction queue backlog: 3003661 transactions
2025-12-05T14:41:48.566691Z  WARN ThreadId(04) docker_node:   Connection reuse ineffective (2.0 msg/conn)
2025-12-05T14:41:48.679469Z  WARN ThreadId(04) docker_node: Node 0 Regular transaction queue backlog: 3993187 transactions
2025-12-05T14:41:51.993685Z  WARN ThreadId(21) hotstuff_runner::tcp_node: Node 0 view 82 timed out; latency may accumulate
2025-12-05T14:41:53.566482Z  WARN ThreadId(07) docker_node:   Connection reuse ineffective (2.0 msg/conn)
2025-12-05T14:41:53.679733Z  WARN ThreadId(07) docker_node: Node 0 Regular transaction queue backlog: 4035294 transactions
2025-12-05T14:41:55.807108Z  WARN ThreadId(20) hotstuff_rs::block_tree::invariants: SAFE_PC_FAIL: pc.block=[184, 224, 100, 204, 57, 107, 195, 148, 141, 118, 230, 13, 239, 207, 195, 98, 240, 118, 157, 36, 2, 76, 121, 54, 218, 42, 3, 25, 147, 60, 168, 251] view=73 phase=Generic | cond1(chain_id/genesis)=true (pc.chain_id=0, my.chain_id=0) | cond2(block_exists/genesis)=true (exists=true) | cond3(view>locked || extends)=false (pc.view=73, locked.view=80, extends=false) | cond4(phase/updates)=true (phase_special=false, has_updates=false) | highest_pc.block=[100, 177, 241, 155, 22, 59, 43, 165, 96, 4, 23, 62, 165, 130, 247, 22, 44, 175, 44, 237, 37, 121, 85, 5, 36, 85, 237, 229, 1, 56, 185, 218] highest_pc.view=81 locked.block=[44, 150, 185, 160, 244, 191, 44, 236, 50, 0, 16, 74, 29, 9, 129, 194, 105, 221, 224, 118, 30, 149, 61, 255, 8, 235, 76, 27, 213, 206, 165, 225] locked.view=80    
2025-12-05T14:41:55.807141Z  WARN ThreadId(20) hotstuff_rs::block_tree::invariants: SAFE_BLOCK_FAIL: block=[115, 52, 162, 131, 214, 178, 173, 43, 44, 64, 204, 77, 251, 182, 249, 77, 202, 13, 75, 41, 205, 156, 202, 222, 81, 102, 193, 25, 250, 198, 35, 128] height=None | cond1(safe_pc)=false | cond2(is_block_justify)=true (justify.phase=Generic) | justify.block=[184, 224, 100, 204, 57, 107, 195, 148, 141, 118, 230, 13, 239, 207, 195, 98, 240, 118, 157, 36, 2, 76, 121, 54, 218, 42, 3, 25, 147, 60, 168, 251] justify.view=73 | highest_pc.block=[100, 177, 241, 155, 22, 59, 43, 165, 96, 4, 23, 62, 165, 130, 247, 22, 44, 175, 44, 237, 37, 121, 85, 5, 36, 85, 237, 229, 1, 56, 185, 218] highest_pc.view=81 | locked.block=[44, 150, 185, 160, 244, 191, 44, 236, 50, 0, 16, 74, 29, 9, 129, 194, 105, 221, 224, 118, 30, 149, 61, 255, 8, 235, 76, 27, 213, 206, 165, 225] locked.view=80    
2025-12-05T14:41:58.567124Z  WARN ThreadId(07) docker_node:   Connection reuse ineffective (2.0 msg/conn)
2025-12-05T14:41:58.679326Z  WARN ThreadId(08) docker_node: Node 0 Regular transaction queue backlog: 4035294 transactions
2025-12-05T14:42:03.566256Z  WARN ThreadId(08) docker_node:   Connection reuse ineffective (2.0 msg/conn)
2025-12-05T14:42:03.679487Z  WARN ThreadId(08) docker_node: Node 0 Regular transaction queue backlog: 4035294 transactions
2025-12-05T14:42:06.997866Z  WARN ThreadId(21) hotstuff_runner::tcp_node: Node 0 view 85 timed out; latency may accumulate
2025-12-05T14:42:08.566220Z  WARN ThreadId(08) docker_node:   Connection reuse ineffective (2.0 msg/conn)
2025-12-05T14:42:08.679474Z  WARN ThreadId(08) docker_node: Node 0 Regular transaction queue backlog: 4035294 transactions
2025-12-05T14:42:13.566868Z  WARN ThreadId(08) docker_node:   Connection reuse ineffective (2.0 msg/conn)
2025-12-05T14:42:13.680111Z  WARN ThreadId(08) docker_node: Node 0 Regular transaction queue backlog: 4035294 transactions
2025-12-05T14:42:18.566185Z  WARN ThreadId(08) docker_node:   Connection reuse ineffective (2.0 msg/conn)
2025-12-05T14:42:18.679458Z  WARN ThreadId(08) docker_node: Node 0 Regular transaction queue backlog: 4035294 transactions
2025-12-05T14:42:23.566539Z  WARN ThreadId(08) docker_node:   Connection reuse ineffective (2.0 msg/conn)
2025-12-05T14:42:23.679807Z  WARN ThreadId(08) docker_node: Node 0 Regular transaction queue backlog: 4035294 transactions
2025-12-05T14:42:28.566246Z  WARN ThreadId(08) docker_node:   Connection reuse ineffective (2.0 msg/conn)
2025-12-05T14:42:28.679457Z  WARN ThreadId(04) docker_node: Node 0 Regular transaction queue backlog: 4035294 transactions
2025-12-05T14:42:33.566944Z  WARN ThreadId(04) docker_node:   Connection reuse ineffective (2.0 msg/conn)
2025-12-05T14:42:33.679175Z  WARN ThreadId(04) docker_node: Node 0 Regular transaction queue backlog: 4035294 transactions
2025-12-05T14:42:38.567087Z  WARN ThreadId(04) docker_node:   Connection reuse ineffective (2.0 msg/conn)
2025-12-05T14:42:38.679331Z  WARN ThreadId(04) docker_node: Node 0 Regular transaction queue backlog: 4035294 transactions
2025-12-05T14:42:43.566363Z  WARN ThreadId(04) docker_node:   Connection reuse ineffective (2.0 msg/conn)
2025-12-05T14:42:43.679587Z  WARN ThreadId(04) docker_node: Node 0 Regular transaction queue backlog: 4035294 transactions
2025-12-05T14:42:48.566687Z  WARN ThreadId(04) docker_node:   Connection reuse ineffective (2.0 msg/conn)
2025-12-05T14:42:48.679920Z  WARN ThreadId(04) docker_node: Node 0 Regular transaction queue backlog: 4035294 transactions
2025-12-05T14:42:53.567010Z  WARN ThreadId(04) docker_node:   Connection reuse ineffective (2.0 msg/conn)
2025-12-05T14:42:53.679256Z  WARN ThreadId(04) docker_node: Node 0 Regular transaction queue backlog: 4035294 transactions
2025-12-05T14:42:58.566683Z  WARN ThreadId(04) docker_node:   Connection reuse ineffective (2.0 msg/conn)
2025-12-05T14:42:58.679917Z  WARN ThreadId(07) docker_node: Node 0 Regular transaction queue backlog: 4035294 transactions
2025-12-05T14:43:03.567014Z  WARN ThreadId(07) docker_node:   Connection reuse ineffective (2.0 msg/conn)
2025-12-05T14:43:03.679276Z  WARN ThreadId(07) docker_node: Node 0 Regular transaction queue backlog: 4035294 transactions
2025-12-05T14:43:08.566826Z  WARN ThreadId(07) docker_node:   Connection reuse ineffective (2.0 msg/conn)
2025-12-05T14:43:08.680101Z  WARN ThreadId(07) docker_node: Node 0 Regular transaction queue backlog: 4035294 transactions
2025-12-05T14:43:13.566750Z  WARN ThreadId(07) docker_node:   Connection reuse ineffective (2.0 msg/conn)
2025-12-05T14:43:13.680017Z  WARN ThreadId(07) docker_node: Node 0 Regular transaction queue backlog: 4035294 transactions
2025-12-05T14:43:18.566994Z  WARN ThreadId(07) docker_node:   Connection reuse ineffective (2.0 msg/conn)
2025-12-05T14:43:18.679230Z  WARN ThreadId(07) docker_node: Node 0 Regular transaction queue backlog: 4035294 transactions
