2025-12-05T14:32:29.826481Z  WARN ThreadId(01) docker_node: metrics exporter disabled by SMROL_DISABLE_METRICS
2025-12-05T14:32:50.042301Z  WARN ThreadId(01) hotstuff_runner::tcp_node: Node 1 view timeout set to 5000 ms
2025-12-05T14:32:50.051566Z ERROR ThreadId(23) hotstuff_runner::pompe_network: Node 1 failed to connect to node 2: Connection refused (os error 111)
2025-12-05T14:32:50.052252Z ERROR ThreadId(23) hotstuff_runner::pompe_network: Node 1 failed to connect to node 4: Connection refused (os error 111)
2025-12-05T14:32:50.052614Z ERROR ThreadId(23) hotstuff_runner::pompe_network: Node 1 failed to connect to node 5: Connection refused (os error 111)
2025-12-05T14:32:50.069202Z  WARN ThreadId(01) hotstuff_runner::smrol::sequencing: SMROL_MEDIAN_INFLIGHT=24, SMROL_ORDER_FINALIZE_INFLIGHT=4, SMROL_FINAL_SIGN_INFLIGHT=4, SMROL_FINAL_VERIFY_INFLIGHT=24
2025-12-05T14:32:50.069256Z  WARN ThreadId(01) hotstuff_runner::smrol::sequencing: [Sequencing] Node 1 multi-signature verification disabled: false
2025-12-05T14:32:50.070081Z  WARN ThreadId(08) hotstuff_runner::smrol::sequencing: [Sequencing] Node 1 final verify dispatcher started
2025-12-05T14:32:50.071145Z  WARN ThreadId(06) docker_node:   Connection reuse ineffective (2.0 msg/conn)
2025-12-05T14:32:50.830116Z ERROR ThreadId(23) hotstuff_runner::pompe_network: Node 1 failed to connect to node 16: Connection refused (os error 111)
2025-12-05T14:32:51.013569Z ERROR ThreadId(23) hotstuff_runner::pompe_network: Node 1 failed to connect to node 17: Connection refused (os error 111)
2025-12-05T14:32:51.210866Z ERROR ThreadId(23) hotstuff_runner::pompe_network: Node 1 failed to connect to node 18: Connection refused (os error 111)
2025-12-05T14:32:55.070806Z  WARN ThreadId(03) docker_node:   Connection reuse ineffective (2.0 msg/conn)
2025-12-05T14:32:55.075353Z  WARN ThreadId(01) docker_node: Node 0 port 20000 temporarily unreachable: failed to lookup address information: Temporary failure in name resolution
2025-12-05T14:32:55.077152Z  WARN ThreadId(01) docker_node: Node 1 port 20001 temporarily unreachable: failed to lookup address information: Temporary failure in name resolution
2025-12-05T14:32:55.078750Z  WARN ThreadId(01) docker_node: Node 2 port 20002 temporarily unreachable: failed to lookup address information: Temporary failure in name resolution
2025-12-05T14:32:55.080152Z  WARN ThreadId(01) docker_node: Node 3 port 20003 temporarily unreachable: failed to lookup address information: Temporary failure in name resolution
2025-12-05T14:32:55.081681Z  WARN ThreadId(01) docker_node: Node 4 port 20004 temporarily unreachable: failed to lookup address information: Temporary failure in name resolution
2025-12-05T14:32:55.083145Z  WARN ThreadId(01) docker_node: Node 5 port 20005 temporarily unreachable: failed to lookup address information: Temporary failure in name resolution
2025-12-05T14:32:55.084626Z  WARN ThreadId(01) docker_node: Node 6 port 20006 temporarily unreachable: failed to lookup address information: Temporary failure in name resolution
2025-12-05T14:32:55.086134Z  WARN ThreadId(01) docker_node: Node 7 port 20007 temporarily unreachable: failed to lookup address information: Temporary failure in name resolution
2025-12-05T14:32:55.087730Z  WARN ThreadId(01) docker_node: Node 8 port 20008 temporarily unreachable: failed to lookup address information: Temporary failure in name resolution
2025-12-05T14:32:55.089382Z  WARN ThreadId(01) docker_node: Node 9 port 20009 temporarily unreachable: failed to lookup address information: Temporary failure in name resolution
2025-12-05T14:32:55.091011Z  WARN ThreadId(01) docker_node: Node 10 port 20010 temporarily unreachable: failed to lookup address information: Temporary failure in name resolution
2025-12-05T14:32:55.092542Z  WARN ThreadId(01) docker_node: Node 11 port 20011 temporarily unreachable: failed to lookup address information: Temporary failure in name resolution
2025-12-05T14:32:55.094091Z  WARN ThreadId(01) docker_node: Node 12 port 20012 temporarily unreachable: failed to lookup address information: Temporary failure in name resolution
2025-12-05T14:32:55.095893Z  WARN ThreadId(01) docker_node: Node 13 port 20013 temporarily unreachable: failed to lookup address information: Temporary failure in name resolution
2025-12-05T14:32:55.097562Z  WARN ThreadId(01) docker_node: Node 14 port 20014 temporarily unreachable: failed to lookup address information: Temporary failure in name resolution
2025-12-05T14:32:55.099251Z  WARN ThreadId(01) docker_node: Node 15 port 20015 temporarily unreachable: failed to lookup address information: Temporary failure in name resolution
2025-12-05T14:32:55.100931Z  WARN ThreadId(01) docker_node: Node 16 port 20016 temporarily unreachable: failed to lookup address information: Temporary failure in name resolution
2025-12-05T14:32:55.102500Z  WARN ThreadId(01) docker_node: Node 17 port 20017 temporarily unreachable: failed to lookup address information: Temporary failure in name resolution
2025-12-05T14:32:55.103978Z  WARN ThreadId(01) docker_node: Node 18 port 20018 temporarily unreachable: failed to lookup address information: Temporary failure in name resolution
2025-12-05T14:32:55.105408Z  WARN ThreadId(01) docker_node: Node 19 port 20019 temporarily unreachable: failed to lookup address information: Temporary failure in name resolution
2025-12-05T14:32:55.107094Z  WARN ThreadId(01) docker_node: Node 20 port 20020 temporarily unreachable: failed to lookup address information: Temporary failure in name resolution
2025-12-05T14:32:55.108663Z  WARN ThreadId(01) docker_node: Node 21 port 20021 temporarily unreachable: failed to lookup address information: Temporary failure in name resolution
2025-12-05T14:32:55.110360Z  WARN ThreadId(01) docker_node: Node 22 port 20022 temporarily unreachable: failed to lookup address information: Temporary failure in name resolution
2025-12-05T14:32:55.112174Z  WARN ThreadId(01) docker_node: Node 23 port 20023 temporarily unreachable: failed to lookup address information: Temporary failure in name resolution
2025-12-05T14:32:55.113815Z  WARN ThreadId(01) docker_node: Node 24 port 20024 temporarily unreachable: failed to lookup address information: Temporary failure in name resolution
2025-12-05T14:32:55.115440Z  WARN ThreadId(01) docker_node: Node 25 port 20025 temporarily unreachable: failed to lookup address information: Temporary failure in name resolution
2025-12-05T14:32:55.117015Z  WARN ThreadId(01) docker_node: Node 26 port 20026 temporarily unreachable: failed to lookup address information: Temporary failure in name resolution
2025-12-05T14:32:55.118543Z  WARN ThreadId(01) docker_node: Node 27 port 20027 temporarily unreachable: failed to lookup address information: Temporary failure in name resolution
2025-12-05T14:32:55.120167Z  WARN ThreadId(01) docker_node: Node 28 port 20028 temporarily unreachable: failed to lookup address information: Temporary failure in name resolution
2025-12-05T14:32:55.121750Z  WARN ThreadId(01) docker_node: Node 29 port 20029 temporarily unreachable: failed to lookup address information: Temporary failure in name resolution
2025-12-05T14:32:55.123378Z  WARN ThreadId(01) docker_node: Node 30 port 20030 temporarily unreachable: failed to lookup address information: Temporary failure in name resolution
2025-12-05T14:32:55.124880Z  WARN ThreadId(01) docker_node: Node 31 port 20031 temporarily unreachable: failed to lookup address information: Temporary failure in name resolution
2025-12-05T14:32:55.126470Z  WARN ThreadId(01) docker_node: Node 32 port 20032 temporarily unreachable: failed to lookup address information: Temporary failure in name resolution
2025-12-05T14:32:55.128161Z  WARN ThreadId(01) docker_node: Node 33 port 20033 temporarily unreachable: failed to lookup address information: Temporary failure in name resolution
2025-12-05T14:32:55.131365Z  WARN ThreadId(01) docker_node: Node 34 port 20034 temporarily unreachable: failed to lookup address information: Temporary failure in name resolution
2025-12-05T14:32:55.133327Z  WARN ThreadId(01) docker_node: Node 35 port 20035 temporarily unreachable: failed to lookup address information: Temporary failure in name resolution
2025-12-05T14:32:55.135082Z  WARN ThreadId(01) docker_node: Node 36 port 20036 temporarily unreachable: failed to lookup address information: Temporary failure in name resolution
2025-12-05T14:32:55.138066Z  WARN ThreadId(01) docker_node: Node 37 port 20037 temporarily unreachable: failed to lookup address information: Temporary failure in name resolution
2025-12-05T14:32:55.139639Z  WARN ThreadId(01) docker_node: Node 38 port 20038 temporarily unreachable: failed to lookup address information: Temporary failure in name resolution
2025-12-05T14:32:55.141388Z  WARN ThreadId(01) docker_node: Node 39 port 20039 temporarily unreachable: failed to lookup address information: Temporary failure in name resolution
2025-12-05T14:32:55.143242Z  WARN ThreadId(01) docker_node: Node 40 port 20040 temporarily unreachable: failed to lookup address information: Temporary failure in name resolution
2025-12-05T14:32:55.148855Z  WARN ThreadId(01) docker_node: Node 41 port 20041 temporarily unreachable: failed to lookup address information: Temporary failure in name resolution
2025-12-05T14:32:55.150484Z  WARN ThreadId(01) docker_node: Node 42 port 20042 temporarily unreachable: failed to lookup address information: Temporary failure in name resolution
2025-12-05T14:32:55.152109Z  WARN ThreadId(01) docker_node: Node 43 port 20043 temporarily unreachable: failed to lookup address information: Temporary failure in name resolution
2025-12-05T14:32:55.153763Z  WARN ThreadId(01) docker_node: Node 44 port 20044 temporarily unreachable: failed to lookup address information: Temporary failure in name resolution
2025-12-05T14:32:55.155463Z  WARN ThreadId(01) docker_node: Node 45 port 20045 temporarily unreachable: failed to lookup address information: Temporary failure in name resolution
2025-12-05T14:32:55.157304Z  WARN ThreadId(01) docker_node: Node 46 port 20046 temporarily unreachable: failed to lookup address information: Temporary failure in name resolution
2025-12-05T14:32:55.159058Z  WARN ThreadId(01) docker_node: Node 47 port 20047 temporarily unreachable: failed to lookup address information: Temporary failure in name resolution
2025-12-05T14:32:55.160741Z  WARN ThreadId(01) docker_node: Node 48 port 20048 temporarily unreachable: failed to lookup address information: Temporary failure in name resolution
2025-12-05T14:32:55.162336Z  WARN ThreadId(01) docker_node: Node 49 port 20049 temporarily unreachable: failed to lookup address information: Temporary failure in name resolution
2025-12-05T14:32:55.164089Z  WARN ThreadId(01) docker_node: Node 50 port 20050 temporarily unreachable: failed to lookup address information: Temporary failure in name resolution
2025-12-05T14:32:55.165636Z  WARN ThreadId(01) docker_node: Node 51 port 20051 temporarily unreachable: failed to lookup address information: Temporary failure in name resolution
2025-12-05T14:32:55.167268Z  WARN ThreadId(01) docker_node: Node 52 port 20052 temporarily unreachable: failed to lookup address information: Temporary failure in name resolution
2025-12-05T14:32:55.168844Z  WARN ThreadId(01) docker_node: Node 53 port 20053 temporarily unreachable: failed to lookup address information: Temporary failure in name resolution
2025-12-05T14:32:55.170511Z  WARN ThreadId(01) docker_node: Node 54 port 20054 temporarily unreachable: failed to lookup address information: Temporary failure in name resolution
2025-12-05T14:32:55.172138Z  WARN ThreadId(01) docker_node: Node 55 port 20055 temporarily unreachable: failed to lookup address information: Temporary failure in name resolution
2025-12-05T14:32:55.173928Z  WARN ThreadId(01) docker_node: Node 56 port 20056 temporarily unreachable: failed to lookup address information: Temporary failure in name resolution
2025-12-05T14:32:55.175773Z  WARN ThreadId(01) docker_node: Node 57 port 20057 temporarily unreachable: failed to lookup address information: Temporary failure in name resolution
2025-12-05T14:32:55.177464Z  WARN ThreadId(01) docker_node: Node 58 port 20058 temporarily unreachable: failed to lookup address information: Temporary failure in name resolution
2025-12-05T14:32:55.179104Z  WARN ThreadId(01) docker_node: Node 59 port 20059 temporarily unreachable: failed to lookup address information: Temporary failure in name resolution
2025-12-05T14:32:55.181272Z  WARN ThreadId(01) docker_node: Node 60 port 20060 temporarily unreachable: failed to lookup address information: Temporary failure in name resolution
2025-12-05T14:32:55.182926Z  WARN ThreadId(01) docker_node: Node 61 port 20061 temporarily unreachable: failed to lookup address information: Temporary failure in name resolution
2025-12-05T14:32:55.184491Z  WARN ThreadId(01) docker_node: Node 62 port 20062 temporarily unreachable: failed to lookup address information: Temporary failure in name resolution
2025-12-05T14:32:55.186097Z  WARN ThreadId(01) docker_node: Node 63 port 20063 temporarily unreachable: failed to lookup address information: Temporary failure in name resolution
2025-12-05T14:33:00.070840Z  WARN ThreadId(03) docker_node:   Connection reuse ineffective (2.0 msg/conn)
2025-12-05T14:33:05.071035Z  WARN ThreadId(03) docker_node:   Connection reuse ineffective (2.0 msg/conn)
2025-12-05T14:33:08.636579Z  WARN ThreadId(20) hotstuff_runner::app: Node 1 [produce_block] queue size: 0, attempting up to 0 transactions this block    
2025-12-05T14:33:10.070943Z  WARN ThreadId(03) docker_node:   Connection reuse ineffective (2.0 msg/conn)
2025-12-05T14:33:15.070447Z  WARN ThreadId(03) docker_node:   Connection reuse ineffective (2.0 msg/conn)
2025-12-05T14:33:20.070836Z  WARN ThreadId(03) docker_node:   Connection reuse ineffective (2.0 msg/conn)
2025-12-05T14:33:25.070773Z  WARN ThreadId(08) docker_node:   Connection reuse ineffective (2.0 msg/conn)
2025-12-05T14:33:27.482687Z  WARN ThreadId(25) hotstuff_runner::smrol::network: ⚠️ Large message: 2000168 bytes to node Some(5)
2025-12-05T14:33:27.483961Z  WARN ThreadId(25) hotstuff_runner::smrol::network: ⚠️ Large message: 2000168 bytes to node Some(9)
2025-12-05T14:33:27.485220Z  WARN ThreadId(25) hotstuff_runner::smrol::network: ⚠️ Large message: 2000169 bytes to node Some(15)
2025-12-05T14:33:27.488134Z  WARN ThreadId(25) hotstuff_runner::smrol::network: ⚠️ Large message: 2000169 bytes to node Some(31)
2025-12-05T14:33:27.492337Z  WARN ThreadId(25) hotstuff_runner::smrol::network: ⚠️ Large message: 2000169 bytes to node Some(11)
2025-12-05T14:33:27.496688Z  WARN ThreadId(25) hotstuff_runner::smrol::network: ⚠️ Large message: 2000169 bytes to node Some(22)
2025-12-05T14:33:27.497885Z  WARN ThreadId(25) hotstuff_runner::smrol::network: ⚠️ Large message: 2000169 bytes to node Some(24)
2025-12-05T14:33:27.499111Z  WARN ThreadId(25) hotstuff_runner::smrol::network: ⚠️ Large message: 2000169 bytes to node Some(44)
2025-12-05T14:33:27.500296Z  WARN ThreadId(25) hotstuff_runner::smrol::network: ⚠️ Large message: 2000168 bytes to node Some(4)
2025-12-05T14:33:27.501573Z  WARN ThreadId(25) hotstuff_runner::smrol::network: ⚠️ Large message: 2000168 bytes to node Some(6)
2025-12-05T14:33:27.502790Z  WARN ThreadId(25) hotstuff_runner::smrol::network: ⚠️ Large message: 2000169 bytes to node Some(42)
2025-12-05T14:33:27.504027Z  WARN ThreadId(25) hotstuff_runner::smrol::network: ⚠️ Large message: 2000169 bytes to node Some(38)
2025-12-05T14:33:27.505203Z  WARN ThreadId(25) hotstuff_runner::smrol::network: ⚠️ Large message: 2000169 bytes to node Some(39)
2025-12-05T14:33:27.506390Z  WARN ThreadId(25) hotstuff_runner::smrol::network: ⚠️ Large message: 2000169 bytes to node Some(51)
2025-12-05T14:33:27.507584Z  WARN ThreadId(25) hotstuff_runner::smrol::network: ⚠️ Large message: 2000169 bytes to node Some(49)
2025-12-05T14:33:27.508797Z  WARN ThreadId(25) hotstuff_runner::smrol::network: ⚠️ Large message: 2000169 bytes to node Some(30)
2025-12-05T14:33:27.509977Z  WARN ThreadId(25) hotstuff_runner::smrol::network: ⚠️ Large message: 2000169 bytes to node Some(18)
2025-12-05T14:33:27.511208Z  WARN ThreadId(25) hotstuff_runner::smrol::network: ⚠️ Large message: 2000168 bytes to node Some(7)
2025-12-05T14:33:27.512391Z  WARN ThreadId(25) hotstuff_runner::smrol::network: ⚠️ Large message: 2000169 bytes to node Some(40)
2025-12-05T14:33:27.513576Z  WARN ThreadId(25) hotstuff_runner::smrol::network: ⚠️ Large message: 2000169 bytes to node Some(10)
2025-12-05T14:33:27.514738Z  WARN ThreadId(25) hotstuff_runner::smrol::network: ⚠️ Large message: 2000169 bytes to node Some(35)
2025-12-05T14:33:27.515910Z  WARN ThreadId(25) hotstuff_runner::smrol::network: ⚠️ Large message: 2000168 bytes to node Some(0)
2025-12-05T14:33:27.517080Z  WARN ThreadId(25) hotstuff_runner::smrol::network: ⚠️ Large message: 2000169 bytes to node Some(55)
2025-12-05T14:33:27.518345Z  WARN ThreadId(25) hotstuff_runner::smrol::network: ⚠️ Large message: 2000168 bytes to node Some(8)
2025-12-05T14:33:27.519649Z  WARN ThreadId(25) hotstuff_runner::smrol::network: ⚠️ Large message: 2000169 bytes to node Some(37)
2025-12-05T14:33:27.520847Z  WARN ThreadId(25) hotstuff_runner::smrol::network: ⚠️ Large message: 2000169 bytes to node Some(25)
2025-12-05T14:33:27.522035Z  WARN ThreadId(25) hotstuff_runner::smrol::network: ⚠️ Large message: 2000169 bytes to node Some(12)
2025-12-05T14:33:27.523226Z  WARN ThreadId(25) hotstuff_runner::smrol::network: ⚠️ Large message: 2000168 bytes to node Some(2)
2025-12-05T14:33:27.524437Z  WARN ThreadId(25) hotstuff_runner::smrol::network: ⚠️ Large message: 2000169 bytes to node Some(54)
2025-12-05T14:33:27.525676Z  WARN ThreadId(25) hotstuff_runner::smrol::network: ⚠️ Large message: 2000169 bytes to node Some(61)
2025-12-05T14:33:27.527332Z  WARN ThreadId(25) hotstuff_runner::smrol::network: ⚠️ Large message: 2000169 bytes to node Some(19)
2025-12-05T14:33:27.528496Z  WARN ThreadId(25) hotstuff_runner::smrol::network: ⚠️ Large message: 2000168 bytes to node Some(3)
2025-12-05T14:33:27.529793Z  WARN ThreadId(25) hotstuff_runner::smrol::network: ⚠️ Large message: 2000169 bytes to node Some(36)
2025-12-05T14:33:27.531071Z  WARN ThreadId(25) hotstuff_runner::smrol::network: ⚠️ Large message: 2000169 bytes to node Some(33)
2025-12-05T14:33:27.532245Z  WARN ThreadId(25) hotstuff_runner::smrol::network: ⚠️ Large message: 2000169 bytes to node Some(26)
2025-12-05T14:33:27.533505Z  WARN ThreadId(25) hotstuff_runner::smrol::network: ⚠️ Large message: 2000169 bytes to node Some(57)
2025-12-05T14:33:27.534863Z  WARN ThreadId(25) hotstuff_runner::smrol::network: ⚠️ Large message: 2000169 bytes to node Some(46)
2025-12-05T14:33:27.536085Z  WARN ThreadId(25) hotstuff_runner::smrol::network: ⚠️ Large message: 2000169 bytes to node Some(16)
2025-12-05T14:33:27.537261Z  WARN ThreadId(25) hotstuff_runner::smrol::network: ⚠️ Large message: 2000169 bytes to node Some(48)
2025-12-05T14:33:27.538658Z  WARN ThreadId(25) hotstuff_runner::smrol::network: ⚠️ Large message: 2000169 bytes to node Some(29)
2025-12-05T14:33:27.539872Z  WARN ThreadId(25) hotstuff_runner::smrol::network: ⚠️ Large message: 2000169 bytes to node Some(41)
2025-12-05T14:33:27.541106Z  WARN ThreadId(25) hotstuff_runner::smrol::network: ⚠️ Large message: 2000169 bytes to node Some(34)
2025-12-05T14:33:27.542418Z  WARN ThreadId(25) hotstuff_runner::smrol::network: ⚠️ Large message: 2000169 bytes to node Some(43)
2025-12-05T14:33:27.543582Z  WARN ThreadId(25) hotstuff_runner::smrol::network: ⚠️ Large message: 2000169 bytes to node Some(27)
2025-12-05T14:33:27.544765Z  WARN ThreadId(25) hotstuff_runner::smrol::network: ⚠️ Large message: 2000169 bytes to node Some(14)
2025-12-05T14:33:27.545941Z  WARN ThreadId(25) hotstuff_runner::smrol::network: ⚠️ Large message: 2000169 bytes to node Some(45)
2025-12-05T14:33:27.547138Z  WARN ThreadId(25) hotstuff_runner::smrol::network: ⚠️ Large message: 2000169 bytes to node Some(28)
2025-12-05T14:33:27.548520Z  WARN ThreadId(25) hotstuff_runner::smrol::network: ⚠️ Large message: 2000169 bytes to node Some(62)
2025-12-05T14:33:27.548633Z  WARN ThreadId(24) hotstuff_runner::smrol::network: ⚠️ Large message: 2000169 bytes to node Some(21)
2025-12-05T14:33:27.549694Z  WARN ThreadId(25) hotstuff_runner::smrol::network: ⚠️ Large message: 2000169 bytes to node Some(13)
2025-12-05T14:33:27.549882Z  WARN ThreadId(24) hotstuff_runner::smrol::network: ⚠️ Large message: 2000169 bytes to node Some(47)
2025-12-05T14:33:27.550888Z  WARN ThreadId(25) hotstuff_runner::smrol::network: ⚠️ Large message: 2000169 bytes to node Some(58)
2025-12-05T14:33:27.551119Z  WARN ThreadId(24) hotstuff_runner::smrol::network: ⚠️ Large message: 2000169 bytes to node Some(23)
2025-12-05T14:33:27.552345Z  WARN ThreadId(25) hotstuff_runner::smrol::network: ⚠️ Large message: 2000169 bytes to node Some(17)
2025-12-05T14:33:27.553559Z  WARN ThreadId(25) hotstuff_runner::smrol::network: ⚠️ [Check] Writer 1 -> 4 slow write: 54.376626ms
2025-12-05T14:33:27.554377Z  WARN ThreadId(24) hotstuff_runner::smrol::network: ⚠️ [Check] Writer 1 -> 0 slow write: 39.498383ms
2025-12-05T14:33:27.555299Z  WARN ThreadId(24) hotstuff_runner::smrol::network: ⚠️ [Check] Writer 1 -> 3 slow write: 27.898815ms
2025-12-05T14:33:27.557625Z  WARN ThreadId(25) hotstuff_runner::smrol::network: ⚠️ Large message: 2000169 bytes to node Some(50)
2025-12-05T14:33:27.564232Z  WARN ThreadId(25) hotstuff_runner::smrol::network: ⚠️ Large message: 2000169 bytes to node Some(53)
2025-12-05T14:33:27.567553Z  WARN ThreadId(25) hotstuff_runner::smrol::network: ⚠️ Large message: 2000169 bytes to node Some(52)
2025-12-05T14:33:27.572262Z  WARN ThreadId(25) hotstuff_runner::smrol::network: ⚠️ Large message: 2000169 bytes to node Some(56)
2025-12-05T14:33:27.573867Z  WARN ThreadId(25) hotstuff_runner::smrol::network: ⚠️ [Check] Writer 1 -> 2 slow write: 51.484925ms
2025-12-05T14:33:27.576019Z  WARN ThreadId(25) hotstuff_runner::smrol::network: ⚠️ [Check] Writer 1 -> 39 slow write: 71.914328ms
2025-12-05T14:33:27.578404Z  WARN ThreadId(24) hotstuff_runner::smrol::network: ⚠️ [Check] Writer 1 -> 38 slow write: 75.436767ms
2025-12-05T14:33:27.590000Z  WARN ThreadId(24) hotstuff_runner::smrol::network: ⚠️ [Check] Writer 1 -> 40 slow write: 73.816179ms
2025-12-05T14:33:27.591152Z  WARN ThreadId(24) hotstuff_runner::smrol::network: ⚠️ [Check] Writer 1 -> 37 slow write: 72.630726ms
2025-12-05T14:33:27.600287Z  WARN ThreadId(24) hotstuff_runner::smrol::network: ⚠️ Large message: 2000169 bytes to node Some(60)
2025-12-05T14:33:27.600723Z  WARN ThreadId(25) hotstuff_runner::smrol::network: ⚠️ [Check] Writer 1 -> 36 slow write: 72.103191ms
2025-12-05T14:33:27.607873Z  WARN ThreadId(24) hotstuff_runner::smrol::network: ⚠️ Large message: 2000169 bytes to node Some(63)
2025-12-05T14:33:27.628638Z  WARN ThreadId(25) hotstuff_runner::smrol::network: ⚠️ Large message: 2000169 bytes to node Some(59)
2025-12-05T14:33:27.644333Z  WARN ThreadId(24) hotstuff_runner::smrol::network: ⚠️ Large message: 2000169 bytes to node Some(32)
2025-12-05T14:33:27.673260Z  WARN ThreadId(24) hotstuff_runner::smrol::network: ⚠️ Large message: 2000169 bytes to node Some(20)
2025-12-05T14:33:27.776293Z  WARN ThreadId(25) hotstuff_runner::smrol::network: ⚠️ [Check] Writer 1 -> 9 slow write: 293.435267ms
2025-12-05T14:33:27.784235Z  WARN ThreadId(24) hotstuff_runner::smrol::network: ⚠️ [Check] Writer 1 -> 11 slow write: 293.041542ms
2025-12-05T14:33:27.801431Z  WARN ThreadId(24) hotstuff_runner::smrol::network: ⚠️ [Check] Writer 1 -> 6 slow write: 301.0077ms
2025-12-05T14:33:27.803488Z  WARN ThreadId(24) hotstuff_runner::smrol::network: ⚠️ [Check] Writer 1 -> 7 slow write: 293.418437ms
2025-12-05T14:33:27.805061Z  WARN ThreadId(24) hotstuff_runner::smrol::network: ⚠️ [Check] Writer 1 -> 10 slow write: 292.601567ms
2025-12-05T14:33:27.818705Z  WARN ThreadId(24) hotstuff_runner::smrol::network: ⚠️ [Check] Writer 1 -> 8 slow write: 301.497514ms
2025-12-05T14:33:27.822355Z  WARN ThreadId(24) hotstuff_runner::smrol::network: ⚠️ [Check] Writer 1 -> 12 slow write: 301.441784ms
2025-12-05T14:33:27.835328Z  WARN ThreadId(24) hotstuff_runner::smrol::network: ⚠️ [Check] Writer 1 -> 15 slow write: 351.27573ms
2025-12-05T14:33:27.836373Z  WARN ThreadId(25) hotstuff_runner::smrol::network: ⚠️ [Check] Writer 1 -> 14 slow write: 292.729208ms
2025-12-05T14:33:27.846084Z  WARN ThreadId(25) hotstuff_runner::smrol::network: ⚠️ [Check] Writer 1 -> 51 slow write: 340.805145ms
2025-12-05T14:33:27.846542Z  WARN ThreadId(25) hotstuff_runner::smrol::network: ⚠️ [Check] Writer 1 -> 49 slow write: 340.072907ms
2025-12-05T14:33:27.858639Z  WARN ThreadId(25) hotstuff_runner::smrol::network: ⚠️ [Check] Writer 1 -> 13 slow write: 310.042508ms
2025-12-05T14:33:27.876523Z  WARN ThreadId(24) hotstuff_runner::smrol::network: ⚠️ [Check] Writer 1 -> 46 slow write: 342.814528ms
2025-12-05T14:33:27.876741Z  WARN ThreadId(25) hotstuff_runner::smrol::network: ⚠️ [Check] Writer 1 -> 48 slow write: 340.588083ms
2025-12-05T14:33:27.889584Z  WARN ThreadId(24) hotstuff_runner::smrol::network: ⚠️ [Check] Writer 1 -> 47 slow write: 340.866706ms
2025-12-05T14:33:27.895248Z  WARN ThreadId(24) hotstuff_runner::smrol::network: ⚠️ [Check] Writer 1 -> 55 slow write: 379.267167ms
2025-12-05T14:33:27.912936Z  WARN ThreadId(24) hotstuff_runner::smrol::network: ⚠️ [Check] Writer 1 -> 57 slow write: 380.626712ms
2025-12-05T14:33:27.944136Z  WARN ThreadId(24) hotstuff_runner::smrol::network: ⚠️ [Check] Writer 1 -> 53 slow write: 380.067846ms
2025-12-05T14:33:27.949900Z  WARN ThreadId(24) hotstuff_runner::smrol::network: ⚠️ [Check] Writer 1 -> 52 slow write: 383.558074ms
2025-12-05T14:33:27.951674Z  WARN ThreadId(24) hotstuff_runner::smrol::network: ⚠️ [Check] Writer 1 -> 44 slow write: 453.700313ms
2025-12-05T14:33:27.956500Z  WARN ThreadId(24) hotstuff_runner::smrol::network: ⚠️ [Check] Writer 1 -> 42 slow write: 454.854616ms
2025-12-05T14:33:27.964602Z  WARN ThreadId(24) hotstuff_runner::smrol::network: ⚠️ [Check] Writer 1 -> 50 slow write: 410.151376ms
2025-12-05T14:33:27.982050Z  WARN ThreadId(24) hotstuff_runner::smrol::network: ⚠️ [Check] Writer 1 -> 54 slow write: 458.728349ms
2025-12-05T14:33:27.993970Z  WARN ThreadId(25) hotstuff_runner::smrol::network: ⚠️ [Check] Writer 1 -> 41 slow write: 455.224789ms
2025-12-05T14:33:27.997619Z  WARN ThreadId(25) hotstuff_runner::smrol::network: ⚠️ [Check] Writer 1 -> 43 slow write: 456.445503ms
2025-12-05T14:33:28.000674Z  WARN ThreadId(25) hotstuff_runner::smrol::network: ⚠️ [Check] Writer 1 -> 45 slow write: 455.840887ms
2025-12-05T14:33:28.029355Z  WARN ThreadId(24) hotstuff_runner::smrol::network: ⚠️ [Check] Writer 1 -> 56 slow write: 459.926971ms
2025-12-05T14:33:28.084626Z  WARN ThreadId(24) hotstuff_runner::smrol::network: ⚠️ [Check] Writer 1 -> 61 slow write: 560.120129ms
2025-12-05T14:33:28.107037Z  WARN ThreadId(24) hotstuff_runner::smrol::network: ⚠️ [Check] Writer 1 -> 62 slow write: 559.760286ms
2025-12-05T14:33:28.108551Z  WARN ThreadId(24) hotstuff_runner::smrol::network: ⚠️ [Check] Writer 1 -> 58 slow write: 558.782944ms
2025-12-05T14:33:28.140181Z  WARN ThreadId(21) hotstuff_runner::tcp_node: Detected transaction backlog: submit rate (1.5) > confirm rate (0.0)
2025-12-05T14:33:28.155533Z  WARN ThreadId(24) hotstuff_runner::smrol::network: ⚠️ [Check] Writer 1 -> 60 slow write: 555.714521ms
2025-12-05T14:33:28.170346Z  WARN ThreadId(25) hotstuff_runner::smrol::network: ⚠️ [Check] Writer 1 -> 63 slow write: 563.622537ms
2025-12-05T14:33:28.186094Z  WARN ThreadId(24) hotstuff_runner::smrol::network: ⚠️ [Check] Writer 1 -> 59 slow write: 557.689482ms
2025-12-05T14:33:28.230842Z  WARN ThreadId(25) hotstuff_runner::smrol::network: ⚠️ [Check] Writer 1 -> 35 slow write: 717.199552ms
2025-12-05T14:33:28.282089Z  WARN ThreadId(25) hotstuff_runner::smrol::network: ⚠️ [Check] Writer 1 -> 34 slow write: 742.133615ms
2025-12-05T14:33:28.286873Z  WARN ThreadId(25) hotstuff_runner::smrol::network: ⚠️ [Check] Writer 1 -> 33 slow write: 757.001197ms
2025-12-05T14:33:28.393426Z  WARN ThreadId(25) hotstuff_runner::smrol::network: ⚠️ [Check] Writer 1 -> 31 slow write: 906.450946ms
2025-12-05T14:33:28.404227Z  WARN ThreadId(25) hotstuff_runner::smrol::network: ⚠️ [Check] Writer 1 -> 32 slow write: 760.112801ms
2025-12-05T14:33:28.510261Z  WARN ThreadId(24) hotstuff_runner::smrol::network: ⚠️ [Check] Writer 1 -> 30 slow write: 1.002600669s
2025-12-05T14:33:28.511151Z  WARN ThreadId(24) hotstuff_runner::smrol::network: ⚠️ [Check] Writer 1 -> 19 slow write: 985.054617ms
2025-12-05T14:33:28.521443Z  WARN ThreadId(24) hotstuff_runner::smrol::network: ⚠️ [Check] Writer 1 -> 16 slow write: 986.508763ms
2025-12-05T14:33:28.528412Z  WARN ThreadId(24) hotstuff_runner::smrol::network: ⚠️ [Check] Writer 1 -> 29 slow write: 990.869321ms
2025-12-05T14:33:28.530366Z  WARN ThreadId(24) hotstuff_runner::smrol::network: ⚠️ [Check] Writer 1 -> 26 slow write: 999.228163ms
2025-12-05T14:33:28.535505Z  WARN ThreadId(24) hotstuff_runner::smrol::network: ⚠️ [Check] Writer 1 -> 27 slow write: 993.018644ms
2025-12-05T14:33:28.536529Z  WARN ThreadId(24) hotstuff_runner::smrol::network: ⚠️ [Check] Writer 1 -> 17 slow write: 985.573813ms
2025-12-05T14:33:28.546525Z  WARN ThreadId(24) hotstuff_runner::smrol::network: ⚠️ [Check] Writer 1 -> 24 slow write: 1.049762286s
2025-12-05T14:33:28.549133Z  WARN ThreadId(24) hotstuff_runner::smrol::network: ⚠️ [Check] Writer 1 -> 28 slow write: 1.003108046s
2025-12-05T14:33:28.569919Z  WARN ThreadId(25) hotstuff_runner::smrol::network: ⚠️ [Check] Writer 1 -> 22 slow write: 1.074361056s
2025-12-05T14:33:28.571789Z  WARN ThreadId(25) hotstuff_runner::smrol::network: ⚠️ [Check] Writer 1 -> 25 slow write: 1.052074012s
2025-12-05T14:33:28.592109Z  WARN ThreadId(24) hotstuff_runner::smrol::network: ⚠️ [Check] Writer 1 -> 20 slow write: 919.981574ms
2025-12-05T14:33:28.599411Z  WARN ThreadId(24) hotstuff_runner::smrol::network: ⚠️ [Check] Writer 1 -> 21 slow write: 1.051959051s
2025-12-05T14:33:28.611678Z  WARN ThreadId(24) hotstuff_runner::smrol::network: ⚠️ [Check] Writer 1 -> 18 slow write: 1.102789138s
2025-12-05T14:33:28.614242Z  WARN ThreadId(24) hotstuff_runner::smrol::network: ⚠️ [Check] Writer 1 -> 23 slow write: 1.064290135s
2025-12-05T14:33:30.071310Z  WARN ThreadId(02) docker_node:   Connection reuse ineffective (2.0 msg/conn)
2025-12-05T14:33:30.186426Z  WARN ThreadId(05) docker_node: Node 1 Regular transaction queue backlog: 378966 transactions
2025-12-05T14:33:35.071389Z  WARN ThreadId(05) docker_node: HotStuff processing bottleneck detected:
2025-12-05T14:33:35.071413Z  WARN ThreadId(05) docker_node:    - HotStuff queue backlog: 378966 transactions
2025-12-05T14:33:35.071421Z  WARN ThreadId(05) docker_node:    - Confirmation TPS (0.0) much lower than submission TPS (0.1)
2025-12-05T14:33:35.071428Z  WARN ThreadId(05) docker_node:    - Possible cause: HotStuff consensus network delay or block size limitation
2025-12-05T14:33:35.071441Z  WARN ThreadId(05) docker_node:   Connection reuse ineffective (2.0 msg/conn)
2025-12-05T14:33:35.187159Z  WARN ThreadId(08) docker_node: Node 1 Regular transaction queue backlog: 561431 transactions
2025-12-05T14:33:40.070471Z  WARN ThreadId(05) docker_node: HotStuff processing bottleneck detected:
2025-12-05T14:33:40.070502Z  WARN ThreadId(05) docker_node:    - HotStuff queue backlog: 561431 transactions
2025-12-05T14:33:40.070510Z  WARN ThreadId(05) docker_node:    - Confirmation TPS (0.0) much lower than submission TPS (0.1)
2025-12-05T14:33:40.070517Z  WARN ThreadId(05) docker_node:    - Possible cause: HotStuff consensus network delay or block size limitation
2025-12-05T14:33:40.070532Z  WARN ThreadId(05) docker_node:   Connection reuse ineffective (2.0 msg/conn)
2025-12-05T14:33:40.186837Z  WARN ThreadId(07) docker_node: Node 1 Regular transaction queue backlog: 715824 transactions
2025-12-05T14:33:45.071123Z  WARN ThreadId(02) docker_node:   Connection reuse ineffective (2.0 msg/conn)
2025-12-05T14:33:45.187361Z  WARN ThreadId(07) docker_node: Node 1 Regular transaction queue backlog: 828112 transactions
2025-12-05T14:33:46.684559Z  WARN ThreadId(20) hotstuff_rs::block_tree::invariants: SAFE_PC_FAIL: pc.block=[14, 99, 38, 137, 170, 30, 106, 40, 117, 83, 96, 89, 47, 237, 56, 207, 117, 116, 111, 107, 145, 223, 193, 73, 66, 169, 220, 170, 218, 141, 108, 188] view=95 phase=Generic | cond1(chain_id/genesis)=true (pc.chain_id=0, my.chain_id=0) | cond2(block_exists/genesis)=true (exists=true) | cond3(view>locked || extends)=false (pc.view=95, locked.view=96, extends=false) | cond4(phase/updates)=true (phase_special=false, has_updates=false) | highest_pc.block=[189, 4, 220, 25, 108, 236, 66, 185, 75, 73, 239, 57, 155, 14, 161, 110, 210, 180, 60, 234, 68, 112, 58, 90, 41, 158, 197, 180, 49, 69, 163, 51] highest_pc.view=97 locked.block=[46, 113, 28, 164, 230, 115, 83, 44, 237, 128, 36, 103, 4, 145, 7, 83, 25, 141, 112, 27, 233, 183, 18, 254, 229, 142, 13, 202, 146, 116, 32, 253] locked.view=96    
2025-12-05T14:33:46.684598Z  WARN ThreadId(20) hotstuff_rs::block_tree::invariants: SAFE_BLOCK_FAIL: block=[158, 83, 0, 52, 146, 148, 247, 133, 49, 109, 189, 71, 201, 220, 247, 78, 30, 13, 151, 122, 71, 111, 158, 12, 116, 49, 133, 160, 191, 211, 160, 80] height=None | cond1(safe_pc)=false | cond2(is_block_justify)=true (justify.phase=Generic) | justify.block=[14, 99, 38, 137, 170, 30, 106, 40, 117, 83, 96, 89, 47, 237, 56, 207, 117, 116, 111, 107, 145, 223, 193, 73, 66, 169, 220, 170, 218, 141, 108, 188] justify.view=95 | highest_pc.block=[189, 4, 220, 25, 108, 236, 66, 185, 75, 73, 239, 57, 155, 14, 161, 110, 210, 180, 60, 234, 68, 112, 58, 90, 41, 158, 197, 180, 49, 69, 163, 51] highest_pc.view=97 | locked.block=[46, 113, 28, 164, 230, 115, 83, 44, 237, 128, 36, 103, 4, 145, 7, 83, 25, 141, 112, 27, 233, 183, 18, 254, 229, 142, 13, 202, 146, 116, 32, 253] locked.view=96    
2025-12-05T14:33:50.070512Z  WARN ThreadId(09) docker_node:   Connection reuse ineffective (2.0 msg/conn)
2025-12-05T14:33:50.187279Z  WARN ThreadId(07) docker_node: Node 1 Regular transaction queue backlog: 1031631 transactions
2025-12-05T14:33:52.322132Z  WARN ThreadId(20) hotstuff_runner::app: Node 1 [produce_block] queue size: 1263221, attempting up to 180000 transactions this block    
2025-12-05T14:33:55.070480Z  WARN ThreadId(05) docker_node:   Connection reuse ineffective (2.0 msg/conn)
2025-12-05T14:33:55.187143Z  WARN ThreadId(02) docker_node: Node 1 Regular transaction queue backlog: 613402 transactions
2025-12-05T14:33:56.781083Z  WARN ThreadId(21) hotstuff_runner::tcp_node: Node 1 view 101 timed out; latency may accumulate
2025-12-05T14:34:00.070909Z  WARN ThreadId(09) docker_node:   Connection reuse ineffective (2.0 msg/conn)
2025-12-05T14:34:00.122106Z  WARN ThreadId(20) hotstuff_rs::block_tree::invariants: SAFE_PC_FAIL: pc.block=[14, 99, 38, 137, 170, 30, 106, 40, 117, 83, 96, 89, 47, 237, 56, 207, 117, 116, 111, 107, 145, 223, 193, 73, 66, 169, 220, 170, 218, 141, 108, 188] view=95 phase=Generic | cond1(chain_id/genesis)=true (pc.chain_id=0, my.chain_id=0) | cond2(block_exists/genesis)=true (exists=true) | cond3(view>locked || extends)=false (pc.view=95, locked.view=97, extends=false) | cond4(phase/updates)=true (phase_special=false, has_updates=false) | highest_pc.block=[7, 82, 180, 13, 33, 150, 36, 183, 83, 195, 51, 111, 42, 235, 128, 19, 119, 207, 43, 36, 204, 99, 113, 92, 102, 155, 167, 134, 205, 180, 238, 221] highest_pc.view=100 locked.block=[189, 4, 220, 25, 108, 236, 66, 185, 75, 73, 239, 57, 155, 14, 161, 110, 210, 180, 60, 234, 68, 112, 58, 90, 41, 158, 197, 180, 49, 69, 163, 51] locked.view=97    
2025-12-05T14:34:00.122138Z  WARN ThreadId(20) hotstuff_rs::block_tree::invariants: SAFE_BLOCK_FAIL: block=[211, 79, 192, 42, 133, 164, 128, 170, 28, 215, 77, 195, 245, 186, 12, 163, 85, 2, 171, 104, 18, 233, 51, 53, 37, 237, 163, 84, 226, 193, 45, 73] height=None | cond1(safe_pc)=false | cond2(is_block_justify)=true (justify.phase=Generic) | justify.block=[14, 99, 38, 137, 170, 30, 106, 40, 117, 83, 96, 89, 47, 237, 56, 207, 117, 116, 111, 107, 145, 223, 193, 73, 66, 169, 220, 170, 218, 141, 108, 188] justify.view=95 | highest_pc.block=[7, 82, 180, 13, 33, 150, 36, 183, 83, 195, 51, 111, 42, 235, 128, 19, 119, 207, 43, 36, 204, 99, 113, 92, 102, 155, 167, 134, 205, 180, 238, 221] highest_pc.view=100 | locked.block=[189, 4, 220, 25, 108, 236, 66, 185, 75, 73, 239, 57, 155, 14, 161, 110, 210, 180, 60, 234, 68, 112, 58, 90, 41, 158, 197, 180, 49, 69, 163, 51] locked.view=97    
2025-12-05T14:34:00.187030Z  WARN ThreadId(03) docker_node: Node 1 Regular transaction queue backlog: 1006402 transactions
2025-12-05T14:34:01.782511Z  WARN ThreadId(21) hotstuff_runner::tcp_node: Node 1 view 102 timed out; latency may accumulate
2025-12-05T14:34:02.098264Z  WARN ThreadId(24) hotstuff_runner::smrol::network: ⚠️ Large message: 1600168 bytes to node Some(5)
2025-12-05T14:34:02.099280Z  WARN ThreadId(24) hotstuff_runner::smrol::network: ⚠️ Large message: 1600169 bytes to node Some(15)
2025-12-05T14:34:02.100119Z  WARN ThreadId(24) hotstuff_runner::smrol::network: ⚠️ Large message: 1600168 bytes to node Some(9)
2025-12-05T14:34:02.100837Z  WARN ThreadId(24) hotstuff_runner::smrol::network: ⚠️ Large message: 1600169 bytes to node Some(31)
2025-12-05T14:34:02.102198Z  WARN ThreadId(24) hotstuff_runner::smrol::network: ⚠️ Large message: 1600169 bytes to node Some(50)
2025-12-05T14:34:02.103276Z  WARN ThreadId(24) hotstuff_runner::smrol::network: ⚠️ Large message: 1600169 bytes to node Some(20)
2025-12-05T14:34:02.104048Z  WARN ThreadId(24) hotstuff_runner::smrol::network: ⚠️ Large message: 1600169 bytes to node Some(32)
2025-12-05T14:34:02.104895Z  WARN ThreadId(24) hotstuff_runner::smrol::network: ⚠️ Large message: 1600169 bytes to node Some(53)
2025-12-05T14:34:02.105961Z  WARN ThreadId(24) hotstuff_runner::smrol::network: ⚠️ Large message: 1600169 bytes to node Some(60)
2025-12-05T14:34:02.106787Z  WARN ThreadId(24) hotstuff_runner::smrol::network: ⚠️ Large message: 1600169 bytes to node Some(52)
2025-12-05T14:34:02.107512Z  WARN ThreadId(24) hotstuff_runner::smrol::network: ⚠️ Large message: 1600169 bytes to node Some(11)
2025-12-05T14:34:02.108287Z  WARN ThreadId(24) hotstuff_runner::smrol::network: ⚠️ Large message: 1600169 bytes to node Some(38)
2025-12-05T14:34:02.109016Z  WARN ThreadId(24) hotstuff_runner::smrol::network: ⚠️ Large message: 1600169 bytes to node Some(56)
2025-12-05T14:34:02.109695Z  WARN ThreadId(24) hotstuff_runner::smrol::network: ⚠️ Large message: 1600169 bytes to node Some(63)
2025-12-05T14:34:02.110410Z  WARN ThreadId(24) hotstuff_runner::smrol::network: ⚠️ Large message: 1600169 bytes to node Some(22)
2025-12-05T14:34:02.111115Z  WARN ThreadId(24) hotstuff_runner::smrol::network: ⚠️ Large message: 1600169 bytes to node Some(24)
2025-12-05T14:34:02.111779Z  WARN ThreadId(24) hotstuff_runner::smrol::network: ⚠️ Large message: 1600169 bytes to node Some(44)
2025-12-05T14:34:02.112446Z  WARN ThreadId(24) hotstuff_runner::smrol::network: ⚠️ Large message: 1600168 bytes to node Some(4)
2025-12-05T14:34:02.113175Z  WARN ThreadId(24) hotstuff_runner::smrol::network: ⚠️ Large message: 1600168 bytes to node Some(6)
2025-12-05T14:34:02.113914Z  WARN ThreadId(24) hotstuff_runner::smrol::network: ⚠️ Large message: 1600169 bytes to node Some(42)
2025-12-05T14:34:02.114658Z  WARN ThreadId(24) hotstuff_runner::smrol::network: ⚠️ Large message: 1600169 bytes to node Some(12)
2025-12-05T14:34:02.115387Z  WARN ThreadId(24) hotstuff_runner::smrol::network: ⚠️ Large message: 1600169 bytes to node Some(39)
2025-12-05T14:34:02.116024Z  WARN ThreadId(24) hotstuff_runner::smrol::network: ⚠️ Large message: 1600169 bytes to node Some(51)
2025-12-05T14:34:02.116630Z  WARN ThreadId(24) hotstuff_runner::smrol::network: ⚠️ Large message: 1600169 bytes to node Some(49)
2025-12-05T14:34:02.117215Z  WARN ThreadId(24) hotstuff_runner::smrol::network: ⚠️ Large message: 1600169 bytes to node Some(30)
2025-12-05T14:34:02.117756Z  WARN ThreadId(24) hotstuff_runner::smrol::network: ⚠️ Large message: 1600169 bytes to node Some(18)
2025-12-05T14:34:02.118298Z  WARN ThreadId(24) hotstuff_runner::smrol::network: ⚠️ Large message: 1600168 bytes to node Some(7)
2025-12-05T14:34:02.118902Z  WARN ThreadId(24) hotstuff_runner::smrol::network: ⚠️ Large message: 1600169 bytes to node Some(40)
2025-12-05T14:34:02.119522Z  WARN ThreadId(24) hotstuff_runner::smrol::network: ⚠️ Large message: 1600169 bytes to node Some(10)
2025-12-05T14:34:02.119673Z  WARN ThreadId(25) hotstuff_runner::smrol::network: ⚠️ Large message: 1600169 bytes to node Some(21)
2025-12-05T14:34:02.120209Z  WARN ThreadId(24) hotstuff_runner::smrol::network: ⚠️ Large message: 1600169 bytes to node Some(35)
2025-12-05T14:34:02.120612Z  WARN ThreadId(25) hotstuff_runner::smrol::network: ⚠️ Large message: 1600168 bytes to node Some(2)
2025-12-05T14:34:02.120950Z  WARN ThreadId(24) hotstuff_runner::smrol::network: ⚠️ Large message: 1600168 bytes to node Some(0)
2025-12-05T14:34:02.121375Z  WARN ThreadId(25) hotstuff_runner::smrol::network: ⚠️ Large message: 1600169 bytes to node Some(54)
2025-12-05T14:34:02.122170Z  WARN ThreadId(25) hotstuff_runner::smrol::network: ⚠️ Large message: 1600169 bytes to node Some(61)
2025-12-05T14:34:02.122376Z  WARN ThreadId(24) hotstuff_runner::smrol::network: ⚠️ Large message: 1600169 bytes to node Some(55)
2025-12-05T14:34:02.123225Z  WARN ThreadId(25) hotstuff_runner::smrol::network: ⚠️ Large message: 1600168 bytes to node Some(3)
2025-12-05T14:34:02.123282Z  WARN ThreadId(24) hotstuff_runner::smrol::network: ⚠️ Large message: 1600169 bytes to node Some(59)
2025-12-05T14:34:02.123714Z  WARN ThreadId(24) hotstuff_runner::smrol::network: ⚠️ Large message: 1600168 bytes to node Some(8)
2025-12-05T14:34:02.124315Z  WARN ThreadId(25) hotstuff_runner::smrol::network: ⚠️ Large message: 1600169 bytes to node Some(19)
2025-12-05T14:34:02.124428Z  WARN ThreadId(24) hotstuff_runner::smrol::network: ⚠️ Large message: 1600169 bytes to node Some(37)
2025-12-05T14:34:02.124970Z  WARN ThreadId(25) hotstuff_runner::smrol::network: ⚠️ Large message: 1600169 bytes to node Some(33)
2025-12-05T14:34:02.125146Z  WARN ThreadId(24) hotstuff_runner::smrol::network: ⚠️ Large message: 1600169 bytes to node Some(25)
2025-12-05T14:34:02.125650Z  WARN ThreadId(25) hotstuff_runner::smrol::network: ⚠️ Large message: 1600169 bytes to node Some(36)
2025-12-05T14:34:02.125824Z  WARN ThreadId(24) hotstuff_runner::smrol::network: ⚠️ Large message: 1600169 bytes to node Some(14)
2025-12-05T14:34:02.126514Z  WARN ThreadId(25) hotstuff_runner::smrol::network: ⚠️ Large message: 1600169 bytes to node Some(43)
2025-12-05T14:34:02.126528Z  WARN ThreadId(24) hotstuff_runner::smrol::network: ⚠️ Large message: 1600169 bytes to node Some(57)
2025-12-05T14:34:02.127139Z  WARN ThreadId(24) hotstuff_runner::smrol::network: ⚠️ Large message: 1600169 bytes to node Some(26)
2025-12-05T14:34:02.127230Z  WARN ThreadId(25) hotstuff_runner::smrol::network: ⚠️ Large message: 1600169 bytes to node Some(28)
2025-12-05T14:34:02.127747Z  WARN ThreadId(24) hotstuff_runner::smrol::network: ⚠️ Large message: 1600169 bytes to node Some(16)
2025-12-05T14:34:02.127843Z  WARN ThreadId(25) hotstuff_runner::smrol::network: ⚠️ Large message: 1600169 bytes to node Some(62)
2025-12-05T14:34:02.128356Z  WARN ThreadId(24) hotstuff_runner::smrol::network: ⚠️ Large message: 1600169 bytes to node Some(46)
2025-12-05T14:34:02.128674Z  WARN ThreadId(25) hotstuff_runner::smrol::network: ⚠️ Large message: 1600169 bytes to node Some(45)
2025-12-05T14:34:02.129036Z  WARN ThreadId(24) hotstuff_runner::smrol::network: ⚠️ Large message: 1600169 bytes to node Some(29)
2025-12-05T14:34:02.129305Z  WARN ThreadId(25) hotstuff_runner::smrol::network: ⚠️ Large message: 1600169 bytes to node Some(58)
2025-12-05T14:34:02.129872Z  WARN ThreadId(24) hotstuff_runner::smrol::network: ⚠️ Large message: 1600169 bytes to node Some(48)
2025-12-05T14:34:02.130011Z  WARN ThreadId(25) hotstuff_runner::smrol::network: ⚠️ Large message: 1600169 bytes to node Some(17)
2025-12-05T14:34:02.130605Z  WARN ThreadId(24) hotstuff_runner::smrol::network: ⚠️ Large message: 1600169 bytes to node Some(34)
2025-12-05T14:34:02.130912Z  WARN ThreadId(25) hotstuff_runner::smrol::network: ⚠️ Large message: 1600169 bytes to node Some(13)
2025-12-05T14:34:02.131402Z  WARN ThreadId(24) hotstuff_runner::smrol::network: ⚠️ Large message: 1600169 bytes to node Some(41)
2025-12-05T14:34:02.131955Z  WARN ThreadId(25) hotstuff_runner::smrol::network: ⚠️ Large message: 1600169 bytes to node Some(47)
2025-12-05T14:34:02.132166Z  WARN ThreadId(24) hotstuff_runner::smrol::network: ⚠️ Large message: 1600169 bytes to node Some(27)
2025-12-05T14:34:02.133203Z  WARN ThreadId(24) hotstuff_runner::smrol::network: ⚠️ Large message: 1600169 bytes to node Some(23)
2025-12-05T14:34:02.133939Z  WARN ThreadId(24) hotstuff_runner::smrol::network: ⚠️ [Check] Writer 1 -> 0 slow write: 13.247777ms
2025-12-05T14:34:02.679638Z  WARN ThreadId(25) hotstuff_runner::smrol::network: ⚠️ [Check] Writer 1 -> 59 slow write: 556.659473ms
2025-12-05T14:34:02.843000Z  WARN ThreadId(24) hotstuff_runner::smrol::network: ⚠️ [Check] Writer 1 -> 32 slow write: 739.578021ms
2025-12-05T14:34:02.997031Z  WARN ThreadId(24) hotstuff_runner::smrol::network: ⚠️ [Check] Writer 1 -> 20 slow write: 894.137735ms
2025-12-05T14:34:05.070527Z  WARN ThreadId(02) docker_node:   Connection reuse ineffective (2.0 msg/conn)
2025-12-05T14:34:05.186723Z  WARN ThreadId(09) docker_node: Node 1 Regular transaction queue backlog: 1673104 transactions
2025-12-05T14:34:10.071543Z  WARN ThreadId(09) docker_node:   Connection reuse ineffective (2.0 msg/conn)
2025-12-05T14:34:10.186559Z  WARN ThreadId(06) docker_node: Node 1 Regular transaction queue backlog: 1995929 transactions
2025-12-05T14:34:10.516073Z  WARN ThreadId(21) hotstuff_runner::tcp_node: Node 1 view 104 timed out; latency may accumulate
2025-12-05T14:34:15.070465Z  WARN ThreadId(08) docker_node:   Connection reuse ineffective (2.0 msg/conn)
2025-12-05T14:34:15.187098Z  WARN ThreadId(05) docker_node: Node 1 Regular transaction queue backlog: 2859126 transactions
2025-12-05T14:34:15.517846Z  WARN ThreadId(21) hotstuff_runner::tcp_node: Node 1 view 105 timed out; latency may accumulate
2025-12-05T14:34:20.071088Z  WARN ThreadId(09) docker_node:   Connection reuse ineffective (2.0 msg/conn)
2025-12-05T14:34:20.187279Z  WARN ThreadId(06) docker_node: Node 1 Regular transaction queue backlog: 3224055 transactions
2025-12-05T14:34:23.727552Z  WARN ThreadId(21) hotstuff_runner::tcp_node: Node 1 view 107 timed out; latency may accumulate
2025-12-05T14:34:25.071198Z  WARN ThreadId(06) docker_node:   Connection reuse ineffective (2.0 msg/conn)
2025-12-05T14:34:25.186431Z  WARN ThreadId(06) docker_node: Node 1 Regular transaction queue backlog: 3224055 transactions
2025-12-05T14:34:28.413275Z  WARN ThreadId(20) hotstuff_rs::block_tree::invariants: SAFE_PC_FAIL: pc.block=[7, 82, 180, 13, 33, 150, 36, 183, 83, 195, 51, 111, 42, 235, 128, 19, 119, 207, 43, 36, 204, 99, 113, 92, 102, 155, 167, 134, 205, 180, 238, 221] view=100 phase=Generic | cond1(chain_id/genesis)=true (pc.chain_id=0, my.chain_id=0) | cond2(block_exists/genesis)=true (exists=true) | cond3(view>locked || extends)=false (pc.view=100, locked.view=103, extends=false) | cond4(phase/updates)=true (phase_special=false, has_updates=false) | highest_pc.block=[239, 191, 218, 161, 95, 32, 136, 241, 155, 178, 203, 118, 18, 3, 219, 191, 209, 149, 101, 204, 230, 45, 196, 239, 43, 209, 94, 239, 245, 26, 219, 69] highest_pc.view=106 locked.block=[143, 231, 81, 253, 161, 19, 28, 140, 244, 151, 202, 54, 3, 83, 176, 164, 35, 222, 186, 2, 34, 127, 205, 254, 201, 157, 81, 170, 13, 191, 57, 218] locked.view=103    
2025-12-05T14:34:28.413317Z  WARN ThreadId(20) hotstuff_rs::block_tree::invariants: SAFE_BLOCK_FAIL: block=[17, 223, 90, 1, 148, 61, 131, 56, 82, 83, 158, 204, 115, 53, 222, 123, 3, 134, 170, 11, 56, 246, 68, 70, 86, 112, 14, 239, 59, 166, 55, 250] height=None | cond1(safe_pc)=false | cond2(is_block_justify)=true (justify.phase=Generic) | justify.block=[7, 82, 180, 13, 33, 150, 36, 183, 83, 195, 51, 111, 42, 235, 128, 19, 119, 207, 43, 36, 204, 99, 113, 92, 102, 155, 167, 134, 205, 180, 238, 221] justify.view=100 | highest_pc.block=[239, 191, 218, 161, 95, 32, 136, 241, 155, 178, 203, 118, 18, 3, 219, 191, 209, 149, 101, 204, 230, 45, 196, 239, 43, 209, 94, 239, 245, 26, 219, 69] highest_pc.view=106 | locked.block=[143, 231, 81, 253, 161, 19, 28, 140, 244, 151, 202, 54, 3, 83, 176, 164, 35, 222, 186, 2, 34, 127, 205, 254, 201, 157, 81, 170, 13, 191, 57, 218] locked.view=103    
2025-12-05T14:34:28.728972Z  WARN ThreadId(21) hotstuff_runner::tcp_node: Node 1 view 108 timed out; latency may accumulate
2025-12-05T14:34:30.070775Z  WARN ThreadId(06) docker_node:   Connection reuse ineffective (2.0 msg/conn)
2025-12-05T14:34:30.187034Z  WARN ThreadId(06) docker_node: Node 1 Regular transaction queue backlog: 3224055 transactions
2025-12-05T14:34:35.071117Z  WARN ThreadId(06) docker_node:   Connection reuse ineffective (2.0 msg/conn)
2025-12-05T14:34:35.187280Z  WARN ThreadId(06) docker_node: Node 1 Regular transaction queue backlog: 3224055 transactions
2025-12-05T14:34:37.374481Z  WARN ThreadId(21) hotstuff_runner::tcp_node: Node 1 view 110 timed out; latency may accumulate
2025-12-05T14:34:40.070776Z  WARN ThreadId(06) docker_node:   Connection reuse ineffective (2.0 msg/conn)
2025-12-05T14:34:40.110159Z  WARN ThreadId(20) hotstuff_rs::block_tree::invariants: SAFE_PC_FAIL: pc.block=[238, 78, 169, 206, 251, 136, 68, 141, 61, 181, 152, 240, 13, 77, 230, 109, 58, 205, 68, 129, 35, 114, 67, 110, 101, 150, 70, 84, 5, 238, 59, 82] view=93 phase=Generic | cond1(chain_id/genesis)=true (pc.chain_id=0, my.chain_id=0) | cond2(block_exists/genesis)=true (exists=true) | cond3(view>locked || extends)=false (pc.view=93, locked.view=106, extends=false) | cond4(phase/updates)=true (phase_special=false, has_updates=false) | highest_pc.block=[17, 241, 199, 132, 17, 184, 194, 139, 86, 245, 107, 11, 27, 75, 0, 59, 6, 103, 255, 111, 51, 143, 179, 212, 153, 22, 83, 239, 80, 151, 219, 83] highest_pc.view=109 locked.block=[239, 191, 218, 161, 95, 32, 136, 241, 155, 178, 203, 118, 18, 3, 219, 191, 209, 149, 101, 204, 230, 45, 196, 239, 43, 209, 94, 239, 245, 26, 219, 69] locked.view=106    
2025-12-05T14:34:40.110198Z  WARN ThreadId(20) hotstuff_rs::block_tree::invariants: SAFE_BLOCK_FAIL: block=[34, 209, 233, 26, 158, 49, 124, 97, 140, 7, 207, 37, 173, 102, 196, 128, 123, 191, 221, 7, 184, 165, 66, 252, 180, 156, 18, 157, 220, 132, 176, 73] height=None | cond1(safe_pc)=false | cond2(is_block_justify)=true (justify.phase=Generic) | justify.block=[238, 78, 169, 206, 251, 136, 68, 141, 61, 181, 152, 240, 13, 77, 230, 109, 58, 205, 68, 129, 35, 114, 67, 110, 101, 150, 70, 84, 5, 238, 59, 82] justify.view=93 | highest_pc.block=[17, 241, 199, 132, 17, 184, 194, 139, 86, 245, 107, 11, 27, 75, 0, 59, 6, 103, 255, 111, 51, 143, 179, 212, 153, 22, 83, 239, 80, 151, 219, 83] highest_pc.view=109 | locked.block=[239, 191, 218, 161, 95, 32, 136, 241, 155, 178, 203, 118, 18, 3, 219, 191, 209, 149, 101, 204, 230, 45, 196, 239, 43, 209, 94, 239, 245, 26, 219, 69] locked.view=106    
2025-12-05T14:34:40.187064Z  WARN ThreadId(06) docker_node: Node 1 Regular transaction queue backlog: 3224055 transactions
2025-12-05T14:34:45.070574Z  WARN ThreadId(06) docker_node:   Connection reuse ineffective (2.0 msg/conn)
2025-12-05T14:34:45.109485Z  WARN ThreadId(20) hotstuff_rs::block_tree::invariants: SAFE_PC_FAIL: pc.block=[238, 78, 169, 206, 251, 136, 68, 141, 61, 181, 152, 240, 13, 77, 230, 109, 58, 205, 68, 129, 35, 114, 67, 110, 101, 150, 70, 84, 5, 238, 59, 82] view=93 phase=Generic | cond1(chain_id/genesis)=true (pc.chain_id=0, my.chain_id=0) | cond2(block_exists/genesis)=true (exists=true) | cond3(view>locked || extends)=false (pc.view=93, locked.view=106, extends=false) | cond4(phase/updates)=true (phase_special=false, has_updates=false) | highest_pc.block=[17, 241, 199, 132, 17, 184, 194, 139, 86, 245, 107, 11, 27, 75, 0, 59, 6, 103, 255, 111, 51, 143, 179, 212, 153, 22, 83, 239, 80, 151, 219, 83] highest_pc.view=109 locked.block=[239, 191, 218, 161, 95, 32, 136, 241, 155, 178, 203, 118, 18, 3, 219, 191, 209, 149, 101, 204, 230, 45, 196, 239, 43, 209, 94, 239, 245, 26, 219, 69] locked.view=106    
2025-12-05T14:34:45.109530Z  WARN ThreadId(20) hotstuff_rs::block_tree::invariants: SAFE_BLOCK_FAIL: block=[228, 94, 179, 166, 239, 64, 64, 0, 115, 153, 190, 7, 250, 92, 0, 32, 168, 36, 241, 24, 191, 31, 151, 76, 121, 253, 250, 244, 194, 70, 253, 210] height=None | cond1(safe_pc)=false | cond2(is_block_justify)=true (justify.phase=Generic) | justify.block=[238, 78, 169, 206, 251, 136, 68, 141, 61, 181, 152, 240, 13, 77, 230, 109, 58, 205, 68, 129, 35, 114, 67, 110, 101, 150, 70, 84, 5, 238, 59, 82] justify.view=93 | highest_pc.block=[17, 241, 199, 132, 17, 184, 194, 139, 86, 245, 107, 11, 27, 75, 0, 59, 6, 103, 255, 111, 51, 143, 179, 212, 153, 22, 83, 239, 80, 151, 219, 83] highest_pc.view=109 | locked.block=[239, 191, 218, 161, 95, 32, 136, 241, 155, 178, 203, 118, 18, 3, 219, 191, 209, 149, 101, 204, 230, 45, 196, 239, 43, 209, 94, 239, 245, 26, 219, 69] locked.view=106    
2025-12-05T14:34:45.186849Z  WARN ThreadId(06) docker_node: Node 1 Regular transaction queue backlog: 3224055 transactions
2025-12-05T14:34:47.377249Z  WARN ThreadId(21) hotstuff_runner::tcp_node: Node 1 view 112 timed out; latency may accumulate
2025-12-05T14:34:50.071069Z  WARN ThreadId(06) docker_node:   Connection reuse ineffective (2.0 msg/conn)
2025-12-05T14:34:50.187292Z  WARN ThreadId(05) docker_node: Node 1 Regular transaction queue backlog: 3224055 transactions
2025-12-05T14:34:52.378642Z  WARN ThreadId(21) hotstuff_runner::tcp_node: Node 1 view 113 timed out; latency may accumulate
2025-12-05T14:34:55.071225Z  WARN ThreadId(05) docker_node:   Connection reuse ineffective (2.0 msg/conn)
2025-12-05T14:34:55.186469Z  WARN ThreadId(05) docker_node: Node 1 Regular transaction queue backlog: 3224055 transactions
2025-12-05T14:35:00.070944Z  WARN ThreadId(05) docker_node:   Connection reuse ineffective (2.0 msg/conn)
2025-12-05T14:35:00.187171Z  WARN ThreadId(05) docker_node: Node 1 Regular transaction queue backlog: 3224055 transactions
2025-12-05T14:35:02.381434Z  WARN ThreadId(21) hotstuff_runner::tcp_node: Node 1 view 115 timed out; latency may accumulate
2025-12-05T14:35:05.070905Z  WARN ThreadId(05) docker_node:   Connection reuse ineffective (2.0 msg/conn)
2025-12-05T14:35:05.187117Z  WARN ThreadId(05) docker_node: Node 1 Regular transaction queue backlog: 3224055 transactions
2025-12-05T14:35:07.382832Z  WARN ThreadId(21) hotstuff_runner::tcp_node: Node 1 view 116 timed out; latency may accumulate
2025-12-05T14:35:10.071188Z  WARN ThreadId(05) docker_node:   Connection reuse ineffective (2.0 msg/conn)
2025-12-05T14:35:10.187405Z  WARN ThreadId(05) docker_node: Node 1 Regular transaction queue backlog: 3224055 transactions
2025-12-05T14:35:15.070813Z  WARN ThreadId(09) docker_node:   Connection reuse ineffective (2.0 msg/conn)
2025-12-05T14:35:15.187041Z  WARN ThreadId(09) docker_node: Node 1 Regular transaction queue backlog: 3224055 transactions
2025-12-05T14:35:17.385684Z  WARN ThreadId(21) hotstuff_runner::tcp_node: Node 1 view 118 timed out; latency may accumulate
2025-12-05T14:35:20.070515Z  WARN ThreadId(09) docker_node:   Connection reuse ineffective (2.0 msg/conn)
2025-12-05T14:35:20.186744Z  WARN ThreadId(05) docker_node: Node 1 Regular transaction queue backlog: 3224055 transactions
2025-12-05T14:35:22.387109Z  WARN ThreadId(21) hotstuff_runner::tcp_node: Node 1 view 119 timed out; latency may accumulate
2025-12-05T14:35:25.070596Z  WARN ThreadId(05) docker_node:   Connection reuse ineffective (2.0 msg/conn)
2025-12-05T14:35:25.186832Z  WARN ThreadId(05) docker_node: Node 1 Regular transaction queue backlog: 3224055 transactions
2025-12-05T14:35:30.070949Z  WARN ThreadId(05) docker_node:   Connection reuse ineffective (2.0 msg/conn)
2025-12-05T14:35:30.187187Z  WARN ThreadId(05) docker_node: Node 1 Regular transaction queue backlog: 3224055 transactions
2025-12-05T14:35:32.389774Z  WARN ThreadId(21) hotstuff_runner::tcp_node: Node 1 view 121 timed out; latency may accumulate
2025-12-05T14:35:35.071045Z  WARN ThreadId(05) docker_node:   Connection reuse ineffective (2.0 msg/conn)
2025-12-05T14:35:35.187382Z  WARN ThreadId(05) docker_node: Node 1 Regular transaction queue backlog: 3224055 transactions
2025-12-05T14:35:40.071400Z  WARN ThreadId(05) docker_node:   Connection reuse ineffective (2.0 msg/conn)
2025-12-05T14:35:40.186612Z  WARN ThreadId(05) docker_node: Node 1 Regular transaction queue backlog: 3224055 transactions
2025-12-05T14:35:45.070620Z  WARN ThreadId(05) docker_node:   Connection reuse ineffective (2.0 msg/conn)
