2025-12-07T11:23:28.834822Z  WARN ThreadId(01) docker_node: metrics exporter disabled by SMROL_DISABLE_METRICS
2025-12-07T11:23:49.051251Z  WARN ThreadId(01) hotstuff_runner::tcp_node: Node 1 view timeout set to 5000 ms
2025-12-07T11:23:49.060927Z ERROR ThreadId(22) hotstuff_runner::pompe_network: Node 1 failed to connect to node 0: Connection refused (os error 111)
2025-12-07T11:23:49.061625Z ERROR ThreadId(23) hotstuff_runner::pompe_network: Node 1 failed to connect to node 3: Connection refused (os error 111)
2025-12-07T11:23:49.061977Z ERROR ThreadId(23) hotstuff_runner::pompe_network: Node 1 failed to connect to node 4: Connection refused (os error 111)
2025-12-07T11:23:49.062341Z ERROR ThreadId(23) hotstuff_runner::pompe_network: Node 1 failed to connect to node 5: Connection refused (os error 111)
2025-12-07T11:23:49.078646Z  WARN ThreadId(01) hotstuff_runner::smrol::sequencing: SMROL_MEDIAN_INFLIGHT=24, SMROL_ORDER_FINALIZE_INFLIGHT=4, SMROL_FINAL_SIGN_INFLIGHT=4, SMROL_FINAL_VERIFY_INFLIGHT=24
2025-12-07T11:23:49.078697Z  WARN ThreadId(01) hotstuff_runner::smrol::sequencing: [Sequencing] Node 1 multi-signature verification disabled: false
2025-12-07T11:23:49.079367Z  WARN ThreadId(07) hotstuff_runner::smrol::sequencing: [Sequencing] Node 1 final verify dispatcher started
2025-12-07T11:23:49.080451Z  WARN ThreadId(03) docker_node:   Connection reuse ineffective (2.0 msg/conn)
2025-12-07T11:23:49.912347Z ERROR ThreadId(23) hotstuff_runner::pompe_network: Node 1 failed to connect to node 16: Connection refused (os error 111)
2025-12-07T11:23:50.096486Z ERROR ThreadId(23) hotstuff_runner::pompe_network: Node 1 failed to connect to node 17: Connection refused (os error 111)
2025-12-07T11:23:50.280211Z ERROR ThreadId(23) hotstuff_runner::pompe_network: Node 1 failed to connect to node 18: Connection refused (os error 111)
2025-12-07T11:23:54.080478Z  WARN ThreadId(09) docker_node:   Connection reuse ineffective (2.0 msg/conn)
2025-12-07T11:23:54.083183Z  WARN ThreadId(01) docker_node: Node 0 port 20000 temporarily unreachable: failed to lookup address information: Temporary failure in name resolution
2025-12-07T11:23:54.084985Z  WARN ThreadId(01) docker_node: Node 1 port 20001 temporarily unreachable: failed to lookup address information: Temporary failure in name resolution
2025-12-07T11:23:54.086586Z  WARN ThreadId(01) docker_node: Node 2 port 20002 temporarily unreachable: failed to lookup address information: Temporary failure in name resolution
2025-12-07T11:23:54.088058Z  WARN ThreadId(01) docker_node: Node 3 port 20003 temporarily unreachable: failed to lookup address information: Temporary failure in name resolution
2025-12-07T11:23:54.089632Z  WARN ThreadId(01) docker_node: Node 4 port 20004 temporarily unreachable: failed to lookup address information: Temporary failure in name resolution
2025-12-07T11:23:54.091180Z  WARN ThreadId(01) docker_node: Node 5 port 20005 temporarily unreachable: failed to lookup address information: Temporary failure in name resolution
2025-12-07T11:23:54.092927Z  WARN ThreadId(01) docker_node: Node 6 port 20006 temporarily unreachable: failed to lookup address information: Temporary failure in name resolution
2025-12-07T11:23:54.094503Z  WARN ThreadId(01) docker_node: Node 7 port 20007 temporarily unreachable: failed to lookup address information: Temporary failure in name resolution
2025-12-07T11:23:54.096101Z  WARN ThreadId(01) docker_node: Node 8 port 20008 temporarily unreachable: failed to lookup address information: Temporary failure in name resolution
2025-12-07T11:23:54.098128Z  WARN ThreadId(01) docker_node: Node 9 port 20009 temporarily unreachable: failed to lookup address information: Temporary failure in name resolution
2025-12-07T11:23:54.099764Z  WARN ThreadId(01) docker_node: Node 10 port 20010 temporarily unreachable: failed to lookup address information: Temporary failure in name resolution
2025-12-07T11:23:54.101222Z  WARN ThreadId(01) docker_node: Node 11 port 20011 temporarily unreachable: failed to lookup address information: Temporary failure in name resolution
2025-12-07T11:23:54.103050Z  WARN ThreadId(01) docker_node: Node 12 port 20012 temporarily unreachable: failed to lookup address information: Temporary failure in name resolution
2025-12-07T11:23:54.104747Z  WARN ThreadId(01) docker_node: Node 13 port 20013 temporarily unreachable: failed to lookup address information: Temporary failure in name resolution
2025-12-07T11:23:54.106372Z  WARN ThreadId(01) docker_node: Node 14 port 20014 temporarily unreachable: failed to lookup address information: Temporary failure in name resolution
2025-12-07T11:23:54.107921Z  WARN ThreadId(01) docker_node: Node 15 port 20015 temporarily unreachable: failed to lookup address information: Temporary failure in name resolution
2025-12-07T11:23:54.109467Z  WARN ThreadId(01) docker_node: Node 16 port 20016 temporarily unreachable: failed to lookup address information: Temporary failure in name resolution
2025-12-07T11:23:54.111046Z  WARN ThreadId(01) docker_node: Node 17 port 20017 temporarily unreachable: failed to lookup address information: Temporary failure in name resolution
2025-12-07T11:23:54.112465Z  WARN ThreadId(01) docker_node: Node 18 port 20018 temporarily unreachable: failed to lookup address information: Temporary failure in name resolution
2025-12-07T11:23:54.114053Z  WARN ThreadId(01) docker_node: Node 19 port 20019 temporarily unreachable: failed to lookup address information: Temporary failure in name resolution
2025-12-07T11:23:54.115494Z  WARN ThreadId(01) docker_node: Node 20 port 20020 temporarily unreachable: failed to lookup address information: Temporary failure in name resolution
2025-12-07T11:23:54.117146Z  WARN ThreadId(01) docker_node: Node 21 port 20021 temporarily unreachable: failed to lookup address information: Temporary failure in name resolution
2025-12-07T11:23:54.121208Z  WARN ThreadId(01) docker_node: Node 22 port 20022 temporarily unreachable: failed to lookup address information: Temporary failure in name resolution
2025-12-07T11:23:54.122693Z  WARN ThreadId(01) docker_node: Node 23 port 20023 temporarily unreachable: failed to lookup address information: Temporary failure in name resolution
2025-12-07T11:23:54.125216Z  WARN ThreadId(01) docker_node: Node 24 port 20024 temporarily unreachable: failed to lookup address information: Temporary failure in name resolution
2025-12-07T11:23:54.126947Z  WARN ThreadId(01) docker_node: Node 25 port 20025 temporarily unreachable: failed to lookup address information: Temporary failure in name resolution
2025-12-07T11:23:54.128620Z  WARN ThreadId(01) docker_node: Node 26 port 20026 temporarily unreachable: failed to lookup address information: Temporary failure in name resolution
2025-12-07T11:23:54.130367Z  WARN ThreadId(01) docker_node: Node 27 port 20027 temporarily unreachable: failed to lookup address information: Temporary failure in name resolution
2025-12-07T11:23:54.131872Z  WARN ThreadId(01) docker_node: Node 28 port 20028 temporarily unreachable: failed to lookup address information: Temporary failure in name resolution
2025-12-07T11:23:54.133501Z  WARN ThreadId(01) docker_node: Node 29 port 20029 temporarily unreachable: failed to lookup address information: Temporary failure in name resolution
2025-12-07T11:23:54.135044Z  WARN ThreadId(01) docker_node: Node 30 port 20030 temporarily unreachable: failed to lookup address information: Temporary failure in name resolution
2025-12-07T11:23:54.136567Z  WARN ThreadId(01) docker_node: Node 31 port 20031 temporarily unreachable: failed to lookup address information: Temporary failure in name resolution
2025-12-07T11:23:54.138028Z  WARN ThreadId(01) docker_node: Node 32 port 20032 temporarily unreachable: failed to lookup address information: Temporary failure in name resolution
2025-12-07T11:23:54.139600Z  WARN ThreadId(01) docker_node: Node 33 port 20033 temporarily unreachable: failed to lookup address information: Temporary failure in name resolution
2025-12-07T11:23:54.141350Z  WARN ThreadId(01) docker_node: Node 34 port 20034 temporarily unreachable: failed to lookup address information: Temporary failure in name resolution
2025-12-07T11:23:54.143039Z  WARN ThreadId(01) docker_node: Node 35 port 20035 temporarily unreachable: failed to lookup address information: Temporary failure in name resolution
2025-12-07T11:23:54.144750Z  WARN ThreadId(01) docker_node: Node 36 port 20036 temporarily unreachable: failed to lookup address information: Temporary failure in name resolution
2025-12-07T11:23:54.146278Z  WARN ThreadId(01) docker_node: Node 37 port 20037 temporarily unreachable: failed to lookup address information: Temporary failure in name resolution
2025-12-07T11:23:54.147675Z  WARN ThreadId(01) docker_node: Node 38 port 20038 temporarily unreachable: failed to lookup address information: Temporary failure in name resolution
2025-12-07T11:23:54.149213Z  WARN ThreadId(01) docker_node: Node 39 port 20039 temporarily unreachable: failed to lookup address information: Temporary failure in name resolution
2025-12-07T11:23:54.150598Z  WARN ThreadId(01) docker_node: Node 40 port 20040 temporarily unreachable: failed to lookup address information: Temporary failure in name resolution
2025-12-07T11:23:54.152088Z  WARN ThreadId(01) docker_node: Node 41 port 20041 temporarily unreachable: failed to lookup address information: Temporary failure in name resolution
2025-12-07T11:23:54.153508Z  WARN ThreadId(01) docker_node: Node 42 port 20042 temporarily unreachable: failed to lookup address information: Temporary failure in name resolution
2025-12-07T11:23:54.155088Z  WARN ThreadId(01) docker_node: Node 43 port 20043 temporarily unreachable: failed to lookup address information: Temporary failure in name resolution
2025-12-07T11:23:54.156581Z  WARN ThreadId(01) docker_node: Node 44 port 20044 temporarily unreachable: failed to lookup address information: Temporary failure in name resolution
2025-12-07T11:23:54.158052Z  WARN ThreadId(01) docker_node: Node 45 port 20045 temporarily unreachable: failed to lookup address information: Temporary failure in name resolution
2025-12-07T11:23:54.159526Z  WARN ThreadId(01) docker_node: Node 46 port 20046 temporarily unreachable: failed to lookup address information: Temporary failure in name resolution
2025-12-07T11:23:54.160890Z  WARN ThreadId(01) docker_node: Node 47 port 20047 temporarily unreachable: failed to lookup address information: Temporary failure in name resolution
2025-12-07T11:23:54.162230Z  WARN ThreadId(01) docker_node: Node 48 port 20048 temporarily unreachable: failed to lookup address information: Temporary failure in name resolution
2025-12-07T11:23:54.163967Z  WARN ThreadId(01) docker_node: Node 49 port 20049 temporarily unreachable: failed to lookup address information: Temporary failure in name resolution
2025-12-07T11:23:54.165628Z  WARN ThreadId(01) docker_node: Node 50 port 20050 temporarily unreachable: failed to lookup address information: Temporary failure in name resolution
2025-12-07T11:23:54.167428Z  WARN ThreadId(01) docker_node: Node 51 port 20051 temporarily unreachable: failed to lookup address information: Temporary failure in name resolution
2025-12-07T11:23:54.168991Z  WARN ThreadId(01) docker_node: Node 52 port 20052 temporarily unreachable: failed to lookup address information: Temporary failure in name resolution
2025-12-07T11:23:54.170491Z  WARN ThreadId(01) docker_node: Node 53 port 20053 temporarily unreachable: failed to lookup address information: Temporary failure in name resolution
2025-12-07T11:23:54.171976Z  WARN ThreadId(01) docker_node: Node 54 port 20054 temporarily unreachable: failed to lookup address information: Temporary failure in name resolution
2025-12-07T11:23:54.173552Z  WARN ThreadId(01) docker_node: Node 55 port 20055 temporarily unreachable: failed to lookup address information: Temporary failure in name resolution
2025-12-07T11:23:54.175240Z  WARN ThreadId(01) docker_node: Node 56 port 20056 temporarily unreachable: failed to lookup address information: Temporary failure in name resolution
2025-12-07T11:23:54.176753Z  WARN ThreadId(01) docker_node: Node 57 port 20057 temporarily unreachable: failed to lookup address information: Temporary failure in name resolution
2025-12-07T11:23:54.178513Z  WARN ThreadId(01) docker_node: Node 58 port 20058 temporarily unreachable: failed to lookup address information: Temporary failure in name resolution
2025-12-07T11:23:54.180103Z  WARN ThreadId(01) docker_node: Node 59 port 20059 temporarily unreachable: failed to lookup address information: Temporary failure in name resolution
2025-12-07T11:23:54.181563Z  WARN ThreadId(01) docker_node: Node 60 port 20060 temporarily unreachable: failed to lookup address information: Temporary failure in name resolution
2025-12-07T11:23:54.183203Z  WARN ThreadId(01) docker_node: Node 61 port 20061 temporarily unreachable: failed to lookup address information: Temporary failure in name resolution
2025-12-07T11:23:54.184809Z  WARN ThreadId(01) docker_node: Node 62 port 20062 temporarily unreachable: failed to lookup address information: Temporary failure in name resolution
2025-12-07T11:23:54.186338Z  WARN ThreadId(01) docker_node: Node 63 port 20063 temporarily unreachable: failed to lookup address information: Temporary failure in name resolution
2025-12-07T11:23:59.080014Z  WARN ThreadId(09) docker_node:   Connection reuse ineffective (2.0 msg/conn)
2025-12-07T11:24:04.079750Z  WARN ThreadId(05) docker_node:   Connection reuse ineffective (2.0 msg/conn)
2025-12-07T11:24:07.742453Z  WARN ThreadId(20) hotstuff_runner::app: Node 1 [produce_block] queue size: 0, attempting up to 0 transactions this block    
2025-12-07T11:24:09.079866Z  WARN ThreadId(05) docker_node:   Connection reuse ineffective (2.0 msg/conn)
2025-12-07T11:24:14.080001Z  WARN ThreadId(05) docker_node:   Connection reuse ineffective (2.0 msg/conn)
2025-12-07T11:24:19.080186Z  WARN ThreadId(05) docker_node:   Connection reuse ineffective (2.0 msg/conn)
2025-12-07T11:24:23.227118Z  WARN ThreadId(25) hotstuff_runner::smrol::network: ⚠️ Large message: 8000168 bytes to node Some(7)
2025-12-07T11:24:23.231757Z  WARN ThreadId(25) hotstuff_runner::smrol::network: ⚠️ Large message: 8000169 bytes to node Some(15)
2025-12-07T11:24:23.239984Z  WARN ThreadId(25) hotstuff_runner::smrol::network: ⚠️ Large message: 8000168 bytes to node Some(3)
2025-12-07T11:24:23.253937Z  WARN ThreadId(25) hotstuff_runner::smrol::network: ⚠️ Large message: 8000169 bytes to node Some(13)
2025-12-07T11:24:23.254852Z  WARN ThreadId(25) hotstuff_runner::smrol::network: ⚠️ [Check] Writer 1 -> 3 slow write: 18.630762ms
2025-12-07T11:24:23.259988Z  WARN ThreadId(25) hotstuff_runner::smrol::network: ⚠️ Large message: 8000169 bytes to node Some(33)
2025-12-07T11:24:23.264865Z  WARN ThreadId(25) hotstuff_runner::smrol::network: ⚠️ Large message: 8000168 bytes to node Some(8)
2025-12-07T11:24:23.269809Z  WARN ThreadId(25) hotstuff_runner::smrol::network: ⚠️ Large message: 8000169 bytes to node Some(39)
2025-12-07T11:24:23.274713Z  WARN ThreadId(25) hotstuff_runner::smrol::network: ⚠️ Large message: 8000169 bytes to node Some(21)
2025-12-07T11:24:23.279659Z  WARN ThreadId(25) hotstuff_runner::smrol::network: ⚠️ Large message: 8000168 bytes to node Some(2)
2025-12-07T11:24:23.284922Z  WARN ThreadId(25) hotstuff_runner::smrol::network: ⚠️ Large message: 8000169 bytes to node Some(27)
2025-12-07T11:24:23.289790Z  WARN ThreadId(25) hotstuff_runner::smrol::network: ⚠️ Large message: 8000169 bytes to node Some(22)
2025-12-07T11:24:23.294592Z  WARN ThreadId(25) hotstuff_runner::smrol::network: ⚠️ Large message: 8000169 bytes to node Some(55)
2025-12-07T11:24:23.300443Z  WARN ThreadId(25) hotstuff_runner::smrol::network: ⚠️ Large message: 8000169 bytes to node Some(53)
2025-12-07T11:24:23.306191Z  WARN ThreadId(25) hotstuff_runner::smrol::network: ⚠️ Large message: 8000169 bytes to node Some(18)
2025-12-07T11:24:23.311456Z  WARN ThreadId(25) hotstuff_runner::smrol::network: ⚠️ Large message: 8000169 bytes to node Some(61)
2025-12-07T11:24:23.316462Z  WARN ThreadId(25) hotstuff_runner::smrol::network: ⚠️ Large message: 8000169 bytes to node Some(24)
2025-12-07T11:24:23.321424Z  WARN ThreadId(25) hotstuff_runner::smrol::network: ⚠️ Large message: 8000169 bytes to node Some(63)
2025-12-07T11:24:23.326557Z  WARN ThreadId(25) hotstuff_runner::smrol::network: ⚠️ Large message: 8000169 bytes to node Some(58)
2025-12-07T11:24:23.331455Z  WARN ThreadId(25) hotstuff_runner::smrol::network: ⚠️ Large message: 8000169 bytes to node Some(35)
2025-12-07T11:24:23.336512Z  WARN ThreadId(25) hotstuff_runner::smrol::network: ⚠️ Large message: 8000169 bytes to node Some(42)
2025-12-07T11:24:23.341994Z  WARN ThreadId(25) hotstuff_runner::smrol::network: ⚠️ Large message: 8000169 bytes to node Some(48)
2025-12-07T11:24:23.346916Z  WARN ThreadId(25) hotstuff_runner::smrol::network: ⚠️ Large message: 8000169 bytes to node Some(46)
2025-12-07T11:24:23.351884Z  WARN ThreadId(25) hotstuff_runner::smrol::network: ⚠️ Large message: 8000169 bytes to node Some(45)
2025-12-07T11:24:23.356804Z  WARN ThreadId(25) hotstuff_runner::smrol::network: ⚠️ Large message: 8000169 bytes to node Some(54)
2025-12-07T11:24:23.361482Z  WARN ThreadId(25) hotstuff_runner::smrol::network: ⚠️ Large message: 8000169 bytes to node Some(36)
2025-12-07T11:24:23.366301Z  WARN ThreadId(25) hotstuff_runner::smrol::network: ⚠️ Large message: 8000168 bytes to node Some(5)
2025-12-07T11:24:23.371867Z  WARN ThreadId(25) hotstuff_runner::smrol::network: ⚠️ Large message: 8000169 bytes to node Some(52)
2025-12-07T11:24:23.377763Z  WARN ThreadId(25) hotstuff_runner::smrol::network: ⚠️ Large message: 8000169 bytes to node Some(37)
2025-12-07T11:24:23.383111Z  WARN ThreadId(25) hotstuff_runner::smrol::network: ⚠️ Large message: 8000168 bytes to node Some(0)
2025-12-07T11:24:23.387959Z  WARN ThreadId(25) hotstuff_runner::smrol::network: ⚠️ Large message: 8000169 bytes to node Some(29)
2025-12-07T11:24:23.392800Z  WARN ThreadId(25) hotstuff_runner::smrol::network: ⚠️ Large message: 8000169 bytes to node Some(43)
2025-12-07T11:24:23.397780Z  WARN ThreadId(25) hotstuff_runner::smrol::network: ⚠️ Large message: 8000168 bytes to node Some(4)
2025-12-07T11:24:23.403190Z  WARN ThreadId(25) hotstuff_runner::smrol::network: ⚠️ Large message: 8000169 bytes to node Some(11)
2025-12-07T11:24:23.408159Z  WARN ThreadId(25) hotstuff_runner::smrol::network: ⚠️ Large message: 8000169 bytes to node Some(26)
2025-12-07T11:24:23.413247Z  WARN ThreadId(25) hotstuff_runner::smrol::network: ⚠️ Large message: 8000169 bytes to node Some(34)
2025-12-07T11:24:23.418240Z  WARN ThreadId(25) hotstuff_runner::smrol::network: ⚠️ Large message: 8000169 bytes to node Some(62)
2025-12-07T11:24:23.420598Z  WARN ThreadId(21) hotstuff_runner::tcp_node: Detected transaction backlog: submit rate (4.3) > confirm rate (0.0)
2025-12-07T11:24:23.423482Z  WARN ThreadId(25) hotstuff_runner::smrol::network: ⚠️ Large message: 8000169 bytes to node Some(14)
2025-12-07T11:24:23.428318Z  WARN ThreadId(25) hotstuff_runner::smrol::network: ⚠️ Large message: 8000169 bytes to node Some(57)
2025-12-07T11:24:23.433400Z  WARN ThreadId(25) hotstuff_runner::smrol::network: ⚠️ Large message: 8000169 bytes to node Some(20)
2025-12-07T11:24:23.439551Z  WARN ThreadId(25) hotstuff_runner::smrol::network: ⚠️ Large message: 8000168 bytes to node Some(6)
2025-12-07T11:24:23.445390Z  WARN ThreadId(25) hotstuff_runner::smrol::network: ⚠️ Large message: 8000169 bytes to node Some(25)
2025-12-07T11:24:23.450523Z  WARN ThreadId(25) hotstuff_runner::smrol::network: ⚠️ Large message: 8000169 bytes to node Some(47)
2025-12-07T11:24:23.455388Z  WARN ThreadId(25) hotstuff_runner::smrol::network: ⚠️ Large message: 8000169 bytes to node Some(31)
2025-12-07T11:24:23.460180Z  WARN ThreadId(25) hotstuff_runner::smrol::network: ⚠️ Large message: 8000169 bytes to node Some(12)
2025-12-07T11:24:23.464952Z  WARN ThreadId(25) hotstuff_runner::smrol::network: ⚠️ Large message: 8000169 bytes to node Some(40)
2025-12-07T11:24:23.470166Z  WARN ThreadId(25) hotstuff_runner::smrol::network: ⚠️ Large message: 8000169 bytes to node Some(44)
2025-12-07T11:24:23.474962Z  WARN ThreadId(25) hotstuff_runner::smrol::network: ⚠️ Large message: 8000169 bytes to node Some(49)
2025-12-07T11:24:23.479986Z  WARN ThreadId(25) hotstuff_runner::smrol::network: ⚠️ Large message: 8000169 bytes to node Some(16)
2025-12-07T11:24:23.484696Z  WARN ThreadId(24) hotstuff_runner::smrol::network: ⚠️ Large message: 8000168 bytes to node Some(9)
2025-12-07T11:24:23.485252Z  WARN ThreadId(25) hotstuff_runner::smrol::network: ⚠️ Large message: 8000169 bytes to node Some(28)
2025-12-07T11:24:23.490067Z  WARN ThreadId(24) hotstuff_runner::smrol::network: ⚠️ Large message: 8000169 bytes to node Some(32)
2025-12-07T11:24:23.490767Z  WARN ThreadId(25) hotstuff_runner::smrol::network: ⚠️ Large message: 8000169 bytes to node Some(51)
2025-12-07T11:24:23.494619Z  WARN ThreadId(24) hotstuff_runner::smrol::network: ⚠️ Large message: 8000169 bytes to node Some(38)
2025-12-07T11:24:23.495642Z  WARN ThreadId(25) hotstuff_runner::smrol::network: ⚠️ Large message: 8000169 bytes to node Some(17)
2025-12-07T11:24:23.499409Z  WARN ThreadId(24) hotstuff_runner::smrol::network: ⚠️ Large message: 8000169 bytes to node Some(59)
2025-12-07T11:24:23.500818Z  WARN ThreadId(25) hotstuff_runner::smrol::network: ⚠️ Large message: 8000169 bytes to node Some(60)
2025-12-07T11:24:23.504635Z  WARN ThreadId(24) hotstuff_runner::smrol::network: ⚠️ Large message: 8000169 bytes to node Some(23)
2025-12-07T11:24:23.506831Z  WARN ThreadId(25) hotstuff_runner::smrol::network: ⚠️ Large message: 8000169 bytes to node Some(50)
2025-12-07T11:24:23.510919Z  WARN ThreadId(24) hotstuff_runner::smrol::network: ⚠️ Large message: 8000169 bytes to node Some(41)
2025-12-07T11:24:23.513122Z  WARN ThreadId(25) hotstuff_runner::smrol::network: ⚠️ Large message: 8000169 bytes to node Some(56)
2025-12-07T11:24:23.515768Z  WARN ThreadId(24) hotstuff_runner::smrol::network: ⚠️ Large message: 8000169 bytes to node Some(30)
2025-12-07T11:24:23.518419Z  WARN ThreadId(25) hotstuff_runner::smrol::network: ⚠️ Large message: 8000169 bytes to node Some(10)
2025-12-07T11:24:23.523338Z  WARN ThreadId(24) hotstuff_runner::smrol::network: ⚠️ Large message: 8000169 bytes to node Some(19)
2025-12-07T11:24:23.533817Z  WARN ThreadId(25) hotstuff_runner::smrol::network: ⚠️ [Check] Writer 1 -> 0 slow write: 155.563164ms
2025-12-07T11:24:23.575619Z  WARN ThreadId(24) hotstuff_runner::smrol::network: ⚠️ [Check] Writer 1 -> 39 slow write: 310.363689ms
2025-12-07T11:24:23.615686Z  WARN ThreadId(24) hotstuff_runner::smrol::network: ⚠️ [Check] Writer 1 -> 40 slow write: 155.286958ms
2025-12-07T11:24:23.621068Z  WARN ThreadId(24) hotstuff_runner::smrol::network: ⚠️ [Check] Writer 1 -> 36 slow write: 264.159649ms
2025-12-07T11:24:23.637248Z  WARN ThreadId(24) hotstuff_runner::smrol::network: ⚠️ [Check] Writer 1 -> 37 slow write: 265.222408ms
2025-12-07T11:24:23.640630Z  WARN ThreadId(24) hotstuff_runner::smrol::network: ⚠️ [Check] Writer 1 -> 38 slow write: 150.413013ms
2025-12-07T11:24:23.666716Z  WARN ThreadId(24) hotstuff_runner::smrol::network: ⚠️ [Check] Writer 1 -> 4 slow write: 273.762153ms
2025-12-07T11:24:23.670300Z  WARN ThreadId(24) hotstuff_runner::smrol::network: ⚠️ [Check] Writer 1 -> 2 slow write: 395.322463ms
2025-12-07T11:24:23.851474Z  WARN ThreadId(25) hotstuff_runner::smrol::network: ⚠️ [Check] Writer 1 -> 7 slow write: 628.146632ms
2025-12-07T11:24:23.855688Z  WARN ThreadId(25) hotstuff_runner::smrol::network: ⚠️ [Check] Writer 1 -> 15 slow write: 628.000518ms
2025-12-07T11:24:23.862072Z  WARN ThreadId(25) hotstuff_runner::smrol::network: ⚠️ [Check] Writer 1 -> 13 slow write: 615.767532ms
2025-12-07T11:24:23.871806Z  WARN ThreadId(25) hotstuff_runner::smrol::network: ⚠️ [Check] Writer 1 -> 8 slow write: 611.677109ms
2025-12-07T11:24:23.894883Z  WARN ThreadId(24) hotstuff_runner::smrol::network: ⚠️ [Check] Writer 1 -> 5 slow write: 533.297035ms
2025-12-07T11:24:23.973525Z  WARN ThreadId(25) hotstuff_runner::smrol::network: ⚠️ [Check] Writer 1 -> 46 slow write: 631.36838ms
2025-12-07T11:24:23.974059Z  WARN ThreadId(24) hotstuff_runner::smrol::network: ⚠️ [Check] Writer 1 -> 48 slow write: 636.918153ms
2025-12-07T11:24:23.996407Z  WARN ThreadId(25) hotstuff_runner::smrol::network: ⚠️ [Check] Writer 1 -> 53 slow write: 701.660022ms
2025-12-07T11:24:23.997221Z  WARN ThreadId(25) hotstuff_runner::smrol::network: ⚠️ [Check] Writer 1 -> 11 slow write: 599.360081ms
2025-12-07T11:24:24.061456Z  WARN ThreadId(25) hotstuff_runner::smrol::network: ⚠️ [Check] Writer 1 -> 52 slow write: 695.03341ms
2025-12-07T11:24:24.067089Z  WARN ThreadId(24) hotstuff_runner::smrol::network: ⚠️ [Check] Writer 1 -> 55 slow write: 777.103345ms
2025-12-07T11:24:24.070854Z  WARN ThreadId(24) hotstuff_runner::smrol::network: ⚠️ [Check] Writer 1 -> 47 slow write: 625.318294ms
2025-12-07T11:24:24.080278Z  WARN ThreadId(04) docker_node:   Connection reuse ineffective (2.0 msg/conn)
2025-12-07T11:24:24.081256Z  WARN ThreadId(25) hotstuff_runner::smrol::network: ⚠️ [Check] Writer 1 -> 6 slow write: 647.766761ms
2025-12-07T11:24:24.085013Z  WARN ThreadId(24) hotstuff_runner::smrol::network: ⚠️ [Check] Writer 1 -> 12 slow write: 629.52351ms
2025-12-07T11:24:24.096848Z  WARN ThreadId(24) hotstuff_runner::smrol::network: ⚠️ [Check] Writer 1 -> 9 slow write: 616.908502ms
2025-12-07T11:24:24.102466Z  WARN ThreadId(24) hotstuff_runner::smrol::network: ⚠️ [Check] Writer 1 -> 49 slow write: 632.200493ms
2025-12-07T11:24:24.103557Z  WARN ThreadId(25) hotstuff_runner::smrol::network: ⚠️ [Check] Writer 1 -> 14 slow write: 685.186729ms
2025-12-07T11:24:24.112034Z  WARN ThreadId(24) hotstuff_runner::smrol::network: ⚠️ [Check] Writer 1 -> 54 slow write: 760.048576ms
2025-12-07T11:24:24.121158Z  WARN ThreadId(24) hotstuff_runner::smrol::network: ⚠️ [Check] Writer 1 -> 57 slow write: 697.57471ms
2025-12-07T11:24:24.153153Z  WARN ThreadId(24) hotstuff_runner::smrol::network: ⚠️ [Check] Writer 1 -> 51 slow write: 667.593556ms
2025-12-07T11:24:24.156111Z  WARN ThreadId(24) hotstuff_runner::smrol::network: ⚠️ [Check] Writer 1 -> 10 slow write: 642.743442ms
2025-12-07T11:24:24.181622Z  WARN ThreadId(24) hotstuff_runner::smrol::network: ⚠️ [Check] Writer 1 -> 45 slow write: 834.570534ms
2025-12-07T11:24:24.182506Z  WARN ThreadId(24) hotstuff_runner::smrol::network: ⚠️ [Check] Writer 1 -> 42 slow write: 850.883932ms
2025-12-07T11:24:24.196837Z  WARN ThreadId(24) hotstuff_runner::smrol::network: ⚠️ [Check] Writer 1 -> 50 slow write: 695.909104ms
2025-12-07T11:24:24.208810Z  WARN ThreadId(24) hotstuff_runner::smrol::network: ⚠️ [Check] Writer 1 -> 56 slow write: 701.756915ms
2025-12-07T11:24:24.292016Z  WARN ThreadId(24) hotstuff_runner::smrol::network: ⚠️ [Check] Writer 1 -> 44 slow write: 826.732399ms
2025-12-07T11:24:24.307575Z  WARN ThreadId(24) hotstuff_runner::smrol::network: ⚠️ [Check] Writer 1 -> 43 slow write: 919.308994ms
2025-12-07T11:24:24.319060Z  WARN ThreadId(24) hotstuff_runner::smrol::network: ⚠️ [Check] Writer 1 -> 61 slow write: 1.012607377s
2025-12-07T11:24:24.354357Z  WARN ThreadId(24) hotstuff_runner::smrol::network: ⚠️ [Check] Writer 1 -> 58 slow write: 1.0327382s
2025-12-07T11:24:24.417189Z  WARN ThreadId(25) hotstuff_runner::smrol::network: ⚠️ [Check] Writer 1 -> 62 slow write: 1.003827915s
2025-12-07T11:24:24.448978Z  WARN ThreadId(25) hotstuff_runner::smrol::network: ⚠️ [Check] Writer 1 -> 63 slow write: 1.132398899s
2025-12-07T11:24:24.457930Z  WARN ThreadId(24) hotstuff_runner::smrol::network: ⚠️ [Check] Writer 1 -> 41 slow write: 953.198714ms
2025-12-07T11:24:24.494113Z  WARN ThreadId(24) hotstuff_runner::smrol::network: ⚠️ [Check] Writer 1 -> 59 slow write: 999.387023ms
2025-12-07T11:24:24.495125Z  WARN ThreadId(04) hotstuff_runner::tx_utils: [synthetic-tx] capped equivalent count 105265 -> 100000 for tx 1
2025-12-07T11:24:24.543817Z  WARN ThreadId(04) hotstuff_runner::tx_utils: [synthetic-tx] capped equivalent count 140352 -> 100000 for tx 4
2025-12-07T11:24:24.563219Z  WARN ThreadId(24) hotstuff_runner::smrol::network: ⚠️ [Check] Writer 1 -> 60 slow write: 1.067135986s
2025-12-07T11:24:24.587049Z  WARN ThreadId(04) hotstuff_runner::tx_utils: [synthetic-tx] capped equivalent count 140352 -> 100000 for tx 2
2025-12-07T11:24:24.640058Z  WARN ThreadId(04) hotstuff_runner::tx_utils: [synthetic-tx] capped equivalent count 175440 -> 100000 for tx 3
2025-12-07T11:24:24.745137Z  WARN ThreadId(24) hotstuff_runner::smrol::network: ⚠️ [Check] Writer 1 -> 31 slow write: 1.294408391s
2025-12-07T11:24:24.746449Z  WARN ThreadId(25) hotstuff_runner::smrol::network: ⚠️ [Check] Writer 1 -> 34 slow write: 1.338204114s
2025-12-07T11:24:24.765662Z  WARN ThreadId(25) hotstuff_runner::smrol::network: ⚠️ [Check] Writer 1 -> 33 slow write: 1.510694025s
2025-12-07T11:24:24.853502Z  WARN ThreadId(25) hotstuff_runner::smrol::network: ⚠️ [Check] Writer 1 -> 32 slow write: 1.368649521s
2025-12-07T11:24:24.963826Z  WARN ThreadId(24) hotstuff_runner::smrol::network: ⚠️ [Check] Writer 1 -> 18 slow write: 1.663229026s
2025-12-07T11:24:25.010545Z  WARN ThreadId(06) hotstuff_runner::tx_utils: [synthetic-tx] capped equivalent count 175440 -> 100000 for tx 6
2025-12-07T11:24:25.047711Z  WARN ThreadId(24) hotstuff_runner::smrol::network: ⚠️ [Check] Writer 1 -> 27 slow write: 1.767866641s
2025-12-07T11:24:25.135583Z  WARN ThreadId(24) hotstuff_runner::smrol::network: ⚠️ [Check] Writer 1 -> 16 slow write: 1.66047193s
2025-12-07T11:24:25.146446Z  WARN ThreadId(24) hotstuff_runner::smrol::network: ⚠️ [Check] Writer 1 -> 21 slow write: 1.876552359s
2025-12-07T11:24:25.176136Z  WARN ThreadId(24) hotstuff_runner::smrol::network: ⚠️ [Check] Writer 1 -> 29 slow write: 1.792951031s
2025-12-07T11:24:25.178149Z  WARN ThreadId(24) hotstuff_runner::smrol::network: ⚠️ [Check] Writer 1 -> 19 slow write: 1.659252447s
2025-12-07T11:24:25.186751Z  WARN ThreadId(24) hotstuff_runner::smrol::network: ⚠️ [Check] Writer 1 -> 17 slow write: 1.695862033s
2025-12-07T11:24:25.197722Z  WARN ThreadId(06) hotstuff_runner::tx_utils: [synthetic-tx] capped equivalent count 140352 -> 100000 for tx 5
2025-12-07T11:24:25.209316Z  WARN ThreadId(24) hotstuff_runner::smrol::network: ⚠️ [Check] Writer 1 -> 26 slow write: 1.80600625s
2025-12-07T11:24:25.231409Z  WARN ThreadId(24) hotstuff_runner::smrol::network: ⚠️ [Check] Writer 1 -> 24 slow write: 1.919825478s
2025-12-07T11:24:25.268937Z  WARN ThreadId(25) hotstuff_runner::smrol::network: ⚠️ [Check] Writer 1 -> 22 slow write: 1.983934469s
2025-12-07T11:24:25.271306Z  WARN ThreadId(24) hotstuff_runner::smrol::network: ⚠️ [Check] Writer 1 -> 20 slow write: 1.842852832s
2025-12-07T11:24:25.274068Z  WARN ThreadId(25) hotstuff_runner::smrol::network: ⚠️ [Check] Writer 1 -> 28 slow write: 1.793935088s
2025-12-07T11:24:25.301329Z  WARN ThreadId(24) hotstuff_runner::smrol::network: ⚠️ [Check] Writer 1 -> 30 slow write: 1.790315538s
2025-12-07T11:24:25.406664Z  WARN ThreadId(24) hotstuff_runner::smrol::network: ⚠️ [Check] Writer 1 -> 23 slow write: 1.90716679s
2025-12-07T11:24:25.554550Z  WARN ThreadId(24) hotstuff_runner::smrol::network: ⚠️ [Check] Writer 1 -> 25 slow write: 2.114878378s
2025-12-07T11:24:25.974269Z  WARN ThreadId(02) hotstuff_runner::tx_utils: [synthetic-tx] capped equivalent count 175440 -> 100000 for tx 7
2025-12-07T11:24:26.223395Z  WARN ThreadId(05) hotstuff_runner::tx_utils: [synthetic-tx] capped equivalent count 140352 -> 100000 for tx 8
2025-12-07T11:24:26.613937Z  WARN ThreadId(05) hotstuff_runner::tx_utils: [synthetic-tx] capped equivalent count 140352 -> 100000 for tx 9
2025-12-07T11:24:26.682185Z  WARN ThreadId(25) hotstuff_runner::smrol::network: ⚠️ [Check] Writer 1 -> 35 slow write: 3.355532422s
2025-12-07T11:24:27.120625Z  WARN ThreadId(05) hotstuff_runner::tx_utils: [synthetic-tx] capped equivalent count 140352 -> 100000 for tx 10
2025-12-07T11:24:28.188031Z  WARN ThreadId(03) hotstuff_runner::tx_utils: [synthetic-tx] capped equivalent count 175440 -> 100000 for tx 11
2025-12-07T11:24:28.712943Z  WARN ThreadId(07) hotstuff_runner::tx_utils: [synthetic-tx] capped equivalent count 140352 -> 100000 for tx 12
2025-12-07T11:24:29.079873Z  WARN ThreadId(09) docker_node:   Connection reuse ineffective (2.0 msg/conn)
2025-12-07T11:24:29.099075Z  WARN ThreadId(02) hotstuff_runner::tx_utils: [synthetic-tx] capped equivalent count 140352 -> 100000 for tx 13
2025-12-07T11:24:29.186874Z  WARN ThreadId(07) docker_node: Node 1 Regular transaction queue backlog: 1300000 transactions
2025-12-07T11:24:29.812001Z  WARN ThreadId(02) hotstuff_runner::tx_utils: [synthetic-tx] capped equivalent count 175440 -> 100000 for tx 14
2025-12-07T11:24:30.163341Z  WARN ThreadId(06) hotstuff_runner::tx_utils: [synthetic-tx] capped equivalent count 105265 -> 100000 for tx 15
2025-12-07T11:24:30.715576Z  WARN ThreadId(06) hotstuff_runner::tx_utils: [synthetic-tx] capped equivalent count 105265 -> 100000 for tx 16
2025-12-07T11:24:33.951934Z  WARN ThreadId(09) hotstuff_runner::tx_utils: [synthetic-tx] capped equivalent count 140352 -> 100000 for tx 17
2025-12-07T11:24:33.969784Z  WARN ThreadId(24) hotstuff_runner::smrol::network: ⚠️ [SMROL] inbound handler error: Message too large: 12000169 bytes
2025-12-07T11:24:34.080217Z  WARN ThreadId(07) docker_node: HotStuff processing bottleneck detected:
2025-12-07T11:24:34.080238Z  WARN ThreadId(07) docker_node:    - HotStuff queue backlog: 1300000 transactions
2025-12-07T11:24:34.080247Z  WARN ThreadId(07) docker_node:    - Confirmation TPS (0.0) much lower than submission TPS (0.1)
2025-12-07T11:24:34.080253Z  WARN ThreadId(07) docker_node:    - Possible cause: HotStuff consensus network delay or block size limitation
2025-12-07T11:24:34.080267Z  WARN ThreadId(07) docker_node:   Connection reuse ineffective (2.0 msg/conn)
2025-12-07T11:24:34.187557Z  WARN ThreadId(06) docker_node: Node 1 Regular transaction queue backlog: 1700000 transactions
2025-12-07T11:24:37.432595Z  WARN ThreadId(09) hotstuff_runner::tx_utils: [synthetic-tx] capped equivalent count 140352 -> 100000 for tx 19
2025-12-07T11:24:37.455479Z  WARN ThreadId(25) hotstuff_runner::smrol::network: ⚠️ [SMROL] inbound handler error: Message too large: 12000169 bytes
2025-12-07T11:24:39.080313Z  WARN ThreadId(06) docker_node:   Connection reuse ineffective (2.0 msg/conn)
2025-12-07T11:24:39.187559Z  WARN ThreadId(06) docker_node: Node 1 Regular transaction queue backlog: 1800000 transactions
2025-12-07T11:24:41.243113Z  WARN ThreadId(06) hotstuff_runner::tx_utils: [synthetic-tx] capped equivalent count 140352 -> 100000 for tx 21
2025-12-07T11:24:43.398856Z  WARN ThreadId(06) hotstuff_runner::tx_utils: [synthetic-tx] capped equivalent count 140352 -> 100000 for tx 22
2025-12-07T11:24:44.079929Z  WARN ThreadId(09) docker_node:   Connection reuse ineffective (2.0 msg/conn)
2025-12-07T11:24:44.187218Z  WARN ThreadId(09) docker_node: Node 1 Regular transaction queue backlog: 2000000 transactions
2025-12-07T11:24:45.886938Z  WARN ThreadId(06) hotstuff_runner::tx_utils: [synthetic-tx] capped equivalent count 175440 -> 100000 for tx 23
2025-12-07T11:24:48.363818Z  WARN ThreadId(05) hotstuff_runner::tx_utils: [synthetic-tx] capped equivalent count 175440 -> 100000 for tx 24
2025-12-07T11:24:49.080054Z  WARN ThreadId(02) docker_node:   Connection reuse ineffective (2.0 msg/conn)
2025-12-07T11:24:49.186811Z  WARN ThreadId(07) docker_node: Node 1 Regular transaction queue backlog: 2200000 transactions
2025-12-07T11:24:50.520251Z  WARN ThreadId(07) hotstuff_runner::tx_utils: [synthetic-tx] capped equivalent count 175440 -> 100000 for tx 25
2025-12-07T11:24:51.677035Z  WARN ThreadId(02) hotstuff_runner::tx_utils: [synthetic-tx] capped equivalent count 105265 -> 100000 for tx 26
2025-12-07T11:24:53.530082Z  WARN ThreadId(07) hotstuff_runner::tx_utils: [synthetic-tx] capped equivalent count 140352 -> 100000 for tx 27
2025-12-07T11:24:54.079878Z  WARN ThreadId(09) docker_node:   Connection reuse ineffective (2.0 msg/conn)
2025-12-07T11:24:54.187205Z  WARN ThreadId(09) docker_node: Node 1 Regular transaction queue backlog: 2500000 transactions
2025-12-07T11:24:56.144371Z  WARN ThreadId(02) hotstuff_runner::tx_utils: [synthetic-tx] capped equivalent count 175440 -> 100000 for tx 28
2025-12-07T11:24:57.517568Z  WARN ThreadId(25) hotstuff_runner::smrol::network: ⚠️ [SMROL] inbound handler error: Message too large: 12000169 bytes
2025-12-07T11:24:57.921235Z  WARN ThreadId(02) hotstuff_runner::tx_utils: [synthetic-tx] capped equivalent count 175440 -> 100000 for tx 29
2025-12-07T11:24:59.080018Z  WARN ThreadId(05) docker_node:   Connection reuse ineffective (2.0 msg/conn)
2025-12-07T11:24:59.187127Z  WARN ThreadId(05) docker_node: Node 1 Regular transaction queue backlog: 2700000 transactions
2025-12-07T11:25:02.138361Z  WARN ThreadId(09) hotstuff_runner::tx_utils: [synthetic-tx] capped equivalent count 175440 -> 100000 for tx 31
2025-12-07T11:25:02.819421Z  WARN ThreadId(02) hotstuff_runner::tx_utils: [synthetic-tx] capped equivalent count 140352 -> 100000 for tx 32
2025-12-07T11:25:03.249847Z  WARN ThreadId(21) hotstuff_runner::tcp_node: Node 1 view 98 timed out; latency may accumulate
2025-12-07T11:25:04.080373Z  WARN ThreadId(06) docker_node:   Connection reuse ineffective (2.0 msg/conn)
2025-12-07T11:25:04.187174Z  WARN ThreadId(04) docker_node: Node 1 Regular transaction queue backlog: 2900000 transactions
2025-12-07T11:25:04.230234Z  WARN ThreadId(05) hotstuff_runner::tx_utils: [synthetic-tx] capped equivalent count 175440 -> 100000 for tx 33
2025-12-07T11:25:06.117156Z  WARN ThreadId(06) hotstuff_runner::tx_utils: [synthetic-tx] capped equivalent count 175440 -> 100000 for tx 34
2025-12-07T11:25:07.218573Z  WARN ThreadId(04) hotstuff_runner::tx_utils: [synthetic-tx] capped equivalent count 175440 -> 100000 for tx 35
2025-12-07T11:25:07.299806Z  WARN ThreadId(05) hotstuff_runner::tx_utils: [synthetic-tx] capped equivalent count 140352 -> 100000 for tx 37
2025-12-07T11:25:07.565526Z  WARN ThreadId(07) hotstuff_runner::tx_utils: [synthetic-tx] capped equivalent count 140352 -> 100000 for tx 38
2025-12-07T11:25:07.681360Z  WARN ThreadId(02) hotstuff_runner::tx_utils: [synthetic-tx] capped equivalent count 140352 -> 100000 for tx 39
2025-12-07T11:25:07.971940Z  WARN ThreadId(05) hotstuff_runner::tx_utils: [synthetic-tx] capped equivalent count 140352 -> 100000 for tx 41
2025-12-07T11:25:08.136946Z  WARN ThreadId(06) hotstuff_runner::tx_utils: [synthetic-tx] capped equivalent count 175440 -> 100000 for tx 40
2025-12-07T11:25:08.156135Z  WARN ThreadId(20) hotstuff_rs::block_tree::invariants: SAFE_PC_FAIL: pc.block=[21, 107, 253, 49, 153, 9, 121, 167, 7, 125, 98, 122, 109, 121, 80, 245, 35, 102, 244, 51, 255, 133, 88, 203, 134, 24, 182, 191, 161, 66, 90, 178] view=86 phase=Generic | cond1(chain_id/genesis)=true (pc.chain_id=0, my.chain_id=0) | cond2(block_exists/genesis)=true (exists=true) | cond3(view>locked || extends)=false (pc.view=86, locked.view=96, extends=false) | cond4(phase/updates)=true (phase_special=false, has_updates=false) | highest_pc.block=[48, 208, 32, 150, 22, 218, 88, 136, 78, 173, 142, 199, 199, 173, 45, 52, 97, 68, 123, 39, 135, 25, 20, 180, 143, 77, 255, 22, 117, 148, 176, 165] highest_pc.view=97 locked.block=[95, 171, 105, 47, 151, 244, 228, 101, 24, 204, 176, 59, 58, 231, 91, 36, 211, 40, 111, 158, 11, 241, 187, 115, 112, 6, 108, 244, 231, 102, 201, 105] locked.view=96    
2025-12-07T11:25:08.156205Z  WARN ThreadId(20) hotstuff_rs::block_tree::invariants: SAFE_BLOCK_FAIL: block=[36, 182, 187, 169, 15, 138, 58, 97, 144, 124, 141, 141, 8, 148, 124, 158, 164, 211, 220, 147, 120, 251, 16, 202, 128, 251, 141, 248, 196, 17, 62, 5] height=None | cond1(safe_pc)=false | cond2(is_block_justify)=true (justify.phase=Generic) | justify.block=[21, 107, 253, 49, 153, 9, 121, 167, 7, 125, 98, 122, 109, 121, 80, 245, 35, 102, 244, 51, 255, 133, 88, 203, 134, 24, 182, 191, 161, 66, 90, 178] justify.view=86 | highest_pc.block=[48, 208, 32, 150, 22, 218, 88, 136, 78, 173, 142, 199, 199, 173, 45, 52, 97, 68, 123, 39, 135, 25, 20, 180, 143, 77, 255, 22, 117, 148, 176, 165] highest_pc.view=97 | locked.block=[95, 171, 105, 47, 151, 244, 228, 101, 24, 204, 176, 59, 58, 231, 91, 36, 211, 40, 111, 158, 11, 241, 187, 115, 112, 6, 108, 244, 231, 102, 201, 105] locked.view=96    
2025-12-07T11:25:08.251539Z  WARN ThreadId(21) hotstuff_runner::tcp_node: Node 1 view 99 timed out; latency may accumulate
2025-12-07T11:25:09.024950Z  WARN ThreadId(25) hotstuff_runner::smrol::network: ⚠️ [SMROL] inbound handler error: Message too large: 12000169 bytes
2025-12-07T11:25:09.080522Z  WARN ThreadId(03) docker_node:   Connection reuse ineffective (2.0 msg/conn)
2025-12-07T11:25:09.187331Z  WARN ThreadId(05) docker_node: Node 1 Regular transaction queue backlog: 3700000 transactions
2025-12-07T11:25:09.780181Z  WARN ThreadId(07) hotstuff_runner::tx_utils: [synthetic-tx] capped equivalent count 175440 -> 100000 for tx 42
2025-12-07T11:25:10.439785Z  WARN ThreadId(09) hotstuff_runner::tx_utils: [synthetic-tx] capped equivalent count 140352 -> 100000 for tx 43
2025-12-07T11:25:11.194772Z  WARN ThreadId(07) hotstuff_runner::tx_utils: [synthetic-tx] capped equivalent count 140352 -> 100000 for tx 44
2025-12-07T11:25:12.003438Z  WARN ThreadId(05) hotstuff_runner::tx_utils: [synthetic-tx] capped equivalent count 140352 -> 100000 for tx 45
2025-12-07T11:25:12.686153Z  WARN ThreadId(05) hotstuff_runner::tx_utils: [synthetic-tx] capped equivalent count 140352 -> 100000 for tx 46
2025-12-07T11:25:12.779895Z  WARN ThreadId(20) hotstuff_runner::app: Node 1 [produce_block] queue size: 4200000, attempting up to 180000 transactions this block    
2025-12-07T11:25:13.481059Z  WARN ThreadId(05) hotstuff_runner::tx_utils: [synthetic-tx] capped equivalent count 175440 -> 100000 for tx 47
2025-12-07T11:25:13.899168Z  WARN ThreadId(05) hotstuff_runner::tx_utils: [synthetic-tx] capped equivalent count 140352 -> 100000 for tx 48
2025-12-07T11:25:14.080227Z  WARN ThreadId(09) docker_node:   Connection reuse ineffective (2.0 msg/conn)
2025-12-07T11:25:14.187094Z  WARN ThreadId(05) docker_node: Node 1 Regular transaction queue backlog: 3640000 transactions
2025-12-07T11:25:14.580952Z  WARN ThreadId(05) hotstuff_runner::tx_utils: [synthetic-tx] capped equivalent count 140352 -> 100000 for tx 49
2025-12-07T11:25:15.300716Z  WARN ThreadId(03) hotstuff_runner::tx_utils: [synthetic-tx] capped equivalent count 140352 -> 100000 for tx 50
2025-12-07T11:25:15.678021Z  WARN ThreadId(09) hotstuff_runner::tx_utils: [synthetic-tx] capped equivalent count 140352 -> 100000 for tx 51
2025-12-07T11:25:16.269885Z  WARN ThreadId(09) hotstuff_runner::tx_utils: [synthetic-tx] capped equivalent count 140352 -> 100000 for tx 52
2025-12-07T11:25:17.440509Z  WARN ThreadId(03) hotstuff_runner::tx_utils: [synthetic-tx] capped equivalent count 175440 -> 100000 for tx 53
2025-12-07T11:25:17.777642Z  WARN ThreadId(21) hotstuff_runner::tcp_node: Node 1 view 101 timed out; latency may accumulate
2025-12-07T11:25:18.018101Z  WARN ThreadId(09) hotstuff_runner::tx_utils: [synthetic-tx] capped equivalent count 140352 -> 100000 for tx 54
2025-12-07T11:25:18.540078Z  WARN ThreadId(07) hotstuff_runner::tx_utils: [synthetic-tx] capped equivalent count 140352 -> 100000 for tx 55
2025-12-07T11:25:19.079614Z  WARN ThreadId(04) docker_node:   Connection reuse ineffective (2.0 msg/conn)
2025-12-07T11:25:19.186793Z  WARN ThreadId(03) docker_node: Node 1 Regular transaction queue backlog: 4340000 transactions
2025-12-07T11:25:19.578442Z  WARN ThreadId(05) hotstuff_runner::tx_utils: [synthetic-tx] capped equivalent count 175440 -> 100000 for tx 56
2025-12-07T11:25:19.782437Z  WARN ThreadId(25) hotstuff_runner::smrol::network: ⚠️ [SMROL] inbound handler error: Message too large: 12000169 bytes
2025-12-07T11:25:20.157388Z  WARN ThreadId(09) hotstuff_runner::tx_utils: [synthetic-tx] capped equivalent count 140352 -> 100000 for tx 57
2025-12-07T11:25:20.896029Z  WARN ThreadId(20) hotstuff_rs::block_tree::invariants: SAFE_PC_FAIL: pc.block=[21, 107, 253, 49, 153, 9, 121, 167, 7, 125, 98, 122, 109, 121, 80, 245, 35, 102, 244, 51, 255, 133, 88, 203, 134, 24, 182, 191, 161, 66, 90, 178] view=86 phase=Generic | cond1(chain_id/genesis)=true (pc.chain_id=0, my.chain_id=0) | cond2(block_exists/genesis)=true (exists=true) | cond3(view>locked || extends)=false (pc.view=86, locked.view=97, extends=false) | cond4(phase/updates)=true (phase_special=false, has_updates=false) | highest_pc.block=[122, 219, 93, 80, 155, 19, 140, 214, 68, 32, 19, 113, 44, 254, 35, 194, 214, 247, 214, 5, 22, 167, 67, 217, 224, 201, 0, 71, 219, 126, 162, 196] highest_pc.view=100 locked.block=[48, 208, 32, 150, 22, 218, 88, 136, 78, 173, 142, 199, 199, 173, 45, 52, 97, 68, 123, 39, 135, 25, 20, 180, 143, 77, 255, 22, 117, 148, 176, 165] locked.view=97    
2025-12-07T11:25:20.896085Z  WARN ThreadId(20) hotstuff_rs::block_tree::invariants: SAFE_BLOCK_FAIL: block=[73, 174, 151, 158, 191, 66, 95, 65, 117, 33, 84, 178, 47, 109, 106, 41, 90, 154, 199, 253, 141, 106, 186, 252, 59, 203, 192, 83, 122, 92, 158, 86] height=None | cond1(safe_pc)=false | cond2(is_block_justify)=true (justify.phase=Generic) | justify.block=[21, 107, 253, 49, 153, 9, 121, 167, 7, 125, 98, 122, 109, 121, 80, 245, 35, 102, 244, 51, 255, 133, 88, 203, 134, 24, 182, 191, 161, 66, 90, 178] justify.view=86 | highest_pc.block=[122, 219, 93, 80, 155, 19, 140, 214, 68, 32, 19, 113, 44, 254, 35, 194, 214, 247, 214, 5, 22, 167, 67, 217, 224, 201, 0, 71, 219, 126, 162, 196] highest_pc.view=100 | locked.block=[48, 208, 32, 150, 22, 218, 88, 136, 78, 173, 142, 199, 199, 173, 45, 52, 97, 68, 123, 39, 135, 25, 20, 180, 143, 77, 255, 22, 117, 148, 176, 165] locked.view=97    
2025-12-07T11:25:22.119370Z  WARN ThreadId(09) hotstuff_runner::tx_utils: [synthetic-tx] capped equivalent count 140352 -> 100000 for tx 59
2025-12-07T11:25:22.779112Z  WARN ThreadId(21) hotstuff_runner::tcp_node: Node 1 view 102 timed out; latency may accumulate
2025-12-07T11:25:23.647678Z  WARN ThreadId(09) hotstuff_runner::tx_utils: [synthetic-tx] capped equivalent count 175440 -> 100000 for tx 60
2025-12-07T11:25:24.080424Z  WARN ThreadId(07) docker_node:   Connection reuse ineffective (2.0 msg/conn)
2025-12-07T11:25:24.187573Z  WARN ThreadId(07) docker_node: Node 1 Regular transaction queue backlog: 4740000 transactions
2025-12-07T11:25:24.461496Z  WARN ThreadId(24) hotstuff_runner::smrol::network: ⚠️ [SMROL] inbound handler error: Message too large: 12000169 bytes
2025-12-07T11:25:24.771210Z  WARN ThreadId(07) hotstuff_runner::tx_utils: [synthetic-tx] capped equivalent count 175440 -> 100000 for tx 61
2025-12-07T11:25:25.308314Z  WARN ThreadId(25) hotstuff_runner::smrol::network: ⚠️ [SMROL] inbound handler error: Message too large: 12000169 bytes
2025-12-07T11:25:26.467885Z  WARN ThreadId(24) hotstuff_runner::smrol::network: ⚠️ Large message: 8000169 bytes to node Some(48)
2025-12-07T11:25:26.470545Z  WARN ThreadId(24) hotstuff_runner::smrol::network: ⚠️ Large message: 8000168 bytes to node Some(7)
2025-12-07T11:25:26.473115Z  WARN ThreadId(24) hotstuff_runner::smrol::network: ⚠️ Large message: 8000169 bytes to node Some(45)
2025-12-07T11:25:26.475989Z  WARN ThreadId(24) hotstuff_runner::smrol::network: ⚠️ Large message: 8000169 bytes to node Some(15)
2025-12-07T11:25:26.478561Z  WARN ThreadId(24) hotstuff_runner::smrol::network: ⚠️ Large message: 8000169 bytes to node Some(54)
2025-12-07T11:25:26.481178Z  WARN ThreadId(24) hotstuff_runner::smrol::network: ⚠️ Large message: 8000168 bytes to node Some(3)
2025-12-07T11:25:26.483859Z  WARN ThreadId(24) hotstuff_runner::smrol::network: ⚠️ Large message: 8000169 bytes to node Some(46)
2025-12-07T11:25:26.486344Z  WARN ThreadId(24) hotstuff_runner::smrol::network: ⚠️ Large message: 8000169 bytes to node Some(13)
2025-12-07T11:25:26.488453Z  WARN ThreadId(24) hotstuff_runner::smrol::network: ⚠️ Large message: 8000169 bytes to node Some(22)
2025-12-07T11:25:26.491022Z  WARN ThreadId(24) hotstuff_runner::smrol::network: ⚠️ Large message: 8000169 bytes to node Some(33)
2025-12-07T11:25:26.494092Z  WARN ThreadId(24) hotstuff_runner::smrol::network: ⚠️ Large message: 8000168 bytes to node Some(8)
2025-12-07T11:25:26.497146Z  WARN ThreadId(24) hotstuff_runner::smrol::network: ⚠️ Large message: 8000169 bytes to node Some(39)
2025-12-07T11:25:26.499597Z  WARN ThreadId(24) hotstuff_runner::smrol::network: ⚠️ Large message: 8000169 bytes to node Some(21)
2025-12-07T11:25:26.502851Z  WARN ThreadId(24) hotstuff_runner::smrol::network: ⚠️ Large message: 8000169 bytes to node Some(19)
2025-12-07T11:25:26.505033Z  WARN ThreadId(24) hotstuff_runner::smrol::network: ⚠️ Large message: 8000168 bytes to node Some(2)
2025-12-07T11:25:26.507165Z  WARN ThreadId(24) hotstuff_runner::smrol::network: ⚠️ Large message: 8000169 bytes to node Some(27)
2025-12-07T11:25:26.509212Z  WARN ThreadId(24) hotstuff_runner::smrol::network: ⚠️ Large message: 8000168 bytes to node Some(4)
2025-12-07T11:25:26.511375Z  WARN ThreadId(24) hotstuff_runner::smrol::network: ⚠️ Large message: 8000169 bytes to node Some(55)
2025-12-07T11:25:26.513038Z  WARN ThreadId(24) hotstuff_runner::smrol::network: ⚠️ Large message: 8000169 bytes to node Some(53)
2025-12-07T11:25:26.514886Z  WARN ThreadId(24) hotstuff_runner::smrol::network: ⚠️ Large message: 8000169 bytes to node Some(18)
2025-12-07T11:25:26.516546Z  WARN ThreadId(24) hotstuff_runner::smrol::network: ⚠️ Large message: 8000169 bytes to node Some(61)
2025-12-07T11:25:26.518078Z  WARN ThreadId(24) hotstuff_runner::smrol::network: ⚠️ Large message: 8000169 bytes to node Some(24)
2025-12-07T11:25:26.519605Z  WARN ThreadId(24) hotstuff_runner::smrol::network: ⚠️ Large message: 8000169 bytes to node Some(58)
2025-12-07T11:25:26.521142Z  WARN ThreadId(24) hotstuff_runner::smrol::network: ⚠️ Large message: 8000169 bytes to node Some(63)
2025-12-07T11:25:26.522670Z  WARN ThreadId(24) hotstuff_runner::smrol::network: ⚠️ Large message: 8000169 bytes to node Some(42)
2025-12-07T11:25:26.524225Z  WARN ThreadId(24) hotstuff_runner::smrol::network: ⚠️ Large message: 8000169 bytes to node Some(35)
2025-12-07T11:25:26.525596Z  WARN ThreadId(24) hotstuff_runner::smrol::network: ⚠️ Large message: 8000168 bytes to node Some(5)
2025-12-07T11:25:26.529228Z  WARN ThreadId(24) hotstuff_runner::smrol::network: ⚠️ Large message: 8000169 bytes to node Some(52)
2025-12-07T11:25:26.531171Z  WARN ThreadId(24) hotstuff_runner::smrol::network: ⚠️ Large message: 8000169 bytes to node Some(37)
2025-12-07T11:25:26.532623Z  WARN ThreadId(24) hotstuff_runner::smrol::network: ⚠️ Large message: 8000169 bytes to node Some(36)
2025-12-07T11:25:26.534101Z  WARN ThreadId(24) hotstuff_runner::smrol::network: ⚠️ Large message: 8000169 bytes to node Some(29)
2025-12-07T11:25:26.535651Z  WARN ThreadId(24) hotstuff_runner::smrol::network: ⚠️ Large message: 8000169 bytes to node Some(43)
2025-12-07T11:25:26.537233Z  WARN ThreadId(24) hotstuff_runner::smrol::network: ⚠️ Large message: 8000169 bytes to node Some(20)
2025-12-07T11:25:26.538871Z  WARN ThreadId(24) hotstuff_runner::smrol::network: ⚠️ Large message: 8000169 bytes to node Some(11)
2025-12-07T11:25:26.540404Z  WARN ThreadId(24) hotstuff_runner::smrol::network: ⚠️ Large message: 8000168 bytes to node Some(0)
2025-12-07T11:25:26.541935Z  WARN ThreadId(24) hotstuff_runner::smrol::network: ⚠️ Large message: 8000169 bytes to node Some(34)
2025-12-07T11:25:26.543534Z  WARN ThreadId(24) hotstuff_runner::smrol::network: ⚠️ Large message: 8000169 bytes to node Some(62)
2025-12-07T11:25:26.545066Z  WARN ThreadId(24) hotstuff_runner::smrol::network: ⚠️ Large message: 8000169 bytes to node Some(14)
2025-12-07T11:25:26.547599Z  WARN ThreadId(24) hotstuff_runner::smrol::network: ⚠️ Large message: 8000169 bytes to node Some(57)
2025-12-07T11:25:26.549375Z  WARN ThreadId(24) hotstuff_runner::smrol::network: ⚠️ Large message: 8000169 bytes to node Some(26)
2025-12-07T11:25:26.556610Z  WARN ThreadId(24) hotstuff_runner::smrol::network: ⚠️ Large message: 8000168 bytes to node Some(6)
2025-12-07T11:25:26.562245Z  WARN ThreadId(24) hotstuff_runner::smrol::network: ⚠️ Large message: 8000169 bytes to node Some(25)
2025-12-07T11:25:26.564396Z  WARN ThreadId(25) hotstuff_runner::smrol::network: ⚠️ Large message: 8000168 bytes to node Some(9)
2025-12-07T11:25:26.568498Z  WARN ThreadId(24) hotstuff_runner::smrol::network: ⚠️ Large message: 8000169 bytes to node Some(47)
2025-12-07T11:25:26.570330Z  WARN ThreadId(25) hotstuff_runner::smrol::network: ⚠️ Large message: 8000169 bytes to node Some(44)
2025-12-07T11:25:26.574588Z  WARN ThreadId(24) hotstuff_runner::smrol::network: ⚠️ Large message: 8000169 bytes to node Some(31)
2025-12-07T11:25:26.576251Z  WARN ThreadId(25) hotstuff_runner::smrol::network: ⚠️ Large message: 8000169 bytes to node Some(49)
2025-12-07T11:25:26.580612Z  WARN ThreadId(24) hotstuff_runner::smrol::network: ⚠️ Large message: 8000169 bytes to node Some(12)
2025-12-07T11:25:26.581670Z  WARN ThreadId(25) hotstuff_runner::smrol::network: ⚠️ Large message: 8000169 bytes to node Some(16)
2025-12-07T11:25:26.586141Z  WARN ThreadId(24) hotstuff_runner::smrol::network: ⚠️ Large message: 8000169 bytes to node Some(50)
2025-12-07T11:25:26.587314Z  WARN ThreadId(25) hotstuff_runner::smrol::network: ⚠️ Large message: 8000169 bytes to node Some(56)
2025-12-07T11:25:26.591816Z  WARN ThreadId(24) hotstuff_runner::smrol::network: ⚠️ Large message: 8000169 bytes to node Some(28)
2025-12-07T11:25:26.592955Z  WARN ThreadId(25) hotstuff_runner::smrol::network: ⚠️ Large message: 8000169 bytes to node Some(10)
2025-12-07T11:25:26.599181Z  WARN ThreadId(24) hotstuff_runner::smrol::network: ⚠️ Large message: 8000169 bytes to node Some(51)
2025-12-07T11:25:26.599459Z  WARN ThreadId(25) hotstuff_runner::smrol::network: ⚠️ Large message: 8000169 bytes to node Some(17)
2025-12-07T11:25:26.607125Z  WARN ThreadId(24) hotstuff_runner::smrol::network: ⚠️ Large message: 8000169 bytes to node Some(40)
2025-12-07T11:25:26.607242Z  WARN ThreadId(25) hotstuff_runner::smrol::network: ⚠️ Large message: 8000169 bytes to node Some(59)
2025-12-07T11:25:26.612619Z  WARN ThreadId(25) hotstuff_runner::smrol::network: ⚠️ Large message: 8000169 bytes to node Some(23)
2025-12-07T11:25:26.612966Z  WARN ThreadId(24) hotstuff_runner::smrol::network: ⚠️ Large message: 8000169 bytes to node Some(32)
2025-12-07T11:25:26.618481Z  WARN ThreadId(24) hotstuff_runner::smrol::network: ⚠️ Large message: 8000169 bytes to node Some(38)
2025-12-07T11:25:26.618994Z  WARN ThreadId(25) hotstuff_runner::smrol::network: ⚠️ Large message: 8000169 bytes to node Some(41)
2025-12-07T11:25:26.624207Z  WARN ThreadId(24) hotstuff_runner::smrol::network: ⚠️ Large message: 8000169 bytes to node Some(60)
2025-12-07T11:25:26.624475Z  WARN ThreadId(25) hotstuff_runner::smrol::network: ⚠️ Large message: 8000169 bytes to node Some(30)
2025-12-07T11:25:26.626472Z  WARN ThreadId(24) hotstuff_runner::smrol::network: ⚠️ [Check] Writer 1 -> 3 slow write: 146.713959ms
2025-12-07T11:25:26.626484Z  WARN ThreadId(25) hotstuff_runner::smrol::network: ⚠️ [Check] Writer 1 -> 2 slow write: 122.55565ms
2025-12-07T11:25:26.626599Z  WARN ThreadId(24) hotstuff_runner::smrol::network: ⚠️ [SMROL] inbound handler error: Message too large: 12000168 bytes
2025-12-07T11:25:26.627938Z  WARN ThreadId(24) hotstuff_runner::smrol::network: ⚠️ [Check] Writer 1 -> 39 slow write: 132.066229ms
2025-12-07T11:25:26.645635Z  WARN ThreadId(25) hotstuff_runner::smrol::network: ⚠️ [Check] Writer 1 -> 5 slow write: 120.953877ms
2025-12-07T11:25:26.664089Z  WARN ThreadId(25) hotstuff_runner::smrol::network: ⚠️ [Check] Writer 1 -> 36 slow write: 132.239865ms
2025-12-07T11:25:26.665401Z  WARN ThreadId(25) hotstuff_runner::smrol::network: ⚠️ [Check] Writer 1 -> 37 slow write: 135.228616ms
2025-12-07T11:25:26.669320Z  WARN ThreadId(25) hotstuff_runner::smrol::network: ⚠️ [Check] Writer 1 -> 4 slow write: 161.202204ms
2025-12-07T11:25:26.701834Z  WARN ThreadId(25) hotstuff_runner::smrol::network: ⚠️ [SMROL] inbound handler error: Message too large: 12000168 bytes
2025-12-07T11:25:26.734340Z  WARN ThreadId(24) hotstuff_runner::smrol::network: ⚠️ [Check] Writer 1 -> 0 slow write: 194.727358ms
2025-12-07T11:25:26.735355Z  WARN ThreadId(25) hotstuff_runner::smrol::network: ⚠️ [SMROL] inbound handler error: Message too large: 12000168 bytes
2025-12-07T11:25:26.737507Z  WARN ThreadId(25) hotstuff_runner::smrol::network: ⚠️ [Check] Writer 1 -> 40 slow write: 137.393065ms
2025-12-07T11:25:26.750673Z  WARN ThreadId(24) hotstuff_runner::smrol::network: ⚠️ [Check] Writer 1 -> 38 slow write: 136.950453ms
2025-12-07T11:25:26.983658Z  WARN ThreadId(05) hotstuff_runner::tx_utils: [synthetic-tx] capped equivalent count 140352 -> 100000 for tx 66
2025-12-07T11:25:27.075800Z  WARN ThreadId(24) hotstuff_runner::smrol::network: ⚠️ [Check] Writer 1 -> 7 slow write: 606.561634ms
2025-12-07T11:25:27.080106Z  WARN ThreadId(24) hotstuff_runner::smrol::network: ⚠️ [Check] Writer 1 -> 15 slow write: 605.817713ms
2025-12-07T11:25:27.087744Z  WARN ThreadId(24) hotstuff_runner::smrol::network: ⚠️ [Check] Writer 1 -> 48 slow write: 621.264035ms
2025-12-07T11:25:27.096077Z  WARN ThreadId(25) hotstuff_runner::smrol::network: ⚠️ [Check] Writer 1 -> 13 slow write: 611.132759ms
2025-12-07T11:25:27.097486Z  WARN ThreadId(25) hotstuff_runner::smrol::network: ⚠️ [Check] Writer 1 -> 46 slow write: 614.673805ms
2025-12-07T11:25:27.106841Z  WARN ThreadId(25) hotstuff_runner::smrol::network: ⚠️ [Check] Writer 1 -> 8 slow write: 614.657745ms
2025-12-07T11:25:27.149121Z  WARN ThreadId(24) hotstuff_runner::smrol::network: ⚠️ [Check] Writer 1 -> 11 slow write: 611.133779ms
2025-12-07T11:25:27.178098Z  WARN ThreadId(25) hotstuff_runner::smrol::network: ⚠️ [Check] Writer 1 -> 6 slow write: 627.831934ms
2025-12-07T11:25:27.185245Z  WARN ThreadId(25) hotstuff_runner::smrol::network: ⚠️ [Check] Writer 1 -> 47 slow write: 622.281022ms
2025-12-07T11:25:27.205345Z  WARN ThreadId(24) hotstuff_runner::smrol::network: ⚠️ [Check] Writer 1 -> 55 slow write: 695.078627ms
2025-12-07T11:25:27.206047Z  WARN ThreadId(25) hotstuff_runner::smrol::network: ⚠️ [Check] Writer 1 -> 9 slow write: 646.604645ms
2025-12-07T11:25:27.213852Z  WARN ThreadId(25) hotstuff_runner::smrol::network: ⚠️ [Check] Writer 1 -> 53 slow write: 701.597764ms
2025-12-07T11:25:27.235707Z  WARN ThreadId(25) hotstuff_runner::smrol::network: ⚠️ [Check] Writer 1 -> 14 slow write: 691.471219ms
2025-12-07T11:25:27.244768Z  WARN ThreadId(25) hotstuff_runner::smrol::network: ⚠️ [Check] Writer 1 -> 54 slow write: 767.565043ms
2025-12-07T11:25:27.249108Z  WARN ThreadId(25) hotstuff_runner::smrol::network: ⚠️ [Check] Writer 1 -> 57 slow write: 702.56816ms
2025-12-07T11:25:27.277877Z  WARN ThreadId(24) hotstuff_runner::smrol::network: ⚠️ [Check] Writer 1 -> 12 slow write: 702.5269ms
2025-12-07T11:25:27.282026Z  WARN ThreadId(24) hotstuff_runner::smrol::network: ⚠️ [Check] Writer 1 -> 10 slow write: 693.748351ms
2025-12-07T11:25:27.283157Z  WARN ThreadId(24) hotstuff_runner::smrol::network: ⚠️ [Check] Writer 1 -> 50 slow write: 701.781189ms
2025-12-07T11:25:27.294962Z  WARN ThreadId(25) hotstuff_runner::smrol::network: ⚠️ [Check] Writer 1 -> 49 slow write: 723.747578ms
2025-12-07T11:25:27.308170Z  WARN ThreadId(24) hotstuff_runner::smrol::network: ⚠️ [Check] Writer 1 -> 51 slow write: 715.630777ms
2025-12-07T11:25:27.309500Z  WARN ThreadId(24) hotstuff_runner::smrol::network: ⚠️ [Check] Writer 1 -> 56 slow write: 727.071489ms
2025-12-07T11:25:27.314675Z  WARN ThreadId(25) hotstuff_runner::smrol::network: ⚠️ [Check] Writer 1 -> 52 slow write: 788.443441ms
2025-12-07T11:25:27.345283Z  WARN ThreadId(24) hotstuff_runner::smrol::network: ⚠️ [Check] Writer 1 -> 45 slow write: 873.535081ms
2025-12-07T11:25:27.375911Z  WARN ThreadId(03) hotstuff_runner::tx_utils: [synthetic-tx] capped equivalent count 175440 -> 100000 for tx 69
2025-12-07T11:25:27.399556Z  WARN ThreadId(03) hotstuff_runner::tx_utils: [synthetic-tx] capped equivalent count 175440 -> 100000 for tx 65
2025-12-07T11:25:27.438796Z  WARN ThreadId(24) hotstuff_runner::smrol::network: ⚠️ [Check] Writer 1 -> 42 slow write: 916.902623ms
2025-12-07T11:25:27.455235Z  WARN ThreadId(25) hotstuff_runner::smrol::network: ⚠️ [Check] Writer 1 -> 43 slow write: 920.412759ms
2025-12-07T11:25:27.481754Z  WARN ThreadId(24) hotstuff_runner::smrol::network: ⚠️ [Check] Writer 1 -> 44 slow write: 916.465241ms
2025-12-07T11:25:27.527493Z  WARN ThreadId(24) hotstuff_runner::smrol::network: ⚠️ [Check] Writer 1 -> 41 slow write: 914.100067ms
2025-12-07T11:25:27.538820Z  WARN ThreadId(25) hotstuff_runner::smrol::network: ⚠️ [Check] Writer 1 -> 62 slow write: 996.125782ms
2025-12-07T11:25:27.662594Z  WARN ThreadId(24) hotstuff_runner::smrol::network: ⚠️ [Check] Writer 1 -> 60 slow write: 1.043326169s
2025-12-07T11:25:27.776689Z  WARN ThreadId(04) hotstuff_runner::tx_utils: [synthetic-tx] capped equivalent count 140352 -> 100000 for tx 64
2025-12-07T11:25:27.873528Z  WARN ThreadId(24) hotstuff_runner::smrol::network: ⚠️ [Check] Writer 1 -> 33 slow write: 1.383846582s
2025-12-07T11:25:27.884995Z  WARN ThreadId(25) hotstuff_runner::smrol::network: ⚠️ [Check] Writer 1 -> 31 slow write: 1.315509828s
2025-12-07T11:25:27.982371Z  WARN ThreadId(25) hotstuff_runner::smrol::network: ⚠️ [Check] Writer 1 -> 32 slow write: 1.374232719s
2025-12-07T11:25:27.992041Z  WARN ThreadId(24) hotstuff_runner::smrol::network: ⚠️ [Check] Writer 1 -> 63 slow write: 1.471692146s
2025-12-07T11:25:28.047293Z  WARN ThreadId(24) hotstuff_runner::smrol::network: ⚠️ [Check] Writer 1 -> 58 slow write: 1.528465093s
2025-12-07T11:25:28.151379Z  WARN ThreadId(05) hotstuff_runner::tx_utils: [synthetic-tx] capped equivalent count 105265 -> 100000 for tx 71
2025-12-07T11:25:28.160332Z  WARN ThreadId(24) hotstuff_runner::smrol::network: ⚠️ [Check] Writer 1 -> 19 slow write: 1.65971061s
2025-12-07T11:25:28.170452Z  WARN ThreadId(25) hotstuff_runner::smrol::network: ⚠️ [Check] Writer 1 -> 18 slow write: 1.656359039s
2025-12-07T11:25:28.246079Z  WARN ThreadId(24) hotstuff_runner::smrol::network: ⚠️ [Check] Writer 1 -> 28 slow write: 1.659057393s
2025-12-07T11:25:28.267065Z  WARN ThreadId(24) hotstuff_runner::smrol::network: ⚠️ [Check] Writer 1 -> 27 slow write: 1.761029453s
2025-12-07T11:25:28.274158Z  WARN ThreadId(24) hotstuff_runner::smrol::network: ⚠️ [Check] Writer 1 -> 17 slow write: 1.680451966s
2025-12-07T11:25:28.295093Z  WARN ThreadId(24) hotstuff_runner::smrol::network: ⚠️ [Check] Writer 1 -> 61 slow write: 1.779311131s
2025-12-07T11:25:28.369337Z  WARN ThreadId(24) hotstuff_runner::smrol::network: ⚠️ [Check] Writer 1 -> 21 slow write: 1.8709901s
2025-12-07T11:25:28.405292Z  WARN ThreadId(24) hotstuff_runner::smrol::network: ⚠️ [Check] Writer 1 -> 30 slow write: 1.785386347s
2025-12-07T11:25:28.427535Z  WARN ThreadId(24) hotstuff_runner::smrol::network: ⚠️ [Check] Writer 1 -> 59 slow write: 1.827168325s
2025-12-07T11:25:28.438287Z  WARN ThreadId(25) hotstuff_runner::smrol::network: ⚠️ [Check] Writer 1 -> 24 slow write: 1.920994673s
2025-12-07T11:25:28.461429Z  WARN ThreadId(25) hotstuff_runner::smrol::network: ⚠️ [Check] Writer 1 -> 25 slow write: 1.904045581s
2025-12-07T11:25:28.469483Z  WARN ThreadId(25) hotstuff_runner::smrol::network: ⚠️ [Check] Writer 1 -> 22 slow write: 1.982172831s
2025-12-07T11:25:28.512303Z  WARN ThreadId(25) hotstuff_runner::smrol::network: ⚠️ [Check] Writer 1 -> 23 slow write: 1.904305028s
2025-12-07T11:25:28.846052Z  WARN ThreadId(24) hotstuff_runner::smrol::network: ⚠️ [Check] Writer 1 -> 35 slow write: 2.3226142s
2025-12-07T11:25:28.891140Z  WARN ThreadId(04) hotstuff_runner::tx_utils: [synthetic-tx] capped equivalent count 140352 -> 100000 for tx 72
2025-12-07T11:25:29.079978Z  WARN ThreadId(09) docker_node:   Connection reuse ineffective (2.0 msg/conn)
2025-12-07T11:25:29.187425Z  WARN ThreadId(09) docker_node: Node 1 Regular transaction queue backlog: 5440000 transactions
2025-12-07T11:25:29.563447Z  WARN ThreadId(07) hotstuff_runner::tx_utils: [synthetic-tx] capped equivalent count 140352 -> 100000 for tx 73
2025-12-07T11:25:29.981458Z  WARN ThreadId(25) hotstuff_runner::smrol::network: ⚠️ [Check] Writer 1 -> 34 slow write: 3.440303087s
2025-12-07T11:25:30.107895Z  WARN ThreadId(04) hotstuff_runner::tx_utils: [synthetic-tx] capped equivalent count 140352 -> 100000 for tx 74
2025-12-07T11:25:30.593584Z  WARN ThreadId(24) hotstuff_runner::smrol::network: ⚠️ [SMROL] inbound handler error: Message too large: 12000169 bytes
2025-12-07T11:25:30.755760Z  WARN ThreadId(04) hotstuff_runner::tx_utils: [synthetic-tx] capped equivalent count 140352 -> 100000 for tx 75
2025-12-07T11:25:31.163319Z  WARN ThreadId(25) hotstuff_runner::smrol::network: ⚠️ [Check] Writer 1 -> 20 slow write: 4.626936233s
2025-12-07T11:25:31.226119Z  WARN ThreadId(25) hotstuff_runner::smrol::network: ⚠️ [SMROL] inbound handler error: Message too large: 12000169 bytes
2025-12-07T11:25:32.827837Z  WARN ThreadId(04) hotstuff_runner::tx_utils: [synthetic-tx] capped equivalent count 175440 -> 100000 for tx 78
2025-12-07T11:25:33.101380Z  WARN ThreadId(25) hotstuff_runner::smrol::network: ⚠️ [Check] Writer 1 -> 29 slow write: 6.568037703s
2025-12-07T11:25:33.169791Z  WARN ThreadId(25) hotstuff_runner::smrol::network: ⚠️ [Check] Writer 1 -> 16 slow write: 6.592780088s
2025-12-07T11:25:33.397758Z  WARN ThreadId(07) hotstuff_runner::tx_utils: [synthetic-tx] capped equivalent count 140352 -> 100000 for tx 79
2025-12-07T11:25:33.815921Z  WARN ThreadId(25) hotstuff_runner::smrol::network: ⚠️ [Check] Writer 1 -> 26 slow write: 7.2675275s
2025-12-07T11:25:34.079851Z  WARN ThreadId(09) docker_node:   Connection reuse ineffective (2.0 msg/conn)
2025-12-07T11:25:34.186600Z  WARN ThreadId(03) docker_node: Node 1 Regular transaction queue backlog: 5940000 transactions
2025-12-07T11:25:37.096363Z  WARN ThreadId(07) hotstuff_runner::tx_utils: [synthetic-tx] capped equivalent count 175440 -> 100000 for tx 81
2025-12-07T11:25:38.142046Z  WARN ThreadId(03) hotstuff_runner::tx_utils: [synthetic-tx] capped equivalent count 175440 -> 100000 for tx 80
2025-12-07T11:25:38.717609Z  WARN ThreadId(04) hotstuff_runner::tx_utils: [synthetic-tx] capped equivalent count 140352 -> 100000 for tx 82
2025-12-07T11:25:39.079826Z  WARN ThreadId(03) docker_node:   Connection reuse ineffective (2.0 msg/conn)
2025-12-07T11:25:39.187293Z  WARN ThreadId(05) docker_node: Node 1 Regular transaction queue backlog: 6240000 transactions
2025-12-07T11:25:40.274869Z  WARN ThreadId(05) hotstuff_runner::tx_utils: [synthetic-tx] capped equivalent count 140352 -> 100000 for tx 83
2025-12-07T11:25:41.849660Z  WARN ThreadId(04) hotstuff_runner::tx_utils: [synthetic-tx] capped equivalent count 140352 -> 100000 for tx 84
2025-12-07T11:25:43.866198Z  WARN ThreadId(05) hotstuff_runner::tx_utils: [synthetic-tx] capped equivalent count 175440 -> 100000 for tx 85
2025-12-07T11:25:44.079926Z  WARN ThreadId(03) docker_node:   Connection reuse ineffective (2.0 msg/conn)
2025-12-07T11:25:44.187244Z  WARN ThreadId(03) docker_node: Node 1 Regular transaction queue backlog: 6540000 transactions
2025-12-07T11:25:45.305039Z  WARN ThreadId(07) hotstuff_runner::tx_utils: [synthetic-tx] capped equivalent count 105265 -> 100000 for tx 86
2025-12-07T11:25:47.050938Z  WARN ThreadId(07) hotstuff_runner::tx_utils: [synthetic-tx] capped equivalent count 105265 -> 100000 for tx 87
2025-12-07T11:25:49.080579Z  WARN ThreadId(04) docker_node:   Connection reuse ineffective (2.0 msg/conn)
2025-12-07T11:25:49.186808Z  WARN ThreadId(03) docker_node: Node 1 Regular transaction queue backlog: 6740000 transactions
2025-12-07T11:25:49.287861Z  WARN ThreadId(09) hotstuff_runner::tx_utils: [synthetic-tx] capped equivalent count 140352 -> 100000 for tx 88
2025-12-07T11:25:51.250909Z  WARN ThreadId(04) hotstuff_runner::tx_utils: [synthetic-tx] capped equivalent count 140352 -> 100000 for tx 89
2025-12-07T11:25:53.107996Z  WARN ThreadId(04) hotstuff_runner::tx_utils: [synthetic-tx] capped equivalent count 140352 -> 100000 for tx 90
2025-12-07T11:25:54.080442Z  WARN ThreadId(07) docker_node:   Connection reuse ineffective (2.0 msg/conn)
2025-12-07T11:25:54.187028Z  WARN ThreadId(07) docker_node: Node 1 Regular transaction queue backlog: 7040000 transactions
2025-12-07T11:25:54.931510Z  WARN ThreadId(05) hotstuff_runner::tx_utils: [synthetic-tx] capped equivalent count 175440 -> 100000 for tx 91
2025-12-07T11:25:56.183111Z  WARN ThreadId(05) hotstuff_runner::tx_utils: [synthetic-tx] capped equivalent count 105265 -> 100000 for tx 92
2025-12-07T11:25:58.336705Z  WARN ThreadId(02) hotstuff_runner::tx_utils: [synthetic-tx] capped equivalent count 140352 -> 100000 for tx 93
2025-12-07T11:25:59.079749Z  WARN ThreadId(03) docker_node:   Connection reuse ineffective (2.0 msg/conn)
2025-12-07T11:25:59.186924Z  WARN ThreadId(03) docker_node: Node 1 Regular transaction queue backlog: 7340000 transactions
2025-12-07T11:26:00.063535Z  WARN ThreadId(03) hotstuff_runner::tx_utils: [synthetic-tx] capped equivalent count 140352 -> 100000 for tx 94
2025-12-07T11:26:02.113576Z  WARN ThreadId(02) hotstuff_runner::tx_utils: [synthetic-tx] capped equivalent count 175440 -> 100000 for tx 95
2025-12-07T11:26:02.347631Z  WARN ThreadId(03) hotstuff_runner::tx_utils: [synthetic-tx] capped equivalent count 105265 -> 100000 for tx 96
2025-12-07T11:26:03.644242Z  WARN ThreadId(24) hotstuff_runner::smrol::network: ⚠️ [SMROL] inbound handler error: Message too large: 12000169 bytes
2025-12-07T11:26:03.928388Z  WARN ThreadId(02) hotstuff_runner::tx_utils: [synthetic-tx] capped equivalent count 140352 -> 100000 for tx 97
2025-12-07T11:26:04.080039Z  WARN ThreadId(09) docker_node:   Connection reuse ineffective (2.0 msg/conn)
2025-12-07T11:26:04.187090Z  WARN ThreadId(03) docker_node: Node 1 Regular transaction queue backlog: 7740000 transactions
2025-12-07T11:26:06.767014Z  WARN ThreadId(02) hotstuff_runner::tx_utils: [synthetic-tx] capped equivalent count 140352 -> 100000 for tx 99
2025-12-07T11:26:06.780212Z  WARN ThreadId(25) hotstuff_runner::smrol::network: ⚠️ [SMROL] inbound handler error: Message too large: 12000169 bytes
2025-12-07T11:26:06.896028Z  WARN ThreadId(05) hotstuff_runner::tx_utils: [synthetic-tx] capped equivalent count 105265 -> 100000 for tx 101
2025-12-07T11:26:06.917715Z  WARN ThreadId(25) hotstuff_runner::smrol::network: ⚠️ [SMROL] inbound handler error: Message too large: 12000169 bytes
2025-12-07T11:26:07.057691Z  WARN ThreadId(24) hotstuff_runner::smrol::network: ⚠️ [SMROL] inbound handler error: Message too large: 12000169 bytes
2025-12-07T11:26:07.224832Z  WARN ThreadId(05) hotstuff_runner::tx_utils: [synthetic-tx] capped equivalent count 105265 -> 100000 for tx 103
2025-12-07T11:26:07.649341Z  WARN ThreadId(05) hotstuff_runner::tx_utils: [synthetic-tx] capped equivalent count 140352 -> 100000 for tx 105
2025-12-07T11:26:08.280671Z  WARN ThreadId(25) hotstuff_runner::smrol::network: ⚠️ [SMROL] inbound handler error: Message too large: 12000169 bytes
2025-12-07T11:26:09.080450Z  WARN ThreadId(07) docker_node:   Connection reuse ineffective (2.0 msg/conn)
2025-12-07T11:26:09.187208Z  WARN ThreadId(07) docker_node: Node 1 Regular transaction queue backlog: 8140000 transactions
2025-12-07T11:26:10.180544Z  WARN ThreadId(07) hotstuff_runner::tx_utils: [synthetic-tx] capped equivalent count 140352 -> 100000 for tx 107
2025-12-07T11:26:11.074098Z  WARN ThreadId(07) hotstuff_runner::tx_utils: [synthetic-tx] capped equivalent count 140352 -> 100000 for tx 108
2025-12-07T11:26:11.651130Z  WARN ThreadId(03) hotstuff_runner::tx_utils: [synthetic-tx] capped equivalent count 105265 -> 100000 for tx 109
2025-12-07T11:26:12.529909Z  WARN ThreadId(07) hotstuff_runner::tx_utils: [synthetic-tx] capped equivalent count 140352 -> 100000 for tx 110
2025-12-07T11:26:12.984873Z  WARN ThreadId(03) hotstuff_runner::tx_utils: [synthetic-tx] capped equivalent count 140352 -> 100000 for tx 111
2025-12-07T11:26:13.336964Z  WARN ThreadId(09) hotstuff_runner::tx_utils: [synthetic-tx] capped equivalent count 105265 -> 100000 for tx 112
2025-12-07T11:26:14.080274Z  WARN ThreadId(02) docker_node:   Connection reuse ineffective (2.0 msg/conn)
2025-12-07T11:26:14.181988Z  WARN ThreadId(05) hotstuff_runner::tx_utils: [synthetic-tx] capped equivalent count 140352 -> 100000 for tx 113
2025-12-07T11:26:14.187461Z  WARN ThreadId(03) docker_node: Node 1 Regular transaction queue backlog: 8740000 transactions
2025-12-07T11:26:14.818127Z  WARN ThreadId(03) hotstuff_runner::tx_utils: [synthetic-tx] capped equivalent count 140352 -> 100000 for tx 114
2025-12-07T11:26:15.461192Z  WARN ThreadId(05) hotstuff_runner::tx_utils: [synthetic-tx] capped equivalent count 175440 -> 100000 for tx 115
2025-12-07T11:26:15.937336Z  WARN ThreadId(03) hotstuff_runner::tx_utils: [synthetic-tx] capped equivalent count 140352 -> 100000 for tx 116
2025-12-07T11:26:16.931120Z  WARN ThreadId(03) hotstuff_runner::tx_utils: [synthetic-tx] capped equivalent count 175440 -> 100000 for tx 117
2025-12-07T11:26:17.602341Z  WARN ThreadId(03) hotstuff_runner::tx_utils: [synthetic-tx] capped equivalent count 140352 -> 100000 for tx 118
2025-12-07T11:26:18.271100Z  WARN ThreadId(07) hotstuff_runner::tx_utils: [synthetic-tx] capped equivalent count 175440 -> 100000 for tx 119
2025-12-07T11:26:19.079939Z  WARN ThreadId(07) docker_node:   Connection reuse ineffective (2.0 msg/conn)
2025-12-07T11:26:19.113606Z  WARN ThreadId(05) hotstuff_runner::tx_utils: [synthetic-tx] capped equivalent count 175440 -> 100000 for tx 120
2025-12-07T11:26:19.187111Z  WARN ThreadId(02) docker_node: Node 1 Regular transaction queue backlog: 9540000 transactions
2025-12-07T11:26:22.544023Z  WARN ThreadId(25) hotstuff_runner::smrol::network: ⚠️ [SMROL] inbound handler error: Message too large: 12000169 bytes
2025-12-07T11:26:24.080258Z  WARN ThreadId(07) docker_node:   Connection reuse ineffective (2.0 msg/conn)
2025-12-07T11:26:24.187490Z  WARN ThreadId(07) docker_node: Node 1 Regular transaction queue backlog: 9540000 transactions
2025-12-07T11:26:29.079973Z  WARN ThreadId(07) docker_node:   Connection reuse ineffective (2.0 msg/conn)
2025-12-07T11:26:29.186683Z  WARN ThreadId(07) docker_node: Node 1 Regular transaction queue backlog: 9540000 transactions
2025-12-07T11:26:34.080361Z  WARN ThreadId(07) docker_node:   Connection reuse ineffective (2.0 msg/conn)
2025-12-07T11:26:34.187588Z  WARN ThreadId(07) docker_node: Node 1 Regular transaction queue backlog: 9540000 transactions
2025-12-07T11:26:39.080557Z  WARN ThreadId(07) docker_node:   Connection reuse ineffective (2.0 msg/conn)
2025-12-07T11:26:39.186767Z  WARN ThreadId(07) docker_node: Node 1 Regular transaction queue backlog: 9540000 transactions
