warning: unused import: `log::info`
  --> /Users/xzha5518/Documents/experiment/hotstuff-docker/hotstuff_rs/src/algorithm.rs:15:5
   |
15 | use log::info;
   |     ^^^^^^^^^
   |
   = note: `#[warn(unused_imports)]` on by default

warning: unused import: `SigningKey`
  --> /Users/xzha5518/Documents/experiment/hotstuff-docker/hotstuff_rs/src/pacemaker/implementation.rs:16:34
   |
16 | use ed25519_dalek::{VerifyingKey,SigningKey};
   |                                  ^^^^^^^^^^

warning: unused import: `log::warn`
  --> /Users/xzha5518/Documents/experiment/hotstuff-docker/hotstuff_rs/src/pacemaker/implementation.rs:17:5
   |
17 | use log::warn;
   |     ^^^^^^^^^

warning: unused import: `warn`
  --> /Users/xzha5518/Documents/experiment/hotstuff-docker/hotstuff_rs/src/hotstuff/implementation.rs:15:16
   |
15 | use log::{info,warn};
   |                ^^^^

warning: unused imports: `error` and `info`
   --> /Users/xzha5518/Documents/experiment/hotstuff-docker/hotstuff_rs/src/block_tree/invariants.rs:312:11
    |
312 | use log::{error, info, warn};
    |           ^^^^^  ^^^^

warning: elided lifetime has a name
  --> /Users/xzha5518/Documents/experiment/hotstuff-docker/hotstuff_rs/src/block_tree/pluggables.rs:29:49
   |
29 |     fn snapshot<'b>(&'b self) -> Self::Snapshot<'_>;
   |                 -- lifetime `'b` declared here  ^^ this elided lifetime gets resolved as `'b`
   |
   = note: `#[warn(elided_named_lifetimes)]` on by default

warning: trait `Vote` is never used
  --> /Users/xzha5518/Documents/experiment/hotstuff-docker/hotstuff_rs/src/types/signed_messages.rs:69:18
   |
69 | pub(crate) trait Vote: SignedMessage {
   |                  ^^^^
   |
   = note: `#[warn(dead_code)]` on by default

warning: associated function `quorum` is never used
   --> /Users/xzha5518/Documents/experiment/hotstuff-docker/hotstuff_rs/src/types/signed_messages.rs:142:8
    |
80  | pub(crate) trait Certificate {
    |                  ----------- associated function in this trait
...
142 |     fn quorum(validator_set_power: TotalPower) -> TotalPower {
    |        ^^^^^^

warning: field `0` is never read
   --> /Users/xzha5518/Documents/experiment/hotstuff-docker/hotstuff_rs/src/pacemaker/implementation.rs:598:21
    |
598 |     UpdateViewError(UpdateViewError),
    |     --------------- ^^^^^^^^^^^^^^^
    |     |
    |     field in this variant
    |
    = note: `PacemakerError` has a derived impl for the trait `Debug`, but this is intentionally ignored during dead code analysis
help: consider changing the field to be of unit type to suppress this warning while preserving the field numbering, or remove the field
    |
598 -     UpdateViewError(UpdateViewError),
598 +     UpdateViewError(()),
    |

warning: field `0` is never read
   --> /Users/xzha5518/Documents/experiment/hotstuff-docker/hotstuff_rs/src/pacemaker/implementation.rs:601:21
    |
601 |     ExtendViewError(ExtendViewError),
    |     --------------- ^^^^^^^^^^^^^^^
    |     |
    |     field in this variant
    |
    = note: `PacemakerError` has a derived impl for the trait `Debug`, but this is intentionally ignored during dead code analysis
help: consider changing the field to be of unit type to suppress this warning while preserving the field numbering, or remove the field
    |
601 -     ExtendViewError(ExtendViewError),
601 +     ExtendViewError(()),
    |

warning: field `0` is never read
   --> /Users/xzha5518/Documents/experiment/hotstuff-docker/hotstuff_rs/src/pacemaker/implementation.rs:604:20
    |
604 |     BlockTreeError(BlockTreeError),
    |     -------------- ^^^^^^^^^^^^^^
    |     |
    |     field in this variant
    |
    = note: `PacemakerError` has a derived impl for the trait `Debug`, but this is intentionally ignored during dead code analysis
help: consider changing the field to be of unit type to suppress this warning while preserving the field numbering, or remove the field
    |
604 -     BlockTreeError(BlockTreeError),
604 +     BlockTreeError(()),
    |

warning: fields `cur_view` and `next_view` are never read
   --> /Users/xzha5518/Documents/experiment/hotstuff-docker/hotstuff_rs/src/pacemaker/implementation.rs:632:9
    |
630 |     NonIncreasingViewError {
    |     ---------------------- fields in this variant
631 |         /// The current view.
632 |         cur_view: ViewNumber,
    |         ^^^^^^^^
...
635 |         next_view: ViewNumber,
    |         ^^^^^^^^^
    |
    = note: `UpdateViewError` has a derived impl for the trait `Debug`, but this is intentionally ignored during dead code analysis

warning: variant `GetViewTimeoutError` is never constructed
   --> /Users/xzha5518/Documents/experiment/hotstuff-docker/hotstuff_rs/src/pacemaker/implementation.rs:641:5
    |
627 | pub enum UpdateViewError {
    |          --------------- variant in this enum
...
641 |     GetViewTimeoutError { view: ViewNumber },
    |     ^^^^^^^^^^^^^^^^^^^
    |
    = note: `UpdateViewError` has a derived impl for the trait `Debug`, but this is intentionally ignored during dead code analysis

warning: field `view` is never read
   --> /Users/xzha5518/Documents/experiment/hotstuff-docker/hotstuff_rs/src/pacemaker/implementation.rs:648:33
    |
648 |     TriedToExtendNonEpochView { view: ViewNumber },
    |     -------------------------   ^^^^
    |     |
    |     field in this variant
    |
    = note: `ExtendViewError` has a derived impl for the trait `Debug`, but this is intentionally ignored during dead code analysis

warning: field `view` is never read
   --> /Users/xzha5518/Documents/experiment/hotstuff-docker/hotstuff_rs/src/pacemaker/implementation.rs:651:27
    |
651 |     GetViewTimeoutError { view: ViewNumber },
    |     -------------------   ^^^^
    |     |
    |     field in this variant
    |
    = note: `ExtendViewError` has a derived impl for the trait `Debug`, but this is intentionally ignored during dead code analysis

warning: field `0` is never read
   --> /Users/xzha5518/Documents/experiment/hotstuff-docker/hotstuff_rs/src/hotstuff/implementation.rs:733:20
    |
733 |     BlockTreeError(BlockTreeError),
    |     -------------- ^^^^^^^^^^^^^^
    |     |
    |     field in this variant
    |
    = note: `HotStuffError` has a derived impl for the trait `Debug`, but this is intentionally ignored during dead code analysis
help: consider changing the field to be of unit type to suppress this warning while preserving the field numbering, or remove the field
    |
733 -     BlockTreeError(BlockTreeError),
733 +     BlockTreeError(()),
    |

warning: field `0` is never read
   --> /Users/xzha5518/Documents/experiment/hotstuff-docker/hotstuff_rs/src/block_sync/client.rs:595:20
    |
595 |     BlockTreeError(BlockTreeError),
    |     -------------- ^^^^^^^^^^^^^^
    |     |
    |     field in this variant
    |
    = note: `BlockSyncClientError` has a derived impl for the trait `Debug`, but this is intentionally ignored during dead code analysis
help: consider changing the field to be of unit type to suppress this warning while preserving the field numbering, or remove the field
    |
595 -     BlockTreeError(BlockTreeError),
595 +     BlockTreeError(()),
    |

warning: `hotstuff_rs` (lib) generated 17 warnings (run `cargo fix --lib -p hotstuff_rs` to apply 5 suggestions)
    Checking hotstuff_runner v0.1.0 (/Users/xzha5518/Documents/experiment/hotstuff-docker/hotstuff_runner)
error[E0412]: cannot find type `ChaCha20Rng` in this scope
   --> src/smrol/sequencing.rs:181:15
    |
181 |     rng: &mut ChaCha20Rng,
    |               ^^^^^^^^^^^ not found in this scope
    |
help: consider importing this struct
    |
1   + use rand_chacha::ChaCha20Rng;
    |

error[E0412]: cannot find type `ChaCha20Rng` in this scope
   --> src/smrol/sequencing.rs:197:34
    |
197 | fn process_share_batch(rng: &mut ChaCha20Rng, requests: Vec<ShareVerifyRequest>) {
    |                                  ^^^^^^^^^^^ not found in this scope
    |
help: consider importing this struct
    |
1   + use rand_chacha::ChaCha20Rng;
    |

error[E0412]: cannot find type `ChaCha20Rng` in this scope
   --> src/smrol/sequencing.rs:295:37
    |
295 | fn process_combined_batch(rng: &mut ChaCha20Rng, requests: Vec<CombinedVerifyRequest>) {
    |                                     ^^^^^^^^^^^ not found in this scope
    |
help: consider importing this struct
    |
1   + use rand_chacha::ChaCha20Rng;
    |

warning: unused import: `borsh::BorshSerialize`
 --> src/app.rs:2:5
  |
2 | use borsh::BorshSerialize;
  |     ^^^^^^^^^^^^^^^^^^^^^
  |
  = note: `#[warn(unused_imports)]` on by default

warning: unused imports: `Receiver` and `TryRecvError`
 --> src/app.rs:3:26
  |
3 | use crossbeam::channel::{Receiver, TryRecvError};
  |                          ^^^^^^^^  ^^^^^^^^^^^^

warning: unused import: `self`
 --> src/app.rs:4:24
  |
4 | use crossbeam::queue::{self, SegQueue};
  |                        ^^^^

warning: unused import: `std::thread`
  --> src/app.rs:17:5
   |
17 | use std::thread;
   |     ^^^^^^^^^^^

warning: unused imports: `Duration` and `Instant`
  --> src/app.rs:18:17
   |
18 | use std::time::{Duration, Instant, SystemTime, UNIX_EPOCH};
   |                 ^^^^^^^^  ^^^^^^^

warning: unused import: `convert::Infallible`
  --> src/app.rs:19:11
   |
19 | use std::{convert::Infallible, sync::Arc};
   |           ^^^^^^^^^^^^^^^^^^^

warning: unused import: `std::time::Instant`
 --> src/event.rs:4:5
  |
4 | use std::time::Instant;
  |     ^^^^^^^^^^^^^^^^^^

warning: unused import: `Instant`
  --> src/pompe.rs:14:27
   |
14 | use std::time::{Duration, Instant, SystemTime, UNIX_EPOCH};
   |                           ^^^^^^^

warning: unused import: `crossbeam::queue::SegQueue`
 --> src/pompe_adversary.rs:5:5
  |
5 | use crossbeam::queue::SegQueue;
  |     ^^^^^^^^^^^^^^^^^^^^^^^^^^

warning: unused import: `ed25519_dalek::SigningKey`
 --> src/pompe_adversary.rs:7:5
  |
7 | use ed25519_dalek::SigningKey;
  |     ^^^^^^^^^^^^^^^^^^^^^^^^^

warning: unused import: `hotstuff_rs::types::crypto_primitives::VerifyingKey`
 --> src/pompe_adversary.rs:8:5
  |
8 | use hotstuff_rs::types::crypto_primitives::VerifyingKey;
  |     ^^^^^^^^^^^^^^^^^^^^^^^^^^^^^^^^^^^^^^^^^^^^^^^^^^^

warning: unused imports: `Deserialize` and `Serialize`
 --> src/pompe_adversary.rs:9:13
  |
9 | use serde::{Deserialize, Serialize};
  |             ^^^^^^^^^^^  ^^^^^^^^^

warning: unused import: `Sha256`
  --> src/pompe_adversary.rs:10:20
   |
10 | use sha2::{Digest, Sha256};
   |                    ^^^^^^

warning: unused imports: `BTreeMap`, `HashMap`, and `VecDeque`
  --> src/pompe_adversary.rs:11:24
   |
11 | use std::collections::{BTreeMap, HashMap, VecDeque};
   |                        ^^^^^^^^  ^^^^^^^  ^^^^^^^^

warning: unused import: `std::net::SocketAddr`
  --> src/pompe_adversary.rs:12:5
   |
12 | use std::net::SocketAddr;
   |     ^^^^^^^^^^^^^^^^^^^^

warning: unused imports: `Duration`, `Instant`, `SystemTime`, and `UNIX_EPOCH`
  --> src/pompe_adversary.rs:15:17
   |
15 | use std::time::{Duration, Instant, SystemTime, UNIX_EPOCH};
   |                 ^^^^^^^^  ^^^^^^^  ^^^^^^^^^^  ^^^^^^^^^^

warning: unused import: `AtomicUsize`
 --> src/stats.rs:1:36
  |
1 | use std::sync::atomic::{AtomicU64, AtomicUsize, Ordering};
  |                                    ^^^^^^^^^^^

warning: unused import: `Instant`
 --> src/stats.rs:2:17
  |
2 | use std::time::{Instant, SystemTime, UNIX_EPOCH};
  |                 ^^^^^^^

warning: unused imports: `Data`, `events::*`, `self`, and `variables::HIGHEST_COMMITTED_BLOCK`
  --> src/tcp_node.rs:6:37
   |
6  |     block_tree::{pluggables::KVGet, variables::HIGHEST_COMMITTED_BLOCK},
   |                                     ^^^^^^^^^^^^^^^^^^^^^^^^^^^^^^^^^^
7  |     events::*,
   |     ^^^^^^^^^
8  |     replica::{self, Configuration, Replica, ReplicaSpec},
   |               ^^^^
...
12 |         data_types::{BufferSize, ChainID, Data, EpochLength, ViewNumber},
   |                                           ^^^^

warning: unused import: `Instant`
  --> src/tcp_node.rs:18:27
   |
18 | use std::time::{Duration, Instant};
   |                           ^^^^^^^

warning: unused imports: `AtomicU64` and `Ordering`
  --> src/tcp_node.rs:22:25
   |
22 | use std::sync::atomic::{AtomicU64, Ordering};
   |                         ^^^^^^^^^  ^^^^^^^^

warning: unused import: `uuid::Uuid`
  --> src/smrol/consensus.rs:14:5
   |
14 | use uuid::Uuid;
   |     ^^^^^^^^^^

warning: unused import: `SmrolMessage`
 --> src/smrol/finalization.rs:3:15
  |
3 |     message::{SmrolMessage, SmrolTransaction},
  |               ^^^^^^^^^^^^

warning: unused import: `Curve`
  --> src/smrol/sequencing.rs:16:32
   |
16 | use blsttc::group::{ff::Field, Curve, Group};
   |                                ^^^^^

warning: unused import: `result`
  --> src/smrol/sequencing.rs:35:5
   |
35 |     result,
   |     ^^^^^^

warning: unused import: `thread::sleep`
  --> src/smrol/sequencing.rs:37:21
   |
37 | use std::{pin::Pin, thread::sleep};
   |                     ^^^^^^^^^^^^^

warning: unused import: `SemaphorePermit`
  --> src/smrol/sequencing.rs:39:72
   |
39 |     sync::{mpsc as async_mpsc, Mutex as AsyncMutex, RwLock, Semaphore, SemaphorePermit},
   |                                                                        ^^^^^^^^^^^^^^^

warning: unused import: `tracing_subscriber::field::debug`
  --> src/smrol/sequencing.rs:43:5
   |
43 | use tracing_subscriber::field::debug;
   |     ^^^^^^^^^^^^^^^^^^^^^^^^^^^^^^^^

warning: unused import: `Rng`
  --> src/smrol/sequencing.rs:44:26
   |
44 | use rand::{rngs::StdRng, Rng, SeedableRng};
   |                          ^^^

warning: unused variable: `network`
   --> src/pompe.rs:527:25
    |
527 |         if let Some(ref network) = self.network {
    |                         ^^^^^^^ help: if this is intentional, prefix it with an underscore: `_network`
    |
    = note: `#[warn(unused_variables)]` on by default

warning: unused variable: `node_id`
   --> src/pompe.rs:691:17
    |
691 |             let node_id = self.node_id;
    |                 ^^^^^^^ help: if this is intentional, prefix it with an underscore: `_node_id`

warning: unused variable: `state`
   --> src/pompe.rs:692:17
    |
692 |             let state = Arc::clone(&self.state);
    |                 ^^^^^ help: if this is intentional, prefix it with an underscore: `_state`

warning: unused variable: `lockfree_adapter`
   --> src/pompe.rs:693:17
    |
693 |             let lockfree_adapter = self.lockfree_adapter.clone();
    |                 ^^^^^^^^^^^^^^^^ help: if this is intentional, prefix it with an underscore: `_lockfree_adapter`

warning: unused variable: `network_for_flush`
   --> src/pompe.rs:695:17
    |
695 |             let network_for_flush = self.network.as_ref().map(|n| Arc::clone(n));
    |                 ^^^^^^^^^^^^^^^^^ help: if this is intentional, prefix it with an underscore: `_network_for_flush`

warning: unused variable: `is_leader_flag`
   --> src/pompe.rs:696:17
    |
696 |             let is_leader_flag = self.is_current_leader.clone();
    |                 ^^^^^^^^^^^^^^ help: if this is intentional, prefix it with an underscore: `_is_leader_flag`

warning: unused variable: `event_tx_for_flush`
   --> src/pompe.rs:697:17
    |
697 |             let event_tx_for_flush = self.event_tx.clone();
    |                 ^^^^^^^^^^^^^^^^^^ help: if this is intentional, prefix it with an underscore: `_event_tx_for_flush`

warning: unused variable: `nid`
   --> src/pompe_network.rs:542:21
    |
542 |                 Ok((nid, Ok(()))) => success_count += 1,
    |                     ^^^ help: if this is intentional, prefix it with an underscore: `_nid`

warning: unused variable: `interval`
   --> src/pompe.rs:699:25
    |
699 |                 let mut interval = tokio::time::interval(tokio::time::Duration::from_millis(
    |                         ^^^^^^^^ help: if this is intentional, prefix it with an underscore: `_interval`

warning: variable does not need to be mutable
   --> src/pompe.rs:699:21
    |
699 |                 let mut interval = tokio::time::interval(tokio::time::Duration::from_millis(
    |                     ----^^^^^^^^
    |                     |
    |                     help: remove this `mut`
    |
    = note: `#[warn(unused_mut)]` on by default

warning: unused variable: `network`
   --> src/pompe.rs:969:9
    |
969 |         network: &Arc<crate::pompe_network::PompeNetwork>,
    |         ^^^^^^^ help: if this is intentional, prefix it with an underscore: `_network`

warning: variable does not need to be mutable
    --> src/pompe.rs:1036:17
     |
1036 |             let mut response_entry = state.ordering1_responses.get_mut(&tx_hash);
     |                 ----^^^^^^^^^^^^^^
     |                 |
     |                 help: remove this `mut`

warning: unused variable: `config`
    --> src/pompe.rs:1474:9
     |
1474 |         config: &PompeConfig,
     |         ^^^^^^ help: if this is intentional, prefix it with an underscore: `_config`

warning: unused variable: `network`
    --> src/pompe.rs:1475:9
     |
1475 |         network: Option<Arc<crate::pompe_network::PompeNetwork>>,
     |         ^^^^^^^ help: if this is intentional, prefix it with an underscore: `_network`

warning: unused variable: `network`
   --> src/pompe_adversary.rs:324:25
    |
324 |         if let Some(ref network) = self.network {
    |                         ^^^^^^^ help: if this is intentional, prefix it with an underscore: `_network`

warning: unused variable: `node_id`
   --> src/pompe_adversary.rs:478:17
    |
478 |             let node_id = self.node_id;
    |                 ^^^^^^^ help: if this is intentional, prefix it with an underscore: `_node_id`

warning: unused variable: `state`
   --> src/pompe_adversary.rs:479:17
    |
479 |             let state = Arc::clone(&self.state);
    |                 ^^^^^ help: if this is intentional, prefix it with an underscore: `_state`

warning: unused variable: `lockfree_adapter`
   --> src/pompe_adversary.rs:480:17
    |
480 |             let lockfree_adapter = self.lockfree_adapter.clone();
    |                 ^^^^^^^^^^^^^^^^ help: if this is intentional, prefix it with an underscore: `_lockfree_adapter`

warning: unused variable: `net`
   --> src/pompe_adversary.rs:491:33
    |
491 |                     if let Some(net) = &network_for_flush {
    |                                 ^^^ help: if this is intentional, prefix it with an underscore: `_net`

warning: unused variable: `network`
   --> src/pompe_adversary.rs:758:9
    |
758 |         network: &Arc<crate::pompe_network::PompeNetwork>,
    |         ^^^^^^^ help: if this is intentional, prefix it with an underscore: `_network`

warning: unused variable: `broadcast_tx`
   --> src/pompe_adversary.rs:759:9
    |
759 |         broadcast_tx: &mpsc::Sender<PompeMessage>,
    |         ^^^^^^^^^^^^ help: if this is intentional, prefix it with an underscore: `_broadcast_tx`

warning: unused variable: `should_proceed`
   --> src/pompe_adversary.rs:783:13
    |
783 |         let should_proceed = {
    |             ^^^^^^^^^^^^^^ help: if this is intentional, prefix it with an underscore: `_should_proceed`

warning: unused variable: `signatures`
   --> src/pompe_adversary.rs:600:29
    |
600 | ...                   signatures,
    |                       ^^^^^^^^^^ help: try ignoring the field: `signatures: _`

warning: unused variable: `lockfree_adapter`
   --> src/pompe_adversary.rs:866:9
    |
866 |         lockfree_adapter: &Option<Arc<LockFreeHotStuffAdapter>>,
    |         ^^^^^^^^^^^^^^^^ help: if this is intentional, prefix it with an underscore: `_lockfree_adapter`

warning: unused variable: `config`
   --> src/pompe_adversary.rs:867:9
    |
867 |         config: &PompeConfig,
    |         ^^^^^^ help: if this is intentional, prefix it with an underscore: `_config`

warning: unused variable: `config`
    --> src/pompe_adversary.rs:1154:9
     |
1154 |         config: &PompeConfig,
     |         ^^^^^^ help: if this is intentional, prefix it with an underscore: `_config`

warning: unused variable: `network`
    --> src/pompe_adversary.rs:1155:9
     |
1155 |         network: Option<Arc<crate::pompe_network::PompeNetwork>>,
     |         ^^^^^^^ help: if this is intentional, prefix it with an underscore: `_network`

warning: unused variable: `e`
   --> src/tokio_network.rs:292:24
    |
292 |             if let Err(e) = Self::write_frame(&mut guard.writer, &frame).await {
    |                        ^ help: if this is intentional, prefix it with an underscore: `_e`

warning: unused variable: `h_e_prime`
  --> src/smrol/finalization.rs:67:13
   |
67 |         let h_e_prime = if !s_prime.is_empty() {
   |             ^^^^^^^^^ help: if this is intentional, prefix it with an underscore: `_h_e_prime`

warning: variable does not need to be mutable
   --> src/smrol/network.rs:263:13
    |
263 |         let mut stream = TcpStream::connect(addr)
    |             ----^^^^^^
    |             |
    |             help: remove this `mut`

warning: unused variable: `start`
   --> src/smrol/network.rs:492:13
    |
492 |         let start = Instant::now();
    |             ^^^^^ help: if this is intentional, prefix it with an underscore: `_start`

warning: unused variable: `process_id`
    --> src/smrol/sequencing.rs:2339:13
     |
2339 |         let process_id = self.process_id;
     |             ^^^^^^^^^^ help: if this is intentional, prefix it with an underscore: `_process_id`

warning: unused variable: `entry_len`
    --> src/smrol/sequencing.rs:2771:17
     |
2771 |             let entry_len = match self.median_shares.entry(vc_key) {
     |                 ^^^^^^^^^ help: if this is intentional, prefix it with an underscore: `_entry_len`

warning: unreachable statement
    --> src/smrol/sequencing.rs:3169:17
     |
3168 |                 return Err(e);
     |                 ------------- any code following this expression is unreachable
3169 |                 self.final_verify_inflight.remove(&vc_key);
     |                 ^^^^^^^^^^^^^^^^^^^^^^^^^^^^^^^^^^^^^^^^^^^ unreachable statement
     |
     = note: `#[warn(unreachable_code)]` on by default

warning: unreachable statement
    --> src/smrol/sequencing.rs:3184:13
     |
3183 |             return Ok(());
     |             ------------- any code following this expression is unreachable
3184 |             self.final_verify_inflight.remove(&vc_key);
     |             ^^^^^^^^^^^^^^^^^^^^^^^^^^^^^^^^^^^^^^^^^^^ unreachable statement

warning: unused variable: `verify_time`
    --> src/smrol/sequencing.rs:3173:13
     |
3173 |         let verify_time = verify_start.elapsed();
     |             ^^^^^^^^^^^ help: if this is intentional, prefix it with an underscore: `_verify_time`

warning: unused variable: `check_time`
    --> src/smrol/sequencing.rs:3208:13
     |
3208 |         let check_time = check_start.elapsed();
     |             ^^^^^^^^^^ help: if this is intentional, prefix it with an underscore: `_check_time`

warning: unused variable: `finalize_time`
    --> src/smrol/sequencing.rs:3217:13
     |
3217 |         let finalize_time = finalize_start.elapsed();
     |             ^^^^^^^^^^^^^ help: if this is intentional, prefix it with an underscore: `_finalize_time`

warning: unused variable: `total`
    --> src/smrol/sequencing.rs:3571:13
     |
3571 |         let total = finalize_total_start.elapsed();
     |             ^^^^^ help: if this is intentional, prefix it with an underscore: `_total`

warning: variable does not need to be mutable
    --> src/smrol/sequencing.rs:3520:13
     |
3520 |         let mut payload = if let Some((_, tx)) = self.pending_txs.remove(&vc_key) {
     |             ----^^^^^^^
     |             |
     |             help: remove this `mut`

warning: unused import: `Digest`
  --> src/pompe_adversary.rs:10:12
   |
10 | use sha2::{Digest, Sha256};
   |            ^^^^^^

warning: unused import: `Verifier`
  --> src/smrol/sequencing.rs:20:72
   |
20 | use ed25519_dalek::{Signature as Ed25519Signature, Signer, SigningKey, Verifier, VerifyingKey};
   |                                                                        ^^^^^^^^

warning: unused variable: `view_number`
  --> src/app.rs:88:13
   |
88 |         let view_number = request.cur_view().int();
   |             ^^^^^^^^^^^ help: if this is intentional, prefix it with an underscore: `_view_number`

warning: unused variable: `produce_elapsed`
   --> src/app.rs:198:13
    |
198 |         let produce_elapsed = produce_start.elapsed();
    |             ^^^^^^^^^^^^^^^ help: if this is intentional, prefix it with an underscore: `_produce_elapsed`

warning: value assigned to `produced_view_in_block` is never read
   --> src/app.rs:269:17
    |
269 |         let mut produced_view_in_block: Option<u64> = None;
    |                 ^^^^^^^^^^^^^^^^^^^^^^
    |
    = help: maybe it is overwritten before being read?
    = note: `#[warn(unused_assignments)]` on by default

warning: unused variable: `validate_elapsed`
   --> src/app.rs:319:13
    |
319 |         let validate_elapsed = validate_start.elapsed();
    |             ^^^^^^^^^^^^^^^^ help: if this is intentional, prefix it with an underscore: `_validate_elapsed`

warning: unused variable: `event`
   --> src/tcp_node.rs:148:23
    |
148 |                 move |event| {
    |                       ^^^^^ help: if this is intentional, prefix it with an underscore: `_event`

warning: unused variable: `event`
   --> src/tcp_node.rs:160:23
    |
160 |                 move |event| {
    |                       ^^^^^ help: if this is intentional, prefix it with an underscore: `_event`

warning: unused variable: `event`
   --> src/tcp_node.rs:170:23
    |
170 |                 move |event| {
    |                       ^^^^^ help: if this is intentional, prefix it with an underscore: `_event`

warning: unused variable: `event`
   --> src/tcp_node.rs:181:23
    |
181 |                 move |event| {
    |                       ^^^^^ help: if this is intentional, prefix it with an underscore: `_event`

warning: unused variable: `event`
   --> src/tcp_node.rs:192:23
    |
192 |                 move |event| {
    |                       ^^^^^ help: if this is intentional, prefix it with an underscore: `_event`

warning: unused variable: `commit_time`
   --> src/tcp_node.rs:217:25
    |
217 |                     let commit_time = event.timestamp;
    |                         ^^^^^^^^^^^ help: if this is intentional, prefix it with an underscore: `_commit_time`

warning: unused variable: `is_first_commit`
   --> src/tcp_node.rs:238:131
    |
238 | ...l_confirmed_blocks, is_first_commit) = {
    |                        ^^^^^^^^^^^^^^^ help: if this is intentional, prefix it with an underscore: `_is_first_commit`

warning: unused variable: `event`
   --> src/tcp_node.rs:344:23
    |
344 |                 move |event| {
    |                       ^^^^^ help: if this is intentional, prefix it with an underscore: `_event`

warning: unused variable: `event`
   --> src/tcp_node.rs:365:23
    |
365 |                 move |event| {
    |                       ^^^^^ help: if this is intentional, prefix it with an underscore: `_event`

warning: unused variable: `event`
   --> src/tcp_node.rs:375:23
    |
375 |                 move |event| {
    |                       ^^^^^ help: if this is intentional, prefix it with an underscore: `_event`

warning: unused variable: `event`
   --> src/tcp_node.rs:386:23
    |
386 |                 move |event| {
    |                       ^^^^^ help: if this is intentional, prefix it with an underscore: `_event`

warning: unused variable: `pc_view`
   --> src/tcp_node.rs:398:25
    |
398 |                     let pc_view = event.advance_view.progress_certificate.view();
    |                         ^^^^^^^ help: if this is intentional, prefix it with an underscore: `_pc_view`

warning: unused variable: `next_view`
   --> src/tcp_node.rs:412:25
    |
412 |                     let next_view = cur_view + 1;
    |                         ^^^^^^^^^ help: if this is intentional, prefix it with an underscore: `_next_view`

warning: unused variable: `event`
   --> src/tcp_node.rs:424:23
    |
424 |                 move |event| {
    |                       ^^^^^ help: if this is intentional, prefix it with an underscore: `_event`

warning: unused variable: `event`
   --> src/tcp_node.rs:435:23
    |
435 |                 move |event| {
    |                       ^^^^^ help: if this is intentional, prefix it with an underscore: `_event`

warning: unused variable: `preview`
   --> src/tcp_node.rs:530:17
    |
530 |             let preview = &tx_data_str[0..std::cmp::min(100, tx_data_str.len())];
    |                 ^^^^^^^ help: if this is intentional, prefix it with an underscore: `_preview`

warning: unused variable: `line_idx`
   --> src/tcp_node.rs:561:14
    |
561 |         for (line_idx, line) in lines.iter().enumerate() {
    |              ^^^^^^^^ help: if this is intentional, prefix it with an underscore: `_line_idx`

warning: unused variable: `data_index`
   --> src/tcp_node.rs:553:51
    |
553 | fn parse_transaction_data_item(tx_data_str: &str, data_index: usize) -> Vec<u64> {
    |                                                   ^^^^^^^^^^ help: if this is intentional, prefix it with an underscore: `_data_index`

warning: unused variable: `epoch`
   --> src/smrol/finalization.rs:106:9
    |
106 |         epoch: u64,
    |         ^^^^^ help: if this is intentional, prefix it with an underscore: `_epoch`

warning: unused variable: `stats`
   --> src/smrol/network.rs:373:9
    |
373 |         stats: Arc<Mutex<ConnectionStats>>,
    |         ^^^^^ help: if this is intentional, prefix it with an underscore: `_stats`

warning: unused variable: `sender_id`
    --> src/smrol/sequencing.rs:2005:33
     |
2005 |                 while let Some((sender_id, message)) = worker_rx.recv().await {
     |                                 ^^^^^^^^^ help: if this is intentional, prefix it with an underscore: `_sender_id`

For more information about this error, try `rustc --explain E0412`.
warning: `hotstuff_runner` (lib) generated 96 warnings
error: could not compile `hotstuff_runner` (lib) due to 3 previous errors; 96 warnings emitted
