2025-12-07T06:35:19.863937Z  WARN ThreadId(01) docker_node: metrics exporter disabled by SMROL_DISABLE_METRICS
2025-12-07T06:35:40.080495Z  WARN ThreadId(01) hotstuff_runner::tcp_node: Node 0 view timeout set to 5000 ms
2025-12-07T06:35:40.089532Z ERROR ThreadId(23) hotstuff_runner::pompe_network: Node 0 failed to connect to node 1: Connection refused (os error 111)
2025-12-07T06:35:40.089930Z ERROR ThreadId(22) hotstuff_runner::pompe_network: Node 0 failed to connect to node 2: Connection refused (os error 111)
2025-12-07T06:35:40.090275Z ERROR ThreadId(22) hotstuff_runner::pompe_network: Node 0 failed to connect to node 3: Connection refused (os error 111)
2025-12-07T06:35:40.090618Z ERROR ThreadId(22) hotstuff_runner::pompe_network: Node 0 failed to connect to node 4: Connection refused (os error 111)
2025-12-07T06:35:40.090962Z ERROR ThreadId(22) hotstuff_runner::pompe_network: Node 0 failed to connect to node 5: Connection refused (os error 111)
2025-12-07T06:35:40.107339Z  WARN ThreadId(01) hotstuff_runner::smrol::sequencing: SMROL_MEDIAN_INFLIGHT=24, SMROL_ORDER_FINALIZE_INFLIGHT=4, SMROL_FINAL_SIGN_INFLIGHT=4, SMROL_FINAL_VERIFY_INFLIGHT=24
2025-12-07T06:35:40.107390Z  WARN ThreadId(01) hotstuff_runner::smrol::sequencing: [Sequencing] Node 0 multi-signature verification disabled: false
2025-12-07T06:35:40.108000Z  WARN ThreadId(06) hotstuff_runner::smrol::sequencing: [Sequencing] Node 0 final verify dispatcher started
2025-12-07T06:35:45.084196Z  WARN ThreadId(21) hotstuff_runner::tcp_node: Node 0 view 0 timed out; latency may accumulate
2025-12-07T06:35:45.109192Z  WARN ThreadId(09) docker_node:   Connection reuse ineffective (2.0 msg/conn)
2025-12-07T06:35:45.111996Z  WARN ThreadId(01) docker_node: Node 0 port 20000 temporarily unreachable: failed to lookup address information: Temporary failure in name resolution
2025-12-07T06:35:45.113573Z  WARN ThreadId(01) docker_node: Node 1 port 20001 temporarily unreachable: failed to lookup address information: Temporary failure in name resolution
2025-12-07T06:35:45.115138Z  WARN ThreadId(01) docker_node: Node 2 port 20002 temporarily unreachable: failed to lookup address information: Temporary failure in name resolution
2025-12-07T06:35:45.116768Z  WARN ThreadId(01) docker_node: Node 3 port 20003 temporarily unreachable: failed to lookup address information: Temporary failure in name resolution
2025-12-07T06:35:45.118762Z  WARN ThreadId(01) docker_node: Node 4 port 20004 temporarily unreachable: failed to lookup address information: Temporary failure in name resolution
2025-12-07T06:35:45.120302Z  WARN ThreadId(01) docker_node: Node 5 port 20005 temporarily unreachable: failed to lookup address information: Temporary failure in name resolution
2025-12-07T06:35:45.121852Z  WARN ThreadId(01) docker_node: Node 6 port 20006 temporarily unreachable: failed to lookup address information: Temporary failure in name resolution
2025-12-07T06:35:45.123460Z  WARN ThreadId(01) docker_node: Node 7 port 20007 temporarily unreachable: failed to lookup address information: Temporary failure in name resolution
2025-12-07T06:35:45.125135Z  WARN ThreadId(01) docker_node: Node 8 port 20008 temporarily unreachable: failed to lookup address information: Temporary failure in name resolution
2025-12-07T06:35:45.126909Z  WARN ThreadId(01) docker_node: Node 9 port 20009 temporarily unreachable: failed to lookup address information: Temporary failure in name resolution
2025-12-07T06:35:45.128518Z  WARN ThreadId(01) docker_node: Node 10 port 20010 temporarily unreachable: failed to lookup address information: Temporary failure in name resolution
2025-12-07T06:35:45.130170Z  WARN ThreadId(01) docker_node: Node 11 port 20011 temporarily unreachable: failed to lookup address information: Temporary failure in name resolution
2025-12-07T06:35:45.131909Z  WARN ThreadId(01) docker_node: Node 12 port 20012 temporarily unreachable: failed to lookup address information: Temporary failure in name resolution
2025-12-07T06:35:45.133649Z  WARN ThreadId(01) docker_node: Node 13 port 20013 temporarily unreachable: failed to lookup address information: Temporary failure in name resolution
2025-12-07T06:35:45.135432Z  WARN ThreadId(01) docker_node: Node 14 port 20014 temporarily unreachable: failed to lookup address information: Temporary failure in name resolution
2025-12-07T06:35:45.137019Z  WARN ThreadId(01) docker_node: Node 15 port 20015 temporarily unreachable: failed to lookup address information: Temporary failure in name resolution
2025-12-07T06:35:45.138497Z  WARN ThreadId(01) docker_node: Node 16 port 20016 temporarily unreachable: failed to lookup address information: Temporary failure in name resolution
2025-12-07T06:35:45.140097Z  WARN ThreadId(01) docker_node: Node 17 port 20017 temporarily unreachable: failed to lookup address information: Temporary failure in name resolution
2025-12-07T06:35:45.142107Z  WARN ThreadId(01) docker_node: Node 18 port 20018 temporarily unreachable: failed to lookup address information: Temporary failure in name resolution
2025-12-07T06:35:45.143889Z  WARN ThreadId(01) docker_node: Node 19 port 20019 temporarily unreachable: failed to lookup address information: Temporary failure in name resolution
2025-12-07T06:35:45.145634Z  WARN ThreadId(01) docker_node: Node 20 port 20020 temporarily unreachable: failed to lookup address information: Temporary failure in name resolution
2025-12-07T06:35:45.147316Z  WARN ThreadId(01) docker_node: Node 21 port 20021 temporarily unreachable: failed to lookup address information: Temporary failure in name resolution
2025-12-07T06:35:45.149015Z  WARN ThreadId(01) docker_node: Node 22 port 20022 temporarily unreachable: failed to lookup address information: Temporary failure in name resolution
2025-12-07T06:35:45.150843Z  WARN ThreadId(01) docker_node: Node 23 port 20023 temporarily unreachable: failed to lookup address information: Temporary failure in name resolution
2025-12-07T06:35:45.152544Z  WARN ThreadId(01) docker_node: Node 24 port 20024 temporarily unreachable: failed to lookup address information: Temporary failure in name resolution
2025-12-07T06:35:45.154412Z  WARN ThreadId(01) docker_node: Node 25 port 20025 temporarily unreachable: failed to lookup address information: Temporary failure in name resolution
2025-12-07T06:35:45.156070Z  WARN ThreadId(01) docker_node: Node 26 port 20026 temporarily unreachable: failed to lookup address information: Temporary failure in name resolution
2025-12-07T06:35:45.157794Z  WARN ThreadId(01) docker_node: Node 27 port 20027 temporarily unreachable: failed to lookup address information: Temporary failure in name resolution
2025-12-07T06:35:45.159341Z  WARN ThreadId(01) docker_node: Node 28 port 20028 temporarily unreachable: failed to lookup address information: Temporary failure in name resolution
2025-12-07T06:35:45.160905Z  WARN ThreadId(01) docker_node: Node 29 port 20029 temporarily unreachable: failed to lookup address information: Temporary failure in name resolution
2025-12-07T06:35:45.162722Z  WARN ThreadId(01) docker_node: Node 30 port 20030 temporarily unreachable: failed to lookup address information: Temporary failure in name resolution
2025-12-07T06:35:45.164469Z  WARN ThreadId(01) docker_node: Node 31 port 20031 temporarily unreachable: failed to lookup address information: Temporary failure in name resolution
2025-12-07T06:35:45.166248Z  WARN ThreadId(01) docker_node: Node 32 port 20032 temporarily unreachable: failed to lookup address information: Temporary failure in name resolution
2025-12-07T06:35:45.167864Z  WARN ThreadId(01) docker_node: Node 33 port 20033 temporarily unreachable: failed to lookup address information: Temporary failure in name resolution
2025-12-07T06:35:45.169437Z  WARN ThreadId(01) docker_node: Node 34 port 20034 temporarily unreachable: failed to lookup address information: Temporary failure in name resolution
2025-12-07T06:35:45.171053Z  WARN ThreadId(01) docker_node: Node 35 port 20035 temporarily unreachable: failed to lookup address information: Temporary failure in name resolution
2025-12-07T06:35:45.172636Z  WARN ThreadId(01) docker_node: Node 36 port 20036 temporarily unreachable: failed to lookup address information: Temporary failure in name resolution
2025-12-07T06:35:45.174329Z  WARN ThreadId(01) docker_node: Node 37 port 20037 temporarily unreachable: failed to lookup address information: Temporary failure in name resolution
2025-12-07T06:35:45.175964Z  WARN ThreadId(01) docker_node: Node 38 port 20038 temporarily unreachable: failed to lookup address information: Temporary failure in name resolution
2025-12-07T06:35:45.177487Z  WARN ThreadId(01) docker_node: Node 39 port 20039 temporarily unreachable: failed to lookup address information: Temporary failure in name resolution
2025-12-07T06:35:45.179383Z  WARN ThreadId(01) docker_node: Node 40 port 20040 temporarily unreachable: failed to lookup address information: Temporary failure in name resolution
2025-12-07T06:35:45.181114Z  WARN ThreadId(01) docker_node: Node 41 port 20041 temporarily unreachable: failed to lookup address information: Temporary failure in name resolution
2025-12-07T06:35:45.182768Z  WARN ThreadId(01) docker_node: Node 42 port 20042 temporarily unreachable: failed to lookup address information: Temporary failure in name resolution
2025-12-07T06:35:45.184418Z  WARN ThreadId(01) docker_node: Node 43 port 20043 temporarily unreachable: failed to lookup address information: Temporary failure in name resolution
2025-12-07T06:35:45.186148Z  WARN ThreadId(01) docker_node: Node 44 port 20044 temporarily unreachable: failed to lookup address information: Temporary failure in name resolution
2025-12-07T06:35:45.187761Z  WARN ThreadId(01) docker_node: Node 45 port 20045 temporarily unreachable: failed to lookup address information: Temporary failure in name resolution
2025-12-07T06:35:45.189356Z  WARN ThreadId(01) docker_node: Node 46 port 20046 temporarily unreachable: failed to lookup address information: Temporary failure in name resolution
2025-12-07T06:35:45.190947Z  WARN ThreadId(01) docker_node: Node 47 port 20047 temporarily unreachable: failed to lookup address information: Temporary failure in name resolution
2025-12-07T06:35:45.192696Z  WARN ThreadId(01) docker_node: Node 48 port 20048 temporarily unreachable: failed to lookup address information: Temporary failure in name resolution
2025-12-07T06:35:45.194253Z  WARN ThreadId(01) docker_node: Node 49 port 20049 temporarily unreachable: failed to lookup address information: Temporary failure in name resolution
2025-12-07T06:35:45.195760Z  WARN ThreadId(01) docker_node: Node 50 port 20050 temporarily unreachable: failed to lookup address information: Temporary failure in name resolution
2025-12-07T06:35:45.197468Z  WARN ThreadId(01) docker_node: Node 51 port 20051 temporarily unreachable: failed to lookup address information: Temporary failure in name resolution
2025-12-07T06:35:45.199178Z  WARN ThreadId(01) docker_node: Node 52 port 20052 temporarily unreachable: failed to lookup address information: Temporary failure in name resolution
2025-12-07T06:35:45.200945Z  WARN ThreadId(01) docker_node: Node 53 port 20053 temporarily unreachable: failed to lookup address information: Temporary failure in name resolution
2025-12-07T06:35:45.202818Z  WARN ThreadId(01) docker_node: Node 54 port 20054 temporarily unreachable: failed to lookup address information: Temporary failure in name resolution
2025-12-07T06:35:45.204598Z  WARN ThreadId(01) docker_node: Node 55 port 20055 temporarily unreachable: failed to lookup address information: Temporary failure in name resolution
2025-12-07T06:35:45.206371Z  WARN ThreadId(01) docker_node: Node 56 port 20056 temporarily unreachable: failed to lookup address information: Temporary failure in name resolution
2025-12-07T06:35:45.208222Z  WARN ThreadId(01) docker_node: Node 57 port 20057 temporarily unreachable: failed to lookup address information: Temporary failure in name resolution
2025-12-07T06:35:45.210828Z  WARN ThreadId(01) docker_node: Node 58 port 20058 temporarily unreachable: failed to lookup address information: Temporary failure in name resolution
2025-12-07T06:35:45.212652Z  WARN ThreadId(01) docker_node: Node 59 port 20059 temporarily unreachable: failed to lookup address information: Temporary failure in name resolution
2025-12-07T06:35:45.214503Z  WARN ThreadId(01) docker_node: Node 60 port 20060 temporarily unreachable: failed to lookup address information: Temporary failure in name resolution
2025-12-07T06:35:45.216048Z  WARN ThreadId(01) docker_node: Node 61 port 20061 temporarily unreachable: failed to lookup address information: Temporary failure in name resolution
2025-12-07T06:35:45.218533Z  WARN ThreadId(01) docker_node: Node 62 port 20062 temporarily unreachable: failed to lookup address information: Temporary failure in name resolution
2025-12-07T06:35:45.220370Z  WARN ThreadId(01) docker_node: Node 63 port 20063 temporarily unreachable: failed to lookup address information: Temporary failure in name resolution
2025-12-07T06:35:50.108467Z  WARN ThreadId(09) docker_node:   Connection reuse ineffective (2.0 msg/conn)
2025-12-07T06:35:55.108504Z  WARN ThreadId(09) docker_node:   Connection reuse ineffective (2.0 msg/conn)
2025-12-07T06:36:00.108376Z  WARN ThreadId(09) docker_node:   Connection reuse ineffective (2.0 msg/conn)
2025-12-07T06:36:00.265478Z  WARN ThreadId(20) hotstuff_runner::app: Node 0 [produce_block] queue size: 0, attempting up to 0 transactions this block    
2025-12-07T06:36:05.108349Z  WARN ThreadId(09) docker_node:   Connection reuse ineffective (2.0 msg/conn)
2025-12-07T06:36:10.108541Z  WARN ThreadId(09) docker_node:   Connection reuse ineffective (2.0 msg/conn)
2025-12-07T06:36:12.982167Z  WARN ThreadId(24) hotstuff_runner::smrol::network: ⚠️ Large message: 1000169 bytes to node Some(14)
2025-12-07T06:36:12.984374Z  WARN ThreadId(24) hotstuff_runner::smrol::network: ⚠️ Large message: 1000169 bytes to node Some(31)
2025-12-07T06:36:12.984987Z  WARN ThreadId(24) hotstuff_runner::smrol::network: ⚠️ Large message: 1000169 bytes to node Some(11)
2025-12-07T06:36:12.985596Z  WARN ThreadId(24) hotstuff_runner::smrol::network: ⚠️ Large message: 1000169 bytes to node Some(15)
2025-12-07T06:36:12.986251Z  WARN ThreadId(24) hotstuff_runner::smrol::network: ⚠️ Large message: 1000169 bytes to node Some(40)
2025-12-07T06:36:12.988105Z  WARN ThreadId(24) hotstuff_runner::smrol::network: ⚠️ Large message: 1000169 bytes to node Some(27)
2025-12-07T06:36:12.988744Z  WARN ThreadId(24) hotstuff_runner::smrol::network: ⚠️ Large message: 1000168 bytes to node Some(2)
2025-12-07T06:36:12.989748Z  WARN ThreadId(24) hotstuff_runner::smrol::network: ⚠️ Large message: 1000169 bytes to node Some(30)
2025-12-07T06:36:12.990401Z  WARN ThreadId(24) hotstuff_runner::smrol::network: ⚠️ Large message: 1000169 bytes to node Some(13)
2025-12-07T06:36:12.991032Z  WARN ThreadId(24) hotstuff_runner::smrol::network: ⚠️ Large message: 1000169 bytes to node Some(26)
2025-12-07T06:36:12.992550Z  WARN ThreadId(24) hotstuff_runner::smrol::network: ⚠️ Large message: 1000169 bytes to node Some(19)
2025-12-07T06:36:12.993212Z  WARN ThreadId(24) hotstuff_runner::smrol::network: ⚠️ Large message: 1000169 bytes to node Some(62)
2025-12-07T06:36:12.993841Z  WARN ThreadId(24) hotstuff_runner::smrol::network: ⚠️ Large message: 1000169 bytes to node Some(33)
2025-12-07T06:36:12.994445Z  WARN ThreadId(24) hotstuff_runner::smrol::network: ⚠️ Large message: 1000169 bytes to node Some(42)
2025-12-07T06:36:12.995220Z  WARN ThreadId(24) hotstuff_runner::smrol::network: ⚠️ Large message: 1000169 bytes to node Some(50)
2025-12-07T06:36:12.995816Z  WARN ThreadId(24) hotstuff_runner::smrol::network: ⚠️ Large message: 1000169 bytes to node Some(43)
2025-12-07T06:36:12.996569Z  WARN ThreadId(24) hotstuff_runner::smrol::network: ⚠️ Large message: 1000168 bytes to node Some(6)
2025-12-07T06:36:12.997212Z  WARN ThreadId(24) hotstuff_runner::smrol::network: ⚠️ Large message: 1000169 bytes to node Some(18)
2025-12-07T06:36:12.997937Z  WARN ThreadId(24) hotstuff_runner::smrol::network: ⚠️ Large message: 1000169 bytes to node Some(17)
2025-12-07T06:36:12.998537Z  WARN ThreadId(24) hotstuff_runner::smrol::network: ⚠️ Large message: 1000168 bytes to node Some(1)
2025-12-07T06:36:12.999165Z  WARN ThreadId(24) hotstuff_runner::smrol::network: ⚠️ Large message: 1000169 bytes to node Some(55)
2025-12-07T06:36:12.999778Z  WARN ThreadId(24) hotstuff_runner::smrol::network: ⚠️ Large message: 1000168 bytes to node Some(4)
2025-12-07T06:36:13.000386Z  WARN ThreadId(24) hotstuff_runner::smrol::network: ⚠️ Large message: 1000169 bytes to node Some(23)
2025-12-07T06:36:13.001003Z  WARN ThreadId(24) hotstuff_runner::smrol::network: ⚠️ Large message: 1000169 bytes to node Some(36)
2025-12-07T06:36:13.001654Z  WARN ThreadId(24) hotstuff_runner::smrol::network: ⚠️ Large message: 1000169 bytes to node Some(32)
2025-12-07T06:36:13.002256Z  WARN ThreadId(24) hotstuff_runner::smrol::network: ⚠️ Large message: 1000169 bytes to node Some(28)
2025-12-07T06:36:13.002941Z  WARN ThreadId(24) hotstuff_runner::smrol::network: ⚠️ Large message: 1000169 bytes to node Some(10)
2025-12-07T06:36:13.003615Z  WARN ThreadId(24) hotstuff_runner::smrol::network: ⚠️ Large message: 1000169 bytes to node Some(37)
2025-12-07T06:36:13.004268Z  WARN ThreadId(24) hotstuff_runner::smrol::network: ⚠️ Large message: 1000169 bytes to node Some(51)
2025-12-07T06:36:13.004859Z  WARN ThreadId(24) hotstuff_runner::smrol::network: ⚠️ Large message: 1000169 bytes to node Some(20)
2025-12-07T06:36:13.005462Z  WARN ThreadId(24) hotstuff_runner::smrol::network: ⚠️ Large message: 1000169 bytes to node Some(29)
2025-12-07T06:36:13.006073Z  WARN ThreadId(24) hotstuff_runner::smrol::network: ⚠️ Large message: 1000168 bytes to node Some(9)
2025-12-07T06:36:13.006677Z  WARN ThreadId(24) hotstuff_runner::smrol::network: ⚠️ Large message: 1000169 bytes to node Some(63)
2025-12-07T06:36:13.007333Z  WARN ThreadId(24) hotstuff_runner::smrol::network: ⚠️ Large message: 1000168 bytes to node Some(3)
2025-12-07T06:36:13.008030Z  WARN ThreadId(24) hotstuff_runner::smrol::network: ⚠️ Large message: 1000168 bytes to node Some(8)
2025-12-07T06:36:13.008638Z  WARN ThreadId(24) hotstuff_runner::smrol::network: ⚠️ Large message: 1000169 bytes to node Some(39)
2025-12-07T06:36:13.009248Z  WARN ThreadId(24) hotstuff_runner::smrol::network: ⚠️ Large message: 1000169 bytes to node Some(38)
2025-12-07T06:36:13.009846Z  WARN ThreadId(24) hotstuff_runner::smrol::network: ⚠️ Large message: 1000169 bytes to node Some(61)
2025-12-07T06:36:13.010467Z  WARN ThreadId(24) hotstuff_runner::smrol::network: ⚠️ Large message: 1000169 bytes to node Some(45)
2025-12-07T06:36:13.011077Z  WARN ThreadId(24) hotstuff_runner::smrol::network: ⚠️ Large message: 1000169 bytes to node Some(58)
2025-12-07T06:36:13.011688Z  WARN ThreadId(24) hotstuff_runner::smrol::network: ⚠️ Large message: 1000168 bytes to node Some(5)
2025-12-07T06:36:13.012654Z  WARN ThreadId(24) hotstuff_runner::smrol::network: ⚠️ Large message: 1000168 bytes to node Some(7)
2025-12-07T06:36:13.013287Z  WARN ThreadId(24) hotstuff_runner::smrol::network: ⚠️ Large message: 1000169 bytes to node Some(34)
2025-12-07T06:36:13.013925Z  WARN ThreadId(24) hotstuff_runner::smrol::network: ⚠️ Large message: 1000169 bytes to node Some(60)
2025-12-07T06:36:13.014593Z  WARN ThreadId(24) hotstuff_runner::smrol::network: ⚠️ Large message: 1000169 bytes to node Some(24)
2025-12-07T06:36:13.015273Z  WARN ThreadId(25) hotstuff_runner::smrol::network: ⚠️ Large message: 1000169 bytes to node Some(12)
2025-12-07T06:36:13.015327Z  WARN ThreadId(24) hotstuff_runner::smrol::network: ⚠️ Large message: 1000169 bytes to node Some(16)
2025-12-07T06:36:13.016044Z  WARN ThreadId(25) hotstuff_runner::smrol::network: ⚠️ Large message: 1000169 bytes to node Some(46)
2025-12-07T06:36:13.016192Z  WARN ThreadId(24) hotstuff_runner::smrol::network: ⚠️ Large message: 1000169 bytes to node Some(47)
2025-12-07T06:36:13.016843Z  WARN ThreadId(25) hotstuff_runner::smrol::network: ⚠️ Large message: 1000169 bytes to node Some(44)
2025-12-07T06:36:13.017012Z  WARN ThreadId(24) hotstuff_runner::smrol::network: ⚠️ Large message: 1000169 bytes to node Some(35)
2025-12-07T06:36:13.017770Z  WARN ThreadId(25) hotstuff_runner::smrol::network: ⚠️ Large message: 1000169 bytes to node Some(25)
2025-12-07T06:36:13.017825Z  WARN ThreadId(24) hotstuff_runner::smrol::network: ⚠️ Large message: 1000169 bytes to node Some(21)
2025-12-07T06:36:13.018427Z  WARN ThreadId(25) hotstuff_runner::smrol::network: ⚠️ Large message: 1000169 bytes to node Some(22)
2025-12-07T06:36:13.018704Z  WARN ThreadId(24) hotstuff_runner::smrol::network: ⚠️ [Check] Writer 0 -> 3 slow write: 11.962657ms
2025-12-07T06:36:13.019255Z  WARN ThreadId(25) hotstuff_runner::smrol::network: ⚠️ [Check] Writer 0 -> 4 slow write: 20.025158ms
2025-12-07T06:36:13.034987Z  WARN ThreadId(25) hotstuff_runner::smrol::network: ⚠️ [Check] Writer 0 -> 1 slow write: 36.939468ms
2025-12-07T06:36:13.041574Z  WARN ThreadId(24) hotstuff_runner::smrol::network: ⚠️ [Check] Writer 0 -> 5 slow write: 30.410845ms
2025-12-07T06:36:13.041897Z  WARN ThreadId(25) hotstuff_runner::smrol::network: ⚠️ [Check] Writer 0 -> 40 slow write: 56.151526ms
2025-12-07T06:36:13.048547Z  WARN ThreadId(25) hotstuff_runner::smrol::network: ⚠️ Large message: 1000169 bytes to node Some(48)
2025-12-07T06:36:13.054324Z  WARN ThreadId(24) hotstuff_runner::smrol::network: ⚠️ Large message: 1000169 bytes to node Some(49)
2025-12-07T06:36:13.056952Z  WARN ThreadId(24) hotstuff_runner::smrol::network: ⚠️ [Check] Writer 0 -> 36 slow write: 56.405271ms
2025-12-07T06:36:13.058557Z  WARN ThreadId(24) hotstuff_runner::smrol::network: ⚠️ Large message: 1000169 bytes to node Some(54)
2025-12-07T06:36:13.059145Z  WARN ThreadId(25) hotstuff_runner::smrol::network: ⚠️ Large message: 1000169 bytes to node Some(56)
2025-12-07T06:36:13.060674Z  WARN ThreadId(25) hotstuff_runner::smrol::network: ⚠️ [Check] Writer 0 -> 37 slow write: 57.636422ms
2025-12-07T06:36:13.062374Z  WARN ThreadId(24) hotstuff_runner::smrol::network: ⚠️ Large message: 1000169 bytes to node Some(52)
2025-12-07T06:36:13.063439Z  WARN ThreadId(24) hotstuff_runner::smrol::network: ⚠️ [Check] Writer 0 -> 39 slow write: 55.331815ms
2025-12-07T06:36:13.064010Z  WARN ThreadId(25) hotstuff_runner::smrol::network: ⚠️ Large message: 1000169 bytes to node Some(57)
2025-12-07T06:36:13.064088Z  WARN ThreadId(25) hotstuff_runner::smrol::network: ⚠️ [Check] Writer 0 -> 38 slow write: 55.398646ms
2025-12-07T06:36:13.066751Z  WARN ThreadId(25) hotstuff_runner::smrol::network: ⚠️ Large message: 1000169 bytes to node Some(53)
2025-12-07T06:36:13.077867Z  WARN ThreadId(24) hotstuff_runner::smrol::network: ⚠️ Large message: 1000169 bytes to node Some(41)
2025-12-07T06:36:13.105717Z  WARN ThreadId(25) hotstuff_runner::smrol::network: ⚠️ Large message: 1000169 bytes to node Some(59)
2025-12-07T06:36:13.248489Z  WARN ThreadId(25) hotstuff_runner::smrol::network: ⚠️ [Check] Writer 0 -> 14 slow write: 266.870392ms
2025-12-07T06:36:13.248615Z  WARN ThreadId(25) hotstuff_runner::smrol::network: ⚠️ [Check] Writer 0 -> 11 slow write: 264.158115ms
2025-12-07T06:36:13.260178Z  WARN ThreadId(24) hotstuff_runner::smrol::network: ⚠️ [Check] Writer 0 -> 13 slow write: 270.304887ms
2025-12-07T06:36:13.261453Z  WARN ThreadId(24) hotstuff_runner::smrol::network: ⚠️ [Check] Writer 0 -> 15 slow write: 276.399098ms
2025-12-07T06:36:13.263546Z  WARN ThreadId(24) hotstuff_runner::smrol::network: ⚠️ [Check] Writer 0 -> 6 slow write: 267.587489ms
2025-12-07T06:36:13.266285Z  WARN ThreadId(24) hotstuff_runner::smrol::network: ⚠️ [Check] Writer 0 -> 50 slow write: 271.771404ms
2025-12-07T06:36:13.270916Z  WARN ThreadId(24) hotstuff_runner::smrol::network: ⚠️ [Check] Writer 0 -> 9 slow write: 265.388795ms
2025-12-07T06:36:13.271593Z  WARN ThreadId(24) hotstuff_runner::smrol::network: ⚠️ [Check] Writer 0 -> 10 slow write: 269.21657ms
2025-12-07T06:36:13.274877Z  WARN ThreadId(24) hotstuff_runner::smrol::network: ⚠️ [Check] Writer 0 -> 51 slow write: 271.151058ms
2025-12-07T06:36:13.275390Z  WARN ThreadId(24) hotstuff_runner::smrol::network: ⚠️ [Check] Writer 0 -> 8 slow write: 267.99031ms
2025-12-07T06:36:13.281200Z  WARN ThreadId(24) hotstuff_runner::smrol::network: ⚠️ [Check] Writer 0 -> 7 slow write: 269.442035ms
2025-12-07T06:36:13.281314Z  WARN ThreadId(24) hotstuff_runner::smrol::network: ⚠️ [Check] Writer 0 -> 12 slow write: 266.690177ms
2025-12-07T06:36:13.288253Z  WARN ThreadId(24) hotstuff_runner::smrol::network: ⚠️ [Check] Writer 0 -> 47 slow write: 272.85951ms
2025-12-07T06:36:13.302792Z  WARN ThreadId(24) hotstuff_runner::smrol::network: ⚠️ [Check] Writer 0 -> 55 slow write: 304.172459ms
2025-12-07T06:36:13.317970Z  WARN ThreadId(24) hotstuff_runner::smrol::network: ⚠️ [Check] Writer 0 -> 48 slow write: 269.542238ms
2025-12-07T06:36:13.325638Z  WARN ThreadId(24) hotstuff_runner::smrol::network: ⚠️ [Check] Writer 0 -> 49 slow write: 271.513307ms
2025-12-07T06:36:13.353958Z  WARN ThreadId(24) hotstuff_runner::smrol::network: ⚠️ [Check] Writer 0 -> 46 slow write: 338.508222ms
2025-12-07T06:36:13.357980Z  WARN ThreadId(24) hotstuff_runner::smrol::network: ⚠️ [Check] Writer 0 -> 42 slow write: 364.078087ms
2025-12-07T06:36:13.358356Z  WARN ThreadId(24) hotstuff_runner::smrol::network: ⚠️ [Check] Writer 0 -> 43 slow write: 363.055182ms
2025-12-07T06:36:13.360314Z  WARN ThreadId(24) hotstuff_runner::smrol::network: ⚠️ [Check] Writer 0 -> 54 slow write: 301.848881ms
2025-12-07T06:36:13.362340Z  WARN ThreadId(24) hotstuff_runner::smrol::network: ⚠️ [Check] Writer 0 -> 56 slow write: 303.304238ms
2025-12-07T06:36:13.364132Z  WARN ThreadId(24) hotstuff_runner::smrol::network: ⚠️ [Check] Writer 0 -> 57 slow write: 300.22775ms
2025-12-07T06:36:13.365571Z  WARN ThreadId(24) hotstuff_runner::smrol::network: ⚠️ [Check] Writer 0 -> 52 slow write: 303.358189ms
2025-12-07T06:36:13.368557Z  WARN ThreadId(24) hotstuff_runner::smrol::network: ⚠️ [Check] Writer 0 -> 53 slow write: 302.030975ms
2025-12-07T06:36:13.372212Z  WARN ThreadId(24) hotstuff_runner::smrol::network: ⚠️ [Check] Writer 0 -> 45 slow write: 362.293943ms
2025-12-07T06:36:13.382213Z  WARN ThreadId(24) hotstuff_runner::smrol::network: ⚠️ [Check] Writer 0 -> 44 slow write: 366.049887ms
2025-12-07T06:36:13.434011Z  WARN ThreadId(24) hotstuff_runner::smrol::network: ⚠️ [Check] Writer 0 -> 62 slow write: 441.371359ms
2025-12-07T06:36:13.451904Z  WARN ThreadId(24) hotstuff_runner::smrol::network: ⚠️ [Check] Writer 0 -> 58 slow write: 441.367438ms
2025-12-07T06:36:13.455328Z  WARN ThreadId(25) hotstuff_runner::smrol::network: ⚠️ [Check] Writer 0 -> 63 slow write: 449.188772ms
2025-12-07T06:36:13.463985Z  WARN ThreadId(25) hotstuff_runner::smrol::network: ⚠️ [Check] Writer 0 -> 60 slow write: 450.614598ms
2025-12-07T06:36:13.531200Z  WARN ThreadId(24) hotstuff_runner::smrol::network: ⚠️ [Check] Writer 0 -> 41 slow write: 453.440659ms
2025-12-07T06:36:13.552410Z  WARN ThreadId(24) hotstuff_runner::smrol::network: ⚠️ [Check] Writer 0 -> 31 slow write: 568.58342ms
2025-12-07T06:36:13.560037Z  WARN ThreadId(24) hotstuff_runner::smrol::network: ⚠️ [Check] Writer 0 -> 59 slow write: 454.439364ms
2025-12-07T06:36:13.565878Z  WARN ThreadId(24) hotstuff_runner::smrol::network: ⚠️ [Check] Writer 0 -> 61 slow write: 556.53132ms
2025-12-07T06:36:13.579276Z  WARN ThreadId(24) hotstuff_runner::smrol::network: ⚠️ [Check] Writer 0 -> 32 slow write: 578.165997ms
2025-12-07T06:36:13.595852Z  WARN ThreadId(24) hotstuff_runner::smrol::network: ⚠️ [Check] Writer 0 -> 35 slow write: 579.577892ms
2025-12-07T06:36:13.596477Z  WARN ThreadId(24) hotstuff_runner::smrol::network: ⚠️ [Check] Writer 0 -> 33 slow write: 603.19722ms
2025-12-07T06:36:13.620207Z  WARN ThreadId(24) hotstuff_runner::smrol::network: ⚠️ [Check] Writer 0 -> 34 slow write: 607.489236ms
2025-12-07T06:36:13.731623Z  WARN ThreadId(24) hotstuff_runner::smrol::network: ⚠️ [Check] Writer 0 -> 17 slow write: 734.254836ms
2025-12-07T06:36:13.731746Z  WARN ThreadId(24) hotstuff_runner::smrol::network: ⚠️ [Check] Writer 0 -> 18 slow write: 735.100517ms
2025-12-07T06:36:13.738961Z  WARN ThreadId(24) hotstuff_runner::smrol::network: ⚠️ [Check] Writer 0 -> 20 slow write: 734.624656ms
2025-12-07T06:36:13.751625Z  WARN ThreadId(24) hotstuff_runner::smrol::network: ⚠️ [Check] Writer 0 -> 16 slow write: 736.963393ms
2025-12-07T06:36:13.780075Z  WARN ThreadId(25) hotstuff_runner::smrol::network: ⚠️ [Check] Writer 0 -> 27 slow write: 792.488793ms
2025-12-07T06:36:13.788670Z  WARN ThreadId(25) hotstuff_runner::smrol::network: ⚠️ [Check] Writer 0 -> 30 slow write: 799.445147ms
2025-12-07T06:36:13.790152Z  WARN ThreadId(25) hotstuff_runner::smrol::network: ⚠️ [Check] Writer 0 -> 26 slow write: 799.665262ms
2025-12-07T06:36:13.793265Z  WARN ThreadId(24) hotstuff_runner::smrol::network: ⚠️ [Check] Writer 0 -> 28 slow write: 791.503929ms
2025-12-07T06:36:13.796429Z  WARN ThreadId(25) hotstuff_runner::smrol::network: ⚠️ [Check] Writer 0 -> 29 slow write: 791.51297ms
2025-12-07T06:36:13.877544Z  WARN ThreadId(25) hotstuff_runner::smrol::network: ⚠️ [Check] Writer 0 -> 25 slow write: 860.591746ms
2025-12-07T06:36:13.881095Z  WARN ThreadId(24) hotstuff_runner::smrol::network: ⚠️ [Check] Writer 0 -> 23 slow write: 881.25418ms
2025-12-07T06:36:13.889598Z  WARN ThreadId(25) hotstuff_runner::smrol::network: ⚠️ [Check] Writer 0 -> 21 slow write: 872.481911ms
2025-12-07T06:36:13.910243Z  WARN ThreadId(24) hotstuff_runner::smrol::network: ⚠️ [Check] Writer 0 -> 19 slow write: 918.27709ms
2025-12-07T06:36:13.912699Z  WARN ThreadId(24) hotstuff_runner::smrol::network: ⚠️ [Check] Writer 0 -> 24 slow write: 898.676842ms
2025-12-07T06:36:13.912934Z  WARN ThreadId(25) hotstuff_runner::smrol::network: ⚠️ [Check] Writer 0 -> 22 slow write: 895.083493ms
2025-12-07T06:36:15.108862Z  WARN ThreadId(03) docker_node:   Connection reuse ineffective (2.0 msg/conn)
2025-12-07T06:36:15.221687Z  WARN ThreadId(07) docker_node: Node 0 Regular transaction queue backlog: 182471 transactions
2025-12-07T06:36:20.108768Z  WARN ThreadId(03) docker_node: HotStuff processing bottleneck detected:
2025-12-07T06:36:20.108799Z  WARN ThreadId(03) docker_node:    - HotStuff queue backlog: 182471 transactions
2025-12-07T06:36:20.108833Z  WARN ThreadId(03) docker_node:    - Confirmation TPS (0.0) much lower than submission TPS (0.1)
2025-12-07T06:36:20.108848Z  WARN ThreadId(03) docker_node:    - Possible cause: HotStuff consensus network delay or block size limitation
2025-12-07T06:36:20.108865Z  WARN ThreadId(03) docker_node:   Connection reuse ineffective (2.0 msg/conn)
2025-12-07T06:36:20.222080Z  WARN ThreadId(03) docker_node: Node 0 Regular transaction queue backlog: 329853 transactions
2025-12-07T06:36:25.108611Z  WARN ThreadId(05) docker_node: HotStuff processing bottleneck detected:
2025-12-07T06:36:25.108648Z  WARN ThreadId(05) docker_node:    - HotStuff queue backlog: 329853 transactions
2025-12-07T06:36:25.108665Z  WARN ThreadId(05) docker_node:    - Confirmation TPS (0.0) much lower than submission TPS (0.1)
2025-12-07T06:36:25.108678Z  WARN ThreadId(05) docker_node:    - Possible cause: HotStuff consensus network delay or block size limitation
2025-12-07T06:36:25.108693Z  WARN ThreadId(05) docker_node:   Connection reuse ineffective (2.0 msg/conn)
2025-12-07T06:36:25.222011Z  WARN ThreadId(08) docker_node: Node 0 Regular transaction queue backlog: 421088 transactions
2025-12-07T06:36:30.108793Z  WARN ThreadId(02) docker_node:   Connection reuse ineffective (2.0 msg/conn)
2025-12-07T06:36:30.221920Z  WARN ThreadId(08) docker_node: Node 0 Regular transaction queue backlog: 533380 transactions
2025-12-07T06:36:31.436980Z  WARN ThreadId(21) hotstuff_runner::tcp_node: Node 0 view 85 timed out; latency may accumulate
2025-12-07T06:36:34.239826Z  WARN ThreadId(20) hotstuff_rs::block_tree::invariants: SAFE_PC_FAIL: pc.block=[226, 88, 20, 132, 188, 157, 224, 42, 52, 229, 42, 138, 17, 34, 212, 215, 96, 204, 65, 115, 96, 35, 14, 161, 116, 172, 71, 234, 81, 129, 204, 191] view=82 phase=Generic | cond1(chain_id/genesis)=true (pc.chain_id=0, my.chain_id=0) | cond2(block_exists/genesis)=true (exists=true) | cond3(view>locked || extends)=false (pc.view=82, locked.view=83, extends=false) | cond4(phase/updates)=true (phase_special=false, has_updates=false) | highest_pc.block=[142, 149, 147, 69, 95, 148, 16, 64, 6, 59, 101, 32, 188, 29, 165, 56, 43, 66, 126, 245, 51, 240, 126, 67, 168, 12, 93, 161, 198, 236, 161, 177] highest_pc.view=84 locked.block=[228, 27, 236, 104, 157, 243, 7, 14, 207, 52, 201, 24, 21, 237, 174, 18, 66, 101, 61, 183, 48, 25, 42, 176, 74, 167, 116, 86, 249, 148, 45, 44] locked.view=83    
2025-12-07T06:36:34.239890Z  WARN ThreadId(20) hotstuff_rs::block_tree::invariants: SAFE_BLOCK_FAIL: block=[167, 252, 200, 99, 19, 58, 194, 47, 197, 227, 164, 184, 140, 129, 115, 188, 49, 86, 80, 75, 41, 103, 85, 152, 178, 84, 156, 24, 63, 111, 117, 86] height=None | cond1(safe_pc)=false | cond2(is_block_justify)=true (justify.phase=Generic) | justify.block=[226, 88, 20, 132, 188, 157, 224, 42, 52, 229, 42, 138, 17, 34, 212, 215, 96, 204, 65, 115, 96, 35, 14, 161, 116, 172, 71, 234, 81, 129, 204, 191] justify.view=82 | highest_pc.block=[142, 149, 147, 69, 95, 148, 16, 64, 6, 59, 101, 32, 188, 29, 165, 56, 43, 66, 126, 245, 51, 240, 126, 67, 168, 12, 93, 161, 198, 236, 161, 177] highest_pc.view=84 | locked.block=[228, 27, 236, 104, 157, 243, 7, 14, 207, 52, 201, 24, 21, 237, 174, 18, 66, 101, 61, 183, 48, 25, 42, 176, 74, 167, 116, 86, 249, 148, 45, 44] locked.view=83    
2025-12-07T06:36:35.108743Z  WARN ThreadId(09) docker_node:   Connection reuse ineffective (2.0 msg/conn)
2025-12-07T06:36:35.221714Z  WARN ThreadId(05) docker_node: Node 0 Regular transaction queue backlog: 807089 transactions
2025-12-07T06:36:39.850359Z  WARN ThreadId(25) hotstuff_runner::smrol::network: ⚠️ Large message: 1000169 bytes to node Some(48)
2025-12-07T06:36:39.850755Z  WARN ThreadId(25) hotstuff_runner::smrol::network: ⚠️ Large message: 1000169 bytes to node Some(37)
2025-12-07T06:36:39.851341Z  WARN ThreadId(25) hotstuff_runner::smrol::network: ⚠️ Large message: 1000169 bytes to node Some(14)
2025-12-07T06:36:39.851798Z  WARN ThreadId(25) hotstuff_runner::smrol::network: ⚠️ Large message: 1000169 bytes to node Some(49)
2025-12-07T06:36:39.852133Z  WARN ThreadId(25) hotstuff_runner::smrol::network: ⚠️ Large message: 1000169 bytes to node Some(54)
2025-12-07T06:36:39.852494Z  WARN ThreadId(25) hotstuff_runner::smrol::network: ⚠️ Large message: 1000169 bytes to node Some(56)
2025-12-07T06:36:39.852823Z  WARN ThreadId(25) hotstuff_runner::smrol::network: ⚠️ Large message: 1000169 bytes to node Some(31)
2025-12-07T06:36:39.853129Z  WARN ThreadId(25) hotstuff_runner::smrol::network: ⚠️ Large message: 1000169 bytes to node Some(11)
2025-12-07T06:36:39.853378Z  WARN ThreadId(25) hotstuff_runner::smrol::network: ⚠️ Large message: 1000169 bytes to node Some(15)
2025-12-07T06:36:39.853653Z  WARN ThreadId(25) hotstuff_runner::smrol::network: ⚠️ Large message: 1000169 bytes to node Some(40)
2025-12-07T06:36:39.853942Z  WARN ThreadId(25) hotstuff_runner::smrol::network: ⚠️ Large message: 1000169 bytes to node Some(33)
2025-12-07T06:36:39.854218Z  WARN ThreadId(25) hotstuff_runner::smrol::network: ⚠️ Large message: 1000169 bytes to node Some(52)
2025-12-07T06:36:39.854381Z  WARN ThreadId(25) hotstuff_runner::smrol::network: ⚠️ Large message: 1000169 bytes to node Some(41)
2025-12-07T06:36:39.854541Z  WARN ThreadId(25) hotstuff_runner::smrol::network: ⚠️ Large message: 1000169 bytes to node Some(27)
2025-12-07T06:36:39.854792Z  WARN ThreadId(25) hotstuff_runner::smrol::network: ⚠️ Large message: 1000168 bytes to node Some(2)
2025-12-07T06:36:39.855033Z  WARN ThreadId(25) hotstuff_runner::smrol::network: ⚠️ Large message: 1000169 bytes to node Some(57)
2025-12-07T06:36:39.855204Z  WARN ThreadId(25) hotstuff_runner::smrol::network: ⚠️ Large message: 1000169 bytes to node Some(30)
2025-12-07T06:36:39.855455Z  WARN ThreadId(25) hotstuff_runner::smrol::network: ⚠️ Large message: 1000169 bytes to node Some(13)
2025-12-07T06:36:39.855709Z  WARN ThreadId(25) hotstuff_runner::smrol::network: ⚠️ Large message: 1000169 bytes to node Some(26)
2025-12-07T06:36:39.855960Z  WARN ThreadId(25) hotstuff_runner::smrol::network: ⚠️ Large message: 1000169 bytes to node Some(53)
2025-12-07T06:36:39.856128Z  WARN ThreadId(25) hotstuff_runner::smrol::network: ⚠️ Large message: 1000169 bytes to node Some(59)
2025-12-07T06:36:39.856354Z  WARN ThreadId(25) hotstuff_runner::smrol::network: ⚠️ Large message: 1000169 bytes to node Some(19)
2025-12-07T06:36:39.856629Z  WARN ThreadId(25) hotstuff_runner::smrol::network: ⚠️ Large message: 1000169 bytes to node Some(62)
2025-12-07T06:36:39.856896Z  WARN ThreadId(25) hotstuff_runner::smrol::network: ⚠️ Large message: 1000169 bytes to node Some(36)
2025-12-07T06:36:39.857176Z  WARN ThreadId(25) hotstuff_runner::smrol::network: ⚠️ Large message: 1000169 bytes to node Some(42)
2025-12-07T06:36:39.857417Z  WARN ThreadId(25) hotstuff_runner::smrol::network: ⚠️ Large message: 1000169 bytes to node Some(50)
2025-12-07T06:36:39.857685Z  WARN ThreadId(25) hotstuff_runner::smrol::network: ⚠️ Large message: 1000169 bytes to node Some(43)
2025-12-07T06:36:39.857929Z  WARN ThreadId(25) hotstuff_runner::smrol::network: ⚠️ Large message: 1000168 bytes to node Some(6)
2025-12-07T06:36:39.858190Z  WARN ThreadId(25) hotstuff_runner::smrol::network: ⚠️ Large message: 1000169 bytes to node Some(17)
2025-12-07T06:36:39.858439Z  WARN ThreadId(25) hotstuff_runner::smrol::network: ⚠️ Large message: 1000169 bytes to node Some(18)
2025-12-07T06:36:39.858688Z  WARN ThreadId(25) hotstuff_runner::smrol::network: ⚠️ Large message: 1000169 bytes to node Some(55)
2025-12-07T06:36:39.858939Z  WARN ThreadId(25) hotstuff_runner::smrol::network: ⚠️ Large message: 1000168 bytes to node Some(1)
2025-12-07T06:36:39.859222Z  WARN ThreadId(25) hotstuff_runner::smrol::network: ⚠️ Large message: 1000169 bytes to node Some(23)
2025-12-07T06:36:39.859489Z  WARN ThreadId(25) hotstuff_runner::smrol::network: ⚠️ Large message: 1000168 bytes to node Some(4)
2025-12-07T06:36:39.859741Z  WARN ThreadId(25) hotstuff_runner::smrol::network: ⚠️ Large message: 1000169 bytes to node Some(32)
2025-12-07T06:36:39.860111Z  WARN ThreadId(25) hotstuff_runner::smrol::network: ⚠️ Large message: 1000169 bytes to node Some(61)
2025-12-07T06:36:39.860452Z  WARN ThreadId(25) hotstuff_runner::smrol::network: ⚠️ Large message: 1000169 bytes to node Some(10)
2025-12-07T06:36:39.860786Z  WARN ThreadId(25) hotstuff_runner::smrol::network: ⚠️ Large message: 1000169 bytes to node Some(28)
2025-12-07T06:36:39.861030Z  WARN ThreadId(25) hotstuff_runner::smrol::network: ⚠️ Large message: 1000169 bytes to node Some(20)
2025-12-07T06:36:39.861281Z  WARN ThreadId(25) hotstuff_runner::smrol::network: ⚠️ Large message: 1000169 bytes to node Some(29)
2025-12-07T06:36:39.861316Z  WARN ThreadId(24) hotstuff_runner::smrol::network: ⚠️ Large message: 1000169 bytes to node Some(12)
2025-12-07T06:36:39.861533Z  WARN ThreadId(25) hotstuff_runner::smrol::network: ⚠️ Large message: 1000169 bytes to node Some(51)
2025-12-07T06:36:39.861740Z  WARN ThreadId(24) hotstuff_runner::smrol::network: ⚠️ Large message: 1000168 bytes to node Some(7)
2025-12-07T06:36:39.861792Z  WARN ThreadId(25) hotstuff_runner::smrol::network: ⚠️ Large message: 1000169 bytes to node Some(63)
2025-12-07T06:36:39.862105Z  WARN ThreadId(25) hotstuff_runner::smrol::network: ⚠️ Large message: 1000168 bytes to node Some(3)
2025-12-07T06:36:39.862109Z  WARN ThreadId(24) hotstuff_runner::smrol::network: ⚠️ Large message: 1000169 bytes to node Some(34)
2025-12-07T06:36:39.862417Z  WARN ThreadId(25) hotstuff_runner::smrol::network: ⚠️ Large message: 1000168 bytes to node Some(9)
2025-12-07T06:36:39.862458Z  WARN ThreadId(24) hotstuff_runner::smrol::network: ⚠️ Large message: 1000169 bytes to node Some(60)
2025-12-07T06:36:39.862722Z  WARN ThreadId(25) hotstuff_runner::smrol::network: ⚠️ Large message: 1000169 bytes to node Some(39)
2025-12-07T06:36:39.862743Z  WARN ThreadId(24) hotstuff_runner::smrol::network: ⚠️ Large message: 1000168 bytes to node Some(5)
2025-12-07T06:36:39.863004Z  WARN ThreadId(25) hotstuff_runner::smrol::network: ⚠️ Large message: 1000169 bytes to node Some(38)
2025-12-07T06:36:39.863025Z  WARN ThreadId(24) hotstuff_runner::smrol::network: ⚠️ Large message: 1000169 bytes to node Some(16)
2025-12-07T06:36:39.863300Z  WARN ThreadId(24) hotstuff_runner::smrol::network: ⚠️ Large message: 1000169 bytes to node Some(47)
2025-12-07T06:36:39.863392Z  WARN ThreadId(25) hotstuff_runner::smrol::network: ⚠️ Large message: 1000168 bytes to node Some(8)
2025-12-07T06:36:39.863552Z  WARN ThreadId(24) hotstuff_runner::smrol::network: ⚠️ Large message: 1000169 bytes to node Some(35)
2025-12-07T06:36:39.863652Z  WARN ThreadId(25) hotstuff_runner::smrol::network: ⚠️ Large message: 1000169 bytes to node Some(45)
2025-12-07T06:36:39.863810Z  WARN ThreadId(24) hotstuff_runner::smrol::network: ⚠️ Large message: 1000169 bytes to node Some(24)
2025-12-07T06:36:39.863914Z  WARN ThreadId(25) hotstuff_runner::smrol::network: ⚠️ Large message: 1000169 bytes to node Some(58)
2025-12-07T06:36:39.864042Z  WARN ThreadId(24) hotstuff_runner::smrol::network: ⚠️ Large message: 1000169 bytes to node Some(46)
2025-12-07T06:36:39.864333Z  WARN ThreadId(24) hotstuff_runner::smrol::network: ⚠️ Large message: 1000169 bytes to node Some(44)
2025-12-07T06:36:39.864596Z  WARN ThreadId(24) hotstuff_runner::smrol::network: ⚠️ Large message: 1000169 bytes to node Some(25)
2025-12-07T06:36:39.864911Z  WARN ThreadId(25) hotstuff_runner::smrol::network: ⚠️ [Check] Writer 0 -> 4 slow write: 5.484745ms
2025-12-07T06:36:39.865027Z  WARN ThreadId(25) hotstuff_runner::smrol::network: ⚠️ Large message: 1000169 bytes to node Some(22)
2025-12-07T06:36:39.865098Z  WARN ThreadId(24) hotstuff_runner::smrol::network: ⚠️ Large message: 1000169 bytes to node Some(21)
2025-12-07T06:36:39.909326Z  WARN ThreadId(24) hotstuff_runner::smrol::network: ⚠️ [Check] Writer 0 -> 40 slow write: 55.746519ms
2025-12-07T06:36:40.108236Z  WARN ThreadId(04) docker_node:   Connection reuse ineffective (2.0 msg/conn)
2025-12-07T06:36:40.121799Z  WARN ThreadId(24) hotstuff_runner::smrol::network: ⚠️ [Check] Writer 0 -> 49 slow write: 270.12301ms
2025-12-07T06:36:40.123456Z  WARN ThreadId(24) hotstuff_runner::smrol::network: ⚠️ [Check] Writer 0 -> 48 slow write: 273.300329ms
2025-12-07T06:36:40.127547Z  WARN ThreadId(25) hotstuff_runner::smrol::network: ⚠️ [Check] Writer 0 -> 9 slow write: 265.23575ms
2025-12-07T06:36:40.129733Z  WARN ThreadId(25) hotstuff_runner::smrol::network: ⚠️ [Check] Writer 0 -> 15 slow write: 276.412816ms
2025-12-07T06:36:40.155287Z  WARN ThreadId(25) hotstuff_runner::smrol::network: ⚠️ [Check] Writer 0 -> 54 slow write: 303.397873ms
2025-12-07T06:36:40.155513Z  WARN ThreadId(25) hotstuff_runner::smrol::network: ⚠️ [Check] Writer 0 -> 56 slow write: 303.27609ms
2025-12-07T06:36:40.157242Z  WARN ThreadId(25) hotstuff_runner::smrol::network: ⚠️ [Check] Writer 0 -> 57 slow write: 302.262365ms
2025-12-07T06:36:40.158628Z  WARN ThreadId(25) hotstuff_runner::smrol::network: ⚠️ [Check] Writer 0 -> 53 slow write: 302.726956ms
2025-12-07T06:36:40.205201Z  WARN ThreadId(25) hotstuff_runner::smrol::network: ⚠️ [Check] Writer 0 -> 52 slow write: 351.035981ms
2025-12-07T06:36:40.222204Z  WARN ThreadId(05) docker_node: Node 0 Regular transaction queue backlog: 1122909 transactions
2025-12-07T06:36:40.273340Z  WARN ThreadId(25) hotstuff_runner::smrol::network: ⚠️ [Check] Writer 0 -> 60 slow write: 411.013065ms
2025-12-07T06:36:40.275551Z  WARN ThreadId(25) hotstuff_runner::smrol::network: ⚠️ [Check] Writer 0 -> 41 slow write: 421.261898ms
2025-12-07T06:36:40.297306Z  WARN ThreadId(25) hotstuff_runner::smrol::network: ⚠️ [Check] Writer 0 -> 62 slow write: 440.74023ms
2025-12-07T06:36:40.300656Z  WARN ThreadId(25) hotstuff_runner::smrol::network: ⚠️ [Check] Writer 0 -> 59 slow write: 444.630166ms
2025-12-07T06:36:40.437444Z  WARN ThreadId(25) hotstuff_runner::smrol::network: ⚠️ [Check] Writer 0 -> 32 slow write: 577.788149ms
2025-12-07T06:36:40.442505Z  WARN ThreadId(24) hotstuff_runner::smrol::network: ⚠️ [Check] Writer 0 -> 35 slow write: 579.00457ms
2025-12-07T06:36:45.109185Z  WARN ThreadId(05) docker_node:   Connection reuse ineffective (2.0 msg/conn)
2025-12-07T06:36:45.222030Z  WARN ThreadId(08) docker_node: Node 0 Regular transaction queue backlog: 1930007 transactions
2025-12-07T06:36:46.441687Z  WARN ThreadId(21) hotstuff_runner::tcp_node: Node 0 view 88 timed out; latency may accumulate
2025-12-07T06:36:50.108347Z  WARN ThreadId(07) docker_node:   Connection reuse ineffective (2.0 msg/conn)
2025-12-07T06:36:50.221600Z  WARN ThreadId(06) docker_node: Node 0 Regular transaction queue backlog: 2045809 transactions
2025-12-07T06:36:55.108675Z  WARN ThreadId(06) docker_node:   Connection reuse ineffective (2.0 msg/conn)
2025-12-07T06:36:55.221947Z  WARN ThreadId(06) docker_node: Node 0 Regular transaction queue backlog: 2045809 transactions
2025-12-07T06:37:00.109162Z  WARN ThreadId(06) docker_node:   Connection reuse ineffective (2.0 msg/conn)
2025-12-07T06:37:00.221417Z  WARN ThreadId(06) docker_node: Node 0 Regular transaction queue backlog: 2045809 transactions
2025-12-07T06:37:05.109209Z  WARN ThreadId(08) docker_node:   Connection reuse ineffective (2.0 msg/conn)
2025-12-07T06:37:05.221476Z  WARN ThreadId(08) docker_node: Node 0 Regular transaction queue backlog: 2045809 transactions
2025-12-07T06:37:07.815631Z  WARN ThreadId(21) hotstuff_runner::tcp_node: Node 0 view 93 timed out; latency may accumulate
2025-12-07T06:37:10.108971Z  WARN ThreadId(06) docker_node:   Connection reuse ineffective (2.0 msg/conn)
2025-12-07T06:37:10.222234Z  WARN ThreadId(08) docker_node: Node 0 Regular transaction queue backlog: 2045809 transactions
2025-12-07T06:37:11.190917Z  WARN ThreadId(20) hotstuff_rs::block_tree::invariants: SAFE_PC_FAIL: pc.block=[226, 88, 20, 132, 188, 157, 224, 42, 52, 229, 42, 138, 17, 34, 212, 215, 96, 204, 65, 115, 96, 35, 14, 161, 116, 172, 71, 234, 81, 129, 204, 191] view=82 phase=Generic | cond1(chain_id/genesis)=true (pc.chain_id=0, my.chain_id=0) | cond2(block_exists/genesis)=true (exists=true) | cond3(view>locked || extends)=false (pc.view=82, locked.view=91, extends=false) | cond4(phase/updates)=true (phase_special=false, has_updates=false) | highest_pc.block=[65, 161, 151, 156, 180, 12, 25, 32, 185, 160, 20, 150, 75, 107, 93, 192, 211, 66, 6, 170, 11, 6, 112, 121, 158, 44, 84, 10, 14, 130, 238, 187] highest_pc.view=92 locked.block=[37, 180, 106, 74, 129, 19, 206, 76, 48, 64, 49, 116, 248, 145, 22, 149, 234, 1, 172, 205, 18, 196, 245, 193, 90, 163, 80, 210, 116, 153, 122, 83] locked.view=91    
2025-12-07T06:37:11.190964Z  WARN ThreadId(20) hotstuff_rs::block_tree::invariants: SAFE_BLOCK_FAIL: block=[88, 148, 183, 183, 92, 237, 172, 83, 174, 253, 103, 5, 89, 74, 22, 144, 19, 117, 113, 35, 139, 53, 112, 209, 246, 39, 80, 138, 234, 124, 47, 154] height=None | cond1(safe_pc)=false | cond2(is_block_justify)=true (justify.phase=Generic) | justify.block=[226, 88, 20, 132, 188, 157, 224, 42, 52, 229, 42, 138, 17, 34, 212, 215, 96, 204, 65, 115, 96, 35, 14, 161, 116, 172, 71, 234, 81, 129, 204, 191] justify.view=82 | highest_pc.block=[65, 161, 151, 156, 180, 12, 25, 32, 185, 160, 20, 150, 75, 107, 93, 192, 211, 66, 6, 170, 11, 6, 112, 121, 158, 44, 84, 10, 14, 130, 238, 187] highest_pc.view=92 | locked.block=[37, 180, 106, 74, 129, 19, 206, 76, 48, 64, 49, 116, 248, 145, 22, 149, 234, 1, 172, 205, 18, 196, 245, 193, 90, 163, 80, 210, 116, 153, 122, 83] locked.view=91    
2025-12-07T06:37:12.817076Z  WARN ThreadId(21) hotstuff_runner::tcp_node: Node 0 view 94 timed out; latency may accumulate
2025-12-07T06:37:15.108811Z  WARN ThreadId(08) docker_node:   Connection reuse ineffective (2.0 msg/conn)
2025-12-07T06:37:15.222090Z  WARN ThreadId(08) docker_node: Node 0 Regular transaction queue backlog: 2045809 transactions
2025-12-07T06:37:20.108998Z  WARN ThreadId(08) docker_node:   Connection reuse ineffective (2.0 msg/conn)
2025-12-07T06:37:20.222215Z  WARN ThreadId(08) docker_node: Node 0 Regular transaction queue backlog: 2045809 transactions
2025-12-07T06:37:25.109196Z  WARN ThreadId(08) docker_node:   Connection reuse ineffective (2.0 msg/conn)
2025-12-07T06:37:25.221422Z  WARN ThreadId(08) docker_node: Node 0 Regular transaction queue backlog: 2045809 transactions
2025-12-07T06:37:28.605327Z  WARN ThreadId(20) hotstuff_rs::block_tree::invariants: SAFE_PC_FAIL: pc.block=[226, 88, 20, 132, 188, 157, 224, 42, 52, 229, 42, 138, 17, 34, 212, 215, 96, 204, 65, 115, 96, 35, 14, 161, 116, 172, 71, 234, 81, 129, 204, 191] view=82 phase=Generic | cond1(chain_id/genesis)=true (pc.chain_id=0, my.chain_id=0) | cond2(block_exists/genesis)=true (exists=true) | cond3(view>locked || extends)=false (pc.view=82, locked.view=95, extends=false) | cond4(phase/updates)=true (phase_special=false, has_updates=false) | highest_pc.block=[138, 1, 215, 161, 27, 178, 86, 240, 198, 86, 182, 96, 126, 169, 7, 182, 239, 50, 245, 0, 78, 73, 195, 122, 28, 28, 51, 218, 217, 199, 134, 214] highest_pc.view=96 locked.block=[33, 161, 145, 226, 97, 235, 76, 193, 74, 31, 13, 175, 216, 221, 71, 211, 82, 202, 195, 99, 3, 220, 65, 53, 136, 88, 184, 213, 178, 39, 240, 28] locked.view=95    
2025-12-07T06:37:28.605360Z  WARN ThreadId(20) hotstuff_rs::block_tree::invariants: SAFE_BLOCK_FAIL: block=[169, 88, 216, 86, 113, 166, 121, 248, 239, 187, 168, 12, 203, 171, 185, 186, 170, 240, 202, 94, 59, 35, 163, 169, 45, 218, 25, 186, 157, 55, 131, 14] height=None | cond1(safe_pc)=false | cond2(is_block_justify)=true (justify.phase=Generic) | justify.block=[226, 88, 20, 132, 188, 157, 224, 42, 52, 229, 42, 138, 17, 34, 212, 215, 96, 204, 65, 115, 96, 35, 14, 161, 116, 172, 71, 234, 81, 129, 204, 191] justify.view=82 | highest_pc.block=[138, 1, 215, 161, 27, 178, 86, 240, 198, 86, 182, 96, 126, 169, 7, 182, 239, 50, 245, 0, 78, 73, 195, 122, 28, 28, 51, 218, 217, 199, 134, 214] highest_pc.view=96 | locked.block=[33, 161, 145, 226, 97, 235, 76, 193, 74, 31, 13, 175, 216, 221, 71, 211, 82, 202, 195, 99, 3, 220, 65, 53, 136, 88, 184, 213, 178, 39, 240, 28] locked.view=95    
2025-12-07T06:37:30.108962Z  WARN ThreadId(08) docker_node:   Connection reuse ineffective (2.0 msg/conn)
2025-12-07T06:37:30.222210Z  WARN ThreadId(08) docker_node: Node 0 Regular transaction queue backlog: 2045809 transactions
2025-12-07T06:37:30.363151Z  WARN ThreadId(21) hotstuff_runner::tcp_node: Node 0 view 98 timed out; latency may accumulate
2025-12-07T06:37:35.108762Z  WARN ThreadId(08) docker_node:   Connection reuse ineffective (2.0 msg/conn)
2025-12-07T06:37:35.222009Z  WARN ThreadId(08) docker_node: Node 0 Regular transaction queue backlog: 2045809 transactions
2025-12-07T06:37:40.108363Z  WARN ThreadId(08) docker_node:   Connection reuse ineffective (2.0 msg/conn)
2025-12-07T06:37:40.221581Z  WARN ThreadId(07) docker_node: Node 0 Regular transaction queue backlog: 2045809 transactions
2025-12-07T06:37:45.108627Z  WARN ThreadId(07) docker_node:   Connection reuse ineffective (2.0 msg/conn)
2025-12-07T06:37:45.221850Z  WARN ThreadId(07) docker_node: Node 0 Regular transaction queue backlog: 2045809 transactions
2025-12-07T06:37:50.108993Z  WARN ThreadId(07) docker_node:   Connection reuse ineffective (2.0 msg/conn)
2025-12-07T06:37:50.222222Z  WARN ThreadId(07) docker_node: Node 0 Regular transaction queue backlog: 2045809 transactions
2025-12-07T06:37:55.109273Z  WARN ThreadId(07) docker_node:   Connection reuse ineffective (2.0 msg/conn)
2025-12-07T06:37:55.221505Z  WARN ThreadId(07) docker_node: Node 0 Regular transaction queue backlog: 2045809 transactions
2025-12-07T06:38:00.108583Z  WARN ThreadId(07) docker_node:   Connection reuse ineffective (2.0 msg/conn)
2025-12-07T06:38:00.221797Z  WARN ThreadId(07) docker_node: Node 0 Regular transaction queue backlog: 2045809 transactions
2025-12-07T06:38:05.108865Z  WARN ThreadId(07) docker_node:   Connection reuse ineffective (2.0 msg/conn)
2025-12-07T06:38:05.222108Z  WARN ThreadId(07) docker_node: Node 0 Regular transaction queue backlog: 2045809 transactions
2025-12-07T06:38:10.108294Z  WARN ThreadId(07) docker_node:   Connection reuse ineffective (2.0 msg/conn)
2025-12-07T06:38:10.221527Z  WARN ThreadId(08) docker_node: Node 0 Regular transaction queue backlog: 2045809 transactions
2025-12-07T06:38:15.108565Z  WARN ThreadId(08) docker_node:   Connection reuse ineffective (2.0 msg/conn)
2025-12-07T06:38:15.221803Z  WARN ThreadId(08) docker_node: Node 0 Regular transaction queue backlog: 2045809 transactions
2025-12-07T06:38:20.108808Z  WARN ThreadId(08) docker_node:   Connection reuse ineffective (2.0 msg/conn)
2025-12-07T06:38:20.222050Z  WARN ThreadId(08) docker_node: Node 0 Regular transaction queue backlog: 2045809 transactions
2025-12-07T06:38:25.109030Z  WARN ThreadId(08) docker_node:   Connection reuse ineffective (2.0 msg/conn)
2025-12-07T06:38:25.221778Z  WARN ThreadId(08) docker_node: Node 0 Regular transaction queue backlog: 2045809 transactions
