2025-12-07T10:34:01.723736Z  WARN ThreadId(01) docker_node: metrics exporter disabled by SMROL_DISABLE_METRICS
2025-12-07T10:34:21.937201Z  WARN ThreadId(01) hotstuff_runner::tcp_node: Node 1 view timeout set to 5000 ms
2025-12-07T10:34:21.943952Z ERROR ThreadId(23) hotstuff_runner::pompe_network: Node 1 failed to connect to node 0: Connection refused (os error 111)
2025-12-07T10:34:21.944309Z ERROR ThreadId(22) hotstuff_runner::pompe_network: Node 1 failed to connect to node 2: Connection refused (os error 111)
2025-12-07T10:34:21.944657Z ERROR ThreadId(22) hotstuff_runner::pompe_network: Node 1 failed to connect to node 3: Connection refused (os error 111)
2025-12-07T10:34:21.945022Z ERROR ThreadId(22) hotstuff_runner::pompe_network: Node 1 failed to connect to node 4: Connection refused (os error 111)
2025-12-07T10:34:21.953516Z  WARN ThreadId(01) hotstuff_runner::smrol::sequencing: SMROL_MEDIAN_INFLIGHT=24, SMROL_ORDER_FINALIZE_INFLIGHT=4, SMROL_FINAL_SIGN_INFLIGHT=4, SMROL_FINAL_VERIFY_INFLIGHT=24
2025-12-07T10:34:21.953573Z  WARN ThreadId(01) hotstuff_runner::smrol::sequencing: [Sequencing] Node 1 multi-signature verification disabled: false
2025-12-07T10:34:21.954144Z  WARN ThreadId(08) hotstuff_runner::smrol::sequencing: [Sequencing] Node 1 final verify dispatcher started
2025-12-07T10:34:22.460699Z ERROR ThreadId(22) hotstuff_runner::pompe_network: Node 1 failed to connect to node 10: Connection refused (os error 111)
2025-12-07T10:34:22.644264Z ERROR ThreadId(22) hotstuff_runner::pompe_network: Node 1 failed to connect to node 11: Connection refused (os error 111)
2025-12-07T10:34:22.828373Z ERROR ThreadId(22) hotstuff_runner::pompe_network: Node 1 failed to connect to node 12: Connection refused (os error 111)
2025-12-07T10:34:26.954764Z  WARN ThreadId(05) docker_node:   Connection reuse ineffective (2.0 msg/conn)
2025-12-07T10:34:26.957430Z  WARN ThreadId(01) docker_node: Node 0 port 20000 temporarily unreachable: failed to lookup address information: Temporary failure in name resolution
2025-12-07T10:34:26.959064Z  WARN ThreadId(01) docker_node: Node 1 port 20001 temporarily unreachable: failed to lookup address information: Temporary failure in name resolution
2025-12-07T10:34:26.960726Z  WARN ThreadId(01) docker_node: Node 2 port 20002 temporarily unreachable: failed to lookup address information: Temporary failure in name resolution
2025-12-07T10:34:26.962291Z  WARN ThreadId(01) docker_node: Node 3 port 20003 temporarily unreachable: failed to lookup address information: Temporary failure in name resolution
2025-12-07T10:34:26.963982Z  WARN ThreadId(01) docker_node: Node 4 port 20004 temporarily unreachable: failed to lookup address information: Temporary failure in name resolution
2025-12-07T10:34:26.965698Z  WARN ThreadId(01) docker_node: Node 5 port 20005 temporarily unreachable: failed to lookup address information: Temporary failure in name resolution
2025-12-07T10:34:26.967303Z  WARN ThreadId(01) docker_node: Node 6 port 20006 temporarily unreachable: failed to lookup address information: Temporary failure in name resolution
2025-12-07T10:34:26.968801Z  WARN ThreadId(01) docker_node: Node 7 port 20007 temporarily unreachable: failed to lookup address information: Temporary failure in name resolution
2025-12-07T10:34:26.972348Z  WARN ThreadId(01) docker_node: Node 8 port 20008 temporarily unreachable: failed to lookup address information: Temporary failure in name resolution
2025-12-07T10:34:26.974776Z  WARN ThreadId(01) docker_node: Node 9 port 20009 temporarily unreachable: failed to lookup address information: Temporary failure in name resolution
2025-12-07T10:34:26.976315Z  WARN ThreadId(01) docker_node: Node 10 port 20010 temporarily unreachable: failed to lookup address information: Temporary failure in name resolution
2025-12-07T10:34:26.977968Z  WARN ThreadId(01) docker_node: Node 11 port 20011 temporarily unreachable: failed to lookup address information: Temporary failure in name resolution
2025-12-07T10:34:26.979667Z  WARN ThreadId(01) docker_node: Node 12 port 20012 temporarily unreachable: failed to lookup address information: Temporary failure in name resolution
2025-12-07T10:34:26.981397Z  WARN ThreadId(01) docker_node: Node 13 port 20013 temporarily unreachable: failed to lookup address information: Temporary failure in name resolution
2025-12-07T10:34:26.982829Z  WARN ThreadId(01) docker_node: Node 14 port 20014 temporarily unreachable: failed to lookup address information: Temporary failure in name resolution
2025-12-07T10:34:26.984312Z  WARN ThreadId(01) docker_node: Node 15 port 20015 temporarily unreachable: failed to lookup address information: Temporary failure in name resolution
2025-12-07T10:34:26.985771Z  WARN ThreadId(01) docker_node: Node 16 port 20016 temporarily unreachable: failed to lookup address information: Temporary failure in name resolution
2025-12-07T10:34:26.987431Z  WARN ThreadId(01) docker_node: Node 17 port 20017 temporarily unreachable: failed to lookup address information: Temporary failure in name resolution
2025-12-07T10:34:26.988862Z  WARN ThreadId(01) docker_node: Node 18 port 20018 temporarily unreachable: failed to lookup address information: Temporary failure in name resolution
2025-12-07T10:34:26.990485Z  WARN ThreadId(01) docker_node: Node 19 port 20019 temporarily unreachable: failed to lookup address information: Temporary failure in name resolution
2025-12-07T10:34:26.992091Z  WARN ThreadId(01) docker_node: Node 20 port 20020 temporarily unreachable: failed to lookup address information: Temporary failure in name resolution
2025-12-07T10:34:26.993713Z  WARN ThreadId(01) docker_node: Node 21 port 20021 temporarily unreachable: failed to lookup address information: Temporary failure in name resolution
2025-12-07T10:34:26.995295Z  WARN ThreadId(01) docker_node: Node 22 port 20022 temporarily unreachable: failed to lookup address information: Temporary failure in name resolution
2025-12-07T10:34:26.996923Z  WARN ThreadId(01) docker_node: Node 23 port 20023 temporarily unreachable: failed to lookup address information: Temporary failure in name resolution
2025-12-07T10:34:26.998404Z  WARN ThreadId(01) docker_node: Node 24 port 20024 temporarily unreachable: failed to lookup address information: Temporary failure in name resolution
2025-12-07T10:34:26.999973Z  WARN ThreadId(01) docker_node: Node 25 port 20025 temporarily unreachable: failed to lookup address information: Temporary failure in name resolution
2025-12-07T10:34:27.001695Z  WARN ThreadId(01) docker_node: Node 26 port 20026 temporarily unreachable: failed to lookup address information: Temporary failure in name resolution
2025-12-07T10:34:27.003362Z  WARN ThreadId(01) docker_node: Node 27 port 20027 temporarily unreachable: failed to lookup address information: Temporary failure in name resolution
2025-12-07T10:34:27.005061Z  WARN ThreadId(01) docker_node: Node 28 port 20028 temporarily unreachable: failed to lookup address information: Temporary failure in name resolution
2025-12-07T10:34:27.006522Z  WARN ThreadId(01) docker_node: Node 29 port 20029 temporarily unreachable: failed to lookup address information: Temporary failure in name resolution
2025-12-07T10:34:27.008243Z  WARN ThreadId(01) docker_node: Node 30 port 20030 temporarily unreachable: failed to lookup address information: Temporary failure in name resolution
2025-12-07T10:34:27.009791Z  WARN ThreadId(01) docker_node: Node 31 port 20031 temporarily unreachable: failed to lookup address information: Temporary failure in name resolution
2025-12-07T10:34:31.395110Z  WARN ThreadId(20) hotstuff_runner::app: Node 1 [produce_block] queue size: 0, attempting up to 0 transactions this block    
2025-12-07T10:34:31.954759Z  WARN ThreadId(09) docker_node:   Connection reuse ineffective (2.0 msg/conn)
2025-12-07T10:34:36.954355Z  WARN ThreadId(09) docker_node:   Connection reuse ineffective (2.0 msg/conn)
2025-12-07T10:34:37.499800Z  WARN ThreadId(20) hotstuff_runner::app: Node 1 [produce_block] queue size: 0, attempting up to 0 transactions this block    
2025-12-07T10:34:41.954699Z  WARN ThreadId(09) docker_node:   Connection reuse ineffective (2.0 msg/conn)
2025-12-07T10:34:43.548471Z  WARN ThreadId(20) hotstuff_runner::app: Node 1 [produce_block] queue size: 0, attempting up to 0 transactions this block    
2025-12-07T10:34:46.954880Z  WARN ThreadId(09) docker_node:   Connection reuse ineffective (2.0 msg/conn)
2025-12-07T10:34:49.629172Z  WARN ThreadId(20) hotstuff_runner::app: Node 1 [produce_block] queue size: 0, attempting up to 0 transactions this block    
2025-12-07T10:34:49.629188Z  WARN ThreadId(20) hotstuff_runner::app: Node 1 view(114) far exceeds block count (3); potential sync issue    
2025-12-07T10:34:51.954466Z  WARN ThreadId(09) docker_node:   Connection reuse ineffective (2.0 msg/conn)
2025-12-07T10:34:52.157143Z  WARN ThreadId(24) hotstuff_runner::smrol::network: ⚠️ [Check] Writer 1 -> 23 slow write: 14.287183ms
2025-12-07T10:34:52.158839Z  WARN ThreadId(25) hotstuff_runner::smrol::network: ⚠️ [Check] Writer 1 -> 24 slow write: 14.035707ms
2025-12-07T10:34:52.209773Z  WARN ThreadId(25) hotstuff_runner::smrol::network: ⚠️ [Check] Writer 1 -> 8 slow write: 65.454809ms
2025-12-07T10:34:52.209929Z  WARN ThreadId(25) hotstuff_runner::smrol::network: ⚠️ [Check] Writer 1 -> 7 slow write: 66.342484ms
2025-12-07T10:34:52.210742Z  WARN ThreadId(25) hotstuff_runner::smrol::network: ⚠️ [Check] Writer 1 -> 5 slow write: 66.373374ms
2025-12-07T10:34:52.211025Z  WARN ThreadId(25) hotstuff_runner::smrol::network: ⚠️ [Check] Writer 1 -> 6 slow write: 66.460097ms
2025-12-07T10:34:52.212482Z  WARN ThreadId(25) hotstuff_runner::smrol::network: ⚠️ [Check] Writer 1 -> 9 slow write: 68.264368ms
2025-12-07T10:34:52.234730Z  WARN ThreadId(25) hotstuff_runner::smrol::network: ⚠️ [Check] Writer 1 -> 26 slow write: 91.02242ms
2025-12-07T10:34:52.235080Z  WARN ThreadId(25) hotstuff_runner::smrol::network: ⚠️ [Check] Writer 1 -> 25 slow write: 90.537437ms
2025-12-07T10:34:52.279475Z  WARN ThreadId(24) hotstuff_runner::smrol::network: ⚠️ [Check] Writer 1 -> 27 slow write: 68.128754ms
2025-12-07T10:34:52.286377Z  WARN ThreadId(24) hotstuff_runner::smrol::network: ⚠️ [Check] Writer 1 -> 20 slow write: 143.033119ms
2025-12-07T10:34:52.293847Z  WARN ThreadId(24) hotstuff_runner::smrol::network: ⚠️ [Check] Writer 1 -> 29 slow write: 75.39906ms
2025-12-07T10:34:52.296078Z  WARN ThreadId(24) hotstuff_runner::smrol::network: ⚠️ [Check] Writer 1 -> 28 slow write: 76.1503ms
2025-12-07T10:34:52.329208Z  WARN ThreadId(24) hotstuff_runner::smrol::network: ⚠️ [Check] Writer 1 -> 11 slow write: 184.314015ms
2025-12-07T10:34:52.339236Z  WARN ThreadId(24) hotstuff_runner::smrol::network: ⚠️ [Check] Writer 1 -> 18 slow write: 195.761029ms
2025-12-07T10:34:52.339647Z  WARN ThreadId(24) hotstuff_runner::smrol::network: ⚠️ [Check] Writer 1 -> 17 slow write: 195.669216ms
2025-12-07T10:34:52.340999Z  WARN ThreadId(24) hotstuff_runner::smrol::network: ⚠️ [Check] Writer 1 -> 19 slow write: 196.243172ms
2025-12-07T10:34:52.341042Z  WARN ThreadId(24) hotstuff_runner::smrol::network: ⚠️ [Check] Writer 1 -> 16 slow write: 197.94716ms
2025-12-07T10:34:52.352400Z  WARN ThreadId(24) hotstuff_runner::smrol::network: ⚠️ [Check] Writer 1 -> 14 slow write: 209.720283ms
2025-12-07T10:34:52.355650Z  WARN ThreadId(24) hotstuff_runner::smrol::network: ⚠️ [Check] Writer 1 -> 15 slow write: 212.626045ms
2025-12-07T10:34:52.356331Z  WARN ThreadId(24) hotstuff_runner::smrol::network: ⚠️ [Check] Writer 1 -> 13 slow write: 212.45775ms
2025-12-07T10:34:52.365229Z  WARN ThreadId(24) hotstuff_runner::smrol::network: ⚠️ [Check] Writer 1 -> 30 slow write: 111.240231ms
2025-12-07T10:34:52.510144Z  WARN ThreadId(24) hotstuff_runner::smrol::network: ⚠️ [Check] Writer 1 -> 12 slow write: 183.466791ms
2025-12-07T10:34:52.532661Z  WARN ThreadId(25) hotstuff_runner::smrol::network: ⚠️ [Check] Writer 1 -> 10 slow write: 194.702309ms
2025-12-07T10:34:54.457225Z  WARN ThreadId(25) hotstuff_runner::smrol::network: ⚠️ [Check] Writer 1 -> 27 slow write: 14.126139ms
2025-12-07T10:34:54.464048Z  WARN ThreadId(24) hotstuff_runner::smrol::network: ⚠️ [Check] Writer 1 -> 29 slow write: 21.054735ms
2025-12-07T10:34:54.465062Z  WARN ThreadId(24) hotstuff_runner::smrol::network: ⚠️ [Check] Writer 1 -> 28 slow write: 20.259032ms
2025-12-07T10:34:54.539080Z  WARN ThreadId(24) hotstuff_runner::smrol::network: ⚠️ [Check] Writer 1 -> 18 slow write: 7.4553ms
2025-12-07T10:34:54.539792Z  WARN ThreadId(24) hotstuff_runner::smrol::network: ⚠️ [Check] Writer 1 -> 19 slow write: 8.400967ms
2025-12-07T10:34:54.573530Z  WARN ThreadId(24) hotstuff_runner::smrol::network: ⚠️ [Check] Writer 1 -> 11 slow write: 11.730102ms
2025-12-07T10:34:54.584773Z  WARN ThreadId(25) hotstuff_runner::smrol::network: ⚠️ [Check] Writer 1 -> 17 slow write: 23.106393ms
2025-12-07T10:34:54.586973Z  WARN ThreadId(25) hotstuff_runner::smrol::network: ⚠️ [Check] Writer 1 -> 16 slow write: 25.365376ms
2025-12-07T10:34:54.601929Z  WARN ThreadId(25) hotstuff_runner::smrol::network: ⚠️ [Check] Writer 1 -> 15 slow write: 47.931614ms
2025-12-07T10:34:54.611065Z  WARN ThreadId(25) hotstuff_runner::smrol::network: ⚠️ [Check] Writer 1 -> 13 slow write: 49.404365ms
2025-12-07T10:34:54.725547Z  WARN ThreadId(25) hotstuff_runner::smrol::network: ⚠️ [Check] Writer 1 -> 26 slow write: 8.353247ms
2025-12-07T10:34:54.729008Z  WARN ThreadId(24) hotstuff_runner::smrol::network: ⚠️ [Check] Writer 1 -> 20 slow write: 17.00332ms
2025-12-07T10:34:54.811540Z  WARN ThreadId(24) hotstuff_runner::smrol::network: ⚠️ [Check] Writer 1 -> 12 slow write: 184.167971ms
2025-12-07T10:34:54.818135Z  WARN ThreadId(25) hotstuff_runner::smrol::network: ⚠️ [Check] Writer 1 -> 12 slow write: 183.76247ms
2025-12-07T10:34:54.894496Z  WARN ThreadId(25) hotstuff_runner::smrol::network: ⚠️ [Check] Writer 1 -> 10 slow write: 22.593088ms
2025-12-07T10:34:54.895532Z  WARN ThreadId(25) hotstuff_runner::smrol::network: ⚠️ [Check] Writer 1 -> 25 slow write: 16.373052ms
2025-12-07T10:34:54.912190Z  WARN ThreadId(25) hotstuff_runner::smrol::network: ⚠️ [Check] Writer 1 -> 8 slow write: 12.885134ms
2025-12-07T10:34:54.912932Z  WARN ThreadId(24) hotstuff_runner::smrol::network: ⚠️ [Check] Writer 1 -> 5 slow write: 20.639773ms
2025-12-07T10:34:54.915241Z  WARN ThreadId(24) hotstuff_runner::smrol::network: ⚠️ [Check] Writer 1 -> 9 slow write: 16.936588ms
2025-12-07T10:34:54.915295Z  WARN ThreadId(24) hotstuff_runner::smrol::network: ⚠️ [Check] Writer 1 -> 7 slow write: 22.799234ms
2025-12-07T10:34:54.915321Z  WARN ThreadId(24) hotstuff_runner::smrol::network: ⚠️ [Check] Writer 1 -> 6 slow write: 16.9893ms
2025-12-07T10:34:55.239514Z  WARN ThreadId(24) hotstuff_runner::smrol::network: ⚠️ [Check] Writer 1 -> 12 slow write: 183.80448ms
2025-12-07T10:34:56.954338Z  WARN ThreadId(09) docker_node:   Connection reuse ineffective (2.0 msg/conn)
2025-12-07T10:34:57.011168Z  WARN ThreadId(09) docker_node: Node 1 Regular transaction queue backlog: 207218 transactions
2025-12-07T10:34:58.321194Z  WARN ThreadId(21) hotstuff_runner::tcp_node: Node 1 view 131 timed out; latency may accumulate
2025-12-07T10:35:01.954872Z  WARN ThreadId(06) docker_node: HotStuff processing bottleneck detected:
2025-12-07T10:35:01.954894Z  WARN ThreadId(06) docker_node:    - HotStuff queue backlog: 207218 transactions
2025-12-07T10:35:01.954900Z  WARN ThreadId(06) docker_node:    - Confirmation TPS (0.0) much lower than submission TPS (0.4)
2025-12-07T10:35:01.954906Z  WARN ThreadId(06) docker_node:    - Possible cause: HotStuff consensus network delay or block size limitation
2025-12-07T10:35:01.954914Z  WARN ThreadId(06) docker_node:   Connection reuse ineffective (2.0 msg/conn)
2025-12-07T10:35:02.011165Z  WARN ThreadId(09) docker_node: Node 1 Regular transaction queue backlog: 207218 transactions
2025-12-07T10:35:06.955251Z  WARN ThreadId(09) docker_node:   Connection reuse ineffective (2.0 msg/conn)
2025-12-07T10:35:07.010462Z  WARN ThreadId(09) docker_node: Node 1 Regular transaction queue backlog: 207218 transactions
2025-12-07T10:35:10.773736Z  WARN ThreadId(21) hotstuff_runner::tcp_node: Node 1 view 135 timed out; latency may accumulate
2025-12-07T10:35:11.581548Z  WARN ThreadId(20) hotstuff_rs::block_tree::invariants: SAFE_PC_FAIL: pc.block=[104, 249, 7, 72, 82, 49, 81, 188, 130, 109, 84, 118, 255, 210, 31, 66, 192, 159, 123, 65, 109, 1, 152, 4, 106, 144, 223, 189, 245, 99, 243, 191] view=130 phase=Generic | cond1(chain_id/genesis)=true (pc.chain_id=0, my.chain_id=0) | cond2(block_exists/genesis)=true (exists=true) | cond3(view>locked || extends)=false (pc.view=130, locked.view=133, extends=false) | cond4(phase/updates)=true (phase_special=false, has_updates=false) | highest_pc.block=[211, 184, 123, 13, 178, 223, 23, 12, 102, 101, 186, 163, 78, 10, 112, 148, 176, 86, 239, 206, 148, 70, 120, 178, 40, 70, 241, 125, 61, 160, 224, 223] highest_pc.view=134 locked.block=[159, 167, 50, 84, 99, 249, 30, 108, 182, 133, 243, 250, 177, 149, 196, 6, 20, 212, 30, 11, 252, 179, 110, 142, 48, 171, 255, 252, 171, 38, 219, 95] locked.view=133    
2025-12-07T10:35:11.581586Z  WARN ThreadId(20) hotstuff_rs::block_tree::invariants: SAFE_BLOCK_FAIL: block=[104, 4, 33, 250, 144, 126, 179, 104, 67, 220, 62, 13, 197, 213, 188, 62, 77, 144, 153, 71, 146, 151, 128, 8, 177, 201, 139, 238, 228, 77, 106, 29] height=None | cond1(safe_pc)=false | cond2(is_block_justify)=true (justify.phase=Generic) | justify.block=[104, 249, 7, 72, 82, 49, 81, 188, 130, 109, 84, 118, 255, 210, 31, 66, 192, 159, 123, 65, 109, 1, 152, 4, 106, 144, 223, 189, 245, 99, 243, 191] justify.view=130 | highest_pc.block=[211, 184, 123, 13, 178, 223, 23, 12, 102, 101, 186, 163, 78, 10, 112, 148, 176, 86, 239, 206, 148, 70, 120, 178, 40, 70, 241, 125, 61, 160, 224, 223] highest_pc.view=134 | locked.block=[159, 167, 50, 84, 99, 249, 30, 108, 182, 133, 243, 250, 177, 149, 196, 6, 20, 212, 30, 11, 252, 179, 110, 142, 48, 171, 255, 252, 171, 38, 219, 95] locked.view=133    
2025-12-07T10:35:11.954807Z  WARN ThreadId(09) docker_node:   Connection reuse ineffective (2.0 msg/conn)
2025-12-07T10:35:12.011027Z  WARN ThreadId(09) docker_node: Node 1 Regular transaction queue backlog: 207218 transactions
2025-12-07T10:35:15.774553Z  WARN ThreadId(21) hotstuff_runner::tcp_node: Node 1 view 136 timed out; latency may accumulate
2025-12-07T10:35:16.954610Z  WARN ThreadId(09) docker_node:   Connection reuse ineffective (2.0 msg/conn)
2025-12-07T10:35:17.010816Z  WARN ThreadId(09) docker_node: Node 1 Regular transaction queue backlog: 207218 transactions
2025-12-07T10:35:20.775345Z  WARN ThreadId(21) hotstuff_runner::tcp_node: Node 1 view 137 timed out; latency may accumulate
2025-12-07T10:35:21.954314Z  WARN ThreadId(09) docker_node:   Connection reuse ineffective (2.0 msg/conn)
2025-12-07T10:35:22.010543Z  WARN ThreadId(03) docker_node: Node 1 Regular transaction queue backlog: 207218 transactions
2025-12-07T10:35:22.114693Z  WARN ThreadId(20) hotstuff_rs::block_tree::invariants: SAFE_PC_FAIL: pc.block=[104, 249, 7, 72, 82, 49, 81, 188, 130, 109, 84, 118, 255, 210, 31, 66, 192, 159, 123, 65, 109, 1, 152, 4, 106, 144, 223, 189, 245, 99, 243, 191] view=130 phase=Generic | cond1(chain_id/genesis)=true (pc.chain_id=0, my.chain_id=0) | cond2(block_exists/genesis)=true (exists=true) | cond3(view>locked || extends)=false (pc.view=130, locked.view=133, extends=false) | cond4(phase/updates)=true (phase_special=false, has_updates=false) | highest_pc.block=[211, 184, 123, 13, 178, 223, 23, 12, 102, 101, 186, 163, 78, 10, 112, 148, 176, 86, 239, 206, 148, 70, 120, 178, 40, 70, 241, 125, 61, 160, 224, 223] highest_pc.view=134 locked.block=[159, 167, 50, 84, 99, 249, 30, 108, 182, 133, 243, 250, 177, 149, 196, 6, 20, 212, 30, 11, 252, 179, 110, 142, 48, 171, 255, 252, 171, 38, 219, 95] locked.view=133    
2025-12-07T10:35:22.114726Z  WARN ThreadId(20) hotstuff_rs::block_tree::invariants: SAFE_BLOCK_FAIL: block=[204, 27, 21, 155, 76, 18, 117, 151, 79, 175, 36, 6, 194, 192, 170, 105, 60, 226, 173, 171, 107, 19, 174, 41, 129, 238, 51, 100, 222, 117, 195, 235] height=None | cond1(safe_pc)=false | cond2(is_block_justify)=true (justify.phase=Generic) | justify.block=[104, 249, 7, 72, 82, 49, 81, 188, 130, 109, 84, 118, 255, 210, 31, 66, 192, 159, 123, 65, 109, 1, 152, 4, 106, 144, 223, 189, 245, 99, 243, 191] justify.view=130 | highest_pc.block=[211, 184, 123, 13, 178, 223, 23, 12, 102, 101, 186, 163, 78, 10, 112, 148, 176, 86, 239, 206, 148, 70, 120, 178, 40, 70, 241, 125, 61, 160, 224, 223] highest_pc.view=134 | locked.block=[159, 167, 50, 84, 99, 249, 30, 108, 182, 133, 243, 250, 177, 149, 196, 6, 20, 212, 30, 11, 252, 179, 110, 142, 48, 171, 255, 252, 171, 38, 219, 95] locked.view=133    
2025-12-07T10:35:25.776155Z  WARN ThreadId(21) hotstuff_runner::tcp_node: Node 1 view 138 timed out; latency may accumulate
2025-12-07T10:35:26.955303Z  WARN ThreadId(03) docker_node:   Connection reuse ineffective (2.0 msg/conn)
2025-12-07T10:35:27.010443Z  WARN ThreadId(03) docker_node: Node 1 Regular transaction queue backlog: 207218 transactions
2025-12-07T10:35:31.954460Z  WARN ThreadId(03) docker_node:   Connection reuse ineffective (2.0 msg/conn)
2025-12-07T10:35:32.010689Z  WARN ThreadId(03) docker_node: Node 1 Regular transaction queue backlog: 207218 transactions
2025-12-07T10:35:33.179462Z  WARN ThreadId(20) hotstuff_rs::block_tree::invariants: SAFE_PC_FAIL: pc.block=[104, 249, 7, 72, 82, 49, 81, 188, 130, 109, 84, 118, 255, 210, 31, 66, 192, 159, 123, 65, 109, 1, 152, 4, 106, 144, 223, 189, 245, 99, 243, 191] view=130 phase=Generic | cond1(chain_id/genesis)=true (pc.chain_id=0, my.chain_id=0) | cond2(block_exists/genesis)=true (exists=true) | cond3(view>locked || extends)=false (pc.view=130, locked.view=139, extends=false) | cond4(phase/updates)=true (phase_special=false, has_updates=false) | highest_pc.block=[44, 216, 238, 4, 9, 153, 69, 12, 252, 237, 119, 33, 118, 79, 59, 52, 100, 220, 232, 112, 163, 16, 239, 62, 250, 186, 28, 16, 117, 202, 235, 125] highest_pc.view=140 locked.block=[144, 234, 37, 251, 6, 164, 30, 86, 77, 77, 224, 170, 228, 185, 128, 30, 62, 76, 56, 248, 10, 217, 239, 64, 172, 246, 221, 214, 87, 167, 210, 103] locked.view=139    
2025-12-07T10:35:33.179518Z  WARN ThreadId(20) hotstuff_rs::block_tree::invariants: SAFE_BLOCK_FAIL: block=[77, 201, 164, 182, 140, 202, 118, 137, 113, 240, 48, 57, 249, 44, 123, 200, 222, 114, 115, 89, 21, 185, 33, 247, 51, 200, 62, 185, 206, 9, 61, 200] height=None | cond1(safe_pc)=false | cond2(is_block_justify)=true (justify.phase=Generic) | justify.block=[104, 249, 7, 72, 82, 49, 81, 188, 130, 109, 84, 118, 255, 210, 31, 66, 192, 159, 123, 65, 109, 1, 152, 4, 106, 144, 223, 189, 245, 99, 243, 191] justify.view=130 | highest_pc.block=[44, 216, 238, 4, 9, 153, 69, 12, 252, 237, 119, 33, 118, 79, 59, 52, 100, 220, 232, 112, 163, 16, 239, 62, 250, 186, 28, 16, 117, 202, 235, 125] highest_pc.view=140 | locked.block=[144, 234, 37, 251, 6, 164, 30, 86, 77, 77, 224, 170, 228, 185, 128, 30, 62, 76, 56, 248, 10, 217, 239, 64, 172, 246, 221, 214, 87, 167, 210, 103] locked.view=139    
2025-12-07T10:35:36.954970Z  WARN ThreadId(03) docker_node:   Connection reuse ineffective (2.0 msg/conn)
2025-12-07T10:35:37.011193Z  WARN ThreadId(03) docker_node: Node 1 Regular transaction queue backlog: 207218 transactions
2025-12-07T10:35:39.820118Z  WARN ThreadId(20) hotstuff_rs::block_tree::invariants: SAFE_PC_FAIL: pc.block=[59, 35, 159, 27, 193, 99, 116, 38, 120, 74, 227, 243, 15, 122, 27, 231, 113, 69, 14, 70, 164, 186, 137, 34, 200, 171, 228, 129, 64, 217, 70, 22] view=128 phase=Generic | cond1(chain_id/genesis)=true (pc.chain_id=0, my.chain_id=0) | cond2(block_exists/genesis)=true (exists=true) | cond3(view>locked || extends)=false (pc.view=128, locked.view=139, extends=false) | cond4(phase/updates)=true (phase_special=false, has_updates=false) | highest_pc.block=[44, 216, 238, 4, 9, 153, 69, 12, 252, 237, 119, 33, 118, 79, 59, 52, 100, 220, 232, 112, 163, 16, 239, 62, 250, 186, 28, 16, 117, 202, 235, 125] highest_pc.view=140 locked.block=[144, 234, 37, 251, 6, 164, 30, 86, 77, 77, 224, 170, 228, 185, 128, 30, 62, 76, 56, 248, 10, 217, 239, 64, 172, 246, 221, 214, 87, 167, 210, 103] locked.view=139    
2025-12-07T10:35:39.820174Z  WARN ThreadId(20) hotstuff_rs::block_tree::invariants: SAFE_BLOCK_FAIL: block=[100, 67, 237, 28, 73, 230, 236, 120, 172, 50, 214, 251, 105, 70, 230, 146, 164, 26, 18, 229, 238, 190, 0, 154, 42, 17, 121, 136, 48, 113, 241, 220] height=None | cond1(safe_pc)=false | cond2(is_block_justify)=true (justify.phase=Generic) | justify.block=[59, 35, 159, 27, 193, 99, 116, 38, 120, 74, 227, 243, 15, 122, 27, 231, 113, 69, 14, 70, 164, 186, 137, 34, 200, 171, 228, 129, 64, 217, 70, 22] justify.view=128 | highest_pc.block=[44, 216, 238, 4, 9, 153, 69, 12, 252, 237, 119, 33, 118, 79, 59, 52, 100, 220, 232, 112, 163, 16, 239, 62, 250, 186, 28, 16, 117, 202, 235, 125] highest_pc.view=140 | locked.block=[144, 234, 37, 251, 6, 164, 30, 86, 77, 77, 224, 170, 228, 185, 128, 30, 62, 76, 56, 248, 10, 217, 239, 64, 172, 246, 221, 214, 87, 167, 210, 103] locked.view=139    
2025-12-07T10:35:41.955107Z  WARN ThreadId(03) docker_node:   Connection reuse ineffective (2.0 msg/conn)
2025-12-07T10:35:42.010330Z  WARN ThreadId(03) docker_node: Node 1 Regular transaction queue backlog: 207218 transactions
2025-12-07T10:35:46.954604Z  WARN ThreadId(03) docker_node:   Connection reuse ineffective (2.0 msg/conn)
2025-12-07T10:35:47.010833Z  WARN ThreadId(03) docker_node: Node 1 Regular transaction queue backlog: 207218 transactions
2025-12-07T10:35:51.954927Z  WARN ThreadId(03) docker_node:   Connection reuse ineffective (2.0 msg/conn)
2025-12-07T10:35:52.011130Z  WARN ThreadId(09) docker_node: Node 1 Regular transaction queue backlog: 207218 transactions
2025-12-07T10:35:53.101951Z  WARN ThreadId(21) hotstuff_runner::tcp_node: Node 1 view 145 timed out; latency may accumulate
2025-12-07T10:35:53.102589Z  WARN ThreadId(20) hotstuff_runner::app: Node 1 [produce_block] queue size: 207218, attempting up to 180000 transactions this block    
2025-12-07T10:35:53.155326Z  WARN ThreadId(20) hotstuff_runner::app: Node 1 view(146) far exceeds block count (4); potential sync issue    
2025-12-07T10:35:56.954439Z  WARN ThreadId(09) docker_node:   Connection reuse ineffective (2.0 msg/conn)
2025-12-07T10:36:01.954474Z  WARN ThreadId(09) docker_node:   Connection reuse ineffective (2.0 msg/conn)
2025-12-07T10:36:06.955875Z  WARN ThreadId(09) docker_node:   Connection reuse ineffective (2.0 msg/conn)
2025-12-07T10:36:11.955111Z  WARN ThreadId(09) docker_node:   Connection reuse ineffective (2.0 msg/conn)
2025-12-07T10:36:16.954345Z  WARN ThreadId(09) docker_node:   Connection reuse ineffective (2.0 msg/conn)
2025-12-07T10:36:21.954910Z  WARN ThreadId(09) docker_node:   Connection reuse ineffective (2.0 msg/conn)
2025-12-07T10:36:26.954655Z  WARN ThreadId(06) docker_node:   Connection reuse ineffective (2.0 msg/conn)
2025-12-07T10:36:31.955121Z  WARN ThreadId(06) docker_node:   Connection reuse ineffective (2.0 msg/conn)
2025-12-07T10:36:36.954381Z  WARN ThreadId(06) docker_node:   Connection reuse ineffective (2.0 msg/conn)
2025-12-07T10:36:41.954637Z  WARN ThreadId(06) docker_node:   Connection reuse ineffective (2.0 msg/conn)
2025-12-07T10:36:46.954876Z  WARN ThreadId(06) docker_node:   Connection reuse ineffective (2.0 msg/conn)
2025-12-07T10:36:51.954377Z  WARN ThreadId(06) docker_node:   Connection reuse ineffective (2.0 msg/conn)
2025-12-07T10:36:56.954620Z  WARN ThreadId(03) docker_node:   Connection reuse ineffective (2.0 msg/conn)
2025-12-07T10:37:01.954850Z  WARN ThreadId(03) docker_node:   Connection reuse ineffective (2.0 msg/conn)
2025-12-07T10:37:06.955106Z  WARN ThreadId(03) docker_node:   Connection reuse ineffective (2.0 msg/conn)
2025-12-07T10:37:11.954334Z  WARN ThreadId(03) docker_node:   Connection reuse ineffective (2.0 msg/conn)
