2025-12-10T02:10:52.195936Z  WARN ThreadId(01) docker_node: metrics exporter disabled by SMROL_DISABLE_METRICS
2025-12-10T02:11:12.412903Z  WARN ThreadId(01) hotstuff_runner::tcp_node: Node 0 view timeout set to 5000 ms
2025-12-10T02:11:12.422608Z  WARN ThreadId(01) hotstuff_runner::smrol::sequencing: SMROL_MEDIAN_INFLIGHT=24, SMROL_ORDER_FINALIZE_INFLIGHT=4, SMROL_FINAL_SIGN_INFLIGHT=4, SMROL_FINAL_VERIFY_INFLIGHT=24
2025-12-10T02:11:12.422658Z  WARN ThreadId(01) hotstuff_runner::smrol::sequencing: [Sequencing] Node 0 multi-signature verification disabled: false
2025-12-10T02:11:12.423257Z  WARN ThreadId(07) hotstuff_runner::smrol::sequencing: [Sequencing] Node 0 final verify dispatcher started
2025-12-10T02:11:13.135405Z ERROR ThreadId(23) hotstuff_runner::pompe_network: Node 0 failed to connect to node 6: Connection refused (os error 111)
2025-12-10T02:11:13.202186Z ERROR ThreadId(23) hotstuff_runner::pompe_network: Node 0 failed to connect to node 7: Connection refused (os error 111)
2025-12-10T02:11:13.278504Z ERROR ThreadId(23) hotstuff_runner::pompe_network: Node 0 failed to connect to node 8: Connection refused (os error 111)
2025-12-10T02:11:13.390281Z ERROR ThreadId(22) hotstuff_runner::pompe_network: Node 0 failed to connect to node 9: Connection refused (os error 111)
2025-12-10T02:11:17.413835Z  WARN ThreadId(21) hotstuff_runner::tcp_node: Node 0 view 0 timed out; latency may accumulate
2025-12-10T02:11:17.424539Z  WARN ThreadId(09) docker_node:   Connection reuse ineffective (2.0 msg/conn)
2025-12-10T02:11:17.427373Z  WARN ThreadId(01) docker_node: Node 0 port 20000 temporarily unreachable: failed to lookup address information: Temporary failure in name resolution
2025-12-10T02:11:17.429071Z  WARN ThreadId(01) docker_node: Node 1 port 20001 temporarily unreachable: failed to lookup address information: Temporary failure in name resolution
2025-12-10T02:11:17.430747Z  WARN ThreadId(01) docker_node: Node 2 port 20002 temporarily unreachable: failed to lookup address information: Temporary failure in name resolution
2025-12-10T02:11:17.432450Z  WARN ThreadId(01) docker_node: Node 3 port 20003 temporarily unreachable: failed to lookup address information: Temporary failure in name resolution
2025-12-10T02:11:17.434126Z  WARN ThreadId(01) docker_node: Node 4 port 20004 temporarily unreachable: failed to lookup address information: Temporary failure in name resolution
2025-12-10T02:11:17.435699Z  WARN ThreadId(01) docker_node: Node 5 port 20005 temporarily unreachable: failed to lookup address information: Temporary failure in name resolution
2025-12-10T02:11:17.437275Z  WARN ThreadId(01) docker_node: Node 6 port 20006 temporarily unreachable: failed to lookup address information: Temporary failure in name resolution
2025-12-10T02:11:17.438957Z  WARN ThreadId(01) docker_node: Node 7 port 20007 temporarily unreachable: failed to lookup address information: Temporary failure in name resolution
2025-12-10T02:11:17.440484Z  WARN ThreadId(01) docker_node: Node 8 port 20008 temporarily unreachable: failed to lookup address information: Temporary failure in name resolution
2025-12-10T02:11:17.442164Z  WARN ThreadId(01) docker_node: Node 9 port 20009 temporarily unreachable: failed to lookup address information: Temporary failure in name resolution
2025-12-10T02:11:19.006027Z  WARN ThreadId(20) hotstuff_runner::app: Node 0 [produce_block] queue size: 0, attempting up to 0 transactions this block    
2025-12-10T02:11:20.507782Z  WARN ThreadId(20) hotstuff_runner::app: Node 0 [produce_block] queue size: 0, attempting up to 0 transactions this block    
2025-12-10T02:11:22.039601Z  WARN ThreadId(20) hotstuff_runner::app: Node 0 [produce_block] queue size: 0, attempting up to 0 transactions this block    
2025-12-10T02:11:22.424124Z  WARN ThreadId(09) docker_node:   Connection reuse ineffective (2.0 msg/conn)
2025-12-10T02:11:23.559025Z  WARN ThreadId(20) hotstuff_runner::app: Node 0 [produce_block] queue size: 0, attempting up to 0 transactions this block    
2025-12-10T02:11:25.081082Z  WARN ThreadId(20) hotstuff_runner::app: Node 0 [produce_block] queue size: 0, attempting up to 0 transactions this block    
2025-12-10T02:11:26.602786Z  WARN ThreadId(20) hotstuff_runner::app: Node 0 [produce_block] queue size: 0, attempting up to 0 transactions this block    
2025-12-10T02:11:27.424260Z  WARN ThreadId(09) docker_node:   Connection reuse ineffective (2.0 msg/conn)
2025-12-10T02:11:28.110631Z  WARN ThreadId(20) hotstuff_runner::app: Node 0 [produce_block] queue size: 0, attempting up to 0 transactions this block    
2025-12-10T02:11:29.616700Z  WARN ThreadId(20) hotstuff_runner::app: Node 0 [produce_block] queue size: 0, attempting up to 0 transactions this block    
2025-12-10T02:11:31.124494Z  WARN ThreadId(20) hotstuff_runner::app: Node 0 [produce_block] queue size: 0, attempting up to 0 transactions this block    
2025-12-10T02:11:32.424774Z  WARN ThreadId(07) docker_node:   Connection reuse ineffective (2.0 msg/conn)
2025-12-10T02:11:32.631061Z  WARN ThreadId(20) hotstuff_runner::app: Node 0 [produce_block] queue size: 0, attempting up to 0 transactions this block    
2025-12-10T02:11:34.137128Z  WARN ThreadId(20) hotstuff_runner::app: Node 0 [produce_block] queue size: 0, attempting up to 0 transactions this block    
2025-12-10T02:11:35.643117Z  WARN ThreadId(20) hotstuff_runner::app: Node 0 [produce_block] queue size: 0, attempting up to 0 transactions this block    
2025-12-10T02:11:35.643145Z  WARN ThreadId(20) hotstuff_runner::app: Node 0 view(115) far exceeds block count (11); potential sync issue    
2025-12-10T02:11:37.150286Z  WARN ThreadId(20) hotstuff_runner::app: Node 0 [produce_block] queue size: 0, attempting up to 0 transactions this block    
2025-12-10T02:11:37.150300Z  WARN ThreadId(20) hotstuff_runner::app: Node 0 view(125) far exceeds block count (12); potential sync issue    
2025-12-10T02:11:37.424810Z  WARN ThreadId(07) docker_node:   Connection reuse ineffective (2.0 msg/conn)
2025-12-10T02:11:38.661704Z  WARN ThreadId(20) hotstuff_runner::app: Node 0 [produce_block] queue size: 0, attempting up to 0 transactions this block    
2025-12-10T02:11:38.661719Z  WARN ThreadId(20) hotstuff_runner::app: Node 0 view(135) far exceeds block count (13); potential sync issue    
2025-12-10T02:11:40.174805Z  WARN ThreadId(20) hotstuff_runner::app: Node 0 [produce_block] queue size: 20, attempting up to 20 transactions this block    
2025-12-10T02:11:40.174851Z  WARN ThreadId(20) hotstuff_runner::app: Node 0 view(145) far exceeds block count (14); potential sync issue    
2025-12-10T02:11:41.683746Z  WARN ThreadId(20) hotstuff_runner::app: Node 0 [produce_block] queue size: 0, attempting up to 0 transactions this block    
2025-12-10T02:11:41.683765Z  WARN ThreadId(20) hotstuff_runner::app: Node 0 view(155) far exceeds block count (15); potential sync issue    
2025-12-10T02:11:42.424564Z  WARN ThreadId(09) docker_node:   Connection reuse ineffective (2.0 msg/conn)
2025-12-10T02:11:43.194657Z  WARN ThreadId(20) hotstuff_runner::app: Node 0 [produce_block] queue size: 0, attempting up to 0 transactions this block    
2025-12-10T02:11:43.194675Z  WARN ThreadId(20) hotstuff_runner::app: Node 0 view(165) far exceeds block count (16); potential sync issue    
2025-12-10T02:11:44.700519Z  WARN ThreadId(20) hotstuff_runner::app: Node 0 [produce_block] queue size: 0, attempting up to 0 transactions this block    
2025-12-10T02:11:44.700536Z  WARN ThreadId(20) hotstuff_runner::app: Node 0 view(175) far exceeds block count (17); potential sync issue    
2025-12-10T02:11:46.206672Z  WARN ThreadId(20) hotstuff_runner::app: Node 0 [produce_block] queue size: 0, attempting up to 0 transactions this block    
2025-12-10T02:11:46.206694Z  WARN ThreadId(20) hotstuff_runner::app: Node 0 view(185) far exceeds block count (18); potential sync issue    
2025-12-10T02:11:47.424630Z  WARN ThreadId(07) docker_node:   Connection reuse ineffective (2.0 msg/conn)
2025-12-10T02:11:47.712607Z  WARN ThreadId(20) hotstuff_runner::app: Node 0 [produce_block] queue size: 0, attempting up to 0 transactions this block    
2025-12-10T02:11:47.712626Z  WARN ThreadId(20) hotstuff_runner::app: Node 0 view(195) far exceeds block count (19); potential sync issue    
2025-12-10T02:11:49.222003Z  WARN ThreadId(20) hotstuff_runner::app: Node 0 [produce_block] queue size: 0, attempting up to 0 transactions this block    
2025-12-10T02:11:49.222018Z  WARN ThreadId(20) hotstuff_runner::app: Node 0 view(205) far exceeds block count (20); potential sync issue    
2025-12-10T02:11:50.730628Z  WARN ThreadId(20) hotstuff_runner::app: Node 0 [produce_block] queue size: 0, attempting up to 0 transactions this block    
2025-12-10T02:11:50.730646Z  WARN ThreadId(20) hotstuff_runner::app: Node 0 view(215) far exceeds block count (21); potential sync issue    
2025-12-10T02:11:52.240963Z  WARN ThreadId(20) hotstuff_runner::app: Node 0 [produce_block] queue size: 0, attempting up to 0 transactions this block    
2025-12-10T02:11:52.240980Z  WARN ThreadId(20) hotstuff_runner::app: Node 0 view(225) far exceeds block count (22); potential sync issue    
2025-12-10T02:11:52.424309Z  WARN ThreadId(07) docker_node:   Connection reuse ineffective (2.0 msg/conn)
2025-12-10T02:11:53.745820Z  WARN ThreadId(20) hotstuff_runner::app: Node 0 [produce_block] queue size: 0, attempting up to 0 transactions this block    
2025-12-10T02:11:53.745836Z  WARN ThreadId(20) hotstuff_runner::app: Node 0 view(235) far exceeds block count (23); potential sync issue    
2025-12-10T02:11:55.246799Z  WARN ThreadId(20) hotstuff_runner::app: Node 0 [produce_block] queue size: 0, attempting up to 0 transactions this block    
2025-12-10T02:11:55.246815Z  WARN ThreadId(20) hotstuff_runner::app: Node 0 view(245) far exceeds block count (24); potential sync issue    
2025-12-10T02:11:56.750418Z  WARN ThreadId(20) hotstuff_runner::app: Node 0 [produce_block] queue size: 0, attempting up to 0 transactions this block    
2025-12-10T02:11:56.750439Z  WARN ThreadId(20) hotstuff_runner::app: Node 0 view(255) far exceeds block count (25); potential sync issue    
2025-12-10T02:11:57.424560Z  WARN ThreadId(07) docker_node:   Connection reuse ineffective (2.0 msg/conn)
2025-12-10T02:11:58.255094Z  WARN ThreadId(20) hotstuff_runner::app: Node 0 [produce_block] queue size: 0, attempting up to 0 transactions this block    
2025-12-10T02:11:58.255114Z  WARN ThreadId(20) hotstuff_runner::app: Node 0 view(265) far exceeds block count (26); potential sync issue    
2025-12-10T02:11:59.760173Z  WARN ThreadId(20) hotstuff_runner::app: Node 0 [produce_block] queue size: 0, attempting up to 0 transactions this block    
2025-12-10T02:11:59.760192Z  WARN ThreadId(20) hotstuff_runner::app: Node 0 view(275) far exceeds block count (27); potential sync issue    
2025-12-10T02:12:01.264722Z  WARN ThreadId(20) hotstuff_runner::app: Node 0 [produce_block] queue size: 0, attempting up to 0 transactions this block    
2025-12-10T02:12:01.264744Z  WARN ThreadId(20) hotstuff_runner::app: Node 0 view(285) far exceeds block count (28); potential sync issue    
2025-12-10T02:12:02.424643Z  WARN ThreadId(07) docker_node:   Connection reuse ineffective (2.0 msg/conn)
2025-12-10T02:12:02.767822Z  WARN ThreadId(20) hotstuff_runner::app: Node 0 [produce_block] queue size: 0, attempting up to 0 transactions this block    
2025-12-10T02:12:02.767840Z  WARN ThreadId(20) hotstuff_runner::app: Node 0 view(295) far exceeds block count (29); potential sync issue    
2025-12-10T02:12:04.268821Z  WARN ThreadId(20) hotstuff_runner::app: Node 0 [produce_block] queue size: 0, attempting up to 0 transactions this block    
2025-12-10T02:12:04.268836Z  WARN ThreadId(20) hotstuff_runner::app: Node 0 view(305) far exceeds block count (30); potential sync issue    
2025-12-10T02:12:05.766778Z  WARN ThreadId(20) hotstuff_runner::app: Node 0 [produce_block] queue size: 0, attempting up to 0 transactions this block    
2025-12-10T02:12:05.766793Z  WARN ThreadId(20) hotstuff_runner::app: Node 0 view(315) far exceeds block count (31); potential sync issue    
2025-12-10T02:12:07.266373Z  WARN ThreadId(20) hotstuff_runner::app: Node 0 [produce_block] queue size: 0, attempting up to 0 transactions this block    
2025-12-10T02:12:07.266403Z  WARN ThreadId(20) hotstuff_runner::app: Node 0 view(325) far exceeds block count (32); potential sync issue    
2025-12-10T02:12:07.424382Z  WARN ThreadId(07) docker_node:   Connection reuse ineffective (2.0 msg/conn)
2025-12-10T02:12:08.771162Z  WARN ThreadId(20) hotstuff_runner::app: Node 0 [produce_block] queue size: 0, attempting up to 0 transactions this block    
2025-12-10T02:12:08.771180Z  WARN ThreadId(20) hotstuff_runner::app: Node 0 view(335) far exceeds block count (33); potential sync issue    
2025-12-10T02:12:10.273235Z  WARN ThreadId(20) hotstuff_runner::app: Node 0 [produce_block] queue size: 0, attempting up to 0 transactions this block    
2025-12-10T02:12:10.273250Z  WARN ThreadId(20) hotstuff_runner::app: Node 0 view(345) far exceeds block count (34); potential sync issue    
2025-12-10T02:12:11.776617Z  WARN ThreadId(20) hotstuff_runner::app: Node 0 [produce_block] queue size: 0, attempting up to 0 transactions this block    
2025-12-10T02:12:11.776632Z  WARN ThreadId(20) hotstuff_runner::app: Node 0 view(355) far exceeds block count (35); potential sync issue    
2025-12-10T02:12:12.423883Z  WARN ThreadId(07) docker_node:   Connection reuse ineffective (2.0 msg/conn)
2025-12-10T02:12:13.283315Z  WARN ThreadId(20) hotstuff_runner::app: Node 0 [produce_block] queue size: 0, attempting up to 0 transactions this block    
2025-12-10T02:12:13.283351Z  WARN ThreadId(20) hotstuff_runner::app: Node 0 view(365) far exceeds block count (36); potential sync issue    
2025-12-10T02:12:14.790543Z  WARN ThreadId(20) hotstuff_runner::app: Node 0 [produce_block] queue size: 0, attempting up to 0 transactions this block    
2025-12-10T02:12:14.790561Z  WARN ThreadId(20) hotstuff_runner::app: Node 0 view(375) far exceeds block count (37); potential sync issue    
2025-12-10T02:12:16.297388Z  WARN ThreadId(20) hotstuff_runner::app: Node 0 [produce_block] queue size: 0, attempting up to 0 transactions this block    
2025-12-10T02:12:16.297405Z  WARN ThreadId(20) hotstuff_runner::app: Node 0 view(385) far exceeds block count (38); potential sync issue    
2025-12-10T02:12:17.424389Z  WARN ThreadId(09) docker_node:   Connection reuse ineffective (2.0 msg/conn)
2025-12-10T02:12:17.804299Z  WARN ThreadId(20) hotstuff_runner::app: Node 0 [produce_block] queue size: 0, attempting up to 0 transactions this block    
2025-12-10T02:12:17.804315Z  WARN ThreadId(20) hotstuff_runner::app: Node 0 view(395) far exceeds block count (39); potential sync issue    
2025-12-10T02:12:19.309123Z  WARN ThreadId(20) hotstuff_runner::app: Node 0 [produce_block] queue size: 0, attempting up to 0 transactions this block    
2025-12-10T02:12:19.309139Z  WARN ThreadId(20) hotstuff_runner::app: Node 0 view(405) far exceeds block count (40); potential sync issue    
2025-12-10T02:12:20.814363Z  WARN ThreadId(20) hotstuff_runner::app: Node 0 [produce_block] queue size: 0, attempting up to 0 transactions this block    
2025-12-10T02:12:20.814379Z  WARN ThreadId(20) hotstuff_runner::app: Node 0 view(415) far exceeds block count (41); potential sync issue    
2025-12-10T02:12:22.318245Z  WARN ThreadId(20) hotstuff_runner::app: Node 0 [produce_block] queue size: 0, attempting up to 0 transactions this block    
2025-12-10T02:12:22.318262Z  WARN ThreadId(20) hotstuff_runner::app: Node 0 view(425) far exceeds block count (42); potential sync issue    
2025-12-10T02:12:22.424407Z  WARN ThreadId(09) docker_node:   Connection reuse ineffective (2.0 msg/conn)
2025-12-10T02:12:23.823435Z  WARN ThreadId(20) hotstuff_runner::app: Node 0 [produce_block] queue size: 0, attempting up to 0 transactions this block    
2025-12-10T02:12:23.823457Z  WARN ThreadId(20) hotstuff_runner::app: Node 0 view(435) far exceeds block count (43); potential sync issue    
2025-12-10T02:12:25.329324Z  WARN ThreadId(20) hotstuff_runner::app: Node 0 [produce_block] queue size: 0, attempting up to 0 transactions this block    
2025-12-10T02:12:25.329358Z  WARN ThreadId(20) hotstuff_runner::app: Node 0 view(445) far exceeds block count (44); potential sync issue    
2025-12-10T02:12:26.836512Z  WARN ThreadId(20) hotstuff_runner::app: Node 0 [produce_block] queue size: 0, attempting up to 0 transactions this block    
2025-12-10T02:12:26.836525Z  WARN ThreadId(20) hotstuff_runner::app: Node 0 view(455) far exceeds block count (45); potential sync issue    
2025-12-10T02:12:27.424119Z  WARN ThreadId(09) docker_node:   Connection reuse ineffective (2.0 msg/conn)
2025-12-10T02:12:28.343546Z  WARN ThreadId(20) hotstuff_runner::app: Node 0 [produce_block] queue size: 0, attempting up to 0 transactions this block    
2025-12-10T02:12:28.343564Z  WARN ThreadId(20) hotstuff_runner::app: Node 0 view(465) far exceeds block count (46); potential sync issue    
2025-12-10T02:12:29.849451Z  WARN ThreadId(20) hotstuff_runner::app: Node 0 [produce_block] queue size: 0, attempting up to 0 transactions this block    
2025-12-10T02:12:29.849472Z  WARN ThreadId(20) hotstuff_runner::app: Node 0 view(475) far exceeds block count (47); potential sync issue    
2025-12-10T02:12:31.354536Z  WARN ThreadId(20) hotstuff_runner::app: Node 0 [produce_block] queue size: 0, attempting up to 0 transactions this block    
2025-12-10T02:12:31.354554Z  WARN ThreadId(20) hotstuff_runner::app: Node 0 view(485) far exceeds block count (48); potential sync issue    
2025-12-10T02:12:32.424724Z  WARN ThreadId(09) docker_node:   Connection reuse ineffective (2.0 msg/conn)
2025-12-10T02:12:32.858631Z  WARN ThreadId(20) hotstuff_runner::app: Node 0 [produce_block] queue size: 0, attempting up to 0 transactions this block    
2025-12-10T02:12:32.858650Z  WARN ThreadId(20) hotstuff_runner::app: Node 0 view(495) far exceeds block count (49); potential sync issue    
2025-12-10T02:12:34.360581Z  WARN ThreadId(20) hotstuff_runner::app: Node 0 [produce_block] queue size: 0, attempting up to 0 transactions this block    
2025-12-10T02:12:34.360601Z  WARN ThreadId(20) hotstuff_runner::app: Node 0 view(505) far exceeds block count (50); potential sync issue    
2025-12-10T02:12:35.864594Z  WARN ThreadId(20) hotstuff_runner::app: Node 0 [produce_block] queue size: 0, attempting up to 0 transactions this block    
2025-12-10T02:12:35.864613Z  WARN ThreadId(20) hotstuff_runner::app: Node 0 view(515) far exceeds block count (51); potential sync issue    
2025-12-10T02:12:37.368875Z  WARN ThreadId(20) hotstuff_runner::app: Node 0 [produce_block] queue size: 0, attempting up to 0 transactions this block    
2025-12-10T02:12:37.368893Z  WARN ThreadId(20) hotstuff_runner::app: Node 0 view(525) far exceeds block count (52); potential sync issue    
2025-12-10T02:12:37.424157Z  WARN ThreadId(09) docker_node:   Connection reuse ineffective (2.0 msg/conn)
2025-12-10T02:12:38.872551Z  WARN ThreadId(20) hotstuff_runner::app: Node 0 [produce_block] queue size: 0, attempting up to 0 transactions this block    
2025-12-10T02:12:38.872567Z  WARN ThreadId(20) hotstuff_runner::app: Node 0 view(535) far exceeds block count (53); potential sync issue    
2025-12-10T02:12:40.378509Z  WARN ThreadId(20) hotstuff_runner::app: Node 0 [produce_block] queue size: 0, attempting up to 0 transactions this block    
2025-12-10T02:12:40.378525Z  WARN ThreadId(20) hotstuff_runner::app: Node 0 view(545) far exceeds block count (54); potential sync issue    
2025-12-10T02:12:41.881400Z  WARN ThreadId(20) hotstuff_runner::app: Node 0 [produce_block] queue size: 0, attempting up to 0 transactions this block    
2025-12-10T02:12:41.881415Z  WARN ThreadId(20) hotstuff_runner::app: Node 0 view(555) far exceeds block count (55); potential sync issue    
2025-12-10T02:12:42.424156Z  WARN ThreadId(09) docker_node:   Connection reuse ineffective (2.0 msg/conn)
2025-12-10T02:12:43.385478Z  WARN ThreadId(20) hotstuff_runner::app: Node 0 [produce_block] queue size: 0, attempting up to 0 transactions this block    
2025-12-10T02:12:43.385494Z  WARN ThreadId(20) hotstuff_runner::app: Node 0 view(565) far exceeds block count (56); potential sync issue    
2025-12-10T02:12:44.888553Z  WARN ThreadId(20) hotstuff_runner::app: Node 0 [produce_block] queue size: 0, attempting up to 0 transactions this block    
2025-12-10T02:12:44.888579Z  WARN ThreadId(20) hotstuff_runner::app: Node 0 view(575) far exceeds block count (57); potential sync issue    
2025-12-10T02:12:46.402279Z  WARN ThreadId(20) hotstuff_runner::app: Node 0 [produce_block] queue size: 0, attempting up to 0 transactions this block    
2025-12-10T02:12:46.402294Z  WARN ThreadId(20) hotstuff_runner::app: Node 0 view(585) far exceeds block count (58); potential sync issue    
2025-12-10T02:12:47.424347Z  WARN ThreadId(05) docker_node:   Connection reuse ineffective (2.0 msg/conn)
2025-12-10T02:12:47.906251Z  WARN ThreadId(20) hotstuff_runner::app: Node 0 [produce_block] queue size: 0, attempting up to 0 transactions this block    
2025-12-10T02:12:47.906268Z  WARN ThreadId(20) hotstuff_runner::app: Node 0 view(595) far exceeds block count (59); potential sync issue    
2025-12-10T02:12:49.412284Z  WARN ThreadId(20) hotstuff_runner::app: Node 0 [produce_block] queue size: 0, attempting up to 0 transactions this block    
2025-12-10T02:12:49.412305Z  WARN ThreadId(20) hotstuff_runner::app: Node 0 view(605) far exceeds block count (60); potential sync issue    
2025-12-10T02:12:50.926910Z  WARN ThreadId(20) hotstuff_runner::app: Node 0 [produce_block] queue size: 0, attempting up to 0 transactions this block    
2025-12-10T02:12:50.926927Z  WARN ThreadId(20) hotstuff_runner::app: Node 0 view(615) far exceeds block count (61); potential sync issue    
2025-12-10T02:12:52.424126Z  WARN ThreadId(05) docker_node:   Connection reuse ineffective (2.0 msg/conn)
2025-12-10T02:12:52.432406Z  WARN ThreadId(20) hotstuff_runner::app: Node 0 [produce_block] queue size: 0, attempting up to 0 transactions this block    
2025-12-10T02:12:52.432420Z  WARN ThreadId(20) hotstuff_runner::app: Node 0 view(625) far exceeds block count (62); potential sync issue    
2025-12-10T02:12:53.939846Z  WARN ThreadId(20) hotstuff_runner::app: Node 0 [produce_block] queue size: 0, attempting up to 0 transactions this block    
2025-12-10T02:12:53.939861Z  WARN ThreadId(20) hotstuff_runner::app: Node 0 view(635) far exceeds block count (63); potential sync issue    
2025-12-10T02:12:55.449295Z  WARN ThreadId(20) hotstuff_runner::app: Node 0 [produce_block] queue size: 0, attempting up to 0 transactions this block    
2025-12-10T02:12:55.449317Z  WARN ThreadId(20) hotstuff_runner::app: Node 0 view(645) far exceeds block count (64); potential sync issue    
2025-12-10T02:12:56.953650Z  WARN ThreadId(20) hotstuff_runner::app: Node 0 [produce_block] queue size: 0, attempting up to 0 transactions this block    
2025-12-10T02:12:56.953665Z  WARN ThreadId(20) hotstuff_runner::app: Node 0 view(655) far exceeds block count (65); potential sync issue    
2025-12-10T02:12:57.423827Z  WARN ThreadId(05) docker_node:   Connection reuse ineffective (2.0 msg/conn)
2025-12-10T02:12:58.461913Z  WARN ThreadId(20) hotstuff_runner::app: Node 0 [produce_block] queue size: 0, attempting up to 0 transactions this block    
2025-12-10T02:12:58.461929Z  WARN ThreadId(20) hotstuff_runner::app: Node 0 view(665) far exceeds block count (66); potential sync issue    
2025-12-10T02:12:59.971800Z  WARN ThreadId(20) hotstuff_runner::app: Node 0 [produce_block] queue size: 0, attempting up to 0 transactions this block    
2025-12-10T02:12:59.971821Z  WARN ThreadId(20) hotstuff_runner::app: Node 0 view(675) far exceeds block count (67); potential sync issue    
2025-12-10T02:13:01.482928Z  WARN ThreadId(20) hotstuff_runner::app: Node 0 [produce_block] queue size: 0, attempting up to 0 transactions this block    
2025-12-10T02:13:01.482945Z  WARN ThreadId(20) hotstuff_runner::app: Node 0 view(685) far exceeds block count (68); potential sync issue    
2025-12-10T02:13:02.423870Z  WARN ThreadId(05) docker_node:   Connection reuse ineffective (2.0 msg/conn)
2025-12-10T02:13:02.991502Z  WARN ThreadId(20) hotstuff_runner::app: Node 0 [produce_block] queue size: 0, attempting up to 0 transactions this block    
2025-12-10T02:13:02.991521Z  WARN ThreadId(20) hotstuff_runner::app: Node 0 view(695) far exceeds block count (69); potential sync issue    
2025-12-10T02:13:04.496769Z  WARN ThreadId(20) hotstuff_runner::app: Node 0 [produce_block] queue size: 0, attempting up to 0 transactions this block    
2025-12-10T02:13:04.496787Z  WARN ThreadId(20) hotstuff_runner::app: Node 0 view(705) far exceeds block count (70); potential sync issue    
2025-12-10T02:13:06.003197Z  WARN ThreadId(20) hotstuff_runner::app: Node 0 [produce_block] queue size: 0, attempting up to 0 transactions this block    
2025-12-10T02:13:06.003215Z  WARN ThreadId(20) hotstuff_runner::app: Node 0 view(715) far exceeds block count (71); potential sync issue    
2025-12-10T02:13:07.424579Z  WARN ThreadId(07) docker_node:   Connection reuse ineffective (2.0 msg/conn)
2025-12-10T02:13:07.508355Z  WARN ThreadId(20) hotstuff_runner::app: Node 0 [produce_block] queue size: 0, attempting up to 0 transactions this block    
2025-12-10T02:13:07.508374Z  WARN ThreadId(20) hotstuff_runner::app: Node 0 view(725) far exceeds block count (72); potential sync issue    
2025-12-10T02:13:09.015307Z  WARN ThreadId(20) hotstuff_runner::app: Node 0 [produce_block] queue size: 0, attempting up to 0 transactions this block    
2025-12-10T02:13:09.015323Z  WARN ThreadId(20) hotstuff_runner::app: Node 0 view(735) far exceeds block count (73); potential sync issue    
2025-12-10T02:13:10.522674Z  WARN ThreadId(20) hotstuff_runner::app: Node 0 [produce_block] queue size: 0, attempting up to 0 transactions this block    
2025-12-10T02:13:10.522691Z  WARN ThreadId(20) hotstuff_runner::app: Node 0 view(745) far exceeds block count (74); potential sync issue    
2025-12-10T02:13:12.032474Z  WARN ThreadId(20) hotstuff_runner::app: Node 0 [produce_block] queue size: 0, attempting up to 0 transactions this block    
2025-12-10T02:13:12.032492Z  WARN ThreadId(20) hotstuff_runner::app: Node 0 view(755) far exceeds block count (75); potential sync issue    
2025-12-10T02:13:12.423983Z  WARN ThreadId(07) docker_node:   Connection reuse ineffective (2.0 msg/conn)
2025-12-10T02:13:13.541628Z  WARN ThreadId(20) hotstuff_runner::app: Node 0 [produce_block] queue size: 0, attempting up to 0 transactions this block    
2025-12-10T02:13:13.541645Z  WARN ThreadId(20) hotstuff_runner::app: Node 0 view(765) far exceeds block count (76); potential sync issue    
2025-12-10T02:13:15.051317Z  WARN ThreadId(20) hotstuff_runner::app: Node 0 [produce_block] queue size: 0, attempting up to 0 transactions this block    
2025-12-10T02:13:15.051354Z  WARN ThreadId(20) hotstuff_runner::app: Node 0 view(775) far exceeds block count (77); potential sync issue    
2025-12-10T02:13:16.560179Z  WARN ThreadId(20) hotstuff_runner::app: Node 0 [produce_block] queue size: 0, attempting up to 0 transactions this block    
2025-12-10T02:13:16.560195Z  WARN ThreadId(20) hotstuff_runner::app: Node 0 view(785) far exceeds block count (78); potential sync issue    
2025-12-10T02:13:17.424711Z  WARN ThreadId(05) docker_node:   Connection reuse ineffective (2.0 msg/conn)
2025-12-10T02:13:18.064788Z  WARN ThreadId(20) hotstuff_runner::app: Node 0 [produce_block] queue size: 0, attempting up to 0 transactions this block    
2025-12-10T02:13:18.064803Z  WARN ThreadId(20) hotstuff_runner::app: Node 0 view(795) far exceeds block count (79); potential sync issue    
2025-12-10T02:13:19.573819Z  WARN ThreadId(20) hotstuff_runner::app: Node 0 [produce_block] queue size: 0, attempting up to 0 transactions this block    
2025-12-10T02:13:19.573836Z  WARN ThreadId(20) hotstuff_runner::app: Node 0 view(805) far exceeds block count (80); potential sync issue    
2025-12-10T02:13:21.081297Z  WARN ThreadId(20) hotstuff_runner::app: Node 0 [produce_block] queue size: 0, attempting up to 0 transactions this block    
2025-12-10T02:13:21.081313Z  WARN ThreadId(20) hotstuff_runner::app: Node 0 view(815) far exceeds block count (81); potential sync issue    
2025-12-10T02:13:22.424089Z  WARN ThreadId(09) docker_node:   Connection reuse ineffective (2.0 msg/conn)
2025-12-10T02:13:22.588709Z  WARN ThreadId(20) hotstuff_runner::app: Node 0 [produce_block] queue size: 0, attempting up to 0 transactions this block    
2025-12-10T02:13:22.588744Z  WARN ThreadId(20) hotstuff_runner::app: Node 0 view(825) far exceeds block count (82); potential sync issue    
2025-12-10T02:13:24.094822Z  WARN ThreadId(20) hotstuff_runner::app: Node 0 [produce_block] queue size: 0, attempting up to 0 transactions this block    
2025-12-10T02:13:24.094838Z  WARN ThreadId(20) hotstuff_runner::app: Node 0 view(835) far exceeds block count (83); potential sync issue    
2025-12-10T02:13:25.602479Z  WARN ThreadId(20) hotstuff_runner::app: Node 0 [produce_block] queue size: 0, attempting up to 0 transactions this block    
2025-12-10T02:13:25.602502Z  WARN ThreadId(20) hotstuff_runner::app: Node 0 view(845) far exceeds block count (84); potential sync issue    
2025-12-10T02:13:27.111339Z  WARN ThreadId(20) hotstuff_runner::app: Node 0 [produce_block] queue size: 0, attempting up to 0 transactions this block    
2025-12-10T02:13:27.111358Z  WARN ThreadId(20) hotstuff_runner::app: Node 0 view(855) far exceeds block count (85); potential sync issue    
2025-12-10T02:13:27.424761Z  WARN ThreadId(09) docker_node:   Connection reuse ineffective (2.0 msg/conn)
2025-12-10T02:13:28.617464Z  WARN ThreadId(20) hotstuff_runner::app: Node 0 [produce_block] queue size: 0, attempting up to 0 transactions this block    
2025-12-10T02:13:28.617484Z  WARN ThreadId(20) hotstuff_runner::app: Node 0 view(865) far exceeds block count (86); potential sync issue    
2025-12-10T02:13:30.125045Z  WARN ThreadId(20) hotstuff_runner::app: Node 0 [produce_block] queue size: 0, attempting up to 0 transactions this block    
2025-12-10T02:13:30.125067Z  WARN ThreadId(20) hotstuff_runner::app: Node 0 view(875) far exceeds block count (87); potential sync issue    
