2025-11-02T12:33:08.974057Z  WARN ThreadId(01) hotstuff_runner::telemetry: Prometheus metrics exporter started âœ… listen_addr=0.0.0.0:9900
2025-11-02T12:33:08.974149Z  WARN ThreadId(01) hotstuff_runner::telemetry: âœ… wrote smrol.node_up=1 (boot) node_id=0
2025-11-02T12:33:24.176135Z  WARN ThreadId(01) hotstuff_runner::tcp_node: Node 0 view timeout set to 2000 ms
2025-11-02T12:33:24.179611Z ERROR ThreadId(13) hotstuff_runner::pompe_network: Node 0 failed to connect to node 1: Connection refused (os error 111)
2025-11-02T12:33:24.185010Z  WARN ThreadId(01) hotstuff_runner::smrol::sequencing: SMROL_MEDIAN_INFLIGHT=3, SMROL_ORDER_FINALIZE_INFLIGHT=3, SMROL_FINAL_SIGN_INFLIGHT=3, SMROL_FINAL_VERIFY_INFLIGHT=3
2025-11-02T12:33:24.185071Z  WARN ThreadId(01) hotstuff_runner::smrol::sequencing: [Sequencing] Node 0 multi-signature verification disabled: false
2025-11-02T12:33:24.185904Z  WARN ThreadId(04) hotstuff_runner::smrol::sequencing: [Sequencing] Node 0 final verify dispatcher started
2025-11-02T12:33:24.188362Z  WARN ThreadId(03) docker_node:   Connection reuse ineffective (2.0 msg/conn)
2025-11-02T12:33:26.176902Z  WARN ThreadId(11) hotstuff_runner::tcp_node: Node 0 view 0 timed out; latency may accumulate
2025-11-02T12:33:29.187978Z  WARN ThreadId(03) docker_node:   Connection reuse ineffective (2.0 msg/conn)
2025-11-02T12:33:29.191036Z  WARN ThreadId(01) docker_node: Node 0 port 20000 temporarily unreachable: failed to lookup address information: Temporary failure in name resolution
2025-11-02T12:33:29.193564Z  WARN ThreadId(01) docker_node: Node 1 port 20001 temporarily unreachable: failed to lookup address information: Temporary failure in name resolution
2025-11-02T12:33:29.195363Z  WARN ThreadId(01) docker_node: Node 2 port 20002 temporarily unreachable: failed to lookup address information: Temporary failure in name resolution
2025-11-02T12:33:29.197432Z  WARN ThreadId(01) docker_node: Node 3 port 20003 temporarily unreachable: failed to lookup address information: Temporary failure in name resolution
2025-11-02T12:33:34.188735Z  WARN ThreadId(05) docker_node:   Connection reuse ineffective (2.0 msg/conn)
2025-11-02T12:33:39.188215Z  WARN ThreadId(03) docker_node:   Connection reuse ineffective (2.0 msg/conn)
2025-11-02T12:33:44.188107Z  WARN ThreadId(05) docker_node:   Connection reuse ineffective (2.0 msg/conn)
2025-11-02T12:33:49.188651Z  WARN ThreadId(03) docker_node:   Connection reuse ineffective (2.0 msg/conn)
2025-11-02T12:33:53.469069Z  WARN ThreadId(04) hotstuff_runner::smrol::pnfifo: ðŸ“Š [Critical] Proposal stats: 1 msgs, avg=9.086229ms, max=9.086229ms, rate=1/s
2025-11-02T12:33:53.470133Z  WARN ThreadId(19) hotstuff_runner::smrol::sequencing: [affinity] bound thread seq_offload-worker-1 to core CoreId { id: 1 }
2025-11-02T12:33:53.470306Z  WARN ThreadId(18) hotstuff_runner::smrol::sequencing: [affinity] bound thread seq_offload-worker-0 to core CoreId { id: 0 }
2025-11-02T12:33:53.472027Z  WARN ThreadId(02) hotstuff_runner::smrol::sequencing: [affinity] multisig_sign_combine: overriding worker count 8 -> 2 to match core set
2025-11-02T12:33:53.474610Z  WARN ThreadId(23) hotstuff_runner::smrol::sequencing: [affinity] bound thread multisig_sign_combine-worker-1 to core CoreId { id: 1 }
2025-11-02T12:33:53.475692Z  WARN ThreadId(22) hotstuff_runner::smrol::sequencing: [affinity] bound thread multisig_sign_combine-worker-0 to core CoreId { id: 0 }
2025-11-02T12:33:53.476301Z  WARN ThreadId(05) hotstuff_runner::smrol::sequencing: [affinity] multisig_verify_median: overriding worker count 1 -> 2 to match core set
2025-11-02T12:33:53.477154Z  WARN ThreadId(24) hotstuff_runner::smrol::sequencing: [affinity] bound thread multisig_verify_median-worker-0 to core CoreId { id: 2 }
2025-11-02T12:33:53.477162Z  WARN ThreadId(25) hotstuff_runner::smrol::sequencing: [affinity] bound thread multisig_verify_median-worker-1 to core CoreId { id: 3 }
2025-11-02T12:33:53.481706Z  WARN ThreadId(04) hotstuff_runner::smrol::sequencing: [affinity] multisig_verify_combined: overriding worker count 1 -> 2 to match core set
2025-11-02T12:33:53.482933Z  WARN ThreadId(26) hotstuff_runner::smrol::sequencing: [affinity] bound thread multisig_verify_combined-worker-0 to core CoreId { id: 2 }
2025-11-02T12:33:53.483719Z  WARN ThreadId(27) hotstuff_runner::smrol::sequencing: [affinity] bound thread multisig_verify_combined-worker-1 to core CoreId { id: 3 }
2025-11-02T12:33:53.488686Z  WARN ThreadId(03) hotstuff_runner::smrol::pnfifo: ðŸ“Š [Critical] Vote stats: 1 msgs, avg=17.483605ms, max=17.483605ms, rate=1/s
2025-11-02T12:33:53.506303Z  WARN ThreadId(02) hotstuff_runner::smrol::pnfifo: ðŸ“Š [Critical] Final stats: 1 msgs, avg=4.2Âµs, max=4.2Âµs, rate=1/s
2025-11-02T12:33:54.187872Z  WARN ThreadId(04) docker_node:   Connection reuse ineffective (2.0 msg/conn)
2025-11-02T12:33:54.469967Z  WARN ThreadId(02) hotstuff_runner::smrol::pnfifo: ðŸ“Š [Critical] Proposal stats: 398 msgs, avg=2.513689ms, max=15.522036ms, rate=398/s
2025-11-02T12:33:54.496580Z  WARN ThreadId(02) hotstuff_runner::smrol::pnfifo: ðŸ“Š [Critical] Vote stats: 327 msgs, avg=2.935503ms, max=25.037932ms, rate=327/s
2025-11-02T12:33:54.533058Z  WARN ThreadId(05) hotstuff_runner::smrol::pnfifo: ðŸ“Š [Critical] Final stats: 111 msgs, avg=5.265964ms, max=25.564728ms, rate=111/s
2025-11-02T12:33:55.471619Z  WARN ThreadId(04) hotstuff_runner::smrol::pnfifo: ðŸ“Š [Critical] Proposal stats: 480 msgs, avg=2.085607ms, max=18.805236ms, rate=480/s
2025-11-02T12:33:55.496647Z  WARN ThreadId(03) hotstuff_runner::smrol::pnfifo: ðŸ“Š [Critical] Vote stats: 145 msgs, avg=6.895231ms, max=19.155326ms, rate=145/s
2025-11-02T12:33:55.533826Z  WARN ThreadId(04) hotstuff_runner::smrol::pnfifo: ðŸ“Š [Critical] Final stats: 122 msgs, avg=3.429486ms, max=21.673213ms, rate=122/s
2025-11-02T12:33:56.472383Z  WARN ThreadId(04) hotstuff_runner::smrol::pnfifo: ðŸ“Š [Critical] Proposal stats: 295 msgs, avg=3.390987ms, max=16.566467ms, rate=295/s
2025-11-02T12:33:56.496746Z  WARN ThreadId(04) hotstuff_runner::smrol::pnfifo: ðŸ“Š [Critical] Vote stats: 138 msgs, avg=7.244876ms, max=24.261133ms, rate=138/s
2025-11-02T12:33:56.535361Z  WARN ThreadId(05) hotstuff_runner::smrol::pnfifo: ðŸ“Š [Critical] Final stats: 157 msgs, avg=6.119389ms, max=24.765653ms, rate=157/s
2025-11-02T12:33:57.475371Z  WARN ThreadId(02) hotstuff_runner::smrol::pnfifo: ðŸ“Š [Critical] Proposal stats: 435 msgs, avg=2.303632ms, max=14.966433ms, rate=435/s
2025-11-02T12:33:57.501192Z  WARN ThreadId(04) hotstuff_runner::smrol::pnfifo: ðŸ“Š [Critical] Vote stats: 160 msgs, avg=6.275922ms, max=26.820885ms, rate=160/s
2025-11-02T12:33:57.537399Z  WARN ThreadId(03) hotstuff_runner::smrol::pnfifo: ðŸ“Š [Critical] Final stats: 83 msgs, avg=6.727514ms, max=22.143151ms, rate=83/s
2025-11-02T12:33:58.477955Z  WARN ThreadId(05) hotstuff_runner::smrol::pnfifo: ðŸ“Š [Critical] Proposal stats: 276 msgs, avg=3.630975ms, max=15.458295ms, rate=276/s
2025-11-02T12:33:58.502088Z  WARN ThreadId(04) hotstuff_runner::smrol::pnfifo: ðŸ“Š [Critical] Vote stats: 131 msgs, avg=7.636639ms, max=29.557281ms, rate=131/s
2025-11-02T12:33:58.538104Z  WARN ThreadId(04) hotstuff_runner::smrol::pnfifo: ðŸ“Š [Critical] Final stats: 149 msgs, avg=6.713846ms, max=21.053961ms, rate=149/s
2025-11-02T12:33:59.188274Z  WARN ThreadId(03) docker_node: Low processing efficiency: 0.0% - system may need tuning
2025-11-02T12:33:59.188328Z  WARN ThreadId(03) docker_node:   Connection reuse ineffective (2.0 msg/conn)
2025-11-02T12:33:59.484338Z  WARN ThreadId(02) hotstuff_runner::smrol::pnfifo: ðŸ“Š [Critical] Proposal stats: 298 msgs, avg=3.375306ms, max=19.861808ms, rate=298/s
2025-11-02T12:33:59.509164Z  WARN ThreadId(02) hotstuff_runner::smrol::pnfifo: ðŸ“Š [Critical] Vote stats: 128 msgs, avg=7.865488ms, max=26.234691ms, rate=128/s
2025-11-02T12:33:59.538234Z  WARN ThreadId(05) hotstuff_runner::smrol::pnfifo: ðŸ“Š [Critical] Final stats: 129 msgs, avg=6.909832ms, max=20.412375ms, rate=129/s
2025-11-02T12:34:00.488288Z  WARN ThreadId(02) hotstuff_runner::smrol::pnfifo: ðŸ“Š [Critical] Proposal stats: 378 msgs, avg=2.654753ms, max=12.440954ms, rate=378/s
2025-11-02T12:34:00.516987Z  WARN ThreadId(03) hotstuff_runner::smrol::pnfifo: ðŸ“Š [Critical] Vote stats: 144 msgs, avg=6.995887ms, max=28.172988ms, rate=144/s
2025-11-02T12:34:00.541506Z  WARN ThreadId(02) hotstuff_runner::smrol::pnfifo: ðŸ“Š [Critical] Final stats: 119 msgs, avg=6.546108ms, max=20.514061ms, rate=119/s
2025-11-02T12:34:01.491931Z  WARN ThreadId(03) hotstuff_runner::smrol::pnfifo: ðŸ“Š [Critical] Proposal stats: 259 msgs, avg=3.873616ms, max=17.223774ms, rate=259/s
2025-11-02T12:34:01.522035Z  WARN ThreadId(04) hotstuff_runner::smrol::pnfifo: ðŸ“Š [Critical] Vote stats: 132 msgs, avg=7.612ms, max=25.387649ms, rate=132/s
2025-11-02T12:34:01.543444Z  WARN ThreadId(04) hotstuff_runner::smrol::pnfifo: ðŸ“Š [Critical] Final stats: 151 msgs, avg=6.63321ms, max=21.903978ms, rate=151/s
2025-11-02T12:34:02.493698Z  WARN ThreadId(03) hotstuff_runner::smrol::pnfifo: ðŸ“Š [Critical] Proposal stats: 310 msgs, avg=3.229473ms, max=15.026002ms, rate=310/s
2025-11-02T12:34:02.524831Z  WARN ThreadId(05) hotstuff_runner::smrol::pnfifo: ðŸ“Š [Critical] Vote stats: 127 msgs, avg=7.89418ms, max=21.603549ms, rate=127/s
2025-11-02T12:34:02.594870Z  WARN ThreadId(03) hotstuff_runner::smrol::pnfifo: ðŸ“Š [Critical] Final stats: 125 msgs, avg=6.306941ms, max=22.829153ms, rate=125/s
2025-11-02T12:34:03.494092Z  WARN ThreadId(02) hotstuff_runner::smrol::pnfifo: ðŸ“Š [Critical] Proposal stats: 282 msgs, avg=3.545936ms, max=28.265004ms, rate=282/s
2025-11-02T12:34:03.526129Z  WARN ThreadId(04) hotstuff_runner::smrol::pnfifo: ðŸ“Š [Critical] Vote stats: 115 msgs, avg=8.701923ms, max=27.571137ms, rate=115/s
2025-11-02T12:34:03.595483Z  WARN ThreadId(05) hotstuff_runner::smrol::pnfifo: ðŸ“Š [Critical] Final stats: 150 msgs, avg=6.634014ms, max=21.591878ms, rate=150/s
2025-11-02T12:34:04.188539Z  WARN ThreadId(04) docker_node: Low processing efficiency: 0.0% - system may need tuning
2025-11-02T12:34:04.188591Z  WARN ThreadId(04) docker_node:   Connection reuse ineffective (2.0 msg/conn)
2025-11-02T12:34:04.495033Z  WARN ThreadId(04) hotstuff_runner::smrol::pnfifo: ðŸ“Š [Critical] Proposal stats: 265 msgs, avg=3.775671ms, max=17.435182ms, rate=265/s
2025-11-02T12:34:04.526445Z  WARN ThreadId(02) hotstuff_runner::smrol::pnfifo: ðŸ“Š [Critical] Vote stats: 130 msgs, avg=7.692631ms, max=34.630941ms, rate=130/s
2025-11-02T12:34:04.597299Z  WARN ThreadId(03) hotstuff_runner::smrol::pnfifo: ðŸ“Š [Critical] Final stats: 133 msgs, avg=6.803672ms, max=24.176079ms, rate=133/s
2025-11-02T12:34:05.191502Z  WARN ThreadId(15) hotstuff_runner::smrol::network: âš ï¸ [Check] Writer 0 -> 3 slow write: 6.326972ms
2025-11-02T12:34:05.496173Z  WARN ThreadId(04) hotstuff_runner::smrol::pnfifo: ðŸ“Š [Critical] Proposal stats: 337 msgs, avg=2.969464ms, max=18.49652ms, rate=337/s
2025-11-02T12:34:05.533025Z  WARN ThreadId(02) hotstuff_runner::smrol::pnfifo: ðŸ“Š [Critical] Vote stats: 129 msgs, avg=7.800932ms, max=27.483386ms, rate=129/s
2025-11-02T12:34:05.601691Z  WARN ThreadId(04) hotstuff_runner::smrol::pnfifo: ðŸ“Š [Critical] Final stats: 107 msgs, avg=6.91505ms, max=20.82633ms, rate=107/s
2025-11-02T12:34:06.496630Z  WARN ThreadId(05) hotstuff_runner::smrol::pnfifo: ðŸ“Š [Critical] Proposal stats: 367 msgs, avg=2.724006ms, max=16.279459ms, rate=367/s
2025-11-02T12:34:06.533536Z  WARN ThreadId(02) hotstuff_runner::smrol::pnfifo: ðŸ“Š [Critical] Vote stats: 137 msgs, avg=7.299451ms, max=30.844412ms, rate=137/s
2025-11-02T12:34:06.614348Z  WARN ThreadId(02) hotstuff_runner::smrol::pnfifo: ðŸ“Š [Critical] Final stats: 117 msgs, avg=6.78483ms, max=19.726701ms, rate=117/s
2025-11-02T12:34:07.498485Z  WARN ThreadId(04) hotstuff_runner::smrol::pnfifo: ðŸ“Š [Critical] Proposal stats: 308 msgs, avg=3.251427ms, max=20.011334ms, rate=308/s
2025-11-02T12:34:07.535484Z  WARN ThreadId(02) hotstuff_runner::smrol::pnfifo: ðŸ“Š [Critical] Vote stats: 141 msgs, avg=7.102566ms, max=25.673705ms, rate=141/s
2025-11-02T12:34:07.615233Z  WARN ThreadId(04) hotstuff_runner::smrol::pnfifo: ðŸ“Š [Critical] Final stats: 148 msgs, avg=6.200367ms, max=27.449501ms, rate=148/s
2025-11-02T12:34:08.506966Z  WARN ThreadId(04) hotstuff_runner::smrol::pnfifo: ðŸ“Š [Critical] Proposal stats: 392 msgs, avg=2.570866ms, max=15.166294ms, rate=392/s
2025-11-02T12:34:08.539058Z  WARN ThreadId(03) hotstuff_runner::smrol::pnfifo: ðŸ“Š [Critical] Vote stats: 149 msgs, avg=6.729948ms, max=26.028617ms, rate=149/s
2025-11-02T12:34:08.617257Z  WARN ThreadId(05) hotstuff_runner::smrol::pnfifo: ðŸ“Š [Critical] Final stats: 78 msgs, avg=6.917696ms, max=22.595376ms, rate=78/s
2025-11-02T12:34:09.018540Z  WARN ThreadId(15) hotstuff_runner::smrol::network: âš ï¸ [Check] Writer 0 -> 1 slow write: 5.035508ms
2025-11-02T12:34:09.188614Z  WARN ThreadId(03) docker_node: Low processing efficiency: 0.0% - system may need tuning
2025-11-02T12:34:09.188644Z  WARN ThreadId(03) docker_node:   Connection reuse ineffective (2.0 msg/conn)
2025-11-02T12:34:09.261041Z  WARN ThreadId(15) hotstuff_runner::smrol::network: âš ï¸ [Check] Writer 0 -> 2 slow write: 5.498108ms
2025-11-02T12:34:09.508913Z  WARN ThreadId(05) hotstuff_runner::smrol::pnfifo: ðŸ“Š [Critical] Proposal stats: 292 msgs, avg=3.429832ms, max=18.952175ms, rate=292/s
2025-11-02T12:34:09.540746Z  WARN ThreadId(05) hotstuff_runner::smrol::pnfifo: ðŸ“Š [Critical] Vote stats: 139 msgs, avg=7.204272ms, max=24.106328ms, rate=139/s
2025-11-02T12:34:09.633594Z  WARN ThreadId(04) hotstuff_runner::smrol::pnfifo: ðŸ“Š [Critical] Final stats: 145 msgs, avg=6.928195ms, max=28.349573ms, rate=145/s
2025-11-02T12:34:10.510429Z  WARN ThreadId(03) hotstuff_runner::smrol::pnfifo: ðŸ“Š [Critical] Proposal stats: 286 msgs, avg=3.499873ms, max=17.893975ms, rate=286/s
2025-11-02T12:34:10.544477Z  WARN ThreadId(05) hotstuff_runner::smrol::pnfifo: ðŸ“Š [Critical] Vote stats: 138 msgs, avg=7.269641ms, max=26.554075ms, rate=138/s
2025-11-02T12:34:10.637592Z  WARN ThreadId(04) hotstuff_runner::smrol::pnfifo: ðŸ“Š [Critical] Final stats: 152 msgs, avg=6.602284ms, max=20.02834ms, rate=152/s
2025-11-02T12:34:11.510999Z  WARN ThreadId(04) hotstuff_runner::smrol::pnfifo: ðŸ“Š [Critical] Proposal stats: 313 msgs, avg=3.19543ms, max=21.074142ms, rate=313/s
2025-11-02T12:34:11.544692Z  WARN ThreadId(05) hotstuff_runner::smrol::pnfifo: ðŸ“Š [Critical] Vote stats: 140 msgs, avg=7.14251ms, max=25.155352ms, rate=140/s
2025-11-02T12:34:11.640649Z  WARN ThreadId(05) hotstuff_runner::smrol::pnfifo: ðŸ“Š [Critical] Final stats: 147 msgs, avg=5.865423ms, max=21.636841ms, rate=147/s
2025-11-02T12:34:12.512979Z  WARN ThreadId(03) hotstuff_runner::smrol::pnfifo: ðŸ“Š [Critical] Proposal stats: 345 msgs, avg=2.902523ms, max=17.038083ms, rate=345/s
2025-11-02T12:34:12.545097Z  WARN ThreadId(05) hotstuff_runner::smrol::pnfifo: ðŸ“Š [Critical] Vote stats: 138 msgs, avg=7.24596ms, max=25.946765ms, rate=138/s
2025-11-02T12:34:12.648201Z  WARN ThreadId(02) hotstuff_runner::smrol::pnfifo: ðŸ“Š [Critical] Final stats: 130 msgs, avg=6.27432ms, max=22.355833ms, rate=130/s
2025-11-02T12:34:13.515692Z  WARN ThreadId(02) hotstuff_runner::smrol::pnfifo: ðŸ“Š [Critical] Proposal stats: 316 msgs, avg=3.171851ms, max=30.478697ms, rate=316/s
2025-11-02T12:34:13.548105Z  WARN ThreadId(03) hotstuff_runner::smrol::pnfifo: ðŸ“Š [Critical] Vote stats: 136 msgs, avg=7.373261ms, max=22.901221ms, rate=136/s
2025-11-02T12:34:13.652090Z  WARN ThreadId(02) hotstuff_runner::smrol::pnfifo: ðŸ“Š [Critical] Final stats: 111 msgs, avg=7.628002ms, max=23.503677ms, rate=111/s
2025-11-02T12:34:14.188597Z  WARN ThreadId(04) docker_node: Low processing efficiency: 0.0% - system may need tuning
2025-11-02T12:34:14.188654Z  WARN ThreadId(04) docker_node:   Connection reuse ineffective (2.0 msg/conn)
2025-11-02T12:34:14.518649Z  WARN ThreadId(02) hotstuff_runner::smrol::pnfifo: ðŸ“Š [Critical] Proposal stats: 216 msgs, avg=4.640925ms, max=22.04089ms, rate=216/s
2025-11-02T12:34:14.548736Z  WARN ThreadId(02) hotstuff_runner::smrol::pnfifo: ðŸ“Š [Critical] Vote stats: 118 msgs, avg=8.477891ms, max=25.854347ms, rate=118/s
2025-11-02T12:34:14.655083Z  WARN ThreadId(02) hotstuff_runner::smrol::pnfifo: ðŸ“Š [Critical] Final stats: 123 msgs, avg=8.152513ms, max=23.925224ms, rate=123/s
2025-11-02T12:34:15.522033Z  WARN ThreadId(03) hotstuff_runner::smrol::pnfifo: ðŸ“Š [Critical] Proposal stats: 266 msgs, avg=3.768584ms, max=21.018918ms, rate=266/s
2025-11-02T12:34:15.549416Z  WARN ThreadId(04) hotstuff_runner::smrol::pnfifo: ðŸ“Š [Critical] Vote stats: 134 msgs, avg=7.465808ms, max=22.461966ms, rate=134/s
2025-11-02T12:34:15.655490Z  WARN ThreadId(05) hotstuff_runner::smrol::pnfifo: ðŸ“Š [Critical] Final stats: 145 msgs, avg=6.897365ms, max=22.562281ms, rate=145/s
2025-11-02T12:34:15.797529Z  WARN ThreadId(15) hotstuff_runner::smrol::network: âš ï¸ [Check] Writer 0 -> 2 slow write: 10.066853ms
2025-11-02T12:34:16.523976Z  WARN ThreadId(02) hotstuff_runner::smrol::pnfifo: ðŸ“Š [Critical] Proposal stats: 286 msgs, avg=3.501993ms, max=15.604288ms, rate=286/s
2025-11-02T12:34:16.553902Z  WARN ThreadId(05) hotstuff_runner::smrol::pnfifo: ðŸ“Š [Critical] Vote stats: 144 msgs, avg=6.97361ms, max=32.595386ms, rate=144/s
2025-11-02T12:34:16.659752Z  WARN ThreadId(03) hotstuff_runner::smrol::pnfifo: ðŸ“Š [Critical] Final stats: 168 msgs, avg=5.975869ms, max=23.792583ms, rate=168/s
2025-11-02T12:34:17.531813Z  WARN ThreadId(02) hotstuff_runner::smrol::pnfifo: ðŸ“Š [Critical] Proposal stats: 281 msgs, avg=3.584545ms, max=17.184663ms, rate=281/s
2025-11-02T12:34:17.569776Z  WARN ThreadId(04) hotstuff_runner::smrol::pnfifo: ðŸ“Š [Critical] Vote stats: 141 msgs, avg=7.201571ms, max=25.887015ms, rate=141/s
2025-11-02T12:34:17.664374Z  WARN ThreadId(02) hotstuff_runner::smrol::pnfifo: ðŸ“Š [Critical] Final stats: 160 msgs, avg=6.27698ms, max=30.041873ms, rate=160/s
2025-11-02T12:34:18.532891Z  WARN ThreadId(02) hotstuff_runner::smrol::pnfifo: ðŸ“Š [Critical] Proposal stats: 283 msgs, avg=3.535291ms, max=19.781845ms, rate=283/s
2025-11-02T12:34:18.571051Z  WARN ThreadId(04) hotstuff_runner::smrol::pnfifo: ðŸ“Š [Critical] Vote stats: 136 msgs, avg=7.358977ms, max=27.268853ms, rate=136/s
2025-11-02T12:34:18.677075Z  WARN ThreadId(05) hotstuff_runner::smrol::pnfifo: ðŸ“Š [Critical] Final stats: 156 msgs, avg=6.483726ms, max=22.436555ms, rate=156/s
2025-11-02T12:34:19.188328Z  WARN ThreadId(03) docker_node: Low processing efficiency: 0.0% - system may need tuning
2025-11-02T12:34:19.188354Z  WARN ThreadId(03) docker_node:   Connection reuse ineffective (2.0 msg/conn)
2025-11-02T12:34:19.533457Z  WARN ThreadId(05) hotstuff_runner::smrol::pnfifo: ðŸ“Š [Critical] Proposal stats: 267 msgs, avg=3.746038ms, max=18.852382ms, rate=267/s
2025-11-02T12:34:19.575184Z  WARN ThreadId(02) hotstuff_runner::smrol::pnfifo: ðŸ“Š [Critical] Vote stats: 138 msgs, avg=7.274035ms, max=22.246256ms, rate=138/s
2025-11-02T12:34:19.687522Z  WARN ThreadId(02) hotstuff_runner::smrol::pnfifo: ðŸ“Š [Critical] Final stats: 136 msgs, avg=6.616134ms, max=23.165058ms, rate=136/s
2025-11-02T12:34:20.536484Z  WARN ThreadId(04) hotstuff_runner::smrol::pnfifo: ðŸ“Š [Critical] Proposal stats: 385 msgs, avg=2.603977ms, max=16.591766ms, rate=385/s
2025-11-02T12:34:20.578496Z  WARN ThreadId(02) hotstuff_runner::smrol::pnfifo: ðŸ“Š [Critical] Vote stats: 145 msgs, avg=6.917102ms, max=26.997158ms, rate=145/s
2025-11-02T12:34:20.694045Z  WARN ThreadId(05) hotstuff_runner::smrol::pnfifo: ðŸ“Š [Critical] Final stats: 141 msgs, avg=6.376735ms, max=21.969874ms, rate=141/s
2025-11-02T12:34:21.538179Z  WARN ThreadId(03) hotstuff_runner::smrol::pnfifo: ðŸ“Š [Critical] Proposal stats: 303 msgs, avg=3.304661ms, max=16.553765ms, rate=303/s
2025-11-02T12:34:21.579703Z  WARN ThreadId(02) hotstuff_runner::smrol::pnfifo: ðŸ“Š [Critical] Vote stats: 153 msgs, avg=6.541946ms, max=22.021622ms, rate=153/s
2025-11-02T12:34:21.699154Z  WARN ThreadId(02) hotstuff_runner::smrol::pnfifo: ðŸ“Š [Critical] Final stats: 148 msgs, avg=6.657039ms, max=22.629835ms, rate=148/s
2025-11-02T12:34:22.540052Z  WARN ThreadId(03) hotstuff_runner::smrol::pnfifo: ðŸ“Š [Critical] Proposal stats: 282 msgs, avg=3.551491ms, max=25.337098ms, rate=282/s
2025-11-02T12:34:22.582181Z  WARN ThreadId(05) hotstuff_runner::smrol::pnfifo: ðŸ“Š [Critical] Vote stats: 121 msgs, avg=8.282969ms, max=26.467984ms, rate=121/s
2025-11-02T12:34:22.709072Z  WARN ThreadId(04) hotstuff_runner::smrol::pnfifo: ðŸ“Š [Critical] Final stats: 121 msgs, avg=7.548539ms, max=22.431449ms, rate=121/s
2025-11-02T12:34:23.541770Z  WARN ThreadId(05) hotstuff_runner::smrol::pnfifo: ðŸ“Š [Critical] Proposal stats: 290 msgs, avg=3.45284ms, max=29.689612ms, rate=290/s
2025-11-02T12:34:23.585058Z  WARN ThreadId(05) hotstuff_runner::smrol::pnfifo: ðŸ“Š [Critical] Vote stats: 130 msgs, avg=7.712186ms, max=25.911783ms, rate=130/s
2025-11-02T12:34:23.710928Z  WARN ThreadId(02) hotstuff_runner::smrol::pnfifo: ðŸ“Š [Critical] Final stats: 163 msgs, avg=5.950905ms, max=20.395338ms, rate=163/s
2025-11-02T12:34:24.188493Z  WARN ThreadId(03) docker_node: Low processing efficiency: 0.0% - system may need tuning
2025-11-02T12:34:24.188523Z  WARN ThreadId(03) docker_node:   Connection reuse ineffective (2.0 msg/conn)
2025-11-02T12:34:24.546703Z  WARN ThreadId(05) hotstuff_runner::smrol::pnfifo: ðŸ“Š [Critical] Proposal stats: 464 msgs, avg=2.164768ms, max=84.2318ms, rate=464/s
2025-11-02T12:34:24.594067Z  WARN ThreadId(02) hotstuff_runner::smrol::pnfifo: ðŸ“Š [Critical] Vote stats: 6040 msgs, avg=144.741Âµs, max=22.743565ms, rate=6040/s
2025-11-02T12:34:25.101688Z  WARN ThreadId(03) hotstuff_runner::smrol::pnfifo: ðŸ“Š [Critical] Final stats: 51 msgs, avg=4.184676ms, max=16.804165ms, rate=51/s
2025-11-02T12:34:25.547065Z  WARN ThreadId(02) hotstuff_runner::smrol::pnfifo: ðŸ“Š [Critical] Proposal stats: 636 msgs, avg=1.5717ms, max=11.065065ms, rate=636/s
2025-11-02T12:34:25.595261Z  WARN ThreadId(03) hotstuff_runner::smrol::pnfifo: ðŸ“Š [Critical] Vote stats: 611 msgs, avg=1.6059ms, max=19.828588ms, rate=611/s
2025-11-02T12:34:26.116768Z  WARN ThreadId(04) hotstuff_runner::smrol::pnfifo: ðŸ“Š [Critical] Final stats: 105 msgs, avg=2.955489ms, max=26.934427ms, rate=105/s
2025-11-02T12:34:26.551216Z  WARN ThreadId(04) hotstuff_runner::smrol::pnfifo: ðŸ“Š [Critical] Proposal stats: 528 msgs, avg=1.900863ms, max=15.698114ms, rate=528/s
2025-11-02T12:34:26.595392Z  WARN ThreadId(03) hotstuff_runner::smrol::pnfifo: ðŸ“Š [Critical] Vote stats: 423 msgs, avg=2.363539ms, max=21.439891ms, rate=423/s
2025-11-02T12:34:27.119373Z  WARN ThreadId(04) hotstuff_runner::smrol::pnfifo: ðŸ“Š [Critical] Final stats: 83 msgs, avg=5.828323ms, max=20.706528ms, rate=83/s
2025-11-02T12:34:27.334568Z  WARN ThreadId(15) hotstuff_runner::smrol::network: âš ï¸ [Check] Writer 0 -> 2 slow write: 8.124171ms
2025-11-02T12:34:27.551339Z  WARN ThreadId(05) hotstuff_runner::smrol::pnfifo: ðŸ“Š [Critical] Proposal stats: 455 msgs, avg=2.196981ms, max=12.746595ms, rate=455/s
2025-11-02T12:34:27.603243Z  WARN ThreadId(03) hotstuff_runner::smrol::pnfifo: ðŸ“Š [Critical] Vote stats: 264 msgs, avg=3.816315ms, max=20.903501ms, rate=264/s
2025-11-02T12:34:27.751496Z  WARN ThreadId(14) hotstuff_runner::smrol::network: âš ï¸ [Check] Writer 0 -> 3 slow write: 8.043314ms
2025-11-02T12:34:28.127108Z  WARN ThreadId(03) hotstuff_runner::smrol::pnfifo: ðŸ“Š [Critical] Final stats: 89 msgs, avg=6.171018ms, max=20.90712ms, rate=89/s
2025-11-02T12:34:28.552026Z  WARN ThreadId(04) hotstuff_runner::smrol::pnfifo: ðŸ“Š [Critical] Proposal stats: 473 msgs, avg=2.114674ms, max=15.816158ms, rate=473/s
2025-11-02T12:34:28.609431Z  WARN ThreadId(03) hotstuff_runner::smrol::pnfifo: ðŸ“Š [Critical] Vote stats: 253 msgs, avg=3.974624ms, max=19.587431ms, rate=253/s
2025-11-02T12:34:29.129148Z  WARN ThreadId(03) hotstuff_runner::smrol::pnfifo: ðŸ“Š [Critical] Final stats: 65 msgs, avg=7.098369ms, max=24.393326ms, rate=65/s
2025-11-02T12:34:29.188829Z  WARN ThreadId(02) docker_node: Low processing efficiency: 0.0% - system may need tuning
2025-11-02T12:34:29.188855Z  WARN ThreadId(02) docker_node:   Connection reuse ineffective (2.0 msg/conn)
2025-11-02T12:34:29.219217Z  WARN ThreadId(15) hotstuff_runner::smrol::network: âš ï¸ [Check] Writer 0 -> 3 slow write: 5.788538ms
2025-11-02T12:34:29.552303Z  WARN ThreadId(03) hotstuff_runner::smrol::pnfifo: ðŸ“Š [Critical] Proposal stats: 486 msgs, avg=2.057117ms, max=19.794494ms, rate=486/s
2025-11-02T12:34:29.614284Z  WARN ThreadId(04) hotstuff_runner::smrol::pnfifo: ðŸ“Š [Critical] Vote stats: 159 msgs, avg=6.317932ms, max=26.369472ms, rate=159/s
2025-11-02T12:34:30.135742Z  WARN ThreadId(05) hotstuff_runner::smrol::pnfifo: ðŸ“Š [Critical] Final stats: 51 msgs, avg=7.677197ms, max=23.437886ms, rate=51/s
2025-11-02T12:34:30.553818Z  WARN ThreadId(03) hotstuff_runner::smrol::pnfifo: ðŸ“Š [Critical] Proposal stats: 478 msgs, avg=2.094169ms, max=20.212951ms, rate=478/s
2025-11-02T12:34:30.620406Z  WARN ThreadId(03) hotstuff_runner::smrol::pnfifo: ðŸ“Š [Critical] Vote stats: 158 msgs, avg=6.365787ms, max=34.357835ms, rate=158/s
2025-11-02T12:34:31.138317Z  WARN ThreadId(05) hotstuff_runner::smrol::pnfifo: ðŸ“Š [Critical] Final stats: 81 msgs, avg=7.113246ms, max=20.955227ms, rate=81/s
2025-11-02T12:34:31.392596Z  WARN ThreadId(15) hotstuff_runner::smrol::network: âš ï¸ [Check] Writer 0 -> 2 slow write: 5.162877ms
2025-11-02T12:34:31.554367Z  WARN ThreadId(03) hotstuff_runner::smrol::pnfifo: ðŸ“Š [Critical] Proposal stats: 321 msgs, avg=3.1159ms, max=17.570425ms, rate=321/s
2025-11-02T12:34:31.621344Z  WARN ThreadId(02) hotstuff_runner::smrol::pnfifo: ðŸ“Š [Critical] Vote stats: 147 msgs, avg=6.807287ms, max=23.731556ms, rate=147/s
2025-11-02T12:34:32.146740Z  WARN ThreadId(04) hotstuff_runner::smrol::pnfifo: ðŸ“Š [Critical] Final stats: 117 msgs, avg=6.976282ms, max=21.65562ms, rate=117/s
2025-11-02T12:34:32.554471Z  WARN ThreadId(04) hotstuff_runner::smrol::pnfifo: ðŸ“Š [Critical] Proposal stats: 372 msgs, avg=2.687475ms, max=17.091779ms, rate=372/s
2025-11-02T12:34:32.626564Z  WARN ThreadId(03) hotstuff_runner::smrol::pnfifo: ðŸ“Š [Critical] Vote stats: 152 msgs, avg=6.611292ms, max=23.645775ms, rate=152/s
2025-11-02T12:34:32.685650Z  WARN ThreadId(15) hotstuff_runner::smrol::network: âš ï¸ [Check] Writer 0 -> 1 slow write: 7.203801ms
2025-11-02T12:34:33.149879Z  WARN ThreadId(04) hotstuff_runner::smrol::pnfifo: ðŸ“Š [Critical] Final stats: 136 msgs, avg=6.585673ms, max=23.555586ms, rate=136/s
2025-11-02T12:34:33.556509Z  WARN ThreadId(03) hotstuff_runner::smrol::pnfifo: ðŸ“Š [Critical] Proposal stats: 284 msgs, avg=3.527016ms, max=17.68998ms, rate=284/s
2025-11-02T12:34:33.631040Z  WARN ThreadId(05) hotstuff_runner::smrol::pnfifo: ðŸ“Š [Critical] Vote stats: 128 msgs, avg=7.845601ms, max=27.882725ms, rate=128/s
2025-11-02T12:34:34.154618Z  WARN ThreadId(04) hotstuff_runner::smrol::pnfifo: ðŸ“Š [Critical] Final stats: 140 msgs, avg=7.175092ms, max=22.740287ms, rate=140/s
2025-11-02T12:34:34.188032Z  WARN ThreadId(02) docker_node: Low processing efficiency: 0.0% - system may need tuning
2025-11-02T12:34:34.188062Z  WARN ThreadId(02) docker_node:   Connection reuse ineffective (2.0 msg/conn)
2025-11-02T12:34:34.560176Z  WARN ThreadId(03) hotstuff_runner::smrol::pnfifo: ðŸ“Š [Critical] Proposal stats: 246 msgs, avg=4.078659ms, max=18.812887ms, rate=246/s
2025-11-02T12:34:34.634296Z  WARN ThreadId(03) hotstuff_runner::smrol::pnfifo: ðŸ“Š [Critical] Vote stats: 119 msgs, avg=8.427696ms, max=28.102868ms, rate=119/s
2025-11-02T12:34:35.161567Z  WARN ThreadId(05) hotstuff_runner::smrol::pnfifo: ðŸ“Š [Critical] Final stats: 139 msgs, avg=7.241844ms, max=26.428839ms, rate=139/s
2025-11-02T12:34:35.563535Z  WARN ThreadId(02) hotstuff_runner::smrol::pnfifo: ðŸ“Š [Critical] Proposal stats: 264 msgs, avg=3.798782ms, max=20.545893ms, rate=264/s
2025-11-02T12:34:35.637797Z  WARN ThreadId(03) hotstuff_runner::smrol::pnfifo: ðŸ“Š [Critical] Vote stats: 130 msgs, avg=7.717506ms, max=24.254149ms, rate=130/s
2025-11-02T12:34:36.164260Z  WARN ThreadId(04) hotstuff_runner::smrol::pnfifo: ðŸ“Š [Critical] Final stats: 152 msgs, avg=6.594875ms, max=20.724384ms, rate=152/s
2025-11-02T12:34:36.565018Z  WARN ThreadId(02) hotstuff_runner::smrol::pnfifo: ðŸ“Š [Critical] Proposal stats: 272 msgs, avg=3.680506ms, max=17.265081ms, rate=272/s
2025-11-02T12:34:36.639405Z  WARN ThreadId(05) hotstuff_runner::smrol::pnfifo: ðŸ“Š [Critical] Vote stats: 135 msgs, avg=7.417275ms, max=26.988405ms, rate=135/s
2025-11-02T12:34:37.173810Z  WARN ThreadId(03) hotstuff_runner::smrol::pnfifo: ðŸ“Š [Critical] Final stats: 151 msgs, avg=6.683365ms, max=22.06888ms, rate=151/s
2025-11-02T12:34:37.566672Z  WARN ThreadId(05) hotstuff_runner::smrol::pnfifo: ðŸ“Š [Critical] Proposal stats: 267 msgs, avg=3.749922ms, max=14.681701ms, rate=267/s
2025-11-02T12:34:37.644319Z  WARN ThreadId(04) hotstuff_runner::smrol::pnfifo: ðŸ“Š [Critical] Vote stats: 139 msgs, avg=7.223318ms, max=25.89957ms, rate=139/s
2025-11-02T12:34:38.179599Z  WARN ThreadId(04) hotstuff_runner::smrol::pnfifo: ðŸ“Š [Critical] Final stats: 155 msgs, avg=6.4866ms, max=20.074918ms, rate=155/s
2025-11-02T12:34:38.567227Z  WARN ThreadId(03) hotstuff_runner::smrol::pnfifo: ðŸ“Š [Critical] Proposal stats: 288 msgs, avg=3.472737ms, max=20.268522ms, rate=288/s
2025-11-02T12:34:38.647532Z  WARN ThreadId(03) hotstuff_runner::smrol::pnfifo: ðŸ“Š [Critical] Vote stats: 132 msgs, avg=7.562238ms, max=21.972899ms, rate=132/s
2025-11-02T12:34:39.180886Z  WARN ThreadId(05) hotstuff_runner::smrol::pnfifo: ðŸ“Š [Critical] Final stats: 152 msgs, avg=6.585303ms, max=21.757501ms, rate=152/s
2025-11-02T12:34:39.187873Z  WARN ThreadId(04) docker_node: Low processing efficiency: 0.0% - system may need tuning
2025-11-02T12:34:39.187897Z  WARN ThreadId(04) docker_node:   Connection reuse ineffective (2.0 msg/conn)
2025-11-02T12:34:39.569548Z  WARN ThreadId(04) hotstuff_runner::smrol::pnfifo: ðŸ“Š [Critical] Proposal stats: 261 msgs, avg=3.839017ms, max=15.834274ms, rate=261/s
2025-11-02T12:34:39.656378Z  WARN ThreadId(05) hotstuff_runner::smrol::pnfifo: ðŸ“Š [Critical] Vote stats: 125 msgs, avg=8.068709ms, max=26.241205ms, rate=125/s
2025-11-02T12:34:40.183709Z  WARN ThreadId(03) hotstuff_runner::smrol::pnfifo: ðŸ“Š [Critical] Final stats: 138 msgs, avg=7.263659ms, max=26.026328ms, rate=138/s
2025-11-02T12:34:40.570652Z  WARN ThreadId(02) hotstuff_runner::smrol::pnfifo: ðŸ“Š [Critical] Proposal stats: 258 msgs, avg=3.878837ms, max=20.895277ms, rate=258/s
2025-11-02T12:34:40.665166Z  WARN ThreadId(04) hotstuff_runner::smrol::pnfifo: ðŸ“Š [Critical] Vote stats: 135 msgs, avg=7.469994ms, max=30.593742ms, rate=135/s
2025-11-02T12:34:41.189267Z  WARN ThreadId(03) hotstuff_runner::smrol::pnfifo: ðŸ“Š [Critical] Final stats: 148 msgs, avg=6.79171ms, max=21.303937ms, rate=148/s
2025-11-02T12:34:41.574203Z  WARN ThreadId(04) hotstuff_runner::smrol::pnfifo: ðŸ“Š [Critical] Proposal stats: 287 msgs, avg=3.494151ms, max=22.460001ms, rate=287/s
2025-11-02T12:34:41.675725Z  WARN ThreadId(02) hotstuff_runner::smrol::pnfifo: ðŸ“Š [Critical] Vote stats: 131 msgs, avg=7.711606ms, max=26.547092ms, rate=131/s
2025-11-02T12:34:41.861382Z  WARN ThreadId(15) hotstuff_runner::smrol::network: âš ï¸ [Check] Writer 0 -> 2 slow write: 5.878006ms
2025-11-02T12:34:42.192805Z  WARN ThreadId(05) hotstuff_runner::smrol::pnfifo: ðŸ“Š [Critical] Final stats: 145 msgs, avg=6.919119ms, max=21.786847ms, rate=145/s
2025-11-02T12:34:42.579509Z  WARN ThreadId(02) hotstuff_runner::smrol::pnfifo: ðŸ“Š [Critical] Proposal stats: 251 msgs, avg=4.002781ms, max=19.922534ms, rate=251/s
2025-11-02T12:34:42.682849Z  WARN ThreadId(05) hotstuff_runner::smrol::pnfifo: ðŸ“Š [Critical] Vote stats: 129 msgs, avg=7.805266ms, max=28.070866ms, rate=129/s
2025-11-02T12:34:43.195890Z  WARN ThreadId(03) hotstuff_runner::smrol::pnfifo: ðŸ“Š [Critical] Final stats: 154 msgs, avg=6.511619ms, max=20.218004ms, rate=154/s
2025-11-02T12:34:43.580729Z  WARN ThreadId(04) hotstuff_runner::smrol::pnfifo: ðŸ“Š [Critical] Proposal stats: 269 msgs, avg=3.720569ms, max=18.953293ms, rate=269/s
2025-11-02T12:34:43.694601Z  WARN ThreadId(04) hotstuff_runner::smrol::pnfifo: ðŸ“Š [Critical] Vote stats: 119 msgs, avg=8.497768ms, max=23.061954ms, rate=119/s
2025-11-02T12:34:44.188536Z  WARN ThreadId(03) docker_node: Low processing efficiency: 0.0% - system may need tuning
2025-11-02T12:34:44.188568Z  WARN ThreadId(03) docker_node:   Connection reuse ineffective (2.0 msg/conn)
2025-11-02T12:34:44.199604Z  WARN ThreadId(03) hotstuff_runner::smrol::pnfifo: ðŸ“Š [Critical] Final stats: 145 msgs, avg=6.920263ms, max=21.322698ms, rate=145/s
2025-11-02T12:34:44.584669Z  WARN ThreadId(02) hotstuff_runner::smrol::pnfifo: ðŸ“Š [Critical] Proposal stats: 248 msgs, avg=4.046439ms, max=20.527348ms, rate=248/s
2025-11-02T12:34:44.698618Z  WARN ThreadId(05) hotstuff_runner::smrol::pnfifo: ðŸ“Š [Critical] Vote stats: 138 msgs, avg=7.273264ms, max=25.501297ms, rate=138/s
2025-11-02T12:34:45.205839Z  WARN ThreadId(02) hotstuff_runner::smrol::pnfifo: ðŸ“Š [Critical] Final stats: 144 msgs, avg=6.97711ms, max=23.490545ms, rate=144/s
2025-11-02T12:34:45.588534Z  WARN ThreadId(04) hotstuff_runner::smrol::pnfifo: ðŸ“Š [Critical] Proposal stats: 277 msgs, avg=3.622173ms, max=14.735318ms, rate=277/s
2025-11-02T12:34:45.707127Z  WARN ThreadId(05) hotstuff_runner::smrol::pnfifo: ðŸ“Š [Critical] Vote stats: 131 msgs, avg=7.696195ms, max=22.845105ms, rate=131/s
2025-11-02T12:34:46.207828Z  WARN ThreadId(03) hotstuff_runner::smrol::pnfifo: ðŸ“Š [Critical] Final stats: 174 msgs, avg=5.756854ms, max=22.551992ms, rate=174/s
2025-11-02T12:34:46.589366Z  WARN ThreadId(03) hotstuff_runner::smrol::pnfifo: ðŸ“Š [Critical] Proposal stats: 280 msgs, avg=3.573235ms, max=61.23629ms, rate=280/s
2025-11-02T12:34:46.707896Z  WARN ThreadId(02) hotstuff_runner::smrol::pnfifo: ðŸ“Š [Critical] Vote stats: 149 msgs, avg=6.714673ms, max=22.730258ms, rate=149/s
2025-11-02T12:34:47.209305Z  WARN ThreadId(02) hotstuff_runner::smrol::pnfifo: ðŸ“Š [Critical] Final stats: 158 msgs, avg=6.335582ms, max=19.765402ms, rate=158/s
2025-11-02T12:34:47.591051Z  WARN ThreadId(02) hotstuff_runner::smrol::pnfifo: ðŸ“Š [Critical] Proposal stats: 272 msgs, avg=3.681419ms, max=14.457031ms, rate=272/s
2025-11-02T12:34:47.709563Z  WARN ThreadId(03) hotstuff_runner::smrol::pnfifo: ðŸ“Š [Critical] Vote stats: 137 msgs, avg=7.308247ms, max=27.83899ms, rate=137/s
2025-11-02T12:34:48.004196Z  WARN ThreadId(15) hotstuff_runner::smrol::network: âš ï¸ [Check] Writer 0 -> 3 slow write: 5.376445ms
2025-11-02T12:34:48.213667Z  WARN ThreadId(02) hotstuff_runner::smrol::pnfifo: ðŸ“Š [Critical] Final stats: 146 msgs, avg=6.875748ms, max=22.034423ms, rate=146/s
2025-11-02T12:34:48.593871Z  WARN ThreadId(04) hotstuff_runner::smrol::pnfifo: ðŸ“Š [Critical] Proposal stats: 257 msgs, avg=3.900629ms, max=19.367895ms, rate=257/s
2025-11-02T12:34:48.716966Z  WARN ThreadId(04) hotstuff_runner::smrol::pnfifo: ðŸ“Š [Critical] Vote stats: 126 msgs, avg=7.993211ms, max=31.272997ms, rate=126/s
2025-11-02T12:34:49.187936Z  WARN ThreadId(05) docker_node: Low processing efficiency: 0.0% - system may need tuning
2025-11-02T12:34:49.187967Z  WARN ThreadId(05) docker_node:   Connection reuse ineffective (2.0 msg/conn)
2025-11-02T12:34:49.216506Z  WARN ThreadId(02) hotstuff_runner::smrol::pnfifo: ðŸ“Š [Critical] Final stats: 136 msgs, avg=7.369665ms, max=25.078733ms, rate=136/s
2025-11-02T12:34:49.601762Z  WARN ThreadId(05) hotstuff_runner::smrol::pnfifo: ðŸ“Š [Critical] Proposal stats: 262 msgs, avg=3.845625ms, max=18.997646ms, rate=262/s
2025-11-02T12:34:49.722691Z  WARN ThreadId(04) hotstuff_runner::smrol::pnfifo: ðŸ“Š [Critical] Vote stats: 131 msgs, avg=7.675128ms, max=25.745623ms, rate=131/s
2025-11-02T12:34:50.219825Z  WARN ThreadId(03) hotstuff_runner::smrol::pnfifo: ðŸ“Š [Critical] Final stats: 162 msgs, avg=6.190322ms, max=22.707071ms, rate=162/s
2025-11-02T12:34:50.603488Z  WARN ThreadId(05) hotstuff_runner::smrol::pnfifo: ðŸ“Š [Critical] Proposal stats: 273 msgs, avg=3.655399ms, max=15.790764ms, rate=273/s
2025-11-02T12:34:50.744781Z  WARN ThreadId(04) hotstuff_runner::smrol::pnfifo: ðŸ“Š [Critical] Vote stats: 130 msgs, avg=7.858109ms, max=24.912766ms, rate=130/s
2025-11-02T12:34:51.230375Z  WARN ThreadId(04) hotstuff_runner::smrol::pnfifo: ðŸ“Š [Critical] Final stats: 151 msgs, avg=6.690023ms, max=24.086187ms, rate=151/s
2025-11-02T12:34:51.605955Z  WARN ThreadId(03) hotstuff_runner::smrol::pnfifo: ðŸ“Š [Critical] Proposal stats: 235 msgs, avg=4.264387ms, max=16.949183ms, rate=235/s
2025-11-02T12:34:51.748149Z  WARN ThreadId(02) hotstuff_runner::smrol::pnfifo: ðŸ“Š [Critical] Vote stats: 128 msgs, avg=7.836647ms, max=32.648524ms, rate=128/s
2025-11-02T12:34:52.233445Z  WARN ThreadId(03) hotstuff_runner::smrol::pnfifo: ðŸ“Š [Critical] Final stats: 135 msgs, avg=7.426181ms, max=37.610826ms, rate=135/s
2025-11-02T12:34:52.608876Z  WARN ThreadId(05) hotstuff_runner::smrol::pnfifo: ðŸ“Š [Critical] Proposal stats: 241 msgs, avg=4.158785ms, max=17.78926ms, rate=241/s
2025-11-02T12:34:52.773253Z  WARN ThreadId(04) hotstuff_runner::smrol::pnfifo: ðŸ“Š [Critical] Vote stats: 129 msgs, avg=7.94302ms, max=26.812828ms, rate=129/s
2025-11-02T12:34:52.900690Z  WARN ThreadId(15) hotstuff_runner::smrol::network: âš ï¸ [Check] Writer 0 -> 2 slow write: 6.239104ms
2025-11-02T12:34:53.236379Z  WARN ThreadId(05) hotstuff_runner::smrol::pnfifo: ðŸ“Š [Critical] Final stats: 146 msgs, avg=6.867496ms, max=22.872714ms, rate=146/s
2025-11-02T12:34:53.613276Z  WARN ThreadId(02) hotstuff_runner::smrol::pnfifo: ðŸ“Š [Critical] Proposal stats: 267 msgs, avg=3.759559ms, max=16.525495ms, rate=267/s
2025-11-02T12:34:53.774972Z  WARN ThreadId(04) hotstuff_runner::smrol::pnfifo: ðŸ“Š [Critical] Vote stats: 122 msgs, avg=8.208811ms, max=28.002798ms, rate=122/s
2025-11-02T12:34:54.188000Z  WARN ThreadId(02) docker_node: Low processing efficiency: 0.0% - system may need tuning
2025-11-02T12:34:54.188094Z  WARN ThreadId(02) docker_node:   Connection reuse ineffective (2.0 msg/conn)
2025-11-02T12:34:54.243010Z  WARN ThreadId(02) hotstuff_runner::smrol::pnfifo: ðŸ“Š [Critical] Final stats: 286 msgs, avg=3.369851ms, max=25.082005ms, rate=286/s
2025-11-02T12:34:54.614673Z  WARN ThreadId(04) hotstuff_runner::smrol::pnfifo: ðŸ“Š [Critical] Proposal stats: 413 msgs, avg=2.423461ms, max=15.229059ms, rate=413/s
2025-11-02T12:34:54.785616Z  WARN ThreadId(04) hotstuff_runner::smrol::pnfifo: ðŸ“Š [Critical] Vote stats: 4002 msgs, avg=251.939Âµs, max=25.826779ms, rate=4002/s
2025-11-02T12:34:55.178495Z  WARN ThreadId(15) hotstuff_runner::smrol::network: âš ï¸ [Check] Writer 0 -> 3 slow write: 6.019717ms
2025-11-02T12:34:55.246493Z  WARN ThreadId(03) hotstuff_runner::smrol::pnfifo: ðŸ“Š [Critical] Final stats: 138 msgs, avg=2.095221ms, max=24.005943ms, rate=138/s
2025-11-02T12:34:55.614829Z  WARN ThreadId(02) hotstuff_runner::smrol::pnfifo: ðŸ“Š [Critical] Proposal stats: 496 msgs, avg=2.015403ms, max=18.656329ms, rate=496/s
2025-11-02T12:34:55.792920Z  WARN ThreadId(04) hotstuff_runner::smrol::pnfifo: ðŸ“Š [Critical] Vote stats: 162 msgs, avg=6.215614ms, max=25.061858ms, rate=162/s
2025-11-02T12:34:56.249022Z  WARN ThreadId(04) hotstuff_runner::smrol::pnfifo: ðŸ“Š [Critical] Final stats: 136 msgs, avg=1.7077ms, max=21.406556ms, rate=136/s
2025-11-02T12:34:56.624328Z  WARN ThreadId(05) hotstuff_runner::smrol::pnfifo: ðŸ“Š [Critical] Proposal stats: 389 msgs, avg=2.593908ms, max=16.755726ms, rate=389/s
2025-11-02T12:34:56.796555Z  WARN ThreadId(05) hotstuff_runner::smrol::pnfifo: ðŸ“Š [Critical] Vote stats: 177 msgs, avg=5.667515ms, max=24.741738ms, rate=177/s
2025-11-02T12:34:56.870604Z  WARN ThreadId(14) hotstuff_runner::smrol::network: âš ï¸ [Check] Writer 0 -> 3 slow write: 5.568145ms
2025-11-02T12:34:57.264892Z  WARN ThreadId(04) hotstuff_runner::smrol::pnfifo: ðŸ“Š [Critical] Final stats: 91 msgs, avg=2.848325ms, max=28.736227ms, rate=91/s
2025-11-02T12:34:57.634292Z  WARN ThreadId(02) hotstuff_runner::smrol::pnfifo: ðŸ“Š [Critical] Proposal stats: 168 msgs, avg=6.009954ms, max=25.586213ms, rate=168/s
2025-11-02T12:34:57.797156Z  WARN ThreadId(04) hotstuff_runner::smrol::pnfifo: ðŸ“Š [Critical] Vote stats: 195 msgs, avg=5.129347ms, max=21.384633ms, rate=195/s
2025-11-02T12:34:58.268331Z  WARN ThreadId(04) hotstuff_runner::smrol::pnfifo: ðŸ“Š [Critical] Final stats: 128 msgs, avg=3.621272ms, max=23.506858ms, rate=128/s
2025-11-02T12:34:58.634582Z  WARN ThreadId(05) hotstuff_runner::smrol::pnfifo: ðŸ“Š [Critical] Proposal stats: 286 msgs, avg=3.496164ms, max=24.829614ms, rate=286/s
2025-11-02T12:34:58.810085Z  WARN ThreadId(04) hotstuff_runner::smrol::pnfifo: ðŸ“Š [Critical] Vote stats: 144 msgs, avg=7.030943ms, max=24.804173ms, rate=144/s
2025-11-02T12:34:59.189474Z  WARN ThreadId(05) docker_node: Low processing efficiency: 0.0% - system may need tuning
2025-11-02T12:34:59.189517Z  WARN ThreadId(05) docker_node:   Connection reuse ineffective (2.0 msg/conn)
2025-11-02T12:34:59.288915Z  WARN ThreadId(03) hotstuff_runner::smrol::pnfifo: ðŸ“Š [Critical] Final stats: 92 msgs, avg=4.668487ms, max=17.210385ms, rate=92/s
2025-11-02T12:34:59.638221Z  WARN ThreadId(02) hotstuff_runner::smrol::pnfifo: ðŸ“Š [Critical] Proposal stats: 413 msgs, avg=2.428784ms, max=18.127224ms, rate=413/s
2025-11-02T12:34:59.825036Z  WARN ThreadId(03) hotstuff_runner::smrol::pnfifo: ðŸ“Š [Critical] Vote stats: 181 msgs, avg=5.606047ms, max=25.493624ms, rate=181/s
2025-11-02T12:35:00.290663Z  WARN ThreadId(03) hotstuff_runner::smrol::pnfifo: ðŸ“Š [Critical] Final stats: 127 msgs, avg=6.898355ms, max=25.425192ms, rate=127/s
2025-11-02T12:35:00.640764Z  WARN ThreadId(04) hotstuff_runner::smrol::pnfifo: ðŸ“Š [Critical] Proposal stats: 256 msgs, avg=3.914566ms, max=19.85195ms, rate=256/s
2025-11-02T12:35:00.827549Z  WARN ThreadId(05) hotstuff_runner::smrol::pnfifo: ðŸ“Š [Critical] Vote stats: 131 msgs, avg=7.616047ms, max=28.502967ms, rate=131/s
2025-11-02T12:35:01.299496Z  WARN ThreadId(03) hotstuff_runner::smrol::pnfifo: ðŸ“Š [Critical] Final stats: 169 msgs, avg=5.390916ms, max=24.401647ms, rate=169/s
2025-11-02T12:35:01.643306Z  WARN ThreadId(04) hotstuff_runner::smrol::pnfifo: ðŸ“Š [Critical] Proposal stats: 262 msgs, avg=3.825127ms, max=30.44832ms, rate=262/s
2025-11-02T12:35:01.828663Z  WARN ThreadId(05) hotstuff_runner::smrol::pnfifo: ðŸ“Š [Critical] Vote stats: 119 msgs, avg=8.410503ms, max=32.329265ms, rate=119/s
2025-11-02T12:35:02.304782Z  WARN ThreadId(03) hotstuff_runner::smrol::pnfifo: ðŸ“Š [Critical] Final stats: 169 msgs, avg=5.717941ms, max=24.360525ms, rate=169/s
2025-11-02T12:35:02.644314Z  WARN ThreadId(02) hotstuff_runner::smrol::pnfifo: ðŸ“Š [Critical] Proposal stats: 276 msgs, avg=3.625313ms, max=17.610046ms, rate=276/s
2025-11-02T12:35:02.836130Z  WARN ThreadId(02) hotstuff_runner::smrol::pnfifo: ðŸ“Š [Critical] Vote stats: 136 msgs, avg=7.405003ms, max=33.960337ms, rate=136/s
2025-11-02T12:35:03.316455Z  WARN ThreadId(04) hotstuff_runner::smrol::pnfifo: ðŸ“Š [Critical] Final stats: 170 msgs, avg=3.841675ms, max=19.480213ms, rate=170/s
2025-11-02T12:35:03.644766Z  WARN ThreadId(02) hotstuff_runner::smrol::pnfifo: ðŸ“Š [Critical] Proposal stats: 406 msgs, avg=2.462822ms, max=20.604278ms, rate=406/s
2025-11-02T12:35:03.838016Z  WARN ThreadId(04) hotstuff_runner::smrol::pnfifo: ðŸ“Š [Critical] Vote stats: 149 msgs, avg=6.720712ms, max=26.108863ms, rate=149/s
2025-11-02T12:35:04.188672Z  WARN ThreadId(03) docker_node: Low processing efficiency: 0.0% - system may need tuning
2025-11-02T12:35:04.188707Z  WARN ThreadId(03) docker_node:   Connection reuse ineffective (2.0 msg/conn)
2025-11-02T12:35:04.323093Z  WARN ThreadId(02) hotstuff_runner::smrol::pnfifo: ðŸ“Š [Critical] Final stats: 150 msgs, avg=5.322437ms, max=18.967177ms, rate=150/s
2025-11-02T12:35:04.535493Z  WARN ThreadId(14) hotstuff_runner::smrol::network: âš ï¸ [Check] Writer 0 -> 2 slow write: 5.42933ms
2025-11-02T12:35:04.646595Z  WARN ThreadId(02) hotstuff_runner::smrol::pnfifo: ðŸ“Š [Critical] Proposal stats: 349 msgs, avg=2.86938ms, max=20.159214ms, rate=349/s
2025-11-02T12:35:04.844017Z  WARN ThreadId(05) hotstuff_runner::smrol::pnfifo: ðŸ“Š [Critical] Vote stats: 140 msgs, avg=7.183687ms, max=31.735566ms, rate=140/s
2025-11-02T12:35:05.323168Z  WARN ThreadId(03) hotstuff_runner::smrol::pnfifo: ðŸ“Š [Critical] Final stats: 128 msgs, avg=6.280934ms, max=20.216998ms, rate=128/s
2025-11-02T12:35:05.647387Z  WARN ThreadId(05) hotstuff_runner::smrol::pnfifo: ðŸ“Š [Critical] Proposal stats: 261 msgs, avg=3.831956ms, max=20.695803ms, rate=261/s
2025-11-02T12:35:05.848581Z  WARN ThreadId(05) hotstuff_runner::smrol::pnfifo: ðŸ“Š [Critical] Vote stats: 140 msgs, avg=7.173193ms, max=28.138218ms, rate=140/s
2025-11-02T12:35:06.337145Z  WARN ThreadId(04) hotstuff_runner::smrol::pnfifo: ðŸ“Š [Critical] Final stats: 188 msgs, avg=4.776714ms, max=21.179662ms, rate=188/s
2025-11-02T12:35:06.651939Z  WARN ThreadId(05) hotstuff_runner::smrol::pnfifo: ðŸ“Š [Critical] Proposal stats: 275 msgs, avg=3.650781ms, max=23.554628ms, rate=275/s
2025-11-02T12:35:06.849535Z  WARN ThreadId(03) hotstuff_runner::smrol::pnfifo: ðŸ“Š [Critical] Vote stats: 132 msgs, avg=7.580905ms, max=27.139181ms, rate=132/s
2025-11-02T12:35:07.342635Z  WARN ThreadId(05) hotstuff_runner::smrol::pnfifo: ðŸ“Š [Critical] Final stats: 132 msgs, avg=7.242729ms, max=31.557882ms, rate=132/s
2025-11-02T12:35:07.654668Z  WARN ThreadId(04) hotstuff_runner::smrol::pnfifo: ðŸ“Š [Critical] Proposal stats: 206 msgs, avg=4.865907ms, max=20.814015ms, rate=206/s
2025-11-02T12:35:07.861863Z  WARN ThreadId(02) hotstuff_runner::smrol::pnfifo: ðŸ“Š [Critical] Vote stats: 122 msgs, avg=8.29587ms, max=33.127637ms, rate=122/s
2025-11-02T12:35:08.355215Z  WARN ThreadId(05) hotstuff_runner::smrol::pnfifo: ðŸ“Š [Critical] Final stats: 172 msgs, avg=5.304426ms, max=23.213679ms, rate=172/s
2025-11-02T12:35:08.663206Z  WARN ThreadId(04) hotstuff_runner::smrol::pnfifo: ðŸ“Š [Critical] Proposal stats: 218 msgs, avg=4.624073ms, max=22.740213ms, rate=218/s
2025-11-02T12:35:08.879565Z  WARN ThreadId(04) hotstuff_runner::smrol::pnfifo: ðŸ“Š [Critical] Vote stats: 127 msgs, avg=8.010823ms, max=20.486051ms, rate=127/s
2025-11-02T12:35:09.188468Z  WARN ThreadId(04) docker_node: Low processing efficiency: 0.0% - system may need tuning
2025-11-02T12:35:09.188497Z  WARN ThreadId(04) docker_node:   Connection reuse ineffective (2.0 msg/conn)
2025-11-02T12:35:09.357600Z  WARN ThreadId(05) hotstuff_runner::smrol::pnfifo: ðŸ“Š [Critical] Final stats: 140 msgs, avg=5.847755ms, max=23.182815ms, rate=140/s
2025-11-02T12:35:09.668196Z  WARN ThreadId(02) hotstuff_runner::smrol::pnfifo: ðŸ“Š [Critical] Proposal stats: 286 msgs, avg=3.510054ms, max=18.036458ms, rate=286/s
2025-11-02T12:35:09.893539Z  WARN ThreadId(05) hotstuff_runner::smrol::pnfifo: ðŸ“Š [Critical] Vote stats: 146 msgs, avg=6.942723ms, max=31.503747ms, rate=146/s
2025-11-02T12:35:10.362316Z  WARN ThreadId(03) hotstuff_runner::smrol::pnfifo: ðŸ“Š [Critical] Final stats: 110 msgs, avg=4.565904ms, max=19.906947ms, rate=110/s
2025-11-02T12:35:10.674391Z  WARN ThreadId(03) hotstuff_runner::smrol::pnfifo: ðŸ“Š [Critical] Proposal stats: 242 msgs, avg=4.156318ms, max=23.167248ms, rate=242/s
2025-11-02T12:35:10.898673Z  WARN ThreadId(05) hotstuff_runner::smrol::pnfifo: ðŸ“Š [Critical] Vote stats: 115 msgs, avg=8.736011ms, max=24.305162ms, rate=115/s
2025-11-02T12:35:10.977489Z  WARN ThreadId(15) hotstuff_runner::smrol::network: âš ï¸ [Check] Writer 0 -> 1 slow write: 9.042521ms
2025-11-02T12:35:11.389770Z  WARN ThreadId(03) hotstuff_runner::smrol::pnfifo: ðŸ“Š [Critical] Final stats: 158 msgs, avg=6.381399ms, max=22.923041ms, rate=158/s
2025-11-02T12:35:11.570232Z  WARN ThreadId(15) hotstuff_runner::smrol::network: âš ï¸ [Check] Writer 0 -> 2 slow write: 5.074999ms
2025-11-02T12:35:11.677879Z  WARN ThreadId(05) hotstuff_runner::smrol::pnfifo: ðŸ“Š [Critical] Proposal stats: 210 msgs, avg=4.777011ms, max=30.375799ms, rate=210/s
2025-11-02T12:35:11.902812Z  WARN ThreadId(02) hotstuff_runner::smrol::pnfifo: ðŸ“Š [Critical] Vote stats: 121 msgs, avg=8.296522ms, max=29.221871ms, rate=121/s
2025-11-02T12:35:12.392487Z  WARN ThreadId(04) hotstuff_runner::smrol::pnfifo: ðŸ“Š [Critical] Final stats: 165 msgs, avg=5.083594ms, max=27.763109ms, rate=165/s
2025-11-02T12:35:12.682637Z  WARN ThreadId(02) hotstuff_runner::smrol::pnfifo: ðŸ“Š [Critical] Proposal stats: 275 msgs, avg=3.652203ms, max=21.04393ms, rate=275/s
2025-11-02T12:35:12.905492Z  WARN ThreadId(04) hotstuff_runner::smrol::pnfifo: ðŸ“Š [Critical] Vote stats: 136 msgs, avg=7.370403ms, max=34.441464ms, rate=136/s
2025-11-02T12:35:13.396314Z  WARN ThreadId(02) hotstuff_runner::smrol::pnfifo: ðŸ“Š [Critical] Final stats: 153 msgs, avg=6.552194ms, max=20.678891ms, rate=153/s
2025-11-02T12:35:13.684866Z  WARN ThreadId(03) hotstuff_runner::smrol::pnfifo: ðŸ“Š [Critical] Proposal stats: 302 msgs, avg=3.317226ms, max=25.305313ms, rate=302/s
2025-11-02T12:35:13.906085Z  WARN ThreadId(03) hotstuff_runner::smrol::pnfifo: ðŸ“Š [Critical] Vote stats: 138 msgs, avg=7.248633ms, max=22.700234ms, rate=138/s
2025-11-02T12:35:14.190117Z  WARN ThreadId(03) docker_node: Low processing efficiency: 0.0% - system may need tuning
2025-11-02T12:35:14.190307Z  WARN ThreadId(03) docker_node:   Connection reuse ineffective (2.0 msg/conn)
2025-11-02T12:35:14.403145Z  WARN ThreadId(03) hotstuff_runner::smrol::pnfifo: ðŸ“Š [Critical] Final stats: 155 msgs, avg=6.492359ms, max=20.90824ms, rate=155/s
2025-11-02T12:35:14.687103Z  WARN ThreadId(04) hotstuff_runner::smrol::pnfifo: ðŸ“Š [Critical] Proposal stats: 249 msgs, avg=4.023669ms, max=14.509159ms, rate=249/s
2025-11-02T12:35:14.907927Z  WARN ThreadId(03) hotstuff_runner::smrol::pnfifo: ðŸ“Š [Critical] Vote stats: 123 msgs, avg=8.142973ms, max=30.333846ms, rate=123/s
2025-11-02T12:35:15.404309Z  WARN ThreadId(03) hotstuff_runner::smrol::pnfifo: ðŸ“Š [Critical] Final stats: 152 msgs, avg=6.58313ms, max=21.519606ms, rate=152/s
2025-11-02T12:35:15.533208Z  WARN ThreadId(15) hotstuff_runner::smrol::network: âš ï¸ [Check] Writer 0 -> 3 slow write: 6.727248ms
2025-11-02T12:35:15.689447Z  WARN ThreadId(05) hotstuff_runner::smrol::pnfifo: ðŸ“Š [Critical] Proposal stats: 295 msgs, avg=3.396332ms, max=18.522687ms, rate=295/s
2025-11-02T12:35:15.916553Z  WARN ThreadId(05) hotstuff_runner::smrol::pnfifo: ðŸ“Š [Critical] Vote stats: 131 msgs, avg=7.696851ms, max=28.782834ms, rate=131/s
2025-11-02T12:35:16.408472Z  WARN ThreadId(03) hotstuff_runner::smrol::pnfifo: ðŸ“Š [Critical] Final stats: 153 msgs, avg=6.561317ms, max=27.331556ms, rate=153/s
2025-11-02T12:35:16.691090Z  WARN ThreadId(05) hotstuff_runner::smrol::pnfifo: ðŸ“Š [Critical] Proposal stats: 270 msgs, avg=3.707594ms, max=16.639994ms, rate=270/s
2025-11-02T12:35:16.925921Z  WARN ThreadId(02) hotstuff_runner::smrol::pnfifo: ðŸ“Š [Critical] Vote stats: 151 msgs, avg=6.682718ms, max=24.58715ms, rate=151/s
2025-11-02T12:35:17.430907Z  WARN ThreadId(03) hotstuff_runner::smrol::pnfifo: ðŸ“Š [Critical] Final stats: 155 msgs, avg=6.592632ms, max=25.538264ms, rate=155/s
2025-11-02T12:35:17.694800Z  WARN ThreadId(02) hotstuff_runner::smrol::pnfifo: ðŸ“Š [Critical] Proposal stats: 271 msgs, avg=3.702288ms, max=21.919789ms, rate=271/s
2025-11-02T12:35:17.929217Z  WARN ThreadId(03) hotstuff_runner::smrol::pnfifo: ðŸ“Š [Critical] Vote stats: 146 msgs, avg=6.8697ms, max=28.425636ms, rate=146/s
2025-11-02T12:35:18.437458Z  WARN ThreadId(03) hotstuff_runner::smrol::pnfifo: ðŸ“Š [Critical] Final stats: 165 msgs, avg=6.098188ms, max=20.897535ms, rate=165/s
2025-11-02T12:35:18.696004Z  WARN ThreadId(05) hotstuff_runner::smrol::pnfifo: ðŸ“Š [Critical] Proposal stats: 279 msgs, avg=3.586164ms, max=18.396868ms, rate=279/s
2025-11-02T12:35:18.858486Z  WARN ThreadId(14) hotstuff_runner::smrol::network: âš ï¸ [Check] Writer 0 -> 3 slow write: 5.024124ms
2025-11-02T12:35:18.932017Z  WARN ThreadId(04) hotstuff_runner::smrol::pnfifo: ðŸ“Š [Critical] Vote stats: 139 msgs, avg=7.212407ms, max=26.344565ms, rate=139/s
2025-11-02T12:35:19.189874Z  WARN ThreadId(04) docker_node: Low processing efficiency: 0.0% - system may need tuning
2025-11-02T12:35:19.189997Z  WARN ThreadId(04) docker_node:   Connection reuse ineffective (2.0 msg/conn)
2025-11-02T12:35:19.434190Z  WARN ThreadId(15) hotstuff_runner::smrol::network: âš ï¸ [Check] Writer 0 -> 3 slow write: 5.501708ms
2025-11-02T12:35:19.440497Z  WARN ThreadId(03) hotstuff_runner::smrol::pnfifo: ðŸ“Š [Critical] Final stats: 145 msgs, avg=6.915455ms, max=24.905219ms, rate=145/s
2025-11-02T12:35:19.696231Z  WARN ThreadId(03) hotstuff_runner::smrol::pnfifo: ðŸ“Š [Critical] Proposal stats: 264 msgs, avg=3.787115ms, max=16.792743ms, rate=264/s
2025-11-02T12:35:19.937844Z  WARN ThreadId(05) hotstuff_runner::smrol::pnfifo: ðŸ“Š [Critical] Vote stats: 124 msgs, avg=8.109648ms, max=29.817157ms, rate=124/s
2025-11-02T12:35:20.443782Z  WARN ThreadId(05) hotstuff_runner::smrol::pnfifo: ðŸ“Š [Critical] Final stats: 132 msgs, avg=7.598755ms, max=30.971637ms, rate=132/s
2025-11-02T12:35:20.697132Z  WARN ThreadId(02) hotstuff_runner::smrol::pnfifo: ðŸ“Š [Critical] Proposal stats: 254 msgs, avg=3.939228ms, max=18.395515ms, rate=254/s
2025-11-02T12:35:20.941486Z  WARN ThreadId(03) hotstuff_runner::smrol::pnfifo: ðŸ“Š [Critical] Vote stats: 121 msgs, avg=8.292619ms, max=23.768435ms, rate=121/s
2025-11-02T12:35:21.448626Z  WARN ThreadId(04) hotstuff_runner::smrol::pnfifo: ðŸ“Š [Critical] Final stats: 148 msgs, avg=6.787527ms, max=20.967909ms, rate=148/s
2025-11-02T12:35:21.698918Z  WARN ThreadId(04) hotstuff_runner::smrol::pnfifo: ðŸ“Š [Critical] Proposal stats: 265 msgs, avg=3.777984ms, max=16.881905ms, rate=265/s
2025-11-02T12:35:21.749639Z  WARN ThreadId(15) hotstuff_runner::smrol::network: âš ï¸ [Check] Writer 0 -> 3 slow write: 8.68296ms
2025-11-02T12:35:21.954147Z  WARN ThreadId(04) hotstuff_runner::smrol::pnfifo: ðŸ“Š [Critical] Vote stats: 130 msgs, avg=7.787928ms, max=31.213644ms, rate=130/s
2025-11-02T12:35:22.456687Z  WARN ThreadId(05) hotstuff_runner::smrol::pnfifo: ðŸ“Š [Critical] Final stats: 150 msgs, avg=6.718479ms, max=21.608316ms, rate=150/s
2025-11-02T12:35:22.701732Z  WARN ThreadId(05) hotstuff_runner::smrol::pnfifo: ðŸ“Š [Critical] Proposal stats: 285 msgs, avg=3.517171ms, max=15.268565ms, rate=285/s
2025-11-02T12:35:22.970269Z  WARN ThreadId(03) hotstuff_runner::smrol::pnfifo: ðŸ“Š [Critical] Vote stats: 132 msgs, avg=7.695597ms, max=24.661233ms, rate=132/s
2025-11-02T12:35:23.457887Z  WARN ThreadId(02) hotstuff_runner::smrol::pnfifo: ðŸ“Š [Critical] Final stats: 159 msgs, avg=6.294851ms, max=19.138541ms, rate=159/s
2025-11-02T12:35:23.703448Z  WARN ThreadId(04) hotstuff_runner::smrol::pnfifo: ðŸ“Š [Critical] Proposal stats: 282 msgs, avg=3.550184ms, max=19.449941ms, rate=282/s
2025-11-02T12:35:23.976092Z  WARN ThreadId(03) hotstuff_runner::smrol::pnfifo: ðŸ“Š [Critical] Vote stats: 120 msgs, avg=8.378703ms, max=29.33745ms, rate=120/s
2025-11-02T12:35:24.189167Z  WARN ThreadId(05) docker_node: Low processing efficiency: 0.0% - system may need tuning
2025-11-02T12:35:24.189195Z  WARN ThreadId(05) docker_node:   Connection reuse ineffective (2.0 msg/conn)
2025-11-02T12:35:24.466666Z  WARN ThreadId(04) hotstuff_runner::smrol::pnfifo: ðŸ“Š [Critical] Final stats: 169 msgs, avg=4.393991ms, max=21.920322ms, rate=169/s
2025-11-02T12:35:24.706283Z  WARN ThreadId(02) hotstuff_runner::smrol::pnfifo: ðŸ“Š [Critical] Proposal stats: 242 msgs, avg=4.141516ms, max=240.279042ms, rate=242/s
2025-11-02T12:35:24.978000Z  WARN ThreadId(02) hotstuff_runner::smrol::pnfifo: ðŸ“Š [Critical] Vote stats: 6907 msgs, avg=118.442Âµs, max=24.042828ms, rate=6907/s
2025-11-02T12:35:25.289513Z  WARN ThreadId(14) hotstuff_runner::smrol::network: âš ï¸ [Check] Writer 0 -> 3 slow write: 5.448919ms
2025-11-02T12:35:25.469470Z  WARN ThreadId(03) hotstuff_runner::smrol::pnfifo: ðŸ“Š [Critical] Final stats: 77 msgs, avg=1.583018ms, max=15.671917ms, rate=77/s
2025-11-02T12:35:25.710487Z  WARN ThreadId(02) hotstuff_runner::smrol::pnfifo: ðŸ“Š [Critical] Proposal stats: 634 msgs, avg=1.583027ms, max=14.819445ms, rate=634/s
2025-11-02T12:35:25.981966Z  WARN ThreadId(04) hotstuff_runner::smrol::pnfifo: ðŸ“Š [Critical] Vote stats: 500 msgs, avg=1.654763ms, max=18.520398ms, rate=500/s
2025-11-02T12:35:26.475028Z  WARN ThreadId(02) hotstuff_runner::smrol::pnfifo: ðŸ“Š [Critical] Final stats: 46 msgs, avg=3.529Âµs, max=11.504Âµs, rate=46/s
2025-11-02T12:35:26.710696Z  WARN ThreadId(04) hotstuff_runner::smrol::pnfifo: ðŸ“Š [Critical] Proposal stats: 570 msgs, avg=1.753465ms, max=13.875149ms, rate=570/s
2025-11-02T12:35:26.987177Z  WARN ThreadId(03) hotstuff_runner::smrol::pnfifo: ðŸ“Š [Critical] Vote stats: 526 msgs, avg=1.906181ms, max=22.580392ms, rate=526/s
2025-11-02T12:35:27.299433Z  WARN ThreadId(15) hotstuff_runner::smrol::network: âš ï¸ [Check] Writer 0 -> 2 slow write: 17.973106ms
2025-11-02T12:35:27.480714Z  WARN ThreadId(04) hotstuff_runner::smrol::pnfifo: ðŸ“Š [Critical] Final stats: 65 msgs, avg=3.352Âµs, max=21.729Âµs, rate=65/s
2025-11-02T12:35:27.711387Z  WARN ThreadId(02) hotstuff_runner::smrol::pnfifo: ðŸ“Š [Critical] Proposal stats: 645 msgs, avg=1.550527ms, max=17.287484ms, rate=645/s
2025-11-02T12:35:27.988041Z  WARN ThreadId(05) hotstuff_runner::smrol::pnfifo: ðŸ“Š [Critical] Vote stats: 359 msgs, avg=2.785992ms, max=42.326722ms, rate=359/s
2025-11-02T12:35:28.563888Z  WARN ThreadId(03) hotstuff_runner::smrol::pnfifo: ðŸ“Š [Critical] Final stats: 84 msgs, avg=3.83Âµs, max=44.549Âµs, rate=84/s
2025-11-02T12:35:28.712499Z  WARN ThreadId(03) hotstuff_runner::smrol::pnfifo: ðŸ“Š [Critical] Proposal stats: 531 msgs, avg=1.883483ms, max=19.509689ms, rate=531/s
2025-11-02T12:35:28.990336Z  WARN ThreadId(04) hotstuff_runner::smrol::pnfifo: ðŸ“Š [Critical] Vote stats: 720 msgs, avg=1.350424ms, max=29.431734ms, rate=720/s
2025-11-02T12:35:29.074523Z  WARN ThreadId(15) hotstuff_runner::smrol::network: âš ï¸ [Check] Writer 0 -> 1 slow write: 5.019552ms
2025-11-02T12:35:29.188066Z  WARN ThreadId(05) docker_node: Low processing efficiency: 0.0% - system may need tuning
2025-11-02T12:35:29.188151Z  WARN ThreadId(05) docker_node:   Connection reuse ineffective (2.0 msg/conn)
2025-11-02T12:35:29.310434Z  WARN ThreadId(14) hotstuff_runner::smrol::network: âš ï¸ [Check] Writer 0 -> 3 slow write: 7.98473ms
2025-11-02T12:35:29.544480Z  WARN ThreadId(14) hotstuff_runner::smrol::network: âš ï¸ [Check] Writer 0 -> 2 slow write: 7.284375ms
2025-11-02T12:35:29.569529Z  WARN ThreadId(04) hotstuff_runner::smrol::pnfifo: ðŸ“Š [Critical] Final stats: 83 msgs, avg=4.408Âµs, max=111.037Âµs, rate=83/s
2025-11-02T12:35:29.712667Z  WARN ThreadId(03) hotstuff_runner::smrol::pnfifo: ðŸ“Š [Critical] Proposal stats: 343 msgs, avg=2.914329ms, max=22.001957ms, rate=343/s
2025-11-02T12:35:29.994090Z  WARN ThreadId(03) hotstuff_runner::smrol::pnfifo: ðŸ“Š [Critical] Vote stats: 560 msgs, avg=1.643775ms, max=34.128434ms, rate=560/s
2025-11-02T12:35:30.587368Z  WARN ThreadId(04) hotstuff_runner::smrol::pnfifo: ðŸ“Š [Critical] Final stats: 78 msgs, avg=3.567Âµs, max=23.621Âµs, rate=78/s
2025-11-02T12:35:30.715629Z  WARN ThreadId(03) hotstuff_runner::smrol::pnfifo: ðŸ“Š [Critical] Proposal stats: 206 msgs, avg=4.866752ms, max=20.961153ms, rate=206/s
2025-11-02T12:35:31.017345Z  WARN ThreadId(02) hotstuff_runner::smrol::pnfifo: ðŸ“Š [Critical] Vote stats: 398 msgs, avg=1.001348ms, max=22.84506ms, rate=398/s
2025-11-02T12:35:31.595547Z  WARN ThreadId(03) hotstuff_runner::smrol::pnfifo: ðŸ“Š [Critical] Final stats: 103 msgs, avg=2.995Âµs, max=12.663Âµs, rate=103/s
2025-11-02T12:35:31.730861Z  WARN ThreadId(05) hotstuff_runner::smrol::pnfifo: ðŸ“Š [Critical] Proposal stats: 248 msgs, avg=4.09204ms, max=15.910732ms, rate=248/s
2025-11-02T12:35:32.018848Z  WARN ThreadId(04) hotstuff_runner::smrol::pnfifo: ðŸ“Š [Critical] Vote stats: 314 msgs, avg=1.760397ms, max=35.912074ms, rate=314/s
2025-11-02T12:35:32.607528Z  WARN ThreadId(03) hotstuff_runner::smrol::pnfifo: ðŸ“Š [Critical] Final stats: 164 msgs, avg=508.167Âµs, max=24.412204ms, rate=164/s
2025-11-02T12:35:32.734557Z  WARN ThreadId(02) hotstuff_runner::smrol::pnfifo: ðŸ“Š [Critical] Proposal stats: 240 msgs, avg=4.180513ms, max=26.636531ms, rate=240/s
2025-11-02T12:35:33.024171Z  WARN ThreadId(02) hotstuff_runner::smrol::pnfifo: ðŸ“Š [Critical] Vote stats: 301 msgs, avg=1.568132ms, max=39.965203ms, rate=301/s
2025-11-02T12:35:33.608959Z  WARN ThreadId(02) hotstuff_runner::smrol::pnfifo: ðŸ“Š [Critical] Final stats: 139 msgs, avg=66.034Âµs, max=8.702693ms, rate=139/s
2025-11-02T12:35:33.734878Z  WARN ThreadId(05) hotstuff_runner::smrol::pnfifo: ðŸ“Š [Critical] Proposal stats: 284 msgs, avg=3.52039ms, max=24.65087ms, rate=284/s
2025-11-02T12:35:34.027136Z  WARN ThreadId(02) hotstuff_runner::smrol::pnfifo: ðŸ“Š [Critical] Vote stats: 375 msgs, avg=1.3978ms, max=17.800958ms, rate=375/s
2025-11-02T12:35:34.188371Z  WARN ThreadId(05) docker_node: Low processing efficiency: 0.0% - system may need tuning
2025-11-02T12:35:34.188425Z  WARN ThreadId(05) docker_node:   Connection reuse ineffective (2.0 msg/conn)
2025-11-02T12:35:34.615967Z  WARN ThreadId(03) hotstuff_runner::smrol::pnfifo: ðŸ“Š [Critical] Final stats: 140 msgs, avg=1.704777ms, max=21.848209ms, rate=140/s
2025-11-02T12:35:34.735134Z  WARN ThreadId(02) hotstuff_runner::smrol::pnfifo: ðŸ“Š [Critical] Proposal stats: 343 msgs, avg=2.915019ms, max=28.917591ms, rate=343/s
2025-11-02T12:35:35.037988Z  WARN ThreadId(04) hotstuff_runner::smrol::pnfifo: ðŸ“Š [Critical] Vote stats: 293 msgs, avg=2.052248ms, max=27.098985ms, rate=293/s
2025-11-02T12:35:35.632418Z  WARN ThreadId(04) hotstuff_runner::smrol::pnfifo: ðŸ“Š [Critical] Final stats: 140 msgs, avg=3.365792ms, max=21.644837ms, rate=140/s
2025-11-02T12:35:35.736753Z  WARN ThreadId(02) hotstuff_runner::smrol::pnfifo: ðŸ“Š [Critical] Proposal stats: 429 msgs, avg=2.333579ms, max=24.524978ms, rate=429/s
2025-11-02T12:35:36.038133Z  WARN ThreadId(05) hotstuff_runner::smrol::pnfifo: ðŸ“Š [Critical] Vote stats: 402 msgs, avg=2.064084ms, max=20.139274ms, rate=402/s
