2025-11-12T04:30:19.110179Z  WARN ThreadId(01) docker_node: metrics exporter disabled by SMROL_DISABLE_METRICS
2025-11-12T04:30:39.313484Z  WARN ThreadId(01) hotstuff_runner::tcp_node: Node 1 view timeout set to 4000 ms
2025-11-12T04:30:39.316589Z ERROR ThreadId(23) hotstuff_runner::pompe_network: Node 1 failed to connect to node 2: Connection refused (os error 111)
2025-11-12T04:30:39.316984Z ERROR ThreadId(22) hotstuff_runner::pompe_network: Node 1 failed to connect to node 3: Connection refused (os error 111)
2025-11-12T04:30:39.317352Z ERROR ThreadId(22) hotstuff_runner::pompe_network: Node 1 failed to connect to node 4: Connection refused (os error 111)
2025-11-12T04:30:39.325121Z  WARN ThreadId(01) hotstuff_runner::smrol::sequencing: SMROL_MEDIAN_INFLIGHT=24, SMROL_ORDER_FINALIZE_INFLIGHT=4, SMROL_FINAL_SIGN_INFLIGHT=4, SMROL_FINAL_VERIFY_INFLIGHT=24
2025-11-12T04:30:39.325175Z  WARN ThreadId(01) hotstuff_runner::smrol::sequencing: [Sequencing] Node 1 multi-signature verification disabled: false
2025-11-12T04:30:39.325244Z  WARN ThreadId(02) hotstuff_runner::smrol::sequencing: [Sequencing] Node 1 final verify dispatcher started
2025-11-12T04:30:39.326339Z  WARN ThreadId(07) docker_node:   Connection reuse ineffective (2.0 msg/conn)
2025-11-12T04:30:43.315603Z  WARN ThreadId(21) hotstuff_runner::tcp_node: Node 1 view 0 timed out; latency may accumulate
2025-11-12T04:30:44.326495Z  WARN ThreadId(09) docker_node:   Connection reuse ineffective (2.0 msg/conn)
2025-11-12T04:30:44.330158Z  WARN ThreadId(01) docker_node: Node 0 port 20000 temporarily unreachable: failed to lookup address information: Temporary failure in name resolution
2025-11-12T04:30:44.332134Z  WARN ThreadId(01) docker_node: Node 1 port 20001 temporarily unreachable: failed to lookup address information: Temporary failure in name resolution
2025-11-12T04:30:44.333898Z  WARN ThreadId(01) docker_node: Node 2 port 20002 temporarily unreachable: failed to lookup address information: Temporary failure in name resolution
2025-11-12T04:30:44.335698Z  WARN ThreadId(01) docker_node: Node 3 port 20003 temporarily unreachable: failed to lookup address information: Temporary failure in name resolution
2025-11-12T04:30:44.337679Z  WARN ThreadId(01) docker_node: Node 4 port 20004 temporarily unreachable: failed to lookup address information: Temporary failure in name resolution
2025-11-12T04:30:44.339341Z  WARN ThreadId(01) docker_node: Node 5 port 20005 temporarily unreachable: failed to lookup address information: Temporary failure in name resolution
2025-11-12T04:30:44.341091Z  WARN ThreadId(01) docker_node: Node 6 port 20006 temporarily unreachable: failed to lookup address information: Temporary failure in name resolution
2025-11-12T04:30:44.342986Z  WARN ThreadId(01) docker_node: Node 7 port 20007 temporarily unreachable: failed to lookup address information: Temporary failure in name resolution
2025-11-12T04:30:44.344766Z  WARN ThreadId(01) docker_node: Node 8 port 20008 temporarily unreachable: failed to lookup address information: Temporary failure in name resolution
2025-11-12T04:30:44.346613Z  WARN ThreadId(01) docker_node: Node 9 port 20009 temporarily unreachable: failed to lookup address information: Temporary failure in name resolution
2025-11-12T04:30:44.348640Z  WARN ThreadId(01) docker_node: Node 10 port 20010 temporarily unreachable: failed to lookup address information: Temporary failure in name resolution
2025-11-12T04:30:44.350346Z  WARN ThreadId(01) docker_node: Node 11 port 20011 temporarily unreachable: failed to lookup address information: Temporary failure in name resolution
2025-11-12T04:30:44.352183Z  WARN ThreadId(01) docker_node: Node 12 port 20012 temporarily unreachable: failed to lookup address information: Temporary failure in name resolution
2025-11-12T04:30:44.353911Z  WARN ThreadId(01) docker_node: Node 13 port 20013 temporarily unreachable: failed to lookup address information: Temporary failure in name resolution
2025-11-12T04:30:44.355531Z  WARN ThreadId(01) docker_node: Node 14 port 20014 temporarily unreachable: failed to lookup address information: Temporary failure in name resolution
2025-11-12T04:30:44.357154Z  WARN ThreadId(01) docker_node: Node 15 port 20015 temporarily unreachable: failed to lookup address information: Temporary failure in name resolution
2025-11-12T04:30:44.359052Z  WARN ThreadId(01) docker_node: Node 16 port 20016 temporarily unreachable: failed to lookup address information: Temporary failure in name resolution
2025-11-12T04:30:44.361162Z  WARN ThreadId(01) docker_node: Node 17 port 20017 temporarily unreachable: failed to lookup address information: Temporary failure in name resolution
2025-11-12T04:30:44.363047Z  WARN ThreadId(01) docker_node: Node 18 port 20018 temporarily unreachable: failed to lookup address information: Temporary failure in name resolution
2025-11-12T04:30:44.364973Z  WARN ThreadId(01) docker_node: Node 19 port 20019 temporarily unreachable: failed to lookup address information: Temporary failure in name resolution
2025-11-12T04:30:44.366759Z  WARN ThreadId(01) docker_node: Node 20 port 20020 temporarily unreachable: failed to lookup address information: Temporary failure in name resolution
2025-11-12T04:30:44.368533Z  WARN ThreadId(01) docker_node: Node 21 port 20021 temporarily unreachable: failed to lookup address information: Temporary failure in name resolution
2025-11-12T04:30:44.370423Z  WARN ThreadId(01) docker_node: Node 22 port 20022 temporarily unreachable: failed to lookup address information: Temporary failure in name resolution
2025-11-12T04:30:44.373162Z  WARN ThreadId(01) docker_node: Node 23 port 20023 temporarily unreachable: failed to lookup address information: Temporary failure in name resolution
2025-11-12T04:30:44.374938Z  WARN ThreadId(01) docker_node: Node 24 port 20024 temporarily unreachable: failed to lookup address information: Temporary failure in name resolution
2025-11-12T04:30:44.376788Z  WARN ThreadId(01) docker_node: Node 25 port 20025 temporarily unreachable: failed to lookup address information: Temporary failure in name resolution
2025-11-12T04:30:44.378690Z  WARN ThreadId(01) docker_node: Node 26 port 20026 temporarily unreachable: failed to lookup address information: Temporary failure in name resolution
2025-11-12T04:30:44.381976Z  WARN ThreadId(01) docker_node: Node 27 port 20027 temporarily unreachable: failed to lookup address information: Temporary failure in name resolution
2025-11-12T04:30:44.383841Z  WARN ThreadId(01) docker_node: Node 28 port 20028 temporarily unreachable: failed to lookup address information: Temporary failure in name resolution
2025-11-12T04:30:44.385579Z  WARN ThreadId(01) docker_node: Node 29 port 20029 temporarily unreachable: failed to lookup address information: Temporary failure in name resolution
2025-11-12T04:30:44.388072Z  WARN ThreadId(01) docker_node: Node 30 port 20030 temporarily unreachable: failed to lookup address information: Temporary failure in name resolution
2025-11-12T04:30:44.389890Z  WARN ThreadId(01) docker_node: Node 31 port 20031 temporarily unreachable: failed to lookup address information: Temporary failure in name resolution
2025-11-12T04:30:49.326202Z  WARN ThreadId(09) docker_node:   Connection reuse ineffective (2.0 msg/conn)
2025-11-12T04:30:54.325643Z  WARN ThreadId(09) docker_node:   Connection reuse ineffective (2.0 msg/conn)
2025-11-12T04:30:58.280813Z  WARN ThreadId(21) hotstuff_runner::tcp_node: Node 1 view 15 timed out; latency may accumulate
2025-11-12T04:30:58.653457Z  WARN ThreadId(20) hotstuff_runner::app: Node 1 [produce_block] queue size: 0, attempting up to 0 transactions this block    
2025-11-12T04:30:59.326341Z  WARN ThreadId(09) docker_node:   Connection reuse ineffective (2.0 msg/conn)
2025-11-12T04:31:04.325992Z  WARN ThreadId(09) docker_node:   Connection reuse ineffective (2.0 msg/conn)
2025-11-12T04:31:04.682526Z  WARN ThreadId(20) hotstuff_runner::app: Node 1 [produce_block] queue size: 0, attempting up to 0 transactions this block    
2025-11-12T04:31:07.638743Z  WARN ThreadId(21) hotstuff_runner::tcp_node: Detected transaction backlog: submit rate (5.0) > confirm rate (0.0)
2025-11-12T04:31:08.771966Z  WARN ThreadId(02) hotstuff_runner::pompe: ⚡ [Timed Output] Node 1 flushed 78957 transactions
2025-11-12T04:31:09.244304Z  WARN ThreadId(07) hotstuff_runner::pompe: ⚡ [Timed Output] Node 1 flushed 23688 transactions
2025-11-12T04:31:09.326473Z  WARN ThreadId(02) docker_node:   Connection reuse ineffective (7.0 msg/conn)
2025-11-12T04:31:09.390657Z  WARN ThreadId(07) docker_node: Node 1 Regular transaction queue backlog: 102645 transactions
2025-11-12T04:31:09.751224Z  WARN ThreadId(09) hotstuff_runner::pompe: ⚡ [Timed Output] Node 1 flushed 26319 transactions
2025-11-12T04:31:10.250266Z  WARN ThreadId(07) hotstuff_runner::pompe: ⚡ [Timed Output] Node 1 flushed 23688 transactions
2025-11-12T04:31:12.761108Z  WARN ThreadId(07) hotstuff_runner::pompe: ⚡ [Timed Output] Node 1 flushed 28951 transactions
2025-11-12T04:31:14.325812Z  WARN ThreadId(02) docker_node: HotStuff processing bottleneck detected:
2025-11-12T04:31:14.325839Z  WARN ThreadId(02) docker_node:    - HotStuff queue backlog: 102645 transactions
2025-11-12T04:31:14.325847Z  WARN ThreadId(02) docker_node:    - Confirmation TPS (0.0) much lower than submission TPS (0.1)
2025-11-12T04:31:14.325854Z  WARN ThreadId(02) docker_node:    - Possible cause: HotStuff consensus network delay or block size limitation
2025-11-12T04:31:14.325866Z  WARN ThreadId(02) docker_node:   Connection reuse ineffective (7.7 msg/conn)
2025-11-12T04:31:14.391062Z  WARN ThreadId(02) docker_node: Node 1 Regular transaction queue backlog: 192131 transactions
2025-11-12T04:31:15.102442Z  WARN ThreadId(07) hotstuff_runner::pompe: ⚡ [Timed Output] Node 1 flushed 28951 transactions
2025-11-12T04:31:15.591090Z  WARN ThreadId(02) hotstuff_runner::pompe: ⚡ [Timed Output] Node 1 flushed 10528 transactions
2025-11-12T04:31:17.548203Z  WARN ThreadId(09) hotstuff_runner::pompe: ⚡ [Timed Output] Node 1 flushed 55270 transactions
2025-11-12T04:31:18.033495Z  WARN ThreadId(02) hotstuff_runner::pompe: ⚡ [Timed Output] Node 1 flushed 28951 transactions
2025-11-12T04:31:18.535938Z  WARN ThreadId(09) hotstuff_runner::pompe: ⚡ [Timed Output] Node 1 flushed 34216 transactions
2025-11-12T04:31:19.026736Z  WARN ThreadId(09) hotstuff_runner::pompe: ⚡ [Timed Output] Node 1 flushed 15791 transactions
2025-11-12T04:31:19.326209Z  WARN ThreadId(07) docker_node:   Connection reuse ineffective (11.9 msg/conn)
2025-11-12T04:31:19.390615Z  WARN ThreadId(02) docker_node: Node 1 Regular transaction queue backlog: 384262 transactions
2025-11-12T04:31:19.553229Z  WARN ThreadId(09) hotstuff_runner::pompe: ⚡ [Timed Output] Node 1 flushed 63168 transactions
2025-11-12T04:31:20.626599Z  WARN ThreadId(02) hotstuff_runner::pompe: ⚡ [Timed Output] Node 1 flushed 105279 transactions
2025-11-12T04:31:21.850891Z  WARN ThreadId(07) hotstuff_runner::pompe: ⚡ [Timed Output] Node 1 flushed 73696 transactions
2025-11-12T04:31:21.886456Z  WARN ThreadId(21) hotstuff_runner::tcp_node: Node 1 view 76 timed out; latency may accumulate
2025-11-12T04:31:22.365548Z  WARN ThreadId(09) hotstuff_runner::pompe: ⚡ [Timed Output] Node 1 flushed 81590 transactions
2025-11-12T04:31:22.842093Z  WARN ThreadId(02) hotstuff_runner::pompe: ⚡ [Timed Output] Node 1 flushed 34215 transactions
2025-11-12T04:31:23.355126Z  WARN ThreadId(06) hotstuff_runner::pompe: ⚡ [Timed Output] Node 1 flushed 44744 transactions
2025-11-12T04:31:24.325793Z  WARN ThreadId(02) docker_node:   Connection reuse ineffective (17.8 msg/conn)
2025-11-12T04:31:24.391024Z  WARN ThreadId(02) docker_node: Node 1 Regular transaction queue backlog: 786954 transactions
2025-11-12T04:31:24.712120Z  WARN ThreadId(20) hotstuff_rs::block_tree::invariants: SAFE_PC_FAIL: pc.block=[37, 9, 230, 76, 117, 202, 135, 149, 89, 232, 241, 44, 47, 154, 129, 229, 92, 67, 157, 164, 233, 222, 39, 117, 53, 220, 137, 66, 105, 50, 46, 54] view=70 phase=Generic | cond1(chain_id/genesis)=true (pc.chain_id=0, my.chain_id=0) | cond2(block_exists/genesis)=true (exists=true) | cond3(view>locked || extends)=false (pc.view=70, locked.view=74, extends=false) | cond4(phase/updates)=true (phase_special=false, has_updates=false) | highest_pc.block=[9, 54, 145, 238, 170, 167, 69, 225, 110, 143, 198, 8, 103, 217, 234, 94, 68, 148, 245, 100, 73, 97, 5, 231, 202, 212, 166, 100, 151, 75, 118, 103] highest_pc.view=75 locked.block=[240, 29, 229, 167, 116, 231, 180, 13, 112, 114, 199, 140, 123, 73, 153, 130, 91, 136, 228, 140, 69, 68, 45, 118, 149, 233, 133, 197, 229, 200, 80, 48] locked.view=74    
2025-11-12T04:31:24.712179Z  WARN ThreadId(20) hotstuff_rs::block_tree::invariants: SAFE_BLOCK_FAIL: block=[47, 105, 231, 151, 218, 25, 223, 183, 16, 41, 26, 19, 145, 157, 131, 28, 105, 13, 119, 190, 1, 76, 72, 74, 4, 239, 187, 122, 72, 62, 31, 181] height=None | cond1(safe_pc)=false | cond2(is_block_justify)=true (justify.phase=Generic) | justify.block=[37, 9, 230, 76, 117, 202, 135, 149, 89, 232, 241, 44, 47, 154, 129, 229, 92, 67, 157, 164, 233, 222, 39, 117, 53, 220, 137, 66, 105, 50, 46, 54] justify.view=70 | highest_pc.block=[9, 54, 145, 238, 170, 167, 69, 225, 110, 143, 198, 8, 103, 217, 234, 94, 68, 148, 245, 100, 73, 97, 5, 231, 202, 212, 166, 100, 151, 75, 118, 103] highest_pc.view=75 | locked.block=[240, 29, 229, 167, 116, 231, 180, 13, 112, 114, 199, 140, 123, 73, 153, 130, 91, 136, 228, 140, 69, 68, 45, 118, 149, 233, 133, 197, 229, 200, 80, 48] locked.view=74    
2025-11-12T04:31:29.326462Z  WARN ThreadId(02) docker_node:   Connection reuse ineffective (17.8 msg/conn)
2025-11-12T04:31:29.390712Z  WARN ThreadId(02) docker_node: Node 1 Regular transaction queue backlog: 786954 transactions
2025-11-12T04:31:33.714884Z  WARN ThreadId(21) hotstuff_runner::tcp_node: Node 1 view 79 timed out; latency may accumulate
2025-11-12T04:31:34.326385Z  WARN ThreadId(02) docker_node:   Connection reuse ineffective (17.8 msg/conn)
2025-11-12T04:31:34.390615Z  WARN ThreadId(02) docker_node: Node 1 Regular transaction queue backlog: 786954 transactions
2025-11-12T04:31:36.787840Z  WARN ThreadId(20) hotstuff_rs::block_tree::invariants: SAFE_PC_FAIL: pc.block=[37, 9, 230, 76, 117, 202, 135, 149, 89, 232, 241, 44, 47, 154, 129, 229, 92, 67, 157, 164, 233, 222, 39, 117, 53, 220, 137, 66, 105, 50, 46, 54] view=70 phase=Generic | cond1(chain_id/genesis)=true (pc.chain_id=0, my.chain_id=0) | cond2(block_exists/genesis)=true (exists=true) | cond3(view>locked || extends)=false (pc.view=70, locked.view=75, extends=false) | cond4(phase/updates)=true (phase_special=false, has_updates=false) | highest_pc.block=[76, 58, 152, 33, 20, 38, 62, 91, 66, 8, 42, 225, 155, 220, 19, 46, 33, 208, 175, 237, 181, 62, 252, 95, 205, 90, 30, 230, 153, 175, 127, 245] highest_pc.view=78 locked.block=[9, 54, 145, 238, 170, 167, 69, 225, 110, 143, 198, 8, 103, 217, 234, 94, 68, 148, 245, 100, 73, 97, 5, 231, 202, 212, 166, 100, 151, 75, 118, 103] locked.view=75    
2025-11-12T04:31:36.787880Z  WARN ThreadId(20) hotstuff_rs::block_tree::invariants: SAFE_BLOCK_FAIL: block=[142, 57, 21, 221, 136, 169, 78, 177, 204, 177, 42, 150, 200, 233, 142, 117, 249, 91, 105, 59, 132, 225, 241, 111, 36, 18, 175, 132, 186, 75, 3, 132] height=None | cond1(safe_pc)=false | cond2(is_block_justify)=true (justify.phase=Generic) | justify.block=[37, 9, 230, 76, 117, 202, 135, 149, 89, 232, 241, 44, 47, 154, 129, 229, 92, 67, 157, 164, 233, 222, 39, 117, 53, 220, 137, 66, 105, 50, 46, 54] justify.view=70 | highest_pc.block=[76, 58, 152, 33, 20, 38, 62, 91, 66, 8, 42, 225, 155, 220, 19, 46, 33, 208, 175, 237, 181, 62, 252, 95, 205, 90, 30, 230, 153, 175, 127, 245] highest_pc.view=78 | locked.block=[9, 54, 145, 238, 170, 167, 69, 225, 110, 143, 198, 8, 103, 217, 234, 94, 68, 148, 245, 100, 73, 97, 5, 231, 202, 212, 166, 100, 151, 75, 118, 103] locked.view=75    
2025-11-12T04:31:37.715692Z  WARN ThreadId(21) hotstuff_runner::tcp_node: Node 1 view 80 timed out; latency may accumulate
2025-11-12T04:31:39.326069Z  WARN ThreadId(02) docker_node:   Connection reuse ineffective (17.8 msg/conn)
2025-11-12T04:31:39.391280Z  WARN ThreadId(09) docker_node: Node 1 Regular transaction queue backlog: 786954 transactions
2025-11-12T04:31:39.864189Z  WARN ThreadId(20) hotstuff_runner::app: Node 1 [produce_block] queue size: 786954, attempting up to 180000 transactions this block    
2025-11-12T04:31:44.325810Z  WARN ThreadId(09) docker_node:   Connection reuse ineffective (17.8 msg/conn)
2025-11-12T04:31:44.391024Z  WARN ThreadId(09) docker_node: Node 1 Regular transaction queue backlog: 232191 transactions
2025-11-12T04:31:49.325633Z  WARN ThreadId(07) docker_node:   Connection reuse ineffective (17.8 msg/conn)
2025-11-12T04:31:49.390909Z  WARN ThreadId(07) docker_node: Node 1 Regular transaction queue backlog: 232191 transactions
2025-11-12T04:31:49.758654Z  WARN ThreadId(21) hotstuff_runner::tcp_node: Node 1 view 84 timed out; latency may accumulate
2025-11-12T04:31:52.175537Z  WARN ThreadId(20) hotstuff_rs::block_tree::invariants: SAFE_PC_FAIL: pc.block=[194, 127, 129, 164, 205, 159, 20, 189, 238, 28, 234, 230, 64, 37, 46, 233, 231, 57, 170, 40, 247, 91, 89, 140, 186, 160, 96, 162, 95, 82, 130, 78] view=71 phase=Generic | cond1(chain_id/genesis)=true (pc.chain_id=0, my.chain_id=0) | cond2(block_exists/genesis)=true (exists=true) | cond3(view>locked || extends)=false (pc.view=71, locked.view=82, extends=false) | cond4(phase/updates)=true (phase_special=false, has_updates=false) | highest_pc.block=[12, 127, 89, 81, 8, 48, 92, 56, 46, 120, 133, 48, 24, 149, 66, 97, 231, 187, 149, 178, 76, 2, 54, 106, 165, 196, 233, 30, 212, 228, 246, 37] highest_pc.view=83 locked.block=[141, 143, 255, 197, 87, 168, 191, 43, 176, 217, 14, 7, 76, 240, 75, 142, 42, 215, 234, 211, 214, 226, 0, 118, 9, 44, 218, 52, 37, 60, 29, 118] locked.view=82    
2025-11-12T04:31:52.175582Z  WARN ThreadId(20) hotstuff_rs::block_tree::invariants: SAFE_BLOCK_FAIL: block=[254, 146, 25, 243, 177, 207, 6, 85, 176, 112, 6, 43, 162, 92, 239, 115, 21, 10, 75, 79, 189, 194, 79, 18, 21, 75, 126, 190, 169, 71, 61, 68] height=None | cond1(safe_pc)=false | cond2(is_block_justify)=true (justify.phase=Generic) | justify.block=[194, 127, 129, 164, 205, 159, 20, 189, 238, 28, 234, 230, 64, 37, 46, 233, 231, 57, 170, 40, 247, 91, 89, 140, 186, 160, 96, 162, 95, 82, 130, 78] justify.view=71 | highest_pc.block=[12, 127, 89, 81, 8, 48, 92, 56, 46, 120, 133, 48, 24, 149, 66, 97, 231, 187, 149, 178, 76, 2, 54, 106, 165, 196, 233, 30, 212, 228, 246, 37] highest_pc.view=83 | locked.block=[141, 143, 255, 197, 87, 168, 191, 43, 176, 217, 14, 7, 76, 240, 75, 142, 42, 215, 234, 211, 214, 226, 0, 118, 9, 44, 218, 52, 37, 60, 29, 118] locked.view=82    
2025-11-12T04:31:53.759497Z  WARN ThreadId(21) hotstuff_runner::tcp_node: Node 1 view 85 timed out; latency may accumulate
2025-11-12T04:31:54.326537Z  WARN ThreadId(07) docker_node:   Connection reuse ineffective (17.8 msg/conn)
2025-11-12T04:31:54.390734Z  WARN ThreadId(07) docker_node: Node 1 Regular transaction queue backlog: 232191 transactions
2025-11-12T04:31:59.326012Z  WARN ThreadId(07) docker_node:   Connection reuse ineffective (17.8 msg/conn)
2025-11-12T04:31:59.391234Z  WARN ThreadId(07) docker_node: Node 1 Regular transaction queue backlog: 232191 transactions
2025-11-12T04:32:04.326740Z  WARN ThreadId(07) docker_node:   Connection reuse ineffective (17.8 msg/conn)
2025-11-12T04:32:04.390946Z  WARN ThreadId(07) docker_node: Node 1 Regular transaction queue backlog: 232191 transactions
2025-11-12T04:32:05.657772Z  WARN ThreadId(20) hotstuff_rs::block_tree::invariants: SAFE_PC_FAIL: pc.block=[194, 127, 129, 164, 205, 159, 20, 189, 238, 28, 234, 230, 64, 37, 46, 233, 231, 57, 170, 40, 247, 91, 89, 140, 186, 160, 96, 162, 95, 82, 130, 78] view=71 phase=Generic | cond1(chain_id/genesis)=true (pc.chain_id=0, my.chain_id=0) | cond2(block_exists/genesis)=true (exists=true) | cond3(view>locked || extends)=false (pc.view=71, locked.view=86, extends=false) | cond4(phase/updates)=true (phase_special=false, has_updates=false) | highest_pc.block=[30, 111, 135, 30, 186, 204, 185, 23, 142, 30, 231, 86, 254, 113, 106, 138, 183, 49, 251, 16, 142, 88, 86, 76, 231, 1, 250, 143, 87, 94, 222, 153] highest_pc.view=87 locked.block=[130, 116, 161, 143, 183, 83, 145, 155, 212, 81, 235, 220, 154, 254, 234, 29, 183, 152, 49, 167, 66, 84, 130, 161, 164, 69, 206, 13, 250, 48, 207, 38] locked.view=86    
2025-11-12T04:32:05.657820Z  WARN ThreadId(20) hotstuff_rs::block_tree::invariants: SAFE_BLOCK_FAIL: block=[128, 15, 109, 130, 160, 39, 84, 170, 221, 194, 245, 71, 144, 22, 187, 75, 145, 164, 31, 216, 236, 29, 61, 124, 117, 131, 210, 196, 210, 34, 191, 73] height=None | cond1(safe_pc)=false | cond2(is_block_justify)=true (justify.phase=Generic) | justify.block=[194, 127, 129, 164, 205, 159, 20, 189, 238, 28, 234, 230, 64, 37, 46, 233, 231, 57, 170, 40, 247, 91, 89, 140, 186, 160, 96, 162, 95, 82, 130, 78] justify.view=71 | highest_pc.block=[30, 111, 135, 30, 186, 204, 185, 23, 142, 30, 231, 86, 254, 113, 106, 138, 183, 49, 251, 16, 142, 88, 86, 76, 231, 1, 250, 143, 87, 94, 222, 153] highest_pc.view=87 | locked.block=[130, 116, 161, 143, 183, 83, 145, 155, 212, 81, 235, 220, 154, 254, 234, 29, 183, 152, 49, 167, 66, 84, 130, 161, 164, 69, 206, 13, 250, 48, 207, 38] locked.view=86    
2025-11-12T04:32:06.935325Z  WARN ThreadId(20) hotstuff_rs::block_tree::invariants: SAFE_PC_FAIL: pc.block=[194, 127, 129, 164, 205, 159, 20, 189, 238, 28, 234, 230, 64, 37, 46, 233, 231, 57, 170, 40, 247, 91, 89, 140, 186, 160, 96, 162, 95, 82, 130, 78] view=71 phase=Generic | cond1(chain_id/genesis)=true (pc.chain_id=0, my.chain_id=0) | cond2(block_exists/genesis)=true (exists=true) | cond3(view>locked || extends)=false (pc.view=71, locked.view=86, extends=false) | cond4(phase/updates)=true (phase_special=false, has_updates=false) | highest_pc.block=[30, 111, 135, 30, 186, 204, 185, 23, 142, 30, 231, 86, 254, 113, 106, 138, 183, 49, 251, 16, 142, 88, 86, 76, 231, 1, 250, 143, 87, 94, 222, 153] highest_pc.view=87 locked.block=[130, 116, 161, 143, 183, 83, 145, 155, 212, 81, 235, 220, 154, 254, 234, 29, 183, 152, 49, 167, 66, 84, 130, 161, 164, 69, 206, 13, 250, 48, 207, 38] locked.view=86    
2025-11-12T04:32:06.935390Z  WARN ThreadId(20) hotstuff_rs::block_tree::invariants: SAFE_BLOCK_FAIL: block=[16, 135, 189, 84, 19, 8, 29, 230, 91, 199, 105, 172, 3, 135, 111, 18, 62, 201, 179, 30, 130, 105, 174, 232, 186, 18, 8, 203, 42, 235, 28, 157] height=None | cond1(safe_pc)=false | cond2(is_block_justify)=true (justify.phase=Generic) | justify.block=[194, 127, 129, 164, 205, 159, 20, 189, 238, 28, 234, 230, 64, 37, 46, 233, 231, 57, 170, 40, 247, 91, 89, 140, 186, 160, 96, 162, 95, 82, 130, 78] justify.view=71 | highest_pc.block=[30, 111, 135, 30, 186, 204, 185, 23, 142, 30, 231, 86, 254, 113, 106, 138, 183, 49, 251, 16, 142, 88, 86, 76, 231, 1, 250, 143, 87, 94, 222, 153] highest_pc.view=87 | locked.block=[130, 116, 161, 143, 183, 83, 145, 155, 212, 81, 235, 220, 154, 254, 234, 29, 183, 152, 49, 167, 66, 84, 130, 161, 164, 69, 206, 13, 250, 48, 207, 38] locked.view=86    
2025-11-12T04:32:09.325916Z  WARN ThreadId(07) docker_node:   Connection reuse ineffective (17.8 msg/conn)
2025-11-12T04:32:09.391096Z  WARN ThreadId(02) docker_node: Node 1 Regular transaction queue backlog: 232191 transactions
2025-11-12T04:32:10.389544Z  WARN ThreadId(21) hotstuff_runner::tcp_node: Node 1 view 90 timed out; latency may accumulate
2025-11-12T04:32:12.260427Z  WARN ThreadId(20) hotstuff_rs::block_tree::invariants: SAFE_PC_FAIL: pc.block=[194, 127, 129, 164, 205, 159, 20, 189, 238, 28, 234, 230, 64, 37, 46, 233, 231, 57, 170, 40, 247, 91, 89, 140, 186, 160, 96, 162, 95, 82, 130, 78] view=71 phase=Generic | cond1(chain_id/genesis)=true (pc.chain_id=0, my.chain_id=0) | cond2(block_exists/genesis)=true (exists=true) | cond3(view>locked || extends)=false (pc.view=71, locked.view=86, extends=false) | cond4(phase/updates)=true (phase_special=false, has_updates=false) | highest_pc.block=[30, 111, 135, 30, 186, 204, 185, 23, 142, 30, 231, 86, 254, 113, 106, 138, 183, 49, 251, 16, 142, 88, 86, 76, 231, 1, 250, 143, 87, 94, 222, 153] highest_pc.view=87 locked.block=[130, 116, 161, 143, 183, 83, 145, 155, 212, 81, 235, 220, 154, 254, 234, 29, 183, 152, 49, 167, 66, 84, 130, 161, 164, 69, 206, 13, 250, 48, 207, 38] locked.view=86    
2025-11-12T04:32:12.260471Z  WARN ThreadId(20) hotstuff_rs::block_tree::invariants: SAFE_BLOCK_FAIL: block=[227, 191, 201, 192, 237, 167, 92, 117, 220, 62, 110, 172, 88, 214, 20, 24, 4, 197, 13, 64, 222, 18, 42, 47, 231, 161, 107, 137, 137, 205, 168, 143] height=None | cond1(safe_pc)=false | cond2(is_block_justify)=true (justify.phase=Generic) | justify.block=[194, 127, 129, 164, 205, 159, 20, 189, 238, 28, 234, 230, 64, 37, 46, 233, 231, 57, 170, 40, 247, 91, 89, 140, 186, 160, 96, 162, 95, 82, 130, 78] justify.view=71 | highest_pc.block=[30, 111, 135, 30, 186, 204, 185, 23, 142, 30, 231, 86, 254, 113, 106, 138, 183, 49, 251, 16, 142, 88, 86, 76, 231, 1, 250, 143, 87, 94, 222, 153] highest_pc.view=87 | locked.block=[130, 116, 161, 143, 183, 83, 145, 155, 212, 81, 235, 220, 154, 254, 234, 29, 183, 152, 49, 167, 66, 84, 130, 161, 164, 69, 206, 13, 250, 48, 207, 38] locked.view=86    
2025-11-12T04:32:14.326035Z  WARN ThreadId(02) docker_node:   Connection reuse ineffective (17.8 msg/conn)
2025-11-12T04:32:14.391247Z  WARN ThreadId(02) docker_node: Node 1 Regular transaction queue backlog: 232191 transactions
2025-11-12T04:32:19.325651Z  WARN ThreadId(02) docker_node:   Connection reuse ineffective (17.8 msg/conn)
2025-11-12T04:32:19.390879Z  WARN ThreadId(02) docker_node: Node 1 Regular transaction queue backlog: 232191 transactions
2025-11-12T04:32:24.325815Z  WARN ThreadId(02) docker_node:   Connection reuse ineffective (17.8 msg/conn)
2025-11-12T04:32:24.391054Z  WARN ThreadId(02) docker_node: Node 1 Regular transaction queue backlog: 232191 transactions
2025-11-12T04:32:26.392532Z  WARN ThreadId(21) hotstuff_runner::tcp_node: Node 1 view 94 timed out; latency may accumulate
2025-11-12T04:32:29.326123Z  WARN ThreadId(02) docker_node:   Connection reuse ineffective (17.8 msg/conn)
2025-11-12T04:32:29.391367Z  WARN ThreadId(02) docker_node: Node 1 Regular transaction queue backlog: 232191 transactions
2025-11-12T04:32:30.393381Z  WARN ThreadId(21) hotstuff_runner::tcp_node: Node 1 view 95 timed out; latency may accumulate
2025-11-12T04:32:34.326497Z  WARN ThreadId(02) docker_node:   Connection reuse ineffective (17.8 msg/conn)
2025-11-12T04:32:34.390714Z  WARN ThreadId(02) docker_node: Node 1 Regular transaction queue backlog: 232191 transactions
2025-11-12T04:32:34.885709Z  WARN ThreadId(20) hotstuff_rs::block_tree::invariants: SAFE_PC_FAIL: pc.block=[194, 127, 129, 164, 205, 159, 20, 189, 238, 28, 234, 230, 64, 37, 46, 233, 231, 57, 170, 40, 247, 91, 89, 140, 186, 160, 96, 162, 95, 82, 130, 78] view=71 phase=Generic | cond1(chain_id/genesis)=true (pc.chain_id=0, my.chain_id=0) | cond2(block_exists/genesis)=true (exists=true) | cond3(view>locked || extends)=false (pc.view=71, locked.view=86, extends=false) | cond4(phase/updates)=true (phase_special=false, has_updates=false) | highest_pc.block=[30, 111, 135, 30, 186, 204, 185, 23, 142, 30, 231, 86, 254, 113, 106, 138, 183, 49, 251, 16, 142, 88, 86, 76, 231, 1, 250, 143, 87, 94, 222, 153] highest_pc.view=87 locked.block=[130, 116, 161, 143, 183, 83, 145, 155, 212, 81, 235, 220, 154, 254, 234, 29, 183, 152, 49, 167, 66, 84, 130, 161, 164, 69, 206, 13, 250, 48, 207, 38] locked.view=86    
2025-11-12T04:32:34.885749Z  WARN ThreadId(20) hotstuff_rs::block_tree::invariants: SAFE_BLOCK_FAIL: block=[93, 199, 36, 133, 0, 142, 199, 246, 228, 49, 93, 186, 85, 245, 183, 200, 157, 16, 57, 98, 165, 252, 172, 93, 218, 208, 244, 14, 167, 2, 105, 149] height=None | cond1(safe_pc)=false | cond2(is_block_justify)=true (justify.phase=Generic) | justify.block=[194, 127, 129, 164, 205, 159, 20, 189, 238, 28, 234, 230, 64, 37, 46, 233, 231, 57, 170, 40, 247, 91, 89, 140, 186, 160, 96, 162, 95, 82, 130, 78] justify.view=71 | highest_pc.block=[30, 111, 135, 30, 186, 204, 185, 23, 142, 30, 231, 86, 254, 113, 106, 138, 183, 49, 251, 16, 142, 88, 86, 76, 231, 1, 250, 143, 87, 94, 222, 153] highest_pc.view=87 | locked.block=[130, 116, 161, 143, 183, 83, 145, 155, 212, 81, 235, 220, 154, 254, 234, 29, 183, 152, 49, 167, 66, 84, 130, 161, 164, 69, 206, 13, 250, 48, 207, 38] locked.view=86    
