2025-11-14T02:04:00.950553Z  WARN ThreadId(01) docker_node: metrics exporter disabled by SMROL_DISABLE_METRICS
2025-11-14T02:04:21.164230Z  WARN ThreadId(01) hotstuff_runner::tcp_node: Node 0 view timeout set to 3000 ms
2025-11-14T02:04:21.176895Z  WARN ThreadId(01) hotstuff_runner::smrol::sequencing: SMROL_MEDIAN_INFLIGHT=24, SMROL_ORDER_FINALIZE_INFLIGHT=4, SMROL_FINAL_SIGN_INFLIGHT=4, SMROL_FINAL_VERIFY_INFLIGHT=24
2025-11-14T02:04:21.176948Z  WARN ThreadId(01) hotstuff_runner::smrol::sequencing: [Sequencing] Node 0 multi-signature verification disabled: false
2025-11-14T02:04:21.177607Z  WARN ThreadId(07) hotstuff_runner::smrol::sequencing: [Sequencing] Node 0 final verify dispatcher started
2025-11-14T02:04:21.178683Z  WARN ThreadId(02) docker_node:   Connection reuse ineffective (2.0 msg/conn)
2025-11-14T02:04:26.177869Z  WARN ThreadId(07) docker_node:   Connection reuse ineffective (2.0 msg/conn)
2025-11-14T02:04:26.180808Z  WARN ThreadId(01) docker_node: Node 0 port 20000 temporarily unreachable: failed to lookup address information: Temporary failure in name resolution
2025-11-14T02:04:26.182671Z  WARN ThreadId(01) docker_node: Node 1 port 20001 temporarily unreachable: failed to lookup address information: Temporary failure in name resolution
2025-11-14T02:04:26.184589Z  WARN ThreadId(01) docker_node: Node 2 port 20002 temporarily unreachable: failed to lookup address information: Temporary failure in name resolution
2025-11-14T02:04:26.186302Z  WARN ThreadId(01) docker_node: Node 3 port 20003 temporarily unreachable: failed to lookup address information: Temporary failure in name resolution
2025-11-14T02:04:26.188225Z  WARN ThreadId(01) docker_node: Node 4 port 20004 temporarily unreachable: failed to lookup address information: Temporary failure in name resolution
2025-11-14T02:04:26.189924Z  WARN ThreadId(01) docker_node: Node 5 port 20005 temporarily unreachable: failed to lookup address information: Temporary failure in name resolution
2025-11-14T02:04:26.191756Z  WARN ThreadId(01) docker_node: Node 6 port 20006 temporarily unreachable: failed to lookup address information: Temporary failure in name resolution
2025-11-14T02:04:26.193509Z  WARN ThreadId(01) docker_node: Node 7 port 20007 temporarily unreachable: failed to lookup address information: Temporary failure in name resolution
2025-11-14T02:04:26.195097Z  WARN ThreadId(01) docker_node: Node 8 port 20008 temporarily unreachable: failed to lookup address information: Temporary failure in name resolution
2025-11-14T02:04:26.196908Z  WARN ThreadId(01) docker_node: Node 9 port 20009 temporarily unreachable: failed to lookup address information: Temporary failure in name resolution
2025-11-14T02:04:26.198698Z  WARN ThreadId(01) docker_node: Node 10 port 20010 temporarily unreachable: failed to lookup address information: Temporary failure in name resolution
2025-11-14T02:04:26.200326Z  WARN ThreadId(01) docker_node: Node 11 port 20011 temporarily unreachable: failed to lookup address information: Temporary failure in name resolution
2025-11-14T02:04:26.202148Z  WARN ThreadId(01) docker_node: Node 12 port 20012 temporarily unreachable: failed to lookup address information: Temporary failure in name resolution
2025-11-14T02:04:26.203841Z  WARN ThreadId(01) docker_node: Node 13 port 20013 temporarily unreachable: failed to lookup address information: Temporary failure in name resolution
2025-11-14T02:04:26.205513Z  WARN ThreadId(01) docker_node: Node 14 port 20014 temporarily unreachable: failed to lookup address information: Temporary failure in name resolution
2025-11-14T02:04:26.207270Z  WARN ThreadId(01) docker_node: Node 15 port 20015 temporarily unreachable: failed to lookup address information: Temporary failure in name resolution
2025-11-14T02:04:28.229800Z  WARN ThreadId(21) hotstuff_runner::tcp_node: Node 0 view 5 timed out; latency may accumulate
2025-11-14T02:04:28.338328Z  WARN ThreadId(20) hotstuff_rs::block_tree::invariants: SAFE_PC_FAIL: pc.block=[107, 180, 30, 149, 126, 115, 235, 21, 131, 160, 103, 197, 182, 63, 34, 1, 128, 191, 155, 105, 68, 139, 245, 34, 106, 21, 146, 219, 101, 220, 135, 186] view=2 phase=Generic | cond1(chain_id/genesis)=true (pc.chain_id=0, my.chain_id=0) | cond2(block_exists/genesis)=true (exists=true) | cond3(view>locked || extends)=false (pc.view=2, locked.view=3, extends=false) | cond4(phase/updates)=true (phase_special=false, has_updates=false) | highest_pc.block=[125, 89, 13, 234, 226, 216, 96, 11, 146, 111, 41, 10, 91, 69, 138, 236, 37, 54, 148, 249, 88, 100, 115, 99, 79, 140, 178, 219, 164, 172, 133, 207] highest_pc.view=4 locked.block=[57, 177, 73, 123, 108, 116, 239, 89, 82, 142, 152, 29, 184, 6, 169, 58, 208, 38, 131, 112, 209, 63, 56, 50, 42, 21, 27, 79, 153, 71, 36, 215] locked.view=3    
2025-11-14T02:04:28.338379Z  WARN ThreadId(20) hotstuff_rs::block_tree::invariants: SAFE_BLOCK_FAIL: block=[229, 61, 41, 135, 14, 44, 56, 111, 216, 137, 193, 249, 137, 101, 181, 109, 203, 171, 213, 182, 53, 171, 56, 64, 128, 94, 190, 227, 205, 17, 132, 247] height=None | cond1(safe_pc)=false | cond2(is_block_justify)=true (justify.phase=Generic) | justify.block=[107, 180, 30, 149, 126, 115, 235, 21, 131, 160, 103, 197, 182, 63, 34, 1, 128, 191, 155, 105, 68, 139, 245, 34, 106, 21, 146, 219, 101, 220, 135, 186] justify.view=2 | highest_pc.block=[125, 89, 13, 234, 226, 216, 96, 11, 146, 111, 41, 10, 91, 69, 138, 236, 37, 54, 148, 249, 88, 100, 115, 99, 79, 140, 178, 219, 164, 172, 133, 207] highest_pc.view=4 | locked.block=[57, 177, 73, 123, 108, 116, 239, 89, 82, 142, 152, 29, 184, 6, 169, 58, 208, 38, 131, 112, 209, 63, 56, 50, 42, 21, 27, 79, 153, 71, 36, 215] locked.view=3    
2025-11-14T02:04:31.178901Z  WARN ThreadId(03) docker_node:   Connection reuse ineffective (2.0 msg/conn)
2025-11-14T02:04:31.230221Z  WARN ThreadId(21) hotstuff_runner::tcp_node: Node 0 view 6 timed out; latency may accumulate
2025-11-14T02:04:34.401481Z  WARN ThreadId(20) hotstuff_runner::app: Node 0 [produce_block] queue size: 0, attempting up to 0 transactions this block    
2025-11-14T02:04:36.178537Z  WARN ThreadId(03) docker_node:   Connection reuse ineffective (2.0 msg/conn)
2025-11-14T02:04:37.973962Z  WARN ThreadId(21) hotstuff_runner::tcp_node: Node 0 view 12 timed out; latency may accumulate
2025-11-14T02:04:38.184676Z  WARN ThreadId(20) hotstuff_rs::block_tree::invariants: SAFE_PC_FAIL: pc.block=[107, 180, 30, 149, 126, 115, 235, 21, 131, 160, 103, 197, 182, 63, 34, 1, 128, 191, 155, 105, 68, 139, 245, 34, 106, 21, 146, 219, 101, 220, 135, 186] view=2 phase=Generic | cond1(chain_id/genesis)=true (pc.chain_id=0, my.chain_id=0) | cond2(block_exists/genesis)=true (exists=true) | cond3(view>locked || extends)=false (pc.view=2, locked.view=10, extends=false) | cond4(phase/updates)=true (phase_special=false, has_updates=false) | highest_pc.block=[230, 186, 24, 103, 49, 58, 251, 115, 239, 202, 214, 87, 34, 48, 99, 163, 99, 233, 33, 180, 150, 37, 58, 226, 218, 43, 147, 149, 211, 95, 148, 2] highest_pc.view=11 locked.block=[203, 44, 228, 82, 179, 35, 49, 19, 226, 202, 0, 62, 154, 98, 34, 51, 50, 24, 108, 135, 202, 81, 135, 149, 148, 128, 132, 219, 143, 215, 240, 50] locked.view=10    
2025-11-14T02:04:38.184748Z  WARN ThreadId(20) hotstuff_rs::block_tree::invariants: SAFE_BLOCK_FAIL: block=[204, 48, 63, 194, 126, 230, 221, 219, 220, 200, 107, 75, 69, 224, 10, 191, 154, 211, 113, 206, 116, 40, 214, 149, 135, 53, 45, 224, 129, 188, 129, 180] height=None | cond1(safe_pc)=false | cond2(is_block_justify)=true (justify.phase=Generic) | justify.block=[107, 180, 30, 149, 126, 115, 235, 21, 131, 160, 103, 197, 182, 63, 34, 1, 128, 191, 155, 105, 68, 139, 245, 34, 106, 21, 146, 219, 101, 220, 135, 186] justify.view=2 | highest_pc.block=[230, 186, 24, 103, 49, 58, 251, 115, 239, 202, 214, 87, 34, 48, 99, 163, 99, 233, 33, 180, 150, 37, 58, 226, 218, 43, 147, 149, 211, 95, 148, 2] highest_pc.view=11 | locked.block=[203, 44, 228, 82, 179, 35, 49, 19, 226, 202, 0, 62, 154, 98, 34, 51, 50, 24, 108, 135, 202, 81, 135, 149, 148, 128, 132, 219, 143, 215, 240, 50] locked.view=10    
2025-11-14T02:04:41.178519Z  WARN ThreadId(03) docker_node:   Connection reuse ineffective (2.0 msg/conn)
2025-11-14T02:04:44.497313Z  WARN ThreadId(21) hotstuff_runner::tcp_node: Node 0 view 17 timed out; latency may accumulate
2025-11-14T02:04:46.178695Z  WARN ThreadId(03) docker_node:   Connection reuse ineffective (2.0 msg/conn)
2025-11-14T02:04:48.203408Z  WARN ThreadId(20) hotstuff_rs::block_tree::invariants: SAFE_PC_FAIL: pc.block=[107, 180, 30, 149, 126, 115, 235, 21, 131, 160, 103, 197, 182, 63, 34, 1, 128, 191, 155, 105, 68, 139, 245, 34, 106, 21, 146, 219, 101, 220, 135, 186] view=2 phase=Generic | cond1(chain_id/genesis)=true (pc.chain_id=0, my.chain_id=0) | cond2(block_exists/genesis)=true (exists=true) | cond3(view>locked || extends)=false (pc.view=2, locked.view=19, extends=false) | cond4(phase/updates)=true (phase_special=false, has_updates=false) | highest_pc.block=[33, 198, 127, 16, 64, 57, 97, 62, 104, 137, 31, 166, 83, 212, 162, 4, 54, 47, 114, 94, 250, 93, 16, 41, 179, 81, 54, 120, 53, 245, 34, 205] highest_pc.view=20 locked.block=[33, 142, 238, 41, 171, 142, 244, 76, 105, 35, 19, 230, 111, 228, 136, 192, 128, 211, 136, 3, 219, 115, 26, 185, 202, 198, 39, 130, 187, 51, 235, 131] locked.view=19    
2025-11-14T02:04:48.203442Z  WARN ThreadId(20) hotstuff_rs::block_tree::invariants: SAFE_BLOCK_FAIL: block=[104, 215, 154, 180, 2, 90, 230, 100, 99, 136, 215, 232, 96, 21, 123, 250, 10, 223, 195, 101, 253, 154, 230, 161, 234, 185, 244, 93, 246, 29, 220, 154] height=None | cond1(safe_pc)=false | cond2(is_block_justify)=true (justify.phase=Generic) | justify.block=[107, 180, 30, 149, 126, 115, 235, 21, 131, 160, 103, 197, 182, 63, 34, 1, 128, 191, 155, 105, 68, 139, 245, 34, 106, 21, 146, 219, 101, 220, 135, 186] justify.view=2 | highest_pc.block=[33, 198, 127, 16, 64, 57, 97, 62, 104, 137, 31, 166, 83, 212, 162, 4, 54, 47, 114, 94, 250, 93, 16, 41, 179, 81, 54, 120, 53, 245, 34, 205] highest_pc.view=20 | locked.block=[33, 142, 238, 41, 171, 142, 244, 76, 105, 35, 19, 230, 111, 228, 136, 192, 128, 211, 136, 3, 219, 115, 26, 185, 202, 198, 39, 130, 187, 51, 235, 131] locked.view=19    
2025-11-14T02:04:49.224174Z  WARN ThreadId(07) hotstuff_runner::pompe: ⚡ [Timed Output] Node 0 flushed 12764 transactions
2025-11-14T02:04:49.725854Z  WARN ThreadId(02) hotstuff_runner::pompe: ⚡ [Timed Output] Node 0 flushed 15761 transactions
2025-11-14T02:04:50.223834Z  WARN ThreadId(02) hotstuff_runner::pompe: ⚡ [Timed Output] Node 0 flushed 11798 transactions
2025-11-14T02:04:50.723403Z  WARN ThreadId(03) hotstuff_runner::pompe: ⚡ [Timed Output] Node 0 flushed 5809 transactions
2025-11-14T02:04:51.208269Z  WARN ThreadId(02) docker_node: Node 0 Regular transaction queue backlog: 46132 transactions
2025-11-14T02:04:54.095507Z  WARN ThreadId(21) hotstuff_runner::tcp_node: Node 0 view 23 timed out; latency may accumulate
2025-11-14T02:04:55.995408Z  WARN ThreadId(20) hotstuff_runner::app: Node 0 [produce_block] queue size: 46132, attempting up to 46132 transactions this block    
2025-11-14T02:04:56.178811Z  WARN ThreadId(02) docker_node: HotStuff processing bottleneck detected:
2025-11-14T02:04:56.178841Z  WARN ThreadId(02) docker_node:    - HotStuff queue backlog: 46132 transactions
2025-11-14T02:04:56.178854Z  WARN ThreadId(02) docker_node:    - Confirmation TPS (0.0) much lower than submission TPS (0.9)
2025-11-14T02:04:56.178862Z  WARN ThreadId(02) docker_node:    - Possible cause: HotStuff consensus network delay or block size limitation
2025-11-14T02:05:00.198586Z  WARN ThreadId(21) hotstuff_runner::tcp_node: Node 0 view 27 timed out; latency may accumulate
2025-11-14T02:05:00.618184Z  WARN ThreadId(20) hotstuff_rs::block_tree::invariants: SAFE_PC_FAIL: pc.block=[114, 151, 148, 208, 17, 206, 162, 228, 69, 108, 215, 9, 79, 139, 87, 68, 97, 8, 190, 20, 62, 99, 190, 187, 148, 192, 107, 226, 71, 165, 141, 120] view=24 phase=Generic | cond1(chain_id/genesis)=true (pc.chain_id=0, my.chain_id=0) | cond2(block_exists/genesis)=true (exists=true) | cond3(view>locked || extends)=false (pc.view=24, locked.view=25, extends=false) | cond4(phase/updates)=true (phase_special=false, has_updates=false) | highest_pc.block=[212, 219, 3, 112, 165, 39, 153, 126, 84, 55, 252, 81, 176, 223, 44, 186, 40, 136, 158, 76, 221, 93, 61, 14, 238, 107, 193, 93, 169, 15, 63, 169] highest_pc.view=26 locked.block=[165, 203, 119, 103, 9, 116, 1, 109, 109, 96, 25, 160, 157, 13, 121, 192, 239, 203, 17, 230, 194, 191, 118, 155, 102, 32, 103, 239, 162, 179, 195, 69] locked.view=25    
2025-11-14T02:05:00.618232Z  WARN ThreadId(20) hotstuff_rs::block_tree::invariants: SAFE_BLOCK_FAIL: block=[19, 115, 237, 161, 123, 44, 1, 223, 33, 107, 242, 68, 249, 236, 180, 152, 144, 5, 219, 74, 154, 15, 218, 224, 76, 136, 173, 184, 7, 201, 12, 130] height=None | cond1(safe_pc)=false | cond2(is_block_justify)=true (justify.phase=Generic) | justify.block=[114, 151, 148, 208, 17, 206, 162, 228, 69, 108, 215, 9, 79, 139, 87, 68, 97, 8, 190, 20, 62, 99, 190, 187, 148, 192, 107, 226, 71, 165, 141, 120] justify.view=24 | highest_pc.block=[212, 219, 3, 112, 165, 39, 153, 126, 84, 55, 252, 81, 176, 223, 44, 186, 40, 136, 158, 76, 221, 93, 61, 14, 238, 107, 193, 93, 169, 15, 63, 169] highest_pc.view=26 | locked.block=[165, 203, 119, 103, 9, 116, 1, 109, 109, 96, 25, 160, 157, 13, 121, 192, 239, 203, 17, 230, 194, 191, 118, 155, 102, 32, 103, 239, 162, 179, 195, 69] locked.view=25    
2025-11-14T02:05:06.199465Z  WARN ThreadId(21) hotstuff_runner::tcp_node: Node 0 view 29 timed out; latency may accumulate
2025-11-14T02:05:10.278783Z  WARN ThreadId(21) hotstuff_runner::tcp_node: Node 0 view 33 timed out; latency may accumulate
2025-11-14T02:05:13.773397Z  WARN ThreadId(21) hotstuff_runner::tcp_node: Node 0 view 35 timed out; latency may accumulate
2025-11-14T02:05:17.061103Z  WARN ThreadId(21) hotstuff_runner::tcp_node: Node 0 view 37 timed out; latency may accumulate
2025-11-14T02:05:17.589460Z  WARN ThreadId(20) hotstuff_runner::app: Node 0 [produce_block] queue size: 0, attempting up to 0 transactions this block    
2025-11-14T02:05:20.933797Z  WARN ThreadId(21) hotstuff_runner::tcp_node: Node 0 view 43 timed out; latency may accumulate
2025-11-14T02:05:23.934251Z  WARN ThreadId(21) hotstuff_runner::tcp_node: Node 0 view 44 timed out; latency may accumulate
2025-11-14T02:05:25.867860Z  WARN ThreadId(20) hotstuff_runner::app: Node 0 [produce_block] queue size: 0, attempting up to 0 transactions this block    
2025-11-14T02:05:28.433274Z  WARN ThreadId(20) hotstuff_runner::app: Node 0 [produce_block] queue size: 0, attempting up to 0 transactions this block    
2025-11-14T02:05:31.046455Z  WARN ThreadId(20) hotstuff_runner::app: Node 0 [produce_block] queue size: 0, attempting up to 0 transactions this block    
2025-11-14T02:05:33.622066Z  WARN ThreadId(20) hotstuff_runner::app: Node 0 [produce_block] queue size: 0, attempting up to 0 transactions this block    
2025-11-14T02:05:36.199438Z  WARN ThreadId(20) hotstuff_runner::app: Node 0 [produce_block] queue size: 0, attempting up to 0 transactions this block    
2025-11-14T02:05:36.199461Z  WARN ThreadId(20) hotstuff_runner::app: Node 0 view(121) far exceeds block count (7); potential sync issue    
2025-11-14T02:05:38.789234Z  WARN ThreadId(20) hotstuff_runner::app: Node 0 [produce_block] queue size: 0, attempting up to 0 transactions this block    
2025-11-14T02:05:38.789262Z  WARN ThreadId(20) hotstuff_runner::app: Node 0 view(137) far exceeds block count (8); potential sync issue    
2025-11-14T02:05:41.348965Z  WARN ThreadId(20) hotstuff_runner::app: Node 0 [produce_block] queue size: 0, attempting up to 0 transactions this block    
2025-11-14T02:05:41.348987Z  WARN ThreadId(20) hotstuff_runner::app: Node 0 view(153) far exceeds block count (9); potential sync issue    
2025-11-14T02:05:43.954767Z  WARN ThreadId(20) hotstuff_runner::app: Node 0 [produce_block] queue size: 0, attempting up to 0 transactions this block    
2025-11-14T02:05:43.954795Z  WARN ThreadId(20) hotstuff_runner::app: Node 0 view(169) far exceeds block count (10); potential sync issue    
2025-11-14T02:05:46.543631Z  WARN ThreadId(20) hotstuff_runner::app: Node 0 [produce_block] queue size: 0, attempting up to 0 transactions this block    
2025-11-14T02:05:46.543660Z  WARN ThreadId(20) hotstuff_runner::app: Node 0 view(185) far exceeds block count (11); potential sync issue    
2025-11-14T02:05:49.111292Z  WARN ThreadId(20) hotstuff_runner::app: Node 0 [produce_block] queue size: 0, attempting up to 0 transactions this block    
2025-11-14T02:05:49.111311Z  WARN ThreadId(20) hotstuff_runner::app: Node 0 view(201) far exceeds block count (12); potential sync issue    
2025-11-14T02:05:51.717945Z  WARN ThreadId(20) hotstuff_runner::app: Node 0 [produce_block] queue size: 0, attempting up to 0 transactions this block    
2025-11-14T02:05:51.717969Z  WARN ThreadId(20) hotstuff_runner::app: Node 0 view(217) far exceeds block count (13); potential sync issue    
2025-11-14T02:05:54.300273Z  WARN ThreadId(20) hotstuff_runner::app: Node 0 [produce_block] queue size: 0, attempting up to 0 transactions this block    
2025-11-14T02:05:54.300302Z  WARN ThreadId(20) hotstuff_runner::app: Node 0 view(233) far exceeds block count (14); potential sync issue    
2025-11-14T02:05:56.874759Z  WARN ThreadId(20) hotstuff_runner::app: Node 0 [produce_block] queue size: 0, attempting up to 0 transactions this block    
2025-11-14T02:05:56.874775Z  WARN ThreadId(20) hotstuff_runner::app: Node 0 view(249) far exceeds block count (15); potential sync issue    
2025-11-14T02:05:59.462292Z  WARN ThreadId(20) hotstuff_runner::app: Node 0 [produce_block] queue size: 0, attempting up to 0 transactions this block    
2025-11-14T02:05:59.462320Z  WARN ThreadId(20) hotstuff_runner::app: Node 0 view(265) far exceeds block count (16); potential sync issue    
2025-11-14T02:06:02.038833Z  WARN ThreadId(20) hotstuff_runner::app: Node 0 [produce_block] queue size: 0, attempting up to 0 transactions this block    
2025-11-14T02:06:02.038850Z  WARN ThreadId(20) hotstuff_runner::app: Node 0 view(281) far exceeds block count (17); potential sync issue    
2025-11-14T02:06:04.693499Z  WARN ThreadId(20) hotstuff_runner::app: Node 0 [produce_block] queue size: 0, attempting up to 0 transactions this block    
2025-11-14T02:06:04.693517Z  WARN ThreadId(20) hotstuff_runner::app: Node 0 view(297) far exceeds block count (18); potential sync issue    
2025-11-14T02:06:07.292930Z  WARN ThreadId(20) hotstuff_runner::app: Node 0 [produce_block] queue size: 0, attempting up to 0 transactions this block    
2025-11-14T02:06:07.292954Z  WARN ThreadId(20) hotstuff_runner::app: Node 0 view(313) far exceeds block count (19); potential sync issue    
2025-11-14T02:06:09.888870Z  WARN ThreadId(20) hotstuff_runner::app: Node 0 [produce_block] queue size: 0, attempting up to 0 transactions this block    
2025-11-14T02:06:09.888899Z  WARN ThreadId(20) hotstuff_runner::app: Node 0 view(329) far exceeds block count (20); potential sync issue    
2025-11-14T02:06:12.512794Z  WARN ThreadId(20) hotstuff_runner::app: Node 0 [produce_block] queue size: 0, attempting up to 0 transactions this block    
2025-11-14T02:06:12.512821Z  WARN ThreadId(20) hotstuff_runner::app: Node 0 view(345) far exceeds block count (21); potential sync issue    
2025-11-14T02:06:15.107336Z  WARN ThreadId(20) hotstuff_runner::app: Node 0 [produce_block] queue size: 0, attempting up to 0 transactions this block    
2025-11-14T02:06:15.107361Z  WARN ThreadId(20) hotstuff_runner::app: Node 0 view(361) far exceeds block count (22); potential sync issue    
2025-11-14T02:06:17.752799Z  WARN ThreadId(20) hotstuff_runner::app: Node 0 [produce_block] queue size: 0, attempting up to 0 transactions this block    
2025-11-14T02:06:17.752814Z  WARN ThreadId(20) hotstuff_runner::app: Node 0 view(377) far exceeds block count (23); potential sync issue    
2025-11-14T02:06:20.335903Z  WARN ThreadId(20) hotstuff_runner::app: Node 0 [produce_block] queue size: 0, attempting up to 0 transactions this block    
2025-11-14T02:06:20.335935Z  WARN ThreadId(20) hotstuff_runner::app: Node 0 view(393) far exceeds block count (24); potential sync issue    
2025-11-14T02:06:22.924951Z  WARN ThreadId(20) hotstuff_runner::app: Node 0 [produce_block] queue size: 0, attempting up to 0 transactions this block    
2025-11-14T02:06:22.925001Z  WARN ThreadId(20) hotstuff_runner::app: Node 0 view(409) far exceeds block count (25); potential sync issue    
2025-11-14T02:06:25.522125Z  WARN ThreadId(20) hotstuff_runner::app: Node 0 [produce_block] queue size: 0, attempting up to 0 transactions this block    
2025-11-14T02:06:25.522152Z  WARN ThreadId(20) hotstuff_runner::app: Node 0 view(425) far exceeds block count (26); potential sync issue    
2025-11-14T02:06:28.166116Z  WARN ThreadId(20) hotstuff_runner::app: Node 0 [produce_block] queue size: 0, attempting up to 0 transactions this block    
2025-11-14T02:06:28.166135Z  WARN ThreadId(20) hotstuff_runner::app: Node 0 view(441) far exceeds block count (27); potential sync issue    
2025-11-14T02:06:30.774027Z  WARN ThreadId(20) hotstuff_runner::app: Node 0 [produce_block] queue size: 0, attempting up to 0 transactions this block    
2025-11-14T02:06:30.774049Z  WARN ThreadId(20) hotstuff_runner::app: Node 0 view(457) far exceeds block count (28); potential sync issue    
2025-11-14T02:06:33.391782Z  WARN ThreadId(20) hotstuff_runner::app: Node 0 [produce_block] queue size: 0, attempting up to 0 transactions this block    
2025-11-14T02:06:33.391801Z  WARN ThreadId(20) hotstuff_runner::app: Node 0 view(473) far exceeds block count (29); potential sync issue    
2025-11-14T02:06:35.985699Z  WARN ThreadId(20) hotstuff_runner::app: Node 0 [produce_block] queue size: 0, attempting up to 0 transactions this block    
2025-11-14T02:06:35.985732Z  WARN ThreadId(20) hotstuff_runner::app: Node 0 view(489) far exceeds block count (30); potential sync issue    
2025-11-14T02:06:38.645746Z  WARN ThreadId(20) hotstuff_runner::app: Node 0 [produce_block] queue size: 0, attempting up to 0 transactions this block    
2025-11-14T02:06:38.645765Z  WARN ThreadId(20) hotstuff_runner::app: Node 0 view(505) far exceeds block count (31); potential sync issue    
2025-11-14T02:06:41.217066Z  WARN ThreadId(20) hotstuff_runner::app: Node 0 [produce_block] queue size: 0, attempting up to 0 transactions this block    
2025-11-14T02:06:41.217110Z  WARN ThreadId(20) hotstuff_runner::app: Node 0 view(521) far exceeds block count (32); potential sync issue    
