2025-12-07T07:11:06.848999Z  WARN ThreadId(01) docker_node: metrics exporter disabled by SMROL_DISABLE_METRICS
2025-12-07T07:11:27.065439Z  WARN ThreadId(01) hotstuff_runner::tcp_node: Node 1 view timeout set to 5000 ms
2025-12-07T07:11:27.074524Z ERROR ThreadId(22) hotstuff_runner::pompe_network: Node 1 failed to connect to node 4: Connection refused (os error 111)
2025-12-07T07:11:27.080060Z  WARN ThreadId(01) hotstuff_runner::smrol::sequencing: SMROL_MEDIAN_INFLIGHT=24, SMROL_ORDER_FINALIZE_INFLIGHT=4, SMROL_FINAL_SIGN_INFLIGHT=4, SMROL_FINAL_VERIFY_INFLIGHT=24
2025-12-07T07:11:27.080121Z  WARN ThreadId(01) hotstuff_runner::smrol::sequencing: [Sequencing] Node 1 multi-signature verification disabled: false
2025-12-07T07:11:27.080831Z  WARN ThreadId(07) hotstuff_runner::smrol::sequencing: [Sequencing] Node 1 final verify dispatcher started
2025-12-07T07:11:27.081803Z  WARN ThreadId(05) docker_node:   Connection reuse ineffective (2.0 msg/conn)
2025-12-07T07:11:32.080938Z  WARN ThreadId(07) docker_node:   Connection reuse ineffective (2.0 msg/conn)
2025-12-07T07:11:32.083852Z  WARN ThreadId(01) docker_node: Node 0 port 20000 temporarily unreachable: failed to lookup address information: Temporary failure in name resolution
2025-12-07T07:11:32.085617Z  WARN ThreadId(01) docker_node: Node 1 port 20001 temporarily unreachable: failed to lookup address information: Temporary failure in name resolution
2025-12-07T07:11:32.087194Z  WARN ThreadId(01) docker_node: Node 2 port 20002 temporarily unreachable: failed to lookup address information: Temporary failure in name resolution
2025-12-07T07:11:32.088821Z  WARN ThreadId(01) docker_node: Node 3 port 20003 temporarily unreachable: failed to lookup address information: Temporary failure in name resolution
2025-12-07T07:11:32.090388Z  WARN ThreadId(01) docker_node: Node 4 port 20004 temporarily unreachable: failed to lookup address information: Temporary failure in name resolution
2025-12-07T07:11:32.092139Z  WARN ThreadId(01) docker_node: Node 5 port 20005 temporarily unreachable: failed to lookup address information: Temporary failure in name resolution
2025-12-07T07:11:32.093933Z  WARN ThreadId(01) docker_node: Node 6 port 20006 temporarily unreachable: failed to lookup address information: Temporary failure in name resolution
2025-12-07T07:11:32.095516Z  WARN ThreadId(01) docker_node: Node 7 port 20007 temporarily unreachable: failed to lookup address information: Temporary failure in name resolution
2025-12-07T07:11:32.097144Z  WARN ThreadId(01) docker_node: Node 8 port 20008 temporarily unreachable: failed to lookup address information: Temporary failure in name resolution
2025-12-07T07:11:32.098730Z  WARN ThreadId(01) docker_node: Node 9 port 20009 temporarily unreachable: failed to lookup address information: Temporary failure in name resolution
2025-12-07T07:11:32.100292Z  WARN ThreadId(01) docker_node: Node 10 port 20010 temporarily unreachable: failed to lookup address information: Temporary failure in name resolution
2025-12-07T07:11:32.101959Z  WARN ThreadId(01) docker_node: Node 11 port 20011 temporarily unreachable: failed to lookup address information: Temporary failure in name resolution
2025-12-07T07:11:32.103557Z  WARN ThreadId(01) docker_node: Node 12 port 20012 temporarily unreachable: failed to lookup address information: Temporary failure in name resolution
2025-12-07T07:11:32.105121Z  WARN ThreadId(01) docker_node: Node 13 port 20013 temporarily unreachable: failed to lookup address information: Temporary failure in name resolution
2025-12-07T07:11:32.106680Z  WARN ThreadId(01) docker_node: Node 14 port 20014 temporarily unreachable: failed to lookup address information: Temporary failure in name resolution
2025-12-07T07:11:32.108262Z  WARN ThreadId(01) docker_node: Node 15 port 20015 temporarily unreachable: failed to lookup address information: Temporary failure in name resolution
2025-12-07T07:11:32.109901Z  WARN ThreadId(01) docker_node: Node 16 port 20016 temporarily unreachable: failed to lookup address information: Temporary failure in name resolution
2025-12-07T07:11:32.111476Z  WARN ThreadId(01) docker_node: Node 17 port 20017 temporarily unreachable: failed to lookup address information: Temporary failure in name resolution
2025-12-07T07:11:32.113263Z  WARN ThreadId(01) docker_node: Node 18 port 20018 temporarily unreachable: failed to lookup address information: Temporary failure in name resolution
2025-12-07T07:11:32.115086Z  WARN ThreadId(01) docker_node: Node 19 port 20019 temporarily unreachable: failed to lookup address information: Temporary failure in name resolution
2025-12-07T07:11:32.116650Z  WARN ThreadId(01) docker_node: Node 20 port 20020 temporarily unreachable: failed to lookup address information: Temporary failure in name resolution
2025-12-07T07:11:32.119060Z  WARN ThreadId(01) docker_node: Node 21 port 20021 temporarily unreachable: failed to lookup address information: Temporary failure in name resolution
2025-12-07T07:11:32.120842Z  WARN ThreadId(01) docker_node: Node 22 port 20022 temporarily unreachable: failed to lookup address information: Temporary failure in name resolution
2025-12-07T07:11:32.122614Z  WARN ThreadId(01) docker_node: Node 23 port 20023 temporarily unreachable: failed to lookup address information: Temporary failure in name resolution
2025-12-07T07:11:32.125126Z  WARN ThreadId(01) docker_node: Node 24 port 20024 temporarily unreachable: failed to lookup address information: Temporary failure in name resolution
2025-12-07T07:11:32.127198Z  WARN ThreadId(01) docker_node: Node 25 port 20025 temporarily unreachable: failed to lookup address information: Temporary failure in name resolution
2025-12-07T07:11:32.129249Z  WARN ThreadId(01) docker_node: Node 26 port 20026 temporarily unreachable: failed to lookup address information: Temporary failure in name resolution
2025-12-07T07:11:32.132271Z  WARN ThreadId(01) docker_node: Node 27 port 20027 temporarily unreachable: failed to lookup address information: Temporary failure in name resolution
2025-12-07T07:11:32.134080Z  WARN ThreadId(01) docker_node: Node 28 port 20028 temporarily unreachable: failed to lookup address information: Temporary failure in name resolution
2025-12-07T07:11:32.135840Z  WARN ThreadId(01) docker_node: Node 29 port 20029 temporarily unreachable: failed to lookup address information: Temporary failure in name resolution
2025-12-07T07:11:32.137949Z  WARN ThreadId(01) docker_node: Node 30 port 20030 temporarily unreachable: failed to lookup address information: Temporary failure in name resolution
2025-12-07T07:11:32.143373Z  WARN ThreadId(01) docker_node: Node 31 port 20031 temporarily unreachable: failed to lookup address information: Temporary failure in name resolution
2025-12-07T07:11:35.692080Z  WARN ThreadId(20) hotstuff_runner::app: Node 1 [produce_block] queue size: 0, attempting up to 0 transactions this block    
2025-12-07T07:11:37.080915Z  WARN ThreadId(07) docker_node:   Connection reuse ineffective (2.0 msg/conn)
2025-12-07T07:11:41.784345Z  WARN ThreadId(20) hotstuff_runner::app: Node 1 [produce_block] queue size: 0, attempting up to 0 transactions this block    
2025-12-07T07:11:42.080939Z  WARN ThreadId(07) docker_node:   Connection reuse ineffective (2.0 msg/conn)
2025-12-07T07:11:47.081685Z  WARN ThreadId(05) docker_node:   Connection reuse ineffective (2.0 msg/conn)
2025-12-07T07:11:47.861744Z  WARN ThreadId(20) hotstuff_runner::app: Node 1 [produce_block] queue size: 0, attempting up to 0 transactions this block    
2025-12-07T07:11:52.081179Z  WARN ThreadId(05) docker_node:   Connection reuse ineffective (2.0 msg/conn)
2025-12-07T07:11:53.931873Z  WARN ThreadId(20) hotstuff_runner::app: Node 1 [produce_block] queue size: 0, attempting up to 0 transactions this block    
2025-12-07T07:11:53.931892Z  WARN ThreadId(20) hotstuff_runner::app: Node 1 view(114) far exceeds block count (3); potential sync issue    
2025-12-07T07:11:56.363517Z  WARN ThreadId(24) hotstuff_runner::smrol::network: ⚠️ Large message: 5600169 bytes to node Some(10)
2025-12-07T07:11:56.366244Z  WARN ThreadId(24) hotstuff_runner::smrol::network: ⚠️ Large message: 5600169 bytes to node Some(20)
2025-12-07T07:11:56.371695Z  WARN ThreadId(24) hotstuff_runner::smrol::network: ⚠️ Large message: 5600169 bytes to node Some(24)
2025-12-07T07:11:56.374520Z  WARN ThreadId(24) hotstuff_runner::smrol::network: ⚠️ Large message: 5600169 bytes to node Some(11)
2025-12-07T07:11:56.377391Z  WARN ThreadId(24) hotstuff_runner::smrol::network: ⚠️ Large message: 5600169 bytes to node Some(17)
2025-12-07T07:11:56.385635Z  WARN ThreadId(24) hotstuff_runner::smrol::network: ⚠️ Large message: 5600168 bytes to node Some(0)
2025-12-07T07:11:56.388496Z  WARN ThreadId(24) hotstuff_runner::smrol::network: ⚠️ Large message: 5600169 bytes to node Some(13)
2025-12-07T07:11:56.391267Z  WARN ThreadId(24) hotstuff_runner::smrol::network: ⚠️ Large message: 5600168 bytes to node Some(4)
2025-12-07T07:11:56.394179Z  WARN ThreadId(24) hotstuff_runner::smrol::network: ⚠️ Large message: 5600169 bytes to node Some(19)
2025-12-07T07:11:56.396995Z  WARN ThreadId(24) hotstuff_runner::smrol::network: ⚠️ Large message: 5600169 bytes to node Some(28)
2025-12-07T07:11:56.399792Z  WARN ThreadId(24) hotstuff_runner::smrol::network: ⚠️ Large message: 5600168 bytes to node Some(8)
2025-12-07T07:11:56.402536Z  WARN ThreadId(24) hotstuff_runner::smrol::network: ⚠️ Large message: 5600168 bytes to node Some(7)
2025-12-07T07:11:56.405453Z  WARN ThreadId(24) hotstuff_runner::smrol::network: ⚠️ Large message: 5600168 bytes to node Some(2)
2025-12-07T07:11:56.408247Z  WARN ThreadId(24) hotstuff_runner::smrol::network: ⚠️ Large message: 5600169 bytes to node Some(25)
2025-12-07T07:11:56.411365Z  WARN ThreadId(24) hotstuff_runner::smrol::network: ⚠️ Large message: 5600168 bytes to node Some(5)
2025-12-07T07:11:56.414070Z  WARN ThreadId(24) hotstuff_runner::smrol::network: ⚠️ Large message: 5600169 bytes to node Some(18)
2025-12-07T07:11:56.416837Z  WARN ThreadId(24) hotstuff_runner::smrol::network: ⚠️ Large message: 5600168 bytes to node Some(6)
2025-12-07T07:11:56.420619Z  WARN ThreadId(24) hotstuff_runner::smrol::network: ⚠️ Large message: 5600169 bytes to node Some(12)
2025-12-07T07:11:56.423277Z  WARN ThreadId(24) hotstuff_runner::smrol::network: ⚠️ Large message: 5600169 bytes to node Some(14)
2025-12-07T07:11:56.426035Z  WARN ThreadId(24) hotstuff_runner::smrol::network: ⚠️ Large message: 5600169 bytes to node Some(16)
2025-12-07T07:11:56.428744Z  WARN ThreadId(24) hotstuff_runner::smrol::network: ⚠️ Large message: 5600169 bytes to node Some(31)
2025-12-07T07:11:56.431585Z  WARN ThreadId(24) hotstuff_runner::smrol::network: ⚠️ Large message: 5600169 bytes to node Some(23)
2025-12-07T07:11:56.434282Z  WARN ThreadId(24) hotstuff_runner::smrol::network: ⚠️ Large message: 5600169 bytes to node Some(27)
2025-12-07T07:11:56.436960Z  WARN ThreadId(24) hotstuff_runner::smrol::network: ⚠️ Large message: 5600169 bytes to node Some(21)
2025-12-07T07:11:56.439576Z  WARN ThreadId(24) hotstuff_runner::smrol::network: ⚠️ Large message: 5600169 bytes to node Some(22)
2025-12-07T07:11:56.440651Z  WARN ThreadId(24) hotstuff_runner::smrol::network: ⚠️ [Check] Writer 1 -> 4 slow write: 51.995942ms
2025-12-07T07:11:56.441875Z  WARN ThreadId(24) hotstuff_runner::smrol::network: ⚠️ Large message: 5600168 bytes to node Some(9)
2025-12-07T07:11:56.444655Z  WARN ThreadId(24) hotstuff_runner::smrol::network: ⚠️ Large message: 5600168 bytes to node Some(3)
2025-12-07T07:11:56.445979Z  WARN ThreadId(25) hotstuff_runner::smrol::network: ⚠️ Large message: 5600169 bytes to node Some(15)
2025-12-07T07:11:56.448254Z  WARN ThreadId(24) hotstuff_runner::smrol::network: ⚠️ Large message: 5600169 bytes to node Some(29)
2025-12-07T07:11:56.471149Z  WARN ThreadId(25) hotstuff_runner::smrol::network: ⚠️ Large message: 5600169 bytes to node Some(26)
2025-12-07T07:11:56.474441Z  WARN ThreadId(24) hotstuff_runner::smrol::network: ⚠️ [Check] Writer 1 -> 0 slow write: 91.348999ms
2025-12-07T07:11:56.474647Z  WARN ThreadId(25) hotstuff_runner::smrol::network: ⚠️ [Check] Writer 1 -> 3 slow write: 32.69471ms
2025-12-07T07:11:56.489191Z  WARN ThreadId(24) hotstuff_runner::smrol::network: ⚠️ [Check] Writer 1 -> 24 slow write: 120.14685ms
2025-12-07T07:11:56.489418Z  WARN ThreadId(25) hotstuff_runner::smrol::network: ⚠️ [Check] Writer 1 -> 2 slow write: 86.586758ms
2025-12-07T07:11:56.491337Z  WARN ThreadId(25) hotstuff_runner::smrol::network: ⚠️ Large message: 5600169 bytes to node Some(30)
2025-12-07T07:11:56.551008Z  WARN ThreadId(25) hotstuff_runner::smrol::network: ⚠️ [Check] Writer 1 -> 23 slow write: 122.152594ms
2025-12-07T07:11:56.820003Z  WARN ThreadId(08) hotstuff_runner::tx_utils: [synthetic-tx] capped equivalent count 122809 -> 100000 for tx 1
2025-12-07T07:11:56.864074Z  WARN ThreadId(08) hotstuff_runner::tx_utils: [synthetic-tx] capped equivalent count 122809 -> 100000 for tx 4
2025-12-07T07:11:56.864720Z  WARN ThreadId(24) hotstuff_runner::smrol::network: ⚠️ [Check] Writer 1 -> 8 slow write: 467.619003ms
2025-12-07T07:11:56.868317Z  WARN ThreadId(24) hotstuff_runner::smrol::network: ⚠️ [Check] Writer 1 -> 7 slow write: 468.437642ms
2025-12-07T07:11:56.885218Z  WARN ThreadId(25) hotstuff_runner::smrol::network: ⚠️ [Check] Writer 1 -> 6 slow write: 471.044828ms
2025-12-07T07:11:56.944816Z  WARN ThreadId(25) hotstuff_runner::smrol::network: ⚠️ [Check] Writer 1 -> 5 slow write: 536.010609ms
2025-12-07T07:11:56.966520Z  WARN ThreadId(05) hotstuff_runner::tx_utils: [synthetic-tx] capped equivalent count 147370 -> 100000 for tx 5
2025-12-07T07:11:56.976989Z  WARN ThreadId(25) hotstuff_runner::smrol::network: ⚠️ [Check] Writer 1 -> 27 slow write: 545.288704ms
2025-12-07T07:11:56.986163Z  WARN ThreadId(25) hotstuff_runner::smrol::network: ⚠️ [Check] Writer 1 -> 9 slow write: 544.905086ms
2025-12-07T07:11:57.005641Z  WARN ThreadId(24) hotstuff_runner::smrol::network: ⚠️ [Check] Writer 1 -> 28 slow write: 611.345872ms
2025-12-07T07:11:57.081196Z  WARN ThreadId(07) docker_node:   Connection reuse ineffective (2.0 msg/conn)
2025-12-07T07:11:57.104137Z  WARN ThreadId(25) hotstuff_runner::smrol::network: ⚠️ [Check] Writer 1 -> 26 slow write: 636.222672ms
2025-12-07T07:11:57.125031Z  WARN ThreadId(25) hotstuff_runner::smrol::network: ⚠️ [Check] Writer 1 -> 29 slow write: 679.515541ms
2025-12-07T07:11:57.133688Z  WARN ThreadId(25) hotstuff_runner::smrol::network: ⚠️ [Check] Writer 1 -> 25 slow write: 728.116901ms
2025-12-07T07:11:57.144116Z  WARN ThreadId(08) docker_node: Node 1 Regular transaction queue backlog: 496494 transactions
2025-12-07T07:11:57.333755Z  WARN ThreadId(25) hotstuff_runner::smrol::network: ⚠️ [Check] Writer 1 -> 31 slow write: 907.62873ms
2025-12-07T07:11:57.377064Z  WARN ThreadId(24) hotstuff_runner::smrol::network: ⚠️ [Check] Writer 1 -> 30 slow write: 886.208327ms
2025-12-07T07:11:57.621473Z  WARN ThreadId(25) hotstuff_runner::smrol::network: ⚠️ [Check] Writer 1 -> 21 slow write: 1.18702564s
2025-12-07T07:11:57.731285Z  WARN ThreadId(25) hotstuff_runner::smrol::network: ⚠️ [Check] Writer 1 -> 20 slow write: 1.367614467s
2025-12-07T07:11:57.733539Z  WARN ThreadId(21) hotstuff_runner::tcp_node: Detected transaction backlog: submit rate (0.7) > confirm rate (0.0)
2025-12-07T07:11:57.793957Z  WARN ThreadId(25) hotstuff_runner::smrol::network: ⚠️ [Check] Writer 1 -> 22 slow write: 1.35690062s
2025-12-07T07:11:57.837759Z  WARN ThreadId(24) hotstuff_runner::smrol::network: ⚠️ [Check] Writer 1 -> 10 slow write: 1.476999787s
2025-12-07T07:11:57.850918Z  WARN ThreadId(25) hotstuff_runner::smrol::network: ⚠️ [Check] Writer 1 -> 11 slow write: 1.479032983s
2025-12-07T07:11:57.962300Z  WARN ThreadId(24) hotstuff_runner::smrol::network: ⚠️ [Check] Writer 1 -> 17 slow write: 1.587494526s
2025-12-07T07:11:57.994109Z  WARN ThreadId(24) hotstuff_runner::smrol::network: ⚠️ [Check] Writer 1 -> 19 slow write: 1.602689874s
2025-12-07T07:11:57.995689Z  WARN ThreadId(24) hotstuff_runner::smrol::network: ⚠️ [Check] Writer 1 -> 16 slow write: 1.572318361s
2025-12-07T07:11:58.001250Z  WARN ThreadId(24) hotstuff_runner::smrol::network: ⚠️ [Check] Writer 1 -> 18 slow write: 1.589807932s
2025-12-07T07:11:58.071916Z  WARN ThreadId(24) hotstuff_runner::smrol::network: ⚠️ [Check] Writer 1 -> 12 slow write: 1.65390406s
2025-12-07T07:11:58.091993Z  WARN ThreadId(24) hotstuff_runner::smrol::network: ⚠️ [Check] Writer 1 -> 13 slow write: 1.706169162s
2025-12-07T07:11:58.146142Z  WARN ThreadId(25) hotstuff_runner::smrol::network: ⚠️ [Check] Writer 1 -> 15 slow write: 1.704400825s
2025-12-07T07:11:58.275170Z  WARN ThreadId(08) hotstuff_runner::tx_utils: [synthetic-tx] capped equivalent count 122809 -> 100000 for tx 7
2025-12-07T07:11:58.389349Z  WARN ThreadId(25) hotstuff_runner::smrol::network: ⚠️ [Check] Writer 1 -> 14 slow write: 1.968557654s
2025-12-07T07:11:59.456072Z  WARN ThreadId(03) hotstuff_runner::tx_utils: [synthetic-tx] capped equivalent count 122809 -> 100000 for tx 9
2025-12-07T07:12:02.081100Z  WARN ThreadId(09) docker_node: HotStuff processing bottleneck detected:
2025-12-07T07:12:02.081128Z  WARN ThreadId(09) docker_node:    - HotStuff queue backlog: 496494 transactions
2025-12-07T07:12:02.081136Z  WARN ThreadId(09) docker_node:    - Confirmation TPS (0.0) much lower than submission TPS (0.2)
2025-12-07T07:12:02.081142Z  WARN ThreadId(09) docker_node:    - Possible cause: HotStuff consensus network delay or block size limitation
2025-12-07T07:12:02.081153Z  WARN ThreadId(09) docker_node:   Connection reuse ineffective (2.0 msg/conn)
2025-12-07T07:12:02.143873Z  WARN ThreadId(09) docker_node: Node 1 Regular transaction queue backlog: 966674 transactions
2025-12-07T07:12:04.025164Z  WARN ThreadId(08) hotstuff_runner::tx_utils: [synthetic-tx] capped equivalent count 147370 -> 100000 for tx 11
2025-12-07T07:12:04.533754Z  WARN ThreadId(08) hotstuff_runner::tx_utils: [synthetic-tx] capped equivalent count 122809 -> 100000 for tx 12
2025-12-07T07:12:06.293442Z  WARN ThreadId(07) hotstuff_runner::tx_utils: [synthetic-tx] capped equivalent count 147370 -> 100000 for tx 13
2025-12-07T07:12:07.081186Z  WARN ThreadId(08) docker_node: HotStuff processing bottleneck detected:
2025-12-07T07:12:07.081211Z  WARN ThreadId(08) docker_node:    - HotStuff queue backlog: 966674 transactions
2025-12-07T07:12:07.081221Z  WARN ThreadId(08) docker_node:    - Confirmation TPS (0.0) much lower than submission TPS (0.1)
2025-12-07T07:12:07.081231Z  WARN ThreadId(08) docker_node:    - Possible cause: HotStuff consensus network delay or block size limitation
2025-12-07T07:12:07.081246Z  WARN ThreadId(08) docker_node:   Connection reuse ineffective (2.0 msg/conn)
2025-12-07T07:12:07.144819Z  WARN ThreadId(03) docker_node: Node 1 Regular transaction queue backlog: 1266674 transactions
2025-12-07T07:12:11.930083Z  WARN ThreadId(07) hotstuff_runner::tx_utils: [synthetic-tx] capped equivalent count 122809 -> 100000 for tx 16
2025-12-07T07:12:12.081359Z  WARN ThreadId(06) docker_node:   Connection reuse ineffective (2.0 msg/conn)
2025-12-07T07:12:12.144121Z  WARN ThreadId(07) docker_node: Node 1 Regular transaction queue backlog: 1563168 transactions
2025-12-07T07:12:13.694822Z  WARN ThreadId(06) hotstuff_runner::tx_utils: [synthetic-tx] capped equivalent count 147370 -> 100000 for tx 17
2025-12-07T07:12:15.255705Z  WARN ThreadId(07) hotstuff_runner::tx_utils: [synthetic-tx] capped equivalent count 122809 -> 100000 for tx 18
2025-12-07T07:12:17.080947Z  WARN ThreadId(03) docker_node:   Connection reuse ineffective (2.0 msg/conn)
2025-12-07T07:12:17.144544Z  WARN ThreadId(09) docker_node: Node 1 Regular transaction queue backlog: 1763168 transactions
2025-12-07T07:12:17.601146Z  WARN ThreadId(06) hotstuff_runner::tx_utils: [synthetic-tx] capped equivalent count 147370 -> 100000 for tx 19
2025-12-07T07:12:21.031179Z  WARN ThreadId(08) hotstuff_runner::tx_utils: [synthetic-tx] capped equivalent count 122809 -> 100000 for tx 24
2025-12-07T07:12:21.257711Z  WARN ThreadId(03) hotstuff_runner::tx_utils: [synthetic-tx] capped equivalent count 122809 -> 100000 for tx 25
2025-12-07T07:12:22.081214Z  WARN ThreadId(09) docker_node:   Connection reuse ineffective (2.0 msg/conn)
2025-12-07T07:12:22.144313Z  WARN ThreadId(09) docker_node: Node 1 Regular transaction queue backlog: 2333348 transactions
2025-12-07T07:12:22.364394Z  WARN ThreadId(08) hotstuff_runner::tx_utils: [synthetic-tx] capped equivalent count 147370 -> 100000 for tx 23
2025-12-07T07:12:22.821013Z  WARN ThreadId(08) hotstuff_runner::tx_utils: [synthetic-tx] capped equivalent count 147370 -> 100000 for tx 26
2025-12-07T07:12:24.653045Z  WARN ThreadId(06) hotstuff_runner::tx_utils: [synthetic-tx] capped equivalent count 122809 -> 100000 for tx 29
2025-12-07T07:12:25.385304Z  WARN ThreadId(07) hotstuff_runner::tx_utils: [synthetic-tx] capped equivalent count 122809 -> 100000 for tx 30
2025-12-07T07:12:26.659770Z  WARN ThreadId(25) hotstuff_runner::smrol::network: ⚠️ Large message: 8400169 bytes to node Some(10)
2025-12-07T07:12:26.663052Z  WARN ThreadId(25) hotstuff_runner::smrol::network: ⚠️ Large message: 8400169 bytes to node Some(29)
2025-12-07T07:12:26.665884Z  WARN ThreadId(25) hotstuff_runner::smrol::network: ⚠️ Large message: 8400169 bytes to node Some(20)
2025-12-07T07:12:26.668877Z  WARN ThreadId(25) hotstuff_runner::smrol::network: ⚠️ Large message: 8400169 bytes to node Some(17)
2025-12-07T07:12:26.671561Z  WARN ThreadId(25) hotstuff_runner::smrol::network: ⚠️ Large message: 8400169 bytes to node Some(24)
2025-12-07T07:12:26.673695Z  WARN ThreadId(25) hotstuff_runner::smrol::network: ⚠️ Large message: 8400169 bytes to node Some(11)
2025-12-07T07:12:26.675457Z  WARN ThreadId(25) hotstuff_runner::smrol::network: ⚠️ Large message: 8400168 bytes to node Some(0)
2025-12-07T07:12:26.677216Z  WARN ThreadId(25) hotstuff_runner::smrol::network: ⚠️ Large message: 8400169 bytes to node Some(26)
2025-12-07T07:12:26.678869Z  WARN ThreadId(25) hotstuff_runner::smrol::network: ⚠️ Large message: 8400169 bytes to node Some(30)
2025-12-07T07:12:26.680547Z  WARN ThreadId(25) hotstuff_runner::smrol::network: ⚠️ Large message: 8400168 bytes to node Some(4)
2025-12-07T07:12:26.682041Z  WARN ThreadId(25) hotstuff_runner::smrol::network: ⚠️ Large message: 8400169 bytes to node Some(13)
2025-12-07T07:12:26.683700Z  WARN ThreadId(25) hotstuff_runner::smrol::network: ⚠️ Large message: 8400169 bytes to node Some(28)
2025-12-07T07:12:26.685399Z  WARN ThreadId(25) hotstuff_runner::smrol::network: ⚠️ Large message: 8400169 bytes to node Some(19)
2025-12-07T07:12:26.689128Z  WARN ThreadId(25) hotstuff_runner::smrol::network: ⚠️ Large message: 8400168 bytes to node Some(8)
2025-12-07T07:12:26.694809Z  WARN ThreadId(25) hotstuff_runner::smrol::network: ⚠️ Large message: 8400168 bytes to node Some(7)
2025-12-07T07:12:26.700317Z  WARN ThreadId(25) hotstuff_runner::smrol::network: ⚠️ Large message: 8400168 bytes to node Some(2)
2025-12-07T07:12:26.705708Z  WARN ThreadId(25) hotstuff_runner::smrol::network: ⚠️ Large message: 8400169 bytes to node Some(25)
2025-12-07T07:12:26.711263Z  WARN ThreadId(25) hotstuff_runner::smrol::network: ⚠️ Large message: 8400168 bytes to node Some(5)
2025-12-07T07:12:26.716998Z  WARN ThreadId(25) hotstuff_runner::smrol::network: ⚠️ Large message: 8400169 bytes to node Some(18)
2025-12-07T07:12:26.722693Z  WARN ThreadId(25) hotstuff_runner::smrol::network: ⚠️ Large message: 8400168 bytes to node Some(6)
2025-12-07T07:12:26.728337Z  WARN ThreadId(25) hotstuff_runner::smrol::network: ⚠️ Large message: 8400169 bytes to node Some(12)
2025-12-07T07:12:26.734060Z  WARN ThreadId(25) hotstuff_runner::smrol::network: ⚠️ Large message: 8400169 bytes to node Some(16)
2025-12-07T07:12:26.739779Z  WARN ThreadId(25) hotstuff_runner::smrol::network: ⚠️ Large message: 8400169 bytes to node Some(14)
2025-12-07T07:12:26.745588Z  WARN ThreadId(25) hotstuff_runner::smrol::network: ⚠️ Large message: 8400169 bytes to node Some(23)
2025-12-07T07:12:26.751345Z  WARN ThreadId(25) hotstuff_runner::smrol::network: ⚠️ Large message: 8400169 bytes to node Some(31)
2025-12-07T07:12:26.757174Z  WARN ThreadId(25) hotstuff_runner::smrol::network: ⚠️ Large message: 8400169 bytes to node Some(21)
2025-12-07T07:12:26.763745Z  WARN ThreadId(25) hotstuff_runner::smrol::network: ⚠️ Large message: 8400169 bytes to node Some(27)
2025-12-07T07:12:26.765111Z  WARN ThreadId(24) hotstuff_runner::smrol::network: ⚠️ Large message: 8400169 bytes to node Some(15)
2025-12-07T07:12:26.770520Z  WARN ThreadId(25) hotstuff_runner::smrol::network: ⚠️ Large message: 8400168 bytes to node Some(9)
2025-12-07T07:12:26.771650Z  WARN ThreadId(24) hotstuff_runner::smrol::network: ⚠️ Large message: 8400168 bytes to node Some(3)
2025-12-07T07:12:26.778169Z  WARN ThreadId(25) hotstuff_runner::smrol::network: ⚠️ Large message: 8400169 bytes to node Some(22)
2025-12-07T07:12:26.781355Z  WARN ThreadId(24) hotstuff_runner::smrol::network: ⚠️ [Check] Writer 1 -> 0 slow write: 106.890213ms
2025-12-07T07:12:26.790414Z  WARN ThreadId(25) hotstuff_runner::smrol::network: ⚠️ [Check] Writer 1 -> 3 slow write: 24.394987ms
2025-12-07T07:12:26.791269Z  WARN ThreadId(24) hotstuff_runner::smrol::network: ⚠️ [Check] Writer 1 -> 4 slow write: 111.681657ms
2025-12-07T07:12:26.811212Z  WARN ThreadId(25) hotstuff_runner::smrol::network: ⚠️ [Check] Writer 1 -> 24 slow write: 141.06777ms
2025-12-07T07:12:26.841682Z  WARN ThreadId(25) hotstuff_runner::smrol::network: ⚠️ [Check] Writer 1 -> 2 slow write: 146.037397ms
2025-12-07T07:12:26.882700Z  WARN ThreadId(25) hotstuff_runner::smrol::network: ⚠️ [Check] Writer 1 -> 23 slow write: 141.999068ms
2025-12-07T07:12:27.081743Z  WARN ThreadId(08) docker_node:   Connection reuse ineffective (2.0 msg/conn)
2025-12-07T07:12:27.104050Z  WARN ThreadId(08) hotstuff_runner::tx_utils: [synthetic-tx] capped equivalent count 147370 -> 100000 for tx 31
2025-12-07T07:12:27.138686Z  WARN ThreadId(08) hotstuff_runner::tx_utils: [synthetic-tx] capped equivalent count 147370 -> 100000 for tx 33
2025-12-07T07:12:27.144309Z  WARN ThreadId(06) docker_node: Node 1 Regular transaction queue backlog: 3005281 transactions
2025-12-07T07:12:27.234090Z  WARN ThreadId(08) hotstuff_runner::tx_utils: [synthetic-tx] capped equivalent count 147370 -> 100000 for tx 34
2025-12-07T07:12:27.261044Z  WARN ThreadId(08) hotstuff_runner::tx_utils: [synthetic-tx] capped equivalent count 147370 -> 100000 for tx 35
2025-12-07T07:12:27.287718Z  WARN ThreadId(24) hotstuff_runner::smrol::network: ⚠️ [Check] Writer 1 -> 8 slow write: 601.508161ms
2025-12-07T07:12:27.294018Z  WARN ThreadId(24) hotstuff_runner::smrol::network: ⚠️ [Check] Writer 1 -> 7 slow write: 604.078255ms
2025-12-07T07:12:27.311378Z  WARN ThreadId(24) hotstuff_runner::smrol::network: ⚠️ [Check] Writer 1 -> 5 slow write: 604.773854ms
2025-12-07T07:12:27.328075Z  WARN ThreadId(25) hotstuff_runner::smrol::network: ⚠️ [Check] Writer 1 -> 6 slow write: 610.220084ms
2025-12-07T07:12:27.340522Z  WARN ThreadId(25) hotstuff_runner::smrol::network: ⚠️ [Check] Writer 1 -> 29 slow write: 679.00706ms
2025-12-07T07:12:27.369466Z  WARN ThreadId(24) hotstuff_runner::smrol::network: ⚠️ [Check] Writer 1 -> 28 slow write: 686.68995ms
2025-12-07T07:12:27.379062Z  WARN ThreadId(24) hotstuff_runner::smrol::network: ⚠️ [Check] Writer 1 -> 27 slow write: 621.039839ms
2025-12-07T07:12:27.385054Z  WARN ThreadId(24) hotstuff_runner::smrol::network: ⚠️ [Check] Writer 1 -> 9 slow write: 620.373971ms
2025-12-07T07:12:27.491191Z  WARN ThreadId(24) hotstuff_runner::smrol::network: ⚠️ [Check] Writer 1 -> 26 slow write: 814.892859ms
2025-12-07T07:12:27.520844Z  WARN ThreadId(25) hotstuff_runner::smrol::network: ⚠️ [Check] Writer 1 -> 25 slow write: 819.891977ms
2025-12-07T07:12:27.664091Z  WARN ThreadId(25) hotstuff_runner::smrol::network: ⚠️ [Check] Writer 1 -> 30 slow write: 986.104619ms
2025-12-07T07:12:27.768131Z  WARN ThreadId(25) hotstuff_runner::smrol::network: ⚠️ [Check] Writer 1 -> 31 slow write: 1.021563768s
2025-12-07T07:12:27.854264Z  WARN ThreadId(09) hotstuff_runner::tx_utils: [synthetic-tx] capped equivalent count 122809 -> 100000 for tx 32
2025-12-07T07:12:28.030131Z  WARN ThreadId(25) hotstuff_runner::smrol::network: ⚠️ [Check] Writer 1 -> 20 slow write: 1.365813327s
2025-12-07T07:12:28.122424Z  WARN ThreadId(24) hotstuff_runner::smrol::network: ⚠️ [Check] Writer 1 -> 22 slow write: 1.350929802s
2025-12-07T07:12:28.237361Z  WARN ThreadId(24) hotstuff_runner::smrol::network: ⚠️ [Check] Writer 1 -> 21 slow write: 1.485198497s
2025-12-07T07:12:28.280021Z  WARN ThreadId(06) hotstuff_runner::tx_utils: [synthetic-tx] capped equivalent count 147370 -> 100000 for tx 38
2025-12-07T07:12:28.317217Z  WARN ThreadId(24) hotstuff_runner::smrol::network: ⚠️ [Check] Writer 1 -> 10 slow write: 1.65940252s
2025-12-07T07:12:28.332366Z  WARN ThreadId(24) hotstuff_runner::smrol::network: ⚠️ [Check] Writer 1 -> 11 slow write: 1.659598794s
2025-12-07T07:12:28.381419Z  WARN ThreadId(25) hotstuff_runner::smrol::network: ⚠️ [Check] Writer 1 -> 12 slow write: 1.657852619s
2025-12-07T07:12:28.453182Z  WARN ThreadId(24) hotstuff_runner::smrol::network: ⚠️ [Check] Writer 1 -> 17 slow write: 1.786042948s
2025-12-07T07:12:28.484351Z  WARN ThreadId(24) hotstuff_runner::smrol::network: ⚠️ [Check] Writer 1 -> 19 slow write: 1.799787731s
2025-12-07T07:12:28.500055Z  WARN ThreadId(25) hotstuff_runner::smrol::network: ⚠️ [Check] Writer 1 -> 16 slow write: 1.770899483s
2025-12-07T07:12:28.502544Z  WARN ThreadId(25) hotstuff_runner::smrol::network: ⚠️ [Check] Writer 1 -> 18 slow write: 1.790503846s
2025-12-07T07:12:28.596499Z  WARN ThreadId(24) hotstuff_runner::smrol::network: ⚠️ [Check] Writer 1 -> 13 slow write: 1.915356197s
2025-12-07T07:12:28.677137Z  WARN ThreadId(24) hotstuff_runner::smrol::network: ⚠️ [Check] Writer 1 -> 15 slow write: 1.918097183s
2025-12-07T07:12:28.713036Z  WARN ThreadId(25) hotstuff_runner::smrol::network: ⚠️ [Check] Writer 1 -> 14 slow write: 1.978166294s
2025-12-07T07:12:30.255476Z  WARN ThreadId(20) hotstuff_rs::block_tree::invariants: SAFE_PC_FAIL: pc.block=[139, 225, 122, 153, 207, 116, 245, 13, 58, 235, 11, 90, 137, 177, 180, 159, 1, 5, 166, 49, 115, 232, 172, 242, 85, 110, 85, 31, 19, 230, 47, 234] view=140 phase=Generic | cond1(chain_id/genesis)=true (pc.chain_id=0, my.chain_id=0) | cond2(block_exists/genesis)=true (exists=true) | cond3(view>locked || extends)=false (pc.view=140, locked.view=141, extends=false) | cond4(phase/updates)=true (phase_special=false, has_updates=false) | highest_pc.block=[202, 198, 187, 80, 177, 32, 52, 6, 195, 53, 29, 93, 55, 30, 224, 35, 180, 145, 7, 183, 84, 197, 218, 199, 21, 21, 135, 133, 54, 251, 27, 29] highest_pc.view=142 locked.block=[7, 24, 146, 142, 187, 103, 81, 191, 85, 165, 29, 196, 161, 34, 169, 138, 106, 180, 177, 11, 4, 43, 158, 9, 199, 151, 97, 124, 103, 217, 124, 54] locked.view=141    
2025-12-07T07:12:30.255522Z  WARN ThreadId(20) hotstuff_rs::block_tree::invariants: SAFE_BLOCK_FAIL: block=[191, 182, 229, 249, 39, 219, 128, 52, 217, 50, 7, 51, 122, 135, 196, 62, 26, 236, 13, 241, 5, 129, 188, 206, 181, 169, 171, 232, 132, 109, 71, 46] height=None | cond1(safe_pc)=false | cond2(is_block_justify)=true (justify.phase=Generic) | justify.block=[139, 225, 122, 153, 207, 116, 245, 13, 58, 235, 11, 90, 137, 177, 180, 159, 1, 5, 166, 49, 115, 232, 172, 242, 85, 110, 85, 31, 19, 230, 47, 234] justify.view=140 | highest_pc.block=[202, 198, 187, 80, 177, 32, 52, 6, 195, 53, 29, 93, 55, 30, 224, 35, 180, 145, 7, 183, 84, 197, 218, 199, 21, 21, 135, 133, 54, 251, 27, 29] highest_pc.view=142 | locked.block=[7, 24, 146, 142, 187, 103, 81, 191, 85, 165, 29, 196, 161, 34, 169, 138, 106, 180, 177, 11, 4, 43, 158, 9, 199, 151, 97, 124, 103, 217, 124, 54] locked.view=141    
2025-12-07T07:12:32.080933Z  WARN ThreadId(03) docker_node:   Connection reuse ineffective (2.0 msg/conn)
2025-12-07T07:12:32.144394Z  WARN ThreadId(09) docker_node: Node 1 Regular transaction queue backlog: 4045641 transactions
2025-12-07T07:12:35.214759Z  WARN ThreadId(04) hotstuff_runner::tx_utils: [synthetic-tx] capped equivalent count 122809 -> 100000 for tx 45
2025-12-07T07:12:35.345830Z  WARN ThreadId(20) hotstuff_runner::app: Node 1 [produce_block] queue size: 4317574, attempting up to 180000 transactions this block    
2025-12-07T07:12:35.716112Z  WARN ThreadId(20) hotstuff_runner::app: Node 1 view(146) far exceeds block count (4); potential sync issue    
2025-12-07T07:12:37.081129Z  WARN ThreadId(09) docker_node:   Connection reuse ineffective (2.0 msg/conn)
2025-12-07T07:12:37.144743Z  WARN ThreadId(04) docker_node: Node 1 Regular transaction queue backlog: 3139327 transactions
2025-12-07T07:12:37.268226Z  WARN ThreadId(03) hotstuff_runner::tx_utils: [synthetic-tx] capped equivalent count 122809 -> 100000 for tx 46
2025-12-07T07:12:38.839191Z  WARN ThreadId(03) hotstuff_runner::tx_utils: [synthetic-tx] capped equivalent count 122809 -> 100000 for tx 47
2025-12-07T07:12:41.799120Z  WARN ThreadId(04) hotstuff_runner::tx_utils: [synthetic-tx] capped equivalent count 122809 -> 100000 for tx 49
2025-12-07T07:12:42.080977Z  WARN ThreadId(03) docker_node:   Connection reuse ineffective (2.0 msg/conn)
2025-12-07T07:12:42.144186Z  WARN ThreadId(03) docker_node: Node 1 Regular transaction queue backlog: 3537574 transactions
2025-12-07T07:12:46.702045Z  WARN ThreadId(03) hotstuff_runner::tx_utils: [synthetic-tx] capped equivalent count 147370 -> 100000 for tx 52
2025-12-07T07:12:47.081449Z  WARN ThreadId(09) docker_node:   Connection reuse ineffective (2.0 msg/conn)
2025-12-07T07:12:47.144659Z  WARN ThreadId(09) docker_node: Node 1 Regular transaction queue backlog: 3834068 transactions
2025-12-07T07:12:48.204559Z  WARN ThreadId(04) hotstuff_runner::tx_utils: [synthetic-tx] capped equivalent count 122809 -> 100000 for tx 54
2025-12-07T07:12:49.679675Z  WARN ThreadId(07) hotstuff_runner::tx_utils: [synthetic-tx] capped equivalent count 122809 -> 100000 for tx 58
2025-12-07T07:12:50.558674Z  WARN ThreadId(02) hotstuff_runner::tx_utils: [synthetic-tx] capped equivalent count 147370 -> 100000 for tx 59
2025-12-07T07:12:51.689538Z  WARN ThreadId(06) hotstuff_runner::tx_utils: [synthetic-tx] capped equivalent count 147370 -> 100000 for tx 61
2025-12-07T07:12:52.081513Z  WARN ThreadId(07) docker_node:   Connection reuse ineffective (2.0 msg/conn)
2025-12-07T07:12:52.144690Z  WARN ThreadId(07) docker_node: Node 1 Regular transaction queue backlog: 4774428 transactions
2025-12-07T07:12:53.326028Z  WARN ThreadId(25) hotstuff_runner::smrol::network: ⚠️ Large message: 5600169 bytes to node Some(10)
2025-12-07T07:12:53.328106Z  WARN ThreadId(25) hotstuff_runner::smrol::network: ⚠️ Large message: 5600169 bytes to node Some(29)
2025-12-07T07:12:53.330008Z  WARN ThreadId(25) hotstuff_runner::smrol::network: ⚠️ Large message: 5600169 bytes to node Some(20)
2025-12-07T07:12:53.332062Z  WARN ThreadId(25) hotstuff_runner::smrol::network: ⚠️ Large message: 5600169 bytes to node Some(26)
2025-12-07T07:12:53.334477Z  WARN ThreadId(25) hotstuff_runner::smrol::network: ⚠️ Large message: 5600169 bytes to node Some(24)
2025-12-07T07:12:53.336259Z  WARN ThreadId(25) hotstuff_runner::smrol::network: ⚠️ Large message: 5600169 bytes to node Some(11)
2025-12-07T07:12:53.337919Z  WARN ThreadId(25) hotstuff_runner::smrol::network: ⚠️ Large message: 5600169 bytes to node Some(17)
2025-12-07T07:12:53.339624Z  WARN ThreadId(25) hotstuff_runner::smrol::network: ⚠️ Large message: 5600168 bytes to node Some(7)
2025-12-07T07:12:53.341348Z  WARN ThreadId(25) hotstuff_runner::smrol::network: ⚠️ Large message: 5600169 bytes to node Some(30)
2025-12-07T07:12:53.342887Z  WARN ThreadId(24) hotstuff_runner::smrol::network: ⚠️ Large message: 5600169 bytes to node Some(15)
2025-12-07T07:12:53.342978Z  WARN ThreadId(25) hotstuff_runner::smrol::network: ⚠️ Large message: 5600168 bytes to node Some(0)
2025-12-07T07:12:53.344567Z  WARN ThreadId(24) hotstuff_runner::smrol::network: ⚠️ Large message: 5600168 bytes to node Some(2)
2025-12-07T07:12:53.344956Z  WARN ThreadId(25) hotstuff_runner::smrol::network: ⚠️ Large message: 5600169 bytes to node Some(13)
2025-12-07T07:12:53.346041Z  WARN ThreadId(24) hotstuff_runner::smrol::network: ⚠️ Large message: 5600169 bytes to node Some(25)
2025-12-07T07:12:53.346617Z  WARN ThreadId(25) hotstuff_runner::smrol::network: ⚠️ Large message: 5600168 bytes to node Some(4)
2025-12-07T07:12:53.347414Z  WARN ThreadId(24) hotstuff_runner::smrol::network: ⚠️ Large message: 5600168 bytes to node Some(5)
2025-12-07T07:12:53.348812Z  WARN ThreadId(24) hotstuff_runner::smrol::network: ⚠️ Large message: 5600169 bytes to node Some(18)
2025-12-07T07:12:53.348859Z  WARN ThreadId(25) hotstuff_runner::smrol::network: ⚠️ Large message: 5600169 bytes to node Some(19)
2025-12-07T07:12:53.350086Z  WARN ThreadId(24) hotstuff_runner::smrol::network: ⚠️ Large message: 5600168 bytes to node Some(6)
2025-12-07T07:12:53.351344Z  WARN ThreadId(24) hotstuff_runner::smrol::network: ⚠️ Large message: 5600169 bytes to node Some(12)
2025-12-07T07:12:53.352768Z  WARN ThreadId(24) hotstuff_runner::smrol::network: ⚠️ Large message: 5600169 bytes to node Some(14)
2025-12-07T07:12:53.353350Z  WARN ThreadId(25) hotstuff_runner::smrol::network: ⚠️ Large message: 5600169 bytes to node Some(28)
2025-12-07T07:12:53.354189Z  WARN ThreadId(24) hotstuff_runner::smrol::network: ⚠️ Large message: 5600169 bytes to node Some(16)
2025-12-07T07:12:53.355722Z  WARN ThreadId(24) hotstuff_runner::smrol::network: ⚠️ Large message: 5600169 bytes to node Some(31)
2025-12-07T07:12:53.356266Z  WARN ThreadId(25) hotstuff_runner::smrol::network: ⚠️ Large message: 5600168 bytes to node Some(8)
2025-12-07T07:12:53.357540Z  WARN ThreadId(24) hotstuff_runner::smrol::network: ⚠️ Large message: 5600169 bytes to node Some(23)
2025-12-07T07:12:53.358067Z  WARN ThreadId(25) hotstuff_runner::smrol::network: ⚠️ Large message: 5600169 bytes to node Some(22)
2025-12-07T07:12:53.359467Z  WARN ThreadId(25) hotstuff_runner::smrol::network: ⚠️ Large message: 5600169 bytes to node Some(27)
2025-12-07T07:12:53.360833Z  WARN ThreadId(25) hotstuff_runner::smrol::network: ⚠️ Large message: 5600169 bytes to node Some(21)
2025-12-07T07:12:53.362049Z  WARN ThreadId(25) hotstuff_runner::smrol::network: ⚠️ Large message: 5600168 bytes to node Some(3)
2025-12-07T07:12:53.362115Z  WARN ThreadId(24) hotstuff_runner::smrol::network: ⚠️ Large message: 5600168 bytes to node Some(9)
2025-12-07T07:12:53.364846Z  WARN ThreadId(24) hotstuff_runner::smrol::network: ⚠️ [Check] Writer 1 -> 4 slow write: 18.635154ms
2025-12-07T07:12:53.365676Z  WARN ThreadId(25) hotstuff_runner::smrol::network: ⚠️ [Check] Writer 1 -> 0 slow write: 23.419887ms
2025-12-07T07:12:53.385080Z  WARN ThreadId(24) hotstuff_runner::smrol::network: ⚠️ [Check] Writer 1 -> 2 slow write: 41.209121ms
2025-12-07T07:12:53.411859Z  WARN ThreadId(25) hotstuff_runner::smrol::network: ⚠️ [Check] Writer 1 -> 3 slow write: 50.302782ms
2025-12-07T07:12:53.437278Z  WARN ThreadId(25) hotstuff_runner::smrol::network: ⚠️ [Check] Writer 1 -> 24 slow write: 103.980444ms
2025-12-07T07:12:53.459805Z  WARN ThreadId(25) hotstuff_runner::smrol::network: ⚠️ [Check] Writer 1 -> 23 slow write: 103.043706ms
2025-12-07T07:12:53.576352Z  WARN ThreadId(03) hotstuff_runner::tx_utils: [synthetic-tx] capped equivalent count 122809 -> 100000 for tx 65
2025-12-07T07:12:53.654171Z  WARN ThreadId(07) hotstuff_runner::tx_utils: [synthetic-tx] capped equivalent count 122809 -> 100000 for tx 69
2025-12-07T07:12:53.749371Z  WARN ThreadId(05) hotstuff_runner::tx_utils: [synthetic-tx] capped equivalent count 122809 -> 100000 for tx 68
2025-12-07T07:12:53.804945Z  WARN ThreadId(24) hotstuff_runner::smrol::network: ⚠️ [Check] Writer 1 -> 7 slow write: 466.102128ms
2025-12-07T07:12:53.813592Z  WARN ThreadId(24) hotstuff_runner::smrol::network: ⚠️ [Check] Writer 1 -> 5 slow write: 466.789888ms
2025-12-07T07:12:53.818326Z  WARN ThreadId(24) hotstuff_runner::smrol::network: ⚠️ [Check] Writer 1 -> 6 slow write: 468.803441ms
2025-12-07T07:12:53.820589Z  WARN ThreadId(24) hotstuff_runner::smrol::network: ⚠️ [Check] Writer 1 -> 8 slow write: 465.189272ms
2025-12-07T07:12:53.833447Z  WARN ThreadId(24) hotstuff_runner::smrol::network: ⚠️ [Check] Writer 1 -> 27 slow write: 474.522641ms
2025-12-07T07:12:53.837423Z  WARN ThreadId(25) hotstuff_runner::smrol::network: ⚠️ [Check] Writer 1 -> 9 slow write: 479.008793ms
2025-12-07T07:12:53.854658Z  WARN ThreadId(24) hotstuff_runner::smrol::network: ⚠️ [Check] Writer 1 -> 29 slow write: 527.466521ms
2025-12-07T07:12:53.885922Z  WARN ThreadId(25) hotstuff_runner::smrol::network: ⚠️ [Check] Writer 1 -> 28 slow write: 535.002601ms
2025-12-07T07:12:53.965194Z  WARN ThreadId(24) hotstuff_runner::smrol::network: ⚠️ [Check] Writer 1 -> 26 slow write: 634.040091ms
2025-12-07T07:12:53.980863Z  WARN ThreadId(24) hotstuff_runner::smrol::network: ⚠️ [Check] Writer 1 -> 25 slow write: 635.492185ms
2025-12-07T07:12:54.070832Z  WARN ThreadId(25) hotstuff_runner::smrol::network: ⚠️ [Check] Writer 1 -> 30 slow write: 730.177053ms
2025-12-07T07:12:54.145407Z  WARN ThreadId(24) hotstuff_runner::smrol::network: ⚠️ [Check] Writer 1 -> 31 slow write: 790.494321ms
2025-12-07T07:12:54.391570Z  WARN ThreadId(24) hotstuff_runner::smrol::network: ⚠️ [Check] Writer 1 -> 20 slow write: 1.062363355s
2025-12-07T07:12:54.397775Z  WARN ThreadId(24) hotstuff_runner::smrol::network: ⚠️ [Check] Writer 1 -> 21 slow write: 1.037549368s
2025-12-07T07:12:54.466501Z  WARN ThreadId(08) hotstuff_runner::tx_utils: [synthetic-tx] capped equivalent count 147370 -> 100000 for tx 64
2025-12-07T07:12:54.614783Z  WARN ThreadId(25) hotstuff_runner::smrol::network: ⚠️ [Check] Writer 1 -> 10 slow write: 1.289710851s
2025-12-07T07:12:54.627162Z  WARN ThreadId(24) hotstuff_runner::smrol::network: ⚠️ [Check] Writer 1 -> 11 slow write: 1.291684792s
2025-12-07T07:12:54.636926Z  WARN ThreadId(24) hotstuff_runner::smrol::network: ⚠️ [Check] Writer 1 -> 12 slow write: 1.286167527s
2025-12-07T07:12:54.724249Z  WARN ThreadId(24) hotstuff_runner::smrol::network: ⚠️ [Check] Writer 1 -> 17 slow write: 1.38706028s
2025-12-07T07:12:54.727201Z  WARN ThreadId(25) hotstuff_runner::smrol::network: ⚠️ [Check] Writer 1 -> 16 slow write: 1.373681802s
2025-12-07T07:12:54.736148Z  WARN ThreadId(24) hotstuff_runner::smrol::network: ⚠️ [Check] Writer 1 -> 18 slow write: 1.387975976s
2025-12-07T07:12:54.747686Z  WARN ThreadId(25) hotstuff_runner::smrol::network: ⚠️ [Check] Writer 1 -> 19 slow write: 1.400051981s
2025-12-07T07:12:54.828977Z  WARN ThreadId(25) hotstuff_runner::smrol::network: ⚠️ [Check] Writer 1 -> 15 slow write: 1.486685042s
2025-12-07T07:12:54.833920Z  WARN ThreadId(25) hotstuff_runner::smrol::network: ⚠️ [Check] Writer 1 -> 13 slow write: 1.489913503s
2025-12-07T07:12:54.882622Z  WARN ThreadId(24) hotstuff_runner::smrol::network: ⚠️ [Check] Writer 1 -> 14 slow write: 1.530559023s
2025-12-07T07:12:57.081717Z  WARN ThreadId(03) docker_node:   Connection reuse ineffective (2.0 msg/conn)
2025-12-07T07:12:57.143911Z  WARN ThreadId(08) docker_node: Node 1 Regular transaction queue backlog: 5960404 transactions
2025-12-07T07:12:59.050263Z  WARN ThreadId(03) hotstuff_runner::tx_utils: [synthetic-tx] capped equivalent count 122809 -> 100000 for tx 75
2025-12-07T07:12:59.543733Z  WARN ThreadId(24) hotstuff_runner::smrol::network: ⚠️ [Check] Writer 1 -> 22 slow write: 6.186397206s
2025-12-07T07:13:02.081562Z  WARN ThreadId(08) docker_node:   Connection reuse ineffective (2.0 msg/conn)
2025-12-07T07:13:02.144792Z  WARN ThreadId(03) docker_node: Node 1 Regular transaction queue backlog: 6158651 transactions
2025-12-07T07:13:02.295293Z  WARN ThreadId(04) hotstuff_runner::tx_utils: [synthetic-tx] capped equivalent count 147370 -> 100000 for tx 77
2025-12-07T07:13:07.080931Z  WARN ThreadId(05) docker_node:   Connection reuse ineffective (2.0 msg/conn)
2025-12-07T07:13:07.143943Z  WARN ThreadId(05) docker_node: Node 1 Regular transaction queue backlog: 6553392 transactions
2025-12-07T07:13:08.272692Z  WARN ThreadId(03) hotstuff_runner::tx_utils: [synthetic-tx] capped equivalent count 122809 -> 100000 for tx 81
2025-12-07T07:13:12.081639Z  WARN ThreadId(05) docker_node:   Connection reuse ineffective (2.0 msg/conn)
2025-12-07T07:13:12.144261Z  WARN ThreadId(08) docker_node: Node 1 Regular transaction queue backlog: 6825325 transactions
2025-12-07T07:13:12.684660Z  WARN ThreadId(04) hotstuff_runner::tx_utils: [synthetic-tx] capped equivalent count 122809 -> 100000 for tx 84
2025-12-07T07:13:13.782885Z  WARN ThreadId(05) hotstuff_runner::tx_utils: [synthetic-tx] capped equivalent count 147370 -> 100000 for tx 85
2025-12-07T07:13:16.220574Z  WARN ThreadId(06) hotstuff_runner::tx_utils: [synthetic-tx] capped equivalent count 147370 -> 100000 for tx 87
2025-12-07T07:13:17.081555Z  WARN ThreadId(08) docker_node:   Connection reuse ineffective (2.0 msg/conn)
2025-12-07T07:13:17.144784Z  WARN ThreadId(03) docker_node: Node 1 Regular transaction queue backlog: 7616560 transactions
2025-12-07T07:13:17.507578Z  WARN ThreadId(08) hotstuff_runner::tx_utils: [synthetic-tx] capped equivalent count 147370 -> 100000 for tx 92
2025-12-07T07:13:18.121668Z  WARN ThreadId(08) hotstuff_runner::tx_utils: [synthetic-tx] capped equivalent count 122809 -> 100000 for tx 93
2025-12-07T07:13:18.611949Z  WARN ThreadId(21) hotstuff_runner::tcp_node: Node 1 view 155 timed out; latency may accumulate
2025-12-07T07:13:18.732873Z  WARN ThreadId(08) hotstuff_runner::tx_utils: [synthetic-tx] capped equivalent count 122809 -> 100000 for tx 94
2025-12-07T07:13:19.930539Z  WARN ThreadId(24) hotstuff_runner::smrol::network: ⚠️ Large message: 5600169 bytes to node Some(10)
2025-12-07T07:13:19.932562Z  WARN ThreadId(24) hotstuff_runner::smrol::network: ⚠️ Large message: 5600169 bytes to node Some(29)
2025-12-07T07:13:19.934421Z  WARN ThreadId(24) hotstuff_runner::smrol::network: ⚠️ Large message: 5600169 bytes to node Some(20)
2025-12-07T07:13:19.936363Z  WARN ThreadId(24) hotstuff_runner::smrol::network: ⚠️ Large message: 5600169 bytes to node Some(26)
2025-12-07T07:13:19.938327Z  WARN ThreadId(24) hotstuff_runner::smrol::network: ⚠️ Large message: 5600169 bytes to node Some(24)
2025-12-07T07:13:19.940287Z  WARN ThreadId(24) hotstuff_runner::smrol::network: ⚠️ Large message: 5600169 bytes to node Some(11)
2025-12-07T07:13:19.941998Z  WARN ThreadId(24) hotstuff_runner::smrol::network: ⚠️ Large message: 5600169 bytes to node Some(17)
2025-12-07T07:13:19.943860Z  WARN ThreadId(24) hotstuff_runner::smrol::network: ⚠️ Large message: 5600168 bytes to node Some(7)
2025-12-07T07:13:19.945740Z  WARN ThreadId(24) hotstuff_runner::smrol::network: ⚠️ Large message: 5600169 bytes to node Some(30)
2025-12-07T07:13:19.947015Z  WARN ThreadId(25) hotstuff_runner::smrol::network: ⚠️ Large message: 5600169 bytes to node Some(15)
2025-12-07T07:13:19.947576Z  WARN ThreadId(24) hotstuff_runner::smrol::network: ⚠️ Large message: 5600168 bytes to node Some(0)
2025-12-07T07:13:19.949034Z  WARN ThreadId(25) hotstuff_runner::smrol::network: ⚠️ Large message: 5600168 bytes to node Some(2)
2025-12-07T07:13:19.949769Z  WARN ThreadId(24) hotstuff_runner::smrol::network: ⚠️ Large message: 5600169 bytes to node Some(13)
2025-12-07T07:13:19.950850Z  WARN ThreadId(25) hotstuff_runner::smrol::network: ⚠️ Large message: 5600169 bytes to node Some(25)
2025-12-07T07:13:19.951321Z  WARN ThreadId(24) hotstuff_runner::smrol::network: ⚠️ Large message: 5600168 bytes to node Some(4)
2025-12-07T07:13:19.952264Z  WARN ThreadId(25) hotstuff_runner::smrol::network: ⚠️ Large message: 5600168 bytes to node Some(5)
2025-12-07T07:13:19.953574Z  WARN ThreadId(25) hotstuff_runner::smrol::network: ⚠️ Large message: 5600169 bytes to node Some(18)
2025-12-07T07:13:19.953832Z  WARN ThreadId(24) hotstuff_runner::smrol::network: ⚠️ Large message: 5600169 bytes to node Some(19)
2025-12-07T07:13:19.954910Z  WARN ThreadId(25) hotstuff_runner::smrol::network: ⚠️ Large message: 5600168 bytes to node Some(6)
2025-12-07T07:13:19.956283Z  WARN ThreadId(25) hotstuff_runner::smrol::network: ⚠️ Large message: 5600169 bytes to node Some(12)
2025-12-07T07:13:19.956756Z  WARN ThreadId(24) hotstuff_runner::smrol::network: ⚠️ Large message: 5600169 bytes to node Some(28)
2025-12-07T07:13:19.958274Z  WARN ThreadId(24) hotstuff_runner::smrol::network: ⚠️ Large message: 5600168 bytes to node Some(8)
2025-12-07T07:13:19.959526Z  WARN ThreadId(24) hotstuff_runner::smrol::network: ⚠️ Large message: 5600169 bytes to node Some(27)
2025-12-07T07:13:19.960839Z  WARN ThreadId(24) hotstuff_runner::smrol::network: ⚠️ Large message: 5600169 bytes to node Some(16)
2025-12-07T07:13:19.960959Z  WARN ThreadId(25) hotstuff_runner::smrol::network: ⚠️ Large message: 5600169 bytes to node Some(14)
2025-12-07T07:13:19.962171Z  WARN ThreadId(24) hotstuff_runner::smrol::network: ⚠️ Large message: 5600169 bytes to node Some(31)
2025-12-07T07:13:19.963380Z  WARN ThreadId(24) hotstuff_runner::smrol::network: ⚠️ Large message: 5600169 bytes to node Some(23)
2025-12-07T07:13:19.964740Z  WARN ThreadId(24) hotstuff_runner::smrol::network: ⚠️ Large message: 5600168 bytes to node Some(9)
2025-12-07T07:13:19.966012Z  WARN ThreadId(25) hotstuff_runner::smrol::network: ⚠️ Large message: 5600169 bytes to node Some(21)
2025-12-07T07:13:19.966044Z  WARN ThreadId(24) hotstuff_runner::smrol::network: ⚠️ Large message: 5600169 bytes to node Some(22)
2025-12-07T07:13:19.967472Z  WARN ThreadId(24) hotstuff_runner::smrol::network: ⚠️ Large message: 5600168 bytes to node Some(3)
2025-12-07T07:13:19.969356Z  WARN ThreadId(24) hotstuff_runner::smrol::network: ⚠️ [Check] Writer 1 -> 4 slow write: 18.749525ms
2025-12-07T07:13:19.970148Z  WARN ThreadId(24) hotstuff_runner::smrol::network: ⚠️ [Check] Writer 1 -> 0 slow write: 23.431561ms
2025-12-07T07:13:19.989303Z  WARN ThreadId(25) hotstuff_runner::smrol::network: ⚠️ [Check] Writer 1 -> 2 slow write: 41.170424ms
2025-12-07T07:13:20.040813Z  WARN ThreadId(25) hotstuff_runner::smrol::network: ⚠️ [Check] Writer 1 -> 24 slow write: 103.328635ms
2025-12-07T07:13:20.048258Z  WARN ThreadId(25) hotstuff_runner::smrol::network: ⚠️ [Check] Writer 1 -> 3 slow write: 81.200267ms
2025-12-07T07:13:20.066066Z  WARN ThreadId(25) hotstuff_runner::smrol::network: ⚠️ [Check] Writer 1 -> 23 slow write: 103.218487ms
2025-12-07T07:13:20.278567Z  WARN ThreadId(06) hotstuff_runner::tx_utils: [synthetic-tx] capped equivalent count 122809 -> 100000 for tx 97
2025-12-07T07:13:20.301225Z  WARN ThreadId(06) hotstuff_runner::tx_utils: [synthetic-tx] capped equivalent count 122809 -> 100000 for tx 100
2025-12-07T07:13:20.409438Z  WARN ThreadId(25) hotstuff_runner::smrol::network: ⚠️ [Check] Writer 1 -> 7 slow write: 466.417433ms
2025-12-07T07:13:20.419050Z  WARN ThreadId(25) hotstuff_runner::smrol::network: ⚠️ [Check] Writer 1 -> 5 slow write: 467.384231ms
2025-12-07T07:13:20.422832Z  WARN ThreadId(25) hotstuff_runner::smrol::network: ⚠️ [Check] Writer 1 -> 8 slow write: 465.150072ms
2025-12-07T07:13:20.423597Z  WARN ThreadId(25) hotstuff_runner::smrol::network: ⚠️ [Check] Writer 1 -> 6 slow write: 469.219464ms
2025-12-07T07:13:20.433676Z  WARN ThreadId(24) hotstuff_runner::smrol::network: ⚠️ [Check] Writer 1 -> 27 slow write: 474.74054ms
2025-12-07T07:13:20.439841Z  WARN ThreadId(25) hotstuff_runner::smrol::network: ⚠️ [Check] Writer 1 -> 9 slow write: 475.753253ms
2025-12-07T07:13:20.459312Z  WARN ThreadId(25) hotstuff_runner::smrol::network: ⚠️ [Check] Writer 1 -> 29 slow write: 527.617855ms
2025-12-07T07:13:20.489858Z  WARN ThreadId(25) hotstuff_runner::smrol::network: ⚠️ [Check] Writer 1 -> 28 slow write: 534.002113ms
2025-12-07T07:13:20.569383Z  WARN ThreadId(24) hotstuff_runner::smrol::network: ⚠️ [Check] Writer 1 -> 26 slow write: 633.932204ms
2025-12-07T07:13:20.587216Z  WARN ThreadId(24) hotstuff_runner::smrol::network: ⚠️ [Check] Writer 1 -> 25 slow write: 637.07043ms
2025-12-07T07:13:20.609860Z  WARN ThreadId(24) hotstuff_runner::smrol::network: ⚠️ [Check] Writer 1 -> 30 slow write: 664.916178ms
2025-12-07T07:13:20.752161Z  WARN ThreadId(24) hotstuff_runner::smrol::network: ⚠️ [Check] Writer 1 -> 31 slow write: 790.613609ms
2025-12-07T07:13:20.995670Z  WARN ThreadId(24) hotstuff_runner::smrol::network: ⚠️ [Check] Writer 1 -> 20 slow write: 1.062116944s
2025-12-07T07:13:21.003680Z  WARN ThreadId(24) hotstuff_runner::smrol::network: ⚠️ [Check] Writer 1 -> 21 slow write: 1.041901203s
2025-12-07T07:13:21.081050Z  WARN ThreadId(06) hotstuff_runner::tx_utils: [synthetic-tx] capped equivalent count 147370 -> 100000 for tx 96
2025-12-07T07:13:21.157405Z  WARN ThreadId(25) hotstuff_runner::smrol::network: ⚠️ [Check] Writer 1 -> 22 slow write: 1.192050708s
2025-12-07T07:13:21.219663Z  WARN ThreadId(25) hotstuff_runner::smrol::network: ⚠️ [Check] Writer 1 -> 10 slow write: 1.290062102s
2025-12-07T07:13:21.232597Z  WARN ThreadId(24) hotstuff_runner::smrol::network: ⚠️ [Check] Writer 1 -> 11 slow write: 1.293215168s
2025-12-07T07:13:21.241961Z  WARN ThreadId(24) hotstuff_runner::smrol::network: ⚠️ [Check] Writer 1 -> 12 slow write: 1.286384478s
2025-12-07T07:13:21.328998Z  WARN ThreadId(24) hotstuff_runner::smrol::network: ⚠️ [Check] Writer 1 -> 17 slow write: 1.387802566s
2025-12-07T07:13:21.337069Z  WARN ThreadId(24) hotstuff_runner::smrol::network: ⚠️ [Check] Writer 1 -> 16 slow write: 1.376829739s
2025-12-07T07:13:21.340416Z  WARN ThreadId(25) hotstuff_runner::smrol::network: ⚠️ [Check] Writer 1 -> 18 slow write: 1.387407138s
2025-12-07T07:13:21.352326Z  WARN ThreadId(24) hotstuff_runner::smrol::network: ⚠️ [Check] Writer 1 -> 19 slow write: 1.400062056s
2025-12-07T07:13:21.434058Z  WARN ThreadId(25) hotstuff_runner::smrol::network: ⚠️ [Check] Writer 1 -> 15 slow write: 1.487689054s
2025-12-07T07:13:21.438711Z  WARN ThreadId(25) hotstuff_runner::smrol::network: ⚠️ [Check] Writer 1 -> 13 slow write: 1.489844309s
2025-12-07T07:13:21.490478Z  WARN ThreadId(24) hotstuff_runner::smrol::network: ⚠️ [Check] Writer 1 -> 14 slow write: 1.533389915s
2025-12-07T07:13:21.714302Z  WARN ThreadId(06) hotstuff_runner::tx_utils: [synthetic-tx] capped equivalent count 122809 -> 100000 for tx 103
2025-12-07T07:13:22.081701Z  WARN ThreadId(05) docker_node:   Connection reuse ineffective (2.0 msg/conn)
2025-12-07T07:13:22.144034Z  WARN ThreadId(04) docker_node: Node 1 Regular transaction queue backlog: 8783234 transactions
2025-12-07T07:13:22.412697Z  WARN ThreadId(05) hotstuff_runner::tx_utils: [synthetic-tx] capped equivalent count 147370 -> 100000 for tx 104
2025-12-07T07:13:22.925445Z  WARN ThreadId(04) hotstuff_runner::tx_utils: [synthetic-tx] capped equivalent count 122809 -> 100000 for tx 105
2025-12-07T07:13:23.612816Z  WARN ThreadId(21) hotstuff_runner::tcp_node: Node 1 view 156 timed out; latency may accumulate
2025-12-07T07:13:27.081526Z  WARN ThreadId(09) docker_node:   Connection reuse ineffective (2.0 msg/conn)
2025-12-07T07:13:27.144264Z  WARN ThreadId(05) docker_node: Node 1 Regular transaction queue backlog: 9179728 transactions
2025-12-07T07:13:28.613639Z  WARN ThreadId(21) hotstuff_runner::tcp_node: Node 1 view 157 timed out; latency may accumulate
2025-12-07T07:13:32.081054Z  WARN ThreadId(05) docker_node:   Connection reuse ineffective (2.0 msg/conn)
2025-12-07T07:13:32.144514Z  WARN ThreadId(04) docker_node: Node 1 Regular transaction queue backlog: 9179728 transactions
2025-12-07T07:13:37.081550Z  WARN ThreadId(05) docker_node:   Connection reuse ineffective (2.0 msg/conn)
2025-12-07T07:13:37.144751Z  WARN ThreadId(05) docker_node: Node 1 Regular transaction queue backlog: 9179728 transactions
2025-12-07T07:13:42.081075Z  WARN ThreadId(05) docker_node:   Connection reuse ineffective (2.0 msg/conn)
2025-12-07T07:13:42.144263Z  WARN ThreadId(05) docker_node: Node 1 Regular transaction queue backlog: 9179728 transactions
2025-12-07T07:13:47.081026Z  WARN ThreadId(05) docker_node:   Connection reuse ineffective (2.0 msg/conn)
2025-12-07T07:13:47.144216Z  WARN ThreadId(05) docker_node: Node 1 Regular transaction queue backlog: 9179728 transactions
2025-12-07T07:13:52.080919Z  WARN ThreadId(04) docker_node:   Connection reuse ineffective (2.0 msg/conn)
2025-12-07T07:13:52.144132Z  WARN ThreadId(04) docker_node: Node 1 Regular transaction queue backlog: 9179728 transactions
2025-12-07T07:13:53.869656Z  WARN ThreadId(21) hotstuff_runner::tcp_node: Node 1 view 162 timed out; latency may accumulate
2025-12-07T07:13:57.081553Z  WARN ThreadId(04) docker_node:   Connection reuse ineffective (2.0 msg/conn)
2025-12-07T07:13:57.144773Z  WARN ThreadId(03) docker_node: Node 1 Regular transaction queue backlog: 9179728 transactions
2025-12-07T07:14:02.080887Z  WARN ThreadId(03) docker_node:   Connection reuse ineffective (2.0 msg/conn)
2025-12-07T07:14:02.144128Z  WARN ThreadId(03) docker_node: Node 1 Regular transaction queue backlog: 9179728 transactions
2025-12-07T07:14:07.081682Z  WARN ThreadId(03) docker_node:   Connection reuse ineffective (2.0 msg/conn)
2025-12-07T07:14:07.143881Z  WARN ThreadId(03) docker_node: Node 1 Regular transaction queue backlog: 9179728 transactions
2025-12-07T07:14:11.005743Z  WARN ThreadId(20) hotstuff_rs::block_tree::invariants: SAFE_PC_FAIL: pc.block=[161, 209, 191, 75, 8, 133, 20, 37, 49, 238, 138, 109, 114, 231, 107, 244, 233, 231, 196, 8, 137, 85, 217, 22, 161, 204, 79, 0, 208, 131, 125, 216] view=138 phase=Generic | cond1(chain_id/genesis)=true (pc.chain_id=0, my.chain_id=0) | cond2(block_exists/genesis)=true (exists=true) | cond3(view>locked || extends)=false (pc.view=138, locked.view=153, extends=false) | cond4(phase/updates)=true (phase_special=false, has_updates=false) | highest_pc.block=[50, 184, 242, 80, 213, 148, 65, 147, 137, 252, 95, 238, 84, 240, 148, 30, 73, 35, 63, 112, 56, 191, 163, 62, 228, 108, 25, 96, 215, 117, 108, 250] highest_pc.view=154 locked.block=[80, 27, 131, 121, 22, 213, 206, 194, 113, 12, 253, 239, 79, 41, 213, 148, 63, 95, 191, 72, 98, 203, 250, 167, 150, 138, 58, 1, 159, 89, 152, 21] locked.view=153    
2025-12-07T07:14:11.005778Z  WARN ThreadId(20) hotstuff_rs::block_tree::invariants: SAFE_BLOCK_FAIL: block=[44, 9, 243, 71, 102, 246, 219, 198, 49, 137, 121, 55, 65, 106, 0, 174, 179, 252, 174, 88, 186, 191, 233, 231, 131, 245, 26, 145, 175, 165, 105, 36] height=None | cond1(safe_pc)=false | cond2(is_block_justify)=true (justify.phase=Generic) | justify.block=[161, 209, 191, 75, 8, 133, 20, 37, 49, 238, 138, 109, 114, 231, 107, 244, 233, 231, 196, 8, 137, 85, 217, 22, 161, 204, 79, 0, 208, 131, 125, 216] justify.view=138 | highest_pc.block=[50, 184, 242, 80, 213, 148, 65, 147, 137, 252, 95, 238, 84, 240, 148, 30, 73, 35, 63, 112, 56, 191, 163, 62, 228, 108, 25, 96, 215, 117, 108, 250] highest_pc.view=154 | locked.block=[80, 27, 131, 121, 22, 213, 206, 194, 113, 12, 253, 239, 79, 41, 213, 148, 63, 95, 191, 72, 98, 203, 250, 167, 150, 138, 58, 1, 159, 89, 152, 21] locked.view=153    
2025-12-07T07:14:12.081224Z  WARN ThreadId(03) docker_node:   Connection reuse ineffective (2.0 msg/conn)
2025-12-07T07:14:12.144425Z  WARN ThreadId(03) docker_node: Node 1 Regular transaction queue backlog: 9179728 transactions
2025-12-07T07:14:13.872794Z  WARN ThreadId(21) hotstuff_runner::tcp_node: Node 1 view 166 timed out; latency may accumulate
