2025-12-07T06:35:20.250087Z  WARN ThreadId(01) docker_node: metrics exporter disabled by SMROL_DISABLE_METRICS
2025-12-07T06:35:40.466323Z  WARN ThreadId(01) hotstuff_runner::tcp_node: Node 1 view timeout set to 5000 ms
2025-12-07T06:35:40.475986Z ERROR ThreadId(23) hotstuff_runner::pompe_network: Node 1 failed to connect to node 3: Connection refused (os error 111)
2025-12-07T06:35:40.493423Z  WARN ThreadId(01) hotstuff_runner::smrol::sequencing: SMROL_MEDIAN_INFLIGHT=24, SMROL_ORDER_FINALIZE_INFLIGHT=4, SMROL_FINAL_SIGN_INFLIGHT=4, SMROL_FINAL_VERIFY_INFLIGHT=24
2025-12-07T06:35:40.493487Z  WARN ThreadId(01) hotstuff_runner::smrol::sequencing: [Sequencing] Node 1 multi-signature verification disabled: false
2025-12-07T06:35:40.495427Z  WARN ThreadId(08) hotstuff_runner::smrol::sequencing: [Sequencing] Node 1 final verify dispatcher started
2025-12-07T06:35:40.495451Z  WARN ThreadId(04) docker_node:   Connection reuse ineffective (2.0 msg/conn)
2025-12-07T06:35:45.495510Z  WARN ThreadId(09) docker_node:   Connection reuse ineffective (2.0 msg/conn)
2025-12-07T06:35:45.499140Z  WARN ThreadId(01) docker_node: Node 0 port 20000 temporarily unreachable: failed to lookup address information: Temporary failure in name resolution
2025-12-07T06:35:45.500733Z  WARN ThreadId(01) docker_node: Node 1 port 20001 temporarily unreachable: failed to lookup address information: Temporary failure in name resolution
2025-12-07T06:35:45.502391Z  WARN ThreadId(01) docker_node: Node 2 port 20002 temporarily unreachable: failed to lookup address information: Temporary failure in name resolution
2025-12-07T06:35:45.504200Z  WARN ThreadId(01) docker_node: Node 3 port 20003 temporarily unreachable: failed to lookup address information: Temporary failure in name resolution
2025-12-07T06:35:45.506111Z  WARN ThreadId(01) docker_node: Node 4 port 20004 temporarily unreachable: failed to lookup address information: Temporary failure in name resolution
2025-12-07T06:35:45.508020Z  WARN ThreadId(01) docker_node: Node 5 port 20005 temporarily unreachable: failed to lookup address information: Temporary failure in name resolution
2025-12-07T06:35:45.510016Z  WARN ThreadId(01) docker_node: Node 6 port 20006 temporarily unreachable: failed to lookup address information: Temporary failure in name resolution
2025-12-07T06:35:45.511789Z  WARN ThreadId(01) docker_node: Node 7 port 20007 temporarily unreachable: failed to lookup address information: Temporary failure in name resolution
2025-12-07T06:35:45.513270Z  WARN ThreadId(01) docker_node: Node 8 port 20008 temporarily unreachable: failed to lookup address information: Temporary failure in name resolution
2025-12-07T06:35:45.515066Z  WARN ThreadId(01) docker_node: Node 9 port 20009 temporarily unreachable: failed to lookup address information: Temporary failure in name resolution
2025-12-07T06:35:45.516810Z  WARN ThreadId(01) docker_node: Node 10 port 20010 temporarily unreachable: failed to lookup address information: Temporary failure in name resolution
2025-12-07T06:35:45.518822Z  WARN ThreadId(01) docker_node: Node 11 port 20011 temporarily unreachable: failed to lookup address information: Temporary failure in name resolution
2025-12-07T06:35:45.520510Z  WARN ThreadId(01) docker_node: Node 12 port 20012 temporarily unreachable: failed to lookup address information: Temporary failure in name resolution
2025-12-07T06:35:45.527543Z  WARN ThreadId(01) docker_node: Node 13 port 20013 temporarily unreachable: failed to lookup address information: Temporary failure in name resolution
2025-12-07T06:35:45.532019Z  WARN ThreadId(01) docker_node: Node 14 port 20014 temporarily unreachable: failed to lookup address information: Temporary failure in name resolution
2025-12-07T06:35:45.533900Z  WARN ThreadId(01) docker_node: Node 15 port 20015 temporarily unreachable: failed to lookup address information: Temporary failure in name resolution
2025-12-07T06:35:45.535697Z  WARN ThreadId(01) docker_node: Node 16 port 20016 temporarily unreachable: failed to lookup address information: Temporary failure in name resolution
2025-12-07T06:35:45.537378Z  WARN ThreadId(01) docker_node: Node 17 port 20017 temporarily unreachable: failed to lookup address information: Temporary failure in name resolution
2025-12-07T06:35:45.538980Z  WARN ThreadId(01) docker_node: Node 18 port 20018 temporarily unreachable: failed to lookup address information: Temporary failure in name resolution
2025-12-07T06:35:45.540686Z  WARN ThreadId(01) docker_node: Node 19 port 20019 temporarily unreachable: failed to lookup address information: Temporary failure in name resolution
2025-12-07T06:35:45.542381Z  WARN ThreadId(01) docker_node: Node 20 port 20020 temporarily unreachable: failed to lookup address information: Temporary failure in name resolution
2025-12-07T06:35:45.544200Z  WARN ThreadId(01) docker_node: Node 21 port 20021 temporarily unreachable: failed to lookup address information: Temporary failure in name resolution
2025-12-07T06:35:45.545776Z  WARN ThreadId(01) docker_node: Node 22 port 20022 temporarily unreachable: failed to lookup address information: Temporary failure in name resolution
2025-12-07T06:35:45.547546Z  WARN ThreadId(01) docker_node: Node 23 port 20023 temporarily unreachable: failed to lookup address information: Temporary failure in name resolution
2025-12-07T06:35:45.549214Z  WARN ThreadId(01) docker_node: Node 24 port 20024 temporarily unreachable: failed to lookup address information: Temporary failure in name resolution
2025-12-07T06:35:45.550876Z  WARN ThreadId(01) docker_node: Node 25 port 20025 temporarily unreachable: failed to lookup address information: Temporary failure in name resolution
2025-12-07T06:35:45.552635Z  WARN ThreadId(01) docker_node: Node 26 port 20026 temporarily unreachable: failed to lookup address information: Temporary failure in name resolution
2025-12-07T06:35:45.554230Z  WARN ThreadId(01) docker_node: Node 27 port 20027 temporarily unreachable: failed to lookup address information: Temporary failure in name resolution
2025-12-07T06:35:45.556122Z  WARN ThreadId(01) docker_node: Node 28 port 20028 temporarily unreachable: failed to lookup address information: Temporary failure in name resolution
2025-12-07T06:35:45.557863Z  WARN ThreadId(01) docker_node: Node 29 port 20029 temporarily unreachable: failed to lookup address information: Temporary failure in name resolution
2025-12-07T06:35:45.559618Z  WARN ThreadId(01) docker_node: Node 30 port 20030 temporarily unreachable: failed to lookup address information: Temporary failure in name resolution
2025-12-07T06:35:45.561433Z  WARN ThreadId(01) docker_node: Node 31 port 20031 temporarily unreachable: failed to lookup address information: Temporary failure in name resolution
2025-12-07T06:35:45.564516Z  WARN ThreadId(01) docker_node: Node 32 port 20032 temporarily unreachable: failed to lookup address information: Temporary failure in name resolution
2025-12-07T06:35:45.566265Z  WARN ThreadId(01) docker_node: Node 33 port 20033 temporarily unreachable: failed to lookup address information: Temporary failure in name resolution
2025-12-07T06:35:45.568200Z  WARN ThreadId(01) docker_node: Node 34 port 20034 temporarily unreachable: failed to lookup address information: Temporary failure in name resolution
2025-12-07T06:35:45.570192Z  WARN ThreadId(01) docker_node: Node 35 port 20035 temporarily unreachable: failed to lookup address information: Temporary failure in name resolution
2025-12-07T06:35:45.571784Z  WARN ThreadId(01) docker_node: Node 36 port 20036 temporarily unreachable: failed to lookup address information: Temporary failure in name resolution
2025-12-07T06:35:45.573520Z  WARN ThreadId(01) docker_node: Node 37 port 20037 temporarily unreachable: failed to lookup address information: Temporary failure in name resolution
2025-12-07T06:35:45.575280Z  WARN ThreadId(01) docker_node: Node 38 port 20038 temporarily unreachable: failed to lookup address information: Temporary failure in name resolution
2025-12-07T06:35:45.576975Z  WARN ThreadId(01) docker_node: Node 39 port 20039 temporarily unreachable: failed to lookup address information: Temporary failure in name resolution
2025-12-07T06:35:45.578771Z  WARN ThreadId(01) docker_node: Node 40 port 20040 temporarily unreachable: failed to lookup address information: Temporary failure in name resolution
2025-12-07T06:35:45.580408Z  WARN ThreadId(01) docker_node: Node 41 port 20041 temporarily unreachable: failed to lookup address information: Temporary failure in name resolution
2025-12-07T06:35:45.581976Z  WARN ThreadId(01) docker_node: Node 42 port 20042 temporarily unreachable: failed to lookup address information: Temporary failure in name resolution
2025-12-07T06:35:45.583796Z  WARN ThreadId(01) docker_node: Node 43 port 20043 temporarily unreachable: failed to lookup address information: Temporary failure in name resolution
2025-12-07T06:35:45.585571Z  WARN ThreadId(01) docker_node: Node 44 port 20044 temporarily unreachable: failed to lookup address information: Temporary failure in name resolution
2025-12-07T06:35:45.587415Z  WARN ThreadId(01) docker_node: Node 45 port 20045 temporarily unreachable: failed to lookup address information: Temporary failure in name resolution
2025-12-07T06:35:45.592354Z  WARN ThreadId(01) docker_node: Node 46 port 20046 temporarily unreachable: failed to lookup address information: Temporary failure in name resolution
2025-12-07T06:35:45.594214Z  WARN ThreadId(01) docker_node: Node 47 port 20047 temporarily unreachable: failed to lookup address information: Temporary failure in name resolution
2025-12-07T06:35:45.597145Z  WARN ThreadId(01) docker_node: Node 48 port 20048 temporarily unreachable: failed to lookup address information: Temporary failure in name resolution
2025-12-07T06:35:45.598772Z  WARN ThreadId(01) docker_node: Node 49 port 20049 temporarily unreachable: failed to lookup address information: Temporary failure in name resolution
2025-12-07T06:35:45.601046Z  WARN ThreadId(01) docker_node: Node 50 port 20050 temporarily unreachable: failed to lookup address information: Temporary failure in name resolution
2025-12-07T06:35:45.603054Z  WARN ThreadId(01) docker_node: Node 51 port 20051 temporarily unreachable: failed to lookup address information: Temporary failure in name resolution
2025-12-07T06:35:45.605019Z  WARN ThreadId(01) docker_node: Node 52 port 20052 temporarily unreachable: failed to lookup address information: Temporary failure in name resolution
2025-12-07T06:35:45.607044Z  WARN ThreadId(01) docker_node: Node 53 port 20053 temporarily unreachable: failed to lookup address information: Temporary failure in name resolution
2025-12-07T06:35:45.608722Z  WARN ThreadId(01) docker_node: Node 54 port 20054 temporarily unreachable: failed to lookup address information: Temporary failure in name resolution
2025-12-07T06:35:45.610344Z  WARN ThreadId(01) docker_node: Node 55 port 20055 temporarily unreachable: failed to lookup address information: Temporary failure in name resolution
2025-12-07T06:35:45.612081Z  WARN ThreadId(01) docker_node: Node 56 port 20056 temporarily unreachable: failed to lookup address information: Temporary failure in name resolution
2025-12-07T06:35:45.613626Z  WARN ThreadId(01) docker_node: Node 57 port 20057 temporarily unreachable: failed to lookup address information: Temporary failure in name resolution
2025-12-07T06:35:45.615268Z  WARN ThreadId(01) docker_node: Node 58 port 20058 temporarily unreachable: failed to lookup address information: Temporary failure in name resolution
2025-12-07T06:35:45.617125Z  WARN ThreadId(01) docker_node: Node 59 port 20059 temporarily unreachable: failed to lookup address information: Temporary failure in name resolution
2025-12-07T06:35:45.619247Z  WARN ThreadId(01) docker_node: Node 60 port 20060 temporarily unreachable: failed to lookup address information: Temporary failure in name resolution
2025-12-07T06:35:45.620882Z  WARN ThreadId(01) docker_node: Node 61 port 20061 temporarily unreachable: failed to lookup address information: Temporary failure in name resolution
2025-12-07T06:35:45.622941Z  WARN ThreadId(01) docker_node: Node 62 port 20062 temporarily unreachable: failed to lookup address information: Temporary failure in name resolution
2025-12-07T06:35:45.628451Z  WARN ThreadId(01) docker_node: Node 63 port 20063 temporarily unreachable: failed to lookup address information: Temporary failure in name resolution
2025-12-07T06:35:50.495235Z  WARN ThreadId(09) docker_node:   Connection reuse ineffective (2.0 msg/conn)
2025-12-07T06:35:55.495467Z  WARN ThreadId(09) docker_node:   Connection reuse ineffective (2.0 msg/conn)
2025-12-07T06:35:59.231906Z  WARN ThreadId(20) hotstuff_runner::app: Node 1 [produce_block] queue size: 0, attempting up to 0 transactions this block    
2025-12-07T06:36:00.495021Z  WARN ThreadId(09) docker_node:   Connection reuse ineffective (2.0 msg/conn)
2025-12-07T06:36:05.495132Z  WARN ThreadId(09) docker_node:   Connection reuse ineffective (2.0 msg/conn)
2025-12-07T06:36:10.495390Z  WARN ThreadId(09) docker_node:   Connection reuse ineffective (2.0 msg/conn)
2025-12-07T06:36:12.988881Z  WARN ThreadId(25) hotstuff_runner::smrol::network: ⚠️ Large message: 1200169 bytes to node Some(10)
2025-12-07T06:36:12.989738Z  WARN ThreadId(25) hotstuff_runner::smrol::network: ⚠️ Large message: 1200168 bytes to node Some(6)
2025-12-07T06:36:12.990521Z  WARN ThreadId(25) hotstuff_runner::smrol::network: ⚠️ Large message: 1200169 bytes to node Some(22)
2025-12-07T06:36:12.991544Z  WARN ThreadId(25) hotstuff_runner::smrol::network: ⚠️ Large message: 1200168 bytes to node Some(8)
2025-12-07T06:36:12.992337Z  WARN ThreadId(25) hotstuff_runner::smrol::network: ⚠️ Large message: 1200169 bytes to node Some(30)
2025-12-07T06:36:12.993228Z  WARN ThreadId(25) hotstuff_runner::smrol::network: ⚠️ Large message: 1200169 bytes to node Some(34)
2025-12-07T06:36:12.994459Z  WARN ThreadId(25) hotstuff_runner::smrol::network: ⚠️ Large message: 1200169 bytes to node Some(29)
2025-12-07T06:36:12.996082Z  WARN ThreadId(25) hotstuff_runner::smrol::network: ⚠️ Large message: 1200168 bytes to node Some(9)
2025-12-07T06:36:12.997460Z  WARN ThreadId(25) hotstuff_runner::smrol::network: ⚠️ Large message: 1200169 bytes to node Some(54)
2025-12-07T06:36:12.999073Z  WARN ThreadId(25) hotstuff_runner::smrol::network: ⚠️ Large message: 1200169 bytes to node Some(35)
2025-12-07T06:36:12.999926Z  WARN ThreadId(25) hotstuff_runner::smrol::network: ⚠️ Large message: 1200168 bytes to node Some(4)
2025-12-07T06:36:13.000933Z  WARN ThreadId(25) hotstuff_runner::smrol::network: ⚠️ Large message: 1200169 bytes to node Some(21)
2025-12-07T06:36:13.001823Z  WARN ThreadId(25) hotstuff_runner::smrol::network: ⚠️ Large message: 1200168 bytes to node Some(2)
2025-12-07T06:36:13.002631Z  WARN ThreadId(25) hotstuff_runner::smrol::network: ⚠️ Large message: 1200169 bytes to node Some(23)
2025-12-07T06:36:13.003454Z  WARN ThreadId(25) hotstuff_runner::smrol::network: ⚠️ Large message: 1200169 bytes to node Some(11)
2025-12-07T06:36:13.004291Z  WARN ThreadId(25) hotstuff_runner::smrol::network: ⚠️ Large message: 1200169 bytes to node Some(32)
2025-12-07T06:36:13.005429Z  WARN ThreadId(25) hotstuff_runner::smrol::network: ⚠️ Large message: 1200169 bytes to node Some(33)
2025-12-07T06:36:13.006396Z  WARN ThreadId(25) hotstuff_runner::smrol::network: ⚠️ Large message: 1200169 bytes to node Some(48)
2025-12-07T06:36:13.007146Z  WARN ThreadId(25) hotstuff_runner::smrol::network: ⚠️ Large message: 1200169 bytes to node Some(13)
2025-12-07T06:36:13.007858Z  WARN ThreadId(25) hotstuff_runner::smrol::network: ⚠️ Large message: 1200169 bytes to node Some(28)
2025-12-07T06:36:13.008647Z  WARN ThreadId(25) hotstuff_runner::smrol::network: ⚠️ Large message: 1200169 bytes to node Some(14)
2025-12-07T06:36:13.009430Z  WARN ThreadId(25) hotstuff_runner::smrol::network: ⚠️ Large message: 1200169 bytes to node Some(59)
2025-12-07T06:36:13.010203Z  WARN ThreadId(25) hotstuff_runner::smrol::network: ⚠️ Large message: 1200169 bytes to node Some(24)
2025-12-07T06:36:13.010991Z  WARN ThreadId(25) hotstuff_runner::smrol::network: ⚠️ Large message: 1200169 bytes to node Some(36)
2025-12-07T06:36:13.011705Z  WARN ThreadId(25) hotstuff_runner::smrol::network: ⚠️ Large message: 1200168 bytes to node Some(5)
2025-12-07T06:36:13.012451Z  WARN ThreadId(25) hotstuff_runner::smrol::network: ⚠️ Large message: 1200169 bytes to node Some(37)
2025-12-07T06:36:13.013292Z  WARN ThreadId(25) hotstuff_runner::smrol::network: ⚠️ Large message: 1200169 bytes to node Some(25)
2025-12-07T06:36:13.014022Z  WARN ThreadId(25) hotstuff_runner::smrol::network: ⚠️ Large message: 1200169 bytes to node Some(39)
2025-12-07T06:36:13.014734Z  WARN ThreadId(25) hotstuff_runner::smrol::network: ⚠️ Large message: 1200169 bytes to node Some(12)
2025-12-07T06:36:13.015499Z  WARN ThreadId(25) hotstuff_runner::smrol::network: ⚠️ Large message: 1200169 bytes to node Some(55)
2025-12-07T06:36:13.016236Z  WARN ThreadId(25) hotstuff_runner::smrol::network: ⚠️ Large message: 1200168 bytes to node Some(3)
2025-12-07T06:36:13.016972Z  WARN ThreadId(25) hotstuff_runner::smrol::network: ⚠️ Large message: 1200169 bytes to node Some(17)
2025-12-07T06:36:13.017725Z  WARN ThreadId(25) hotstuff_runner::smrol::network: ⚠️ Large message: 1200169 bytes to node Some(63)
2025-12-07T06:36:13.018506Z  WARN ThreadId(25) hotstuff_runner::smrol::network: ⚠️ Large message: 1200169 bytes to node Some(57)
2025-12-07T06:36:13.019279Z  WARN ThreadId(25) hotstuff_runner::smrol::network: ⚠️ Large message: 1200169 bytes to node Some(19)
2025-12-07T06:36:13.020041Z  WARN ThreadId(25) hotstuff_runner::smrol::network: ⚠️ Large message: 1200169 bytes to node Some(46)
2025-12-07T06:36:13.020777Z  WARN ThreadId(25) hotstuff_runner::smrol::network: ⚠️ Large message: 1200169 bytes to node Some(18)
2025-12-07T06:36:13.021503Z  WARN ThreadId(25) hotstuff_runner::smrol::network: ⚠️ Large message: 1200169 bytes to node Some(42)
2025-12-07T06:36:13.022270Z  WARN ThreadId(25) hotstuff_runner::smrol::network: ⚠️ Large message: 1200169 bytes to node Some(16)
2025-12-07T06:36:13.023056Z  WARN ThreadId(25) hotstuff_runner::smrol::network: ⚠️ Large message: 1200169 bytes to node Some(38)
2025-12-07T06:36:13.023815Z  WARN ThreadId(25) hotstuff_runner::smrol::network: ⚠️ Large message: 1200168 bytes to node Some(7)
2025-12-07T06:36:13.024559Z  WARN ThreadId(25) hotstuff_runner::smrol::network: ⚠️ Large message: 1200169 bytes to node Some(47)
2025-12-07T06:36:13.025420Z  WARN ThreadId(25) hotstuff_runner::smrol::network: ⚠️ Large message: 1200169 bytes to node Some(51)
2025-12-07T06:36:13.026197Z  WARN ThreadId(25) hotstuff_runner::smrol::network: ⚠️ Large message: 1200169 bytes to node Some(44)
2025-12-07T06:36:13.027662Z  WARN ThreadId(25) hotstuff_runner::smrol::network: ⚠️ Large message: 1200169 bytes to node Some(31)
2025-12-07T06:36:13.028434Z  WARN ThreadId(25) hotstuff_runner::smrol::network: ⚠️ Large message: 1200169 bytes to node Some(40)
2025-12-07T06:36:13.029180Z  WARN ThreadId(25) hotstuff_runner::smrol::network: ⚠️ Large message: 1200169 bytes to node Some(49)
2025-12-07T06:36:13.029892Z  WARN ThreadId(25) hotstuff_runner::smrol::network: ⚠️ Large message: 1200169 bytes to node Some(50)
2025-12-07T06:36:13.030635Z  WARN ThreadId(25) hotstuff_runner::smrol::network: ⚠️ Large message: 1200169 bytes to node Some(15)
2025-12-07T06:36:13.031404Z  WARN ThreadId(25) hotstuff_runner::smrol::network: ⚠️ Large message: 1200169 bytes to node Some(58)
2025-12-07T06:36:13.031665Z  WARN ThreadId(24) hotstuff_runner::smrol::network: ⚠️ Large message: 1200169 bytes to node Some(62)
2025-12-07T06:36:13.032123Z  WARN ThreadId(25) hotstuff_runner::smrol::network: ⚠️ Large message: 1200169 bytes to node Some(26)
2025-12-07T06:36:13.032589Z  WARN ThreadId(24) hotstuff_runner::smrol::network: ⚠️ Large message: 1200169 bytes to node Some(20)
2025-12-07T06:36:13.032859Z  WARN ThreadId(25) hotstuff_runner::smrol::network: ⚠️ Large message: 1200169 bytes to node Some(60)
2025-12-07T06:36:13.033379Z  WARN ThreadId(24) hotstuff_runner::smrol::network: ⚠️ Large message: 1200169 bytes to node Some(27)
2025-12-07T06:36:13.033608Z  WARN ThreadId(25) hotstuff_runner::smrol::network: ⚠️ Large message: 1200169 bytes to node Some(56)
2025-12-07T06:36:13.034168Z  WARN ThreadId(24) hotstuff_runner::smrol::network: ⚠️ Large message: 1200168 bytes to node Some(0)
2025-12-07T06:36:13.034345Z  WARN ThreadId(25) hotstuff_runner::smrol::network: ⚠️ Large message: 1200169 bytes to node Some(43)
2025-12-07T06:36:13.034932Z  WARN ThreadId(24) hotstuff_runner::smrol::network: ⚠️ Large message: 1200169 bytes to node Some(61)
2025-12-07T06:36:13.035219Z  WARN ThreadId(25) hotstuff_runner::smrol::network: ⚠️ [Check] Writer 1 -> 3 slow write: 19.647913ms
2025-12-07T06:36:13.035248Z  WARN ThreadId(24) hotstuff_runner::smrol::network: ⚠️ [Check] Writer 1 -> 2 slow write: 34.216833ms
2025-12-07T06:36:13.040872Z  WARN ThreadId(25) hotstuff_runner::smrol::network: ⚠️ [Check] Writer 1 -> 5 slow write: 29.806222ms
2025-12-07T06:36:13.045785Z  WARN ThreadId(25) hotstuff_runner::smrol::network: ⚠️ [Check] Writer 1 -> 4 slow write: 46.619296ms
2025-12-07T06:36:13.067077Z  WARN ThreadId(24) hotstuff_runner::smrol::network: ⚠️ Large message: 1200169 bytes to node Some(53)
2025-12-07T06:36:13.067473Z  WARN ThreadId(24) hotstuff_runner::smrol::network: ⚠️ [Check] Writer 1 -> 37 slow write: 55.689986ms
2025-12-07T06:36:13.070001Z  WARN ThreadId(24) hotstuff_runner::smrol::network: ⚠️ Large message: 1200169 bytes to node Some(52)
2025-12-07T06:36:13.070140Z  WARN ThreadId(24) hotstuff_runner::smrol::network: ⚠️ [Check] Writer 1 -> 39 slow write: 56.771646ms
2025-12-07T06:36:13.079738Z  WARN ThreadId(24) hotstuff_runner::smrol::network: ⚠️ [Check] Writer 1 -> 38 slow write: 57.324172ms
2025-12-07T06:36:13.080397Z  WARN ThreadId(24) hotstuff_runner::smrol::network: ⚠️ [Check] Writer 1 -> 36 slow write: 70.068702ms
2025-12-07T06:36:13.084429Z  WARN ThreadId(24) hotstuff_runner::smrol::network: ⚠️ Large message: 1200169 bytes to node Some(45)
2025-12-07T06:36:13.084631Z  WARN ThreadId(24) hotstuff_runner::smrol::network: ⚠️ [Check] Writer 1 -> 40 slow write: 56.872029ms
2025-12-07T06:36:13.088434Z  WARN ThreadId(24) hotstuff_runner::smrol::network: ⚠️ Large message: 1200169 bytes to node Some(41)
2025-12-07T06:36:13.257542Z  WARN ThreadId(24) hotstuff_runner::smrol::network: ⚠️ [Check] Writer 1 -> 10 slow write: 269.348ms
2025-12-07T06:36:13.257853Z  WARN ThreadId(24) hotstuff_runner::smrol::network: ⚠️ [Check] Writer 1 -> 6 slow write: 268.789695ms
2025-12-07T06:36:13.259169Z  WARN ThreadId(24) hotstuff_runner::smrol::network: ⚠️ [Check] Writer 1 -> 8 slow write: 268.298901ms
2025-12-07T06:36:13.277416Z  WARN ThreadId(24) hotstuff_runner::smrol::network: ⚠️ [Check] Writer 1 -> 48 slow write: 271.88563ms
2025-12-07T06:36:13.281224Z  WARN ThreadId(24) hotstuff_runner::smrol::network: ⚠️ [Check] Writer 1 -> 12 slow write: 267.117959ms
2025-12-07T06:36:13.294477Z  WARN ThreadId(24) hotstuff_runner::smrol::network: ⚠️ [Check] Writer 1 -> 7 slow write: 271.346955ms
2025-12-07T06:36:13.296522Z  WARN ThreadId(25) hotstuff_runner::smrol::network: ⚠️ [Check] Writer 1 -> 15 slow write: 266.569173ms
2025-12-07T06:36:13.301402Z  WARN ThreadId(25) hotstuff_runner::smrol::network: ⚠️ [Check] Writer 1 -> 49 slow write: 272.888747ms
2025-12-07T06:36:13.320514Z  WARN ThreadId(25) hotstuff_runner::smrol::network: ⚠️ [Check] Writer 1 -> 55 slow write: 305.665762ms
2025-12-07T06:36:13.323586Z  WARN ThreadId(25) hotstuff_runner::smrol::network: ⚠️ [Check] Writer 1 -> 57 slow write: 305.793485ms
2025-12-07T06:36:13.330680Z  WARN ThreadId(25) hotstuff_runner::smrol::network: ⚠️ [Check] Writer 1 -> 11 slow write: 327.960557ms
2025-12-07T06:36:13.336260Z  WARN ThreadId(25) hotstuff_runner::smrol::network: ⚠️ [Check] Writer 1 -> 9 slow write: 341.015647ms
2025-12-07T06:36:13.341364Z  WARN ThreadId(25) hotstuff_runner::smrol::network: ⚠️ [Check] Writer 1 -> 13 slow write: 334.886857ms
2025-12-07T06:36:13.342103Z  WARN ThreadId(25) hotstuff_runner::smrol::network: ⚠️ [Check] Writer 1 -> 14 slow write: 334.174998ms
2025-12-07T06:36:13.359650Z  WARN ThreadId(25) hotstuff_runner::smrol::network: ⚠️ [Check] Writer 1 -> 46 slow write: 340.279897ms
2025-12-07T06:36:13.361383Z  WARN ThreadId(25) hotstuff_runner::smrol::network: ⚠️ [Check] Writer 1 -> 47 slow write: 337.463219ms
2025-12-07T06:36:13.363444Z  WARN ThreadId(25) hotstuff_runner::smrol::network: ⚠️ [Check] Writer 1 -> 51 slow write: 338.808646ms
2025-12-07T06:36:13.369116Z  WARN ThreadId(25) hotstuff_runner::smrol::network: ⚠️ [Check] Writer 1 -> 50 slow write: 339.874136ms
2025-12-07T06:36:13.380427Z  WARN ThreadId(25) hotstuff_runner::smrol::network: ⚠️ [Check] Writer 1 -> 54 slow write: 384.186688ms
2025-12-07T06:36:13.417378Z  WARN ThreadId(25) hotstuff_runner::smrol::network: ⚠️ [Check] Writer 1 -> 56 slow write: 384.445865ms
2025-12-07T06:36:13.446064Z  WARN ThreadId(25) hotstuff_runner::smrol::network: ⚠️ [Check] Writer 1 -> 52 slow write: 376.203798ms
2025-12-07T06:36:13.447831Z  WARN ThreadId(25) hotstuff_runner::smrol::network: ⚠️ [Check] Writer 1 -> 53 slow write: 380.942678ms
2025-12-07T06:36:13.459817Z  WARN ThreadId(24) hotstuff_runner::smrol::network: ⚠️ [Check] Writer 1 -> 59 slow write: 451.035262ms
2025-12-07T06:36:13.474436Z  WARN ThreadId(25) hotstuff_runner::smrol::network: ⚠️ [Check] Writer 1 -> 60 slow write: 442.245559ms
2025-12-07T06:36:13.475179Z  WARN ThreadId(25) hotstuff_runner::smrol::network: ⚠️ [Check] Writer 1 -> 42 slow write: 454.338543ms
2025-12-07T06:36:13.477424Z  WARN ThreadId(25) hotstuff_runner::smrol::network: ⚠️ [Check] Writer 1 -> 44 slow write: 451.900815ms
2025-12-07T06:36:13.485572Z  WARN ThreadId(25) hotstuff_runner::smrol::network: ⚠️ [Check] Writer 1 -> 43 slow write: 451.853524ms
2025-12-07T06:36:13.538935Z  WARN ThreadId(24) hotstuff_runner::smrol::network: ⚠️ [Check] Writer 1 -> 45 slow write: 454.644761ms
2025-12-07T06:36:13.541963Z  WARN ThreadId(24) hotstuff_runner::smrol::network: ⚠️ [Check] Writer 1 -> 41 slow write: 453.690435ms
2025-12-07T06:36:13.576990Z  WARN ThreadId(25) hotstuff_runner::smrol::network: ⚠️ [Check] Writer 1 -> 33 slow write: 572.555144ms
2025-12-07T06:36:13.582256Z  WARN ThreadId(24) hotstuff_runner::smrol::network: ⚠️ [Check] Writer 1 -> 58 slow write: 551.556614ms
2025-12-07T06:36:13.583893Z  WARN ThreadId(24) hotstuff_runner::smrol::network: ⚠️ [Check] Writer 1 -> 35 slow write: 585.565422ms
2025-12-07T06:36:13.585881Z  WARN ThreadId(25) hotstuff_runner::smrol::network: ⚠️ [Check] Writer 1 -> 61 slow write: 551.640897ms
2025-12-07T06:36:13.589675Z  WARN ThreadId(25) hotstuff_runner::smrol::network: ⚠️ [Check] Writer 1 -> 34 slow write: 597.101551ms
2025-12-07T06:36:13.590754Z  WARN ThreadId(24) hotstuff_runner::smrol::network: ⚠️ [Check] Writer 1 -> 62 slow write: 559.741831ms
2025-12-07T06:36:13.686388Z  WARN ThreadId(24) hotstuff_runner::smrol::network: ⚠️ [Check] Writer 1 -> 63 slow write: 669.280832ms
2025-12-07T06:36:13.727101Z  WARN ThreadId(24) hotstuff_runner::smrol::network: ⚠️ [Check] Writer 1 -> 32 slow write: 723.56573ms
2025-12-07T06:36:13.750561Z  WARN ThreadId(24) hotstuff_runner::smrol::network: ⚠️ [Check] Writer 1 -> 17 slow write: 734.237883ms
2025-12-07T06:36:13.757021Z  WARN ThreadId(25) hotstuff_runner::smrol::network: ⚠️ [Check] Writer 1 -> 16 slow write: 735.408906ms
2025-12-07T06:36:13.761612Z  WARN ThreadId(25) hotstuff_runner::smrol::network: ⚠️ [Check] Writer 1 -> 31 slow write: 734.617994ms
2025-12-07T06:36:13.823214Z  WARN ThreadId(24) hotstuff_runner::smrol::network: ⚠️ [Check] Writer 1 -> 27 slow write: 790.526807ms
2025-12-07T06:36:13.876590Z  WARN ThreadId(24) hotstuff_runner::smrol::network: ⚠️ [Check] Writer 1 -> 24 slow write: 867.079748ms
2025-12-07T06:36:13.940389Z  WARN ThreadId(24) hotstuff_runner::smrol::network: ⚠️ [Check] Writer 1 -> 18 slow write: 920.266625ms
2025-12-07T06:36:13.940856Z  WARN ThreadId(24) hotstuff_runner::smrol::network: ⚠️ [Check] Writer 1 -> 19 slow write: 922.147287ms
2025-12-07T06:36:13.953449Z  WARN ThreadId(25) hotstuff_runner::smrol::network: ⚠️ [Check] Writer 1 -> 20 slow write: 921.695534ms
2025-12-07T06:36:13.968390Z  WARN ThreadId(25) hotstuff_runner::smrol::network: ⚠️ [Check] Writer 1 -> 30 slow write: 976.747083ms
2025-12-07T06:36:13.984763Z  WARN ThreadId(25) hotstuff_runner::smrol::network: ⚠️ [Check] Writer 1 -> 29 slow write: 991.013917ms
2025-12-07T06:36:14.010056Z  WARN ThreadId(24) hotstuff_runner::smrol::network: ⚠️ [Check] Writer 1 -> 28 slow write: 1.002815452s
2025-12-07T06:36:14.012488Z  WARN ThreadId(24) hotstuff_runner::smrol::network: ⚠️ [Check] Writer 1 -> 26 slow write: 981.018451ms
2025-12-07T06:36:14.050736Z  WARN ThreadId(24) hotstuff_runner::smrol::network: ⚠️ [Check] Writer 1 -> 22 slow write: 1.060907085s
2025-12-07T06:36:14.064096Z  WARN ThreadId(25) hotstuff_runner::smrol::network: ⚠️ [Check] Writer 1 -> 25 slow write: 1.051577297s
2025-12-07T06:36:14.066409Z  WARN ThreadId(25) hotstuff_runner::smrol::network: ⚠️ [Check] Writer 1 -> 21 slow write: 1.066365775s
2025-12-07T06:36:14.329835Z  WARN ThreadId(25) hotstuff_runner::smrol::network: ⚠️ [Check] Writer 1 -> 23 slow write: 1.327916151s
2025-12-07T06:36:15.495512Z  WARN ThreadId(02) docker_node:   Connection reuse ineffective (2.0 msg/conn)
2025-12-07T06:36:15.629467Z  WARN ThreadId(02) docker_node: Node 1 Regular transaction queue backlog: 214053 transactions
2025-12-07T06:36:20.495415Z  WARN ThreadId(02) docker_node: HotStuff processing bottleneck detected:
2025-12-07T06:36:20.495449Z  WARN ThreadId(02) docker_node:    - HotStuff queue backlog: 214053 transactions
2025-12-07T06:36:20.495469Z  WARN ThreadId(02) docker_node:    - Confirmation TPS (0.0) much lower than submission TPS (0.1)
2025-12-07T06:36:20.495476Z  WARN ThreadId(02) docker_node:    - Possible cause: HotStuff consensus network delay or block size limitation
2025-12-07T06:36:20.495489Z  WARN ThreadId(02) docker_node:   Connection reuse ineffective (2.0 msg/conn)
2025-12-07T06:36:20.628998Z  WARN ThreadId(02) docker_node: Node 1 Regular transaction queue backlog: 329853 transactions
2025-12-07T06:36:25.495757Z  WARN ThreadId(07) docker_node: HotStuff processing bottleneck detected:
2025-12-07T06:36:25.495796Z  WARN ThreadId(07) docker_node:    - HotStuff queue backlog: 329853 transactions
2025-12-07T06:36:25.495813Z  WARN ThreadId(07) docker_node:    - Confirmation TPS (0.0) much lower than submission TPS (0.1)
2025-12-07T06:36:25.495822Z  WARN ThreadId(07) docker_node:    - Possible cause: HotStuff consensus network delay or block size limitation
2025-12-07T06:36:25.495842Z  WARN ThreadId(07) docker_node:   Connection reuse ineffective (2.0 msg/conn)
2025-12-07T06:36:25.629124Z  WARN ThreadId(07) docker_node: Node 1 Regular transaction queue backlog: 421088 transactions
2025-12-07T06:36:30.495535Z  WARN ThreadId(09) docker_node:   Connection reuse ineffective (2.0 msg/conn)
2025-12-07T06:36:30.629556Z  WARN ThreadId(02) docker_node: Node 1 Regular transaction queue backlog: 533380 transactions
2025-12-07T06:36:31.434646Z  WARN ThreadId(21) hotstuff_runner::tcp_node: Node 1 view 85 timed out; latency may accumulate
2025-12-07T06:36:34.262708Z  WARN ThreadId(20) hotstuff_rs::block_tree::invariants: SAFE_PC_FAIL: pc.block=[226, 88, 20, 132, 188, 157, 224, 42, 52, 229, 42, 138, 17, 34, 212, 215, 96, 204, 65, 115, 96, 35, 14, 161, 116, 172, 71, 234, 81, 129, 204, 191] view=82 phase=Generic | cond1(chain_id/genesis)=true (pc.chain_id=0, my.chain_id=0) | cond2(block_exists/genesis)=true (exists=true) | cond3(view>locked || extends)=false (pc.view=82, locked.view=83, extends=false) | cond4(phase/updates)=true (phase_special=false, has_updates=false) | highest_pc.block=[142, 149, 147, 69, 95, 148, 16, 64, 6, 59, 101, 32, 188, 29, 165, 56, 43, 66, 126, 245, 51, 240, 126, 67, 168, 12, 93, 161, 198, 236, 161, 177] highest_pc.view=84 locked.block=[228, 27, 236, 104, 157, 243, 7, 14, 207, 52, 201, 24, 21, 237, 174, 18, 66, 101, 61, 183, 48, 25, 42, 176, 74, 167, 116, 86, 249, 148, 45, 44] locked.view=83    
2025-12-07T06:36:34.262766Z  WARN ThreadId(20) hotstuff_rs::block_tree::invariants: SAFE_BLOCK_FAIL: block=[167, 252, 200, 99, 19, 58, 194, 47, 197, 227, 164, 184, 140, 129, 115, 188, 49, 86, 80, 75, 41, 103, 85, 152, 178, 84, 156, 24, 63, 111, 117, 86] height=None | cond1(safe_pc)=false | cond2(is_block_justify)=true (justify.phase=Generic) | justify.block=[226, 88, 20, 132, 188, 157, 224, 42, 52, 229, 42, 138, 17, 34, 212, 215, 96, 204, 65, 115, 96, 35, 14, 161, 116, 172, 71, 234, 81, 129, 204, 191] justify.view=82 | highest_pc.block=[142, 149, 147, 69, 95, 148, 16, 64, 6, 59, 101, 32, 188, 29, 165, 56, 43, 66, 126, 245, 51, 240, 126, 67, 168, 12, 93, 161, 198, 236, 161, 177] highest_pc.view=84 | locked.block=[228, 27, 236, 104, 157, 243, 7, 14, 207, 52, 201, 24, 21, 237, 174, 18, 66, 101, 61, 183, 48, 25, 42, 176, 74, 167, 116, 86, 249, 148, 45, 44] locked.view=83    
2025-12-07T06:36:35.495099Z  WARN ThreadId(05) docker_node:   Connection reuse ineffective (2.0 msg/conn)
2025-12-07T06:36:35.629681Z  WARN ThreadId(03) docker_node: Node 1 Regular transaction queue backlog: 845688 transactions
2025-12-07T06:36:39.853817Z  WARN ThreadId(25) hotstuff_runner::smrol::network: ⚠️ Large message: 1200169 bytes to node Some(10)
2025-12-07T06:36:39.854329Z  WARN ThreadId(25) hotstuff_runner::smrol::network: ⚠️ Large message: 1200168 bytes to node Some(6)
2025-12-07T06:36:39.854807Z  WARN ThreadId(25) hotstuff_runner::smrol::network: ⚠️ Large message: 1200169 bytes to node Some(53)
2025-12-07T06:36:39.855290Z  WARN ThreadId(25) hotstuff_runner::smrol::network: ⚠️ Large message: 1200169 bytes to node Some(22)
2025-12-07T06:36:39.855742Z  WARN ThreadId(25) hotstuff_runner::smrol::network: ⚠️ Large message: 1200169 bytes to node Some(34)
2025-12-07T06:36:39.856215Z  WARN ThreadId(25) hotstuff_runner::smrol::network: ⚠️ Large message: 1200168 bytes to node Some(8)
2025-12-07T06:36:39.856653Z  WARN ThreadId(25) hotstuff_runner::smrol::network: ⚠️ Large message: 1200169 bytes to node Some(30)
2025-12-07T06:36:39.857297Z  WARN ThreadId(25) hotstuff_runner::smrol::network: ⚠️ Large message: 1200169 bytes to node Some(54)
2025-12-07T06:36:39.857706Z  WARN ThreadId(25) hotstuff_runner::smrol::network: ⚠️ Large message: 1200169 bytes to node Some(45)
2025-12-07T06:36:39.857978Z  WARN ThreadId(25) hotstuff_runner::smrol::network: ⚠️ Large message: 1200169 bytes to node Some(29)
2025-12-07T06:36:39.858320Z  WARN ThreadId(25) hotstuff_runner::smrol::network: ⚠️ Large message: 1200169 bytes to node Some(52)
2025-12-07T06:36:39.858633Z  WARN ThreadId(25) hotstuff_runner::smrol::network: ⚠️ Large message: 1200168 bytes to node Some(9)
2025-12-07T06:36:39.858934Z  WARN ThreadId(25) hotstuff_runner::smrol::network: ⚠️ Large message: 1200169 bytes to node Some(13)
2025-12-07T06:36:39.859355Z  WARN ThreadId(25) hotstuff_runner::smrol::network: ⚠️ Large message: 1200169 bytes to node Some(41)
2025-12-07T06:36:39.859650Z  WARN ThreadId(25) hotstuff_runner::smrol::network: ⚠️ Large message: 1200169 bytes to node Some(35)
2025-12-07T06:36:39.860150Z  WARN ThreadId(25) hotstuff_runner::smrol::network: ⚠️ Large message: 1200168 bytes to node Some(4)
2025-12-07T06:36:39.860596Z  WARN ThreadId(25) hotstuff_runner::smrol::network: ⚠️ Large message: 1200169 bytes to node Some(21)
2025-12-07T06:36:39.861045Z  WARN ThreadId(25) hotstuff_runner::smrol::network: ⚠️ Large message: 1200168 bytes to node Some(2)
2025-12-07T06:36:39.861469Z  WARN ThreadId(25) hotstuff_runner::smrol::network: ⚠️ Large message: 1200169 bytes to node Some(23)
2025-12-07T06:36:39.861812Z  WARN ThreadId(25) hotstuff_runner::smrol::network: ⚠️ Large message: 1200169 bytes to node Some(11)
2025-12-07T06:36:39.862249Z  WARN ThreadId(25) hotstuff_runner::smrol::network: ⚠️ Large message: 1200169 bytes to node Some(32)
2025-12-07T06:36:39.862471Z  WARN ThreadId(24) hotstuff_runner::smrol::network: ⚠️ Large message: 1200169 bytes to node Some(62)
2025-12-07T06:36:39.862595Z  WARN ThreadId(25) hotstuff_runner::smrol::network: ⚠️ Large message: 1200169 bytes to node Some(33)
2025-12-07T06:36:39.862904Z  WARN ThreadId(24) hotstuff_runner::smrol::network: ⚠️ Large message: 1200169 bytes to node Some(28)
2025-12-07T06:36:39.862993Z  WARN ThreadId(25) hotstuff_runner::smrol::network: ⚠️ Large message: 1200169 bytes to node Some(48)
2025-12-07T06:36:39.863371Z  WARN ThreadId(24) hotstuff_runner::smrol::network: ⚠️ Large message: 1200169 bytes to node Some(14)
2025-12-07T06:36:39.863416Z  WARN ThreadId(25) hotstuff_runner::smrol::network: ⚠️ Large message: 1200168 bytes to node Some(7)
2025-12-07T06:36:39.863818Z  WARN ThreadId(24) hotstuff_runner::smrol::network: ⚠️ Large message: 1200169 bytes to node Some(16)
2025-12-07T06:36:39.863899Z  WARN ThreadId(25) hotstuff_runner::smrol::network: ⚠️ Large message: 1200169 bytes to node Some(59)
2025-12-07T06:36:39.864214Z  WARN ThreadId(24) hotstuff_runner::smrol::network: ⚠️ Large message: 1200169 bytes to node Some(51)
2025-12-07T06:36:39.864270Z  WARN ThreadId(25) hotstuff_runner::smrol::network: ⚠️ Large message: 1200169 bytes to node Some(24)
2025-12-07T06:36:39.864593Z  WARN ThreadId(24) hotstuff_runner::smrol::network: ⚠️ Large message: 1200169 bytes to node Some(44)
2025-12-07T06:36:39.864679Z  WARN ThreadId(25) hotstuff_runner::smrol::network: ⚠️ Large message: 1200168 bytes to node Some(5)
2025-12-07T06:36:39.865035Z  WARN ThreadId(25) hotstuff_runner::smrol::network: ⚠️ Large message: 1200169 bytes to node Some(36)
2025-12-07T06:36:39.865042Z  WARN ThreadId(24) hotstuff_runner::smrol::network: ⚠️ Large message: 1200169 bytes to node Some(47)
2025-12-07T06:36:39.865389Z  WARN ThreadId(24) hotstuff_runner::smrol::network: ⚠️ Large message: 1200169 bytes to node Some(40)
2025-12-07T06:36:39.865537Z  WARN ThreadId(25) hotstuff_runner::smrol::network: ⚠️ Large message: 1200169 bytes to node Some(25)
2025-12-07T06:36:39.865766Z  WARN ThreadId(24) hotstuff_runner::smrol::network: ⚠️ Large message: 1200169 bytes to node Some(49)
2025-12-07T06:36:39.865873Z  WARN ThreadId(25) hotstuff_runner::smrol::network: ⚠️ Large message: 1200169 bytes to node Some(37)
2025-12-07T06:36:39.866186Z  WARN ThreadId(24) hotstuff_runner::smrol::network: ⚠️ Large message: 1200169 bytes to node Some(50)
2025-12-07T06:36:39.866275Z  WARN ThreadId(25) hotstuff_runner::smrol::network: ⚠️ Large message: 1200169 bytes to node Some(12)
2025-12-07T06:36:39.866537Z  WARN ThreadId(24) hotstuff_runner::smrol::network: ⚠️ Large message: 1200169 bytes to node Some(31)
2025-12-07T06:36:39.866613Z  WARN ThreadId(25) hotstuff_runner::smrol::network: ⚠️ Large message: 1200169 bytes to node Some(39)
2025-12-07T06:36:39.866909Z  WARN ThreadId(24) hotstuff_runner::smrol::network: ⚠️ Large message: 1200169 bytes to node Some(58)
2025-12-07T06:36:39.867017Z  WARN ThreadId(25) hotstuff_runner::smrol::network: ⚠️ Large message: 1200168 bytes to node Some(3)
2025-12-07T06:36:39.867267Z  WARN ThreadId(24) hotstuff_runner::smrol::network: ⚠️ Large message: 1200169 bytes to node Some(26)
2025-12-07T06:36:39.867328Z  WARN ThreadId(25) hotstuff_runner::smrol::network: ⚠️ Large message: 1200169 bytes to node Some(55)
2025-12-07T06:36:39.867598Z  WARN ThreadId(24) hotstuff_runner::smrol::network: ⚠️ Large message: 1200169 bytes to node Some(60)
2025-12-07T06:36:39.867648Z  WARN ThreadId(25) hotstuff_runner::smrol::network: ⚠️ Large message: 1200169 bytes to node Some(63)
2025-12-07T06:36:39.867959Z  WARN ThreadId(24) hotstuff_runner::smrol::network: ⚠️ Large message: 1200169 bytes to node Some(15)
2025-12-07T06:36:39.868239Z  WARN ThreadId(25) hotstuff_runner::smrol::network: ⚠️ Large message: 1200169 bytes to node Some(17)
2025-12-07T06:36:39.868316Z  WARN ThreadId(24) hotstuff_runner::smrol::network: ⚠️ Large message: 1200169 bytes to node Some(20)
2025-12-07T06:36:39.868686Z  WARN ThreadId(25) hotstuff_runner::smrol::network: ⚠️ Large message: 1200169 bytes to node Some(19)
2025-12-07T06:36:39.868745Z  WARN ThreadId(24) hotstuff_runner::smrol::network: ⚠️ Large message: 1200169 bytes to node Some(27)
2025-12-07T06:36:39.869045Z  WARN ThreadId(25) hotstuff_runner::smrol::network: ⚠️ Large message: 1200169 bytes to node Some(57)
2025-12-07T06:36:39.869184Z  WARN ThreadId(24) hotstuff_runner::smrol::network: ⚠️ Large message: 1200169 bytes to node Some(43)
2025-12-07T06:36:39.869409Z  WARN ThreadId(25) hotstuff_runner::smrol::network: ⚠️ Large message: 1200169 bytes to node Some(18)
2025-12-07T06:36:39.869554Z  WARN ThreadId(24) hotstuff_runner::smrol::network: ⚠️ Large message: 1200169 bytes to node Some(56)
2025-12-07T06:36:39.869769Z  WARN ThreadId(25) hotstuff_runner::smrol::network: ⚠️ Large message: 1200169 bytes to node Some(42)
2025-12-07T06:36:39.869886Z  WARN ThreadId(24) hotstuff_runner::smrol::network: ⚠️ Large message: 1200168 bytes to node Some(0)
2025-12-07T06:36:39.870148Z  WARN ThreadId(25) hotstuff_runner::smrol::network: ⚠️ Large message: 1200169 bytes to node Some(46)
2025-12-07T06:36:39.870212Z  WARN ThreadId(24) hotstuff_runner::smrol::network: ⚠️ Large message: 1200169 bytes to node Some(61)
2025-12-07T06:36:39.870556Z  WARN ThreadId(25) hotstuff_runner::smrol::network: ⚠️ Large message: 1200169 bytes to node Some(38)
2025-12-07T06:36:39.872330Z  WARN ThreadId(24) hotstuff_runner::smrol::network: ⚠️ [Check] Writer 1 -> 2 slow write: 11.270392ms
2025-12-07T06:36:39.880859Z  WARN ThreadId(25) hotstuff_runner::smrol::network: ⚠️ [Check] Writer 1 -> 4 slow write: 20.908608ms
2025-12-07T06:36:39.920929Z  WARN ThreadId(25) hotstuff_runner::smrol::network: ⚠️ [Check] Writer 1 -> 37 slow write: 55.07422ms
2025-12-07T06:36:39.922513Z  WARN ThreadId(25) hotstuff_runner::smrol::network: ⚠️ [Check] Writer 1 -> 39 slow write: 56.011876ms
2025-12-07T06:36:39.928347Z  WARN ThreadId(25) hotstuff_runner::smrol::network: ⚠️ [Check] Writer 1 -> 38 slow write: 57.96283ms
2025-12-07T06:36:39.934621Z  WARN ThreadId(25) hotstuff_runner::smrol::network: ⚠️ [Check] Writer 1 -> 40 slow write: 69.20436ms
2025-12-07T06:36:40.133705Z  WARN ThreadId(24) hotstuff_runner::smrol::network: ⚠️ [Check] Writer 1 -> 7 slow write: 270.396755ms
2025-12-07T06:36:40.138109Z  WARN ThreadId(25) hotstuff_runner::smrol::network: ⚠️ [Check] Writer 1 -> 49 slow write: 272.473621ms
2025-12-07T06:36:40.188645Z  WARN ThreadId(24) hotstuff_runner::smrol::network: ⚠️ [Check] Writer 1 -> 6 slow write: 334.455252ms
2025-12-07T06:36:40.189528Z  WARN ThreadId(25) hotstuff_runner::smrol::network: ⚠️ [Check] Writer 1 -> 11 slow write: 327.795178ms
2025-12-07T06:36:40.189553Z  WARN ThreadId(24) hotstuff_runner::smrol::network: ⚠️ [Check] Writer 1 -> 10 slow write: 335.893222ms
2025-12-07T06:36:40.190134Z  WARN ThreadId(25) hotstuff_runner::smrol::network: ⚠️ [Check] Writer 1 -> 8 slow write: 334.109513ms
2025-12-07T06:36:40.199798Z  WARN ThreadId(25) hotstuff_runner::smrol::network: ⚠️ [Check] Writer 1 -> 15 slow write: 331.983584ms
2025-12-07T06:36:40.201623Z  WARN ThreadId(25) hotstuff_runner::smrol::network: ⚠️ [Check] Writer 1 -> 48 slow write: 338.798092ms
2025-12-07T06:36:40.202199Z  WARN ThreadId(25) hotstuff_runner::smrol::network: ⚠️ [Check] Writer 1 -> 51 slow write: 338.133374ms
2025-12-07T06:36:40.250219Z  WARN ThreadId(25) hotstuff_runner::smrol::network: ⚠️ [Check] Writer 1 -> 57 slow write: 381.261975ms
2025-12-07T06:36:40.308649Z  WARN ThreadId(25) hotstuff_runner::smrol::network: ⚠️ [Check] Writer 1 -> 60 slow write: 441.121967ms
2025-12-07T06:36:40.313242Z  WARN ThreadId(25) hotstuff_runner::smrol::network: ⚠️ [Check] Writer 1 -> 45 slow write: 455.658788ms
2025-12-07T06:36:40.314374Z  WARN ThreadId(24) hotstuff_runner::smrol::network: ⚠️ [Check] Writer 1 -> 41 slow write: 455.094372ms
2025-12-07T06:36:40.321076Z  WARN ThreadId(25) hotstuff_runner::smrol::network: ⚠️ [Check] Writer 1 -> 43 slow write: 451.933316ms
2025-12-07T06:36:40.434652Z  WARN ThreadId(25) hotstuff_runner::smrol::network: ⚠️ [Check] Writer 1 -> 33 slow write: 572.139404ms
2025-12-07T06:36:40.444245Z  WARN ThreadId(24) hotstuff_runner::smrol::network: ⚠️ [Check] Writer 1 -> 35 slow write: 584.757982ms
2025-12-07T06:36:40.496078Z  WARN ThreadId(04) docker_node:   Connection reuse ineffective (2.0 msg/conn)
2025-12-07T06:36:40.598610Z  WARN ThreadId(25) hotstuff_runner::smrol::network: ⚠️ [Check] Writer 1 -> 16 slow write: 734.912097ms
2025-12-07T06:36:40.629281Z  WARN ThreadId(06) docker_node: Node 1 Regular transaction queue backlog: 1136946 transactions
2025-12-07T06:36:40.637120Z  WARN ThreadId(24) hotstuff_runner::smrol::network: ⚠️ [Check] Writer 1 -> 17 slow write: 769.204063ms
2025-12-07T06:36:40.637332Z  WARN ThreadId(24) hotstuff_runner::smrol::network: ⚠️ [Check] Writer 1 -> 30 slow write: 780.829584ms
2025-12-07T06:36:40.658578Z  WARN ThreadId(24) hotstuff_runner::smrol::network: ⚠️ [Check] Writer 1 -> 27 slow write: 789.978517ms
2025-12-07T06:36:40.731285Z  WARN ThreadId(24) hotstuff_runner::smrol::network: ⚠️ [Check] Writer 1 -> 24 slow write: 866.360975ms
2025-12-07T06:36:45.496200Z  WARN ThreadId(04) docker_node:   Connection reuse ineffective (2.0 msg/conn)
2025-12-07T06:36:45.629135Z  WARN ThreadId(02) docker_node: Node 1 Regular transaction queue backlog: 2045809 transactions
2025-12-07T06:36:46.439878Z  WARN ThreadId(21) hotstuff_runner::tcp_node: Node 1 view 88 timed out; latency may accumulate
2025-12-07T06:36:50.495169Z  WARN ThreadId(08) docker_node:   Connection reuse ineffective (2.0 msg/conn)
2025-12-07T06:36:50.629565Z  WARN ThreadId(02) docker_node: Node 1 Regular transaction queue backlog: 2045809 transactions
2025-12-07T06:36:55.495076Z  WARN ThreadId(02) docker_node:   Connection reuse ineffective (2.0 msg/conn)
2025-12-07T06:36:55.629348Z  WARN ThreadId(02) docker_node: Node 1 Regular transaction queue backlog: 2045809 transactions
2025-12-07T06:37:00.495897Z  WARN ThreadId(02) docker_node:   Connection reuse ineffective (2.0 msg/conn)
2025-12-07T06:37:00.629201Z  WARN ThreadId(02) docker_node: Node 1 Regular transaction queue backlog: 2045809 transactions
2025-12-07T06:37:05.495108Z  WARN ThreadId(08) docker_node:   Connection reuse ineffective (2.0 msg/conn)
2025-12-07T06:37:05.629389Z  WARN ThreadId(08) docker_node: Node 1 Regular transaction queue backlog: 2045809 transactions
2025-12-07T06:37:07.816763Z  WARN ThreadId(21) hotstuff_runner::tcp_node: Node 1 view 93 timed out; latency may accumulate
2025-12-07T06:37:10.494995Z  WARN ThreadId(06) docker_node:   Connection reuse ineffective (2.0 msg/conn)
2025-12-07T06:37:10.629229Z  WARN ThreadId(08) docker_node: Node 1 Regular transaction queue backlog: 2045809 transactions
2025-12-07T06:37:11.141359Z  WARN ThreadId(20) hotstuff_rs::block_tree::invariants: SAFE_PC_FAIL: pc.block=[226, 88, 20, 132, 188, 157, 224, 42, 52, 229, 42, 138, 17, 34, 212, 215, 96, 204, 65, 115, 96, 35, 14, 161, 116, 172, 71, 234, 81, 129, 204, 191] view=82 phase=Generic | cond1(chain_id/genesis)=true (pc.chain_id=0, my.chain_id=0) | cond2(block_exists/genesis)=true (exists=true) | cond3(view>locked || extends)=false (pc.view=82, locked.view=91, extends=false) | cond4(phase/updates)=true (phase_special=false, has_updates=false) | highest_pc.block=[65, 161, 151, 156, 180, 12, 25, 32, 185, 160, 20, 150, 75, 107, 93, 192, 211, 66, 6, 170, 11, 6, 112, 121, 158, 44, 84, 10, 14, 130, 238, 187] highest_pc.view=92 locked.block=[37, 180, 106, 74, 129, 19, 206, 76, 48, 64, 49, 116, 248, 145, 22, 149, 234, 1, 172, 205, 18, 196, 245, 193, 90, 163, 80, 210, 116, 153, 122, 83] locked.view=91    
2025-12-07T06:37:11.141394Z  WARN ThreadId(20) hotstuff_rs::block_tree::invariants: SAFE_BLOCK_FAIL: block=[88, 148, 183, 183, 92, 237, 172, 83, 174, 253, 103, 5, 89, 74, 22, 144, 19, 117, 113, 35, 139, 53, 112, 209, 246, 39, 80, 138, 234, 124, 47, 154] height=None | cond1(safe_pc)=false | cond2(is_block_justify)=true (justify.phase=Generic) | justify.block=[226, 88, 20, 132, 188, 157, 224, 42, 52, 229, 42, 138, 17, 34, 212, 215, 96, 204, 65, 115, 96, 35, 14, 161, 116, 172, 71, 234, 81, 129, 204, 191] justify.view=82 | highest_pc.block=[65, 161, 151, 156, 180, 12, 25, 32, 185, 160, 20, 150, 75, 107, 93, 192, 211, 66, 6, 170, 11, 6, 112, 121, 158, 44, 84, 10, 14, 130, 238, 187] highest_pc.view=92 | locked.block=[37, 180, 106, 74, 129, 19, 206, 76, 48, 64, 49, 116, 248, 145, 22, 149, 234, 1, 172, 205, 18, 196, 245, 193, 90, 163, 80, 210, 116, 153, 122, 83] locked.view=91    
2025-12-07T06:37:12.818066Z  WARN ThreadId(21) hotstuff_runner::tcp_node: Node 1 view 94 timed out; latency may accumulate
2025-12-07T06:37:15.495458Z  WARN ThreadId(08) docker_node:   Connection reuse ineffective (2.0 msg/conn)
2025-12-07T06:37:15.629787Z  WARN ThreadId(08) docker_node: Node 1 Regular transaction queue backlog: 2045809 transactions
2025-12-07T06:37:20.495851Z  WARN ThreadId(08) docker_node:   Connection reuse ineffective (2.0 msg/conn)
2025-12-07T06:37:20.629158Z  WARN ThreadId(08) docker_node: Node 1 Regular transaction queue backlog: 2045809 transactions
2025-12-07T06:37:25.495083Z  WARN ThreadId(08) docker_node:   Connection reuse ineffective (2.0 msg/conn)
2025-12-07T06:37:25.629366Z  WARN ThreadId(08) docker_node: Node 1 Regular transaction queue backlog: 2045809 transactions
2025-12-07T06:37:30.495444Z  WARN ThreadId(08) docker_node:   Connection reuse ineffective (2.0 msg/conn)
2025-12-07T06:37:30.629738Z  WARN ThreadId(08) docker_node: Node 1 Regular transaction queue backlog: 2045809 transactions
2025-12-07T06:37:35.495812Z  WARN ThreadId(08) docker_node:   Connection reuse ineffective (2.0 msg/conn)
2025-12-07T06:37:35.629106Z  WARN ThreadId(08) docker_node: Node 1 Regular transaction queue backlog: 2045809 transactions
2025-12-07T06:37:40.495541Z  WARN ThreadId(08) docker_node:   Connection reuse ineffective (2.0 msg/conn)
2025-12-07T06:37:40.629799Z  WARN ThreadId(02) docker_node: Node 1 Regular transaction queue backlog: 2045809 transactions
2025-12-07T06:37:45.495168Z  WARN ThreadId(02) docker_node:   Connection reuse ineffective (2.0 msg/conn)
2025-12-07T06:37:45.629443Z  WARN ThreadId(02) docker_node: Node 1 Regular transaction queue backlog: 2045809 transactions
2025-12-07T06:37:50.495622Z  WARN ThreadId(02) docker_node:   Connection reuse ineffective (2.0 msg/conn)
2025-12-07T06:37:50.629936Z  WARN ThreadId(02) docker_node: Node 1 Regular transaction queue backlog: 2045809 transactions
2025-12-07T06:37:55.495006Z  WARN ThreadId(02) docker_node:   Connection reuse ineffective (2.0 msg/conn)
2025-12-07T06:37:55.629311Z  WARN ThreadId(02) docker_node: Node 1 Regular transaction queue backlog: 2045809 transactions
2025-12-07T06:38:00.495415Z  WARN ThreadId(02) docker_node:   Connection reuse ineffective (2.0 msg/conn)
2025-12-07T06:38:00.629717Z  WARN ThreadId(02) docker_node: Node 1 Regular transaction queue backlog: 2045809 transactions
2025-12-07T06:38:05.495795Z  WARN ThreadId(02) docker_node:   Connection reuse ineffective (2.0 msg/conn)
2025-12-07T06:38:05.629082Z  WARN ThreadId(02) docker_node: Node 1 Regular transaction queue backlog: 2045809 transactions
2025-12-07T06:38:10.495187Z  WARN ThreadId(02) docker_node:   Connection reuse ineffective (2.0 msg/conn)
2025-12-07T06:38:10.629478Z  WARN ThreadId(06) docker_node: Node 1 Regular transaction queue backlog: 2045809 transactions
2025-12-07T06:38:15.495620Z  WARN ThreadId(06) docker_node:   Connection reuse ineffective (2.0 msg/conn)
2025-12-07T06:38:15.629907Z  WARN ThreadId(06) docker_node: Node 1 Regular transaction queue backlog: 2045809 transactions
2025-12-07T06:38:20.495096Z  WARN ThreadId(06) docker_node:   Connection reuse ineffective (2.0 msg/conn)
2025-12-07T06:38:20.629334Z  WARN ThreadId(06) docker_node: Node 1 Regular transaction queue backlog: 2045809 transactions
2025-12-07T06:38:25.495770Z  WARN ThreadId(06) docker_node:   Connection reuse ineffective (2.0 msg/conn)
2025-12-07T06:38:25.629028Z  WARN ThreadId(06) docker_node: Node 1 Regular transaction queue backlog: 2045809 transactions
