2025-11-13T08:20:23.029894Z  WARN ThreadId(01) docker_node: metrics exporter disabled by SMROL_DISABLE_METRICS
2025-11-13T08:20:43.246463Z  WARN ThreadId(01) hotstuff_runner::tcp_node: Node 0 view timeout set to 4000 ms
2025-11-13T08:20:43.254722Z ERROR ThreadId(23) hotstuff_runner::pompe_network: Node 0 failed to connect to node 4: Connection refused (os error 111)
2025-11-13T08:20:43.262643Z  WARN ThreadId(01) hotstuff_runner::smrol::sequencing: SMROL_MEDIAN_INFLIGHT=24, SMROL_ORDER_FINALIZE_INFLIGHT=4, SMROL_FINAL_SIGN_INFLIGHT=4, SMROL_FINAL_VERIFY_INFLIGHT=24
2025-11-13T08:20:43.262693Z  WARN ThreadId(01) hotstuff_runner::smrol::sequencing: [Sequencing] Node 0 multi-signature verification disabled: false
2025-11-13T08:20:43.263379Z  WARN ThreadId(08) hotstuff_runner::smrol::sequencing: [Sequencing] Node 0 final verify dispatcher started
2025-11-13T08:20:43.264454Z  WARN ThreadId(07) docker_node:   Connection reuse ineffective (2.0 msg/conn)
2025-11-13T08:20:47.248683Z  WARN ThreadId(21) hotstuff_runner::tcp_node: Node 0 view 0 timed out; latency may accumulate
2025-11-13T08:20:48.264237Z  WARN ThreadId(05) docker_node:   Connection reuse ineffective (2.0 msg/conn)
2025-11-13T08:20:48.267628Z  WARN ThreadId(01) docker_node: Node 0 port 20000 temporarily unreachable: failed to lookup address information: Temporary failure in name resolution
2025-11-13T08:20:48.269291Z  WARN ThreadId(01) docker_node: Node 1 port 20001 temporarily unreachable: failed to lookup address information: Temporary failure in name resolution
2025-11-13T08:20:48.270927Z  WARN ThreadId(01) docker_node: Node 2 port 20002 temporarily unreachable: failed to lookup address information: Temporary failure in name resolution
2025-11-13T08:20:48.272587Z  WARN ThreadId(01) docker_node: Node 3 port 20003 temporarily unreachable: failed to lookup address information: Temporary failure in name resolution
2025-11-13T08:20:48.274217Z  WARN ThreadId(01) docker_node: Node 4 port 20004 temporarily unreachable: failed to lookup address information: Temporary failure in name resolution
2025-11-13T08:20:48.275813Z  WARN ThreadId(01) docker_node: Node 5 port 20005 temporarily unreachable: failed to lookup address information: Temporary failure in name resolution
2025-11-13T08:20:48.277609Z  WARN ThreadId(01) docker_node: Node 6 port 20006 temporarily unreachable: failed to lookup address information: Temporary failure in name resolution
2025-11-13T08:20:48.279236Z  WARN ThreadId(01) docker_node: Node 7 port 20007 temporarily unreachable: failed to lookup address information: Temporary failure in name resolution
2025-11-13T08:20:48.280944Z  WARN ThreadId(01) docker_node: Node 8 port 20008 temporarily unreachable: failed to lookup address information: Temporary failure in name resolution
2025-11-13T08:20:48.282704Z  WARN ThreadId(01) docker_node: Node 9 port 20009 temporarily unreachable: failed to lookup address information: Temporary failure in name resolution
2025-11-13T08:20:48.284463Z  WARN ThreadId(01) docker_node: Node 10 port 20010 temporarily unreachable: failed to lookup address information: Temporary failure in name resolution
2025-11-13T08:20:48.286042Z  WARN ThreadId(01) docker_node: Node 11 port 20011 temporarily unreachable: failed to lookup address information: Temporary failure in name resolution
2025-11-13T08:20:48.288038Z  WARN ThreadId(01) docker_node: Node 12 port 20012 temporarily unreachable: failed to lookup address information: Temporary failure in name resolution
2025-11-13T08:20:48.289642Z  WARN ThreadId(01) docker_node: Node 13 port 20013 temporarily unreachable: failed to lookup address information: Temporary failure in name resolution
2025-11-13T08:20:48.291302Z  WARN ThreadId(01) docker_node: Node 14 port 20014 temporarily unreachable: failed to lookup address information: Temporary failure in name resolution
2025-11-13T08:20:48.293054Z  WARN ThreadId(01) docker_node: Node 15 port 20015 temporarily unreachable: failed to lookup address information: Temporary failure in name resolution
2025-11-13T08:20:48.294843Z  WARN ThreadId(01) docker_node: Node 16 port 20016 temporarily unreachable: failed to lookup address information: Temporary failure in name resolution
2025-11-13T08:20:48.296560Z  WARN ThreadId(01) docker_node: Node 17 port 20017 temporarily unreachable: failed to lookup address information: Temporary failure in name resolution
2025-11-13T08:20:48.298115Z  WARN ThreadId(01) docker_node: Node 18 port 20018 temporarily unreachable: failed to lookup address information: Temporary failure in name resolution
2025-11-13T08:20:48.299621Z  WARN ThreadId(01) docker_node: Node 19 port 20019 temporarily unreachable: failed to lookup address information: Temporary failure in name resolution
2025-11-13T08:20:48.301203Z  WARN ThreadId(01) docker_node: Node 20 port 20020 temporarily unreachable: failed to lookup address information: Temporary failure in name resolution
2025-11-13T08:20:48.302745Z  WARN ThreadId(01) docker_node: Node 21 port 20021 temporarily unreachable: failed to lookup address information: Temporary failure in name resolution
2025-11-13T08:20:48.304352Z  WARN ThreadId(01) docker_node: Node 22 port 20022 temporarily unreachable: failed to lookup address information: Temporary failure in name resolution
2025-11-13T08:20:48.305862Z  WARN ThreadId(01) docker_node: Node 23 port 20023 temporarily unreachable: failed to lookup address information: Temporary failure in name resolution
2025-11-13T08:20:48.307462Z  WARN ThreadId(01) docker_node: Node 24 port 20024 temporarily unreachable: failed to lookup address information: Temporary failure in name resolution
2025-11-13T08:20:48.309185Z  WARN ThreadId(01) docker_node: Node 25 port 20025 temporarily unreachable: failed to lookup address information: Temporary failure in name resolution
2025-11-13T08:20:48.310787Z  WARN ThreadId(01) docker_node: Node 26 port 20026 temporarily unreachable: failed to lookup address information: Temporary failure in name resolution
2025-11-13T08:20:48.312487Z  WARN ThreadId(01) docker_node: Node 27 port 20027 temporarily unreachable: failed to lookup address information: Temporary failure in name resolution
2025-11-13T08:20:48.314256Z  WARN ThreadId(01) docker_node: Node 28 port 20028 temporarily unreachable: failed to lookup address information: Temporary failure in name resolution
2025-11-13T08:20:48.315899Z  WARN ThreadId(01) docker_node: Node 29 port 20029 temporarily unreachable: failed to lookup address information: Temporary failure in name resolution
2025-11-13T08:20:53.264730Z  WARN ThreadId(05) docker_node:   Connection reuse ineffective (2.0 msg/conn)
2025-11-13T08:20:54.486274Z  WARN ThreadId(20) hotstuff_runner::app: Node 0 [produce_block] queue size: 0, attempting up to 0 transactions this block    
2025-11-13T08:20:58.264226Z  WARN ThreadId(05) docker_node:   Connection reuse ineffective (2.0 msg/conn)
2025-11-13T08:21:00.032316Z  WARN ThreadId(20) hotstuff_runner::app: Node 0 [produce_block] queue size: 0, attempting up to 0 transactions this block    
2025-11-13T08:21:03.263932Z  WARN ThreadId(05) docker_node:   Connection reuse ineffective (2.0 msg/conn)
2025-11-13T08:21:05.553165Z  WARN ThreadId(20) hotstuff_runner::app: Node 0 [produce_block] queue size: 0, attempting up to 0 transactions this block    
2025-11-13T08:21:08.264094Z  WARN ThreadId(05) docker_node:   Connection reuse ineffective (2.0 msg/conn)
2025-11-13T08:21:11.103815Z  WARN ThreadId(20) hotstuff_runner::app: Node 0 [produce_block] queue size: 0, attempting up to 0 transactions this block    
2025-11-13T08:21:11.103833Z  WARN ThreadId(20) hotstuff_runner::app: Node 0 view(108) far exceeds block count (3); potential sync issue    
2025-11-13T08:21:12.277373Z  WARN ThreadId(25) hotstuff_runner::smrol::network: ⚠️ [Check] Writer 0 -> 11 slow write: 7.154622ms
2025-11-13T08:21:12.279960Z  WARN ThreadId(24) hotstuff_runner::smrol::network: ⚠️ [Check] Writer 0 -> 12 slow write: 10.006124ms
2025-11-13T08:21:12.300878Z  WARN ThreadId(25) hotstuff_runner::smrol::network: ⚠️ [Check] Writer 0 -> 10 slow write: 19.495915ms
2025-11-13T08:21:12.325073Z  WARN ThreadId(24) hotstuff_runner::smrol::network: ⚠️ [Check] Writer 0 -> 17 slow write: 5.674351ms
2025-11-13T08:21:12.328387Z  WARN ThreadId(25) hotstuff_runner::smrol::network: ⚠️ [Check] Writer 0 -> 13 slow write: 19.524616ms
2025-11-13T08:21:12.339810Z  WARN ThreadId(24) hotstuff_runner::smrol::network: ⚠️ [Check] Writer 0 -> 15 slow write: 27.539897ms
2025-11-13T08:21:12.346193Z  WARN ThreadId(25) hotstuff_runner::smrol::network: ⚠️ [Check] Writer 0 -> 16 slow write: 14.456257ms
2025-11-13T08:21:12.381468Z  WARN ThreadId(25) hotstuff_runner::smrol::network: ⚠️ [Check] Writer 0 -> 20 slow write: 20.737182ms
2025-11-13T08:21:12.406616Z  WARN ThreadId(24) hotstuff_runner::smrol::network: ⚠️ [Check] Writer 0 -> 19 slow write: 42.322472ms
2025-11-13T08:21:12.956408Z  WARN ThreadId(24) hotstuff_runner::smrol::network: ⚠️ [Check] Writer 0 -> 29 slow write: 24.661746ms
2025-11-13T08:21:13.264017Z  WARN ThreadId(09) docker_node:   Connection reuse ineffective (2.0 msg/conn)
2025-11-13T08:21:17.004082Z  WARN ThreadId(20) hotstuff_runner::app: Node 0 [produce_block] queue size: 836, attempting up to 836 transactions this block    
2025-11-13T08:21:17.004594Z  WARN ThreadId(20) hotstuff_runner::app: Node 0 view(138) far exceeds block count (4); potential sync issue    
2025-11-13T08:21:18.263877Z  WARN ThreadId(04) docker_node: Low processing efficiency: 0.0% - system may need tuning
2025-11-13T08:21:18.263898Z  WARN ThreadId(04) docker_node:   Connection reuse ineffective (2.0 msg/conn)
2025-11-13T08:21:23.117408Z  WARN ThreadId(20) hotstuff_runner::app: Node 0 [produce_block] queue size: 1946, attempting up to 1946 transactions this block    
2025-11-13T08:21:23.118696Z  WARN ThreadId(20) hotstuff_runner::app: Node 0 view(168) far exceeds block count (5); potential sync issue    
2025-11-13T08:21:23.264628Z  WARN ThreadId(09) docker_node: Low processing efficiency: 0.0% - system may need tuning
2025-11-13T08:21:23.264650Z  WARN ThreadId(09) docker_node:   Connection reuse ineffective (2.0 msg/conn)
2025-11-13T08:21:28.264209Z  WARN ThreadId(09) docker_node: Low processing efficiency: 0.0% - system may need tuning
2025-11-13T08:21:28.264236Z  WARN ThreadId(09) docker_node:   Connection reuse ineffective (2.0 msg/conn)
2025-11-13T08:21:28.316794Z  WARN ThreadId(02) docker_node: Node 0 Regular transaction queue backlog: 2472 transactions
2025-11-13T08:21:29.366464Z  WARN ThreadId(20) hotstuff_runner::app: Node 0 [produce_block] queue size: 3188, attempting up to 3188 transactions this block    
2025-11-13T08:21:29.368251Z  WARN ThreadId(20) hotstuff_runner::app: Node 0 view(198) far exceeds block count (6); potential sync issue    
2025-11-13T08:21:33.263984Z  WARN ThreadId(02) docker_node: Low processing efficiency: 0.0% - system may need tuning
2025-11-13T08:21:33.264010Z  WARN ThreadId(02) docker_node:   Connection reuse ineffective (2.0 msg/conn)
2025-11-13T08:21:33.316879Z  WARN ThreadId(02) docker_node: Node 0 Regular transaction queue backlog: 2378 transactions
2025-11-13T08:21:36.580700Z  WARN ThreadId(20) hotstuff_runner::app: Node 0 [produce_block] queue size: 4440, attempting up to 4440 transactions this block    
2025-11-13T08:21:36.583421Z  WARN ThreadId(20) hotstuff_runner::app: Node 0 view(228) far exceeds block count (7); potential sync issue    
2025-11-13T08:21:38.264154Z  WARN ThreadId(06) docker_node: Low processing efficiency: 0.0% - system may need tuning
2025-11-13T08:21:38.264201Z  WARN ThreadId(06) docker_node:   Connection reuse ineffective (2.0 msg/conn)
2025-11-13T08:21:38.317792Z  WARN ThreadId(04) docker_node: Node 0 Regular transaction queue backlog: 1232 transactions
2025-11-13T08:21:43.265394Z  WARN ThreadId(02) docker_node: Low processing efficiency: 0.0% - system may need tuning
2025-11-13T08:21:43.265483Z  WARN ThreadId(02) docker_node:   Connection reuse ineffective (2.0 msg/conn)
2025-11-13T08:21:43.409907Z  WARN ThreadId(06) docker_node: Node 0 Regular transaction queue backlog: 4894 transactions
2025-11-13T08:21:45.909478Z  WARN ThreadId(21) hotstuff_runner::tcp_node: Node 0 view 232 timed out; latency may accumulate
2025-11-13T08:21:48.263945Z  WARN ThreadId(02) docker_node: Low processing efficiency: 0.0% - system may need tuning
2025-11-13T08:21:48.263973Z  WARN ThreadId(02) docker_node:   Connection reuse ineffective (2.0 msg/conn)
2025-11-13T08:21:48.317862Z  WARN ThreadId(05) docker_node: Node 0 Regular transaction queue backlog: 4908 transactions
2025-11-13T08:21:53.263931Z  WARN ThreadId(09) docker_node: Low processing efficiency: 0.0% - system may need tuning
2025-11-13T08:21:53.263958Z  WARN ThreadId(09) docker_node:   Connection reuse ineffective (2.0 msg/conn)
2025-11-13T08:21:53.317030Z  WARN ThreadId(07) docker_node: Node 0 Regular transaction queue backlog: 4908 transactions
2025-11-13T08:21:57.589519Z  WARN ThreadId(21) hotstuff_runner::tcp_node: Node 0 view 239 timed out; latency may accumulate
2025-11-13T08:21:58.264613Z  WARN ThreadId(05) docker_node: Low processing efficiency: 0.0% - system may need tuning
2025-11-13T08:21:58.264652Z  WARN ThreadId(05) docker_node:   Connection reuse ineffective (2.0 msg/conn)
2025-11-13T08:21:58.317358Z  WARN ThreadId(05) docker_node: Node 0 Regular transaction queue backlog: 4908 transactions
2025-11-13T08:22:02.741140Z  WARN ThreadId(21) hotstuff_runner::tcp_node: Node 0 view 242 timed out; latency may accumulate
2025-11-13T08:22:03.263953Z  WARN ThreadId(07) docker_node: Low processing efficiency: 0.0% - system may need tuning
2025-11-13T08:22:03.263976Z  WARN ThreadId(07) docker_node:   Connection reuse ineffective (2.0 msg/conn)
2025-11-13T08:22:03.317558Z  WARN ThreadId(05) docker_node: Node 0 Regular transaction queue backlog: 4908 transactions
2025-11-13T08:22:06.742177Z  WARN ThreadId(21) hotstuff_runner::tcp_node: Node 0 view 243 timed out; latency may accumulate
2025-11-13T08:22:08.264306Z  WARN ThreadId(09) docker_node: Low processing efficiency: 0.0% - system may need tuning
2025-11-13T08:22:08.264330Z  WARN ThreadId(09) docker_node:   Connection reuse ineffective (2.0 msg/conn)
2025-11-13T08:22:08.316922Z  WARN ThreadId(09) docker_node: Node 0 Regular transaction queue backlog: 4908 transactions
2025-11-13T08:22:12.844342Z  WARN ThreadId(21) hotstuff_runner::tcp_node: Node 0 view 253 timed out; latency may accumulate
2025-11-13T08:22:13.263975Z  WARN ThreadId(07) docker_node: Low processing efficiency: 0.0% - system may need tuning
2025-11-13T08:22:13.264002Z  WARN ThreadId(07) docker_node:   Connection reuse ineffective (2.0 msg/conn)
2025-11-13T08:22:13.317382Z  WARN ThreadId(09) docker_node: Node 0 Regular transaction queue backlog: 5014 transactions
2025-11-13T08:22:13.660510Z  WARN ThreadId(20) hotstuff_runner::app: Node 0 [produce_block] queue size: 5014, attempting up to 5014 transactions this block    
2025-11-13T08:22:13.663426Z  WARN ThreadId(20) hotstuff_runner::app: Node 0 view(258) far exceeds block count (8); potential sync issue    
2025-11-13T08:22:18.264190Z  WARN ThreadId(09) docker_node: Low processing efficiency: 0.0% - system may need tuning
2025-11-13T08:22:18.264230Z  WARN ThreadId(09) docker_node:   Connection reuse ineffective (2.0 msg/conn)
2025-11-13T08:22:23.263968Z  WARN ThreadId(09) docker_node: Low processing efficiency: 0.0% - system may need tuning
2025-11-13T08:22:23.263997Z  WARN ThreadId(09) docker_node:   Connection reuse ineffective (2.0 msg/conn)
2025-11-13T08:22:27.772644Z  WARN ThreadId(21) hotstuff_runner::tcp_node: Node 0 view 265 timed out; latency may accumulate
2025-11-13T08:22:28.264380Z  WARN ThreadId(09) docker_node: Low processing efficiency: 0.0% - system may need tuning
2025-11-13T08:22:28.264409Z  WARN ThreadId(09) docker_node:   Connection reuse ineffective (2.0 msg/conn)
2025-11-13T08:22:33.193034Z  WARN ThreadId(21) hotstuff_runner::tcp_node: Node 0 view 273 timed out; latency may accumulate
2025-11-13T08:22:33.263940Z  WARN ThreadId(05) docker_node: Low processing efficiency: 0.0% - system may need tuning
2025-11-13T08:22:33.263966Z  WARN ThreadId(05) docker_node:   Connection reuse ineffective (2.0 msg/conn)
2025-11-13T08:22:35.845007Z  WARN ThreadId(20) hotstuff_runner::app: Node 0 [produce_block] queue size: 0, attempting up to 0 transactions this block    
2025-11-13T08:22:35.845060Z  WARN ThreadId(20) hotstuff_runner::app: Node 0 view(288) far exceeds block count (9); potential sync issue    
2025-11-13T08:22:38.264386Z  WARN ThreadId(05) docker_node: Low processing efficiency: 0.0% - system may need tuning
2025-11-13T08:22:38.264414Z  WARN ThreadId(05) docker_node:   Connection reuse ineffective (2.0 msg/conn)
2025-11-13T08:22:41.687815Z  WARN ThreadId(20) hotstuff_runner::app: Node 0 [produce_block] queue size: 0, attempting up to 0 transactions this block    
2025-11-13T08:22:41.687881Z  WARN ThreadId(20) hotstuff_runner::app: Node 0 view(318) far exceeds block count (10); potential sync issue    
2025-11-13T08:22:43.265074Z  WARN ThreadId(02) docker_node: Low processing efficiency: 0.0% - system may need tuning
2025-11-13T08:22:43.265117Z  WARN ThreadId(02) docker_node:   Connection reuse ineffective (2.0 msg/conn)
2025-11-13T08:22:47.495043Z  WARN ThreadId(20) hotstuff_runner::app: Node 0 [produce_block] queue size: 0, attempting up to 0 transactions this block    
2025-11-13T08:22:47.495062Z  WARN ThreadId(20) hotstuff_runner::app: Node 0 view(348) far exceeds block count (11); potential sync issue    
2025-11-13T08:22:48.263920Z  WARN ThreadId(08) docker_node: Low processing efficiency: 0.0% - system may need tuning
2025-11-13T08:22:48.263978Z  WARN ThreadId(08) docker_node:   Connection reuse ineffective (2.0 msg/conn)
2025-11-13T08:22:53.239043Z  WARN ThreadId(20) hotstuff_runner::app: Node 0 [produce_block] queue size: 0, attempting up to 0 transactions this block    
2025-11-13T08:22:53.239063Z  WARN ThreadId(20) hotstuff_runner::app: Node 0 view(378) far exceeds block count (12); potential sync issue    
2025-11-13T08:22:53.264530Z  WARN ThreadId(05) docker_node: Low processing efficiency: 0.0% - system may need tuning
2025-11-13T08:22:53.264557Z  WARN ThreadId(05) docker_node:   Connection reuse ineffective (2.0 msg/conn)
2025-11-13T08:22:58.263977Z  WARN ThreadId(05) docker_node: Low processing efficiency: 0.0% - system may need tuning
2025-11-13T08:22:58.264008Z  WARN ThreadId(05) docker_node:   Connection reuse ineffective (2.0 msg/conn)
2025-11-13T08:22:59.043167Z  WARN ThreadId(20) hotstuff_runner::app: Node 0 [produce_block] queue size: 0, attempting up to 0 transactions this block    
2025-11-13T08:22:59.043194Z  WARN ThreadId(20) hotstuff_runner::app: Node 0 view(408) far exceeds block count (13); potential sync issue    
2025-11-13T08:22:59.908420Z  WARN ThreadId(24) hotstuff_runner::smrol::network: ⚠️ [SMROL] writer task 0 -> 17 failed: Failed to write length: Connection reset by peer (os error 104)
2025-11-13T08:23:00.124359Z  WARN ThreadId(25) hotstuff_runner::smrol::network: ⚠️ [SMROL] writer task 0 -> 18 failed: Failed to write length: Broken pipe (os error 32)
2025-11-13T08:23:00.124542Z  WARN ThreadId(25) hotstuff_runner::smrol::network: ⚠️ [SMROL] writer task 0 -> 16 failed: Failed to write length: Connection reset by peer (os error 104)
2025-11-13T08:23:00.126119Z  WARN ThreadId(02) hotstuff_runner::smrol::pnfifo: ⚠️ [PNFIFO] Node 0 proposal handling failed (leader 17 slot 3466): Failed to send VOTE: Connection failed 3.106.183.0:21017: Connection refused (os error 111)
2025-11-13T08:23:00.327512Z  WARN ThreadId(09) hotstuff_runner::smrol::pnfifo: ⚠️ [PNFIFO] Node 0 proposal handling failed (leader 18 slot 6324): Failed to send VOTE: Connection failed 54.252.216.245:21018: Connection refused (os error 111)
2025-11-13T08:23:00.523943Z  WARN ThreadId(09) hotstuff_runner::smrol::pnfifo: ⚠️ [PNFIFO] Node 0 proposal handling failed (leader 16 slot 5451): Failed to send VOTE: Connection failed 3.27.109.74:21016: Connection refused (os error 111)
2025-11-13T08:23:00.728750Z  WARN ThreadId(08) hotstuff_runner::smrol::pnfifo: ⚠️ [PNFIFO] Node 0 proposal handling failed (leader 17 slot 3467): Failed to send VOTE: Connection failed 3.106.183.0:21017: Connection refused (os error 111)
2025-11-13T08:23:00.951761Z  WARN ThreadId(02) hotstuff_runner::smrol::pnfifo: ⚠️ [PNFIFO] Node 0 proposal handling failed (leader 18 slot 6325): Failed to send VOTE: Connection failed 54.252.216.245:21018: Connection refused (os error 111)
2025-11-13T08:23:00.982067Z  WARN ThreadId(24) hotstuff_runner::smrol::network: ⚠️ [SMROL] writer task 0 -> 14 failed: Failed to write length: Broken pipe (os error 32)
2025-11-13T08:23:01.118859Z  WARN ThreadId(25) hotstuff_runner::smrol::network: ⚠️ [SMROL] writer task 0 -> 15 failed: Failed to write length: Connection reset by peer (os error 104)
2025-11-13T08:23:01.121007Z  WARN ThreadId(25) hotstuff_runner::smrol::network: ⚠️ [SMROL] writer task 0 -> 13 failed: Failed to write length: Broken pipe (os error 32)
2025-11-13T08:23:01.199627Z  WARN ThreadId(09) hotstuff_runner::smrol::pnfifo: ⚠️ [PNFIFO] Node 0 proposal handling failed (leader 18 slot 6326): Failed to send VOTE: Connection failed 54.252.216.245:21018: Connection refused (os error 111)
2025-11-13T08:23:01.415713Z  WARN ThreadId(02) hotstuff_runner::smrol::pnfifo: ⚠️ [PNFIFO] Node 0 proposal handling failed (leader 15 slot 6349): Failed to send VOTE: Connection failed 13.251.114.13:21015: Connection refused (os error 111)
2025-11-13T08:23:01.436900Z  WARN ThreadId(25) hotstuff_runner::smrol::network: ⚠️ [SMROL] writer task 0 -> 20 failed: Failed to write length: Broken pipe (os error 32)
2025-11-13T08:23:01.640593Z  WARN ThreadId(09) hotstuff_runner::smrol::pnfifo: ⚠️ [PNFIFO] Node 0 proposal handling failed (leader 18 slot 6327): Failed to send VOTE: Connection failed 54.252.216.245:21018: Connection refused (os error 111)
2025-11-13T08:23:01.656462Z  WARN ThreadId(25) hotstuff_runner::smrol::network: ⚠️ [SMROL] writer task 0 -> 5 failed: Failed to write length: Connection reset by peer (os error 104)
2025-11-13T08:23:01.656654Z  WARN ThreadId(24) hotstuff_runner::smrol::network: ⚠️ [SMROL] writer task 0 -> 8 failed: Failed to write length: Connection reset by peer (os error 104)
2025-11-13T08:23:01.656656Z  WARN ThreadId(25) hotstuff_runner::smrol::network: ⚠️ [SMROL] writer task 0 -> 7 failed: Failed to write length: Connection reset by peer (os error 104)
2025-11-13T08:23:01.656740Z  WARN ThreadId(24) hotstuff_runner::smrol::network: ⚠️ [SMROL] writer task 0 -> 19 failed: Failed to write length: Broken pipe (os error 32)
2025-11-13T08:23:01.656806Z  WARN ThreadId(25) hotstuff_runner::smrol::network: ⚠️ [SMROL] writer task 0 -> 11 failed: Failed to write length: Connection reset by peer (os error 104)
2025-11-13T08:23:01.773440Z  WARN ThreadId(24) hotstuff_runner::smrol::network: ⚠️ [SMROL] writer task 0 -> 9 failed: Failed to write length: Broken pipe (os error 32)
2025-11-13T08:23:01.773626Z  WARN ThreadId(25) hotstuff_runner::smrol::network: ⚠️ [SMROL] writer task 0 -> 6 failed: Failed to write length: Broken pipe (os error 32)
2025-11-13T08:23:01.787495Z  WARN ThreadId(08) hotstuff_runner::smrol::pnfifo: ⚠️ [PNFIFO] Node 0 proposal handling failed (leader 20 slot 6028): Failed to send VOTE: Connection failed 18.183.51.114:21020: Connection refused (os error 111)
2025-11-13T08:23:01.854775Z  WARN ThreadId(07) hotstuff_runner::smrol::pnfifo: ⚠️ [PNFIFO] Node 0 proposal handling failed (leader 9 slot 6152): Failed to send VOTE: Connection failed 54.177.223.204:21009: Connection refused (os error 111)
2025-11-13T08:23:01.922265Z  WARN ThreadId(07) hotstuff_runner::smrol::pnfifo: ⚠️ [PNFIFO] Node 0 proposal handling failed (leader 5 slot 6513): Failed to send VOTE: Connection failed 13.56.149.196:21005: Connection refused (os error 111)
2025-11-13T08:23:01.923098Z  WARN ThreadId(25) hotstuff_runner::smrol::network: ⚠️ [SMROL] writer task 0 -> 10 failed: Failed to write length: Broken pipe (os error 32)
2025-11-13T08:23:01.930921Z  WARN ThreadId(24) hotstuff_runner::smrol::network: ⚠️ [SMROL] writer task 0 -> 12 failed: Failed to write length: Broken pipe (os error 32)
2025-11-13T08:23:01.991789Z  WARN ThreadId(08) hotstuff_runner::smrol::pnfifo: ⚠️ [PNFIFO] Node 0 proposal handling failed (leader 7 slot 6287): Failed to send VOTE: Connection failed 54.215.244.166:21007: Connection refused (os error 111)
2025-11-13T08:23:02.060060Z  WARN ThreadId(08) hotstuff_runner::smrol::pnfifo: ⚠️ [PNFIFO] Node 0 proposal handling failed (leader 6 slot 6287): Failed to send VOTE: Connection failed 13.57.219.120:21006: Connection refused (os error 111)
