2025-11-04T13:33:35.865754Z  WARN ThreadId(01) hotstuff_runner::telemetry: Prometheus metrics exporter started ✅ listen_addr=0.0.0.0:9900
2025-11-04T13:33:35.865831Z  WARN ThreadId(01) hotstuff_runner::telemetry: ✅ wrote smrol.node_up=1 (boot) node_id=0
2025-11-04T13:33:51.069160Z  WARN ThreadId(01) hotstuff_runner::tcp_node: Node 0 view timeout set to 1000 ms
2025-11-04T13:33:51.072339Z ERROR ThreadId(23) hotstuff_runner::pompe_network: Node 0 failed to connect to node 1: Connection refused (os error 111)
2025-11-04T13:33:51.072594Z ERROR ThreadId(23) hotstuff_runner::pompe_network: Node 0 failed to connect to node 2: Connection refused (os error 111)
2025-11-04T13:33:51.072882Z ERROR ThreadId(23) hotstuff_runner::pompe_network: Node 0 failed to connect to node 3: Connection refused (os error 111)
2025-11-04T13:33:51.073113Z ERROR ThreadId(22) hotstuff_runner::pompe_network: Node 0 failed to connect to node 4: Connection refused (os error 111)
2025-11-04T13:33:51.073336Z ERROR ThreadId(22) hotstuff_runner::pompe_network: Node 0 failed to connect to node 5: Connection refused (os error 111)
2025-11-04T13:33:51.073592Z ERROR ThreadId(22) hotstuff_runner::pompe_network: Node 0 failed to connect to node 6: Connection refused (os error 111)
2025-11-04T13:33:51.073860Z ERROR ThreadId(22) hotstuff_runner::pompe_network: Node 0 failed to connect to node 7: Connection refused (os error 111)
2025-11-04T13:33:51.074077Z ERROR ThreadId(22) hotstuff_runner::pompe_network: Node 0 failed to connect to node 8: Connection refused (os error 111)
2025-11-04T13:33:51.074314Z ERROR ThreadId(22) hotstuff_runner::pompe_network: Node 0 failed to connect to node 9: Connection refused (os error 111)
2025-11-04T13:33:51.074493Z ERROR ThreadId(22) hotstuff_runner::pompe_network: Node 0 failed to connect to node 10: Connection refused (os error 111)
2025-11-04T13:33:51.074718Z ERROR ThreadId(22) hotstuff_runner::pompe_network: Node 0 failed to connect to node 11: Connection refused (os error 111)
2025-11-04T13:33:51.074931Z ERROR ThreadId(22) hotstuff_runner::pompe_network: Node 0 failed to connect to node 12: Connection refused (os error 111)
2025-11-04T13:33:51.075138Z ERROR ThreadId(22) hotstuff_runner::pompe_network: Node 0 failed to connect to node 13: Connection refused (os error 111)
2025-11-04T13:33:51.075453Z ERROR ThreadId(22) hotstuff_runner::pompe_network: Node 0 failed to connect to node 14: Connection refused (os error 111)
2025-11-04T13:33:51.075682Z ERROR ThreadId(22) hotstuff_runner::pompe_network: Node 0 failed to connect to node 15: Connection refused (os error 111)
2025-11-04T13:33:51.075914Z ERROR ThreadId(22) hotstuff_runner::pompe_network: Node 0 failed to connect to node 16: Connection refused (os error 111)
2025-11-04T13:33:51.076205Z ERROR ThreadId(22) hotstuff_runner::pompe_network: Node 0 failed to connect to node 17: Connection refused (os error 111)
2025-11-04T13:33:51.076453Z ERROR ThreadId(22) hotstuff_runner::pompe_network: Node 0 failed to connect to node 18: Connection refused (os error 111)
2025-11-04T13:33:51.076661Z ERROR ThreadId(22) hotstuff_runner::pompe_network: Node 0 failed to connect to node 19: Connection refused (os error 111)
2025-11-04T13:33:51.076865Z ERROR ThreadId(22) hotstuff_runner::pompe_network: Node 0 failed to connect to node 20: Connection refused (os error 111)
2025-11-04T13:33:51.077075Z ERROR ThreadId(22) hotstuff_runner::pompe_network: Node 0 failed to connect to node 21: Connection refused (os error 111)
2025-11-04T13:33:51.077294Z ERROR ThreadId(22) hotstuff_runner::pompe_network: Node 0 failed to connect to node 22: Connection refused (os error 111)
2025-11-04T13:33:51.077528Z ERROR ThreadId(22) hotstuff_runner::pompe_network: Node 0 failed to connect to node 23: Connection refused (os error 111)
2025-11-04T13:33:51.077768Z ERROR ThreadId(22) hotstuff_runner::pompe_network: Node 0 failed to connect to node 24: Connection refused (os error 111)
2025-11-04T13:33:51.077963Z ERROR ThreadId(22) hotstuff_runner::pompe_network: Node 0 failed to connect to node 25: Connection refused (os error 111)
2025-11-04T13:33:51.078204Z ERROR ThreadId(22) hotstuff_runner::pompe_network: Node 0 failed to connect to node 26: Connection refused (os error 111)
2025-11-04T13:33:51.078409Z ERROR ThreadId(22) hotstuff_runner::pompe_network: Node 0 failed to connect to node 27: Connection refused (os error 111)
2025-11-04T13:33:51.078628Z ERROR ThreadId(22) hotstuff_runner::pompe_network: Node 0 failed to connect to node 28: Connection refused (os error 111)
2025-11-04T13:33:51.078866Z ERROR ThreadId(22) hotstuff_runner::pompe_network: Node 0 failed to connect to node 29: Connection refused (os error 111)
2025-11-04T13:33:51.079093Z ERROR ThreadId(22) hotstuff_runner::pompe_network: Node 0 failed to connect to node 30: Connection refused (os error 111)
2025-11-04T13:33:51.079327Z ERROR ThreadId(22) hotstuff_runner::pompe_network: Node 0 failed to connect to node 31: Connection refused (os error 111)
2025-11-04T13:33:51.079533Z ERROR ThreadId(22) hotstuff_runner::pompe_network: Node 0 failed to connect to node 32: Connection refused (os error 111)
2025-11-04T13:33:51.079801Z ERROR ThreadId(22) hotstuff_runner::pompe_network: Node 0 failed to connect to node 33: Connection refused (os error 111)
2025-11-04T13:33:51.081901Z  WARN ThreadId(01) hotstuff_runner::smrol::sequencing: SMROL_MEDIAN_INFLIGHT=24, SMROL_ORDER_FINALIZE_INFLIGHT=4, SMROL_FINAL_SIGN_INFLIGHT=4, SMROL_FINAL_VERIFY_INFLIGHT=24
2025-11-04T13:33:51.081949Z  WARN ThreadId(01) hotstuff_runner::smrol::sequencing: [Sequencing] Node 0 multi-signature verification disabled: false
2025-11-04T13:33:51.082048Z  WARN ThreadId(02) hotstuff_runner::smrol::sequencing: [Sequencing] Node 0 final verify dispatcher started
2025-11-04T13:33:52.071632Z  WARN ThreadId(21) hotstuff_runner::tcp_node: Node 0 view 0 timed out; latency may accumulate
2025-11-04T13:33:53.073358Z  WARN ThreadId(21) hotstuff_runner::tcp_node: Node 0 view 0 timed out; latency may accumulate
2025-11-04T13:33:56.084922Z  WARN ThreadId(01) docker_node: Node 0 port 20000 temporarily unreachable: failed to lookup address information: Temporary failure in name resolution
2025-11-04T13:33:56.086616Z  WARN ThreadId(01) docker_node: Node 1 port 20001 temporarily unreachable: failed to lookup address information: Temporary failure in name resolution
2025-11-04T13:33:56.088184Z  WARN ThreadId(01) docker_node: Node 2 port 20002 temporarily unreachable: failed to lookup address information: Temporary failure in name resolution
2025-11-04T13:33:56.089844Z  WARN ThreadId(01) docker_node: Node 3 port 20003 temporarily unreachable: failed to lookup address information: Temporary failure in name resolution
2025-11-04T13:33:56.091469Z  WARN ThreadId(01) docker_node: Node 4 port 20004 temporarily unreachable: failed to lookup address information: Temporary failure in name resolution
2025-11-04T13:33:56.093049Z  WARN ThreadId(01) docker_node: Node 5 port 20005 temporarily unreachable: failed to lookup address information: Temporary failure in name resolution
2025-11-04T13:33:56.094673Z  WARN ThreadId(01) docker_node: Node 6 port 20006 temporarily unreachable: failed to lookup address information: Temporary failure in name resolution
2025-11-04T13:33:56.096265Z  WARN ThreadId(01) docker_node: Node 7 port 20007 temporarily unreachable: failed to lookup address information: Temporary failure in name resolution
2025-11-04T13:33:56.097735Z  WARN ThreadId(01) docker_node: Node 8 port 20008 temporarily unreachable: failed to lookup address information: Temporary failure in name resolution
2025-11-04T13:33:56.099430Z  WARN ThreadId(01) docker_node: Node 9 port 20009 temporarily unreachable: failed to lookup address information: Temporary failure in name resolution
2025-11-04T13:33:56.100911Z  WARN ThreadId(01) docker_node: Node 10 port 20010 temporarily unreachable: failed to lookup address information: Temporary failure in name resolution
2025-11-04T13:33:56.102551Z  WARN ThreadId(01) docker_node: Node 11 port 20011 temporarily unreachable: failed to lookup address information: Temporary failure in name resolution
2025-11-04T13:33:56.104087Z  WARN ThreadId(01) docker_node: Node 12 port 20012 temporarily unreachable: failed to lookup address information: Temporary failure in name resolution
2025-11-04T13:33:56.105593Z  WARN ThreadId(01) docker_node: Node 13 port 20013 temporarily unreachable: failed to lookup address information: Temporary failure in name resolution
2025-11-04T13:33:56.107210Z  WARN ThreadId(01) docker_node: Node 14 port 20014 temporarily unreachable: failed to lookup address information: Temporary failure in name resolution
2025-11-04T13:33:56.108832Z  WARN ThreadId(01) docker_node: Node 15 port 20015 temporarily unreachable: failed to lookup address information: Temporary failure in name resolution
2025-11-04T13:33:56.110246Z  WARN ThreadId(01) docker_node: Node 16 port 20016 temporarily unreachable: failed to lookup address information: Temporary failure in name resolution
2025-11-04T13:33:56.111697Z  WARN ThreadId(01) docker_node: Node 17 port 20017 temporarily unreachable: failed to lookup address information: Temporary failure in name resolution
2025-11-04T13:33:56.113221Z  WARN ThreadId(01) docker_node: Node 18 port 20018 temporarily unreachable: failed to lookup address information: Temporary failure in name resolution
2025-11-04T13:33:56.114711Z  WARN ThreadId(01) docker_node: Node 19 port 20019 temporarily unreachable: failed to lookup address information: Temporary failure in name resolution
2025-11-04T13:33:56.116272Z  WARN ThreadId(01) docker_node: Node 20 port 20020 temporarily unreachable: failed to lookup address information: Temporary failure in name resolution
2025-11-04T13:33:56.117838Z  WARN ThreadId(01) docker_node: Node 21 port 20021 temporarily unreachable: failed to lookup address information: Temporary failure in name resolution
2025-11-04T13:33:56.119418Z  WARN ThreadId(01) docker_node: Node 22 port 20022 temporarily unreachable: failed to lookup address information: Temporary failure in name resolution
2025-11-04T13:33:56.120952Z  WARN ThreadId(01) docker_node: Node 23 port 20023 temporarily unreachable: failed to lookup address information: Temporary failure in name resolution
2025-11-04T13:33:56.122564Z  WARN ThreadId(01) docker_node: Node 24 port 20024 temporarily unreachable: failed to lookup address information: Temporary failure in name resolution
2025-11-04T13:33:56.124144Z  WARN ThreadId(01) docker_node: Node 25 port 20025 temporarily unreachable: failed to lookup address information: Temporary failure in name resolution
2025-11-04T13:33:56.125632Z  WARN ThreadId(01) docker_node: Node 26 port 20026 temporarily unreachable: failed to lookup address information: Temporary failure in name resolution
2025-11-04T13:33:56.127263Z  WARN ThreadId(01) docker_node: Node 27 port 20027 temporarily unreachable: failed to lookup address information: Temporary failure in name resolution
2025-11-04T13:33:56.128794Z  WARN ThreadId(01) docker_node: Node 28 port 20028 temporarily unreachable: failed to lookup address information: Temporary failure in name resolution
2025-11-04T13:33:56.130347Z  WARN ThreadId(01) docker_node: Node 29 port 20029 temporarily unreachable: failed to lookup address information: Temporary failure in name resolution
2025-11-04T13:33:56.131996Z  WARN ThreadId(01) docker_node: Node 30 port 20030 temporarily unreachable: failed to lookup address information: Temporary failure in name resolution
2025-11-04T13:33:56.133699Z  WARN ThreadId(01) docker_node: Node 31 port 20031 temporarily unreachable: failed to lookup address information: Temporary failure in name resolution
2025-11-04T13:33:56.135327Z  WARN ThreadId(01) docker_node: Node 32 port 20032 temporarily unreachable: failed to lookup address information: Temporary failure in name resolution
2025-11-04T13:33:56.137041Z  WARN ThreadId(01) docker_node: Node 33 port 20033 temporarily unreachable: failed to lookup address information: Temporary failure in name resolution
2025-11-04T13:34:18.670155Z  WARN ThreadId(02) hotstuff_runner::smrol::pnfifo: [affinity] pnfifo_threshold: overriding worker count 16 -> 6 to match core set
2025-11-04T13:34:18.675800Z  WARN ThreadId(37) hotstuff_runner::smrol::sequencing: [affinity] bound thread seq_offload-worker-2 to core CoreId { id: 4 }
2025-11-04T13:34:18.676141Z  WARN ThreadId(35) hotstuff_runner::smrol::sequencing: [affinity] bound thread seq_offload-worker-0 to core CoreId { id: 2 }
2025-11-04T13:34:18.676173Z  WARN ThreadId(40) hotstuff_runner::smrol::sequencing: [affinity] bound thread seq_offload-worker-5 to core CoreId { id: 7 }
2025-11-04T13:34:18.676319Z  WARN ThreadId(36) hotstuff_runner::smrol::sequencing: [affinity] bound thread seq_offload-worker-1 to core CoreId { id: 3 }
2025-11-04T13:34:18.676340Z  WARN ThreadId(08) hotstuff_runner::smrol::sequencing: [affinity] multisig_sign_combine: overriding worker count 16 -> 6 to match core set
2025-11-04T13:34:18.676535Z  WARN ThreadId(41) hotstuff_runner::smrol::sequencing: [affinity] bound thread multisig_sign_combine-worker-0 to core CoreId { id: 2 }
2025-11-04T13:34:18.676873Z  WARN ThreadId(42) hotstuff_runner::smrol::sequencing: [affinity] bound thread multisig_sign_combine-worker-1 to core CoreId { id: 3 }
2025-11-04T13:34:18.676941Z  WARN ThreadId(43) hotstuff_runner::smrol::sequencing: [affinity] bound thread multisig_sign_combine-worker-2 to core CoreId { id: 4 }
2025-11-04T13:34:18.677249Z  WARN ThreadId(46) hotstuff_runner::smrol::sequencing: [affinity] bound thread multisig_sign_combine-worker-5 to core CoreId { id: 7 }
2025-11-04T13:34:18.677251Z  WARN ThreadId(39) hotstuff_runner::smrol::sequencing: [affinity] bound thread seq_offload-worker-4 to core CoreId { id: 6 }
2025-11-04T13:34:18.677270Z  WARN ThreadId(45) hotstuff_runner::smrol::sequencing: [affinity] bound thread multisig_sign_combine-worker-4 to core CoreId { id: 6 }
2025-11-04T13:34:18.677363Z  WARN ThreadId(38) hotstuff_runner::smrol::sequencing: [affinity] bound thread seq_offload-worker-3 to core CoreId { id: 5 }
2025-11-04T13:34:18.677385Z  WARN ThreadId(44) hotstuff_runner::smrol::sequencing: [affinity] bound thread multisig_sign_combine-worker-3 to core CoreId { id: 5 }
2025-11-04T13:34:18.696472Z  WARN ThreadId(27) hotstuff_runner::smrol::sequencing: [affinity] multisig_verify_combined: overriding worker count 16 -> 6 to match core set
2025-11-04T13:34:18.697198Z  WARN ThreadId(47) hotstuff_runner::smrol::sequencing: [affinity] bound thread multisig_verify_combined-worker-0 to core CoreId { id: 2 }
2025-11-04T13:34:18.697357Z  WARN ThreadId(51) hotstuff_runner::smrol::sequencing: [affinity] bound thread multisig_verify_combined-worker-4 to core CoreId { id: 6 }
2025-11-04T13:34:18.697917Z  WARN ThreadId(49) hotstuff_runner::smrol::sequencing: [affinity] bound thread multisig_verify_combined-worker-2 to core CoreId { id: 4 }
2025-11-04T13:34:18.698109Z  WARN ThreadId(50) hotstuff_runner::smrol::sequencing: [affinity] bound thread multisig_verify_combined-worker-3 to core CoreId { id: 5 }
2025-11-04T13:34:18.698214Z  WARN ThreadId(48) hotstuff_runner::smrol::sequencing: [affinity] bound thread multisig_verify_combined-worker-1 to core CoreId { id: 3 }
2025-11-04T13:34:18.698452Z  WARN ThreadId(52) hotstuff_runner::smrol::sequencing: [affinity] bound thread multisig_verify_combined-worker-5 to core CoreId { id: 7 }
2025-11-04T13:34:18.708438Z  WARN ThreadId(26) hotstuff_runner::smrol::sequencing: [affinity] multisig_verify_median: overriding worker count 16 -> 6 to match core set
2025-11-04T13:34:18.708972Z  WARN ThreadId(57) hotstuff_runner::smrol::sequencing: [affinity] bound thread multisig_verify_median-worker-4 to core CoreId { id: 6 }
2025-11-04T13:34:18.709082Z  WARN ThreadId(58) hotstuff_runner::smrol::sequencing: [affinity] bound thread multisig_verify_median-worker-5 to core CoreId { id: 7 }
2025-11-04T13:34:18.709264Z  WARN ThreadId(55) hotstuff_runner::smrol::sequencing: [affinity] bound thread multisig_verify_median-worker-2 to core CoreId { id: 4 }
2025-11-04T13:34:18.709391Z  WARN ThreadId(56) hotstuff_runner::smrol::sequencing: [affinity] bound thread multisig_verify_median-worker-3 to core CoreId { id: 5 }
2025-11-04T13:34:18.710009Z  WARN ThreadId(53) hotstuff_runner::smrol::sequencing: [affinity] bound thread multisig_verify_median-worker-0 to core CoreId { id: 2 }
2025-11-04T13:34:18.710982Z  WARN ThreadId(54) hotstuff_runner::smrol::sequencing: [affinity] bound thread multisig_verify_median-worker-1 to core CoreId { id: 3 }
2025-11-04T13:34:19.042455Z  WARN ThreadId(25) hotstuff_runner::smrol::network: ⚠️ [Check] Writer 0 -> 12 slow write: 5.574752ms
2025-11-04T13:34:29.651080Z  WARN ThreadId(24) hotstuff_runner::smrol::network: ⚠️ [Check] Writer 0 -> 31 slow write: 5.187555ms
2025-11-04T13:34:30.042207Z  WARN ThreadId(25) hotstuff_runner::smrol::network: ⚠️ [Check] Writer 0 -> 25 slow write: 5.597614ms
2025-11-04T13:34:34.763852Z  WARN ThreadId(25) hotstuff_runner::smrol::network: ⚠️ [Check] Writer 0 -> 3 slow write: 5.909437ms
2025-11-04T13:34:37.610895Z  WARN ThreadId(25) hotstuff_runner::smrol::network: ⚠️ [Check] Writer 0 -> 30 slow write: 7.48725ms
2025-11-04T13:34:40.112212Z  WARN ThreadId(24) hotstuff_runner::smrol::network: ⚠️ [Check] Writer 0 -> 2 slow write: 7.356733ms
2025-11-04T13:34:41.082784Z  WARN ThreadId(08) docker_node: Low processing efficiency: 0.0% - system may need tuning
2025-11-04T13:34:46.084066Z  WARN ThreadId(02) docker_node: Low processing efficiency: 0.0% - system may need tuning
2025-11-04T13:34:46.595338Z  WARN ThreadId(24) hotstuff_runner::smrol::network: ⚠️ [Check] Writer 0 -> 31 slow write: 5.983541ms
2025-11-04T13:34:49.146865Z  WARN ThreadId(25) hotstuff_runner::smrol::network: ⚠️ [Check] Writer 0 -> 6 slow write: 11.292132ms
2025-11-04T13:34:51.082770Z  WARN ThreadId(06) docker_node: Low processing efficiency: 0.0% - system may need tuning
2025-11-04T13:34:56.015560Z  WARN ThreadId(25) hotstuff_runner::smrol::network: ⚠️ [Check] Writer 0 -> 14 slow write: 5.055439ms
2025-11-04T13:34:56.082890Z  WARN ThreadId(09) docker_node: Low processing efficiency: 0.0% - system may need tuning
2025-11-04T13:35:01.083119Z  WARN ThreadId(04) docker_node: Low processing efficiency: 0.0% - system may need tuning
2025-11-04T13:35:01.140636Z  WARN ThreadId(07) docker_node: Node 0 Regular transaction queue backlog: 1063 transactions
2025-11-04T13:35:06.083547Z  WARN ThreadId(04) docker_node: Low processing efficiency: 0.0% - system may need tuning
2025-11-04T13:35:06.495819Z  WARN ThreadId(25) hotstuff_runner::smrol::network: ⚠️ [Check] Writer 0 -> 14 slow write: 5.587462ms
2025-11-04T13:35:11.083300Z  WARN ThreadId(05) docker_node: Low processing efficiency: 0.0% - system may need tuning
2025-11-04T13:35:11.138295Z  WARN ThreadId(05) docker_node: Node 0 Regular transaction queue backlog: 1484 transactions
2025-11-04T13:35:16.082730Z  WARN ThreadId(08) docker_node: Low processing efficiency: 0.0% - system may need tuning
2025-11-04T13:35:20.481848Z  WARN ThreadId(24) hotstuff_runner::smrol::network: ⚠️ [Check] Writer 0 -> 11 slow write: 6.152936ms
2025-11-04T13:35:20.482057Z  WARN ThreadId(25) hotstuff_runner::smrol::network: ⚠️ [Check] Writer 0 -> 32 slow write: 8.507423ms
2025-11-04T13:35:21.083513Z  WARN ThreadId(05) docker_node: Low processing efficiency: 0.0% - system may need tuning
2025-11-04T13:35:21.138449Z  WARN ThreadId(03) docker_node: Node 0 Regular transaction queue backlog: 1598 transactions
2025-11-04T13:35:26.082595Z  WARN ThreadId(02) docker_node: Low processing efficiency: 0.0% - system may need tuning
2025-11-04T13:35:27.685483Z  WARN ThreadId(25) hotstuff_runner::smrol::network: ⚠️ [Check] Writer 0 -> 4 slow write: 5.198734ms
2025-11-04T13:35:31.083433Z  WARN ThreadId(08) docker_node: Low processing efficiency: 0.0% - system may need tuning
2025-11-04T13:35:31.138291Z  WARN ThreadId(03) docker_node: Node 0 Regular transaction queue backlog: 1530 transactions
2025-11-04T13:35:36.082865Z  WARN ThreadId(05) docker_node: Low processing efficiency: 0.0% - system may need tuning
2025-11-04T13:35:41.082626Z  WARN ThreadId(08) docker_node: Low processing efficiency: 0.0% - system may need tuning
2025-11-04T13:35:41.137694Z  WARN ThreadId(06) docker_node: Node 0 Regular transaction queue backlog: 1021 transactions
2025-11-04T13:35:45.462984Z  WARN ThreadId(24) hotstuff_runner::smrol::network: ⚠️ [Check] Writer 0 -> 28 slow write: 5.187545ms
2025-11-04T13:35:46.082730Z  WARN ThreadId(08) docker_node: Low processing efficiency: 0.0% - system may need tuning
2025-11-04T13:35:46.138050Z  WARN ThreadId(09) docker_node: Node 0 Regular transaction queue backlog: 1837 transactions
2025-11-04T13:35:51.083485Z  WARN ThreadId(06) docker_node: Low processing efficiency: 0.0% - system may need tuning
2025-11-04T13:35:55.747073Z  WARN ThreadId(24) hotstuff_runner::smrol::network: ⚠️ [Check] Writer 0 -> 1 slow write: 5.08466ms
2025-11-04T13:35:56.083168Z  WARN ThreadId(03) docker_node: Low processing efficiency: 0.0% - system may need tuning
2025-11-04T13:35:56.137863Z  WARN ThreadId(02) docker_node: Node 0 Regular transaction queue backlog: 1014 transactions
2025-11-04T13:35:57.987860Z  WARN ThreadId(25) hotstuff_runner::smrol::network: ⚠️ [Check] Writer 0 -> 11 slow write: 5.034868ms
2025-11-04T13:35:59.514945Z  WARN ThreadId(24) hotstuff_runner::smrol::network: ⚠️ [Check] Writer 0 -> 30 slow write: 5.119152ms
2025-11-04T13:36:01.083226Z  WARN ThreadId(08) docker_node: Low processing efficiency: 0.0% - system may need tuning
2025-11-04T13:36:01.138607Z  WARN ThreadId(06) docker_node: Node 0 Regular transaction queue backlog: 1870 transactions
2025-11-04T13:36:06.083099Z  WARN ThreadId(07) docker_node: Low processing efficiency: 0.0% - system may need tuning
2025-11-04T13:36:06.137704Z  WARN ThreadId(05) docker_node: Node 0 Regular transaction queue backlog: 2583 transactions
2025-11-04T13:36:10.283506Z  WARN ThreadId(24) hotstuff_runner::smrol::network: ⚠️ [Check] Writer 0 -> 25 slow write: 7.675368ms
2025-11-04T13:36:11.082771Z  WARN ThreadId(06) docker_node: Low processing efficiency: 0.0% - system may need tuning
2025-11-04T13:36:16.082857Z  WARN ThreadId(05) docker_node: Low processing efficiency: 0.0% - system may need tuning
2025-11-04T13:36:16.138099Z  WARN ThreadId(09) docker_node: Node 0 Regular transaction queue backlog: 1156 transactions
2025-11-04T13:36:21.083102Z  WARN ThreadId(09) docker_node: Low processing efficiency: 0.0% - system may need tuning
2025-11-04T13:36:21.138243Z  WARN ThreadId(06) docker_node: Node 0 Regular transaction queue backlog: 1972 transactions
2025-11-04T13:36:26.083246Z  WARN ThreadId(08) docker_node: Low processing efficiency: 0.0% - system may need tuning
2025-11-04T13:36:26.137999Z  WARN ThreadId(02) docker_node: Node 0 Regular transaction queue backlog: 2856 transactions
2025-11-04T13:36:31.083519Z  WARN ThreadId(05) docker_node: Low processing efficiency: 0.0% - system may need tuning
2025-11-04T13:36:36.082855Z  WARN ThreadId(06) docker_node: Low processing efficiency: 0.0% - system may need tuning
2025-11-04T13:36:36.138264Z  WARN ThreadId(06) docker_node: Node 0 Regular transaction queue backlog: 1292 transactions
2025-11-04T13:36:41.082696Z  WARN ThreadId(05) docker_node: Low processing efficiency: 0.0% - system may need tuning
2025-11-04T13:36:41.137991Z  WARN ThreadId(03) docker_node: Node 0 Regular transaction queue backlog: 2142 transactions
