2025-11-05T05:41:27.090776Z  WARN ThreadId(01) hotstuff_runner::telemetry: Prometheus metrics exporter started ✅ listen_addr=0.0.0.0:9900
2025-11-05T05:41:27.093507Z  WARN ThreadId(01) hotstuff_runner::telemetry: ✅ wrote smrol.node_up=1 (boot) node_id=0
2025-11-05T05:41:42.305185Z  WARN ThreadId(01) hotstuff_runner::tcp_node: Node 0 view timeout set to 1000 ms
2025-11-05T05:41:42.311577Z  WARN ThreadId(01) hotstuff_runner::smrol::sequencing: SMROL_MEDIAN_INFLIGHT=24, SMROL_ORDER_FINALIZE_INFLIGHT=4, SMROL_FINAL_SIGN_INFLIGHT=4, SMROL_FINAL_VERIFY_INFLIGHT=24
2025-11-05T05:41:42.311623Z  WARN ThreadId(01) hotstuff_runner::smrol::sequencing: [Sequencing] Node 0 multi-signature verification disabled: false
2025-11-05T05:41:42.312395Z  WARN ThreadId(05) hotstuff_runner::smrol::sequencing: [Sequencing] Node 0 final verify dispatcher started
2025-11-05T05:41:42.313319Z ERROR ThreadId(22) hotstuff_runner::pompe_network: Node 0 failed to connect to node 2: Connection refused (os error 111)
2025-11-05T05:41:42.313442Z  WARN ThreadId(09) docker_node:   Connection reuse ineffective (2.0 msg/conn)
2025-11-05T05:41:42.313523Z ERROR ThreadId(22) hotstuff_runner::pompe_network: Node 0 failed to connect to node 3: Connection refused (os error 111)
2025-11-05T05:41:42.318337Z ERROR ThreadId(22) hotstuff_runner::pompe_network: Node 0 failed to connect to node 4: Connection refused (os error 111)
2025-11-05T05:41:42.318541Z ERROR ThreadId(22) hotstuff_runner::pompe_network: Node 0 failed to connect to node 5: Connection refused (os error 111)
2025-11-05T05:41:42.319993Z ERROR ThreadId(22) hotstuff_runner::pompe_network: Node 0 failed to connect to node 6: Connection refused (os error 111)
2025-11-05T05:41:42.320192Z ERROR ThreadId(22) hotstuff_runner::pompe_network: Node 0 failed to connect to node 7: Connection refused (os error 111)
2025-11-05T05:41:42.320557Z ERROR ThreadId(22) hotstuff_runner::pompe_network: Node 0 failed to connect to node 8: Connection refused (os error 111)
2025-11-05T05:41:42.320762Z ERROR ThreadId(22) hotstuff_runner::pompe_network: Node 0 failed to connect to node 9: Connection refused (os error 111)
2025-11-05T05:41:43.305985Z  WARN ThreadId(21) hotstuff_runner::tcp_node: Node 0 view 0 timed out; latency may accumulate
2025-11-05T05:41:47.313050Z  WARN ThreadId(05) docker_node:   Connection reuse ineffective (2.0 msg/conn)
2025-11-05T05:41:47.315620Z  WARN ThreadId(01) docker_node: Node 0 port 20000 temporarily unreachable: failed to lookup address information: Temporary failure in name resolution
2025-11-05T05:41:47.317259Z  WARN ThreadId(01) docker_node: Node 1 port 20001 temporarily unreachable: failed to lookup address information: Temporary failure in name resolution
2025-11-05T05:41:47.318948Z  WARN ThreadId(01) docker_node: Node 2 port 20002 temporarily unreachable: failed to lookup address information: Temporary failure in name resolution
2025-11-05T05:41:47.320392Z  WARN ThreadId(01) docker_node: Node 3 port 20003 temporarily unreachable: failed to lookup address information: Temporary failure in name resolution
2025-11-05T05:41:47.322170Z  WARN ThreadId(01) docker_node: Node 4 port 20004 temporarily unreachable: failed to lookup address information: Temporary failure in name resolution
2025-11-05T05:41:47.323840Z  WARN ThreadId(01) docker_node: Node 5 port 20005 temporarily unreachable: failed to lookup address information: Temporary failure in name resolution
2025-11-05T05:41:47.325654Z  WARN ThreadId(01) docker_node: Node 6 port 20006 temporarily unreachable: failed to lookup address information: Temporary failure in name resolution
2025-11-05T05:41:47.327328Z  WARN ThreadId(01) docker_node: Node 7 port 20007 temporarily unreachable: failed to lookup address information: Temporary failure in name resolution
2025-11-05T05:41:47.328844Z  WARN ThreadId(01) docker_node: Node 8 port 20008 temporarily unreachable: failed to lookup address information: Temporary failure in name resolution
2025-11-05T05:41:47.330380Z  WARN ThreadId(01) docker_node: Node 9 port 20009 temporarily unreachable: failed to lookup address information: Temporary failure in name resolution
2025-11-05T05:41:52.313670Z  WARN ThreadId(05) docker_node:   Connection reuse ineffective (2.0 msg/conn)
2025-11-05T05:41:57.312813Z  WARN ThreadId(08) docker_node:   Connection reuse ineffective (2.0 msg/conn)
2025-11-05T05:42:02.312858Z  WARN ThreadId(08) docker_node:   Connection reuse ineffective (2.0 msg/conn)
2025-11-05T05:42:07.312821Z  WARN ThreadId(02) docker_node: Overall processing delay detected:
2025-11-05T05:42:07.312844Z  WARN ThreadId(02) docker_node:    - Both queues are relatively empty but TPS is low: submission(625.0) vs confirmation(0.0)
2025-11-05T05:42:07.312855Z  WARN ThreadId(02) docker_node:    - Possible cause: Network delay, long block packing intervals, or high validation overhead
2025-11-05T05:42:07.315874Z  WARN ThreadId(21) hotstuff_runner::tcp_node: Detected transaction backlog: submit rate (526.3) > confirm rate (0.0)
2025-11-05T05:42:07.439885Z  WARN ThreadId(21) hotstuff_runner::tcp_node: Detected transaction backlog: submit rate (69.9) > confirm rate (0.0)
2025-11-05T05:42:07.559835Z  WARN ThreadId(21) hotstuff_runner::tcp_node: Detected transaction backlog: submit rate (76.0) > confirm rate (0.0)
2025-11-05T05:42:07.687257Z  WARN ThreadId(21) hotstuff_runner::tcp_node: Detected transaction backlog: submit rate (51.2) > confirm rate (0.0)
2025-11-05T05:42:07.815622Z  WARN ThreadId(21) hotstuff_runner::tcp_node: Detected transaction backlog: submit rate (57.8) > confirm rate (0.0)
2025-11-05T05:42:12.311318Z  WARN ThreadId(05) hotstuff_runner::pompe: 🧹 [Cleanup] Node 0 cleared 2500 orphaned ordering1 states
2025-11-05T05:42:12.312936Z  WARN ThreadId(08) docker_node: Low processing efficiency: 0.0% - system may need tuning
2025-11-05T05:42:17.313386Z  WARN ThreadId(04) docker_node: Low processing efficiency: 0.0% - system may need tuning
2025-11-05T05:42:22.313479Z  WARN ThreadId(02) docker_node: Low processing efficiency: 0.0% - system may need tuning
2025-11-05T05:42:27.313169Z  WARN ThreadId(04) docker_node: Low processing efficiency: 0.0% - system may need tuning
2025-11-05T05:42:32.313463Z  WARN ThreadId(09) docker_node: Low processing efficiency: 0.0% - system may need tuning
2025-11-05T05:42:37.312816Z  WARN ThreadId(02) docker_node: Low processing efficiency: 0.0% - system may need tuning
2025-11-05T05:42:42.315139Z  WARN ThreadId(08) hotstuff_runner::pompe: 🧹 [Cleanup] Node 0 cleared 15198 orphaned ordering1 states
2025-11-05T05:42:42.315204Z  WARN ThreadId(08) docker_node: Low processing efficiency: 0.0% - system may need tuning
2025-11-05T05:42:47.312729Z  WARN ThreadId(08) docker_node: Low processing efficiency: 0.0% - system may need tuning
2025-11-05T05:42:52.313048Z  WARN ThreadId(02) docker_node: Low processing efficiency: 0.0% - system may need tuning
2025-11-05T05:42:57.313664Z  WARN ThreadId(02) docker_node: Low processing efficiency: 0.0% - system may need tuning
2025-11-05T05:43:02.313559Z  WARN ThreadId(05) docker_node: Low processing efficiency: 0.0% - system may need tuning
2025-11-05T05:43:07.312761Z  WARN ThreadId(09) docker_node: Low processing efficiency: 0.0% - system may need tuning
2025-11-05T05:43:12.314672Z  WARN ThreadId(04) hotstuff_runner::pompe: 🧹 [Cleanup] Node 0 cleared 14800 orphaned ordering1 states
2025-11-05T05:43:12.314726Z  WARN ThreadId(04) docker_node: Low processing efficiency: 0.0% - system may need tuning
2025-11-05T05:43:17.313257Z  WARN ThreadId(02) docker_node: Low processing efficiency: 0.0% - system may need tuning
2025-11-05T05:43:22.312780Z  WARN ThreadId(04) docker_node: Low processing efficiency: 0.0% - system may need tuning
2025-11-05T05:43:27.313324Z  WARN ThreadId(08) docker_node: Low processing efficiency: 0.0% - system may need tuning
2025-11-05T05:43:27.331536Z  WARN ThreadId(08) docker_node: Node 0 Regular transaction queue backlog: 2299 transactions
2025-11-05T05:43:32.312930Z  WARN ThreadId(08) docker_node: Low processing efficiency: 0.0% - system may need tuning
2025-11-05T05:43:37.313334Z  WARN ThreadId(04) docker_node: Low processing efficiency: 0.0% - system may need tuning
2025-11-05T05:43:42.315229Z  WARN ThreadId(05) hotstuff_runner::pompe: 🧹 [Cleanup] Node 0 cleared 14800 orphaned ordering1 states
2025-11-05T05:43:42.315297Z  WARN ThreadId(05) docker_node: Low processing efficiency: 0.0% - system may need tuning
2025-11-05T05:43:47.312981Z  WARN ThreadId(05) docker_node: Low processing efficiency: 0.0% - system may need tuning
2025-11-05T05:43:52.313420Z  WARN ThreadId(09) docker_node: Low processing efficiency: 0.0% - system may need tuning
2025-11-05T05:43:57.313221Z  WARN ThreadId(04) docker_node: Low processing efficiency: 0.0% - system may need tuning
2025-11-05T05:44:02.313468Z  WARN ThreadId(08) docker_node: Low processing efficiency: 0.0% - system may need tuning
2025-11-05T05:44:07.313264Z  WARN ThreadId(02) docker_node: Low processing efficiency: 0.0% - system may need tuning
2025-11-05T05:44:12.312919Z  WARN ThreadId(09) docker_node: Low processing efficiency: 0.0% - system may need tuning
2025-11-05T05:44:12.315777Z  WARN ThreadId(02) hotstuff_runner::pompe: 🧹 [Cleanup] Node 0 cleared 14700 orphaned ordering1 states
2025-11-05T05:44:12.331130Z  WARN ThreadId(08) docker_node: Node 0 Regular transaction queue backlog: 1200 transactions
2025-11-05T05:44:17.312736Z  WARN ThreadId(08) docker_node: Low processing efficiency: 0.0% - system may need tuning
2025-11-05T05:44:22.312687Z  WARN ThreadId(04) docker_node: Low processing efficiency: 0.0% - system may need tuning
2025-11-05T05:44:27.313048Z  WARN ThreadId(02) docker_node: Low processing efficiency: 0.0% - system may need tuning
2025-11-05T05:44:32.313241Z  WARN ThreadId(02) docker_node: Low processing efficiency: 0.0% - system may need tuning
