2025-12-07T06:25:51.304469Z  WARN ThreadId(01) docker_node: metrics exporter disabled by SMROL_DISABLE_METRICS
2025-12-07T06:26:11.520505Z  WARN ThreadId(01) hotstuff_runner::tcp_node: Node 0 view timeout set to 5000 ms
2025-12-07T06:26:11.529767Z ERROR ThreadId(23) hotstuff_runner::pompe_network: Node 0 failed to connect to node 1: Connection refused (os error 111)
2025-12-07T06:26:11.530117Z ERROR ThreadId(23) hotstuff_runner::pompe_network: Node 0 failed to connect to node 2: Connection refused (os error 111)
2025-12-07T06:26:11.530498Z ERROR ThreadId(23) hotstuff_runner::pompe_network: Node 0 failed to connect to node 3: Connection refused (os error 111)
2025-12-07T06:26:11.530852Z ERROR ThreadId(23) hotstuff_runner::pompe_network: Node 0 failed to connect to node 4: Connection refused (os error 111)
2025-12-07T06:26:11.531200Z ERROR ThreadId(23) hotstuff_runner::pompe_network: Node 0 failed to connect to node 5: Connection refused (os error 111)
2025-12-07T06:26:11.548062Z  WARN ThreadId(01) hotstuff_runner::smrol::sequencing: SMROL_MEDIAN_INFLIGHT=24, SMROL_ORDER_FINALIZE_INFLIGHT=4, SMROL_FINAL_SIGN_INFLIGHT=4, SMROL_FINAL_VERIFY_INFLIGHT=24
2025-12-07T06:26:11.548125Z  WARN ThreadId(01) hotstuff_runner::smrol::sequencing: [Sequencing] Node 0 multi-signature verification disabled: false
2025-12-07T06:26:11.548889Z  WARN ThreadId(09) hotstuff_runner::smrol::sequencing: [Sequencing] Node 0 final verify dispatcher started
2025-12-07T06:26:16.523882Z  WARN ThreadId(21) hotstuff_runner::tcp_node: Node 0 view 0 timed out; latency may accumulate
2025-12-07T06:26:16.549434Z  WARN ThreadId(06) docker_node:   Connection reuse ineffective (2.0 msg/conn)
2025-12-07T06:26:16.552197Z  WARN ThreadId(01) docker_node: Node 0 port 20000 temporarily unreachable: failed to lookup address information: Temporary failure in name resolution
2025-12-07T06:26:16.554038Z  WARN ThreadId(01) docker_node: Node 1 port 20001 temporarily unreachable: failed to lookup address information: Temporary failure in name resolution
2025-12-07T06:26:16.555917Z  WARN ThreadId(01) docker_node: Node 2 port 20002 temporarily unreachable: failed to lookup address information: Temporary failure in name resolution
2025-12-07T06:26:16.557467Z  WARN ThreadId(01) docker_node: Node 3 port 20003 temporarily unreachable: failed to lookup address information: Temporary failure in name resolution
2025-12-07T06:26:16.559295Z  WARN ThreadId(01) docker_node: Node 4 port 20004 temporarily unreachable: failed to lookup address information: Temporary failure in name resolution
2025-12-07T06:26:16.560999Z  WARN ThreadId(01) docker_node: Node 5 port 20005 temporarily unreachable: failed to lookup address information: Temporary failure in name resolution
2025-12-07T06:26:16.562744Z  WARN ThreadId(01) docker_node: Node 6 port 20006 temporarily unreachable: failed to lookup address information: Temporary failure in name resolution
2025-12-07T06:26:16.564332Z  WARN ThreadId(01) docker_node: Node 7 port 20007 temporarily unreachable: failed to lookup address information: Temporary failure in name resolution
2025-12-07T06:26:16.566074Z  WARN ThreadId(01) docker_node: Node 8 port 20008 temporarily unreachable: failed to lookup address information: Temporary failure in name resolution
2025-12-07T06:26:16.567819Z  WARN ThreadId(01) docker_node: Node 9 port 20009 temporarily unreachable: failed to lookup address information: Temporary failure in name resolution
2025-12-07T06:26:16.569391Z  WARN ThreadId(01) docker_node: Node 10 port 20010 temporarily unreachable: failed to lookup address information: Temporary failure in name resolution
2025-12-07T06:26:16.570872Z  WARN ThreadId(01) docker_node: Node 11 port 20011 temporarily unreachable: failed to lookup address information: Temporary failure in name resolution
2025-12-07T06:26:16.572736Z  WARN ThreadId(01) docker_node: Node 12 port 20012 temporarily unreachable: failed to lookup address information: Temporary failure in name resolution
2025-12-07T06:26:16.574465Z  WARN ThreadId(01) docker_node: Node 13 port 20013 temporarily unreachable: failed to lookup address information: Temporary failure in name resolution
2025-12-07T06:26:16.576127Z  WARN ThreadId(01) docker_node: Node 14 port 20014 temporarily unreachable: failed to lookup address information: Temporary failure in name resolution
2025-12-07T06:26:16.577727Z  WARN ThreadId(01) docker_node: Node 15 port 20015 temporarily unreachable: failed to lookup address information: Temporary failure in name resolution
2025-12-07T06:26:16.579254Z  WARN ThreadId(01) docker_node: Node 16 port 20016 temporarily unreachable: failed to lookup address information: Temporary failure in name resolution
2025-12-07T06:26:16.580865Z  WARN ThreadId(01) docker_node: Node 17 port 20017 temporarily unreachable: failed to lookup address information: Temporary failure in name resolution
2025-12-07T06:26:16.582443Z  WARN ThreadId(01) docker_node: Node 18 port 20018 temporarily unreachable: failed to lookup address information: Temporary failure in name resolution
2025-12-07T06:26:16.583997Z  WARN ThreadId(01) docker_node: Node 19 port 20019 temporarily unreachable: failed to lookup address information: Temporary failure in name resolution
2025-12-07T06:26:16.585578Z  WARN ThreadId(01) docker_node: Node 20 port 20020 temporarily unreachable: failed to lookup address information: Temporary failure in name resolution
2025-12-07T06:26:16.587269Z  WARN ThreadId(01) docker_node: Node 21 port 20021 temporarily unreachable: failed to lookup address information: Temporary failure in name resolution
2025-12-07T06:26:16.588828Z  WARN ThreadId(01) docker_node: Node 22 port 20022 temporarily unreachable: failed to lookup address information: Temporary failure in name resolution
2025-12-07T06:26:16.590363Z  WARN ThreadId(01) docker_node: Node 23 port 20023 temporarily unreachable: failed to lookup address information: Temporary failure in name resolution
2025-12-07T06:26:16.592063Z  WARN ThreadId(01) docker_node: Node 24 port 20024 temporarily unreachable: failed to lookup address information: Temporary failure in name resolution
2025-12-07T06:26:16.593677Z  WARN ThreadId(01) docker_node: Node 25 port 20025 temporarily unreachable: failed to lookup address information: Temporary failure in name resolution
2025-12-07T06:26:16.595426Z  WARN ThreadId(01) docker_node: Node 26 port 20026 temporarily unreachable: failed to lookup address information: Temporary failure in name resolution
2025-12-07T06:26:16.597132Z  WARN ThreadId(01) docker_node: Node 27 port 20027 temporarily unreachable: failed to lookup address information: Temporary failure in name resolution
2025-12-07T06:26:16.598766Z  WARN ThreadId(01) docker_node: Node 28 port 20028 temporarily unreachable: failed to lookup address information: Temporary failure in name resolution
2025-12-07T06:26:16.600403Z  WARN ThreadId(01) docker_node: Node 29 port 20029 temporarily unreachable: failed to lookup address information: Temporary failure in name resolution
2025-12-07T06:26:16.602079Z  WARN ThreadId(01) docker_node: Node 30 port 20030 temporarily unreachable: failed to lookup address information: Temporary failure in name resolution
2025-12-07T06:26:16.603771Z  WARN ThreadId(01) docker_node: Node 31 port 20031 temporarily unreachable: failed to lookup address information: Temporary failure in name resolution
2025-12-07T06:26:16.605349Z  WARN ThreadId(01) docker_node: Node 32 port 20032 temporarily unreachable: failed to lookup address information: Temporary failure in name resolution
2025-12-07T06:26:16.606888Z  WARN ThreadId(01) docker_node: Node 33 port 20033 temporarily unreachable: failed to lookup address information: Temporary failure in name resolution
2025-12-07T06:26:16.608548Z  WARN ThreadId(01) docker_node: Node 34 port 20034 temporarily unreachable: failed to lookup address information: Temporary failure in name resolution
2025-12-07T06:26:16.610085Z  WARN ThreadId(01) docker_node: Node 35 port 20035 temporarily unreachable: failed to lookup address information: Temporary failure in name resolution
2025-12-07T06:26:16.611708Z  WARN ThreadId(01) docker_node: Node 36 port 20036 temporarily unreachable: failed to lookup address information: Temporary failure in name resolution
2025-12-07T06:26:16.613258Z  WARN ThreadId(01) docker_node: Node 37 port 20037 temporarily unreachable: failed to lookup address information: Temporary failure in name resolution
2025-12-07T06:26:16.614737Z  WARN ThreadId(01) docker_node: Node 38 port 20038 temporarily unreachable: failed to lookup address information: Temporary failure in name resolution
2025-12-07T06:26:16.616376Z  WARN ThreadId(01) docker_node: Node 39 port 20039 temporarily unreachable: failed to lookup address information: Temporary failure in name resolution
2025-12-07T06:26:16.617960Z  WARN ThreadId(01) docker_node: Node 40 port 20040 temporarily unreachable: failed to lookup address information: Temporary failure in name resolution
2025-12-07T06:26:16.619377Z  WARN ThreadId(01) docker_node: Node 41 port 20041 temporarily unreachable: failed to lookup address information: Temporary failure in name resolution
2025-12-07T06:26:16.620954Z  WARN ThreadId(01) docker_node: Node 42 port 20042 temporarily unreachable: failed to lookup address information: Temporary failure in name resolution
2025-12-07T06:26:16.622784Z  WARN ThreadId(01) docker_node: Node 43 port 20043 temporarily unreachable: failed to lookup address information: Temporary failure in name resolution
2025-12-07T06:26:16.632869Z  WARN ThreadId(01) docker_node: Node 44 port 20044 temporarily unreachable: failed to lookup address information: Temporary failure in name resolution
2025-12-07T06:26:16.634844Z  WARN ThreadId(01) docker_node: Node 45 port 20045 temporarily unreachable: failed to lookup address information: Temporary failure in name resolution
2025-12-07T06:26:16.636519Z  WARN ThreadId(01) docker_node: Node 46 port 20046 temporarily unreachable: failed to lookup address information: Temporary failure in name resolution
2025-12-07T06:26:16.638289Z  WARN ThreadId(01) docker_node: Node 47 port 20047 temporarily unreachable: failed to lookup address information: Temporary failure in name resolution
2025-12-07T06:26:16.640039Z  WARN ThreadId(01) docker_node: Node 48 port 20048 temporarily unreachable: failed to lookup address information: Temporary failure in name resolution
2025-12-07T06:26:16.641439Z  WARN ThreadId(01) docker_node: Node 49 port 20049 temporarily unreachable: failed to lookup address information: Temporary failure in name resolution
2025-12-07T06:26:16.643005Z  WARN ThreadId(01) docker_node: Node 50 port 20050 temporarily unreachable: failed to lookup address information: Temporary failure in name resolution
2025-12-07T06:26:16.644544Z  WARN ThreadId(01) docker_node: Node 51 port 20051 temporarily unreachable: failed to lookup address information: Temporary failure in name resolution
2025-12-07T06:26:16.646096Z  WARN ThreadId(01) docker_node: Node 52 port 20052 temporarily unreachable: failed to lookup address information: Temporary failure in name resolution
2025-12-07T06:26:16.647774Z  WARN ThreadId(01) docker_node: Node 53 port 20053 temporarily unreachable: failed to lookup address information: Temporary failure in name resolution
2025-12-07T06:26:16.649320Z  WARN ThreadId(01) docker_node: Node 54 port 20054 temporarily unreachable: failed to lookup address information: Temporary failure in name resolution
2025-12-07T06:26:16.651051Z  WARN ThreadId(01) docker_node: Node 55 port 20055 temporarily unreachable: failed to lookup address information: Temporary failure in name resolution
2025-12-07T06:26:16.653322Z  WARN ThreadId(01) docker_node: Node 56 port 20056 temporarily unreachable: failed to lookup address information: Temporary failure in name resolution
2025-12-07T06:26:16.655079Z  WARN ThreadId(01) docker_node: Node 57 port 20057 temporarily unreachable: failed to lookup address information: Temporary failure in name resolution
2025-12-07T06:26:16.656607Z  WARN ThreadId(01) docker_node: Node 58 port 20058 temporarily unreachable: failed to lookup address information: Temporary failure in name resolution
2025-12-07T06:26:16.658362Z  WARN ThreadId(01) docker_node: Node 59 port 20059 temporarily unreachable: failed to lookup address information: Temporary failure in name resolution
2025-12-07T06:26:16.660289Z  WARN ThreadId(01) docker_node: Node 60 port 20060 temporarily unreachable: failed to lookup address information: Temporary failure in name resolution
2025-12-07T06:26:16.662033Z  WARN ThreadId(01) docker_node: Node 61 port 20061 temporarily unreachable: failed to lookup address information: Temporary failure in name resolution
2025-12-07T06:26:16.663754Z  WARN ThreadId(01) docker_node: Node 62 port 20062 temporarily unreachable: failed to lookup address information: Temporary failure in name resolution
2025-12-07T06:26:16.665357Z  WARN ThreadId(01) docker_node: Node 63 port 20063 temporarily unreachable: failed to lookup address information: Temporary failure in name resolution
2025-12-07T06:26:21.549480Z  WARN ThreadId(06) docker_node:   Connection reuse ineffective (2.0 msg/conn)
2025-12-07T06:26:26.549166Z  WARN ThreadId(06) docker_node:   Connection reuse ineffective (2.0 msg/conn)
2025-12-07T06:26:31.549068Z  WARN ThreadId(06) docker_node:   Connection reuse ineffective (2.0 msg/conn)
2025-12-07T06:26:31.692512Z  WARN ThreadId(20) hotstuff_runner::app: Node 0 [produce_block] queue size: 0, attempting up to 0 transactions this block    
2025-12-07T06:26:36.549284Z  WARN ThreadId(09) docker_node:   Connection reuse ineffective (2.0 msg/conn)
2025-12-07T06:26:41.549270Z  WARN ThreadId(06) docker_node:   Connection reuse ineffective (2.0 msg/conn)
2025-12-07T06:26:44.204538Z  WARN ThreadId(24) hotstuff_runner::smrol::network: ⚠️ [Check] Writer 0 -> 1 slow write: 5.70219ms
2025-12-07T06:26:44.207600Z  WARN ThreadId(25) hotstuff_runner::smrol::network: ⚠️ [Check] Writer 0 -> 36 slow write: 14.250659ms
2025-12-07T06:26:44.207680Z  WARN ThreadId(25) hotstuff_runner::smrol::network: ⚠️ [Check] Writer 0 -> 40 slow write: 14.191288ms
2025-12-07T06:26:44.208189Z  WARN ThreadId(24) hotstuff_runner::smrol::network: ⚠️ [Check] Writer 0 -> 39 slow write: 13.860348ms
2025-12-07T06:26:44.211799Z  WARN ThreadId(25) hotstuff_runner::smrol::network: ⚠️ [Check] Writer 0 -> 38 slow write: 14.621271ms
2025-12-07T06:26:44.213375Z  WARN ThreadId(25) hotstuff_runner::smrol::network: ⚠️ [Check] Writer 0 -> 37 slow write: 14.107275ms
2025-12-07T06:26:44.261584Z  WARN ThreadId(24) hotstuff_runner::smrol::network: ⚠️ [Check] Writer 0 -> 12 slow write: 67.964956ms
2025-12-07T06:26:44.261707Z  WARN ThreadId(24) hotstuff_runner::smrol::network: ⚠️ [Check] Writer 0 -> 46 slow write: 66.329265ms
2025-12-07T06:26:44.262156Z  WARN ThreadId(24) hotstuff_runner::smrol::network: ⚠️ [Check] Writer 0 -> 10 slow write: 66.678805ms
2025-12-07T06:26:44.262443Z  WARN ThreadId(24) hotstuff_runner::smrol::network: ⚠️ [Check] Writer 0 -> 11 slow write: 68.260675ms
2025-12-07T06:26:44.264180Z  WARN ThreadId(24) hotstuff_runner::smrol::network: ⚠️ [Check] Writer 0 -> 8 slow write: 66.651654ms
2025-12-07T06:26:44.264895Z  WARN ThreadId(24) hotstuff_runner::smrol::network: ⚠️ [Check] Writer 0 -> 14 slow write: 67.226732ms
2025-12-07T06:26:44.265249Z  WARN ThreadId(25) hotstuff_runner::smrol::network: ⚠️ [Check] Writer 0 -> 48 slow write: 66.692416ms
2025-12-07T06:26:44.265760Z  WARN ThreadId(25) hotstuff_runner::smrol::network: ⚠️ [Check] Writer 0 -> 13 slow write: 67.661896ms
2025-12-07T06:26:44.265859Z  WARN ThreadId(25) hotstuff_runner::smrol::network: ⚠️ [Check] Writer 0 -> 9 slow write: 67.205642ms
2025-12-07T06:26:44.266178Z  WARN ThreadId(25) hotstuff_runner::smrol::network: ⚠️ [Check] Writer 0 -> 51 slow write: 67.406488ms
2025-12-07T06:26:44.266250Z  WARN ThreadId(25) hotstuff_runner::smrol::network: ⚠️ [Check] Writer 0 -> 47 slow write: 68.175553ms
2025-12-07T06:26:44.266292Z  WARN ThreadId(24) hotstuff_runner::smrol::network: ⚠️ [Check] Writer 0 -> 15 slow write: 67.412819ms
2025-12-07T06:26:44.266545Z  WARN ThreadId(25) hotstuff_runner::smrol::network: ⚠️ [Check] Writer 0 -> 6 slow write: 67.679577ms
2025-12-07T06:26:44.270922Z  WARN ThreadId(24) hotstuff_runner::smrol::network: ⚠️ [Check] Writer 0 -> 55 slow write: 75.874416ms
2025-12-07T06:26:44.271658Z  WARN ThreadId(24) hotstuff_runner::smrol::network: ⚠️ [Check] Writer 0 -> 7 slow write: 72.000913ms
2025-12-07T06:26:44.272626Z  WARN ThreadId(24) hotstuff_runner::smrol::network: ⚠️ [Check] Writer 0 -> 57 slow write: 75.218685ms
2025-12-07T06:26:44.274296Z  WARN ThreadId(24) hotstuff_runner::smrol::network: ⚠️ [Check] Writer 0 -> 52 slow write: 76.025131ms
2025-12-07T06:26:44.275468Z  WARN ThreadId(24) hotstuff_runner::smrol::network: ⚠️ [Check] Writer 0 -> 53 slow write: 75.956589ms
2025-12-07T06:26:44.275560Z  WARN ThreadId(25) hotstuff_runner::smrol::network: ⚠️ [Check] Writer 0 -> 54 slow write: 76.753653ms
2025-12-07T06:26:44.285788Z  WARN ThreadId(25) hotstuff_runner::smrol::network: ⚠️ [Check] Writer 0 -> 41 slow write: 90.864649ms
2025-12-07T06:26:44.287060Z  WARN ThreadId(25) hotstuff_runner::smrol::network: ⚠️ [Check] Writer 0 -> 42 slow write: 91.063896ms
2025-12-07T06:26:44.288294Z  WARN ThreadId(25) hotstuff_runner::smrol::network: ⚠️ [Check] Writer 0 -> 45 slow write: 91.391016ms
2025-12-07T06:26:44.306310Z  WARN ThreadId(24) hotstuff_runner::smrol::network: ⚠️ [Check] Writer 0 -> 61 slow write: 111.069167ms
2025-12-07T06:26:44.308093Z  WARN ThreadId(24) hotstuff_runner::smrol::network: ⚠️ [Check] Writer 0 -> 60 slow write: 111.054547ms
2025-12-07T06:26:44.309620Z  WARN ThreadId(25) hotstuff_runner::smrol::network: ⚠️ [Check] Writer 0 -> 59 slow write: 112.325877ms
2025-12-07T06:26:44.311036Z  WARN ThreadId(25) hotstuff_runner::smrol::network: ⚠️ [Check] Writer 0 -> 58 slow write: 112.709059ms
2025-12-07T06:26:44.325926Z  WARN ThreadId(25) hotstuff_runner::smrol::network: ⚠️ [Check] Writer 0 -> 50 slow write: 66.554772ms
2025-12-07T06:26:44.329955Z  WARN ThreadId(24) hotstuff_runner::smrol::network: ⚠️ [Check] Writer 0 -> 49 slow write: 67.613925ms
2025-12-07T06:26:44.335592Z  WARN ThreadId(25) hotstuff_runner::smrol::network: ⚠️ [Check] Writer 0 -> 31 slow write: 142.431007ms
2025-12-07T06:26:44.339789Z  WARN ThreadId(25) hotstuff_runner::smrol::network: ⚠️ [Check] Writer 0 -> 34 slow write: 145.04859ms
2025-12-07T06:26:44.346142Z  WARN ThreadId(25) hotstuff_runner::smrol::network: ⚠️ [Check] Writer 0 -> 56 slow write: 76.050841ms
2025-12-07T06:26:44.346689Z  WARN ThreadId(25) hotstuff_runner::smrol::network: ⚠️ [Check] Writer 0 -> 35 slow write: 148.488009ms
2025-12-07T06:26:44.350289Z  WARN ThreadId(25) hotstuff_runner::smrol::network: ⚠️ [Check] Writer 0 -> 32 slow write: 152.385631ms
2025-12-07T06:26:44.350688Z  WARN ThreadId(25) hotstuff_runner::smrol::network: ⚠️ [Check] Writer 0 -> 33 slow write: 152.257548ms
2025-12-07T06:26:44.375298Z  WARN ThreadId(25) hotstuff_runner::smrol::network: ⚠️ [Check] Writer 0 -> 44 slow write: 90.416915ms
2025-12-07T06:26:44.376325Z  WARN ThreadId(25) hotstuff_runner::smrol::network: ⚠️ [Check] Writer 0 -> 43 slow write: 90.939551ms
2025-12-07T06:26:44.376576Z  WARN ThreadId(25) hotstuff_runner::smrol::network: ⚠️ [Check] Writer 0 -> 20 slow write: 183.553015ms
2025-12-07T06:26:44.377784Z  WARN ThreadId(25) hotstuff_runner::smrol::network: ⚠️ [Check] Writer 0 -> 16 slow write: 183.981259ms
2025-12-07T06:26:44.380193Z  WARN ThreadId(25) hotstuff_runner::smrol::network: ⚠️ [Check] Writer 0 -> 19 slow write: 183.785032ms
2025-12-07T06:26:44.381361Z  WARN ThreadId(25) hotstuff_runner::smrol::network: ⚠️ [Check] Writer 0 -> 18 slow write: 183.570686ms
2025-12-07T06:26:44.392431Z  WARN ThreadId(25) hotstuff_runner::smrol::network: ⚠️ [Check] Writer 0 -> 27 slow write: 197.849007ms
2025-12-07T06:26:44.395284Z  WARN ThreadId(24) hotstuff_runner::smrol::network: ⚠️ [Check] Writer 0 -> 26 slow write: 195.686419ms
2025-12-07T06:26:44.396288Z  WARN ThreadId(24) hotstuff_runner::smrol::network: ⚠️ [Check] Writer 0 -> 28 slow write: 198.142156ms
2025-12-07T06:26:44.396415Z  WARN ThreadId(24) hotstuff_runner::smrol::network: ⚠️ [Check] Writer 0 -> 30 slow write: 199.645813ms
2025-12-07T06:26:44.397232Z  WARN ThreadId(24) hotstuff_runner::smrol::network: ⚠️ [Check] Writer 0 -> 29 slow write: 197.433304ms
2025-12-07T06:26:44.408713Z  WARN ThreadId(25) hotstuff_runner::smrol::network: ⚠️ [Check] Writer 0 -> 24 slow write: 209.586598ms
2025-12-07T06:26:44.409404Z  WARN ThreadId(24) hotstuff_runner::smrol::network: ⚠️ [Check] Writer 0 -> 23 slow write: 213.199372ms
2025-12-07T06:26:44.414913Z  WARN ThreadId(24) hotstuff_runner::smrol::network: ⚠️ [Check] Writer 0 -> 63 slow write: 110.21237ms
2025-12-07T06:26:44.416034Z  WARN ThreadId(24) hotstuff_runner::smrol::network: ⚠️ [Check] Writer 0 -> 21 slow write: 217.480267ms
2025-12-07T06:26:44.416338Z  WARN ThreadId(24) hotstuff_runner::smrol::network: ⚠️ [Check] Writer 0 -> 25 slow write: 217.348422ms
2025-12-07T06:26:44.417771Z  WARN ThreadId(24) hotstuff_runner::smrol::network: ⚠️ [Check] Writer 0 -> 62 slow write: 111.703157ms
2025-12-07T06:26:44.559695Z  WARN ThreadId(25) hotstuff_runner::smrol::network: ⚠️ [Check] Writer 0 -> 17 slow write: 183.422211ms
2025-12-07T06:26:44.572143Z  WARN ThreadId(24) hotstuff_runner::smrol::network: ⚠️ [Check] Writer 0 -> 22 slow write: 375.513096ms
2025-12-07T06:26:46.549506Z  WARN ThreadId(09) docker_node:   Connection reuse ineffective (2.0 msg/conn)
2025-12-07T06:26:46.666144Z  WARN ThreadId(02) docker_node: Node 0 Regular transaction queue backlog: 57600 transactions
2025-12-07T06:26:47.599079Z  WARN ThreadId(24) hotstuff_runner::smrol::network: ⚠️ [Check] Writer 0 -> 26 slow write: 5.811129ms
2025-12-07T06:26:47.641129Z  WARN ThreadId(24) hotstuff_runner::smrol::network: ⚠️ [Check] Writer 0 -> 57 slow write: 16.154949ms
2025-12-07T06:26:47.642257Z  WARN ThreadId(25) hotstuff_runner::smrol::network: ⚠️ [Check] Writer 0 -> 53 slow write: 21.279167ms
2025-12-07T06:26:47.690558Z  WARN ThreadId(24) hotstuff_runner::smrol::network: ⚠️ [Check] Writer 0 -> 17 slow write: 113.715611ms
2025-12-07T06:26:51.548796Z  WARN ThreadId(05) docker_node:   Connection reuse ineffective (2.0 msg/conn)
2025-12-07T06:26:51.666122Z  WARN ThreadId(05) docker_node: Node 0 Regular transaction queue backlog: 204410 transactions
2025-12-07T06:26:56.549043Z  WARN ThreadId(06) docker_node:   Connection reuse ineffective (2.0 msg/conn)
2025-12-07T06:26:56.666108Z  WARN ThreadId(04) docker_node: Node 0 Regular transaction queue backlog: 204410 transactions
2025-12-07T06:27:00.569608Z  WARN ThreadId(21) hotstuff_runner::tcp_node: Node 0 view 86 timed out; latency may accumulate
2025-12-07T06:27:01.548712Z  WARN ThreadId(07) docker_node:   Connection reuse ineffective (2.0 msg/conn)
2025-12-07T06:27:01.666108Z  WARN ThreadId(03) docker_node: Node 0 Regular transaction queue backlog: 204410 transactions
2025-12-07T06:27:05.191275Z  WARN ThreadId(20) hotstuff_rs::block_tree::invariants: SAFE_PC_FAIL: pc.block=[7, 48, 145, 81, 13, 115, 191, 176, 242, 84, 67, 245, 4, 207, 52, 203, 38, 151, 184, 35, 178, 255, 197, 229, 71, 220, 83, 118, 182, 106, 116, 169] view=80 phase=Generic | cond1(chain_id/genesis)=true (pc.chain_id=0, my.chain_id=0) | cond2(block_exists/genesis)=true (exists=true) | cond3(view>locked || extends)=false (pc.view=80, locked.view=84, extends=false) | cond4(phase/updates)=true (phase_special=false, has_updates=false) | highest_pc.block=[99, 195, 49, 230, 179, 4, 114, 98, 94, 107, 252, 134, 101, 84, 88, 22, 32, 186, 125, 59, 191, 80, 139, 99, 8, 255, 11, 81, 224, 252, 61, 216] highest_pc.view=85 locked.block=[184, 45, 151, 50, 109, 21, 203, 175, 92, 120, 111, 244, 48, 185, 214, 232, 32, 71, 80, 56, 114, 196, 171, 159, 41, 161, 218, 33, 224, 183, 128, 179] locked.view=84    
2025-12-07T06:27:05.191316Z  WARN ThreadId(20) hotstuff_rs::block_tree::invariants: SAFE_BLOCK_FAIL: block=[50, 43, 141, 65, 143, 136, 75, 112, 44, 155, 88, 184, 108, 110, 183, 74, 119, 89, 187, 188, 94, 35, 94, 30, 94, 87, 134, 235, 150, 219, 126, 56] height=None | cond1(safe_pc)=false | cond2(is_block_justify)=true (justify.phase=Generic) | justify.block=[7, 48, 145, 81, 13, 115, 191, 176, 242, 84, 67, 245, 4, 207, 52, 203, 38, 151, 184, 35, 178, 255, 197, 229, 71, 220, 83, 118, 182, 106, 116, 169] justify.view=80 | highest_pc.block=[99, 195, 49, 230, 179, 4, 114, 98, 94, 107, 252, 134, 101, 84, 88, 22, 32, 186, 125, 59, 191, 80, 139, 99, 8, 255, 11, 81, 224, 252, 61, 216] highest_pc.view=85 | locked.block=[184, 45, 151, 50, 109, 21, 203, 175, 92, 120, 111, 244, 48, 185, 214, 232, 32, 71, 80, 56, 114, 196, 171, 159, 41, 161, 218, 33, 224, 183, 128, 179] locked.view=84    
2025-12-07T06:27:06.549626Z  WARN ThreadId(07) docker_node:   Connection reuse ineffective (2.0 msg/conn)
2025-12-07T06:27:06.665920Z  WARN ThreadId(07) docker_node: Node 0 Regular transaction queue backlog: 204410 transactions
2025-12-07T06:27:11.548877Z  WARN ThreadId(07) docker_node:   Connection reuse ineffective (2.0 msg/conn)
2025-12-07T06:27:11.666092Z  WARN ThreadId(03) docker_node: Node 0 Regular transaction queue backlog: 204410 transactions
2025-12-07T06:27:15.573774Z  WARN ThreadId(21) hotstuff_runner::tcp_node: Node 0 view 89 timed out; latency may accumulate
2025-12-07T06:27:16.548790Z  WARN ThreadId(03) docker_node:   Connection reuse ineffective (2.0 msg/conn)
2025-12-07T06:27:16.666063Z  WARN ThreadId(03) docker_node: Node 0 Regular transaction queue backlog: 204410 transactions
2025-12-07T06:27:19.078894Z  WARN ThreadId(20) hotstuff_rs::block_tree::invariants: SAFE_PC_FAIL: pc.block=[0, 5, 136, 192, 20, 193, 164, 176, 71, 71, 47, 135, 61, 23, 192, 10, 105, 135, 221, 148, 91, 222, 191, 240, 148, 92, 125, 157, 22, 60, 19, 155] view=77 phase=Generic | cond1(chain_id/genesis)=true (pc.chain_id=0, my.chain_id=0) | cond2(block_exists/genesis)=true (exists=true) | cond3(view>locked || extends)=false (pc.view=77, locked.view=84, extends=false) | cond4(phase/updates)=true (phase_special=false, has_updates=false) | highest_pc.block=[99, 195, 49, 230, 179, 4, 114, 98, 94, 107, 252, 134, 101, 84, 88, 22, 32, 186, 125, 59, 191, 80, 139, 99, 8, 255, 11, 81, 224, 252, 61, 216] highest_pc.view=85 locked.block=[184, 45, 151, 50, 109, 21, 203, 175, 92, 120, 111, 244, 48, 185, 214, 232, 32, 71, 80, 56, 114, 196, 171, 159, 41, 161, 218, 33, 224, 183, 128, 179] locked.view=84    
2025-12-07T06:27:19.078934Z  WARN ThreadId(20) hotstuff_rs::block_tree::invariants: SAFE_BLOCK_FAIL: block=[147, 201, 196, 208, 34, 250, 74, 23, 153, 213, 71, 42, 135, 135, 221, 157, 197, 106, 64, 104, 149, 90, 82, 164, 107, 144, 28, 167, 78, 131, 252, 39] height=None | cond1(safe_pc)=false | cond2(is_block_justify)=true (justify.phase=Generic) | justify.block=[0, 5, 136, 192, 20, 193, 164, 176, 71, 71, 47, 135, 61, 23, 192, 10, 105, 135, 221, 148, 91, 222, 191, 240, 148, 92, 125, 157, 22, 60, 19, 155] justify.view=77 | highest_pc.block=[99, 195, 49, 230, 179, 4, 114, 98, 94, 107, 252, 134, 101, 84, 88, 22, 32, 186, 125, 59, 191, 80, 139, 99, 8, 255, 11, 81, 224, 252, 61, 216] highest_pc.view=85 | locked.block=[184, 45, 151, 50, 109, 21, 203, 175, 92, 120, 111, 244, 48, 185, 214, 232, 32, 71, 80, 56, 114, 196, 171, 159, 41, 161, 218, 33, 224, 183, 128, 179] locked.view=84    
2025-12-07T06:27:20.575735Z  WARN ThreadId(21) hotstuff_runner::tcp_node: Node 0 view 90 timed out; latency may accumulate
2025-12-07T06:27:21.548814Z  WARN ThreadId(03) docker_node:   Connection reuse ineffective (2.0 msg/conn)
2025-12-07T06:27:21.666105Z  WARN ThreadId(03) docker_node: Node 0 Regular transaction queue backlog: 204410 transactions
2025-12-07T06:27:26.084866Z  WARN ThreadId(21) hotstuff_runner::tcp_node: Node 0 view 92 timed out; latency may accumulate
2025-12-07T06:27:26.548864Z  WARN ThreadId(03) docker_node:   Connection reuse ineffective (2.0 msg/conn)
2025-12-07T06:27:26.666127Z  WARN ThreadId(03) docker_node: Node 0 Regular transaction queue backlog: 204410 transactions
2025-12-07T06:27:27.457534Z  WARN ThreadId(20) hotstuff_rs::block_tree::invariants: SAFE_PC_FAIL: pc.block=[35, 170, 179, 54, 213, 211, 102, 160, 68, 221, 176, 146, 26, 143, 14, 182, 117, 99, 165, 193, 198, 247, 120, 45, 253, 155, 4, 226, 119, 154, 121, 32] view=78 phase=Generic | cond1(chain_id/genesis)=true (pc.chain_id=0, my.chain_id=0) | cond2(block_exists/genesis)=true (exists=true) | cond3(view>locked || extends)=false (pc.view=78, locked.view=85, extends=false) | cond4(phase/updates)=true (phase_special=false, has_updates=false) | highest_pc.block=[216, 2, 54, 183, 197, 20, 114, 216, 16, 176, 76, 163, 221, 183, 46, 57, 129, 71, 157, 239, 204, 2, 33, 15, 17, 13, 25, 130, 18, 73, 138, 226] highest_pc.view=91 locked.block=[99, 195, 49, 230, 179, 4, 114, 98, 94, 107, 252, 134, 101, 84, 88, 22, 32, 186, 125, 59, 191, 80, 139, 99, 8, 255, 11, 81, 224, 252, 61, 216] locked.view=85    
2025-12-07T06:27:27.457584Z  WARN ThreadId(20) hotstuff_rs::block_tree::invariants: SAFE_BLOCK_FAIL: block=[31, 2, 179, 21, 127, 232, 241, 230, 11, 101, 163, 57, 240, 163, 171, 145, 18, 196, 34, 255, 166, 147, 217, 140, 137, 28, 164, 168, 216, 101, 6, 80] height=None | cond1(safe_pc)=false | cond2(is_block_justify)=true (justify.phase=Generic) | justify.block=[35, 170, 179, 54, 213, 211, 102, 160, 68, 221, 176, 146, 26, 143, 14, 182, 117, 99, 165, 193, 198, 247, 120, 45, 253, 155, 4, 226, 119, 154, 121, 32] justify.view=78 | highest_pc.block=[216, 2, 54, 183, 197, 20, 114, 216, 16, 176, 76, 163, 221, 183, 46, 57, 129, 71, 157, 239, 204, 2, 33, 15, 17, 13, 25, 130, 18, 73, 138, 226] highest_pc.view=91 | locked.block=[99, 195, 49, 230, 179, 4, 114, 98, 94, 107, 252, 134, 101, 84, 88, 22, 32, 186, 125, 59, 191, 80, 139, 99, 8, 255, 11, 81, 224, 252, 61, 216] locked.view=85    
2025-12-07T06:27:31.085880Z  WARN ThreadId(21) hotstuff_runner::tcp_node: Node 0 view 93 timed out; latency may accumulate
2025-12-07T06:27:31.549566Z  WARN ThreadId(03) docker_node:   Connection reuse ineffective (2.0 msg/conn)
2025-12-07T06:27:31.665808Z  WARN ThreadId(03) docker_node: Node 0 Regular transaction queue backlog: 204410 transactions
2025-12-07T06:27:36.260785Z  WARN ThreadId(20) hotstuff_rs::block_tree::invariants: SAFE_PC_FAIL: pc.block=[7, 48, 145, 81, 13, 115, 191, 176, 242, 84, 67, 245, 4, 207, 52, 203, 38, 151, 184, 35, 178, 255, 197, 229, 71, 220, 83, 118, 182, 106, 116, 169] view=80 phase=Generic | cond1(chain_id/genesis)=true (pc.chain_id=0, my.chain_id=0) | cond2(block_exists/genesis)=true (exists=true) | cond3(view>locked || extends)=false (pc.view=80, locked.view=85, extends=false) | cond4(phase/updates)=true (phase_special=false, has_updates=false) | highest_pc.block=[216, 2, 54, 183, 197, 20, 114, 216, 16, 176, 76, 163, 221, 183, 46, 57, 129, 71, 157, 239, 204, 2, 33, 15, 17, 13, 25, 130, 18, 73, 138, 226] highest_pc.view=91 locked.block=[99, 195, 49, 230, 179, 4, 114, 98, 94, 107, 252, 134, 101, 84, 88, 22, 32, 186, 125, 59, 191, 80, 139, 99, 8, 255, 11, 81, 224, 252, 61, 216] locked.view=85    
2025-12-07T06:27:36.260821Z  WARN ThreadId(20) hotstuff_rs::block_tree::invariants: SAFE_BLOCK_FAIL: block=[174, 221, 237, 66, 128, 227, 33, 182, 208, 195, 155, 0, 207, 89, 111, 156, 71, 113, 255, 106, 164, 157, 248, 10, 199, 126, 146, 110, 105, 43, 97, 83] height=None | cond1(safe_pc)=false | cond2(is_block_justify)=true (justify.phase=Generic) | justify.block=[7, 48, 145, 81, 13, 115, 191, 176, 242, 84, 67, 245, 4, 207, 52, 203, 38, 151, 184, 35, 178, 255, 197, 229, 71, 220, 83, 118, 182, 106, 116, 169] justify.view=80 | highest_pc.block=[216, 2, 54, 183, 197, 20, 114, 216, 16, 176, 76, 163, 221, 183, 46, 57, 129, 71, 157, 239, 204, 2, 33, 15, 17, 13, 25, 130, 18, 73, 138, 226] highest_pc.view=91 | locked.block=[99, 195, 49, 230, 179, 4, 114, 98, 94, 107, 252, 134, 101, 84, 88, 22, 32, 186, 125, 59, 191, 80, 139, 99, 8, 255, 11, 81, 224, 252, 61, 216] locked.view=85    
2025-12-07T06:27:36.548793Z  WARN ThreadId(03) docker_node:   Connection reuse ineffective (2.0 msg/conn)
2025-12-07T06:27:36.666065Z  WARN ThreadId(03) docker_node: Node 0 Regular transaction queue backlog: 204410 transactions
2025-12-07T06:27:41.088907Z  WARN ThreadId(21) hotstuff_runner::tcp_node: Node 0 view 95 timed out; latency may accumulate
2025-12-07T06:27:41.549159Z  WARN ThreadId(03) docker_node:   Connection reuse ineffective (2.0 msg/conn)
2025-12-07T06:27:41.666371Z  WARN ThreadId(04) docker_node: Node 0 Regular transaction queue backlog: 204410 transactions
2025-12-07T06:27:46.549160Z  WARN ThreadId(04) docker_node:   Connection reuse ineffective (2.0 msg/conn)
2025-12-07T06:27:46.666402Z  WARN ThreadId(04) docker_node: Node 0 Regular transaction queue backlog: 204410 transactions
2025-12-07T06:27:48.447436Z  WARN ThreadId(20) hotstuff_rs::block_tree::invariants: SAFE_PC_FAIL: pc.block=[35, 170, 179, 54, 213, 211, 102, 160, 68, 221, 176, 146, 26, 143, 14, 182, 117, 99, 165, 193, 198, 247, 120, 45, 253, 155, 4, 226, 119, 154, 121, 32] view=78 phase=Generic | cond1(chain_id/genesis)=true (pc.chain_id=0, my.chain_id=0) | cond2(block_exists/genesis)=true (exists=true) | cond3(view>locked || extends)=false (pc.view=78, locked.view=91, extends=false) | cond4(phase/updates)=true (phase_special=false, has_updates=false) | highest_pc.block=[136, 227, 72, 45, 210, 216, 202, 11, 32, 76, 197, 221, 161, 15, 179, 251, 25, 54, 187, 132, 196, 140, 112, 13, 163, 52, 93, 192, 125, 40, 241, 0] highest_pc.view=96 locked.block=[216, 2, 54, 183, 197, 20, 114, 216, 16, 176, 76, 163, 221, 183, 46, 57, 129, 71, 157, 239, 204, 2, 33, 15, 17, 13, 25, 130, 18, 73, 138, 226] locked.view=91    
2025-12-07T06:27:48.447470Z  WARN ThreadId(20) hotstuff_rs::block_tree::invariants: SAFE_BLOCK_FAIL: block=[68, 25, 10, 17, 248, 149, 188, 141, 190, 243, 162, 245, 51, 10, 87, 87, 93, 104, 226, 222, 64, 235, 198, 15, 18, 147, 255, 178, 94, 64, 178, 18] height=None | cond1(safe_pc)=false | cond2(is_block_justify)=true (justify.phase=Generic) | justify.block=[35, 170, 179, 54, 213, 211, 102, 160, 68, 221, 176, 146, 26, 143, 14, 182, 117, 99, 165, 193, 198, 247, 120, 45, 253, 155, 4, 226, 119, 154, 121, 32] justify.view=78 | highest_pc.block=[136, 227, 72, 45, 210, 216, 202, 11, 32, 76, 197, 221, 161, 15, 179, 251, 25, 54, 187, 132, 196, 140, 112, 13, 163, 52, 93, 192, 125, 40, 241, 0] highest_pc.view=96 | locked.block=[216, 2, 54, 183, 197, 20, 114, 216, 16, 176, 76, 163, 221, 183, 46, 57, 129, 71, 157, 239, 204, 2, 33, 15, 17, 13, 25, 130, 18, 73, 138, 226] locked.view=91    
2025-12-07T06:27:51.548996Z  WARN ThreadId(04) docker_node:   Connection reuse ineffective (2.0 msg/conn)
2025-12-07T06:27:51.666234Z  WARN ThreadId(04) docker_node: Node 0 Regular transaction queue backlog: 204410 transactions
2025-12-07T06:27:53.263924Z  WARN ThreadId(21) hotstuff_runner::tcp_node: Node 0 view 98 timed out; latency may accumulate
2025-12-07T06:27:56.548771Z  WARN ThreadId(04) docker_node:   Connection reuse ineffective (2.0 msg/conn)
2025-12-07T06:27:56.666047Z  WARN ThreadId(04) docker_node: Node 0 Regular transaction queue backlog: 204410 transactions
2025-12-07T06:27:58.265395Z  WARN ThreadId(21) hotstuff_runner::tcp_node: Node 0 view 99 timed out; latency may accumulate
2025-12-07T06:28:01.548796Z  WARN ThreadId(04) docker_node:   Connection reuse ineffective (2.0 msg/conn)
2025-12-07T06:28:01.666068Z  WARN ThreadId(04) docker_node: Node 0 Regular transaction queue backlog: 204410 transactions
2025-12-07T06:28:03.266732Z  WARN ThreadId(21) hotstuff_runner::tcp_node: Node 0 view 100 timed out; latency may accumulate
2025-12-07T06:28:06.548805Z  WARN ThreadId(04) docker_node:   Connection reuse ineffective (2.0 msg/conn)
2025-12-07T06:28:06.666072Z  WARN ThreadId(04) docker_node: Node 0 Regular transaction queue backlog: 204410 transactions
2025-12-07T06:28:08.604610Z  WARN ThreadId(21) hotstuff_runner::tcp_node: Node 0 view 101 timed out; latency may accumulate
2025-12-07T06:28:11.549136Z  WARN ThreadId(04) docker_node:   Connection reuse ineffective (2.0 msg/conn)
2025-12-07T06:28:11.666303Z  WARN ThreadId(07) docker_node: Node 0 Regular transaction queue backlog: 204410 transactions
2025-12-07T06:28:13.606115Z  WARN ThreadId(21) hotstuff_runner::tcp_node: Node 0 view 102 timed out; latency may accumulate
2025-12-07T06:28:16.549337Z  WARN ThreadId(07) docker_node:   Connection reuse ineffective (2.0 msg/conn)
2025-12-07T06:28:16.666571Z  WARN ThreadId(07) docker_node: Node 0 Regular transaction queue backlog: 204410 transactions
2025-12-07T06:28:18.654332Z  WARN ThreadId(21) hotstuff_runner::tcp_node: Node 0 view 103 timed out; latency may accumulate
2025-12-07T06:28:18.656047Z  WARN ThreadId(20) hotstuff_runner::app: Node 0 [produce_block] queue size: 204410, attempting up to 180000 transactions this block    
2025-12-07T06:28:18.722557Z  WARN ThreadId(20) hotstuff_runner::app: Node 0 view(104) far exceeds block count (1); potential sync issue    
2025-12-07T06:28:21.549613Z  WARN ThreadId(07) docker_node:   Connection reuse ineffective (2.0 msg/conn)
2025-12-07T06:28:23.655757Z  WARN ThreadId(21) hotstuff_runner::tcp_node: Node 0 view 104 timed out; latency may accumulate
2025-12-07T06:28:26.548791Z  WARN ThreadId(07) docker_node:   Connection reuse ineffective (2.0 msg/conn)
2025-12-07T06:28:31.549022Z  WARN ThreadId(07) docker_node:   Connection reuse ineffective (2.0 msg/conn)
2025-12-07T06:28:36.549287Z  WARN ThreadId(07) docker_node:   Connection reuse ineffective (2.0 msg/conn)
2025-12-07T06:28:36.688182Z  WARN ThreadId(20) hotstuff_rs::block_tree::invariants: SAFE_PC_FAIL: pc.block=[35, 170, 179, 54, 213, 211, 102, 160, 68, 221, 176, 146, 26, 143, 14, 182, 117, 99, 165, 193, 198, 247, 120, 45, 253, 155, 4, 226, 119, 154, 121, 32] view=78 phase=Generic | cond1(chain_id/genesis)=true (pc.chain_id=0, my.chain_id=0) | cond2(block_exists/genesis)=true (exists=true) | cond3(view>locked || extends)=false (pc.view=78, locked.view=91, extends=false) | cond4(phase/updates)=true (phase_special=false, has_updates=false) | highest_pc.block=[136, 227, 72, 45, 210, 216, 202, 11, 32, 76, 197, 221, 161, 15, 179, 251, 25, 54, 187, 132, 196, 140, 112, 13, 163, 52, 93, 192, 125, 40, 241, 0] highest_pc.view=96 locked.block=[216, 2, 54, 183, 197, 20, 114, 216, 16, 176, 76, 163, 221, 183, 46, 57, 129, 71, 157, 239, 204, 2, 33, 15, 17, 13, 25, 130, 18, 73, 138, 226] locked.view=91    
2025-12-07T06:28:36.688228Z  WARN ThreadId(20) hotstuff_rs::block_tree::invariants: SAFE_BLOCK_FAIL: block=[7, 158, 106, 250, 147, 231, 214, 129, 91, 76, 139, 7, 25, 203, 51, 6, 244, 101, 214, 166, 40, 153, 20, 118, 153, 98, 95, 103, 204, 231, 101, 145] height=None | cond1(safe_pc)=false | cond2(is_block_justify)=true (justify.phase=Generic) | justify.block=[35, 170, 179, 54, 213, 211, 102, 160, 68, 221, 176, 146, 26, 143, 14, 182, 117, 99, 165, 193, 198, 247, 120, 45, 253, 155, 4, 226, 119, 154, 121, 32] justify.view=78 | highest_pc.block=[136, 227, 72, 45, 210, 216, 202, 11, 32, 76, 197, 221, 161, 15, 179, 251, 25, 54, 187, 132, 196, 140, 112, 13, 163, 52, 93, 192, 125, 40, 241, 0] highest_pc.view=96 | locked.block=[216, 2, 54, 183, 197, 20, 114, 216, 16, 176, 76, 163, 221, 183, 46, 57, 129, 71, 157, 239, 204, 2, 33, 15, 17, 13, 25, 130, 18, 73, 138, 226] locked.view=91    
2025-12-07T06:28:41.549025Z  WARN ThreadId(07) docker_node:   Connection reuse ineffective (2.0 msg/conn)
2025-12-07T06:28:44.725289Z  WARN ThreadId(21) hotstuff_runner::tcp_node: Node 0 view 108 timed out; latency may accumulate
2025-12-07T06:28:46.549211Z  WARN ThreadId(03) docker_node:   Connection reuse ineffective (2.0 msg/conn)
2025-12-07T06:28:49.726751Z  WARN ThreadId(21) hotstuff_runner::tcp_node: Node 0 view 109 timed out; latency may accumulate
2025-12-07T06:28:51.549032Z  WARN ThreadId(03) docker_node:   Connection reuse ineffective (2.0 msg/conn)
2025-12-07T06:28:54.728152Z  WARN ThreadId(21) hotstuff_runner::tcp_node: Node 0 view 110 timed out; latency may accumulate
2025-12-07T06:28:56.548790Z  WARN ThreadId(03) docker_node:   Connection reuse ineffective (2.0 msg/conn)
2025-12-07T06:28:57.324450Z  WARN ThreadId(20) hotstuff_rs::block_tree::invariants: SAFE_PC_FAIL: pc.block=[7, 48, 145, 81, 13, 115, 191, 176, 242, 84, 67, 245, 4, 207, 52, 203, 38, 151, 184, 35, 178, 255, 197, 229, 71, 220, 83, 118, 182, 106, 116, 169] view=80 phase=Generic | cond1(chain_id/genesis)=true (pc.chain_id=0, my.chain_id=0) | cond2(block_exists/genesis)=true (exists=true) | cond3(view>locked || extends)=false (pc.view=80, locked.view=91, extends=false) | cond4(phase/updates)=true (phase_special=false, has_updates=false) | highest_pc.block=[136, 227, 72, 45, 210, 216, 202, 11, 32, 76, 197, 221, 161, 15, 179, 251, 25, 54, 187, 132, 196, 140, 112, 13, 163, 52, 93, 192, 125, 40, 241, 0] highest_pc.view=96 locked.block=[216, 2, 54, 183, 197, 20, 114, 216, 16, 176, 76, 163, 221, 183, 46, 57, 129, 71, 157, 239, 204, 2, 33, 15, 17, 13, 25, 130, 18, 73, 138, 226] locked.view=91    
2025-12-07T06:28:57.324520Z  WARN ThreadId(20) hotstuff_rs::block_tree::invariants: SAFE_BLOCK_FAIL: block=[169, 9, 127, 141, 170, 100, 119, 94, 101, 143, 219, 247, 73, 203, 151, 55, 247, 217, 20, 169, 43, 227, 26, 212, 92, 4, 100, 255, 243, 218, 100, 210] height=None | cond1(safe_pc)=false | cond2(is_block_justify)=true (justify.phase=Generic) | justify.block=[7, 48, 145, 81, 13, 115, 191, 176, 242, 84, 67, 245, 4, 207, 52, 203, 38, 151, 184, 35, 178, 255, 197, 229, 71, 220, 83, 118, 182, 106, 116, 169] justify.view=80 | highest_pc.block=[136, 227, 72, 45, 210, 216, 202, 11, 32, 76, 197, 221, 161, 15, 179, 251, 25, 54, 187, 132, 196, 140, 112, 13, 163, 52, 93, 192, 125, 40, 241, 0] highest_pc.view=96 | locked.block=[216, 2, 54, 183, 197, 20, 114, 216, 16, 176, 76, 163, 221, 183, 46, 57, 129, 71, 157, 239, 204, 2, 33, 15, 17, 13, 25, 130, 18, 73, 138, 226] locked.view=91    
2025-12-07T06:28:59.729317Z  WARN ThreadId(21) hotstuff_runner::tcp_node: Node 0 view 111 timed out; latency may accumulate
