2025-12-10T06:34:30.921206Z  WARN ThreadId(01) docker_node: metrics exporter disabled by SMROL_DISABLE_METRICS
2025-12-10T06:34:51.136901Z  WARN ThreadId(01) hotstuff_runner::tcp_node: Node 1 view timeout set to 5000 ms
2025-12-10T06:34:51.148448Z ERROR ThreadId(22) hotstuff_runner::pompe_network: Node 1 failed to connect to node 0: Connection refused (os error 111)
2025-12-10T06:34:51.148812Z ERROR ThreadId(23) hotstuff_runner::pompe_network: Node 1 failed to connect to node 2: Connection refused (os error 111)
2025-12-10T06:34:51.149156Z ERROR ThreadId(23) hotstuff_runner::pompe_network: Node 1 failed to connect to node 3: Connection refused (os error 111)
2025-12-10T06:34:51.149466Z ERROR ThreadId(23) hotstuff_runner::pompe_network: Node 1 failed to connect to node 4: Connection refused (os error 111)
2025-12-10T06:34:51.150139Z ERROR ThreadId(23) hotstuff_runner::pompe_network: Node 1 failed to connect to node 6: Connection refused (os error 111)
2025-12-10T06:34:51.150502Z ERROR ThreadId(23) hotstuff_runner::pompe_network: Node 1 failed to connect to node 7: Connection refused (os error 111)
2025-12-10T06:34:51.150827Z ERROR ThreadId(23) hotstuff_runner::pompe_network: Node 1 failed to connect to node 8: Connection refused (os error 111)
2025-12-10T06:34:51.151165Z ERROR ThreadId(23) hotstuff_runner::pompe_network: Node 1 failed to connect to node 9: Connection refused (os error 111)
2025-12-10T06:34:51.151504Z ERROR ThreadId(23) hotstuff_runner::pompe_network: Node 1 failed to connect to node 10: Connection refused (os error 111)
2025-12-10T06:34:51.151844Z ERROR ThreadId(23) hotstuff_runner::pompe_network: Node 1 failed to connect to node 11: Connection refused (os error 111)
2025-12-10T06:34:51.152214Z ERROR ThreadId(23) hotstuff_runner::pompe_network: Node 1 failed to connect to node 12: Connection refused (os error 111)
2025-12-10T06:34:51.173210Z  WARN ThreadId(01) hotstuff_runner::smrol::sequencing: SMROL_MEDIAN_INFLIGHT=24, SMROL_ORDER_FINALIZE_INFLIGHT=4, SMROL_FINAL_SIGN_INFLIGHT=4, SMROL_FINAL_VERIFY_INFLIGHT=24
2025-12-10T06:34:51.173266Z  WARN ThreadId(01) hotstuff_runner::smrol::sequencing: [Sequencing] Node 1 multi-signature verification disabled: false
2025-12-10T06:34:51.174011Z  WARN ThreadId(06) hotstuff_runner::smrol::sequencing: [Sequencing] Node 1 final verify dispatcher started
2025-12-10T06:34:51.174023Z  WARN ThreadId(09) docker_node:   Connection reuse ineffective (2.0 msg/conn)
2025-12-10T06:34:51.285408Z ERROR ThreadId(23) hotstuff_runner::pompe_network: Node 1 failed to connect to node 14: Connection refused (os error 111)
2025-12-10T06:34:51.352194Z ERROR ThreadId(23) hotstuff_runner::pompe_network: Node 1 failed to connect to node 15: Connection refused (os error 111)
2025-12-10T06:34:51.419333Z ERROR ThreadId(23) hotstuff_runner::pompe_network: Node 1 failed to connect to node 16: Connection refused (os error 111)
2025-12-10T06:34:51.486438Z ERROR ThreadId(23) hotstuff_runner::pompe_network: Node 1 failed to connect to node 17: Connection refused (os error 111)
2025-12-10T06:34:51.553260Z ERROR ThreadId(23) hotstuff_runner::pompe_network: Node 1 failed to connect to node 18: Connection refused (os error 111)
2025-12-10T06:34:56.141846Z  WARN ThreadId(21) hotstuff_runner::tcp_node: Node 1 view 0 timed out; latency may accumulate
2025-12-10T06:34:56.173839Z  WARN ThreadId(07) docker_node:   Connection reuse ineffective (2.0 msg/conn)
2025-12-10T06:34:56.176652Z  WARN ThreadId(01) docker_node: Node 0 port 20000 temporarily unreachable: failed to lookup address information: Temporary failure in name resolution
2025-12-10T06:34:56.178283Z  WARN ThreadId(01) docker_node: Node 1 port 20001 temporarily unreachable: failed to lookup address information: Temporary failure in name resolution
2025-12-10T06:34:56.179949Z  WARN ThreadId(01) docker_node: Node 2 port 20002 temporarily unreachable: failed to lookup address information: Temporary failure in name resolution
2025-12-10T06:34:56.181421Z  WARN ThreadId(01) docker_node: Node 3 port 20003 temporarily unreachable: failed to lookup address information: Temporary failure in name resolution
2025-12-10T06:34:56.183023Z  WARN ThreadId(01) docker_node: Node 4 port 20004 temporarily unreachable: failed to lookup address information: Temporary failure in name resolution
2025-12-10T06:34:56.184566Z  WARN ThreadId(01) docker_node: Node 5 port 20005 temporarily unreachable: failed to lookup address information: Temporary failure in name resolution
2025-12-10T06:34:56.186040Z  WARN ThreadId(01) docker_node: Node 6 port 20006 temporarily unreachable: failed to lookup address information: Temporary failure in name resolution
2025-12-10T06:34:56.187413Z  WARN ThreadId(01) docker_node: Node 7 port 20007 temporarily unreachable: failed to lookup address information: Temporary failure in name resolution
2025-12-10T06:34:56.189023Z  WARN ThreadId(01) docker_node: Node 8 port 20008 temporarily unreachable: failed to lookup address information: Temporary failure in name resolution
2025-12-10T06:34:56.190387Z  WARN ThreadId(01) docker_node: Node 9 port 20009 temporarily unreachable: failed to lookup address information: Temporary failure in name resolution
2025-12-10T06:34:56.191927Z  WARN ThreadId(01) docker_node: Node 10 port 20010 temporarily unreachable: failed to lookup address information: Temporary failure in name resolution
2025-12-10T06:34:56.193598Z  WARN ThreadId(01) docker_node: Node 11 port 20011 temporarily unreachable: failed to lookup address information: Temporary failure in name resolution
2025-12-10T06:34:56.195342Z  WARN ThreadId(01) docker_node: Node 12 port 20012 temporarily unreachable: failed to lookup address information: Temporary failure in name resolution
2025-12-10T06:34:56.197001Z  WARN ThreadId(01) docker_node: Node 13 port 20013 temporarily unreachable: failed to lookup address information: Temporary failure in name resolution
2025-12-10T06:34:56.198548Z  WARN ThreadId(01) docker_node: Node 14 port 20014 temporarily unreachable: failed to lookup address information: Temporary failure in name resolution
2025-12-10T06:34:56.200161Z  WARN ThreadId(01) docker_node: Node 15 port 20015 temporarily unreachable: failed to lookup address information: Temporary failure in name resolution
2025-12-10T06:34:56.201785Z  WARN ThreadId(01) docker_node: Node 16 port 20016 temporarily unreachable: failed to lookup address information: Temporary failure in name resolution
2025-12-10T06:34:56.203437Z  WARN ThreadId(01) docker_node: Node 17 port 20017 temporarily unreachable: failed to lookup address information: Temporary failure in name resolution
2025-12-10T06:34:56.205140Z  WARN ThreadId(01) docker_node: Node 18 port 20018 temporarily unreachable: failed to lookup address information: Temporary failure in name resolution
2025-12-10T06:34:56.206837Z  WARN ThreadId(01) docker_node: Node 19 port 20019 temporarily unreachable: failed to lookup address information: Temporary failure in name resolution
2025-12-10T06:34:56.208333Z  WARN ThreadId(01) docker_node: Node 20 port 20020 temporarily unreachable: failed to lookup address information: Temporary failure in name resolution
2025-12-10T06:34:56.209968Z  WARN ThreadId(01) docker_node: Node 21 port 20021 temporarily unreachable: failed to lookup address information: Temporary failure in name resolution
2025-12-10T06:34:56.211515Z  WARN ThreadId(01) docker_node: Node 22 port 20022 temporarily unreachable: failed to lookup address information: Temporary failure in name resolution
2025-12-10T06:34:56.213125Z  WARN ThreadId(01) docker_node: Node 23 port 20023 temporarily unreachable: failed to lookup address information: Temporary failure in name resolution
2025-12-10T06:34:56.214652Z  WARN ThreadId(01) docker_node: Node 24 port 20024 temporarily unreachable: failed to lookup address information: Temporary failure in name resolution
2025-12-10T06:34:56.216460Z  WARN ThreadId(01) docker_node: Node 25 port 20025 temporarily unreachable: failed to lookup address information: Temporary failure in name resolution
2025-12-10T06:34:56.218044Z  WARN ThreadId(01) docker_node: Node 26 port 20026 temporarily unreachable: failed to lookup address information: Temporary failure in name resolution
2025-12-10T06:34:56.219771Z  WARN ThreadId(01) docker_node: Node 27 port 20027 temporarily unreachable: failed to lookup address information: Temporary failure in name resolution
2025-12-10T06:34:56.221442Z  WARN ThreadId(01) docker_node: Node 28 port 20028 temporarily unreachable: failed to lookup address information: Temporary failure in name resolution
2025-12-10T06:34:56.223036Z  WARN ThreadId(01) docker_node: Node 29 port 20029 temporarily unreachable: failed to lookup address information: Temporary failure in name resolution
2025-12-10T06:34:56.224604Z  WARN ThreadId(01) docker_node: Node 30 port 20030 temporarily unreachable: failed to lookup address information: Temporary failure in name resolution
2025-12-10T06:34:56.226112Z  WARN ThreadId(01) docker_node: Node 31 port 20031 temporarily unreachable: failed to lookup address information: Temporary failure in name resolution
2025-12-10T06:34:56.227724Z  WARN ThreadId(01) docker_node: Node 32 port 20032 temporarily unreachable: failed to lookup address information: Temporary failure in name resolution
2025-12-10T06:34:56.229328Z  WARN ThreadId(01) docker_node: Node 33 port 20033 temporarily unreachable: failed to lookup address information: Temporary failure in name resolution
2025-12-10T06:34:56.230950Z  WARN ThreadId(01) docker_node: Node 34 port 20034 temporarily unreachable: failed to lookup address information: Temporary failure in name resolution
2025-12-10T06:34:56.232596Z  WARN ThreadId(01) docker_node: Node 35 port 20035 temporarily unreachable: failed to lookup address information: Temporary failure in name resolution
2025-12-10T06:34:56.234162Z  WARN ThreadId(01) docker_node: Node 36 port 20036 temporarily unreachable: failed to lookup address information: Temporary failure in name resolution
2025-12-10T06:34:56.235765Z  WARN ThreadId(01) docker_node: Node 37 port 20037 temporarily unreachable: failed to lookup address information: Temporary failure in name resolution
2025-12-10T06:34:56.237321Z  WARN ThreadId(01) docker_node: Node 38 port 20038 temporarily unreachable: failed to lookup address information: Temporary failure in name resolution
2025-12-10T06:34:56.238838Z  WARN ThreadId(01) docker_node: Node 39 port 20039 temporarily unreachable: failed to lookup address information: Temporary failure in name resolution
2025-12-10T06:34:56.240436Z  WARN ThreadId(01) docker_node: Node 40 port 20040 temporarily unreachable: failed to lookup address information: Temporary failure in name resolution
2025-12-10T06:34:56.242296Z  WARN ThreadId(01) docker_node: Node 41 port 20041 temporarily unreachable: failed to lookup address information: Temporary failure in name resolution
2025-12-10T06:34:56.243779Z  WARN ThreadId(01) docker_node: Node 42 port 20042 temporarily unreachable: failed to lookup address information: Temporary failure in name resolution
2025-12-10T06:34:56.245425Z  WARN ThreadId(01) docker_node: Node 43 port 20043 temporarily unreachable: failed to lookup address information: Temporary failure in name resolution
2025-12-10T06:34:56.246973Z  WARN ThreadId(01) docker_node: Node 44 port 20044 temporarily unreachable: failed to lookup address information: Temporary failure in name resolution
2025-12-10T06:34:56.248460Z  WARN ThreadId(01) docker_node: Node 45 port 20045 temporarily unreachable: failed to lookup address information: Temporary failure in name resolution
2025-12-10T06:34:56.249964Z  WARN ThreadId(01) docker_node: Node 46 port 20046 temporarily unreachable: failed to lookup address information: Temporary failure in name resolution
2025-12-10T06:34:56.251546Z  WARN ThreadId(01) docker_node: Node 47 port 20047 temporarily unreachable: failed to lookup address information: Temporary failure in name resolution
2025-12-10T06:34:56.253020Z  WARN ThreadId(01) docker_node: Node 48 port 20048 temporarily unreachable: failed to lookup address information: Temporary failure in name resolution
2025-12-10T06:34:56.254511Z  WARN ThreadId(01) docker_node: Node 49 port 20049 temporarily unreachable: failed to lookup address information: Temporary failure in name resolution
2025-12-10T06:34:56.256280Z  WARN ThreadId(01) docker_node: Node 50 port 20050 temporarily unreachable: failed to lookup address information: Temporary failure in name resolution
2025-12-10T06:34:56.257877Z  WARN ThreadId(01) docker_node: Node 51 port 20051 temporarily unreachable: failed to lookup address information: Temporary failure in name resolution
2025-12-10T06:34:56.259455Z  WARN ThreadId(01) docker_node: Node 52 port 20052 temporarily unreachable: failed to lookup address information: Temporary failure in name resolution
2025-12-10T06:34:56.260976Z  WARN ThreadId(01) docker_node: Node 53 port 20053 temporarily unreachable: failed to lookup address information: Temporary failure in name resolution
2025-12-10T06:34:56.262326Z  WARN ThreadId(01) docker_node: Node 54 port 20054 temporarily unreachable: failed to lookup address information: Temporary failure in name resolution
2025-12-10T06:34:56.263837Z  WARN ThreadId(01) docker_node: Node 55 port 20055 temporarily unreachable: failed to lookup address information: Temporary failure in name resolution
2025-12-10T06:34:56.265607Z  WARN ThreadId(01) docker_node: Node 56 port 20056 temporarily unreachable: failed to lookup address information: Temporary failure in name resolution
2025-12-10T06:34:56.267379Z  WARN ThreadId(01) docker_node: Node 57 port 20057 temporarily unreachable: failed to lookup address information: Temporary failure in name resolution
2025-12-10T06:34:56.269055Z  WARN ThreadId(01) docker_node: Node 58 port 20058 temporarily unreachable: failed to lookup address information: Temporary failure in name resolution
2025-12-10T06:34:56.270608Z  WARN ThreadId(01) docker_node: Node 59 port 20059 temporarily unreachable: failed to lookup address information: Temporary failure in name resolution
2025-12-10T06:34:56.272161Z  WARN ThreadId(01) docker_node: Node 60 port 20060 temporarily unreachable: failed to lookup address information: Temporary failure in name resolution
2025-12-10T06:34:56.273767Z  WARN ThreadId(01) docker_node: Node 61 port 20061 temporarily unreachable: failed to lookup address information: Temporary failure in name resolution
2025-12-10T06:34:56.275359Z  WARN ThreadId(01) docker_node: Node 62 port 20062 temporarily unreachable: failed to lookup address information: Temporary failure in name resolution
2025-12-10T06:34:56.277052Z  WARN ThreadId(01) docker_node: Node 63 port 20063 temporarily unreachable: failed to lookup address information: Temporary failure in name resolution
2025-12-10T06:34:56.278814Z  WARN ThreadId(01) docker_node: Node 64 port 20064 temporarily unreachable: failed to lookup address information: Temporary failure in name resolution
2025-12-10T06:34:56.280316Z  WARN ThreadId(01) docker_node: Node 65 port 20065 temporarily unreachable: failed to lookup address information: Temporary failure in name resolution
2025-12-10T06:34:56.282000Z  WARN ThreadId(01) docker_node: Node 66 port 20066 temporarily unreachable: failed to lookup address information: Temporary failure in name resolution
2025-12-10T06:34:56.283665Z  WARN ThreadId(01) docker_node: Node 67 port 20067 temporarily unreachable: failed to lookup address information: Temporary failure in name resolution
2025-12-10T06:34:56.285185Z  WARN ThreadId(01) docker_node: Node 68 port 20068 temporarily unreachable: failed to lookup address information: Temporary failure in name resolution
2025-12-10T06:34:56.286911Z  WARN ThreadId(01) docker_node: Node 69 port 20069 temporarily unreachable: failed to lookup address information: Temporary failure in name resolution
2025-12-10T06:34:56.288546Z  WARN ThreadId(01) docker_node: Node 70 port 20070 temporarily unreachable: failed to lookup address information: Temporary failure in name resolution
2025-12-10T06:34:56.291211Z  WARN ThreadId(01) docker_node: Node 71 port 20071 temporarily unreachable: failed to lookup address information: Temporary failure in name resolution
2025-12-10T06:34:56.293183Z  WARN ThreadId(01) docker_node: Node 72 port 20072 temporarily unreachable: failed to lookup address information: Temporary failure in name resolution
2025-12-10T06:34:56.294999Z  WARN ThreadId(01) docker_node: Node 73 port 20073 temporarily unreachable: failed to lookup address information: Temporary failure in name resolution
2025-12-10T06:34:56.296871Z  WARN ThreadId(01) docker_node: Node 74 port 20074 temporarily unreachable: failed to lookup address information: Temporary failure in name resolution
2025-12-10T06:34:56.298703Z  WARN ThreadId(01) docker_node: Node 75 port 20075 temporarily unreachable: failed to lookup address information: Temporary failure in name resolution
2025-12-10T06:34:56.300492Z  WARN ThreadId(01) docker_node: Node 76 port 20076 temporarily unreachable: failed to lookup address information: Temporary failure in name resolution
2025-12-10T06:34:56.302064Z  WARN ThreadId(01) docker_node: Node 77 port 20077 temporarily unreachable: failed to lookup address information: Temporary failure in name resolution
2025-12-10T06:34:56.308814Z  WARN ThreadId(01) docker_node: Node 78 port 20078 temporarily unreachable: failed to lookup address information: Temporary failure in name resolution
2025-12-10T06:34:56.310695Z  WARN ThreadId(01) docker_node: Node 79 port 20079 temporarily unreachable: failed to lookup address information: Temporary failure in name resolution
2025-12-10T06:34:56.312346Z  WARN ThreadId(01) docker_node: Node 80 port 20080 temporarily unreachable: failed to lookup address information: Temporary failure in name resolution
2025-12-10T06:34:56.314058Z  WARN ThreadId(01) docker_node: Node 81 port 20081 temporarily unreachable: failed to lookup address information: Temporary failure in name resolution
2025-12-10T06:34:56.315744Z  WARN ThreadId(01) docker_node: Node 82 port 20082 temporarily unreachable: failed to lookup address information: Temporary failure in name resolution
2025-12-10T06:34:56.317265Z  WARN ThreadId(01) docker_node: Node 83 port 20083 temporarily unreachable: failed to lookup address information: Temporary failure in name resolution
2025-12-10T06:34:56.318760Z  WARN ThreadId(01) docker_node: Node 84 port 20084 temporarily unreachable: failed to lookup address information: Temporary failure in name resolution
2025-12-10T06:34:56.320372Z  WARN ThreadId(01) docker_node: Node 85 port 20085 temporarily unreachable: failed to lookup address information: Temporary failure in name resolution
2025-12-10T06:34:56.322196Z  WARN ThreadId(01) docker_node: Node 86 port 20086 temporarily unreachable: failed to lookup address information: Temporary failure in name resolution
2025-12-10T06:34:56.323852Z  WARN ThreadId(01) docker_node: Node 87 port 20087 temporarily unreachable: failed to lookup address information: Temporary failure in name resolution
2025-12-10T06:34:56.325459Z  WARN ThreadId(01) docker_node: Node 88 port 20088 temporarily unreachable: failed to lookup address information: Temporary failure in name resolution
2025-12-10T06:34:56.327099Z  WARN ThreadId(01) docker_node: Node 89 port 20089 temporarily unreachable: failed to lookup address information: Temporary failure in name resolution
2025-12-10T06:35:01.173899Z  WARN ThreadId(07) docker_node:   Connection reuse ineffective (2.0 msg/conn)
2025-12-10T06:35:06.174143Z  WARN ThreadId(07) docker_node:   Connection reuse ineffective (2.0 msg/conn)
2025-12-10T06:35:11.173893Z  WARN ThreadId(07) docker_node:   Connection reuse ineffective (2.0 msg/conn)
2025-12-10T06:35:16.173985Z  WARN ThreadId(07) docker_node:   Connection reuse ineffective (2.0 msg/conn)
2025-12-10T06:35:21.174544Z  WARN ThreadId(07) docker_node:   Connection reuse ineffective (2.0 msg/conn)
2025-12-10T06:35:25.535946Z  WARN ThreadId(20) hotstuff_runner::app: Node 1 [produce_block] queue size: 0, attempting up to 0 transactions this block    
2025-12-10T06:35:26.174350Z  WARN ThreadId(09) docker_node:   Connection reuse ineffective (2.0 msg/conn)
2025-12-10T06:35:31.174247Z  WARN ThreadId(02) docker_node:   Connection reuse ineffective (2.0 msg/conn)
2025-12-10T06:35:36.174325Z  WARN ThreadId(05) docker_node:   Connection reuse ineffective (2.0 msg/conn)
2025-12-10T06:35:41.174642Z  WARN ThreadId(02) docker_node:   Connection reuse ineffective (2.0 msg/conn)
2025-12-10T06:35:46.174247Z  WARN ThreadId(07) docker_node:   Connection reuse ineffective (2.0 msg/conn)
2025-12-10T06:35:51.174246Z  WARN ThreadId(07) docker_node:   Connection reuse ineffective (2.0 msg/conn)
2025-12-10T06:35:56.174060Z  WARN ThreadId(02) docker_node:   Connection reuse ineffective (2.0 msg/conn)
2025-12-10T06:36:01.174347Z  WARN ThreadId(02) docker_node:   Connection reuse ineffective (2.0 msg/conn)
2025-12-10T06:36:06.173950Z  WARN ThreadId(07) docker_node:   Connection reuse ineffective (2.0 msg/conn)
2025-12-10T06:36:11.174326Z  WARN ThreadId(07) docker_node:   Connection reuse ineffective (2.0 msg/conn)
2025-12-10T06:36:16.173761Z  WARN ThreadId(07) docker_node:   Connection reuse ineffective (2.0 msg/conn)
2025-12-10T06:36:21.173858Z  WARN ThreadId(02) docker_node:   Connection reuse ineffective (2.0 msg/conn)
2025-12-10T06:36:26.174137Z  WARN ThreadId(07) docker_node:   Connection reuse ineffective (2.0 msg/conn)
2025-12-10T06:36:26.863815Z  WARN ThreadId(20) hotstuff_runner::app: Node 1 [produce_block] queue size: 180, attempting up to 180 transactions this block    
2025-12-10T06:36:26.863971Z  WARN ThreadId(20) hotstuff_runner::app: Node 1 view(138) far exceeds block count (1); potential sync issue    
2025-12-10T06:36:31.174249Z  WARN ThreadId(07) docker_node:   Connection reuse ineffective (2.0 msg/conn)
