2025-11-14T02:35:39.801035Z  WARN ThreadId(01) docker_node: metrics exporter disabled by SMROL_DISABLE_METRICS
2025-11-14T02:36:00.016535Z  WARN ThreadId(01) hotstuff_runner::tcp_node: Node 0 view timeout set to 3000 ms
2025-11-14T02:36:00.024205Z ERROR ThreadId(22) hotstuff_runner::pompe_network: Node 0 failed to connect to node 1: Connection refused (os error 111)
2025-11-14T02:36:00.028574Z  WARN ThreadId(01) hotstuff_runner::smrol::sequencing: SMROL_MEDIAN_INFLIGHT=24, SMROL_ORDER_FINALIZE_INFLIGHT=4, SMROL_FINAL_SIGN_INFLIGHT=4, SMROL_FINAL_VERIFY_INFLIGHT=24
2025-11-14T02:36:00.028633Z  WARN ThreadId(01) hotstuff_runner::smrol::sequencing: [Sequencing] Node 0 multi-signature verification disabled: false
2025-11-14T02:36:00.029238Z  WARN ThreadId(05) hotstuff_runner::smrol::sequencing: [Sequencing] Node 0 final verify dispatcher started
2025-11-14T02:36:01.100835Z ERROR ThreadId(22) hotstuff_runner::pompe_network: Node 0 failed to connect to node 11: Connection refused (os error 111)
2025-11-14T02:36:01.347894Z ERROR ThreadId(22) hotstuff_runner::pompe_network: Node 0 failed to connect to node 14: Connection refused (os error 111)
2025-11-14T02:36:01.459143Z ERROR ThreadId(22) hotstuff_runner::pompe_network: Node 0 failed to connect to node 15: Connection refused (os error 111)
2025-11-14T02:36:03.018052Z  WARN ThreadId(21) hotstuff_runner::tcp_node: Node 0 view 0 timed out; latency may accumulate
2025-11-14T02:36:04.986055Z  WARN ThreadId(20) hotstuff_runner::app: Node 0 [produce_block] queue size: 0, attempting up to 0 transactions this block    
2025-11-14T02:36:05.030251Z  WARN ThreadId(03) docker_node:   Connection reuse ineffective (2.0 msg/conn)
2025-11-14T02:36:05.033012Z  WARN ThreadId(01) docker_node: Node 0 port 20000 temporarily unreachable: failed to lookup address information: Temporary failure in name resolution
2025-11-14T02:36:05.034840Z  WARN ThreadId(01) docker_node: Node 1 port 20001 temporarily unreachable: failed to lookup address information: Temporary failure in name resolution
2025-11-14T02:36:05.036606Z  WARN ThreadId(01) docker_node: Node 2 port 20002 temporarily unreachable: failed to lookup address information: Temporary failure in name resolution
2025-11-14T02:36:05.038211Z  WARN ThreadId(01) docker_node: Node 3 port 20003 temporarily unreachable: failed to lookup address information: Temporary failure in name resolution
2025-11-14T02:36:05.039893Z  WARN ThreadId(01) docker_node: Node 4 port 20004 temporarily unreachable: failed to lookup address information: Temporary failure in name resolution
2025-11-14T02:36:05.041605Z  WARN ThreadId(01) docker_node: Node 5 port 20005 temporarily unreachable: failed to lookup address information: Temporary failure in name resolution
2025-11-14T02:36:05.043247Z  WARN ThreadId(01) docker_node: Node 6 port 20006 temporarily unreachable: failed to lookup address information: Temporary failure in name resolution
2025-11-14T02:36:05.044792Z  WARN ThreadId(01) docker_node: Node 7 port 20007 temporarily unreachable: failed to lookup address information: Temporary failure in name resolution
2025-11-14T02:36:05.046559Z  WARN ThreadId(01) docker_node: Node 8 port 20008 temporarily unreachable: failed to lookup address information: Temporary failure in name resolution
2025-11-14T02:36:05.048275Z  WARN ThreadId(01) docker_node: Node 9 port 20009 temporarily unreachable: failed to lookup address information: Temporary failure in name resolution
2025-11-14T02:36:05.050058Z  WARN ThreadId(01) docker_node: Node 10 port 20010 temporarily unreachable: failed to lookup address information: Temporary failure in name resolution
2025-11-14T02:36:05.051788Z  WARN ThreadId(01) docker_node: Node 11 port 20011 temporarily unreachable: failed to lookup address information: Temporary failure in name resolution
2025-11-14T02:36:05.053542Z  WARN ThreadId(01) docker_node: Node 12 port 20012 temporarily unreachable: failed to lookup address information: Temporary failure in name resolution
2025-11-14T02:36:05.055261Z  WARN ThreadId(01) docker_node: Node 13 port 20013 temporarily unreachable: failed to lookup address information: Temporary failure in name resolution
2025-11-14T02:36:05.057048Z  WARN ThreadId(01) docker_node: Node 14 port 20014 temporarily unreachable: failed to lookup address information: Temporary failure in name resolution
2025-11-14T02:36:05.058629Z  WARN ThreadId(01) docker_node: Node 15 port 20015 temporarily unreachable: failed to lookup address information: Temporary failure in name resolution
2025-11-14T02:36:07.487891Z  WARN ThreadId(20) hotstuff_runner::app: Node 0 [produce_block] queue size: 0, attempting up to 0 transactions this block    
2025-11-14T02:36:10.029884Z  WARN ThreadId(03) docker_node:   Connection reuse ineffective (2.0 msg/conn)
2025-11-14T02:36:10.031024Z  WARN ThreadId(20) hotstuff_runner::app: Node 0 [produce_block] queue size: 0, attempting up to 0 transactions this block    
2025-11-14T02:36:12.531123Z  WARN ThreadId(20) hotstuff_runner::app: Node 0 [produce_block] queue size: 0, attempting up to 0 transactions this block    
2025-11-14T02:36:15.026893Z  WARN ThreadId(20) hotstuff_runner::app: Node 0 [produce_block] queue size: 0, attempting up to 0 transactions this block    
2025-11-14T02:36:15.029841Z  WARN ThreadId(03) docker_node:   Connection reuse ineffective (2.0 msg/conn)
2025-11-14T02:36:17.522176Z  WARN ThreadId(20) hotstuff_runner::app: Node 0 [produce_block] queue size: 0, attempting up to 0 transactions this block    
2025-11-14T02:36:20.019964Z  WARN ThreadId(20) hotstuff_runner::app: Node 0 [produce_block] queue size: 0, attempting up to 0 transactions this block    
2025-11-14T02:36:20.030089Z  WARN ThreadId(03) docker_node:   Connection reuse ineffective (2.0 msg/conn)
2025-11-14T02:36:22.510089Z  WARN ThreadId(20) hotstuff_runner::app: Node 0 [produce_block] queue size: 0, attempting up to 0 transactions this block    
2025-11-14T02:36:22.510102Z  WARN ThreadId(20) hotstuff_runner::app: Node 0 view(121) far exceeds block count (7); potential sync issue    
2025-11-14T02:36:25.004623Z  WARN ThreadId(20) hotstuff_runner::app: Node 0 [produce_block] queue size: 0, attempting up to 0 transactions this block    
2025-11-14T02:36:25.004637Z  WARN ThreadId(20) hotstuff_runner::app: Node 0 view(137) far exceeds block count (8); potential sync issue    
2025-11-14T02:36:25.029755Z  WARN ThreadId(03) docker_node:   Connection reuse ineffective (2.0 msg/conn)
2025-11-14T02:36:27.497896Z  WARN ThreadId(21) hotstuff_runner::tcp_node: Detected transaction backlog: submit rate (5.1) > confirm rate (0.0)
2025-11-14T02:36:27.503055Z  WARN ThreadId(20) hotstuff_runner::app: Node 0 [produce_block] queue size: 3164, attempting up to 3164 transactions this block    
2025-11-14T02:36:27.504163Z  WARN ThreadId(20) hotstuff_runner::app: Node 0 view(153) far exceeds block count (9); potential sync issue    
2025-11-14T02:36:27.594811Z  WARN ThreadId(25) hotstuff_runner::smrol::network: ⚠️ [Check] Writer 0 -> 2 slow write: 22.317256ms
2025-11-14T02:36:27.756200Z  WARN ThreadId(24) hotstuff_runner::smrol::network: ⚠️ [Check] Writer 0 -> 10 slow write: 17.194945ms
2025-11-14T02:36:27.799774Z  WARN ThreadId(24) hotstuff_runner::smrol::network: ⚠️ [Check] Writer 0 -> 11 slow write: 5.001398ms
2025-11-14T02:36:27.840337Z  WARN ThreadId(25) hotstuff_runner::smrol::network: ⚠️ [Check] Writer 0 -> 15 slow write: 11.221439ms
2025-11-14T02:36:28.037550Z  WARN ThreadId(24) hotstuff_runner::smrol::network: ⚠️ [Check] Writer 0 -> 5 slow write: 62.471217ms
2025-11-14T02:36:28.038779Z  WARN ThreadId(25) hotstuff_runner::smrol::network: ⚠️ [Check] Writer 0 -> 4 slow write: 64.701356ms
2025-11-14T02:36:28.090153Z  WARN ThreadId(25) hotstuff_runner::smrol::network: ⚠️ [Check] Writer 0 -> 7 slow write: 8.891427ms
2025-11-14T02:36:28.141503Z  WARN ThreadId(24) hotstuff_runner::smrol::network: ⚠️ [Check] Writer 0 -> 6 slow write: 157.075273ms
2025-11-14T02:36:30.030431Z  WARN ThreadId(05) docker_node:   Connection reuse ineffective (2.0 msg/conn)
2025-11-14T02:36:30.060360Z  WARN ThreadId(03) docker_node: Node 0 Regular transaction queue backlog: 88050 transactions
2025-11-14T02:36:33.292815Z  WARN ThreadId(21) hotstuff_runner::tcp_node: Node 0 view 156 timed out; latency may accumulate
2025-11-14T02:36:35.029903Z  WARN ThreadId(06) docker_node: HotStuff processing bottleneck detected:
2025-11-14T02:36:35.029927Z  WARN ThreadId(06) docker_node:    - HotStuff queue backlog: 88050 transactions
2025-11-14T02:36:35.029937Z  WARN ThreadId(06) docker_node:    - Confirmation TPS (0.0) much lower than submission TPS (0.9)
2025-11-14T02:36:35.029944Z  WARN ThreadId(06) docker_node:    - Possible cause: HotStuff consensus network delay or block size limitation
2025-11-14T02:36:35.029954Z  WARN ThreadId(06) docker_node:   Connection reuse ineffective (2.0 msg/conn)
2025-11-14T02:36:35.060074Z  WARN ThreadId(06) docker_node: Node 0 Regular transaction queue backlog: 88050 transactions
2025-11-14T02:36:40.030351Z  WARN ThreadId(08) docker_node:   Connection reuse ineffective (2.0 msg/conn)
2025-11-14T02:36:40.060485Z  WARN ThreadId(08) docker_node: Node 0 Regular transaction queue backlog: 88050 transactions
2025-11-14T02:36:41.748634Z  WARN ThreadId(20) hotstuff_rs::block_tree::invariants: SAFE_PC_FAIL: pc.block=[64, 26, 114, 66, 245, 222, 10, 49, 36, 159, 57, 127, 243, 77, 30, 26, 61, 133, 132, 27, 147, 106, 13, 43, 187, 221, 139, 146, 242, 235, 160, 2] view=158 phase=Generic | cond1(chain_id/genesis)=true (pc.chain_id=0, my.chain_id=0) | cond2(block_exists/genesis)=true (exists=true) | cond3(view>locked || extends)=false (pc.view=158, locked.view=159, extends=false) | cond4(phase/updates)=true (phase_special=false, has_updates=false) | highest_pc.block=[163, 97, 85, 15, 77, 176, 154, 126, 23, 88, 119, 76, 98, 112, 145, 130, 83, 115, 222, 213, 18, 109, 219, 114, 34, 8, 221, 105, 181, 91, 20, 90] highest_pc.view=160 locked.block=[48, 113, 169, 238, 190, 219, 195, 123, 165, 58, 242, 82, 93, 47, 21, 5, 32, 76, 44, 251, 51, 124, 1, 36, 157, 116, 31, 154, 51, 197, 215, 74] locked.view=159    
2025-11-14T02:36:41.748674Z  WARN ThreadId(20) hotstuff_rs::block_tree::invariants: SAFE_BLOCK_FAIL: block=[68, 57, 187, 65, 253, 93, 50, 28, 239, 227, 222, 232, 102, 78, 150, 94, 207, 85, 242, 34, 143, 136, 180, 37, 95, 187, 152, 175, 154, 245, 64, 100] height=None | cond1(safe_pc)=false | cond2(is_block_justify)=true (justify.phase=Generic) | justify.block=[64, 26, 114, 66, 245, 222, 10, 49, 36, 159, 57, 127, 243, 77, 30, 26, 61, 133, 132, 27, 147, 106, 13, 43, 187, 221, 139, 146, 242, 235, 160, 2] justify.view=158 | highest_pc.block=[163, 97, 85, 15, 77, 176, 154, 126, 23, 88, 119, 76, 98, 112, 145, 130, 83, 115, 222, 213, 18, 109, 219, 114, 34, 8, 221, 105, 181, 91, 20, 90] highest_pc.view=160 | locked.block=[48, 113, 169, 238, 190, 219, 195, 123, 165, 58, 242, 82, 93, 47, 21, 5, 32, 76, 44, 251, 51, 124, 1, 36, 157, 116, 31, 154, 51, 197, 215, 74] locked.view=159    
2025-11-14T02:36:45.030638Z  WARN ThreadId(08) docker_node:   Connection reuse ineffective (2.0 msg/conn)
2025-11-14T02:36:45.059766Z  WARN ThreadId(08) docker_node: Node 0 Regular transaction queue backlog: 88050 transactions
2025-11-14T02:36:47.346501Z  WARN ThreadId(21) hotstuff_runner::tcp_node: Node 0 view 163 timed out; latency may accumulate
2025-11-14T02:36:50.030345Z  WARN ThreadId(08) docker_node:   Connection reuse ineffective (2.0 msg/conn)
2025-11-14T02:36:50.060562Z  WARN ThreadId(08) docker_node: Node 0 Regular transaction queue backlog: 88050 transactions
2025-11-14T02:36:52.982287Z  WARN ThreadId(20) hotstuff_rs::block_tree::invariants: SAFE_PC_FAIL: pc.block=[147, 227, 171, 112, 216, 180, 62, 206, 92, 34, 145, 151, 248, 124, 238, 220, 181, 14, 239, 165, 239, 144, 55, 248, 70, 171, 116, 96, 161, 96, 63, 43] view=151 phase=Generic | cond1(chain_id/genesis)=true (pc.chain_id=0, my.chain_id=0) | cond2(block_exists/genesis)=true (exists=true) | cond3(view>locked || extends)=false (pc.view=151, locked.view=160, extends=false) | cond4(phase/updates)=true (phase_special=false, has_updates=false) | highest_pc.block=[9, 39, 192, 167, 176, 169, 156, 136, 169, 75, 170, 114, 226, 11, 32, 182, 119, 39, 121, 37, 82, 241, 246, 47, 137, 42, 99, 31, 92, 159, 167, 135] highest_pc.view=164 locked.block=[163, 97, 85, 15, 77, 176, 154, 126, 23, 88, 119, 76, 98, 112, 145, 130, 83, 115, 222, 213, 18, 109, 219, 114, 34, 8, 221, 105, 181, 91, 20, 90] locked.view=160    
2025-11-14T02:36:52.982335Z  WARN ThreadId(20) hotstuff_rs::block_tree::invariants: SAFE_BLOCK_FAIL: block=[45, 17, 139, 170, 108, 149, 244, 32, 169, 3, 222, 9, 102, 88, 226, 54, 60, 72, 184, 203, 76, 160, 224, 34, 2, 109, 101, 93, 169, 185, 13, 7] height=None | cond1(safe_pc)=false | cond2(is_block_justify)=true (justify.phase=Generic) | justify.block=[147, 227, 171, 112, 216, 180, 62, 206, 92, 34, 145, 151, 248, 124, 238, 220, 181, 14, 239, 165, 239, 144, 55, 248, 70, 171, 116, 96, 161, 96, 63, 43] justify.view=151 | highest_pc.block=[9, 39, 192, 167, 176, 169, 156, 136, 169, 75, 170, 114, 226, 11, 32, 182, 119, 39, 121, 37, 82, 241, 246, 47, 137, 42, 99, 31, 92, 159, 167, 135] highest_pc.view=164 | locked.block=[163, 97, 85, 15, 77, 176, 154, 126, 23, 88, 119, 76, 98, 112, 145, 130, 83, 115, 222, 213, 18, 109, 219, 114, 34, 8, 221, 105, 181, 91, 20, 90] locked.view=160    
2025-11-14T02:36:54.250637Z  WARN ThreadId(21) hotstuff_runner::tcp_node: Node 0 view 166 timed out; latency may accumulate
2025-11-14T02:36:55.030353Z  WARN ThreadId(08) docker_node:   Connection reuse ineffective (2.0 msg/conn)
2025-11-14T02:36:55.060554Z  WARN ThreadId(08) docker_node: Node 0 Regular transaction queue backlog: 88050 transactions
2025-11-14T02:36:58.313627Z  WARN ThreadId(20) hotstuff_runner::app: Node 0 [produce_block] queue size: 88050, attempting up to 88050 transactions this block    
2025-11-14T02:36:58.347505Z  WARN ThreadId(20) hotstuff_runner::app: Node 0 view(169) far exceeds block count (10); potential sync issue    
2025-11-14T02:37:00.029715Z  WARN ThreadId(06) docker_node:   Connection reuse ineffective (2.0 msg/conn)
2025-11-14T02:37:01.818109Z  WARN ThreadId(21) hotstuff_runner::tcp_node: Node 0 view 171 timed out; latency may accumulate
2025-11-14T02:37:02.610306Z  WARN ThreadId(20) hotstuff_rs::block_tree::invariants: SAFE_PC_FAIL: pc.block=[64, 26, 114, 66, 245, 222, 10, 49, 36, 159, 57, 127, 243, 77, 30, 26, 61, 133, 132, 27, 147, 106, 13, 43, 187, 221, 139, 146, 242, 235, 160, 2] view=158 phase=Generic | cond1(chain_id/genesis)=true (pc.chain_id=0, my.chain_id=0) | cond2(block_exists/genesis)=true (exists=true) | cond3(view>locked || extends)=false (pc.view=158, locked.view=169, extends=false) | cond4(phase/updates)=true (phase_special=false, has_updates=false) | highest_pc.block=[75, 27, 96, 168, 153, 42, 176, 243, 154, 29, 11, 11, 63, 168, 186, 74, 80, 131, 109, 92, 1, 198, 148, 247, 74, 97, 55, 97, 255, 243, 122, 114] highest_pc.view=170 locked.block=[246, 55, 126, 40, 44, 64, 115, 208, 5, 146, 36, 241, 89, 146, 72, 158, 26, 234, 19, 58, 197, 98, 44, 81, 206, 210, 204, 133, 155, 11, 13, 228] locked.view=169    
2025-11-14T02:37:02.610349Z  WARN ThreadId(20) hotstuff_rs::block_tree::invariants: SAFE_BLOCK_FAIL: block=[197, 53, 161, 101, 248, 254, 83, 135, 126, 177, 123, 198, 134, 247, 207, 150, 174, 234, 149, 66, 141, 96, 254, 253, 223, 115, 140, 251, 164, 35, 30, 229] height=None | cond1(safe_pc)=false | cond2(is_block_justify)=true (justify.phase=Generic) | justify.block=[64, 26, 114, 66, 245, 222, 10, 49, 36, 159, 57, 127, 243, 77, 30, 26, 61, 133, 132, 27, 147, 106, 13, 43, 187, 221, 139, 146, 242, 235, 160, 2] justify.view=158 | highest_pc.block=[75, 27, 96, 168, 153, 42, 176, 243, 154, 29, 11, 11, 63, 168, 186, 74, 80, 131, 109, 92, 1, 198, 148, 247, 74, 97, 55, 97, 255, 243, 122, 114] highest_pc.view=170 | locked.block=[246, 55, 126, 40, 44, 64, 115, 208, 5, 146, 36, 241, 89, 146, 72, 158, 26, 234, 19, 58, 197, 98, 44, 81, 206, 210, 204, 133, 155, 11, 13, 228] locked.view=169    
2025-11-14T02:37:04.818572Z  WARN ThreadId(21) hotstuff_runner::tcp_node: Node 0 view 172 timed out; latency may accumulate
2025-11-14T02:37:05.030356Z  WARN ThreadId(08) docker_node:   Connection reuse ineffective (2.0 msg/conn)
2025-11-14T02:37:08.710400Z  WARN ThreadId(21) hotstuff_runner::tcp_node: Node 0 view 177 timed out; latency may accumulate
2025-11-14T02:37:10.030360Z  WARN ThreadId(08) docker_node:   Connection reuse ineffective (2.0 msg/conn)
2025-11-14T02:37:12.726223Z  WARN ThreadId(21) hotstuff_runner::tcp_node: Node 0 view 181 timed out; latency may accumulate
2025-11-14T02:37:14.054342Z  WARN ThreadId(20) hotstuff_runner::app: Node 0 [produce_block] queue size: 0, attempting up to 0 transactions this block    
2025-11-14T02:37:14.054356Z  WARN ThreadId(20) hotstuff_runner::app: Node 0 view(185) far exceeds block count (11); potential sync issue    
2025-11-14T02:37:15.030480Z  WARN ThreadId(08) docker_node:   Connection reuse ineffective (2.0 msg/conn)
2025-11-14T02:37:20.029871Z  WARN ThreadId(08) docker_node:   Connection reuse ineffective (2.0 msg/conn)
2025-11-14T02:37:20.787588Z  WARN ThreadId(20) hotstuff_runner::app: Node 0 [produce_block] queue size: 0, attempting up to 0 transactions this block    
2025-11-14T02:37:20.787614Z  WARN ThreadId(20) hotstuff_runner::app: Node 0 view(201) far exceeds block count (12); potential sync issue    
2025-11-14T02:37:24.325442Z  WARN ThreadId(20) hotstuff_runner::app: Node 0 [produce_block] queue size: 0, attempting up to 0 transactions this block    
2025-11-14T02:37:24.325459Z  WARN ThreadId(20) hotstuff_runner::app: Node 0 view(217) far exceeds block count (13); potential sync issue    
2025-11-14T02:37:25.030404Z  WARN ThreadId(08) docker_node:   Connection reuse ineffective (2.0 msg/conn)
2025-11-14T02:37:27.480709Z  WARN ThreadId(20) hotstuff_runner::app: Node 0 [produce_block] queue size: 0, attempting up to 0 transactions this block    
2025-11-14T02:37:27.480729Z  WARN ThreadId(20) hotstuff_runner::app: Node 0 view(233) far exceeds block count (14); potential sync issue    
2025-11-14T02:37:30.030429Z  WARN ThreadId(08) docker_node:   Connection reuse ineffective (2.0 msg/conn)
2025-11-14T02:37:30.674557Z  WARN ThreadId(20) hotstuff_runner::app: Node 0 [produce_block] queue size: 0, attempting up to 0 transactions this block    
2025-11-14T02:37:30.674575Z  WARN ThreadId(20) hotstuff_runner::app: Node 0 view(249) far exceeds block count (15); potential sync issue    
2025-11-14T02:37:33.832546Z  WARN ThreadId(20) hotstuff_runner::app: Node 0 [produce_block] queue size: 0, attempting up to 0 transactions this block    
2025-11-14T02:37:33.832566Z  WARN ThreadId(20) hotstuff_runner::app: Node 0 view(265) far exceeds block count (16); potential sync issue    
2025-11-14T02:37:35.030388Z  WARN ThreadId(05) docker_node:   Connection reuse ineffective (2.0 msg/conn)
2025-11-14T02:37:36.955699Z  WARN ThreadId(20) hotstuff_runner::app: Node 0 [produce_block] queue size: 0, attempting up to 0 transactions this block    
2025-11-14T02:37:36.955720Z  WARN ThreadId(20) hotstuff_runner::app: Node 0 view(281) far exceeds block count (17); potential sync issue    
2025-11-14T02:37:40.030126Z  WARN ThreadId(05) docker_node:   Connection reuse ineffective (2.0 msg/conn)
2025-11-14T02:37:40.200664Z  WARN ThreadId(20) hotstuff_runner::app: Node 0 [produce_block] queue size: 0, attempting up to 0 transactions this block    
2025-11-14T02:37:40.200680Z  WARN ThreadId(20) hotstuff_runner::app: Node 0 view(297) far exceeds block count (18); potential sync issue    
2025-11-14T02:37:43.291670Z  WARN ThreadId(20) hotstuff_runner::app: Node 0 [produce_block] queue size: 0, attempting up to 0 transactions this block    
2025-11-14T02:37:43.291689Z  WARN ThreadId(20) hotstuff_runner::app: Node 0 view(313) far exceeds block count (19); potential sync issue    
2025-11-14T02:37:45.029994Z  WARN ThreadId(05) docker_node:   Connection reuse ineffective (2.0 msg/conn)
2025-11-14T02:37:46.449064Z  WARN ThreadId(20) hotstuff_runner::app: Node 0 [produce_block] queue size: 0, attempting up to 0 transactions this block    
2025-11-14T02:37:46.449080Z  WARN ThreadId(20) hotstuff_runner::app: Node 0 view(329) far exceeds block count (20); potential sync issue    
2025-11-14T02:37:49.657800Z  WARN ThreadId(20) hotstuff_runner::app: Node 0 [produce_block] queue size: 0, attempting up to 0 transactions this block    
2025-11-14T02:37:49.657830Z  WARN ThreadId(20) hotstuff_runner::app: Node 0 view(345) far exceeds block count (21); potential sync issue    
2025-11-14T02:37:50.030200Z  WARN ThreadId(06) docker_node:   Connection reuse ineffective (2.0 msg/conn)
2025-11-14T02:37:53.044202Z  WARN ThreadId(20) hotstuff_runner::app: Node 0 [produce_block] queue size: 0, attempting up to 0 transactions this block    
2025-11-14T02:37:53.044220Z  WARN ThreadId(20) hotstuff_runner::app: Node 0 view(361) far exceeds block count (22); potential sync issue    
2025-11-14T02:37:55.030440Z  WARN ThreadId(06) docker_node:   Connection reuse ineffective (2.0 msg/conn)
2025-11-14T02:37:56.328321Z  WARN ThreadId(20) hotstuff_runner::app: Node 0 [produce_block] queue size: 0, attempting up to 0 transactions this block    
2025-11-14T02:37:56.328340Z  WARN ThreadId(20) hotstuff_runner::app: Node 0 view(377) far exceeds block count (23); potential sync issue    
2025-11-14T02:37:59.799697Z  WARN ThreadId(20) hotstuff_runner::app: Node 0 [produce_block] queue size: 0, attempting up to 0 transactions this block    
2025-11-14T02:37:59.799721Z  WARN ThreadId(20) hotstuff_runner::app: Node 0 view(393) far exceeds block count (24); potential sync issue    
2025-11-14T02:38:00.030202Z  WARN ThreadId(06) docker_node:   Connection reuse ineffective (2.0 msg/conn)
2025-11-14T02:38:03.175094Z  WARN ThreadId(20) hotstuff_runner::app: Node 0 [produce_block] queue size: 0, attempting up to 0 transactions this block    
2025-11-14T02:38:03.175115Z  WARN ThreadId(20) hotstuff_runner::app: Node 0 view(409) far exceeds block count (25); potential sync issue    
2025-11-14T02:38:05.029901Z  WARN ThreadId(05) docker_node:   Connection reuse ineffective (2.0 msg/conn)
2025-11-14T02:38:06.447659Z  WARN ThreadId(20) hotstuff_runner::app: Node 0 [produce_block] queue size: 0, attempting up to 0 transactions this block    
2025-11-14T02:38:06.447678Z  WARN ThreadId(20) hotstuff_runner::app: Node 0 view(425) far exceeds block count (26); potential sync issue    
2025-11-14T02:38:09.732479Z  WARN ThreadId(20) hotstuff_runner::app: Node 0 [produce_block] queue size: 0, attempting up to 0 transactions this block    
2025-11-14T02:38:09.732499Z  WARN ThreadId(20) hotstuff_runner::app: Node 0 view(441) far exceeds block count (27); potential sync issue    
2025-11-14T02:38:10.030483Z  WARN ThreadId(05) docker_node:   Connection reuse ineffective (2.0 msg/conn)
2025-11-14T02:38:12.939005Z  WARN ThreadId(20) hotstuff_runner::app: Node 0 [produce_block] queue size: 0, attempting up to 0 transactions this block    
2025-11-14T02:38:12.939029Z  WARN ThreadId(20) hotstuff_runner::app: Node 0 view(457) far exceeds block count (28); potential sync issue    
2025-11-14T02:38:15.030434Z  WARN ThreadId(05) docker_node:   Connection reuse ineffective (2.0 msg/conn)
2025-11-14T02:38:16.189457Z  WARN ThreadId(20) hotstuff_runner::app: Node 0 [produce_block] queue size: 0, attempting up to 0 transactions this block    
2025-11-14T02:38:16.189477Z  WARN ThreadId(20) hotstuff_runner::app: Node 0 view(473) far exceeds block count (29); potential sync issue    
