2025-12-05T13:45:41.862131Z  WARN ThreadId(01) docker_node: metrics exporter disabled by SMROL_DISABLE_METRICS
2025-12-05T13:46:02.077466Z  WARN ThreadId(01) hotstuff_runner::tcp_node: Node 0 view timeout set to 5000 ms
2025-12-05T13:46:02.087743Z ERROR ThreadId(23) hotstuff_runner::pompe_network: Node 0 failed to connect to node 1: Connection refused (os error 111)
2025-12-05T13:46:02.090243Z ERROR ThreadId(22) hotstuff_runner::pompe_network: Node 0 failed to connect to node 2: Connection refused (os error 111)
2025-12-05T13:46:02.090644Z ERROR ThreadId(22) hotstuff_runner::pompe_network: Node 0 failed to connect to node 3: Connection refused (os error 111)
2025-12-05T13:46:02.090990Z ERROR ThreadId(22) hotstuff_runner::pompe_network: Node 0 failed to connect to node 4: Connection refused (os error 111)
2025-12-05T13:46:02.091331Z ERROR ThreadId(22) hotstuff_runner::pompe_network: Node 0 failed to connect to node 5: Connection refused (os error 111)
2025-12-05T13:46:02.105151Z  WARN ThreadId(01) hotstuff_runner::smrol::sequencing: SMROL_MEDIAN_INFLIGHT=24, SMROL_ORDER_FINALIZE_INFLIGHT=4, SMROL_FINAL_SIGN_INFLIGHT=4, SMROL_FINAL_VERIFY_INFLIGHT=24
2025-12-05T13:46:02.105213Z  WARN ThreadId(01) hotstuff_runner::smrol::sequencing: [Sequencing] Node 0 multi-signature verification disabled: false
2025-12-05T13:46:02.105800Z  WARN ThreadId(07) hotstuff_runner::smrol::sequencing: [Sequencing] Node 0 final verify dispatcher started
2025-12-05T13:46:02.566390Z ERROR ThreadId(22) hotstuff_runner::pompe_network: Node 0 failed to connect to node 13: Connection refused (os error 111)
2025-12-05T13:46:02.870433Z ERROR ThreadId(22) hotstuff_runner::pompe_network: Node 0 failed to connect to node 16: Connection refused (os error 111)
2025-12-05T13:46:03.054118Z ERROR ThreadId(22) hotstuff_runner::pompe_network: Node 0 failed to connect to node 17: Connection refused (os error 111)
2025-12-05T13:46:03.238057Z ERROR ThreadId(22) hotstuff_runner::pompe_network: Node 0 failed to connect to node 18: Connection refused (os error 111)
2025-12-05T13:46:03.422247Z ERROR ThreadId(22) hotstuff_runner::pompe_network: Node 0 failed to connect to node 19: Connection refused (os error 111)
2025-12-05T13:46:07.081461Z  WARN ThreadId(21) hotstuff_runner::tcp_node: Node 0 view 0 timed out; latency may accumulate
2025-12-05T13:46:07.105785Z  WARN ThreadId(06) docker_node:   Connection reuse ineffective (2.0 msg/conn)
2025-12-05T13:46:07.109198Z  WARN ThreadId(01) docker_node: Node 0 port 20000 temporarily unreachable: failed to lookup address information: Temporary failure in name resolution
2025-12-05T13:46:07.111388Z  WARN ThreadId(01) docker_node: Node 1 port 20001 temporarily unreachable: failed to lookup address information: Temporary failure in name resolution
2025-12-05T13:46:07.113270Z  WARN ThreadId(01) docker_node: Node 2 port 20002 temporarily unreachable: failed to lookup address information: Temporary failure in name resolution
2025-12-05T13:46:07.115318Z  WARN ThreadId(01) docker_node: Node 3 port 20003 temporarily unreachable: failed to lookup address information: Temporary failure in name resolution
2025-12-05T13:46:07.117334Z  WARN ThreadId(01) docker_node: Node 4 port 20004 temporarily unreachable: failed to lookup address information: Temporary failure in name resolution
2025-12-05T13:46:07.119942Z  WARN ThreadId(01) docker_node: Node 5 port 20005 temporarily unreachable: failed to lookup address information: Temporary failure in name resolution
2025-12-05T13:46:07.121709Z  WARN ThreadId(01) docker_node: Node 6 port 20006 temporarily unreachable: failed to lookup address information: Temporary failure in name resolution
2025-12-05T13:46:07.123474Z  WARN ThreadId(01) docker_node: Node 7 port 20007 temporarily unreachable: failed to lookup address information: Temporary failure in name resolution
2025-12-05T13:46:07.125347Z  WARN ThreadId(01) docker_node: Node 8 port 20008 temporarily unreachable: failed to lookup address information: Temporary failure in name resolution
2025-12-05T13:46:07.127134Z  WARN ThreadId(01) docker_node: Node 9 port 20009 temporarily unreachable: failed to lookup address information: Temporary failure in name resolution
2025-12-05T13:46:07.128892Z  WARN ThreadId(01) docker_node: Node 10 port 20010 temporarily unreachable: failed to lookup address information: Temporary failure in name resolution
2025-12-05T13:46:07.130693Z  WARN ThreadId(01) docker_node: Node 11 port 20011 temporarily unreachable: failed to lookup address information: Temporary failure in name resolution
2025-12-05T13:46:07.132492Z  WARN ThreadId(01) docker_node: Node 12 port 20012 temporarily unreachable: failed to lookup address information: Temporary failure in name resolution
2025-12-05T13:46:07.134316Z  WARN ThreadId(01) docker_node: Node 13 port 20013 temporarily unreachable: failed to lookup address information: Temporary failure in name resolution
2025-12-05T13:46:07.136185Z  WARN ThreadId(01) docker_node: Node 14 port 20014 temporarily unreachable: failed to lookup address information: Temporary failure in name resolution
2025-12-05T13:46:07.137985Z  WARN ThreadId(01) docker_node: Node 15 port 20015 temporarily unreachable: failed to lookup address information: Temporary failure in name resolution
2025-12-05T13:46:07.139838Z  WARN ThreadId(01) docker_node: Node 16 port 20016 temporarily unreachable: failed to lookup address information: Temporary failure in name resolution
2025-12-05T13:46:07.141505Z  WARN ThreadId(01) docker_node: Node 17 port 20017 temporarily unreachable: failed to lookup address information: Temporary failure in name resolution
2025-12-05T13:46:07.143259Z  WARN ThreadId(01) docker_node: Node 18 port 20018 temporarily unreachable: failed to lookup address information: Temporary failure in name resolution
2025-12-05T13:46:07.144926Z  WARN ThreadId(01) docker_node: Node 19 port 20019 temporarily unreachable: failed to lookup address information: Temporary failure in name resolution
2025-12-05T13:46:07.146732Z  WARN ThreadId(01) docker_node: Node 20 port 20020 temporarily unreachable: failed to lookup address information: Temporary failure in name resolution
2025-12-05T13:46:07.148526Z  WARN ThreadId(01) docker_node: Node 21 port 20021 temporarily unreachable: failed to lookup address information: Temporary failure in name resolution
2025-12-05T13:46:07.150289Z  WARN ThreadId(01) docker_node: Node 22 port 20022 temporarily unreachable: failed to lookup address information: Temporary failure in name resolution
2025-12-05T13:46:07.151987Z  WARN ThreadId(01) docker_node: Node 23 port 20023 temporarily unreachable: failed to lookup address information: Temporary failure in name resolution
2025-12-05T13:46:07.153896Z  WARN ThreadId(01) docker_node: Node 24 port 20024 temporarily unreachable: failed to lookup address information: Temporary failure in name resolution
2025-12-05T13:46:07.155679Z  WARN ThreadId(01) docker_node: Node 25 port 20025 temporarily unreachable: failed to lookup address information: Temporary failure in name resolution
2025-12-05T13:46:07.157443Z  WARN ThreadId(01) docker_node: Node 26 port 20026 temporarily unreachable: failed to lookup address information: Temporary failure in name resolution
2025-12-05T13:46:07.159208Z  WARN ThreadId(01) docker_node: Node 27 port 20027 temporarily unreachable: failed to lookup address information: Temporary failure in name resolution
2025-12-05T13:46:07.160805Z  WARN ThreadId(01) docker_node: Node 28 port 20028 temporarily unreachable: failed to lookup address information: Temporary failure in name resolution
2025-12-05T13:46:07.162816Z  WARN ThreadId(01) docker_node: Node 29 port 20029 temporarily unreachable: failed to lookup address information: Temporary failure in name resolution
2025-12-05T13:46:07.164489Z  WARN ThreadId(01) docker_node: Node 30 port 20030 temporarily unreachable: failed to lookup address information: Temporary failure in name resolution
2025-12-05T13:46:07.166447Z  WARN ThreadId(01) docker_node: Node 31 port 20031 temporarily unreachable: failed to lookup address information: Temporary failure in name resolution
2025-12-05T13:46:07.168153Z  WARN ThreadId(01) docker_node: Node 32 port 20032 temporarily unreachable: failed to lookup address information: Temporary failure in name resolution
2025-12-05T13:46:07.170018Z  WARN ThreadId(01) docker_node: Node 33 port 20033 temporarily unreachable: failed to lookup address information: Temporary failure in name resolution
2025-12-05T13:46:07.173535Z  WARN ThreadId(01) docker_node: Node 34 port 20034 temporarily unreachable: failed to lookup address information: Temporary failure in name resolution
2025-12-05T13:46:07.175400Z  WARN ThreadId(01) docker_node: Node 35 port 20035 temporarily unreachable: failed to lookup address information: Temporary failure in name resolution
2025-12-05T13:46:07.177217Z  WARN ThreadId(01) docker_node: Node 36 port 20036 temporarily unreachable: failed to lookup address information: Temporary failure in name resolution
2025-12-05T13:46:07.179190Z  WARN ThreadId(01) docker_node: Node 37 port 20037 temporarily unreachable: failed to lookup address information: Temporary failure in name resolution
2025-12-05T13:46:07.182256Z  WARN ThreadId(01) docker_node: Node 38 port 20038 temporarily unreachable: failed to lookup address information: Temporary failure in name resolution
2025-12-05T13:46:07.184055Z  WARN ThreadId(01) docker_node: Node 39 port 20039 temporarily unreachable: failed to lookup address information: Temporary failure in name resolution
2025-12-05T13:46:07.185920Z  WARN ThreadId(01) docker_node: Node 40 port 20040 temporarily unreachable: failed to lookup address information: Temporary failure in name resolution
2025-12-05T13:46:07.188084Z  WARN ThreadId(01) docker_node: Node 41 port 20041 temporarily unreachable: failed to lookup address information: Temporary failure in name resolution
2025-12-05T13:46:07.189768Z  WARN ThreadId(01) docker_node: Node 42 port 20042 temporarily unreachable: failed to lookup address information: Temporary failure in name resolution
2025-12-05T13:46:07.191441Z  WARN ThreadId(01) docker_node: Node 43 port 20043 temporarily unreachable: failed to lookup address information: Temporary failure in name resolution
2025-12-05T13:46:07.192958Z  WARN ThreadId(01) docker_node: Node 44 port 20044 temporarily unreachable: failed to lookup address information: Temporary failure in name resolution
2025-12-05T13:46:07.194804Z  WARN ThreadId(01) docker_node: Node 45 port 20045 temporarily unreachable: failed to lookup address information: Temporary failure in name resolution
2025-12-05T13:46:07.196414Z  WARN ThreadId(01) docker_node: Node 46 port 20046 temporarily unreachable: failed to lookup address information: Temporary failure in name resolution
2025-12-05T13:46:07.198053Z  WARN ThreadId(01) docker_node: Node 47 port 20047 temporarily unreachable: failed to lookup address information: Temporary failure in name resolution
2025-12-05T13:46:07.199898Z  WARN ThreadId(01) docker_node: Node 48 port 20048 temporarily unreachable: failed to lookup address information: Temporary failure in name resolution
2025-12-05T13:46:07.201631Z  WARN ThreadId(01) docker_node: Node 49 port 20049 temporarily unreachable: failed to lookup address information: Temporary failure in name resolution
2025-12-05T13:46:07.203476Z  WARN ThreadId(01) docker_node: Node 50 port 20050 temporarily unreachable: failed to lookup address information: Temporary failure in name resolution
2025-12-05T13:46:07.205220Z  WARN ThreadId(01) docker_node: Node 51 port 20051 temporarily unreachable: failed to lookup address information: Temporary failure in name resolution
2025-12-05T13:46:07.206990Z  WARN ThreadId(01) docker_node: Node 52 port 20052 temporarily unreachable: failed to lookup address information: Temporary failure in name resolution
2025-12-05T13:46:07.208480Z  WARN ThreadId(01) docker_node: Node 53 port 20053 temporarily unreachable: failed to lookup address information: Temporary failure in name resolution
2025-12-05T13:46:07.210571Z  WARN ThreadId(01) docker_node: Node 54 port 20054 temporarily unreachable: failed to lookup address information: Temporary failure in name resolution
2025-12-05T13:46:07.212300Z  WARN ThreadId(01) docker_node: Node 55 port 20055 temporarily unreachable: failed to lookup address information: Temporary failure in name resolution
2025-12-05T13:46:07.214283Z  WARN ThreadId(01) docker_node: Node 56 port 20056 temporarily unreachable: failed to lookup address information: Temporary failure in name resolution
2025-12-05T13:46:07.215909Z  WARN ThreadId(01) docker_node: Node 57 port 20057 temporarily unreachable: failed to lookup address information: Temporary failure in name resolution
2025-12-05T13:46:07.217635Z  WARN ThreadId(01) docker_node: Node 58 port 20058 temporarily unreachable: failed to lookup address information: Temporary failure in name resolution
2025-12-05T13:46:07.219428Z  WARN ThreadId(01) docker_node: Node 59 port 20059 temporarily unreachable: failed to lookup address information: Temporary failure in name resolution
2025-12-05T13:46:07.221146Z  WARN ThreadId(01) docker_node: Node 60 port 20060 temporarily unreachable: failed to lookup address information: Temporary failure in name resolution
2025-12-05T13:46:07.222955Z  WARN ThreadId(01) docker_node: Node 61 port 20061 temporarily unreachable: failed to lookup address information: Temporary failure in name resolution
2025-12-05T13:46:07.224770Z  WARN ThreadId(01) docker_node: Node 62 port 20062 temporarily unreachable: failed to lookup address information: Temporary failure in name resolution
2025-12-05T13:46:07.226505Z  WARN ThreadId(01) docker_node: Node 63 port 20063 temporarily unreachable: failed to lookup address information: Temporary failure in name resolution
2025-12-05T13:46:12.105787Z  WARN ThreadId(04) docker_node:   Connection reuse ineffective (2.0 msg/conn)
2025-12-05T13:46:17.105962Z  WARN ThreadId(06) docker_node:   Connection reuse ineffective (2.0 msg/conn)
2025-12-05T13:46:21.752012Z  WARN ThreadId(20) hotstuff_runner::app: Node 0 [produce_block] queue size: 0, attempting up to 0 transactions this block    
2025-12-05T13:46:22.105869Z  WARN ThreadId(06) docker_node:   Connection reuse ineffective (2.0 msg/conn)
2025-12-05T13:46:27.105813Z  WARN ThreadId(06) docker_node:   Connection reuse ineffective (2.0 msg/conn)
2025-12-05T13:46:32.106638Z  WARN ThreadId(06) docker_node:   Connection reuse ineffective (2.0 msg/conn)
2025-12-05T13:46:36.527112Z  WARN ThreadId(25) hotstuff_runner::smrol::network: ⚠️ [Check] Writer 0 -> 1 slow write: 12.312747ms
2025-12-05T13:46:36.532617Z  WARN ThreadId(24) hotstuff_runner::smrol::network: ⚠️ [Check] Writer 0 -> 4 slow write: 8.203871ms
2025-12-05T13:46:36.537320Z  WARN ThreadId(25) hotstuff_runner::smrol::network: ⚠️ [Check] Writer 0 -> 2 slow write: 13.413143ms
2025-12-05T13:46:36.543482Z  WARN ThreadId(24) hotstuff_runner::smrol::network: ⚠️ [Check] Writer 0 -> 3 slow write: 19.695899ms
2025-12-05T13:46:36.556638Z  WARN ThreadId(24) hotstuff_runner::smrol::network: ⚠️ [Check] Writer 0 -> 36 slow write: 41.566238ms
2025-12-05T13:46:36.556902Z  WARN ThreadId(24) hotstuff_runner::smrol::network: ⚠️ [Check] Writer 0 -> 38 slow write: 43.657264ms
2025-12-05T13:46:36.558014Z  WARN ThreadId(24) hotstuff_runner::smrol::network: ⚠️ [Check] Writer 0 -> 40 slow write: 41.393697ms
2025-12-05T13:46:36.565062Z  WARN ThreadId(24) hotstuff_runner::smrol::network: ⚠️ [Check] Writer 0 -> 39 slow write: 42.145723ms
2025-12-05T13:46:36.568707Z  WARN ThreadId(24) hotstuff_runner::smrol::network: ⚠️ [Check] Writer 0 -> 37 slow write: 43.709916ms
2025-12-05T13:46:36.687850Z  WARN ThreadId(24) hotstuff_runner::smrol::network: ⚠️ [Check] Writer 0 -> 9 slow write: 175.523946ms
2025-12-05T13:46:36.688838Z  WARN ThreadId(24) hotstuff_runner::smrol::network: ⚠️ [Check] Writer 0 -> 15 slow write: 175.212328ms
2025-12-05T13:46:36.689435Z  WARN ThreadId(25) hotstuff_runner::smrol::network: ⚠️ [Check] Writer 0 -> 11 slow write: 175.240239ms
2025-12-05T13:46:36.691318Z  WARN ThreadId(25) hotstuff_runner::smrol::network: ⚠️ [Check] Writer 0 -> 10 slow write: 175.296182ms
2025-12-05T13:46:36.694831Z  WARN ThreadId(24) hotstuff_runner::smrol::network: ⚠️ [Check] Writer 0 -> 7 slow write: 175.132453ms
2025-12-05T13:46:36.695669Z  WARN ThreadId(24) hotstuff_runner::smrol::network: ⚠️ [Check] Writer 0 -> 8 slow write: 179.999414ms
2025-12-05T13:46:36.697084Z  WARN ThreadId(24) hotstuff_runner::smrol::network: ⚠️ [Check] Writer 0 -> 12 slow write: 180.138083ms
2025-12-05T13:46:36.697644Z  WARN ThreadId(25) hotstuff_runner::smrol::network: ⚠️ [Check] Writer 0 -> 6 slow write: 180.362026ms
2025-12-05T13:46:36.701372Z  WARN ThreadId(25) hotstuff_runner::smrol::network: ⚠️ [Check] Writer 0 -> 14 slow write: 180.192496ms
2025-12-05T13:46:36.701778Z  WARN ThreadId(25) hotstuff_runner::smrol::network: ⚠️ [Check] Writer 0 -> 13 slow write: 180.027596ms
2025-12-05T13:46:36.720995Z  WARN ThreadId(25) hotstuff_runner::smrol::network: ⚠️ [Check] Writer 0 -> 48 slow write: 203.442818ms
2025-12-05T13:46:36.722721Z  WARN ThreadId(24) hotstuff_runner::smrol::network: ⚠️ [Check] Writer 0 -> 49 slow write: 198.949758ms
2025-12-05T13:46:36.727787Z  WARN ThreadId(24) hotstuff_runner::smrol::network: ⚠️ [Check] Writer 0 -> 51 slow write: 203.726384ms
2025-12-05T13:46:36.730753Z  WARN ThreadId(24) hotstuff_runner::smrol::network: ⚠️ [Check] Writer 0 -> 50 slow write: 204.001191ms
2025-12-05T13:46:36.742459Z  WARN ThreadId(24) hotstuff_runner::smrol::network: ⚠️ [Check] Writer 0 -> 57 slow write: 227.978546ms
2025-12-05T13:46:36.745927Z  WARN ThreadId(24) hotstuff_runner::smrol::network: ⚠️ [Check] Writer 0 -> 53 slow write: 225.020279ms
2025-12-05T13:46:36.751692Z  WARN ThreadId(24) hotstuff_runner::smrol::network: ⚠️ [Check] Writer 0 -> 54 slow write: 226.062511ms
2025-12-05T13:46:36.752105Z  WARN ThreadId(24) hotstuff_runner::smrol::network: ⚠️ [Check] Writer 0 -> 56 slow write: 227.351478ms
2025-12-05T13:46:36.753620Z  WARN ThreadId(24) hotstuff_runner::smrol::network: ⚠️ [Check] Writer 0 -> 52 slow write: 228.324647ms
2025-12-05T13:46:36.778937Z  WARN ThreadId(24) hotstuff_runner::smrol::network: ⚠️ [Check] Writer 0 -> 46 slow write: 199.018032ms
2025-12-05T13:46:36.784767Z  WARN ThreadId(24) hotstuff_runner::smrol::network: ⚠️ [Check] Writer 0 -> 47 slow write: 203.833491ms
2025-12-05T13:46:36.790112Z  WARN ThreadId(24) hotstuff_runner::smrol::network: ⚠️ [Check] Writer 0 -> 41 slow write: 271.281128ms
2025-12-05T13:46:36.790378Z  WARN ThreadId(24) hotstuff_runner::smrol::network: ⚠️ [Check] Writer 0 -> 42 slow write: 272.528253ms
2025-12-05T13:46:36.791199Z  WARN ThreadId(24) hotstuff_runner::smrol::network: ⚠️ [Check] Writer 0 -> 45 slow write: 273.027922ms
2025-12-05T13:46:36.792319Z  WARN ThreadId(24) hotstuff_runner::smrol::network: ⚠️ [Check] Writer 0 -> 44 slow write: 271.704943ms
2025-12-05T13:46:36.824462Z  WARN ThreadId(24) hotstuff_runner::smrol::network: ⚠️ [Check] Writer 0 -> 55 slow write: 229.70323ms
2025-12-05T13:46:36.850363Z  WARN ThreadId(24) hotstuff_runner::smrol::network: ⚠️ [Check] Writer 0 -> 63 slow write: 334.027844ms
2025-12-05T13:46:36.851765Z  WARN ThreadId(24) hotstuff_runner::smrol::network: ⚠️ [Check] Writer 0 -> 58 slow write: 332.641681ms
2025-12-05T13:46:36.858054Z  WARN ThreadId(25) hotstuff_runner::smrol::network: ⚠️ [Check] Writer 0 -> 62 slow write: 331.786ms
2025-12-05T13:46:36.879969Z  WARN ThreadId(24) hotstuff_runner::smrol::network: ⚠️ [Check] Writer 0 -> 43 slow write: 270.848623ms
2025-12-05T13:46:36.953381Z  WARN ThreadId(25) hotstuff_runner::smrol::network: ⚠️ [Check] Writer 0 -> 61 slow write: 330.782949ms
2025-12-05T13:46:36.953715Z  WARN ThreadId(25) hotstuff_runner::smrol::network: ⚠️ [Check] Writer 0 -> 35 slow write: 438.379961ms
2025-12-05T13:46:36.957840Z  WARN ThreadId(25) hotstuff_runner::smrol::network: ⚠️ [Check] Writer 0 -> 59 slow write: 332.976461ms
2025-12-05T13:46:36.958675Z  WARN ThreadId(25) hotstuff_runner::smrol::network: ⚠️ [Check] Writer 0 -> 60 slow write: 333.498322ms
2025-12-05T13:46:36.958939Z  WARN ThreadId(25) hotstuff_runner::smrol::network: ⚠️ [Check] Writer 0 -> 33 slow write: 447.311575ms
2025-12-05T13:46:36.959090Z  WARN ThreadId(24) hotstuff_runner::smrol::network: ⚠️ [Check] Writer 0 -> 32 slow write: 447.178347ms
2025-12-05T13:46:36.962058Z  WARN ThreadId(25) hotstuff_runner::smrol::network: ⚠️ [Check] Writer 0 -> 34 slow write: 439.432583ms
2025-12-05T13:46:36.972121Z  WARN ThreadId(25) hotstuff_runner::smrol::network: ⚠️ [Check] Writer 0 -> 31 slow write: 446.490136ms
2025-12-05T13:46:37.070821Z  WARN ThreadId(24) hotstuff_runner::smrol::network: ⚠️ [Check] Writer 0 -> 17 slow write: 550.472779ms
2025-12-05T13:46:37.071068Z  WARN ThreadId(24) hotstuff_runner::smrol::network: ⚠️ [Check] Writer 0 -> 20 slow write: 551.094907ms
2025-12-05T13:46:37.071471Z  WARN ThreadId(24) hotstuff_runner::smrol::network: ⚠️ [Check] Writer 0 -> 16 slow write: 552.066886ms
2025-12-05T13:46:37.074770Z  WARN ThreadId(24) hotstuff_runner::smrol::network: ⚠️ [Check] Writer 0 -> 18 slow write: 552.739456ms
2025-12-05T13:46:37.077649Z  WARN ThreadId(24) hotstuff_runner::smrol::network: ⚠️ [Check] Writer 0 -> 19 slow write: 551.324841ms
2025-12-05T13:46:37.099444Z  WARN ThreadId(24) hotstuff_runner::smrol::network: ⚠️ [Check] Writer 0 -> 29 slow write: 586.482175ms
2025-12-05T13:46:37.106218Z  WARN ThreadId(08) docker_node:   Connection reuse ineffective (2.0 msg/conn)
2025-12-05T13:46:37.114837Z  WARN ThreadId(24) hotstuff_runner::smrol::network: ⚠️ [Check] Writer 0 -> 28 slow write: 590.132314ms
2025-12-05T13:46:37.118891Z  WARN ThreadId(25) hotstuff_runner::smrol::network: ⚠️ [Check] Writer 0 -> 26 slow write: 593.535647ms
2025-12-05T13:46:37.122725Z  WARN ThreadId(24) hotstuff_runner::smrol::network: ⚠️ [Check] Writer 0 -> 30 slow write: 600.414449ms
2025-12-05T13:46:37.124386Z  WARN ThreadId(24) hotstuff_runner::smrol::network: ⚠️ [Check] Writer 0 -> 27 slow write: 598.397968ms
2025-12-05T13:46:37.142462Z  WARN ThreadId(24) hotstuff_runner::smrol::network: ⚠️ [Check] Writer 0 -> 22 slow write: 620.920816ms
2025-12-05T13:46:37.142615Z  WARN ThreadId(24) hotstuff_runner::smrol::network: ⚠️ [Check] Writer 0 -> 21 slow write: 631.32813ms
2025-12-05T13:46:37.143852Z  WARN ThreadId(24) hotstuff_runner::smrol::network: ⚠️ [Check] Writer 0 -> 23 slow write: 631.220163ms
2025-12-05T13:46:37.168616Z  WARN ThreadId(25) hotstuff_runner::smrol::network: ⚠️ [Check] Writer 0 -> 24 slow write: 650.155526ms
2025-12-05T13:46:37.186226Z  WARN ThreadId(25) hotstuff_runner::smrol::network: ⚠️ [Check] Writer 0 -> 25 slow write: 659.678827ms
2025-12-05T13:46:37.226974Z  WARN ThreadId(02) docker_node: Node 0 Regular transaction queue backlog: 45625 transactions
2025-12-05T13:46:42.106193Z  WARN ThreadId(06) docker_node: HotStuff processing bottleneck detected:
2025-12-05T13:46:42.106221Z  WARN ThreadId(06) docker_node:    - HotStuff queue backlog: 45625 transactions
2025-12-05T13:46:42.106230Z  WARN ThreadId(06) docker_node:    - Confirmation TPS (0.0) much lower than submission TPS (0.2)
2025-12-05T13:46:42.106237Z  WARN ThreadId(06) docker_node:    - Possible cause: HotStuff consensus network delay or block size limitation
2025-12-05T13:46:42.106250Z  WARN ThreadId(06) docker_node:   Connection reuse ineffective (2.0 msg/conn)
2025-12-05T13:46:42.226744Z  WARN ThreadId(02) docker_node: Node 0 Regular transaction queue backlog: 177230 transactions
2025-12-05T13:46:47.106556Z  WARN ThreadId(05) docker_node:   Connection reuse ineffective (2.0 msg/conn)
2025-12-05T13:46:47.226741Z  WARN ThreadId(05) docker_node: Node 0 Regular transaction queue backlog: 235137 transactions
2025-12-05T13:46:50.508397Z  WARN ThreadId(21) hotstuff_runner::tcp_node: Node 0 view 90 timed out; latency may accumulate
2025-12-05T13:46:52.106130Z  WARN ThreadId(08) docker_node:   Connection reuse ineffective (2.0 msg/conn)
2025-12-05T13:46:52.226697Z  WARN ThreadId(08) docker_node: Node 0 Regular transaction queue backlog: 393065 transactions
2025-12-05T13:46:55.509904Z  WARN ThreadId(21) hotstuff_runner::tcp_node: Node 0 view 91 timed out; latency may accumulate
2025-12-05T13:46:55.962286Z  WARN ThreadId(24) hotstuff_runner::smrol::network: ⚠️ [Check] Writer 0 -> 38 slow write: 44.059889ms
2025-12-05T13:46:55.963397Z  WARN ThreadId(24) hotstuff_runner::smrol::network: ⚠️ [Check] Writer 0 -> 36 slow write: 41.471714ms
2025-12-05T13:46:55.965938Z  WARN ThreadId(24) hotstuff_runner::smrol::network: ⚠️ [Check] Writer 0 -> 40 slow write: 41.58768ms
2025-12-05T13:46:55.968057Z  WARN ThreadId(24) hotstuff_runner::smrol::network: ⚠️ [Check] Writer 0 -> 39 slow write: 42.288813ms
2025-12-05T13:46:55.973214Z  WARN ThreadId(24) hotstuff_runner::smrol::network: ⚠️ [Check] Writer 0 -> 37 slow write: 44.040108ms
2025-12-05T13:46:56.036538Z  WARN ThreadId(25) hotstuff_runner::smrol::network: ⚠️ [Check] Writer 0 -> 15 slow write: 117.309964ms
2025-12-05T13:46:56.037637Z  WARN ThreadId(25) hotstuff_runner::smrol::network: ⚠️ [Check] Writer 0 -> 11 slow write: 117.140913ms
2025-12-05T13:46:56.041329Z  WARN ThreadId(25) hotstuff_runner::smrol::network: ⚠️ [Check] Writer 0 -> 10 slow write: 117.886768ms
2025-12-05T13:46:56.053089Z  WARN ThreadId(25) hotstuff_runner::smrol::network: ⚠️ [Check] Writer 0 -> 14 slow write: 120.555528ms
2025-12-05T13:46:56.053900Z  WARN ThreadId(24) hotstuff_runner::smrol::network: ⚠️ [Check] Writer 0 -> 13 slow write: 120.41175ms
2025-12-05T13:46:56.099492Z  WARN ThreadId(25) hotstuff_runner::smrol::network: ⚠️ [Check] Writer 0 -> 9 slow write: 183.162363ms
2025-12-05T13:46:56.102823Z  WARN ThreadId(25) hotstuff_runner::smrol::network: ⚠️ [Check] Writer 0 -> 8 slow write: 180.27312ms
2025-12-05T13:46:56.105227Z  WARN ThreadId(24) hotstuff_runner::smrol::network: ⚠️ [Check] Writer 0 -> 6 slow write: 180.431428ms
2025-12-05T13:46:56.105486Z  WARN ThreadId(25) hotstuff_runner::smrol::network: ⚠️ [Check] Writer 0 -> 12 slow write: 181.606169ms
2025-12-05T13:46:56.105742Z  WARN ThreadId(25) hotstuff_runner::smrol::network: ⚠️ [Check] Writer 0 -> 7 slow write: 175.363655ms
2025-12-05T13:46:56.118934Z  WARN ThreadId(25) hotstuff_runner::smrol::network: ⚠️ [Check] Writer 0 -> 46 slow write: 203.666596ms
2025-12-05T13:46:56.120938Z  WARN ThreadId(24) hotstuff_runner::smrol::network: ⚠️ [Check] Writer 0 -> 47 slow write: 203.634614ms
2025-12-05T13:46:56.125451Z  WARN ThreadId(25) hotstuff_runner::smrol::network: ⚠️ [Check] Writer 0 -> 49 slow write: 198.981174ms
2025-12-05T13:46:56.129364Z  WARN ThreadId(24) hotstuff_runner::smrol::network: ⚠️ [Check] Writer 0 -> 48 slow write: 204.111173ms
2025-12-05T13:46:56.132686Z  WARN ThreadId(25) hotstuff_runner::smrol::network: ⚠️ [Check] Writer 0 -> 51 slow write: 203.796694ms
2025-12-05T13:46:56.136882Z  WARN ThreadId(24) hotstuff_runner::smrol::network: ⚠️ [Check] Writer 0 -> 61 slow write: 221.054871ms
2025-12-05T13:46:56.138066Z  WARN ThreadId(25) hotstuff_runner::smrol::network: ⚠️ [Check] Writer 0 -> 50 slow write: 204.315535ms
2025-12-05T13:46:56.143744Z  WARN ThreadId(24) hotstuff_runner::smrol::network: ⚠️ [Check] Writer 0 -> 60 slow write: 223.51852ms
2025-12-05T13:46:56.144190Z  WARN ThreadId(24) hotstuff_runner::smrol::network: ⚠️ [Check] Writer 0 -> 59 slow write: 224.368821ms
2025-12-05T13:46:56.145937Z  WARN ThreadId(24) hotstuff_runner::smrol::network: ⚠️ [Check] Writer 0 -> 63 slow write: 222.945985ms
2025-12-05T13:46:56.150758Z  WARN ThreadId(25) hotstuff_runner::smrol::network: ⚠️ [Check] Writer 0 -> 55 slow write: 231.902194ms
2025-12-05T13:46:56.151148Z  WARN ThreadId(24) hotstuff_runner::smrol::network: ⚠️ [Check] Writer 0 -> 58 slow write: 221.658528ms
2025-12-05T13:46:56.152952Z  WARN ThreadId(24) hotstuff_runner::smrol::network: ⚠️ [Check] Writer 0 -> 56 slow write: 227.617916ms
2025-12-05T13:46:56.154863Z  WARN ThreadId(24) hotstuff_runner::smrol::network: ⚠️ [Check] Writer 0 -> 62 slow write: 221.647887ms
2025-12-05T13:46:56.156497Z  WARN ThreadId(24) hotstuff_runner::smrol::network: ⚠️ [Check] Writer 0 -> 54 slow write: 226.324088ms
2025-12-05T13:46:56.157314Z  WARN ThreadId(24) hotstuff_runner::smrol::network: ⚠️ [Check] Writer 0 -> 53 slow write: 225.220012ms
2025-12-05T13:46:56.158180Z  WARN ThreadId(25) hotstuff_runner::smrol::network: ⚠️ [Check] Writer 0 -> 52 slow write: 228.551223ms
2025-12-05T13:46:56.169253Z  WARN ThreadId(25) hotstuff_runner::smrol::network: ⚠️ [Check] Writer 0 -> 57 slow write: 248.270358ms
2025-12-05T13:46:56.199501Z  WARN ThreadId(25) hotstuff_runner::smrol::network: ⚠️ [Check] Writer 0 -> 45 slow write: 273.298703ms
2025-12-05T13:46:56.200682Z  WARN ThreadId(24) hotstuff_runner::smrol::network: ⚠️ [Check] Writer 0 -> 41 slow write: 271.647133ms
2025-12-05T13:46:56.201388Z  WARN ThreadId(25) hotstuff_runner::smrol::network: ⚠️ [Check] Writer 0 -> 42 slow write: 272.823364ms
2025-12-05T13:46:56.201597Z  WARN ThreadId(25) hotstuff_runner::smrol::network: ⚠️ [Check] Writer 0 -> 43 slow write: 271.609961ms
2025-12-05T13:46:56.203485Z  WARN ThreadId(25) hotstuff_runner::smrol::network: ⚠️ [Check] Writer 0 -> 44 slow write: 271.797653ms
2025-12-05T13:46:56.212592Z  WARN ThreadId(25) hotstuff_runner::smrol::network: ⚠️ [Check] Writer 0 -> 32 slow write: 298.291246ms
2025-12-05T13:46:56.213376Z  WARN ThreadId(25) hotstuff_runner::smrol::network: ⚠️ [Check] Writer 0 -> 33 slow write: 298.859319ms
2025-12-05T13:46:56.214521Z  WARN ThreadId(24) hotstuff_runner::smrol::network: ⚠️ [Check] Writer 0 -> 35 slow write: 292.421152ms
2025-12-05T13:46:56.219681Z  WARN ThreadId(24) hotstuff_runner::smrol::network: ⚠️ [Check] Writer 0 -> 34 slow write: 292.970656ms
2025-12-05T13:46:56.226264Z  WARN ThreadId(24) hotstuff_runner::smrol::network: ⚠️ [Check] Writer 0 -> 31 slow write: 298.016819ms
2025-12-05T13:46:56.309074Z  WARN ThreadId(24) hotstuff_runner::smrol::network: ⚠️ [Check] Writer 0 -> 29 slow write: 391.323139ms
2025-12-05T13:46:56.320976Z  WARN ThreadId(25) hotstuff_runner::smrol::network: ⚠️ [Check] Writer 0 -> 28 slow write: 393.545853ms
2025-12-05T13:46:56.323698Z  WARN ThreadId(24) hotstuff_runner::smrol::network: ⚠️ [Check] Writer 0 -> 26 slow write: 395.673121ms
2025-12-05T13:46:56.332070Z  WARN ThreadId(24) hotstuff_runner::smrol::network: ⚠️ [Check] Writer 0 -> 27 slow write: 401.522073ms
2025-12-05T13:46:56.334884Z  WARN ThreadId(25) hotstuff_runner::smrol::network: ⚠️ [Check] Writer 0 -> 21 slow write: 420.888787ms
2025-12-05T13:46:56.337462Z  WARN ThreadId(25) hotstuff_runner::smrol::network: ⚠️ [Check] Writer 0 -> 23 slow write: 420.667273ms
2025-12-05T13:46:56.348821Z  WARN ThreadId(25) hotstuff_runner::smrol::network: ⚠️ [Check] Writer 0 -> 22 slow write: 414.022854ms
2025-12-05T13:46:56.361459Z  WARN ThreadId(25) hotstuff_runner::smrol::network: ⚠️ [Check] Writer 0 -> 24 slow write: 434.41811ms
2025-12-05T13:46:56.374033Z  WARN ThreadId(24) hotstuff_runner::smrol::network: ⚠️ [Check] Writer 0 -> 25 slow write: 439.271833ms
2025-12-05T13:46:56.416487Z  WARN ThreadId(24) hotstuff_runner::smrol::network: ⚠️ [Check] Writer 0 -> 20 slow write: 485.62897ms
2025-12-05T13:46:56.449645Z  WARN ThreadId(25) hotstuff_runner::smrol::network: ⚠️ [Check] Writer 0 -> 30 slow write: 515.283772ms
2025-12-05T13:46:56.483369Z  WARN ThreadId(24) hotstuff_runner::smrol::network: ⚠️ [Check] Writer 0 -> 16 slow write: 552.031752ms
2025-12-05T13:46:56.483717Z  WARN ThreadId(25) hotstuff_runner::smrol::network: ⚠️ [Check] Writer 0 -> 17 slow write: 550.715004ms
2025-12-05T13:46:56.486890Z  WARN ThreadId(24) hotstuff_runner::smrol::network: ⚠️ [Check] Writer 0 -> 18 slow write: 552.958598ms
2025-12-05T13:46:56.487018Z  WARN ThreadId(24) hotstuff_runner::smrol::network: ⚠️ [Check] Writer 0 -> 19 slow write: 552.779088ms
2025-12-05T13:46:57.106693Z  WARN ThreadId(07) docker_node:   Connection reuse ineffective (2.0 msg/conn)
2025-12-05T13:46:57.227264Z  WARN ThreadId(07) docker_node: Node 0 Regular transaction queue backlog: 798416 transactions
2025-12-05T13:47:00.511690Z  WARN ThreadId(21) hotstuff_runner::tcp_node: Node 0 view 92 timed out; latency may accumulate
2025-12-05T13:47:02.105722Z  WARN ThreadId(04) docker_node:   Connection reuse ineffective (2.0 msg/conn)
2025-12-05T13:47:02.227599Z  WARN ThreadId(02) docker_node: Node 0 Regular transaction queue backlog: 1031801 transactions
2025-12-05T13:47:03.493402Z  WARN ThreadId(20) hotstuff_rs::block_tree::invariants: SAFE_PC_FAIL: pc.block=[238, 179, 173, 191, 238, 162, 112, 45, 206, 177, 125, 251, 22, 110, 228, 222, 49, 19, 180, 22, 123, 252, 130, 126, 176, 71, 78, 250, 44, 70, 178, 64] view=87 phase=Generic | cond1(chain_id/genesis)=true (pc.chain_id=0, my.chain_id=0) | cond2(block_exists/genesis)=true (exists=true) | cond3(view>locked || extends)=false (pc.view=87, locked.view=88, extends=false) | cond4(phase/updates)=true (phase_special=false, has_updates=false) | highest_pc.block=[12, 54, 134, 250, 23, 102, 235, 181, 80, 233, 95, 71, 174, 53, 170, 46, 85, 197, 216, 48, 162, 35, 188, 146, 168, 82, 86, 135, 215, 79, 132, 202] highest_pc.view=89 locked.block=[91, 169, 27, 20, 91, 221, 126, 187, 32, 113, 190, 174, 161, 158, 20, 66, 108, 218, 135, 166, 226, 20, 110, 71, 94, 141, 7, 4, 230, 0, 220, 173] locked.view=88    
2025-12-05T13:47:03.493441Z  WARN ThreadId(20) hotstuff_rs::block_tree::invariants: SAFE_BLOCK_FAIL: block=[51, 49, 195, 196, 128, 75, 9, 21, 44, 134, 151, 130, 94, 149, 99, 87, 106, 194, 226, 179, 48, 72, 148, 62, 131, 166, 27, 107, 251, 151, 33, 201] height=None | cond1(safe_pc)=false | cond2(is_block_justify)=true (justify.phase=Generic) | justify.block=[238, 179, 173, 191, 238, 162, 112, 45, 206, 177, 125, 251, 22, 110, 228, 222, 49, 19, 180, 22, 123, 252, 130, 126, 176, 71, 78, 250, 44, 70, 178, 64] justify.view=87 | highest_pc.block=[12, 54, 134, 250, 23, 102, 235, 181, 80, 233, 95, 71, 174, 53, 170, 46, 85, 197, 216, 48, 162, 35, 188, 146, 168, 82, 86, 135, 215, 79, 132, 202] highest_pc.view=89 | locked.block=[91, 169, 27, 20, 91, 221, 126, 187, 32, 113, 190, 174, 161, 158, 20, 66, 108, 218, 135, 166, 226, 20, 110, 71, 94, 141, 7, 4, 230, 0, 220, 173] locked.view=88    
2025-12-05T13:47:05.513169Z  WARN ThreadId(21) hotstuff_runner::tcp_node: Node 0 view 93 timed out; latency may accumulate
2025-12-05T13:47:07.106058Z  WARN ThreadId(02) docker_node:   Connection reuse ineffective (2.0 msg/conn)
2025-12-05T13:47:07.227332Z  WARN ThreadId(02) docker_node: Node 0 Regular transaction queue backlog: 1031801 transactions
2025-12-05T13:47:10.514650Z  WARN ThreadId(21) hotstuff_runner::tcp_node: Node 0 view 94 timed out; latency may accumulate
2025-12-05T13:47:12.106214Z  WARN ThreadId(02) docker_node:   Connection reuse ineffective (2.0 msg/conn)
2025-12-05T13:47:12.227488Z  WARN ThreadId(02) docker_node: Node 0 Regular transaction queue backlog: 1031801 transactions
2025-12-05T13:47:17.106065Z  WARN ThreadId(02) docker_node:   Connection reuse ineffective (2.0 msg/conn)
2025-12-05T13:47:17.227346Z  WARN ThreadId(02) docker_node: Node 0 Regular transaction queue backlog: 1031801 transactions
2025-12-05T13:47:22.106093Z  WARN ThreadId(02) docker_node:   Connection reuse ineffective (2.0 msg/conn)
2025-12-05T13:47:22.227351Z  WARN ThreadId(02) docker_node: Node 0 Regular transaction queue backlog: 1031801 transactions
2025-12-05T13:47:27.106439Z  WARN ThreadId(02) docker_node:   Connection reuse ineffective (2.0 msg/conn)
2025-12-05T13:47:27.227684Z  WARN ThreadId(02) docker_node: Node 0 Regular transaction queue backlog: 1031801 transactions
2025-12-05T13:47:30.368520Z  WARN ThreadId(20) hotstuff_rs::block_tree::invariants: SAFE_PC_FAIL: pc.block=[238, 179, 173, 191, 238, 162, 112, 45, 206, 177, 125, 251, 22, 110, 228, 222, 49, 19, 180, 22, 123, 252, 130, 126, 176, 71, 78, 250, 44, 70, 178, 64] view=87 phase=Generic | cond1(chain_id/genesis)=true (pc.chain_id=0, my.chain_id=0) | cond2(block_exists/genesis)=true (exists=true) | cond3(view>locked || extends)=false (pc.view=87, locked.view=96, extends=false) | cond4(phase/updates)=true (phase_special=false, has_updates=false) | highest_pc.block=[76, 136, 53, 65, 112, 197, 177, 129, 100, 248, 99, 110, 26, 38, 104, 147, 73, 194, 160, 168, 180, 162, 141, 100, 130, 7, 98, 192, 50, 53, 54, 218] highest_pc.view=97 locked.block=[18, 52, 7, 123, 78, 50, 27, 210, 184, 113, 35, 131, 19, 50, 115, 255, 55, 153, 67, 204, 238, 106, 182, 22, 94, 171, 125, 254, 64, 5, 214, 231] locked.view=96    
2025-12-05T13:47:30.368586Z  WARN ThreadId(20) hotstuff_rs::block_tree::invariants: SAFE_BLOCK_FAIL: block=[228, 104, 15, 7, 123, 197, 12, 54, 92, 178, 27, 204, 204, 158, 76, 114, 75, 3, 99, 178, 161, 211, 1, 65, 213, 77, 197, 12, 109, 63, 240, 18] height=None | cond1(safe_pc)=false | cond2(is_block_justify)=true (justify.phase=Generic) | justify.block=[238, 179, 173, 191, 238, 162, 112, 45, 206, 177, 125, 251, 22, 110, 228, 222, 49, 19, 180, 22, 123, 252, 130, 126, 176, 71, 78, 250, 44, 70, 178, 64] justify.view=87 | highest_pc.block=[76, 136, 53, 65, 112, 197, 177, 129, 100, 248, 99, 110, 26, 38, 104, 147, 73, 194, 160, 168, 180, 162, 141, 100, 130, 7, 98, 192, 50, 53, 54, 218] highest_pc.view=97 | locked.block=[18, 52, 7, 123, 78, 50, 27, 210, 184, 113, 35, 131, 19, 50, 115, 255, 55, 153, 67, 204, 238, 106, 182, 22, 94, 171, 125, 254, 64, 5, 214, 231] locked.view=96    
2025-12-05T13:47:31.536165Z  WARN ThreadId(21) hotstuff_runner::tcp_node: Node 0 view 99 timed out; latency may accumulate
2025-12-05T13:47:32.105825Z  WARN ThreadId(02) docker_node:   Connection reuse ineffective (2.0 msg/conn)
2025-12-05T13:47:32.227029Z  WARN ThreadId(06) docker_node: Node 0 Regular transaction queue backlog: 1031801 transactions
2025-12-05T13:47:37.105989Z  WARN ThreadId(06) docker_node:   Connection reuse ineffective (2.0 msg/conn)
2025-12-05T13:47:37.227241Z  WARN ThreadId(06) docker_node: Node 0 Regular transaction queue backlog: 1031801 transactions
2025-12-05T13:47:42.106586Z  WARN ThreadId(06) docker_node:   Connection reuse ineffective (2.0 msg/conn)
2025-12-05T13:47:42.226855Z  WARN ThreadId(06) docker_node: Node 0 Regular transaction queue backlog: 1031801 transactions
2025-12-05T13:47:47.105940Z  WARN ThreadId(06) docker_node:   Connection reuse ineffective (2.0 msg/conn)
2025-12-05T13:47:47.227214Z  WARN ThreadId(06) docker_node: Node 0 Regular transaction queue backlog: 1031801 transactions
2025-12-05T13:47:52.106296Z  WARN ThreadId(06) docker_node:   Connection reuse ineffective (2.0 msg/conn)
2025-12-05T13:47:52.227579Z  WARN ThreadId(06) docker_node: Node 0 Regular transaction queue backlog: 1031801 transactions
2025-12-05T13:47:57.106691Z  WARN ThreadId(06) docker_node:   Connection reuse ineffective (2.0 msg/conn)
2025-12-05T13:47:57.226963Z  WARN ThreadId(06) docker_node: Node 0 Regular transaction queue backlog: 1031801 transactions
2025-12-05T13:48:02.106376Z  WARN ThreadId(06) docker_node:   Connection reuse ineffective (2.0 msg/conn)
2025-12-05T13:48:02.227613Z  WARN ThreadId(03) docker_node: Node 0 Regular transaction queue backlog: 1031801 transactions
2025-12-05T13:48:07.106613Z  WARN ThreadId(03) docker_node:   Connection reuse ineffective (2.0 msg/conn)
2025-12-05T13:48:07.226894Z  WARN ThreadId(03) docker_node: Node 0 Regular transaction queue backlog: 1031801 transactions
2025-12-05T13:48:12.106562Z  WARN ThreadId(03) docker_node:   Connection reuse ineffective (2.0 msg/conn)
2025-12-05T13:48:12.226829Z  WARN ThreadId(03) docker_node: Node 0 Regular transaction queue backlog: 1031801 transactions
2025-12-05T13:48:17.105922Z  WARN ThreadId(03) docker_node:   Connection reuse ineffective (2.0 msg/conn)
2025-12-05T13:48:17.227169Z  WARN ThreadId(03) docker_node: Node 0 Regular transaction queue backlog: 1031801 transactions
2025-12-05T13:48:22.106295Z  WARN ThreadId(03) docker_node:   Connection reuse ineffective (2.0 msg/conn)
2025-12-05T13:48:22.227559Z  WARN ThreadId(03) docker_node: Node 0 Regular transaction queue backlog: 1031801 transactions
2025-12-05T13:48:27.106709Z  WARN ThreadId(03) docker_node:   Connection reuse ineffective (2.0 msg/conn)
2025-12-05T13:48:27.227000Z  WARN ThreadId(03) docker_node: Node 0 Regular transaction queue backlog: 1031801 transactions
2025-12-05T13:48:32.106410Z  WARN ThreadId(03) docker_node:   Connection reuse ineffective (2.0 msg/conn)
2025-12-05T13:48:32.227659Z  WARN ThreadId(02) docker_node: Node 0 Regular transaction queue backlog: 1031801 transactions
2025-12-05T13:48:37.105750Z  WARN ThreadId(02) docker_node:   Connection reuse ineffective (2.0 msg/conn)
2025-12-05T13:48:37.227030Z  WARN ThreadId(02) docker_node: Node 0 Regular transaction queue backlog: 1031801 transactions
2025-12-05T13:48:42.106070Z  WARN ThreadId(02) docker_node:   Connection reuse ineffective (2.0 msg/conn)
2025-12-05T13:48:42.227342Z  WARN ThreadId(02) docker_node: Node 0 Regular transaction queue backlog: 1031801 transactions
2025-12-05T13:48:47.106405Z  WARN ThreadId(02) docker_node:   Connection reuse ineffective (2.0 msg/conn)
2025-12-05T13:48:47.227686Z  WARN ThreadId(02) docker_node: Node 0 Regular transaction queue backlog: 1031801 transactions
2025-12-05T13:48:52.105909Z  WARN ThreadId(02) docker_node:   Connection reuse ineffective (2.0 msg/conn)
2025-12-05T13:48:52.227176Z  WARN ThreadId(02) docker_node: Node 0 Regular transaction queue backlog: 1031801 transactions
