2025-12-10T06:03:28.244258Z  WARN ThreadId(01) docker_node: metrics exporter disabled by SMROL_DISABLE_METRICS
2025-12-10T06:03:48.460402Z  WARN ThreadId(01) hotstuff_runner::tcp_node: Node 1 view timeout set to 5000 ms
2025-12-10T06:03:48.470227Z ERROR ThreadId(22) hotstuff_runner::pompe_network: Node 1 failed to connect to node 3: Connection refused (os error 111)
2025-12-10T06:03:48.470930Z ERROR ThreadId(22) hotstuff_runner::pompe_network: Node 1 failed to connect to node 5: Connection refused (os error 111)
2025-12-10T06:03:48.486386Z  WARN ThreadId(01) hotstuff_runner::smrol::sequencing: SMROL_MEDIAN_INFLIGHT=24, SMROL_ORDER_FINALIZE_INFLIGHT=4, SMROL_FINAL_SIGN_INFLIGHT=4, SMROL_FINAL_VERIFY_INFLIGHT=24
2025-12-10T06:03:48.486437Z  WARN ThreadId(01) hotstuff_runner::smrol::sequencing: [Sequencing] Node 1 multi-signature verification disabled: false
2025-12-10T06:03:48.487250Z  WARN ThreadId(09) hotstuff_runner::smrol::sequencing: [Sequencing] Node 1 final verify dispatcher started
2025-12-10T06:03:48.487266Z  WARN ThreadId(05) docker_node:   Connection reuse ineffective (2.0 msg/conn)
2025-12-10T06:03:53.487138Z  WARN ThreadId(02) docker_node:   Connection reuse ineffective (2.0 msg/conn)
2025-12-10T06:03:53.490119Z  WARN ThreadId(01) docker_node: Node 0 port 20000 temporarily unreachable: failed to lookup address information: Temporary failure in name resolution
2025-12-10T06:03:53.491730Z  WARN ThreadId(01) docker_node: Node 1 port 20001 temporarily unreachable: failed to lookup address information: Temporary failure in name resolution
2025-12-10T06:03:53.493319Z  WARN ThreadId(01) docker_node: Node 2 port 20002 temporarily unreachable: failed to lookup address information: Temporary failure in name resolution
2025-12-10T06:03:53.495061Z  WARN ThreadId(01) docker_node: Node 3 port 20003 temporarily unreachable: failed to lookup address information: Temporary failure in name resolution
2025-12-10T06:03:53.496769Z  WARN ThreadId(01) docker_node: Node 4 port 20004 temporarily unreachable: failed to lookup address information: Temporary failure in name resolution
2025-12-10T06:03:53.498401Z  WARN ThreadId(01) docker_node: Node 5 port 20005 temporarily unreachable: failed to lookup address information: Temporary failure in name resolution
2025-12-10T06:03:53.500043Z  WARN ThreadId(01) docker_node: Node 6 port 20006 temporarily unreachable: failed to lookup address information: Temporary failure in name resolution
2025-12-10T06:03:53.502205Z  WARN ThreadId(01) docker_node: Node 7 port 20007 temporarily unreachable: failed to lookup address information: Temporary failure in name resolution
2025-12-10T06:03:53.509021Z  WARN ThreadId(01) docker_node: Node 8 port 20008 temporarily unreachable: failed to lookup address information: Temporary failure in name resolution
2025-12-10T06:03:53.510599Z  WARN ThreadId(01) docker_node: Node 9 port 20009 temporarily unreachable: failed to lookup address information: Temporary failure in name resolution
2025-12-10T06:03:53.512257Z  WARN ThreadId(01) docker_node: Node 10 port 20010 temporarily unreachable: failed to lookup address information: Temporary failure in name resolution
2025-12-10T06:03:53.514178Z  WARN ThreadId(01) docker_node: Node 11 port 20011 temporarily unreachable: failed to lookup address information: Temporary failure in name resolution
2025-12-10T06:03:53.516289Z  WARN ThreadId(01) docker_node: Node 12 port 20012 temporarily unreachable: failed to lookup address information: Temporary failure in name resolution
2025-12-10T06:03:53.519372Z  WARN ThreadId(01) docker_node: Node 13 port 20013 temporarily unreachable: failed to lookup address information: Temporary failure in name resolution
2025-12-10T06:03:53.521064Z  WARN ThreadId(01) docker_node: Node 14 port 20014 temporarily unreachable: failed to lookup address information: Temporary failure in name resolution
2025-12-10T06:03:53.522809Z  WARN ThreadId(01) docker_node: Node 15 port 20015 temporarily unreachable: failed to lookup address information: Temporary failure in name resolution
2025-12-10T06:03:53.524556Z  WARN ThreadId(01) docker_node: Node 16 port 20016 temporarily unreachable: failed to lookup address information: Temporary failure in name resolution
2025-12-10T06:03:53.526126Z  WARN ThreadId(01) docker_node: Node 17 port 20017 temporarily unreachable: failed to lookup address information: Temporary failure in name resolution
2025-12-10T06:03:53.527773Z  WARN ThreadId(01) docker_node: Node 18 port 20018 temporarily unreachable: failed to lookup address information: Temporary failure in name resolution
2025-12-10T06:03:53.529698Z  WARN ThreadId(01) docker_node: Node 19 port 20019 temporarily unreachable: failed to lookup address information: Temporary failure in name resolution
2025-12-10T06:03:53.531231Z  WARN ThreadId(01) docker_node: Node 20 port 20020 temporarily unreachable: failed to lookup address information: Temporary failure in name resolution
2025-12-10T06:03:53.532869Z  WARN ThreadId(01) docker_node: Node 21 port 20021 temporarily unreachable: failed to lookup address information: Temporary failure in name resolution
2025-12-10T06:03:53.534314Z  WARN ThreadId(01) docker_node: Node 22 port 20022 temporarily unreachable: failed to lookup address information: Temporary failure in name resolution
2025-12-10T06:03:53.537264Z  WARN ThreadId(01) docker_node: Node 23 port 20023 temporarily unreachable: failed to lookup address information: Temporary failure in name resolution
2025-12-10T06:03:53.538951Z  WARN ThreadId(01) docker_node: Node 24 port 20024 temporarily unreachable: failed to lookup address information: Temporary failure in name resolution
2025-12-10T06:03:53.540560Z  WARN ThreadId(01) docker_node: Node 25 port 20025 temporarily unreachable: failed to lookup address information: Temporary failure in name resolution
2025-12-10T06:03:53.542334Z  WARN ThreadId(01) docker_node: Node 26 port 20026 temporarily unreachable: failed to lookup address information: Temporary failure in name resolution
2025-12-10T06:03:53.543952Z  WARN ThreadId(01) docker_node: Node 27 port 20027 temporarily unreachable: failed to lookup address information: Temporary failure in name resolution
2025-12-10T06:03:53.545879Z  WARN ThreadId(01) docker_node: Node 28 port 20028 temporarily unreachable: failed to lookup address information: Temporary failure in name resolution
2025-12-10T06:03:53.547909Z  WARN ThreadId(01) docker_node: Node 29 port 20029 temporarily unreachable: failed to lookup address information: Temporary failure in name resolution
2025-12-10T06:03:53.549682Z  WARN ThreadId(01) docker_node: Node 30 port 20030 temporarily unreachable: failed to lookup address information: Temporary failure in name resolution
2025-12-10T06:03:53.551243Z  WARN ThreadId(01) docker_node: Node 31 port 20031 temporarily unreachable: failed to lookup address information: Temporary failure in name resolution
2025-12-10T06:03:53.552863Z  WARN ThreadId(01) docker_node: Node 32 port 20032 temporarily unreachable: failed to lookup address information: Temporary failure in name resolution
2025-12-10T06:03:53.554444Z  WARN ThreadId(01) docker_node: Node 33 port 20033 temporarily unreachable: failed to lookup address information: Temporary failure in name resolution
2025-12-10T06:03:53.556066Z  WARN ThreadId(01) docker_node: Node 34 port 20034 temporarily unreachable: failed to lookup address information: Temporary failure in name resolution
2025-12-10T06:03:53.557685Z  WARN ThreadId(01) docker_node: Node 35 port 20035 temporarily unreachable: failed to lookup address information: Temporary failure in name resolution
2025-12-10T06:03:53.559217Z  WARN ThreadId(01) docker_node: Node 36 port 20036 temporarily unreachable: failed to lookup address information: Temporary failure in name resolution
2025-12-10T06:03:53.561147Z  WARN ThreadId(01) docker_node: Node 37 port 20037 temporarily unreachable: failed to lookup address information: Temporary failure in name resolution
2025-12-10T06:03:53.563167Z  WARN ThreadId(01) docker_node: Node 38 port 20038 temporarily unreachable: failed to lookup address information: Temporary failure in name resolution
2025-12-10T06:03:53.564797Z  WARN ThreadId(01) docker_node: Node 39 port 20039 temporarily unreachable: failed to lookup address information: Temporary failure in name resolution
2025-12-10T06:03:53.568043Z  WARN ThreadId(01) docker_node: Node 40 port 20040 temporarily unreachable: failed to lookup address information: Temporary failure in name resolution
2025-12-10T06:03:53.569762Z  WARN ThreadId(01) docker_node: Node 41 port 20041 temporarily unreachable: failed to lookup address information: Temporary failure in name resolution
2025-12-10T06:03:53.571301Z  WARN ThreadId(01) docker_node: Node 42 port 20042 temporarily unreachable: failed to lookup address information: Temporary failure in name resolution
2025-12-10T06:03:53.573199Z  WARN ThreadId(01) docker_node: Node 43 port 20043 temporarily unreachable: failed to lookup address information: Temporary failure in name resolution
2025-12-10T06:03:53.574787Z  WARN ThreadId(01) docker_node: Node 44 port 20044 temporarily unreachable: failed to lookup address information: Temporary failure in name resolution
2025-12-10T06:03:53.576455Z  WARN ThreadId(01) docker_node: Node 45 port 20045 temporarily unreachable: failed to lookup address information: Temporary failure in name resolution
2025-12-10T06:03:53.578072Z  WARN ThreadId(01) docker_node: Node 46 port 20046 temporarily unreachable: failed to lookup address information: Temporary failure in name resolution
2025-12-10T06:03:53.579656Z  WARN ThreadId(01) docker_node: Node 47 port 20047 temporarily unreachable: failed to lookup address information: Temporary failure in name resolution
2025-12-10T06:03:53.581219Z  WARN ThreadId(01) docker_node: Node 48 port 20048 temporarily unreachable: failed to lookup address information: Temporary failure in name resolution
2025-12-10T06:03:53.582812Z  WARN ThreadId(01) docker_node: Node 49 port 20049 temporarily unreachable: failed to lookup address information: Temporary failure in name resolution
2025-12-10T06:03:53.584578Z  WARN ThreadId(01) docker_node: Node 50 port 20050 temporarily unreachable: failed to lookup address information: Temporary failure in name resolution
2025-12-10T06:03:53.586418Z  WARN ThreadId(01) docker_node: Node 51 port 20051 temporarily unreachable: failed to lookup address information: Temporary failure in name resolution
2025-12-10T06:03:53.587998Z  WARN ThreadId(01) docker_node: Node 52 port 20052 temporarily unreachable: failed to lookup address information: Temporary failure in name resolution
2025-12-10T06:03:53.589625Z  WARN ThreadId(01) docker_node: Node 53 port 20053 temporarily unreachable: failed to lookup address information: Temporary failure in name resolution
2025-12-10T06:03:53.592102Z  WARN ThreadId(01) docker_node: Node 54 port 20054 temporarily unreachable: failed to lookup address information: Temporary failure in name resolution
2025-12-10T06:03:53.594188Z  WARN ThreadId(01) docker_node: Node 55 port 20055 temporarily unreachable: failed to lookup address information: Temporary failure in name resolution
2025-12-10T06:03:53.596250Z  WARN ThreadId(01) docker_node: Node 56 port 20056 temporarily unreachable: failed to lookup address information: Temporary failure in name resolution
2025-12-10T06:03:53.597841Z  WARN ThreadId(01) docker_node: Node 57 port 20057 temporarily unreachable: failed to lookup address information: Temporary failure in name resolution
2025-12-10T06:03:53.599630Z  WARN ThreadId(01) docker_node: Node 58 port 20058 temporarily unreachable: failed to lookup address information: Temporary failure in name resolution
2025-12-10T06:03:53.601390Z  WARN ThreadId(01) docker_node: Node 59 port 20059 temporarily unreachable: failed to lookup address information: Temporary failure in name resolution
2025-12-10T06:03:58.487589Z  WARN ThreadId(02) docker_node:   Connection reuse ineffective (2.0 msg/conn)
2025-12-10T06:04:03.487551Z  WARN ThreadId(02) docker_node:   Connection reuse ineffective (2.0 msg/conn)
2025-12-10T06:04:08.487300Z  WARN ThreadId(02) docker_node:   Connection reuse ineffective (2.0 msg/conn)
2025-12-10T06:04:09.272037Z  WARN ThreadId(20) hotstuff_runner::app: Node 1 [produce_block] queue size: 0, attempting up to 0 transactions this block    
2025-12-10T06:04:13.487484Z  WARN ThreadId(02) docker_node:   Connection reuse ineffective (2.0 msg/conn)
2025-12-10T06:04:18.486822Z  WARN ThreadId(02) docker_node:   Connection reuse ineffective (2.0 msg/conn)
2025-12-10T06:04:23.487491Z  WARN ThreadId(09) docker_node:   Connection reuse ineffective (2.0 msg/conn)
2025-12-10T06:04:28.487517Z  WARN ThreadId(05) docker_node:   Connection reuse ineffective (2.0 msg/conn)
2025-12-10T06:04:29.590688Z  WARN ThreadId(20) hotstuff_runner::app: Node 1 [produce_block] queue size: 120, attempting up to 120 transactions this block    
2025-12-10T06:04:33.487563Z  WARN ThreadId(05) docker_node:   Connection reuse ineffective (2.0 msg/conn)
2025-12-10T06:04:38.487401Z  WARN ThreadId(05) docker_node:   Connection reuse ineffective (2.0 msg/conn)
2025-12-10T06:04:43.487411Z  WARN ThreadId(05) docker_node:   Connection reuse ineffective (2.0 msg/conn)
2025-12-10T06:04:47.819533Z  WARN ThreadId(21) hotstuff_runner::tcp_node: Node 1 view 137 timed out; latency may accumulate
2025-12-10T06:04:48.487814Z  WARN ThreadId(05) docker_node:   Connection reuse ineffective (2.0 msg/conn)
2025-12-10T06:04:52.509280Z  WARN ThreadId(20) hotstuff_runner::app: Node 1 [produce_block] queue size: 0, attempting up to 0 transactions this block    
2025-12-10T06:04:52.509300Z  WARN ThreadId(20) hotstuff_runner::app: Node 1 view(154) far exceeds block count (2); potential sync issue    
2025-12-10T06:04:53.486866Z  WARN ThreadId(04) docker_node:   Connection reuse ineffective (2.0 msg/conn)
2025-12-10T06:04:58.487579Z  WARN ThreadId(04) docker_node:   Connection reuse ineffective (2.0 msg/conn)
2025-12-10T06:05:03.487501Z  WARN ThreadId(04) docker_node:   Connection reuse ineffective (2.0 msg/conn)
2025-12-10T06:05:08.486825Z  WARN ThreadId(04) docker_node:   Connection reuse ineffective (2.0 msg/conn)
2025-12-10T06:05:10.426099Z  WARN ThreadId(21) hotstuff_runner::tcp_node: Node 1 view 197 timed out; latency may accumulate
2025-12-10T06:05:13.486950Z  WARN ThreadId(04) docker_node:   Connection reuse ineffective (2.0 msg/conn)
2025-12-10T06:05:15.133489Z  WARN ThreadId(20) hotstuff_runner::app: Node 1 [produce_block] queue size: 0, attempting up to 0 transactions this block    
2025-12-10T06:05:15.133508Z  WARN ThreadId(20) hotstuff_runner::app: Node 1 view(214) far exceeds block count (3); potential sync issue    
2025-12-10T06:05:18.487280Z  WARN ThreadId(09) docker_node:   Connection reuse ineffective (2.0 msg/conn)
2025-12-10T06:05:23.487719Z  WARN ThreadId(05) docker_node:   Connection reuse ineffective (2.0 msg/conn)
