2025-11-06T14:18:15.380308Z  WARN ThreadId(01) hotstuff_runner::telemetry: Prometheus metrics exporter started ✅ listen_addr=0.0.0.0:9900
2025-11-06T14:18:15.381547Z  WARN ThreadId(01) hotstuff_runner::telemetry: ✅ wrote smrol.node_up=1 (boot) node_id=0
2025-11-06T14:18:35.583709Z  WARN ThreadId(01) hotstuff_runner::tcp_node: Node 0 view timeout set to 3000 ms
2025-11-06T14:18:35.586388Z  WARN ThreadId(01) hotstuff_runner::smrol::sequencing: SMROL_MEDIAN_INFLIGHT=24, SMROL_ORDER_FINALIZE_INFLIGHT=4, SMROL_FINAL_SIGN_INFLIGHT=4, SMROL_FINAL_VERIFY_INFLIGHT=24
2025-11-06T14:18:35.586431Z  WARN ThreadId(01) hotstuff_runner::smrol::sequencing: [Sequencing] Node 0 multi-signature verification disabled: false
2025-11-06T14:18:35.586554Z  WARN ThreadId(09) hotstuff_runner::smrol::sequencing: [Sequencing] Node 0 final verify dispatcher started
2025-11-06T14:18:35.587634Z  WARN ThreadId(08) docker_node:   Connection reuse ineffective (2.0 msg/conn)
2025-11-06T14:18:40.587974Z  WARN ThreadId(09) docker_node:   Connection reuse ineffective (2.0 msg/conn)
2025-11-06T14:18:40.590422Z  WARN ThreadId(01) docker_node: Node 0 port 20000 temporarily unreachable: failed to lookup address information: Temporary failure in name resolution
2025-11-06T14:18:40.592352Z  WARN ThreadId(01) docker_node: Node 1 port 20001 temporarily unreachable: failed to lookup address information: Temporary failure in name resolution
2025-11-06T14:18:40.594308Z  WARN ThreadId(01) docker_node: Node 2 port 20002 temporarily unreachable: failed to lookup address information: Temporary failure in name resolution
2025-11-06T14:18:40.596238Z  WARN ThreadId(01) docker_node: Node 3 port 20003 temporarily unreachable: failed to lookup address information: Temporary failure in name resolution
2025-11-06T14:18:45.587721Z  WARN ThreadId(09) docker_node:   Connection reuse ineffective (2.0 msg/conn)
2025-11-06T14:18:50.587666Z  WARN ThreadId(09) docker_node:   Connection reuse ineffective (2.0 msg/conn)
2025-11-06T14:18:55.587570Z  WARN ThreadId(09) docker_node:   Connection reuse ineffective (2.0 msg/conn)
2025-11-06T14:19:00.587769Z  WARN ThreadId(07) docker_node: Low processing efficiency: 0.0% - system may need tuning
2025-11-06T14:19:00.587797Z  WARN ThreadId(07) docker_node:   Connection reuse ineffective (2.0 msg/conn)
2025-11-06T14:19:05.587563Z  WARN ThreadId(04) docker_node: Low processing efficiency: 0.0% - system may need tuning
2025-11-06T14:19:05.587591Z  WARN ThreadId(04) docker_node:   Connection reuse ineffective (2.0 msg/conn)
2025-11-06T14:19:07.286214Z  WARN ThreadId(24) hotstuff_runner::smrol::network: ⚠️ [Check] Writer 0 -> 3 slow write: 7.117248ms
2025-11-06T14:19:10.587805Z  WARN ThreadId(02) docker_node: Low processing efficiency: 0.0% - system may need tuning
2025-11-06T14:19:10.587828Z  WARN ThreadId(02) docker_node:   Connection reuse ineffective (2.0 msg/conn)
2025-11-06T14:19:13.535270Z  WARN ThreadId(24) hotstuff_runner::smrol::network: ⚠️ [Check] Writer 0 -> 1 slow write: 10.75376ms
2025-11-06T14:19:15.587012Z  WARN ThreadId(03) docker_node: Low processing efficiency: 0.0% - system may need tuning
2025-11-06T14:19:15.587032Z  WARN ThreadId(03) docker_node:   Connection reuse ineffective (2.0 msg/conn)
2025-11-06T14:19:20.587402Z  WARN ThreadId(03) docker_node: Low processing efficiency: 0.0% - system may need tuning
2025-11-06T14:19:20.587439Z  WARN ThreadId(03) docker_node:   Connection reuse ineffective (2.0 msg/conn)
2025-11-06T14:19:25.587807Z  WARN ThreadId(07) docker_node: Low processing efficiency: 0.0% - system may need tuning
2025-11-06T14:19:25.587835Z  WARN ThreadId(07) docker_node:   Connection reuse ineffective (2.0 msg/conn)
2025-11-06T14:19:30.587787Z  WARN ThreadId(09) docker_node: Low processing efficiency: 0.0% - system may need tuning
2025-11-06T14:19:30.587812Z  WARN ThreadId(09) docker_node:   Connection reuse ineffective (2.0 msg/conn)
2025-11-06T14:19:35.587027Z  WARN ThreadId(07) docker_node: Low processing efficiency: 0.0% - system may need tuning
2025-11-06T14:19:35.587057Z  WARN ThreadId(07) docker_node:   Connection reuse ineffective (2.0 msg/conn)
2025-11-06T14:19:40.587312Z  WARN ThreadId(02) docker_node: Low processing efficiency: 0.0% - system may need tuning
2025-11-06T14:19:40.587340Z  WARN ThreadId(02) docker_node:   Connection reuse ineffective (2.0 msg/conn)
2025-11-06T14:19:45.587883Z  WARN ThreadId(02) docker_node: Low processing efficiency: 0.0% - system may need tuning
2025-11-06T14:19:45.587911Z  WARN ThreadId(02) docker_node:   Connection reuse ineffective (2.0 msg/conn)
2025-11-06T14:19:50.587716Z  WARN ThreadId(09) docker_node: Low processing efficiency: 0.0% - system may need tuning
2025-11-06T14:19:50.587746Z  WARN ThreadId(09) docker_node:   Connection reuse ineffective (2.0 msg/conn)
2025-11-06T14:19:55.587028Z  WARN ThreadId(03) docker_node: Low processing efficiency: 0.0% - system may need tuning
2025-11-06T14:19:55.587067Z  WARN ThreadId(03) docker_node:   Connection reuse ineffective (2.0 msg/conn)
2025-11-06T14:20:00.587057Z  WARN ThreadId(03) docker_node: Low processing efficiency: 0.0% - system may need tuning
2025-11-06T14:20:00.587095Z  WARN ThreadId(03) docker_node:   Connection reuse ineffective (2.0 msg/conn)
2025-11-06T14:20:05.587242Z  WARN ThreadId(02) docker_node: Low processing efficiency: 0.0% - system may need tuning
2025-11-06T14:20:05.587278Z  WARN ThreadId(02) docker_node:   Connection reuse ineffective (2.0 msg/conn)
2025-11-06T14:20:10.587673Z  WARN ThreadId(03) docker_node: Low processing efficiency: 0.0% - system may need tuning
2025-11-06T14:20:10.587714Z  WARN ThreadId(03) docker_node:   Connection reuse ineffective (2.0 msg/conn)
2025-11-06T14:20:15.587324Z  WARN ThreadId(07) docker_node: Low processing efficiency: 0.0% - system may need tuning
2025-11-06T14:20:15.587356Z  WARN ThreadId(07) docker_node:   Connection reuse ineffective (2.0 msg/conn)
2025-11-06T14:20:20.587986Z  WARN ThreadId(07) docker_node: Low processing efficiency: 0.0% - system may need tuning
2025-11-06T14:20:20.588020Z  WARN ThreadId(07) docker_node:   Connection reuse ineffective (2.0 msg/conn)
2025-11-06T14:20:25.587769Z  WARN ThreadId(07) docker_node: Low processing efficiency: 0.0% - system may need tuning
2025-11-06T14:20:25.587799Z  WARN ThreadId(07) docker_node:   Connection reuse ineffective (2.0 msg/conn)
2025-11-06T14:20:30.587030Z  WARN ThreadId(07) docker_node: Low processing efficiency: 0.0% - system may need tuning
2025-11-06T14:20:30.587066Z  WARN ThreadId(07) docker_node:   Connection reuse ineffective (2.0 msg/conn)
2025-11-06T14:20:35.587757Z  WARN ThreadId(07) docker_node: Low processing efficiency: 0.0% - system may need tuning
2025-11-06T14:20:35.587798Z  WARN ThreadId(07) docker_node:   Connection reuse ineffective (2.0 msg/conn)
2025-11-06T14:20:40.587367Z  WARN ThreadId(03) docker_node: Low processing efficiency: 0.0% - system may need tuning
2025-11-06T14:20:40.587401Z  WARN ThreadId(03) docker_node:   Connection reuse ineffective (2.0 msg/conn)
2025-11-06T14:20:45.587856Z  WARN ThreadId(07) docker_node: Low processing efficiency: 0.0% - system may need tuning
2025-11-06T14:20:45.587890Z  WARN ThreadId(07) docker_node:   Connection reuse ineffective (2.0 msg/conn)
2025-11-06T14:20:50.587814Z  WARN ThreadId(07) docker_node: Low processing efficiency: 0.0% - system may need tuning
2025-11-06T14:20:50.587851Z  WARN ThreadId(07) docker_node:   Connection reuse ineffective (2.0 msg/conn)
2025-11-06T14:20:55.587204Z  WARN ThreadId(07) docker_node: Low processing efficiency: 0.0% - system may need tuning
2025-11-06T14:20:55.587241Z  WARN ThreadId(07) docker_node:   Connection reuse ineffective (2.0 msg/conn)
2025-11-06T14:21:00.587551Z  WARN ThreadId(07) docker_node: Low processing efficiency: 0.0% - system may need tuning
2025-11-06T14:21:00.587576Z  WARN ThreadId(07) docker_node:   Connection reuse ineffective (2.0 msg/conn)
2025-11-06T14:21:05.587284Z  WARN ThreadId(03) docker_node: Low processing efficiency: 0.0% - system may need tuning
2025-11-06T14:21:05.587319Z  WARN ThreadId(03) docker_node:   Connection reuse ineffective (2.0 msg/conn)
2025-11-06T14:21:10.587747Z  WARN ThreadId(02) docker_node: Low processing efficiency: 0.0% - system may need tuning
2025-11-06T14:21:10.587794Z  WARN ThreadId(02) docker_node:   Connection reuse ineffective (2.0 msg/conn)
2025-11-06T14:21:15.587645Z  WARN ThreadId(03) docker_node: Low processing efficiency: 0.0% - system may need tuning
2025-11-06T14:21:15.587676Z  WARN ThreadId(03) docker_node:   Connection reuse ineffective (2.0 msg/conn)
2025-11-06T14:21:20.587664Z  WARN ThreadId(02) docker_node: Low processing efficiency: 0.0% - system may need tuning
2025-11-06T14:21:20.587697Z  WARN ThreadId(02) docker_node:   Connection reuse ineffective (2.0 msg/conn)
