2025-11-12T03:48:13.741109Z  WARN ThreadId(01) docker_node: metrics exporter disabled by SMROL_DISABLE_METRICS
2025-11-12T03:48:33.944395Z  WARN ThreadId(01) hotstuff_runner::tcp_node: Node 0 view timeout set to 4000 ms
2025-11-12T03:48:33.947513Z ERROR ThreadId(22) hotstuff_runner::pompe_network: Node 0 failed to connect to node 2: Connection refused (os error 111)
2025-11-12T03:48:33.948224Z ERROR ThreadId(22) hotstuff_runner::pompe_network: Node 0 failed to connect to node 4: Connection refused (os error 111)
2025-11-12T03:48:33.948570Z ERROR ThreadId(22) hotstuff_runner::pompe_network: Node 0 failed to connect to node 5: Connection refused (os error 111)
2025-11-12T03:48:33.955928Z  WARN ThreadId(01) hotstuff_runner::smrol::sequencing: SMROL_MEDIAN_INFLIGHT=24, SMROL_ORDER_FINALIZE_INFLIGHT=4, SMROL_FINAL_SIGN_INFLIGHT=4, SMROL_FINAL_VERIFY_INFLIGHT=24
2025-11-12T03:48:33.955978Z  WARN ThreadId(01) hotstuff_runner::smrol::sequencing: [Sequencing] Node 0 multi-signature verification disabled: false
2025-11-12T03:48:33.956109Z  WARN ThreadId(09) hotstuff_runner::smrol::sequencing: [Sequencing] Node 0 final verify dispatcher started
2025-11-12T03:48:33.957104Z  WARN ThreadId(02) docker_node:   Connection reuse ineffective (2.0 msg/conn)
2025-11-12T03:48:37.946649Z  WARN ThreadId(21) hotstuff_runner::tcp_node: Node 0 view 0 timed out; latency may accumulate
2025-11-12T03:48:38.957193Z  WARN ThreadId(07) docker_node:   Connection reuse ineffective (2.0 msg/conn)
2025-11-12T03:48:38.959650Z  WARN ThreadId(01) docker_node: Node 0 port 20000 temporarily unreachable: failed to lookup address information: Temporary failure in name resolution
2025-11-12T03:48:38.962134Z  WARN ThreadId(01) docker_node: Node 1 port 20001 temporarily unreachable: failed to lookup address information: Temporary failure in name resolution
2025-11-12T03:48:38.963964Z  WARN ThreadId(01) docker_node: Node 2 port 20002 temporarily unreachable: failed to lookup address information: Temporary failure in name resolution
2025-11-12T03:48:38.965767Z  WARN ThreadId(01) docker_node: Node 3 port 20003 temporarily unreachable: failed to lookup address information: Temporary failure in name resolution
2025-11-12T03:48:38.967613Z  WARN ThreadId(01) docker_node: Node 4 port 20004 temporarily unreachable: failed to lookup address information: Temporary failure in name resolution
2025-11-12T03:48:38.969346Z  WARN ThreadId(01) docker_node: Node 5 port 20005 temporarily unreachable: failed to lookup address information: Temporary failure in name resolution
2025-11-12T03:48:38.971145Z  WARN ThreadId(01) docker_node: Node 6 port 20006 temporarily unreachable: failed to lookup address information: Temporary failure in name resolution
2025-11-12T03:48:38.973144Z  WARN ThreadId(01) docker_node: Node 7 port 20007 temporarily unreachable: failed to lookup address information: Temporary failure in name resolution
2025-11-12T03:48:38.974996Z  WARN ThreadId(01) docker_node: Node 8 port 20008 temporarily unreachable: failed to lookup address information: Temporary failure in name resolution
2025-11-12T03:48:38.976657Z  WARN ThreadId(01) docker_node: Node 9 port 20009 temporarily unreachable: failed to lookup address information: Temporary failure in name resolution
2025-11-12T03:48:38.978413Z  WARN ThreadId(01) docker_node: Node 10 port 20010 temporarily unreachable: failed to lookup address information: Temporary failure in name resolution
2025-11-12T03:48:38.980183Z  WARN ThreadId(01) docker_node: Node 11 port 20011 temporarily unreachable: failed to lookup address information: Temporary failure in name resolution
2025-11-12T03:48:38.982110Z  WARN ThreadId(01) docker_node: Node 12 port 20012 temporarily unreachable: failed to lookup address information: Temporary failure in name resolution
2025-11-12T03:48:38.983933Z  WARN ThreadId(01) docker_node: Node 13 port 20013 temporarily unreachable: failed to lookup address information: Temporary failure in name resolution
2025-11-12T03:48:38.985575Z  WARN ThreadId(01) docker_node: Node 14 port 20014 temporarily unreachable: failed to lookup address information: Temporary failure in name resolution
2025-11-12T03:48:38.987557Z  WARN ThreadId(01) docker_node: Node 15 port 20015 temporarily unreachable: failed to lookup address information: Temporary failure in name resolution
2025-11-12T03:48:38.989385Z  WARN ThreadId(01) docker_node: Node 16 port 20016 temporarily unreachable: failed to lookup address information: Temporary failure in name resolution
2025-11-12T03:48:38.991119Z  WARN ThreadId(01) docker_node: Node 17 port 20017 temporarily unreachable: failed to lookup address information: Temporary failure in name resolution
2025-11-12T03:48:38.992809Z  WARN ThreadId(01) docker_node: Node 18 port 20018 temporarily unreachable: failed to lookup address information: Temporary failure in name resolution
2025-11-12T03:48:38.994774Z  WARN ThreadId(01) docker_node: Node 19 port 20019 temporarily unreachable: failed to lookup address information: Temporary failure in name resolution
2025-11-12T03:48:38.996546Z  WARN ThreadId(01) docker_node: Node 20 port 20020 temporarily unreachable: failed to lookup address information: Temporary failure in name resolution
2025-11-12T03:48:38.998462Z  WARN ThreadId(01) docker_node: Node 21 port 20021 temporarily unreachable: failed to lookup address information: Temporary failure in name resolution
2025-11-12T03:48:39.000147Z  WARN ThreadId(01) docker_node: Node 22 port 20022 temporarily unreachable: failed to lookup address information: Temporary failure in name resolution
2025-11-12T03:48:39.001821Z  WARN ThreadId(01) docker_node: Node 23 port 20023 temporarily unreachable: failed to lookup address information: Temporary failure in name resolution
2025-11-12T03:48:39.003754Z  WARN ThreadId(01) docker_node: Node 24 port 20024 temporarily unreachable: failed to lookup address information: Temporary failure in name resolution
2025-11-12T03:48:39.005394Z  WARN ThreadId(01) docker_node: Node 25 port 20025 temporarily unreachable: failed to lookup address information: Temporary failure in name resolution
2025-11-12T03:48:39.007219Z  WARN ThreadId(01) docker_node: Node 26 port 20026 temporarily unreachable: failed to lookup address information: Temporary failure in name resolution
2025-11-12T03:48:39.009304Z  WARN ThreadId(01) docker_node: Node 27 port 20027 temporarily unreachable: failed to lookup address information: Temporary failure in name resolution
2025-11-12T03:48:39.011266Z  WARN ThreadId(01) docker_node: Node 28 port 20028 temporarily unreachable: failed to lookup address information: Temporary failure in name resolution
2025-11-12T03:48:39.013014Z  WARN ThreadId(01) docker_node: Node 29 port 20029 temporarily unreachable: failed to lookup address information: Temporary failure in name resolution
2025-11-12T03:48:39.014739Z  WARN ThreadId(01) docker_node: Node 30 port 20030 temporarily unreachable: failed to lookup address information: Temporary failure in name resolution
2025-11-12T03:48:39.016611Z  WARN ThreadId(01) docker_node: Node 31 port 20031 temporarily unreachable: failed to lookup address information: Temporary failure in name resolution
2025-11-12T03:48:43.957193Z  WARN ThreadId(07) docker_node:   Connection reuse ineffective (2.0 msg/conn)
2025-11-12T03:48:48.903810Z  WARN ThreadId(21) hotstuff_runner::tcp_node: Node 0 view 15 timed out; latency may accumulate
2025-11-12T03:48:48.957285Z  WARN ThreadId(07) docker_node:   Connection reuse ineffective (2.0 msg/conn)
2025-11-12T03:48:49.593427Z  WARN ThreadId(20) hotstuff_runner::app: Node 0 [produce_block] queue size: 0, attempting up to 0 transactions this block    
2025-11-12T03:48:53.956770Z  WARN ThreadId(07) docker_node:   Connection reuse ineffective (2.0 msg/conn)
2025-11-12T03:48:54.620337Z  WARN ThreadId(20) hotstuff_rs::block_tree::invariants: SAFE_PC_FAIL: pc.block=[137, 28, 43, 199, 165, 5, 150, 113, 210, 163, 6, 181, 93, 216, 186, 206, 110, 175, 160, 162, 148, 243, 160, 180, 246, 83, 81, 44, 151, 6, 114, 246] view=1 phase=Generic | cond1(chain_id/genesis)=true (pc.chain_id=0, my.chain_id=0) | cond2(block_exists/genesis)=true (exists=true) | cond3(view>locked || extends)=false (pc.view=1, locked.view=23, extends=false) | cond4(phase/updates)=true (phase_special=false, has_updates=false) | highest_pc.block=[162, 47, 9, 148, 117, 4, 174, 225, 170, 47, 134, 111, 61, 8, 148, 77, 99, 128, 128, 209, 196, 128, 149, 13, 157, 136, 155, 43, 94, 10, 87, 166] highest_pc.view=24 locked.block=[78, 28, 22, 158, 20, 43, 162, 139, 246, 242, 75, 50, 125, 188, 44, 247, 31, 250, 208, 64, 245, 226, 87, 24, 228, 135, 109, 0, 205, 151, 61, 46] locked.view=23    
2025-11-12T03:48:54.620380Z  WARN ThreadId(20) hotstuff_rs::block_tree::invariants: SAFE_BLOCK_FAIL: block=[232, 187, 31, 181, 7, 61, 33, 141, 7, 226, 49, 150, 12, 199, 197, 216, 198, 55, 54, 103, 155, 148, 134, 50, 190, 73, 58, 103, 83, 45, 233, 179] height=None | cond1(safe_pc)=false | cond2(is_block_justify)=true (justify.phase=Generic) | justify.block=[137, 28, 43, 199, 165, 5, 150, 113, 210, 163, 6, 181, 93, 216, 186, 206, 110, 175, 160, 162, 148, 243, 160, 180, 246, 83, 81, 44, 151, 6, 114, 246] justify.view=1 | highest_pc.block=[162, 47, 9, 148, 117, 4, 174, 225, 170, 47, 134, 111, 61, 8, 148, 77, 99, 128, 128, 209, 196, 128, 149, 13, 157, 136, 155, 43, 94, 10, 87, 166] highest_pc.view=24 | locked.block=[78, 28, 22, 158, 20, 43, 162, 139, 246, 242, 75, 50, 125, 188, 44, 247, 31, 250, 208, 64, 245, 226, 87, 24, 228, 135, 109, 0, 205, 151, 61, 46] locked.view=23    
2025-11-12T03:48:58.565200Z  WARN ThreadId(21) hotstuff_runner::tcp_node: Node 0 view 26 timed out; latency may accumulate
2025-11-12T03:48:58.956747Z  WARN ThreadId(07) docker_node:   Connection reuse ineffective (2.0 msg/conn)
2025-11-12T03:49:03.209418Z  WARN ThreadId(20) hotstuff_runner::app: Node 0 [produce_block] queue size: 0, attempting up to 0 transactions this block    
2025-11-12T03:49:03.360944Z  WARN ThreadId(07) hotstuff_runner::pompe: ⚡ [Timed Output] Node 0 flushed 13698 transactions
2025-11-12T03:49:03.857405Z  WARN ThreadId(07) hotstuff_runner::pompe: ⚡ [Timed Output] Node 0 flushed 6321 transactions
2025-11-12T03:49:03.957526Z  WARN ThreadId(02) docker_node:   Connection reuse ineffective (7.4 msg/conn)
2025-11-12T03:49:04.018501Z  WARN ThreadId(09) docker_node: Node 0 Regular transaction queue backlog: 20019 transactions
2025-11-12T03:49:04.358912Z  WARN ThreadId(07) hotstuff_runner::pompe: ⚡ [Timed Output] Node 0 flushed 6322 transactions
2025-11-12T03:49:04.861773Z  WARN ThreadId(02) hotstuff_runner::pompe: ⚡ [Timed Output] Node 0 flushed 15453 transactions
2025-11-12T03:49:05.361313Z  WARN ThreadId(09) hotstuff_runner::pompe: ⚡ [Timed Output] Node 0 flushed 11941 transactions
2025-11-12T03:49:08.957633Z  WARN ThreadId(07) docker_node: HotStuff processing bottleneck detected:
2025-11-12T03:49:08.957668Z  WARN ThreadId(07) docker_node:    - HotStuff queue backlog: 20019 transactions
2025-11-12T03:49:08.958799Z  WARN ThreadId(07) docker_node:    - Confirmation TPS (0.0) much lower than submission TPS (0.2)
2025-11-12T03:49:08.958811Z  WARN ThreadId(07) docker_node:    - Possible cause: HotStuff consensus network delay or block size limitation
2025-11-12T03:49:08.958820Z  WARN ThreadId(07) docker_node:   Connection reuse ineffective (9.8 msg/conn)
2025-11-12T03:49:09.018032Z  WARN ThreadId(07) docker_node: Node 0 Regular transaction queue backlog: 53735 transactions
2025-11-12T03:49:13.957447Z  WARN ThreadId(07) docker_node: HotStuff processing bottleneck detected:
2025-11-12T03:49:13.957491Z  WARN ThreadId(07) docker_node:    - HotStuff queue backlog: 53735 transactions
2025-11-12T03:49:13.957508Z  WARN ThreadId(07) docker_node:    - Confirmation TPS (0.0) much lower than submission TPS (0.1)
2025-11-12T03:49:13.957517Z  WARN ThreadId(07) docker_node:    - Possible cause: HotStuff consensus network delay or block size limitation
2025-11-12T03:49:13.957536Z  WARN ThreadId(07) docker_node:   Connection reuse ineffective (9.8 msg/conn)
2025-11-12T03:49:14.017742Z  WARN ThreadId(07) docker_node: Node 0 Regular transaction queue backlog: 53735 transactions
2025-11-12T03:49:18.959117Z  WARN ThreadId(07) docker_node: HotStuff processing bottleneck detected:
2025-11-12T03:49:18.959178Z  WARN ThreadId(07) docker_node:    - HotStuff queue backlog: 53735 transactions
2025-11-12T03:49:18.959185Z  WARN ThreadId(07) docker_node:    - Confirmation TPS (0.0) much lower than submission TPS (0.1)
2025-11-12T03:49:18.959190Z  WARN ThreadId(07) docker_node:    - Possible cause: HotStuff consensus network delay or block size limitation
2025-11-12T03:49:18.959199Z  WARN ThreadId(07) docker_node:   Connection reuse ineffective (9.8 msg/conn)
2025-11-12T03:49:19.018332Z  WARN ThreadId(07) docker_node: Node 0 Regular transaction queue backlog: 53735 transactions
2025-11-12T03:49:19.913332Z  WARN ThreadId(21) hotstuff_runner::tcp_node: Node 0 view 60 timed out; latency may accumulate
2025-11-12T03:49:23.957261Z  WARN ThreadId(07) docker_node:   Connection reuse ineffective (9.8 msg/conn)
2025-11-12T03:49:24.018463Z  WARN ThreadId(07) docker_node: Node 0 Regular transaction queue backlog: 53735 transactions
2025-11-12T03:49:26.943540Z  WARN ThreadId(21) hotstuff_runner::tcp_node: Node 0 view 64 timed out; latency may accumulate
2025-11-12T03:49:28.957293Z  WARN ThreadId(07) docker_node:   Connection reuse ineffective (9.8 msg/conn)
2025-11-12T03:49:29.018495Z  WARN ThreadId(07) docker_node: Node 0 Regular transaction queue backlog: 53735 transactions
2025-11-12T03:49:30.944467Z  WARN ThreadId(21) hotstuff_runner::tcp_node: Node 0 view 65 timed out; latency may accumulate
2025-11-12T03:49:33.957271Z  WARN ThreadId(07) docker_node:   Connection reuse ineffective (9.8 msg/conn)
2025-11-12T03:49:34.018419Z  WARN ThreadId(09) docker_node: Node 0 Regular transaction queue backlog: 53735 transactions
2025-11-12T03:49:35.536629Z  WARN ThreadId(21) hotstuff_runner::tcp_node: Node 0 view 68 timed out; latency may accumulate
2025-11-12T03:49:38.957183Z  WARN ThreadId(09) docker_node:   Connection reuse ineffective (9.8 msg/conn)
2025-11-12T03:49:39.018394Z  WARN ThreadId(09) docker_node: Node 0 Regular transaction queue backlog: 53735 transactions
2025-11-12T03:49:39.537445Z  WARN ThreadId(21) hotstuff_runner::tcp_node: Node 0 view 69 timed out; latency may accumulate
2025-11-12T03:49:43.957384Z  WARN ThreadId(09) docker_node:   Connection reuse ineffective (9.8 msg/conn)
2025-11-12T03:49:44.018592Z  WARN ThreadId(09) docker_node: Node 0 Regular transaction queue backlog: 53735 transactions
2025-11-12T03:49:44.522246Z  WARN ThreadId(21) hotstuff_runner::tcp_node: Node 0 view 71 timed out; latency may accumulate
2025-11-12T03:49:48.957247Z  WARN ThreadId(09) docker_node:   Connection reuse ineffective (9.8 msg/conn)
2025-11-12T03:49:49.018472Z  WARN ThreadId(09) docker_node: Node 0 Regular transaction queue backlog: 53735 transactions
2025-11-12T03:49:52.036740Z  WARN ThreadId(20) hotstuff_rs::block_tree::invariants: SAFE_PC_FAIL: pc.block=[231, 99, 219, 212, 21, 184, 173, 9, 24, 4, 46, 67, 146, 31, 109, 68, 157, 86, 3, 18, 177, 83, 217, 192, 123, 104, 236, 206, 62, 153, 113, 165] view=67 phase=Generic | cond1(chain_id/genesis)=true (pc.chain_id=0, my.chain_id=0) | cond2(block_exists/genesis)=true (exists=true) | cond3(view>locked || extends)=false (pc.view=67, locked.view=70, extends=false) | cond4(phase/updates)=true (phase_special=false, has_updates=false) | highest_pc.block=[142, 66, 37, 113, 178, 133, 78, 73, 217, 182, 123, 130, 34, 207, 133, 166, 196, 137, 142, 221, 96, 108, 137, 218, 122, 67, 252, 55, 255, 194, 203, 70] highest_pc.view=72 locked.block=[244, 2, 80, 136, 88, 153, 160, 151, 168, 109, 55, 99, 130, 119, 53, 157, 115, 189, 127, 115, 154, 135, 34, 44, 194, 167, 131, 88, 230, 158, 2, 12] locked.view=70    
2025-11-12T03:49:52.036772Z  WARN ThreadId(20) hotstuff_rs::block_tree::invariants: SAFE_BLOCK_FAIL: block=[83, 255, 72, 51, 28, 241, 8, 171, 18, 120, 228, 66, 114, 203, 31, 92, 181, 40, 177, 222, 149, 97, 236, 91, 237, 254, 165, 141, 124, 20, 129, 2] height=None | cond1(safe_pc)=false | cond2(is_block_justify)=true (justify.phase=Generic) | justify.block=[231, 99, 219, 212, 21, 184, 173, 9, 24, 4, 46, 67, 146, 31, 109, 68, 157, 86, 3, 18, 177, 83, 217, 192, 123, 104, 236, 206, 62, 153, 113, 165] justify.view=67 | highest_pc.block=[142, 66, 37, 113, 178, 133, 78, 73, 217, 182, 123, 130, 34, 207, 133, 166, 196, 137, 142, 221, 96, 108, 137, 218, 122, 67, 252, 55, 255, 194, 203, 70] highest_pc.view=72 | locked.block=[244, 2, 80, 136, 88, 153, 160, 151, 168, 109, 55, 99, 130, 119, 53, 157, 115, 189, 127, 115, 154, 135, 34, 44, 194, 167, 131, 88, 230, 158, 2, 12] locked.view=70    
2025-11-12T03:49:53.957521Z  WARN ThreadId(09) docker_node:   Connection reuse ineffective (9.8 msg/conn)
2025-11-12T03:49:54.017750Z  WARN ThreadId(09) docker_node: Node 0 Regular transaction queue backlog: 53735 transactions
2025-11-12T03:49:56.021013Z  WARN ThreadId(20) hotstuff_rs::block_tree::invariants: SAFE_PC_FAIL: pc.block=[176, 51, 121, 253, 87, 218, 112, 170, 88, 37, 121, 144, 12, 11, 190, 128, 217, 43, 133, 191, 181, 224, 194, 10, 204, 108, 48, 195, 16, 6, 162, 210] view=52 phase=Generic | cond1(chain_id/genesis)=true (pc.chain_id=0, my.chain_id=0) | cond2(block_exists/genesis)=true (exists=true) | cond3(view>locked || extends)=false (pc.view=52, locked.view=70, extends=false) | cond4(phase/updates)=true (phase_special=false, has_updates=false) | highest_pc.block=[142, 66, 37, 113, 178, 133, 78, 73, 217, 182, 123, 130, 34, 207, 133, 166, 196, 137, 142, 221, 96, 108, 137, 218, 122, 67, 252, 55, 255, 194, 203, 70] highest_pc.view=72 locked.block=[244, 2, 80, 136, 88, 153, 160, 151, 168, 109, 55, 99, 130, 119, 53, 157, 115, 189, 127, 115, 154, 135, 34, 44, 194, 167, 131, 88, 230, 158, 2, 12] locked.view=70    
2025-11-12T03:49:56.021044Z  WARN ThreadId(20) hotstuff_rs::block_tree::invariants: SAFE_BLOCK_FAIL: block=[182, 46, 67, 145, 250, 167, 183, 161, 126, 223, 158, 175, 71, 220, 8, 249, 130, 235, 47, 40, 17, 216, 149, 206, 5, 246, 128, 235, 106, 175, 74, 2] height=None | cond1(safe_pc)=false | cond2(is_block_justify)=true (justify.phase=Generic) | justify.block=[176, 51, 121, 253, 87, 218, 112, 170, 88, 37, 121, 144, 12, 11, 190, 128, 217, 43, 133, 191, 181, 224, 194, 10, 204, 108, 48, 195, 16, 6, 162, 210] justify.view=52 | highest_pc.block=[142, 66, 37, 113, 178, 133, 78, 73, 217, 182, 123, 130, 34, 207, 133, 166, 196, 137, 142, 221, 96, 108, 137, 218, 122, 67, 252, 55, 255, 194, 203, 70] highest_pc.view=72 | locked.block=[244, 2, 80, 136, 88, 153, 160, 151, 168, 109, 55, 99, 130, 119, 53, 157, 115, 189, 127, 115, 154, 135, 34, 44, 194, 167, 131, 88, 230, 158, 2, 12] locked.view=70    
2025-11-12T03:49:58.958231Z  WARN ThreadId(09) docker_node:   Connection reuse ineffective (9.8 msg/conn)
2025-11-12T03:49:59.018369Z  WARN ThreadId(09) docker_node: Node 0 Regular transaction queue backlog: 53735 transactions
2025-11-12T03:50:03.957233Z  WARN ThreadId(09) docker_node:   Connection reuse ineffective (9.8 msg/conn)
2025-11-12T03:50:04.018417Z  WARN ThreadId(02) docker_node: Node 0 Regular transaction queue backlog: 53735 transactions
2025-11-12T03:50:05.380617Z  WARN ThreadId(21) hotstuff_runner::tcp_node: Node 0 view 77 timed out; latency may accumulate
2025-11-12T03:50:07.730810Z  WARN ThreadId(20) hotstuff_runner::app: Node 0 [produce_block] queue size: 53735, attempting up to 53735 transactions this block    
2025-11-12T03:50:08.957278Z  WARN ThreadId(02) docker_node:   Connection reuse ineffective (9.8 msg/conn)
2025-11-12T03:50:11.684656Z  WARN ThreadId(21) hotstuff_runner::tcp_node: Node 0 view 84 timed out; latency may accumulate
2025-11-12T03:50:11.886241Z  WARN ThreadId(20) hotstuff_rs::block_tree::invariants: SAFE_PC_FAIL: pc.block=[79, 204, 15, 240, 248, 21, 255, 95, 25, 25, 201, 88, 111, 44, 244, 108, 139, 90, 74, 129, 2, 18, 163, 0, 56, 235, 139, 218, 163, 50, 40, 34] view=79 phase=Generic | cond1(chain_id/genesis)=true (pc.chain_id=0, my.chain_id=0) | cond2(block_exists/genesis)=true (exists=true) | cond3(view>locked || extends)=false (pc.view=79, locked.view=82, extends=false) | cond4(phase/updates)=true (phase_special=false, has_updates=false) | highest_pc.block=[121, 101, 125, 64, 1, 94, 115, 138, 122, 247, 162, 77, 103, 159, 22, 248, 1, 141, 12, 135, 107, 116, 143, 19, 35, 186, 27, 94, 169, 24, 33, 146] highest_pc.view=83 locked.block=[155, 59, 215, 102, 181, 118, 197, 49, 142, 220, 163, 10, 120, 152, 68, 208, 201, 25, 10, 222, 213, 91, 97, 249, 203, 70, 161, 13, 143, 18, 204, 108] locked.view=82    
2025-11-12T03:50:11.886284Z  WARN ThreadId(20) hotstuff_rs::block_tree::invariants: SAFE_BLOCK_FAIL: block=[46, 124, 224, 2, 235, 149, 145, 18, 1, 10, 244, 59, 147, 119, 145, 63, 196, 225, 41, 124, 117, 134, 14, 188, 105, 188, 226, 11, 158, 174, 121, 178] height=None | cond1(safe_pc)=false | cond2(is_block_justify)=true (justify.phase=Generic) | justify.block=[79, 204, 15, 240, 248, 21, 255, 95, 25, 25, 201, 88, 111, 44, 244, 108, 139, 90, 74, 129, 2, 18, 163, 0, 56, 235, 139, 218, 163, 50, 40, 34] justify.view=79 | highest_pc.block=[121, 101, 125, 64, 1, 94, 115, 138, 122, 247, 162, 77, 103, 159, 22, 248, 1, 141, 12, 135, 107, 116, 143, 19, 35, 186, 27, 94, 169, 24, 33, 146] highest_pc.view=83 | locked.block=[155, 59, 215, 102, 181, 118, 197, 49, 142, 220, 163, 10, 120, 152, 68, 208, 201, 25, 10, 222, 213, 91, 97, 249, 203, 70, 161, 13, 143, 18, 204, 108] locked.view=82    
2025-11-12T03:50:13.956874Z  WARN ThreadId(02) docker_node:   Connection reuse ineffective (9.8 msg/conn)
2025-11-12T03:50:18.957446Z  WARN ThreadId(02) docker_node:   Connection reuse ineffective (9.8 msg/conn)
2025-11-12T03:50:19.686246Z  WARN ThreadId(21) hotstuff_runner::tcp_node: Node 0 view 86 timed out; latency may accumulate
2025-11-12T03:50:19.777601Z  WARN ThreadId(20) hotstuff_rs::block_tree::invariants: SAFE_PC_FAIL: pc.block=[79, 204, 15, 240, 248, 21, 255, 95, 25, 25, 201, 88, 111, 44, 244, 108, 139, 90, 74, 129, 2, 18, 163, 0, 56, 235, 139, 218, 163, 50, 40, 34] view=79 phase=Generic | cond1(chain_id/genesis)=true (pc.chain_id=0, my.chain_id=0) | cond2(block_exists/genesis)=true (exists=true) | cond3(view>locked || extends)=false (pc.view=79, locked.view=82, extends=false) | cond4(phase/updates)=true (phase_special=false, has_updates=false) | highest_pc.block=[121, 101, 125, 64, 1, 94, 115, 138, 122, 247, 162, 77, 103, 159, 22, 248, 1, 141, 12, 135, 107, 116, 143, 19, 35, 186, 27, 94, 169, 24, 33, 146] highest_pc.view=83 locked.block=[155, 59, 215, 102, 181, 118, 197, 49, 142, 220, 163, 10, 120, 152, 68, 208, 201, 25, 10, 222, 213, 91, 97, 249, 203, 70, 161, 13, 143, 18, 204, 108] locked.view=82    
2025-11-12T03:50:19.777635Z  WARN ThreadId(20) hotstuff_rs::block_tree::invariants: SAFE_BLOCK_FAIL: block=[12, 167, 10, 176, 237, 185, 0, 123, 176, 219, 246, 249, 10, 113, 61, 212, 176, 80, 167, 133, 4, 187, 236, 240, 236, 104, 149, 61, 235, 114, 227, 225] height=None | cond1(safe_pc)=false | cond2(is_block_justify)=true (justify.phase=Generic) | justify.block=[79, 204, 15, 240, 248, 21, 255, 95, 25, 25, 201, 88, 111, 44, 244, 108, 139, 90, 74, 129, 2, 18, 163, 0, 56, 235, 139, 218, 163, 50, 40, 34] justify.view=79 | highest_pc.block=[121, 101, 125, 64, 1, 94, 115, 138, 122, 247, 162, 77, 103, 159, 22, 248, 1, 141, 12, 135, 107, 116, 143, 19, 35, 186, 27, 94, 169, 24, 33, 146] highest_pc.view=83 | locked.block=[155, 59, 215, 102, 181, 118, 197, 49, 142, 220, 163, 10, 120, 152, 68, 208, 201, 25, 10, 222, 213, 91, 97, 249, 203, 70, 161, 13, 143, 18, 204, 108] locked.view=82    
2025-11-12T03:50:23.957500Z  WARN ThreadId(02) docker_node:   Connection reuse ineffective (9.8 msg/conn)
2025-11-12T03:50:28.285162Z  WARN ThreadId(21) hotstuff_runner::tcp_node: Node 0 view 90 timed out; latency may accumulate
2025-11-12T03:50:28.381277Z  WARN ThreadId(20) hotstuff_rs::block_tree::invariants: SAFE_PC_FAIL: pc.block=[79, 204, 15, 240, 248, 21, 255, 95, 25, 25, 201, 88, 111, 44, 244, 108, 139, 90, 74, 129, 2, 18, 163, 0, 56, 235, 139, 218, 163, 50, 40, 34] view=79 phase=Generic | cond1(chain_id/genesis)=true (pc.chain_id=0, my.chain_id=0) | cond2(block_exists/genesis)=true (exists=true) | cond3(view>locked || extends)=false (pc.view=79, locked.view=88, extends=false) | cond4(phase/updates)=true (phase_special=false, has_updates=false) | highest_pc.block=[64, 22, 102, 193, 68, 47, 226, 31, 157, 254, 198, 226, 82, 91, 88, 24, 232, 158, 8, 172, 133, 34, 241, 169, 107, 43, 221, 208, 60, 59, 113, 60] highest_pc.view=89 locked.block=[152, 49, 87, 141, 163, 13, 39, 226, 245, 130, 101, 202, 193, 155, 186, 164, 137, 154, 38, 42, 48, 149, 33, 84, 226, 48, 57, 44, 242, 28, 94, 30] locked.view=88    
2025-11-12T03:50:28.381336Z  WARN ThreadId(20) hotstuff_rs::block_tree::invariants: SAFE_BLOCK_FAIL: block=[254, 199, 44, 228, 193, 250, 166, 106, 105, 92, 25, 237, 71, 237, 185, 2, 255, 227, 41, 120, 14, 157, 227, 184, 55, 248, 152, 213, 101, 61, 242, 24] height=None | cond1(safe_pc)=false | cond2(is_block_justify)=true (justify.phase=Generic) | justify.block=[79, 204, 15, 240, 248, 21, 255, 95, 25, 25, 201, 88, 111, 44, 244, 108, 139, 90, 74, 129, 2, 18, 163, 0, 56, 235, 139, 218, 163, 50, 40, 34] justify.view=79 | highest_pc.block=[64, 22, 102, 193, 68, 47, 226, 31, 157, 254, 198, 226, 82, 91, 88, 24, 232, 158, 8, 172, 133, 34, 241, 169, 107, 43, 221, 208, 60, 59, 113, 60] highest_pc.view=89 | locked.block=[152, 49, 87, 141, 163, 13, 39, 226, 245, 130, 101, 202, 193, 155, 186, 164, 137, 154, 38, 42, 48, 149, 33, 84, 226, 48, 57, 44, 242, 28, 94, 30] locked.view=88    
2025-11-12T03:50:28.957091Z  WARN ThreadId(02) docker_node:   Connection reuse ineffective (9.8 msg/conn)
2025-11-12T03:50:32.286130Z  WARN ThreadId(21) hotstuff_runner::tcp_node: Node 0 view 91 timed out; latency may accumulate
