2025-11-13T08:20:22.811848Z  WARN ThreadId(01) docker_node: metrics exporter disabled by SMROL_DISABLE_METRICS
2025-11-13T08:20:43.015347Z  WARN ThreadId(01) hotstuff_runner::tcp_node: Node 1 view timeout set to 4000 ms
2025-11-13T08:20:43.018172Z ERROR ThreadId(23) hotstuff_runner::pompe_network: Node 1 failed to connect to node 0: Connection refused (os error 111)
2025-11-13T08:20:43.018555Z ERROR ThreadId(23) hotstuff_runner::pompe_network: Node 1 failed to connect to node 2: Connection refused (os error 111)
2025-11-13T08:20:43.018913Z ERROR ThreadId(22) hotstuff_runner::pompe_network: Node 1 failed to connect to node 3: Connection refused (os error 111)
2025-11-13T08:20:43.019262Z ERROR ThreadId(22) hotstuff_runner::pompe_network: Node 1 failed to connect to node 4: Connection refused (os error 111)
2025-11-13T08:20:43.026380Z  WARN ThreadId(01) hotstuff_runner::smrol::sequencing: SMROL_MEDIAN_INFLIGHT=24, SMROL_ORDER_FINALIZE_INFLIGHT=4, SMROL_FINAL_SIGN_INFLIGHT=4, SMROL_FINAL_VERIFY_INFLIGHT=24
2025-11-13T08:20:43.026431Z  WARN ThreadId(01) hotstuff_runner::smrol::sequencing: [Sequencing] Node 1 multi-signature verification disabled: false
2025-11-13T08:20:43.026502Z  WARN ThreadId(09) hotstuff_runner::smrol::sequencing: [Sequencing] Node 1 final verify dispatcher started
2025-11-13T08:20:47.017635Z  WARN ThreadId(21) hotstuff_runner::tcp_node: Node 1 view 0 timed out; latency may accumulate
2025-11-13T08:20:48.027702Z  WARN ThreadId(06) docker_node:   Connection reuse ineffective (2.0 msg/conn)
2025-11-13T08:20:48.031075Z  WARN ThreadId(01) docker_node: Node 0 port 20000 temporarily unreachable: failed to lookup address information: Temporary failure in name resolution
2025-11-13T08:20:48.032805Z  WARN ThreadId(01) docker_node: Node 1 port 20001 temporarily unreachable: failed to lookup address information: Temporary failure in name resolution
2025-11-13T08:20:48.034590Z  WARN ThreadId(01) docker_node: Node 2 port 20002 temporarily unreachable: failed to lookup address information: Temporary failure in name resolution
2025-11-13T08:20:48.036222Z  WARN ThreadId(01) docker_node: Node 3 port 20003 temporarily unreachable: failed to lookup address information: Temporary failure in name resolution
2025-11-13T08:20:48.037993Z  WARN ThreadId(01) docker_node: Node 4 port 20004 temporarily unreachable: failed to lookup address information: Temporary failure in name resolution
2025-11-13T08:20:48.039699Z  WARN ThreadId(01) docker_node: Node 5 port 20005 temporarily unreachable: failed to lookup address information: Temporary failure in name resolution
2025-11-13T08:20:48.041452Z  WARN ThreadId(01) docker_node: Node 6 port 20006 temporarily unreachable: failed to lookup address information: Temporary failure in name resolution
2025-11-13T08:20:48.043154Z  WARN ThreadId(01) docker_node: Node 7 port 20007 temporarily unreachable: failed to lookup address information: Temporary failure in name resolution
2025-11-13T08:20:48.044829Z  WARN ThreadId(01) docker_node: Node 8 port 20008 temporarily unreachable: failed to lookup address information: Temporary failure in name resolution
2025-11-13T08:20:48.046772Z  WARN ThreadId(01) docker_node: Node 9 port 20009 temporarily unreachable: failed to lookup address information: Temporary failure in name resolution
2025-11-13T08:20:48.048656Z  WARN ThreadId(01) docker_node: Node 10 port 20010 temporarily unreachable: failed to lookup address information: Temporary failure in name resolution
2025-11-13T08:20:48.050672Z  WARN ThreadId(01) docker_node: Node 11 port 20011 temporarily unreachable: failed to lookup address information: Temporary failure in name resolution
2025-11-13T08:20:48.052385Z  WARN ThreadId(01) docker_node: Node 12 port 20012 temporarily unreachable: failed to lookup address information: Temporary failure in name resolution
2025-11-13T08:20:48.054182Z  WARN ThreadId(01) docker_node: Node 13 port 20013 temporarily unreachable: failed to lookup address information: Temporary failure in name resolution
2025-11-13T08:20:48.055946Z  WARN ThreadId(01) docker_node: Node 14 port 20014 temporarily unreachable: failed to lookup address information: Temporary failure in name resolution
2025-11-13T08:20:48.060489Z  WARN ThreadId(01) docker_node: Node 15 port 20015 temporarily unreachable: failed to lookup address information: Temporary failure in name resolution
2025-11-13T08:20:48.062326Z  WARN ThreadId(01) docker_node: Node 16 port 20016 temporarily unreachable: failed to lookup address information: Temporary failure in name resolution
2025-11-13T08:20:48.065243Z  WARN ThreadId(01) docker_node: Node 17 port 20017 temporarily unreachable: failed to lookup address information: Temporary failure in name resolution
2025-11-13T08:20:48.066929Z  WARN ThreadId(01) docker_node: Node 18 port 20018 temporarily unreachable: failed to lookup address information: Temporary failure in name resolution
2025-11-13T08:20:48.068763Z  WARN ThreadId(01) docker_node: Node 19 port 20019 temporarily unreachable: failed to lookup address information: Temporary failure in name resolution
2025-11-13T08:20:48.070764Z  WARN ThreadId(01) docker_node: Node 20 port 20020 temporarily unreachable: failed to lookup address information: Temporary failure in name resolution
2025-11-13T08:20:48.072593Z  WARN ThreadId(01) docker_node: Node 21 port 20021 temporarily unreachable: failed to lookup address information: Temporary failure in name resolution
2025-11-13T08:20:48.074408Z  WARN ThreadId(01) docker_node: Node 22 port 20022 temporarily unreachable: failed to lookup address information: Temporary failure in name resolution
2025-11-13T08:20:48.081150Z  WARN ThreadId(01) docker_node: Node 23 port 20023 temporarily unreachable: failed to lookup address information: Temporary failure in name resolution
2025-11-13T08:20:48.082783Z  WARN ThreadId(01) docker_node: Node 24 port 20024 temporarily unreachable: failed to lookup address information: Temporary failure in name resolution
2025-11-13T08:20:48.084516Z  WARN ThreadId(01) docker_node: Node 25 port 20025 temporarily unreachable: failed to lookup address information: Temporary failure in name resolution
2025-11-13T08:20:48.086242Z  WARN ThreadId(01) docker_node: Node 26 port 20026 temporarily unreachable: failed to lookup address information: Temporary failure in name resolution
2025-11-13T08:20:48.087983Z  WARN ThreadId(01) docker_node: Node 27 port 20027 temporarily unreachable: failed to lookup address information: Temporary failure in name resolution
2025-11-13T08:20:48.089629Z  WARN ThreadId(01) docker_node: Node 28 port 20028 temporarily unreachable: failed to lookup address information: Temporary failure in name resolution
2025-11-13T08:20:48.091273Z  WARN ThreadId(01) docker_node: Node 29 port 20029 temporarily unreachable: failed to lookup address information: Temporary failure in name resolution
2025-11-13T08:20:51.826419Z  WARN ThreadId(21) hotstuff_runner::tcp_node: Node 1 view 3 timed out; latency may accumulate
2025-11-13T08:20:53.027668Z  WARN ThreadId(06) docker_node:   Connection reuse ineffective (2.0 msg/conn)
2025-11-13T08:20:54.176832Z  WARN ThreadId(20) hotstuff_runner::app: Node 1 [produce_block] queue size: 0, attempting up to 0 transactions this block    
2025-11-13T08:20:58.028394Z  WARN ThreadId(06) docker_node:   Connection reuse ineffective (2.0 msg/conn)
2025-11-13T08:20:59.722716Z  WARN ThreadId(20) hotstuff_runner::app: Node 1 [produce_block] queue size: 0, attempting up to 0 transactions this block    
2025-11-13T08:21:03.027537Z  WARN ThreadId(06) docker_node:   Connection reuse ineffective (2.0 msg/conn)
2025-11-13T08:21:05.243559Z  WARN ThreadId(20) hotstuff_runner::app: Node 1 [produce_block] queue size: 0, attempting up to 0 transactions this block    
2025-11-13T08:21:08.027859Z  WARN ThreadId(06) docker_node:   Connection reuse ineffective (2.0 msg/conn)
2025-11-13T08:21:10.794382Z  WARN ThreadId(20) hotstuff_runner::app: Node 1 [produce_block] queue size: 0, attempting up to 0 transactions this block    
2025-11-13T08:21:10.794404Z  WARN ThreadId(20) hotstuff_runner::app: Node 1 view(106) far exceeds block count (3); potential sync issue    
2025-11-13T08:21:12.323715Z  WARN ThreadId(24) hotstuff_runner::smrol::network: ⚠️ [Check] Writer 1 -> 15 slow write: 7.358229ms
2025-11-13T08:21:12.330009Z  WARN ThreadId(25) hotstuff_runner::smrol::network: ⚠️ [Check] Writer 1 -> 13 slow write: 8.775651ms
2025-11-13T08:21:12.343765Z  WARN ThreadId(25) hotstuff_runner::smrol::network: ⚠️ [Check] Writer 1 -> 14 slow write: 6.337438ms
2025-11-13T08:21:12.359503Z  WARN ThreadId(25) hotstuff_runner::smrol::network: ⚠️ [Check] Writer 1 -> 20 slow write: 6.301677ms
2025-11-13T08:21:12.366543Z  WARN ThreadId(25) hotstuff_runner::smrol::network: ⚠️ [Check] Writer 1 -> 17 slow write: 10.961805ms
2025-11-13T08:21:12.366590Z  WARN ThreadId(25) hotstuff_runner::smrol::network: ⚠️ [Check] Writer 1 -> 11 slow write: 8.077289ms
2025-11-13T08:21:12.368169Z  WARN ThreadId(25) hotstuff_runner::smrol::network: ⚠️ [Check] Writer 1 -> 18 slow write: 12.738018ms
2025-11-13T08:21:12.393801Z  WARN ThreadId(25) hotstuff_runner::smrol::network: ⚠️ [Check] Writer 1 -> 12 slow write: 26.476465ms
2025-11-13T08:21:12.796046Z  WARN ThreadId(24) hotstuff_runner::smrol::network: ⚠️ [Check] Writer 1 -> 9 slow write: 9.665187ms
2025-11-13T08:21:12.798521Z  WARN ThreadId(24) hotstuff_runner::smrol::network: ⚠️ [Check] Writer 1 -> 25 slow write: 5.04938ms
2025-11-13T08:21:12.804917Z  WARN ThreadId(25) hotstuff_runner::smrol::network: ⚠️ [Check] Writer 1 -> 27 slow write: 10.537883ms
2025-11-13T08:21:12.805180Z  WARN ThreadId(25) hotstuff_runner::smrol::network: ⚠️ [Check] Writer 1 -> 26 slow write: 11.559483ms
2025-11-13T08:21:13.027579Z  WARN ThreadId(09) docker_node:   Connection reuse ineffective (2.0 msg/conn)
2025-11-13T08:21:16.685050Z  WARN ThreadId(20) hotstuff_runner::app: Node 1 [produce_block] queue size: 588, attempting up to 588 transactions this block    
2025-11-13T08:21:16.685412Z  WARN ThreadId(20) hotstuff_runner::app: Node 1 view(136) far exceeds block count (4); potential sync issue    
2025-11-13T08:21:18.028019Z  WARN ThreadId(04) docker_node: Low processing efficiency: 0.0% - system may need tuning
2025-11-13T08:21:18.028046Z  WARN ThreadId(04) docker_node:   Connection reuse ineffective (2.0 msg/conn)
2025-11-13T08:21:22.790740Z  WARN ThreadId(20) hotstuff_runner::app: Node 1 [produce_block] queue size: 1782, attempting up to 1782 transactions this block    
2025-11-13T08:21:22.791734Z  WARN ThreadId(20) hotstuff_runner::app: Node 1 view(166) far exceeds block count (5); potential sync issue    
2025-11-13T08:21:23.027629Z  WARN ThreadId(09) docker_node: Low processing efficiency: 0.0% - system may need tuning
2025-11-13T08:21:23.027649Z  WARN ThreadId(09) docker_node:   Connection reuse ineffective (2.0 msg/conn)
2025-11-13T08:21:28.028247Z  WARN ThreadId(09) docker_node: Low processing efficiency: 0.0% - system may need tuning
2025-11-13T08:21:28.028268Z  WARN ThreadId(09) docker_node:   Connection reuse ineffective (2.0 msg/conn)
2025-11-13T08:21:28.093045Z  WARN ThreadId(06) docker_node: Node 1 Regular transaction queue backlog: 2380 transactions
2025-11-13T08:21:28.970371Z  WARN ThreadId(20) hotstuff_runner::app: Node 1 [produce_block] queue size: 2978, attempting up to 2978 transactions this block    
2025-11-13T08:21:28.971517Z  WARN ThreadId(20) hotstuff_runner::app: Node 1 view(196) far exceeds block count (6); potential sync issue    
2025-11-13T08:21:33.027524Z  WARN ThreadId(05) docker_node: Low processing efficiency: 0.0% - system may need tuning
2025-11-13T08:21:33.027549Z  WARN ThreadId(05) docker_node:   Connection reuse ineffective (2.0 msg/conn)
2025-11-13T08:21:33.092606Z  WARN ThreadId(03) docker_node: Node 1 Regular transaction queue backlog: 2514 transactions
2025-11-13T08:21:36.116116Z  WARN ThreadId(20) hotstuff_runner::app: Node 1 [produce_block] queue size: 4458, attempting up to 4458 transactions this block    
2025-11-13T08:21:36.118612Z  WARN ThreadId(20) hotstuff_runner::app: Node 1 view(226) far exceeds block count (7); potential sync issue    
2025-11-13T08:21:38.027850Z  WARN ThreadId(02) docker_node: Low processing efficiency: 0.0% - system may need tuning
2025-11-13T08:21:38.027916Z  WARN ThreadId(02) docker_node:   Connection reuse ineffective (2.0 msg/conn)
2025-11-13T08:21:38.092434Z  WARN ThreadId(07) docker_node: Node 1 Regular transaction queue backlog: 1340 transactions
2025-11-13T08:21:43.027845Z  WARN ThreadId(06) docker_node: Low processing efficiency: 0.0% - system may need tuning
2025-11-13T08:21:43.027995Z  WARN ThreadId(06) docker_node:   Connection reuse ineffective (2.0 msg/conn)
2025-11-13T08:21:43.092935Z  WARN ThreadId(04) docker_node: Node 1 Regular transaction queue backlog: 5022 transactions
2025-11-13T08:21:48.028317Z  WARN ThreadId(09) docker_node: Low processing efficiency: 0.0% - system may need tuning
2025-11-13T08:21:48.028341Z  WARN ThreadId(09) docker_node:   Connection reuse ineffective (2.0 msg/conn)
2025-11-13T08:21:48.092375Z  WARN ThreadId(02) docker_node: Node 1 Regular transaction queue backlog: 5048 transactions
2025-11-13T08:21:53.027735Z  WARN ThreadId(02) docker_node: Low processing efficiency: 0.0% - system may need tuning
2025-11-13T08:21:53.027768Z  WARN ThreadId(02) docker_node:   Connection reuse ineffective (2.0 msg/conn)
2025-11-13T08:21:53.092884Z  WARN ThreadId(06) docker_node: Node 1 Regular transaction queue backlog: 5048 transactions
2025-11-13T08:21:57.589787Z  WARN ThreadId(21) hotstuff_runner::tcp_node: Node 1 view 239 timed out; latency may accumulate
2025-11-13T08:21:58.027454Z  WARN ThreadId(05) docker_node: Low processing efficiency: 0.0% - system may need tuning
2025-11-13T08:21:58.027517Z  WARN ThreadId(05) docker_node:   Connection reuse ineffective (2.0 msg/conn)
2025-11-13T08:21:58.092899Z  WARN ThreadId(09) docker_node: Node 1 Regular transaction queue backlog: 5048 transactions
2025-11-13T08:22:03.027613Z  WARN ThreadId(06) docker_node: Low processing efficiency: 0.0% - system may need tuning
2025-11-13T08:22:03.027643Z  WARN ThreadId(06) docker_node:   Connection reuse ineffective (2.0 msg/conn)
2025-11-13T08:22:03.093093Z  WARN ThreadId(07) docker_node: Node 1 Regular transaction queue backlog: 5048 transactions
2025-11-13T08:22:06.744633Z  WARN ThreadId(21) hotstuff_runner::tcp_node: Node 1 view 243 timed out; latency may accumulate
2025-11-13T08:22:08.027857Z  WARN ThreadId(05) docker_node: Low processing efficiency: 0.0% - system may need tuning
2025-11-13T08:22:08.027882Z  WARN ThreadId(05) docker_node:   Connection reuse ineffective (2.0 msg/conn)
2025-11-13T08:22:08.092383Z  WARN ThreadId(07) docker_node: Node 1 Regular transaction queue backlog: 5048 transactions
2025-11-13T08:22:12.843632Z  WARN ThreadId(21) hotstuff_runner::tcp_node: Node 1 view 253 timed out; latency may accumulate
2025-11-13T08:22:13.027731Z  WARN ThreadId(09) docker_node: Low processing efficiency: 0.0% - system may need tuning
2025-11-13T08:22:13.027753Z  WARN ThreadId(09) docker_node:   Connection reuse ineffective (2.0 msg/conn)
2025-11-13T08:22:13.092864Z  WARN ThreadId(03) docker_node: Node 1 Regular transaction queue backlog: 5148 transactions
2025-11-13T08:22:13.232399Z  WARN ThreadId(20) hotstuff_runner::app: Node 1 [produce_block] queue size: 5148, attempting up to 5148 transactions this block    
2025-11-13T08:22:13.234839Z  WARN ThreadId(20) hotstuff_runner::app: Node 1 view(256) far exceeds block count (8); potential sync issue    
2025-11-13T08:22:17.925407Z  WARN ThreadId(21) hotstuff_runner::tcp_node: Node 1 view 259 timed out; latency may accumulate
2025-11-13T08:22:18.027373Z  WARN ThreadId(06) docker_node: Low processing efficiency: 0.0% - system may need tuning
2025-11-13T08:22:18.027397Z  WARN ThreadId(06) docker_node:   Connection reuse ineffective (2.0 msg/conn)
2025-11-13T08:22:23.027478Z  WARN ThreadId(09) docker_node: Low processing efficiency: 0.0% - system may need tuning
2025-11-13T08:22:23.027514Z  WARN ThreadId(09) docker_node:   Connection reuse ineffective (2.0 msg/conn)
2025-11-13T08:22:23.162598Z  WARN ThreadId(21) hotstuff_runner::tcp_node: Node 1 view 262 timed out; latency may accumulate
2025-11-13T08:22:28.027935Z  WARN ThreadId(06) docker_node: Low processing efficiency: 0.0% - system may need tuning
2025-11-13T08:22:28.027982Z  WARN ThreadId(06) docker_node:   Connection reuse ineffective (2.0 msg/conn)
2025-11-13T08:22:33.027327Z  WARN ThreadId(03) docker_node: Low processing efficiency: 0.0% - system may need tuning
2025-11-13T08:22:33.027360Z  WARN ThreadId(03) docker_node:   Connection reuse ineffective (2.0 msg/conn)
2025-11-13T08:22:33.191675Z  WARN ThreadId(21) hotstuff_runner::tcp_node: Node 1 view 273 timed out; latency may accumulate
2025-11-13T08:22:35.511368Z  WARN ThreadId(20) hotstuff_runner::app: Node 1 [produce_block] queue size: 0, attempting up to 0 transactions this block    
2025-11-13T08:22:35.511391Z  WARN ThreadId(20) hotstuff_runner::app: Node 1 view(286) far exceeds block count (9); potential sync issue    
2025-11-13T08:22:38.028277Z  WARN ThreadId(03) docker_node: Low processing efficiency: 0.0% - system may need tuning
2025-11-13T08:22:38.028319Z  WARN ThreadId(03) docker_node:   Connection reuse ineffective (2.0 msg/conn)
2025-11-13T08:22:41.359659Z  WARN ThreadId(20) hotstuff_runner::app: Node 1 [produce_block] queue size: 0, attempting up to 0 transactions this block    
2025-11-13T08:22:41.359679Z  WARN ThreadId(20) hotstuff_runner::app: Node 1 view(316) far exceeds block count (10); potential sync issue    
2025-11-13T08:22:43.028022Z  WARN ThreadId(04) docker_node: Low processing efficiency: 0.0% - system may need tuning
2025-11-13T08:22:43.028053Z  WARN ThreadId(04) docker_node:   Connection reuse ineffective (2.0 msg/conn)
2025-11-13T08:22:47.155787Z  WARN ThreadId(20) hotstuff_runner::app: Node 1 [produce_block] queue size: 0, attempting up to 0 transactions this block    
2025-11-13T08:22:47.155814Z  WARN ThreadId(20) hotstuff_runner::app: Node 1 view(346) far exceeds block count (11); potential sync issue    
2025-11-13T08:22:48.028091Z  WARN ThreadId(06) docker_node: Low processing efficiency: 0.0% - system may need tuning
2025-11-13T08:22:48.028138Z  WARN ThreadId(06) docker_node:   Connection reuse ineffective (2.0 msg/conn)
2025-11-13T08:22:52.902124Z  WARN ThreadId(20) hotstuff_runner::app: Node 1 [produce_block] queue size: 0, attempting up to 0 transactions this block    
2025-11-13T08:22:52.902148Z  WARN ThreadId(20) hotstuff_runner::app: Node 1 view(376) far exceeds block count (12); potential sync issue    
2025-11-13T08:22:53.028189Z  WARN ThreadId(03) docker_node: Low processing efficiency: 0.0% - system may need tuning
2025-11-13T08:22:53.028218Z  WARN ThreadId(03) docker_node:   Connection reuse ineffective (2.0 msg/conn)
2025-11-13T08:22:58.027553Z  WARN ThreadId(05) docker_node: Low processing efficiency: 0.0% - system may need tuning
2025-11-13T08:22:58.027587Z  WARN ThreadId(05) docker_node:   Connection reuse ineffective (2.0 msg/conn)
2025-11-13T08:22:58.700582Z  WARN ThreadId(20) hotstuff_runner::app: Node 1 [produce_block] queue size: 0, attempting up to 0 transactions this block    
2025-11-13T08:22:58.700606Z  WARN ThreadId(20) hotstuff_runner::app: Node 1 view(406) far exceeds block count (13); potential sync issue    
2025-11-13T08:22:59.930319Z  WARN ThreadId(25) hotstuff_runner::smrol::network: ⚠️ [SMROL] writer task 1 -> 17 failed: Failed to write length: Broken pipe (os error 32)
2025-11-13T08:23:00.123683Z  WARN ThreadId(24) hotstuff_runner::smrol::network: ⚠️ [SMROL] writer task 1 -> 18 failed: Failed to write length: Connection reset by peer (os error 104)
2025-11-13T08:23:00.123828Z  WARN ThreadId(24) hotstuff_runner::smrol::network: ⚠️ [SMROL] writer task 1 -> 16 failed: Failed to write length: Connection reset by peer (os error 104)
2025-11-13T08:23:00.173295Z  WARN ThreadId(06) hotstuff_runner::smrol::pnfifo: ⚠️ [PNFIFO] Node 1 proposal handling failed (leader 17 slot 3478): Failed to send VOTE: Connection failed 3.106.183.0:21017: Connection refused (os error 111)
2025-11-13T08:23:00.379726Z  WARN ThreadId(09) hotstuff_runner::smrol::pnfifo: ⚠️ [PNFIFO] Node 1 proposal handling failed (leader 18 slot 6350): Failed to send VOTE: Connection failed 54.252.216.245:21018: Connection refused (os error 111)
2025-11-13T08:23:00.585322Z  WARN ThreadId(09) hotstuff_runner::smrol::pnfifo: ⚠️ [PNFIFO] Node 1 proposal handling failed (leader 17 slot 3479): Failed to send VOTE: Connection failed 3.106.183.0:21017: Connection refused (os error 111)
2025-11-13T08:23:00.795904Z  WARN ThreadId(04) hotstuff_runner::smrol::pnfifo: ⚠️ [PNFIFO] Node 1 proposal handling failed (leader 16 slot 5565): Failed to send VOTE: Connection failed 3.27.109.74:21016: Connection refused (os error 111)
2025-11-13T08:23:01.008415Z  WARN ThreadId(09) hotstuff_runner::smrol::pnfifo: ⚠️ [PNFIFO] Node 1 proposal handling failed (leader 18 slot 6351): Failed to send VOTE: Connection failed 54.252.216.245:21018: Connection refused (os error 111)
2025-11-13T08:23:01.019051Z  WARN ThreadId(25) hotstuff_runner::smrol::network: ⚠️ [SMROL] writer task 1 -> 14 failed: Failed to write length: Broken pipe (os error 32)
2025-11-13T08:23:01.019127Z  WARN ThreadId(25) hotstuff_runner::smrol::network: ⚠️ [SMROL] writer task 1 -> 15 failed: Failed to write length: Broken pipe (os error 32)
2025-11-13T08:23:01.069439Z  WARN ThreadId(24) hotstuff_runner::smrol::network: ⚠️ [SMROL] writer task 1 -> 13 failed: Failed to write length: Broken pipe (os error 32)
2025-11-13T08:23:01.212326Z  WARN ThreadId(05) hotstuff_runner::smrol::pnfifo: ⚠️ [PNFIFO] Node 1 proposal handling failed (leader 16 slot 5566): Failed to send VOTE: Connection failed 3.27.109.74:21016: Connection refused (os error 111)
2025-11-13T08:23:01.426794Z  WARN ThreadId(05) hotstuff_runner::smrol::pnfifo: ⚠️ [PNFIFO] Node 1 proposal handling failed (leader 14 slot 3998): Failed to send VOTE: Connection failed 13.212.171.131:21014: Connection refused (os error 111)
2025-11-13T08:23:01.453293Z  WARN ThreadId(25) hotstuff_runner::smrol::network: ⚠️ [SMROL] writer task 1 -> 20 failed: Failed to write length: Broken pipe (os error 32)
2025-11-13T08:23:01.496141Z  WARN ThreadId(25) hotstuff_runner::smrol::network: ⚠️ [SMROL] writer task 1 -> 7 failed: Failed to write length: Connection reset by peer (os error 104)
2025-11-13T08:23:01.544761Z  WARN ThreadId(24) hotstuff_runner::smrol::network: ⚠️ [SMROL] writer task 1 -> 19 failed: Failed to write length: Broken pipe (os error 32)
2025-11-13T08:23:01.544848Z  WARN ThreadId(25) hotstuff_runner::smrol::network: ⚠️ [SMROL] writer task 1 -> 5 failed: Failed to write length: Connection reset by peer (os error 104)
2025-11-13T08:23:01.564486Z  WARN ThreadId(25) hotstuff_runner::smrol::network: ⚠️ [SMROL] writer task 1 -> 8 failed: Failed to write length: Connection reset by peer (os error 104)
2025-11-13T08:23:01.600193Z  WARN ThreadId(25) hotstuff_runner::smrol::network: ⚠️ [SMROL] writer task 1 -> 6 failed: Failed to write length: Connection reset by peer (os error 104)
2025-11-13T08:23:01.615256Z  WARN ThreadId(25) hotstuff_runner::smrol::network: ⚠️ [SMROL] writer task 1 -> 9 failed: Failed to write length: Broken pipe (os error 32)
2025-11-13T08:23:01.639904Z  WARN ThreadId(09) hotstuff_runner::smrol::pnfifo: ⚠️ [PNFIFO] Node 1 proposal handling failed (leader 13 slot 6447): Failed to send VOTE: Connection failed 13.212.148.24:21013: Connection refused (os error 111)
2025-11-13T08:23:01.663548Z  WARN ThreadId(25) hotstuff_runner::smrol::network: ⚠️ [SMROL] writer task 1 -> 11 failed: Failed to write length: Connection reset by peer (os error 104)
2025-11-13T08:23:01.708809Z  WARN ThreadId(09) hotstuff_runner::smrol::pnfifo: ⚠️ [PNFIFO] Node 1 proposal handling failed (leader 7 slot 6310): Failed to send VOTE: Connection failed 54.215.244.166:21007: Connection refused (os error 111)
2025-11-13T08:23:01.735800Z  WARN ThreadId(24) hotstuff_runner::smrol::network: ⚠️ [SMROL] writer task 1 -> 10 failed: Failed to write length: Connection reset by peer (os error 104)
2025-11-13T08:23:01.735999Z  WARN ThreadId(24) hotstuff_runner::smrol::network: ⚠️ [SMROL] writer task 1 -> 12 failed: Failed to write length: Broken pipe (os error 32)
2025-11-13T08:23:01.776076Z  WARN ThreadId(04) hotstuff_runner::smrol::pnfifo: ⚠️ [PNFIFO] Node 1 proposal handling failed (leader 8 slot 6038): Failed to send VOTE: Connection failed 54.151.12.52:21008: Connection refused (os error 111)
