2025-11-06T14:10:27.959706Z  WARN ThreadId(01) hotstuff_runner::telemetry: Prometheus metrics exporter started ✅ listen_addr=0.0.0.0:9900
2025-11-06T14:10:27.959757Z  WARN ThreadId(01) hotstuff_runner::telemetry: ✅ wrote smrol.node_up=1 (boot) node_id=0
2025-11-06T14:10:48.162714Z  WARN ThreadId(01) hotstuff_runner::tcp_node: Node 0 view timeout set to 3000 ms
2025-11-06T14:10:48.165461Z  WARN ThreadId(01) hotstuff_runner::smrol::sequencing: SMROL_MEDIAN_INFLIGHT=24, SMROL_ORDER_FINALIZE_INFLIGHT=4, SMROL_FINAL_SIGN_INFLIGHT=4, SMROL_FINAL_VERIFY_INFLIGHT=24
2025-11-06T14:10:48.165510Z  WARN ThreadId(01) hotstuff_runner::smrol::sequencing: [Sequencing] Node 0 multi-signature verification disabled: false
2025-11-06T14:10:48.165633Z  WARN ThreadId(09) hotstuff_runner::smrol::sequencing: [Sequencing] Node 0 final verify dispatcher started
2025-11-06T14:10:48.166753Z  WARN ThreadId(06) docker_node:   Connection reuse ineffective (2.0 msg/conn)
2025-11-06T14:10:51.163307Z  WARN ThreadId(21) hotstuff_runner::tcp_node: Node 0 view 0 timed out; latency may accumulate
2025-11-06T14:10:53.166967Z  WARN ThreadId(02) docker_node:   Connection reuse ineffective (2.0 msg/conn)
2025-11-06T14:10:53.168662Z  WARN ThreadId(01) docker_node: Node 0 port 20000 temporarily unreachable: failed to lookup address information: Temporary failure in name resolution
2025-11-06T14:10:53.170548Z  WARN ThreadId(01) docker_node: Node 1 port 20001 temporarily unreachable: failed to lookup address information: Temporary failure in name resolution
2025-11-06T14:10:53.172444Z  WARN ThreadId(01) docker_node: Node 2 port 20002 temporarily unreachable: failed to lookup address information: Temporary failure in name resolution
2025-11-06T14:10:53.174296Z  WARN ThreadId(01) docker_node: Node 3 port 20003 temporarily unreachable: failed to lookup address information: Temporary failure in name resolution
2025-11-06T14:10:58.167174Z  WARN ThreadId(06) docker_node:   Connection reuse ineffective (2.0 msg/conn)
2025-11-06T14:11:03.166871Z  WARN ThreadId(06) docker_node:   Connection reuse ineffective (2.0 msg/conn)
2025-11-06T14:11:08.167154Z  WARN ThreadId(06) docker_node:   Connection reuse ineffective (2.0 msg/conn)
2025-11-06T14:11:11.444561Z  WARN ThreadId(21) hotstuff_runner::tcp_node: Detected transaction backlog: submit rate (740.7) > confirm rate (0.0)
2025-11-06T14:11:11.528322Z  WARN ThreadId(21) hotstuff_runner::tcp_node: Detected transaction backlog: submit rate (180.2) > confirm rate (0.0)
2025-11-06T14:11:11.593286Z  WARN ThreadId(21) hotstuff_runner::tcp_node: Detected transaction backlog: submit rate (113.6) > confirm rate (0.0)
2025-11-06T14:11:11.676717Z  WARN ThreadId(21) hotstuff_runner::tcp_node: Detected transaction backlog: submit rate (154.4) > confirm rate (0.0)
2025-11-06T14:11:11.739710Z  WARN ThreadId(21) hotstuff_runner::tcp_node: Detected transaction backlog: submit rate (124.2) > confirm rate (0.0)
2025-11-06T14:11:11.818447Z  WARN ThreadId(21) hotstuff_runner::tcp_node: Detected transaction backlog: submit rate (99.8) > confirm rate (0.0)
2025-11-06T14:11:11.889412Z  WARN ThreadId(21) hotstuff_runner::tcp_node: Detected transaction backlog: submit rate (127.1) > confirm rate (0.0)
2025-11-06T14:11:11.957556Z  WARN ThreadId(21) hotstuff_runner::tcp_node: Detected transaction backlog: submit rate (111.1) > confirm rate (0.0)
2025-11-06T14:11:13.167289Z  WARN ThreadId(09) docker_node: Low processing efficiency: 0.0% - system may need tuning
2025-11-06T14:11:18.165984Z  WARN ThreadId(06) hotstuff_runner::pompe: 🧹 [Cleanup] Node 0 cleared 2720 orphaned ordering1 states
2025-11-06T14:11:18.167145Z  WARN ThreadId(06) docker_node: Low processing efficiency: 0.0% - system may need tuning
2025-11-06T14:11:23.167591Z  WARN ThreadId(09) docker_node: Low processing efficiency: 0.0% - system may need tuning
2025-11-06T14:11:28.167373Z  WARN ThreadId(07) docker_node: Low processing efficiency: 0.0% - system may need tuning
2025-11-06T14:11:33.166876Z  WARN ThreadId(09) docker_node: Low processing efficiency: 0.0% - system may need tuning
2025-11-06T14:11:38.167030Z  WARN ThreadId(02) docker_node: Low processing efficiency: 0.0% - system may need tuning
2025-11-06T14:11:43.167090Z  WARN ThreadId(02) docker_node: Low processing efficiency: 0.0% - system may need tuning
2025-11-06T14:11:48.167729Z  WARN ThreadId(07) hotstuff_runner::pompe: 🧹 [Cleanup] Node 0 cleared 7279 orphaned ordering1 states
2025-11-06T14:11:48.167738Z  WARN ThreadId(02) docker_node: Low processing efficiency: 0.0% - system may need tuning
2025-11-06T14:11:53.166884Z  WARN ThreadId(06) docker_node: Low processing efficiency: 0.0% - system may need tuning
2025-11-06T14:11:58.167551Z  WARN ThreadId(09) docker_node: Low processing efficiency: 0.0% - system may need tuning
2025-11-06T14:12:03.167736Z  WARN ThreadId(09) docker_node: Low processing efficiency: 0.0% - system may need tuning
2025-11-06T14:12:08.167205Z  WARN ThreadId(09) docker_node: Low processing efficiency: 0.0% - system may need tuning
2025-11-06T14:12:13.167309Z  WARN ThreadId(07) docker_node: Low processing efficiency: 0.0% - system may need tuning
2025-11-06T14:12:18.167196Z  WARN ThreadId(07) docker_node: Low processing efficiency: 0.0% - system may need tuning
2025-11-06T14:12:23.167162Z  WARN ThreadId(06) docker_node: Low processing efficiency: 0.0% - system may need tuning
2025-11-06T14:12:28.166849Z  WARN ThreadId(06) docker_node: Low processing efficiency: 0.0% - system may need tuning
2025-11-06T14:12:33.167497Z  WARN ThreadId(09) docker_node: Low processing efficiency: 0.0% - system may need tuning
2025-11-06T14:12:38.167738Z  WARN ThreadId(07) docker_node: Low processing efficiency: 0.0% - system may need tuning
2025-11-06T14:12:43.167661Z  WARN ThreadId(07) docker_node: Low processing efficiency: 0.0% - system may need tuning
2025-11-06T14:12:48.167002Z  WARN ThreadId(09) docker_node: Low processing efficiency: 0.0% - system may need tuning
2025-11-06T14:12:53.166829Z  WARN ThreadId(06) docker_node: Low processing efficiency: 0.0% - system may need tuning
2025-11-06T14:12:58.167248Z  WARN ThreadId(09) docker_node: Low processing efficiency: 0.0% - system may need tuning
2025-11-06T14:13:03.167548Z  WARN ThreadId(07) docker_node: Low processing efficiency: 0.0% - system may need tuning
2025-11-06T14:13:08.167244Z  WARN ThreadId(06) docker_node: Low processing efficiency: 0.0% - system may need tuning
2025-11-06T14:13:13.167437Z  WARN ThreadId(06) docker_node: Low processing efficiency: 0.0% - system may need tuning
2025-11-06T14:13:18.167454Z  WARN ThreadId(09) docker_node: Low processing efficiency: 0.0% - system may need tuning
2025-11-06T14:13:23.167060Z  WARN ThreadId(09) docker_node: Low processing efficiency: 0.0% - system may need tuning
2025-11-06T14:13:28.167041Z  WARN ThreadId(09) docker_node: Low processing efficiency: 0.0% - system may need tuning
2025-11-06T14:13:33.167732Z  WARN ThreadId(09) docker_node: Low processing efficiency: 0.0% - system may need tuning
