2025-11-07T04:05:13.556162Z  WARN ThreadId(01) hotstuff_runner::telemetry: Prometheus metrics exporter started ✅ listen_addr=0.0.0.0:9900
2025-11-07T04:05:13.557430Z  WARN ThreadId(01) hotstuff_runner::telemetry: ✅ wrote smrol.node_up=1 (boot) node_id=0
2025-11-07T04:05:33.760998Z  WARN ThreadId(01) hotstuff_runner::tcp_node: Node 0 view timeout set to 3000 ms
2025-11-07T04:05:33.765330Z ERROR ThreadId(23) hotstuff_runner::pompe_network: Node 0 failed to connect to node 5: Connection refused (os error 111)
2025-11-07T04:05:33.765553Z ERROR ThreadId(23) hotstuff_runner::pompe_network: Node 0 failed to connect to node 6: Connection refused (os error 111)
2025-11-07T04:05:33.765778Z ERROR ThreadId(23) hotstuff_runner::pompe_network: Node 0 failed to connect to node 7: Connection refused (os error 111)
2025-11-07T04:05:33.765957Z ERROR ThreadId(23) hotstuff_runner::pompe_network: Node 0 failed to connect to node 8: Connection refused (os error 111)
2025-11-07T04:05:33.766176Z ERROR ThreadId(23) hotstuff_runner::pompe_network: Node 0 failed to connect to node 9: Connection refused (os error 111)
2025-11-07T04:05:33.766703Z ERROR ThreadId(23) hotstuff_runner::pompe_network: Node 0 failed to connect to node 12: Connection refused (os error 111)
2025-11-07T04:05:33.766921Z ERROR ThreadId(23) hotstuff_runner::pompe_network: Node 0 failed to connect to node 13: Connection refused (os error 111)
2025-11-07T04:05:33.767130Z ERROR ThreadId(23) hotstuff_runner::pompe_network: Node 0 failed to connect to node 14: Connection refused (os error 111)
2025-11-07T04:05:33.767764Z ERROR ThreadId(23) hotstuff_runner::pompe_network: Node 0 failed to connect to node 17: Connection refused (os error 111)
2025-11-07T04:05:33.767933Z ERROR ThreadId(23) hotstuff_runner::pompe_network: Node 0 failed to connect to node 18: Connection refused (os error 111)
2025-11-07T04:05:33.768315Z ERROR ThreadId(23) hotstuff_runner::pompe_network: Node 0 failed to connect to node 20: Connection refused (os error 111)
2025-11-07T04:05:33.768487Z ERROR ThreadId(23) hotstuff_runner::pompe_network: Node 0 failed to connect to node 21: Connection refused (os error 111)
2025-11-07T04:05:33.768777Z ERROR ThreadId(23) hotstuff_runner::pompe_network: Node 0 failed to connect to node 22: Connection refused (os error 111)
2025-11-07T04:05:33.769102Z ERROR ThreadId(23) hotstuff_runner::pompe_network: Node 0 failed to connect to node 23: Connection refused (os error 111)
2025-11-07T04:05:33.769336Z ERROR ThreadId(23) hotstuff_runner::pompe_network: Node 0 failed to connect to node 24: Connection refused (os error 111)
2025-11-07T04:05:33.769540Z ERROR ThreadId(23) hotstuff_runner::pompe_network: Node 0 failed to connect to node 25: Connection refused (os error 111)
2025-11-07T04:05:33.769735Z ERROR ThreadId(23) hotstuff_runner::pompe_network: Node 0 failed to connect to node 26: Connection refused (os error 111)
2025-11-07T04:05:33.770114Z ERROR ThreadId(23) hotstuff_runner::pompe_network: Node 0 failed to connect to node 28: Connection refused (os error 111)
2025-11-07T04:05:33.770489Z ERROR ThreadId(23) hotstuff_runner::pompe_network: Node 0 failed to connect to node 30: Connection refused (os error 111)
2025-11-07T04:05:33.770880Z ERROR ThreadId(23) hotstuff_runner::pompe_network: Node 0 failed to connect to node 32: Connection refused (os error 111)
2025-11-07T04:05:33.771085Z ERROR ThreadId(23) hotstuff_runner::pompe_network: Node 0 failed to connect to node 33: Connection refused (os error 111)
2025-11-07T04:05:33.771295Z ERROR ThreadId(23) hotstuff_runner::pompe_network: Node 0 failed to connect to node 34: Connection refused (os error 111)
2025-11-07T04:05:33.771495Z ERROR ThreadId(23) hotstuff_runner::pompe_network: Node 0 failed to connect to node 35: Connection refused (os error 111)
2025-11-07T04:05:33.771682Z ERROR ThreadId(23) hotstuff_runner::pompe_network: Node 0 failed to connect to node 36: Connection refused (os error 111)
2025-11-07T04:05:33.771885Z ERROR ThreadId(23) hotstuff_runner::pompe_network: Node 0 failed to connect to node 37: Connection refused (os error 111)
2025-11-07T04:05:33.772097Z ERROR ThreadId(23) hotstuff_runner::pompe_network: Node 0 failed to connect to node 38: Connection refused (os error 111)
2025-11-07T04:05:33.772314Z ERROR ThreadId(23) hotstuff_runner::pompe_network: Node 0 failed to connect to node 39: Connection refused (os error 111)
2025-11-07T04:05:33.772508Z ERROR ThreadId(23) hotstuff_runner::pompe_network: Node 0 failed to connect to node 40: Connection refused (os error 111)
2025-11-07T04:05:33.772731Z ERROR ThreadId(23) hotstuff_runner::pompe_network: Node 0 failed to connect to node 41: Connection refused (os error 111)
2025-11-07T04:05:33.773112Z ERROR ThreadId(23) hotstuff_runner::pompe_network: Node 0 failed to connect to node 43: Connection refused (os error 111)
2025-11-07T04:05:33.773311Z ERROR ThreadId(23) hotstuff_runner::pompe_network: Node 0 failed to connect to node 44: Connection refused (os error 111)
2025-11-07T04:05:33.773944Z ERROR ThreadId(23) hotstuff_runner::pompe_network: Node 0 failed to connect to node 48: Connection refused (os error 111)
2025-11-07T04:05:33.774150Z ERROR ThreadId(23) hotstuff_runner::pompe_network: Node 0 failed to connect to node 49: Connection refused (os error 111)
2025-11-07T04:05:33.778680Z  WARN ThreadId(01) hotstuff_runner::smrol::sequencing: SMROL_MEDIAN_INFLIGHT=24, SMROL_ORDER_FINALIZE_INFLIGHT=4, SMROL_FINAL_SIGN_INFLIGHT=4, SMROL_FINAL_VERIFY_INFLIGHT=24
2025-11-07T04:05:33.778743Z  WARN ThreadId(01) hotstuff_runner::smrol::sequencing: [Sequencing] Node 0 multi-signature verification disabled: false
2025-11-07T04:05:33.778920Z  WARN ThreadId(05) hotstuff_runner::smrol::sequencing: [Sequencing] Node 0 final verify dispatcher started
2025-11-07T04:05:33.780577Z  WARN ThreadId(02) docker_node:   Connection reuse ineffective (2.0 msg/conn)
2025-11-07T04:05:36.763806Z  WARN ThreadId(21) hotstuff_runner::tcp_node: Node 0 view 0 timed out; latency may accumulate
2025-11-07T04:05:38.780517Z  WARN ThreadId(05) docker_node:   Connection reuse ineffective (2.0 msg/conn)
2025-11-07T04:05:38.781773Z  WARN ThreadId(01) docker_node: Node 0 port 20000 temporarily unreachable: failed to lookup address information: Temporary failure in name resolution
2025-11-07T04:05:38.783532Z  WARN ThreadId(01) docker_node: Node 1 port 20001 temporarily unreachable: failed to lookup address information: Temporary failure in name resolution
2025-11-07T04:05:38.785500Z  WARN ThreadId(01) docker_node: Node 2 port 20002 temporarily unreachable: failed to lookup address information: Temporary failure in name resolution
2025-11-07T04:05:38.787372Z  WARN ThreadId(01) docker_node: Node 3 port 20003 temporarily unreachable: failed to lookup address information: Temporary failure in name resolution
2025-11-07T04:05:38.788970Z  WARN ThreadId(01) docker_node: Node 4 port 20004 temporarily unreachable: failed to lookup address information: Temporary failure in name resolution
2025-11-07T04:05:38.790812Z  WARN ThreadId(01) docker_node: Node 5 port 20005 temporarily unreachable: failed to lookup address information: Temporary failure in name resolution
2025-11-07T04:05:38.792560Z  WARN ThreadId(01) docker_node: Node 6 port 20006 temporarily unreachable: failed to lookup address information: Temporary failure in name resolution
2025-11-07T04:05:38.794490Z  WARN ThreadId(01) docker_node: Node 7 port 20007 temporarily unreachable: failed to lookup address information: Temporary failure in name resolution
2025-11-07T04:05:38.796259Z  WARN ThreadId(01) docker_node: Node 8 port 20008 temporarily unreachable: failed to lookup address information: Temporary failure in name resolution
2025-11-07T04:05:38.798024Z  WARN ThreadId(01) docker_node: Node 9 port 20009 temporarily unreachable: failed to lookup address information: Temporary failure in name resolution
2025-11-07T04:05:38.799705Z  WARN ThreadId(01) docker_node: Node 10 port 20010 temporarily unreachable: failed to lookup address information: Temporary failure in name resolution
2025-11-07T04:05:38.801522Z  WARN ThreadId(01) docker_node: Node 11 port 20011 temporarily unreachable: failed to lookup address information: Temporary failure in name resolution
2025-11-07T04:05:38.803270Z  WARN ThreadId(01) docker_node: Node 12 port 20012 temporarily unreachable: failed to lookup address information: Temporary failure in name resolution
2025-11-07T04:05:38.804928Z  WARN ThreadId(01) docker_node: Node 13 port 20013 temporarily unreachable: failed to lookup address information: Temporary failure in name resolution
2025-11-07T04:05:38.806659Z  WARN ThreadId(01) docker_node: Node 14 port 20014 temporarily unreachable: failed to lookup address information: Temporary failure in name resolution
2025-11-07T04:05:38.808324Z  WARN ThreadId(01) docker_node: Node 15 port 20015 temporarily unreachable: failed to lookup address information: Temporary failure in name resolution
2025-11-07T04:05:38.810016Z  WARN ThreadId(01) docker_node: Node 16 port 20016 temporarily unreachable: failed to lookup address information: Temporary failure in name resolution
2025-11-07T04:05:38.811614Z  WARN ThreadId(01) docker_node: Node 17 port 20017 temporarily unreachable: failed to lookup address information: Temporary failure in name resolution
2025-11-07T04:05:38.813646Z  WARN ThreadId(01) docker_node: Node 18 port 20018 temporarily unreachable: failed to lookup address information: Temporary failure in name resolution
2025-11-07T04:05:38.815300Z  WARN ThreadId(01) docker_node: Node 19 port 20019 temporarily unreachable: failed to lookup address information: Temporary failure in name resolution
2025-11-07T04:05:38.817073Z  WARN ThreadId(01) docker_node: Node 20 port 20020 temporarily unreachable: failed to lookup address information: Temporary failure in name resolution
2025-11-07T04:05:38.818769Z  WARN ThreadId(01) docker_node: Node 21 port 20021 temporarily unreachable: failed to lookup address information: Temporary failure in name resolution
2025-11-07T04:05:38.820871Z  WARN ThreadId(01) docker_node: Node 22 port 20022 temporarily unreachable: failed to lookup address information: Temporary failure in name resolution
2025-11-07T04:05:38.822686Z  WARN ThreadId(01) docker_node: Node 23 port 20023 temporarily unreachable: failed to lookup address information: Temporary failure in name resolution
2025-11-07T04:05:38.824225Z  WARN ThreadId(01) docker_node: Node 24 port 20024 temporarily unreachable: failed to lookup address information: Temporary failure in name resolution
2025-11-07T04:05:38.825862Z  WARN ThreadId(01) docker_node: Node 25 port 20025 temporarily unreachable: failed to lookup address information: Temporary failure in name resolution
2025-11-07T04:05:38.827477Z  WARN ThreadId(01) docker_node: Node 26 port 20026 temporarily unreachable: failed to lookup address information: Temporary failure in name resolution
2025-11-07T04:05:38.829221Z  WARN ThreadId(01) docker_node: Node 27 port 20027 temporarily unreachable: failed to lookup address information: Temporary failure in name resolution
2025-11-07T04:05:38.830690Z  WARN ThreadId(01) docker_node: Node 28 port 20028 temporarily unreachable: failed to lookup address information: Temporary failure in name resolution
2025-11-07T04:05:38.832385Z  WARN ThreadId(01) docker_node: Node 29 port 20029 temporarily unreachable: failed to lookup address information: Temporary failure in name resolution
2025-11-07T04:05:38.834078Z  WARN ThreadId(01) docker_node: Node 30 port 20030 temporarily unreachable: failed to lookup address information: Temporary failure in name resolution
2025-11-07T04:05:38.836330Z  WARN ThreadId(01) docker_node: Node 31 port 20031 temporarily unreachable: failed to lookup address information: Temporary failure in name resolution
2025-11-07T04:05:38.838370Z  WARN ThreadId(01) docker_node: Node 32 port 20032 temporarily unreachable: failed to lookup address information: Temporary failure in name resolution
2025-11-07T04:05:38.840116Z  WARN ThreadId(01) docker_node: Node 33 port 20033 temporarily unreachable: failed to lookup address information: Temporary failure in name resolution
2025-11-07T04:05:38.841874Z  WARN ThreadId(01) docker_node: Node 34 port 20034 temporarily unreachable: failed to lookup address information: Temporary failure in name resolution
2025-11-07T04:05:38.843438Z  WARN ThreadId(01) docker_node: Node 35 port 20035 temporarily unreachable: failed to lookup address information: Temporary failure in name resolution
2025-11-07T04:05:38.845132Z  WARN ThreadId(01) docker_node: Node 36 port 20036 temporarily unreachable: failed to lookup address information: Temporary failure in name resolution
2025-11-07T04:05:38.846947Z  WARN ThreadId(01) docker_node: Node 37 port 20037 temporarily unreachable: failed to lookup address information: Temporary failure in name resolution
2025-11-07T04:05:38.848888Z  WARN ThreadId(01) docker_node: Node 38 port 20038 temporarily unreachable: failed to lookup address information: Temporary failure in name resolution
2025-11-07T04:05:38.850584Z  WARN ThreadId(01) docker_node: Node 39 port 20039 temporarily unreachable: failed to lookup address information: Temporary failure in name resolution
2025-11-07T04:05:38.852397Z  WARN ThreadId(01) docker_node: Node 40 port 20040 temporarily unreachable: failed to lookup address information: Temporary failure in name resolution
2025-11-07T04:05:38.854022Z  WARN ThreadId(01) docker_node: Node 41 port 20041 temporarily unreachable: failed to lookup address information: Temporary failure in name resolution
2025-11-07T04:05:38.855862Z  WARN ThreadId(01) docker_node: Node 42 port 20042 temporarily unreachable: failed to lookup address information: Temporary failure in name resolution
2025-11-07T04:05:38.857634Z  WARN ThreadId(01) docker_node: Node 43 port 20043 temporarily unreachable: failed to lookup address information: Temporary failure in name resolution
2025-11-07T04:05:38.859498Z  WARN ThreadId(01) docker_node: Node 44 port 20044 temporarily unreachable: failed to lookup address information: Temporary failure in name resolution
2025-11-07T04:05:38.861207Z  WARN ThreadId(01) docker_node: Node 45 port 20045 temporarily unreachable: failed to lookup address information: Temporary failure in name resolution
2025-11-07T04:05:38.863078Z  WARN ThreadId(01) docker_node: Node 46 port 20046 temporarily unreachable: failed to lookup address information: Temporary failure in name resolution
2025-11-07T04:05:38.865359Z  WARN ThreadId(01) docker_node: Node 47 port 20047 temporarily unreachable: failed to lookup address information: Temporary failure in name resolution
2025-11-07T04:05:38.867395Z  WARN ThreadId(01) docker_node: Node 48 port 20048 temporarily unreachable: failed to lookup address information: Temporary failure in name resolution
2025-11-07T04:05:38.869579Z  WARN ThreadId(01) docker_node: Node 49 port 20049 temporarily unreachable: failed to lookup address information: Temporary failure in name resolution
2025-11-07T04:05:43.780157Z  WARN ThreadId(05) docker_node:   Connection reuse ineffective (2.0 msg/conn)
2025-11-07T04:05:48.780941Z  WARN ThreadId(05) docker_node:   Connection reuse ineffective (2.0 msg/conn)
2025-11-07T04:05:53.780662Z  WARN ThreadId(05) docker_node:   Connection reuse ineffective (2.0 msg/conn)
2025-11-07T04:05:58.780664Z  WARN ThreadId(02) docker_node: Overall processing delay detected:
2025-11-07T04:05:58.780688Z  WARN ThreadId(02) docker_node:    - Both queues are relatively empty but TPS is low: submission(10.2) vs confirmation(0.0)
2025-11-07T04:05:58.780700Z  WARN ThreadId(02) docker_node:    - Possible cause: Network delay, long block packing intervals, or high validation overhead
2025-11-07T04:05:59.006845Z  WARN ThreadId(21) hotstuff_runner::tcp_node: Detected transaction backlog: submit rate (10.0) > confirm rate (0.0)
2025-11-07T04:06:01.058590Z  WARN ThreadId(21) hotstuff_runner::tcp_node: Detected transaction backlog: submit rate (9.9) > confirm rate (0.0)
2025-11-07T04:06:03.153647Z  WARN ThreadId(21) hotstuff_runner::tcp_node: Detected transaction backlog: submit rate (9.8) > confirm rate (0.0)
2025-11-07T04:06:03.766384Z  WARN ThreadId(05) hotstuff_runner::pompe: 🧹 [Cleanup] Node 0 cleared 3300 orphaned ordering1 states
2025-11-07T04:06:03.780146Z  WARN ThreadId(02) docker_node: Overall processing delay detected:
2025-11-07T04:06:03.780171Z  WARN ThreadId(02) docker_node:    - Both queues are relatively empty but TPS is low: submission(10.0) vs confirmation(0.0)
2025-11-07T04:06:03.780176Z  WARN ThreadId(02) docker_node:    - Possible cause: Network delay, long block packing intervals, or high validation overhead
2025-11-07T04:06:05.417186Z  WARN ThreadId(21) hotstuff_runner::tcp_node: Detected transaction backlog: submit rate (10.0) > confirm rate (0.0)
2025-11-07T04:06:07.534028Z  WARN ThreadId(21) hotstuff_runner::tcp_node: Detected transaction backlog: submit rate (10.1) > confirm rate (0.0)
2025-11-07T04:06:08.779995Z  WARN ThreadId(08) docker_node: Overall processing delay detected:
2025-11-07T04:06:08.780014Z  WARN ThreadId(08) docker_node:    - Both queues are relatively empty but TPS is low: submission(10.2) vs confirmation(0.0)
2025-11-07T04:06:08.780022Z  WARN ThreadId(08) docker_node:    - Possible cause: Network delay, long block packing intervals, or high validation overhead
2025-11-07T04:06:09.573328Z  WARN ThreadId(21) hotstuff_runner::tcp_node: Detected transaction backlog: submit rate (10.0) > confirm rate (6.3)
2025-11-07T04:06:13.780788Z  WARN ThreadId(08) docker_node: Low processing efficiency: 0.0% - system may need tuning
2025-11-07T04:06:18.780853Z  WARN ThreadId(02) docker_node: Low processing efficiency: 0.0% - system may need tuning
2025-11-07T04:06:23.780684Z  WARN ThreadId(02) docker_node: Low processing efficiency: 0.0% - system may need tuning
2025-11-07T04:06:28.780220Z  WARN ThreadId(02) docker_node: Low processing efficiency: 0.0% - system may need tuning
2025-11-07T04:06:33.767046Z  WARN ThreadId(02) hotstuff_runner::pompe: 🧹 [Cleanup] Node 0 cleared 6700 orphaned ordering1 states
2025-11-07T04:06:33.780240Z  WARN ThreadId(02) docker_node: Low processing efficiency: 0.0% - system may need tuning
2025-11-07T04:06:38.780852Z  WARN ThreadId(09) docker_node: Low processing efficiency: 0.0% - system may need tuning
2025-11-07T04:06:43.780368Z  WARN ThreadId(09) docker_node: Low processing efficiency: 0.0% - system may need tuning
2025-11-07T04:06:48.780787Z  WARN ThreadId(09) docker_node: Low processing efficiency: 0.0% - system may need tuning
2025-11-07T04:06:53.780384Z  WARN ThreadId(09) docker_node: Low processing efficiency: 0.0% - system may need tuning
2025-11-07T04:06:58.780485Z  WARN ThreadId(09) docker_node: Low processing efficiency: 0.0% - system may need tuning
2025-11-07T04:07:03.780545Z  WARN ThreadId(09) docker_node: Low processing efficiency: 0.0% - system may need tuning
2025-11-07T04:07:08.780281Z  WARN ThreadId(02) docker_node: Low processing efficiency: 0.0% - system may need tuning
2025-11-07T04:07:13.780955Z  WARN ThreadId(02) docker_node: Low processing efficiency: 0.0% - system may need tuning
2025-11-07T04:07:18.780693Z  WARN ThreadId(02) docker_node: Low processing efficiency: 0.0% - system may need tuning
2025-11-07T04:07:23.780305Z  WARN ThreadId(09) docker_node: Low processing efficiency: 0.0% - system may need tuning
2025-11-07T04:07:28.780996Z  WARN ThreadId(02) docker_node: Low processing efficiency: 0.0% - system may need tuning
2025-11-07T04:07:33.780059Z  WARN ThreadId(02) docker_node: Low processing efficiency: 0.0% - system may need tuning
2025-11-07T04:07:38.780163Z  WARN ThreadId(09) docker_node: Low processing efficiency: 0.0% - system may need tuning
2025-11-07T04:07:43.780487Z  WARN ThreadId(09) docker_node: Low processing efficiency: 0.0% - system may need tuning
2025-11-07T04:07:48.780903Z  WARN ThreadId(09) docker_node: Low processing efficiency: 0.0% - system may need tuning
2025-11-07T04:07:53.780897Z  WARN ThreadId(09) docker_node: Low processing efficiency: 0.0% - system may need tuning
2025-11-07T04:07:58.780666Z  WARN ThreadId(09) docker_node: Low processing efficiency: 0.0% - system may need tuning
2025-11-07T04:08:03.780802Z  WARN ThreadId(05) docker_node: Low processing efficiency: 0.0% - system may need tuning
2025-11-07T04:08:08.780626Z  WARN ThreadId(09) docker_node: Low processing efficiency: 0.0% - system may need tuning
2025-11-07T04:08:13.780266Z  WARN ThreadId(09) docker_node: Low processing efficiency: 0.0% - system may need tuning
2025-11-07T04:08:18.780376Z  WARN ThreadId(09) docker_node: Low processing efficiency: 0.0% - system may need tuning
