2025-11-12T04:00:03.895140Z  WARN ThreadId(01) docker_node: metrics exporter disabled by SMROL_DISABLE_METRICS
2025-11-12T04:00:24.098239Z  WARN ThreadId(01) hotstuff_runner::tcp_node: Node 0 view timeout set to 4000 ms
2025-11-12T04:00:24.101369Z ERROR ThreadId(23) hotstuff_runner::pompe_network: Node 0 failed to connect to node 2: Connection refused (os error 111)
2025-11-12T04:00:24.101742Z ERROR ThreadId(23) hotstuff_runner::pompe_network: Node 0 failed to connect to node 3: Connection refused (os error 111)
2025-11-12T04:00:24.102105Z ERROR ThreadId(23) hotstuff_runner::pompe_network: Node 0 failed to connect to node 4: Connection refused (os error 111)
2025-11-12T04:00:24.102437Z ERROR ThreadId(23) hotstuff_runner::pompe_network: Node 0 failed to connect to node 5: Connection refused (os error 111)
2025-11-12T04:00:24.109779Z  WARN ThreadId(01) hotstuff_runner::smrol::sequencing: SMROL_MEDIAN_INFLIGHT=24, SMROL_ORDER_FINALIZE_INFLIGHT=4, SMROL_FINAL_SIGN_INFLIGHT=4, SMROL_FINAL_VERIFY_INFLIGHT=24
2025-11-12T04:00:24.109830Z  WARN ThreadId(01) hotstuff_runner::smrol::sequencing: [Sequencing] Node 0 multi-signature verification disabled: false
2025-11-12T04:00:24.109928Z  WARN ThreadId(09) hotstuff_runner::smrol::sequencing: [Sequencing] Node 0 final verify dispatcher started
2025-11-12T04:00:24.111035Z  WARN ThreadId(08) docker_node:   Connection reuse ineffective (2.0 msg/conn)
2025-11-12T04:00:29.111122Z  WARN ThreadId(02) docker_node:   Connection reuse ineffective (2.0 msg/conn)
2025-11-12T04:00:29.113562Z  WARN ThreadId(01) docker_node: Node 0 port 20000 temporarily unreachable: failed to lookup address information: Temporary failure in name resolution
2025-11-12T04:00:29.115318Z  WARN ThreadId(01) docker_node: Node 1 port 20001 temporarily unreachable: failed to lookup address information: Temporary failure in name resolution
2025-11-12T04:00:29.117156Z  WARN ThreadId(01) docker_node: Node 2 port 20002 temporarily unreachable: failed to lookup address information: Temporary failure in name resolution
2025-11-12T04:00:29.118938Z  WARN ThreadId(01) docker_node: Node 3 port 20003 temporarily unreachable: failed to lookup address information: Temporary failure in name resolution
2025-11-12T04:00:29.120722Z  WARN ThreadId(01) docker_node: Node 4 port 20004 temporarily unreachable: failed to lookup address information: Temporary failure in name resolution
2025-11-12T04:00:29.122668Z  WARN ThreadId(01) docker_node: Node 5 port 20005 temporarily unreachable: failed to lookup address information: Temporary failure in name resolution
2025-11-12T04:00:29.124447Z  WARN ThreadId(01) docker_node: Node 6 port 20006 temporarily unreachable: failed to lookup address information: Temporary failure in name resolution
2025-11-12T04:00:29.126111Z  WARN ThreadId(01) docker_node: Node 7 port 20007 temporarily unreachable: failed to lookup address information: Temporary failure in name resolution
2025-11-12T04:00:29.127885Z  WARN ThreadId(01) docker_node: Node 8 port 20008 temporarily unreachable: failed to lookup address information: Temporary failure in name resolution
2025-11-12T04:00:29.129793Z  WARN ThreadId(01) docker_node: Node 9 port 20009 temporarily unreachable: failed to lookup address information: Temporary failure in name resolution
2025-11-12T04:00:29.131542Z  WARN ThreadId(01) docker_node: Node 10 port 20010 temporarily unreachable: failed to lookup address information: Temporary failure in name resolution
2025-11-12T04:00:29.133580Z  WARN ThreadId(01) docker_node: Node 11 port 20011 temporarily unreachable: failed to lookup address information: Temporary failure in name resolution
2025-11-12T04:00:29.135268Z  WARN ThreadId(01) docker_node: Node 12 port 20012 temporarily unreachable: failed to lookup address information: Temporary failure in name resolution
2025-11-12T04:00:29.137140Z  WARN ThreadId(01) docker_node: Node 13 port 20013 temporarily unreachable: failed to lookup address information: Temporary failure in name resolution
2025-11-12T04:00:29.139178Z  WARN ThreadId(01) docker_node: Node 14 port 20014 temporarily unreachable: failed to lookup address information: Temporary failure in name resolution
2025-11-12T04:00:29.141169Z  WARN ThreadId(01) docker_node: Node 15 port 20015 temporarily unreachable: failed to lookup address information: Temporary failure in name resolution
2025-11-12T04:00:29.142859Z  WARN ThreadId(01) docker_node: Node 16 port 20016 temporarily unreachable: failed to lookup address information: Temporary failure in name resolution
2025-11-12T04:00:29.144495Z  WARN ThreadId(01) docker_node: Node 17 port 20017 temporarily unreachable: failed to lookup address information: Temporary failure in name resolution
2025-11-12T04:00:29.146437Z  WARN ThreadId(01) docker_node: Node 18 port 20018 temporarily unreachable: failed to lookup address information: Temporary failure in name resolution
2025-11-12T04:00:29.148192Z  WARN ThreadId(01) docker_node: Node 19 port 20019 temporarily unreachable: failed to lookup address information: Temporary failure in name resolution
2025-11-12T04:00:29.149932Z  WARN ThreadId(01) docker_node: Node 20 port 20020 temporarily unreachable: failed to lookup address information: Temporary failure in name resolution
2025-11-12T04:00:29.151625Z  WARN ThreadId(01) docker_node: Node 21 port 20021 temporarily unreachable: failed to lookup address information: Temporary failure in name resolution
2025-11-12T04:00:29.153279Z  WARN ThreadId(01) docker_node: Node 22 port 20022 temporarily unreachable: failed to lookup address information: Temporary failure in name resolution
2025-11-12T04:00:29.154879Z  WARN ThreadId(01) docker_node: Node 23 port 20023 temporarily unreachable: failed to lookup address information: Temporary failure in name resolution
2025-11-12T04:00:29.156613Z  WARN ThreadId(01) docker_node: Node 24 port 20024 temporarily unreachable: failed to lookup address information: Temporary failure in name resolution
2025-11-12T04:00:29.158207Z  WARN ThreadId(01) docker_node: Node 25 port 20025 temporarily unreachable: failed to lookup address information: Temporary failure in name resolution
2025-11-12T04:00:29.159986Z  WARN ThreadId(01) docker_node: Node 26 port 20026 temporarily unreachable: failed to lookup address information: Temporary failure in name resolution
2025-11-12T04:00:29.162263Z  WARN ThreadId(01) docker_node: Node 27 port 20027 temporarily unreachable: failed to lookup address information: Temporary failure in name resolution
2025-11-12T04:00:29.164016Z  WARN ThreadId(01) docker_node: Node 28 port 20028 temporarily unreachable: failed to lookup address information: Temporary failure in name resolution
2025-11-12T04:00:29.165819Z  WARN ThreadId(01) docker_node: Node 29 port 20029 temporarily unreachable: failed to lookup address information: Temporary failure in name resolution
2025-11-12T04:00:29.167735Z  WARN ThreadId(01) docker_node: Node 30 port 20030 temporarily unreachable: failed to lookup address information: Temporary failure in name resolution
2025-11-12T04:00:29.169548Z  WARN ThreadId(01) docker_node: Node 31 port 20031 temporarily unreachable: failed to lookup address information: Temporary failure in name resolution
2025-11-12T04:00:33.028906Z  WARN ThreadId(21) hotstuff_runner::tcp_node: Node 0 view 4 timed out; latency may accumulate
2025-11-12T04:00:34.110785Z  WARN ThreadId(02) docker_node:   Connection reuse ineffective (2.0 msg/conn)
2025-11-12T04:00:37.029837Z  WARN ThreadId(21) hotstuff_runner::tcp_node: Node 0 view 5 timed out; latency may accumulate
2025-11-12T04:00:37.038063Z  WARN ThreadId(20) hotstuff_rs::block_tree::invariants: SAFE_PC_FAIL: pc.block=[137, 28, 43, 199, 165, 5, 150, 113, 210, 163, 6, 181, 93, 216, 186, 206, 110, 175, 160, 162, 148, 243, 160, 180, 246, 83, 81, 44, 151, 6, 114, 246] view=1 phase=Generic | cond1(chain_id/genesis)=true (pc.chain_id=0, my.chain_id=0) | cond2(block_exists/genesis)=true (exists=true) | cond3(view>locked || extends)=false (pc.view=1, locked.view=2, extends=false) | cond4(phase/updates)=true (phase_special=false, has_updates=false) | highest_pc.block=[6, 234, 27, 137, 121, 159, 208, 162, 12, 249, 82, 171, 51, 189, 197, 252, 238, 250, 142, 159, 30, 211, 206, 166, 151, 136, 97, 160, 7, 146, 121, 144] highest_pc.view=3 locked.block=[87, 132, 206, 0, 127, 201, 148, 183, 58, 99, 129, 52, 37, 113, 60, 58, 22, 64, 91, 206, 190, 146, 240, 68, 28, 245, 144, 142, 202, 124, 160, 23] locked.view=2    
2025-11-12T04:00:37.038107Z  WARN ThreadId(20) hotstuff_rs::block_tree::invariants: SAFE_BLOCK_FAIL: block=[136, 17, 157, 114, 121, 169, 98, 148, 239, 55, 12, 118, 87, 154, 94, 68, 51, 115, 135, 241, 136, 200, 29, 199, 58, 37, 93, 227, 44, 23, 235, 85] height=None | cond1(safe_pc)=false | cond2(is_block_justify)=true (justify.phase=Generic) | justify.block=[137, 28, 43, 199, 165, 5, 150, 113, 210, 163, 6, 181, 93, 216, 186, 206, 110, 175, 160, 162, 148, 243, 160, 180, 246, 83, 81, 44, 151, 6, 114, 246] justify.view=1 | highest_pc.block=[6, 234, 27, 137, 121, 159, 208, 162, 12, 249, 82, 171, 51, 189, 197, 252, 238, 250, 142, 159, 30, 211, 206, 166, 151, 136, 97, 160, 7, 146, 121, 144] highest_pc.view=3 | locked.block=[87, 132, 206, 0, 127, 201, 148, 183, 58, 99, 129, 52, 37, 113, 60, 58, 22, 64, 91, 206, 190, 146, 240, 68, 28, 245, 144, 142, 202, 124, 160, 23] locked.view=2    
2025-11-12T04:00:39.111187Z  WARN ThreadId(02) docker_node:   Connection reuse ineffective (2.0 msg/conn)
2025-11-12T04:00:41.030656Z  WARN ThreadId(21) hotstuff_runner::tcp_node: Node 0 view 6 timed out; latency may accumulate
2025-11-12T04:00:44.111734Z  WARN ThreadId(02) docker_node:   Connection reuse ineffective (2.0 msg/conn)
2025-11-12T04:00:45.835491Z  WARN ThreadId(21) hotstuff_runner::tcp_node: Node 0 view 10 timed out; latency may accumulate
2025-11-12T04:00:49.111351Z  WARN ThreadId(02) docker_node:   Connection reuse ineffective (2.0 msg/conn)
2025-11-12T04:00:51.490549Z  WARN ThreadId(20) hotstuff_runner::app: Node 0 [produce_block] queue size: 0, attempting up to 0 transactions this block    
2025-11-12T04:00:53.554164Z  WARN ThreadId(02) hotstuff_runner::pompe: ⚡ [Timed Output] Node 0 flushed 21061 transactions
2025-11-12T04:00:54.046087Z  WARN ThreadId(04) hotstuff_runner::pompe: ⚡ [Timed Output] Node 0 flushed 7898 transactions
2025-11-12T04:00:54.111295Z  WARN ThreadId(02) docker_node:   Connection reuse ineffective (7.0 msg/conn)
2025-11-12T04:00:54.170218Z  WARN ThreadId(08) docker_node: Node 0 Regular transaction queue backlog: 28959 transactions
2025-11-12T04:00:54.551952Z  WARN ThreadId(08) hotstuff_runner::pompe: ⚡ [Timed Output] Node 0 flushed 14041 transactions
2025-11-12T04:00:55.704873Z  WARN ThreadId(02) hotstuff_runner::pompe: ⚡ [Timed Output] Node 0 flushed 7020 transactions
2025-11-12T04:00:56.205688Z  WARN ThreadId(08) hotstuff_runner::pompe: ⚡ [Timed Output] Node 0 flushed 2633 transactions
2025-11-12T04:00:56.462753Z  WARN ThreadId(21) hotstuff_runner::tcp_node: Node 0 view 25 timed out; latency may accumulate
2025-11-12T04:00:56.706924Z  WARN ThreadId(02) hotstuff_runner::pompe: ⚡ [Timed Output] Node 0 flushed 5265 transactions
2025-11-12T04:00:57.209646Z  WARN ThreadId(08) hotstuff_runner::pompe: ⚡ [Timed Output] Node 0 flushed 7021 transactions
2025-11-12T04:00:57.709778Z  WARN ThreadId(02) hotstuff_runner::pompe: ⚡ [Timed Output] Node 0 flushed 3510 transactions
2025-11-12T04:00:58.213941Z  WARN ThreadId(08) hotstuff_runner::pompe: ⚡ [Timed Output] Node 0 flushed 13163 transactions
2025-11-12T04:00:58.713995Z  WARN ThreadId(04) hotstuff_runner::pompe: ⚡ [Timed Output] Node 0 flushed 10530 transactions
2025-11-12T04:00:59.111342Z  WARN ThreadId(02) docker_node: HotStuff processing bottleneck detected:
2025-11-12T04:00:59.111367Z  WARN ThreadId(02) docker_node:    - HotStuff queue backlog: 28959 transactions
2025-11-12T04:00:59.111380Z  WARN ThreadId(02) docker_node:    - Confirmation TPS (0.0) much lower than submission TPS (0.2)
2025-11-12T04:00:59.111390Z  WARN ThreadId(02) docker_node:    - Possible cause: HotStuff consensus network delay or block size limitation
2025-11-12T04:00:59.111407Z  WARN ThreadId(02) docker_node:   Connection reuse ineffective (9.4 msg/conn)
2025-11-12T04:00:59.170580Z  WARN ThreadId(02) docker_node: Node 0 Regular transaction queue backlog: 92142 transactions
2025-11-12T04:00:59.220740Z  WARN ThreadId(04) hotstuff_runner::pompe: ⚡ [Timed Output] Node 0 flushed 18429 transactions
2025-11-12T04:01:00.315766Z  WARN ThreadId(08) hotstuff_runner::pompe: ⚡ [Timed Output] Node 0 flushed 7898 transactions
2025-11-12T04:01:04.111306Z  WARN ThreadId(02) docker_node: HotStuff processing bottleneck detected:
2025-11-12T04:01:04.111331Z  WARN ThreadId(02) docker_node:    - HotStuff queue backlog: 92142 transactions
2025-11-12T04:01:04.111337Z  WARN ThreadId(02) docker_node:    - Confirmation TPS (0.0) much lower than submission TPS (0.1)
2025-11-12T04:01:04.111342Z  WARN ThreadId(02) docker_node:    - Possible cause: HotStuff consensus network delay or block size limitation
2025-11-12T04:01:04.111350Z  WARN ThreadId(02) docker_node:   Connection reuse ineffective (9.7 msg/conn)
2025-11-12T04:01:04.170553Z  WARN ThreadId(02) docker_node: Node 0 Regular transaction queue backlog: 122857 transactions
2025-11-12T04:01:09.110914Z  WARN ThreadId(04) docker_node:   Connection reuse ineffective (9.7 msg/conn)
2025-11-12T04:01:09.170096Z  WARN ThreadId(04) docker_node: Node 0 Regular transaction queue backlog: 122857 transactions
2025-11-12T04:01:14.111234Z  WARN ThreadId(02) docker_node:   Connection reuse ineffective (9.7 msg/conn)
2025-11-12T04:01:14.170466Z  WARN ThreadId(02) docker_node: Node 0 Regular transaction queue backlog: 122857 transactions
2025-11-12T04:01:15.468385Z  WARN ThreadId(20) hotstuff_rs::block_tree::invariants: SAFE_PC_FAIL: pc.block=[208, 140, 249, 58, 143, 119, 40, 67, 222, 249, 151, 144, 57, 48, 186, 52, 51, 148, 222, 26, 196, 184, 9, 210, 34, 72, 112, 145, 161, 62, 104, 128] view=24 phase=Generic | cond1(chain_id/genesis)=true (pc.chain_id=0, my.chain_id=0) | cond2(block_exists/genesis)=true (exists=true) | cond3(view>locked || extends)=false (pc.view=24, locked.view=32, extends=false) | cond4(phase/updates)=true (phase_special=false, has_updates=false) | highest_pc.block=[115, 59, 129, 19, 148, 34, 164, 150, 11, 26, 245, 194, 230, 123, 162, 166, 197, 142, 85, 144, 231, 42, 97, 160, 121, 227, 66, 192, 173, 199, 24, 204] highest_pc.view=33 locked.block=[237, 202, 48, 226, 14, 87, 237, 209, 236, 233, 199, 96, 156, 121, 64, 148, 83, 92, 161, 119, 32, 78, 9, 158, 71, 130, 195, 112, 197, 226, 110, 76] locked.view=32    
2025-11-12T04:01:15.468418Z  WARN ThreadId(20) hotstuff_rs::block_tree::invariants: SAFE_BLOCK_FAIL: block=[198, 228, 106, 29, 52, 29, 213, 159, 16, 41, 233, 95, 30, 200, 113, 222, 162, 180, 152, 138, 50, 232, 153, 82, 192, 89, 141, 208, 182, 52, 43, 252] height=None | cond1(safe_pc)=false | cond2(is_block_justify)=true (justify.phase=Generic) | justify.block=[208, 140, 249, 58, 143, 119, 40, 67, 222, 249, 151, 144, 57, 48, 186, 52, 51, 148, 222, 26, 196, 184, 9, 210, 34, 72, 112, 145, 161, 62, 104, 128] justify.view=24 | highest_pc.block=[115, 59, 129, 19, 148, 34, 164, 150, 11, 26, 245, 194, 230, 123, 162, 166, 197, 142, 85, 144, 231, 42, 97, 160, 121, 227, 66, 192, 173, 199, 24, 204] highest_pc.view=33 | locked.block=[237, 202, 48, 226, 14, 87, 237, 209, 236, 233, 199, 96, 156, 121, 64, 148, 83, 92, 161, 119, 32, 78, 9, 158, 71, 130, 195, 112, 197, 226, 110, 76] locked.view=32    
2025-11-12T04:01:19.111200Z  WARN ThreadId(02) docker_node:   Connection reuse ineffective (9.7 msg/conn)
2025-11-12T04:01:19.170427Z  WARN ThreadId(02) docker_node: Node 0 Regular transaction queue backlog: 122857 transactions
2025-11-12T04:01:22.529154Z  WARN ThreadId(21) hotstuff_runner::tcp_node: Node 0 view 36 timed out; latency may accumulate
2025-11-12T04:01:24.111704Z  WARN ThreadId(02) docker_node:   Connection reuse ineffective (9.7 msg/conn)
2025-11-12T04:01:24.169886Z  WARN ThreadId(08) docker_node: Node 0 Regular transaction queue backlog: 122857 transactions
2025-11-12T04:01:25.705473Z  WARN ThreadId(20) hotstuff_rs::block_tree::invariants: SAFE_PC_FAIL: pc.block=[26, 165, 102, 244, 208, 209, 201, 86, 169, 239, 170, 13, 222, 221, 65, 153, 67, 236, 229, 168, 233, 11, 246, 71, 117, 74, 138, 45, 77, 54, 234, 83] view=26 phase=Generic | cond1(chain_id/genesis)=true (pc.chain_id=0, my.chain_id=0) | cond2(block_exists/genesis)=true (exists=true) | cond3(view>locked || extends)=false (pc.view=26, locked.view=32, extends=false) | cond4(phase/updates)=true (phase_special=false, has_updates=false) | highest_pc.block=[115, 59, 129, 19, 148, 34, 164, 150, 11, 26, 245, 194, 230, 123, 162, 166, 197, 142, 85, 144, 231, 42, 97, 160, 121, 227, 66, 192, 173, 199, 24, 204] highest_pc.view=33 locked.block=[237, 202, 48, 226, 14, 87, 237, 209, 236, 233, 199, 96, 156, 121, 64, 148, 83, 92, 161, 119, 32, 78, 9, 158, 71, 130, 195, 112, 197, 226, 110, 76] locked.view=32    
2025-11-12T04:01:25.705527Z  WARN ThreadId(20) hotstuff_rs::block_tree::invariants: SAFE_BLOCK_FAIL: block=[165, 214, 101, 60, 26, 217, 33, 171, 232, 58, 195, 244, 127, 148, 247, 248, 196, 44, 181, 23, 12, 15, 3, 173, 153, 187, 252, 132, 53, 121, 101, 89] height=None | cond1(safe_pc)=false | cond2(is_block_justify)=true (justify.phase=Generic) | justify.block=[26, 165, 102, 244, 208, 209, 201, 86, 169, 239, 170, 13, 222, 221, 65, 153, 67, 236, 229, 168, 233, 11, 246, 71, 117, 74, 138, 45, 77, 54, 234, 83] justify.view=26 | highest_pc.block=[115, 59, 129, 19, 148, 34, 164, 150, 11, 26, 245, 194, 230, 123, 162, 166, 197, 142, 85, 144, 231, 42, 97, 160, 121, 227, 66, 192, 173, 199, 24, 204] highest_pc.view=33 | locked.block=[237, 202, 48, 226, 14, 87, 237, 209, 236, 233, 199, 96, 156, 121, 64, 148, 83, 92, 161, 119, 32, 78, 9, 158, 71, 130, 195, 112, 197, 226, 110, 76] locked.view=32    
2025-11-12T04:01:26.529905Z  WARN ThreadId(21) hotstuff_runner::tcp_node: Node 0 view 37 timed out; latency may accumulate
2025-11-12T04:01:29.111637Z  WARN ThreadId(08) docker_node:   Connection reuse ineffective (9.7 msg/conn)
2025-11-12T04:01:29.169857Z  WARN ThreadId(08) docker_node: Node 0 Regular transaction queue backlog: 122857 transactions
2025-11-12T04:01:34.110827Z  WARN ThreadId(08) docker_node:   Connection reuse ineffective (9.7 msg/conn)
2025-11-12T04:01:34.170065Z  WARN ThreadId(08) docker_node: Node 0 Regular transaction queue backlog: 122857 transactions
2025-11-12T04:01:35.285883Z  WARN ThreadId(20) hotstuff_rs::block_tree::invariants: SAFE_PC_FAIL: pc.block=[208, 140, 249, 58, 143, 119, 40, 67, 222, 249, 151, 144, 57, 48, 186, 52, 51, 148, 222, 26, 196, 184, 9, 210, 34, 72, 112, 145, 161, 62, 104, 128] view=24 phase=Generic | cond1(chain_id/genesis)=true (pc.chain_id=0, my.chain_id=0) | cond2(block_exists/genesis)=true (exists=true) | cond3(view>locked || extends)=false (pc.view=24, locked.view=32, extends=false) | cond4(phase/updates)=true (phase_special=false, has_updates=false) | highest_pc.block=[115, 59, 129, 19, 148, 34, 164, 150, 11, 26, 245, 194, 230, 123, 162, 166, 197, 142, 85, 144, 231, 42, 97, 160, 121, 227, 66, 192, 173, 199, 24, 204] highest_pc.view=33 locked.block=[237, 202, 48, 226, 14, 87, 237, 209, 236, 233, 199, 96, 156, 121, 64, 148, 83, 92, 161, 119, 32, 78, 9, 158, 71, 130, 195, 112, 197, 226, 110, 76] locked.view=32    
2025-11-12T04:01:35.285915Z  WARN ThreadId(20) hotstuff_rs::block_tree::invariants: SAFE_BLOCK_FAIL: block=[213, 75, 60, 74, 170, 102, 120, 78, 15, 14, 198, 219, 177, 138, 220, 228, 143, 51, 116, 27, 243, 150, 114, 169, 238, 201, 19, 7, 95, 132, 26, 93] height=None | cond1(safe_pc)=false | cond2(is_block_justify)=true (justify.phase=Generic) | justify.block=[208, 140, 249, 58, 143, 119, 40, 67, 222, 249, 151, 144, 57, 48, 186, 52, 51, 148, 222, 26, 196, 184, 9, 210, 34, 72, 112, 145, 161, 62, 104, 128] justify.view=24 | highest_pc.block=[115, 59, 129, 19, 148, 34, 164, 150, 11, 26, 245, 194, 230, 123, 162, 166, 197, 142, 85, 144, 231, 42, 97, 160, 121, 227, 66, 192, 173, 199, 24, 204] highest_pc.view=33 | locked.block=[237, 202, 48, 226, 14, 87, 237, 209, 236, 233, 199, 96, 156, 121, 64, 148, 83, 92, 161, 119, 32, 78, 9, 158, 71, 130, 195, 112, 197, 226, 110, 76] locked.view=32    
2025-11-12T04:01:39.111141Z  WARN ThreadId(08) docker_node:   Connection reuse ineffective (9.7 msg/conn)
2025-11-12T04:01:39.170342Z  WARN ThreadId(08) docker_node: Node 0 Regular transaction queue backlog: 122857 transactions
2025-11-12T04:01:42.532632Z  WARN ThreadId(21) hotstuff_runner::tcp_node: Node 0 view 41 timed out; latency may accumulate
2025-11-12T04:01:43.534303Z  WARN ThreadId(20) hotstuff_rs::block_tree::invariants: SAFE_PC_FAIL: pc.block=[208, 140, 249, 58, 143, 119, 40, 67, 222, 249, 151, 144, 57, 48, 186, 52, 51, 148, 222, 26, 196, 184, 9, 210, 34, 72, 112, 145, 161, 62, 104, 128] view=24 phase=Generic | cond1(chain_id/genesis)=true (pc.chain_id=0, my.chain_id=0) | cond2(block_exists/genesis)=true (exists=true) | cond3(view>locked || extends)=false (pc.view=24, locked.view=32, extends=false) | cond4(phase/updates)=true (phase_special=false, has_updates=false) | highest_pc.block=[115, 59, 129, 19, 148, 34, 164, 150, 11, 26, 245, 194, 230, 123, 162, 166, 197, 142, 85, 144, 231, 42, 97, 160, 121, 227, 66, 192, 173, 199, 24, 204] highest_pc.view=33 locked.block=[237, 202, 48, 226, 14, 87, 237, 209, 236, 233, 199, 96, 156, 121, 64, 148, 83, 92, 161, 119, 32, 78, 9, 158, 71, 130, 195, 112, 197, 226, 110, 76] locked.view=32    
2025-11-12T04:01:43.534334Z  WARN ThreadId(20) hotstuff_rs::block_tree::invariants: SAFE_BLOCK_FAIL: block=[156, 245, 153, 52, 124, 207, 132, 119, 153, 139, 183, 50, 60, 93, 163, 239, 135, 117, 248, 63, 180, 136, 218, 121, 240, 136, 56, 21, 150, 67, 45, 248] height=None | cond1(safe_pc)=false | cond2(is_block_justify)=true (justify.phase=Generic) | justify.block=[208, 140, 249, 58, 143, 119, 40, 67, 222, 249, 151, 144, 57, 48, 186, 52, 51, 148, 222, 26, 196, 184, 9, 210, 34, 72, 112, 145, 161, 62, 104, 128] justify.view=24 | highest_pc.block=[115, 59, 129, 19, 148, 34, 164, 150, 11, 26, 245, 194, 230, 123, 162, 166, 197, 142, 85, 144, 231, 42, 97, 160, 121, 227, 66, 192, 173, 199, 24, 204] highest_pc.view=33 | locked.block=[237, 202, 48, 226, 14, 87, 237, 209, 236, 233, 199, 96, 156, 121, 64, 148, 83, 92, 161, 119, 32, 78, 9, 158, 71, 130, 195, 112, 197, 226, 110, 76] locked.view=32    
2025-11-12T04:01:44.110947Z  WARN ThreadId(08) docker_node:   Connection reuse ineffective (9.7 msg/conn)
2025-11-12T04:01:44.170157Z  WARN ThreadId(08) docker_node: Node 0 Regular transaction queue backlog: 122857 transactions
2025-11-12T04:01:46.533464Z  WARN ThreadId(21) hotstuff_runner::tcp_node: Node 0 view 42 timed out; latency may accumulate
2025-11-12T04:01:49.112807Z  WARN ThreadId(08) docker_node:   Connection reuse ineffective (9.7 msg/conn)
2025-11-12T04:01:49.169964Z  WARN ThreadId(08) docker_node: Node 0 Regular transaction queue backlog: 122857 transactions
2025-11-12T04:01:54.111697Z  WARN ThreadId(08) docker_node:   Connection reuse ineffective (9.7 msg/conn)
2025-11-12T04:01:54.169880Z  WARN ThreadId(02) docker_node: Node 0 Regular transaction queue backlog: 122857 transactions
2025-11-12T04:01:54.535018Z  WARN ThreadId(21) hotstuff_runner::tcp_node: Node 0 view 44 timed out; latency may accumulate
2025-11-12T04:01:58.535866Z  WARN ThreadId(21) hotstuff_runner::tcp_node: Node 0 view 45 timed out; latency may accumulate
2025-11-12T04:01:59.111242Z  WARN ThreadId(02) docker_node:   Connection reuse ineffective (9.7 msg/conn)
2025-11-12T04:01:59.170477Z  WARN ThreadId(02) docker_node: Node 0 Regular transaction queue backlog: 122857 transactions
2025-11-12T04:02:02.536698Z  WARN ThreadId(21) hotstuff_runner::tcp_node: Node 0 view 46 timed out; latency may accumulate
2025-11-12T04:02:04.111209Z  WARN ThreadId(02) docker_node:   Connection reuse ineffective (9.7 msg/conn)
2025-11-12T04:02:04.170422Z  WARN ThreadId(02) docker_node: Node 0 Regular transaction queue backlog: 122857 transactions
2025-11-12T04:02:09.111383Z  WARN ThreadId(02) docker_node:   Connection reuse ineffective (9.7 msg/conn)
2025-11-12T04:02:09.170609Z  WARN ThreadId(02) docker_node: Node 0 Regular transaction queue backlog: 122857 transactions
2025-11-12T04:02:09.710832Z  WARN ThreadId(20) hotstuff_rs::block_tree::invariants: SAFE_PC_FAIL: pc.block=[26, 165, 102, 244, 208, 209, 201, 86, 169, 239, 170, 13, 222, 221, 65, 153, 67, 236, 229, 168, 233, 11, 246, 71, 117, 74, 138, 45, 77, 54, 234, 83] view=26 phase=Generic | cond1(chain_id/genesis)=true (pc.chain_id=0, my.chain_id=0) | cond2(block_exists/genesis)=true (exists=true) | cond3(view>locked || extends)=false (pc.view=26, locked.view=32, extends=false) | cond4(phase/updates)=true (phase_special=false, has_updates=false) | highest_pc.block=[115, 59, 129, 19, 148, 34, 164, 150, 11, 26, 245, 194, 230, 123, 162, 166, 197, 142, 85, 144, 231, 42, 97, 160, 121, 227, 66, 192, 173, 199, 24, 204] highest_pc.view=33 locked.block=[237, 202, 48, 226, 14, 87, 237, 209, 236, 233, 199, 96, 156, 121, 64, 148, 83, 92, 161, 119, 32, 78, 9, 158, 71, 130, 195, 112, 197, 226, 110, 76] locked.view=32    
2025-11-12T04:02:09.710875Z  WARN ThreadId(20) hotstuff_rs::block_tree::invariants: SAFE_BLOCK_FAIL: block=[35, 221, 186, 168, 177, 136, 118, 155, 113, 205, 131, 225, 74, 203, 117, 76, 58, 203, 49, 82, 149, 59, 14, 89, 113, 49, 11, 55, 239, 93, 205, 142] height=None | cond1(safe_pc)=false | cond2(is_block_justify)=true (justify.phase=Generic) | justify.block=[26, 165, 102, 244, 208, 209, 201, 86, 169, 239, 170, 13, 222, 221, 65, 153, 67, 236, 229, 168, 233, 11, 246, 71, 117, 74, 138, 45, 77, 54, 234, 83] justify.view=26 | highest_pc.block=[115, 59, 129, 19, 148, 34, 164, 150, 11, 26, 245, 194, 230, 123, 162, 166, 197, 142, 85, 144, 231, 42, 97, 160, 121, 227, 66, 192, 173, 199, 24, 204] highest_pc.view=33 | locked.block=[237, 202, 48, 226, 14, 87, 237, 209, 236, 233, 199, 96, 156, 121, 64, 148, 83, 92, 161, 119, 32, 78, 9, 158, 71, 130, 195, 112, 197, 226, 110, 76] locked.view=32    
2025-11-12T04:02:14.111202Z  WARN ThreadId(02) docker_node:   Connection reuse ineffective (9.7 msg/conn)
2025-11-12T04:02:14.170406Z  WARN ThreadId(02) docker_node: Node 0 Regular transaction queue backlog: 122857 transactions
2025-11-12T04:02:18.542879Z  WARN ThreadId(21) hotstuff_runner::tcp_node: Node 0 view 50 timed out; latency may accumulate
2025-11-12T04:02:19.111738Z  WARN ThreadId(02) docker_node:   Connection reuse ineffective (9.7 msg/conn)
2025-11-12T04:02:19.169949Z  WARN ThreadId(02) docker_node: Node 0 Regular transaction queue backlog: 122857 transactions
