2025-11-04T05:45:44.300284Z  WARN ThreadId(01) hotstuff_runner::telemetry: Prometheus metrics exporter started ✅ listen_addr=0.0.0.0:9900
2025-11-04T05:45:44.300342Z  WARN ThreadId(01) hotstuff_runner::telemetry: ✅ wrote smrol.node_up=1 (boot) node_id=0
2025-11-04T05:45:59.502176Z  WARN ThreadId(01) hotstuff_runner::tcp_node: Node 0 view timeout set to 2000 ms
2025-11-04T05:45:59.503560Z ERROR ThreadId(11) hotstuff_runner::pompe_network: Node 0 failed to connect to node 2: Connection refused (os error 111)
2025-11-04T05:45:59.504763Z  WARN ThreadId(01) hotstuff_runner::smrol::sequencing: SMROL_MEDIAN_INFLIGHT=24, SMROL_ORDER_FINALIZE_INFLIGHT=4, SMROL_FINAL_SIGN_INFLIGHT=4, SMROL_FINAL_VERIFY_INFLIGHT=24
2025-11-04T05:45:59.504805Z  WARN ThreadId(01) hotstuff_runner::smrol::sequencing: [Sequencing] Node 0 multi-signature verification disabled: false
2025-11-04T05:45:59.504884Z  WARN ThreadId(02) hotstuff_runner::smrol::sequencing: [Sequencing] Node 0 final verify dispatcher started
2025-11-04T05:45:59.506032Z  WARN ThreadId(03) docker_node:   Connection reuse ineffective (2.0 msg/conn)
2025-11-04T05:46:01.502728Z  WARN ThreadId(09) hotstuff_runner::tcp_node: Node 0 view 0 timed out; latency may accumulate
2025-11-04T05:46:04.505963Z  WARN ThreadId(03) docker_node:   Connection reuse ineffective (2.0 msg/conn)
2025-11-04T05:46:04.508235Z  WARN ThreadId(01) docker_node: Node 0 port 20000 temporarily unreachable: failed to lookup address information: Temporary failure in name resolution
2025-11-04T05:46:04.510150Z  WARN ThreadId(01) docker_node: Node 1 port 20001 temporarily unreachable: failed to lookup address information: Temporary failure in name resolution
2025-11-04T05:46:04.512004Z  WARN ThreadId(01) docker_node: Node 2 port 20002 temporarily unreachable: failed to lookup address information: Temporary failure in name resolution
2025-11-04T05:46:04.513566Z  WARN ThreadId(01) docker_node: Node 3 port 20003 temporarily unreachable: failed to lookup address information: Temporary failure in name resolution
2025-11-04T05:46:09.506450Z  WARN ThreadId(03) docker_node:   Connection reuse ineffective (2.0 msg/conn)
2025-11-04T05:46:14.506015Z  WARN ThreadId(03) docker_node:   Connection reuse ineffective (2.0 msg/conn)
2025-11-04T05:46:19.506768Z  WARN ThreadId(03) docker_node:   Connection reuse ineffective (2.0 msg/conn)
2025-11-04T05:46:23.159762Z  WARN ThreadId(09) hotstuff_runner::tcp_node: Detected transaction backlog: submit rate (2000.0) > confirm rate (0.0)
2025-11-04T05:46:23.238997Z  WARN ThreadId(09) hotstuff_runner::tcp_node: Detected transaction backlog: submit rate (480.8) > confirm rate (0.0)
2025-11-04T05:46:23.297126Z  WARN ThreadId(09) hotstuff_runner::tcp_node: Detected transaction backlog: submit rate (306.7) > confirm rate (0.0)
2025-11-04T05:46:23.356881Z  WARN ThreadId(09) hotstuff_runner::tcp_node: Detected transaction backlog: submit rate (225.2) > confirm rate (0.0)
2025-11-04T05:46:23.437918Z  WARN ThreadId(09) hotstuff_runner::tcp_node: Detected transaction backlog: submit rate (330.0) > confirm rate (0.0)
2025-11-04T05:46:23.496798Z  WARN ThreadId(09) hotstuff_runner::tcp_node: Detected transaction backlog: submit rate (276.2) > confirm rate (0.0)
2025-11-04T05:46:23.562566Z  WARN ThreadId(09) hotstuff_runner::tcp_node: Detected transaction backlog: submit rate (233.6) > confirm rate (0.0)
2025-11-04T05:46:23.627341Z  WARN ThreadId(09) hotstuff_runner::tcp_node: Detected transaction backlog: submit rate (304.3) > confirm rate (0.0)
2025-11-04T05:46:23.699745Z  WARN ThreadId(09) hotstuff_runner::tcp_node: Detected transaction backlog: submit rate (265.5) > confirm rate (0.0)
2025-11-04T05:46:23.768560Z  WARN ThreadId(09) hotstuff_runner::tcp_node: Detected transaction backlog: submit rate (315.5) > confirm rate (0.0)
2025-11-04T05:46:24.506141Z  WARN ThreadId(03) docker_node: Low processing efficiency: 0.0% - system may need tuning
2025-11-04T05:46:29.506075Z  WARN ThreadId(02) hotstuff_runner::pompe: 🧹 [Cleanup] Node 0 cleared 6400 orphaned ordering1 states
2025-11-04T05:46:29.506117Z  WARN ThreadId(02) docker_node: Low processing efficiency: 0.0% - system may need tuning
2025-11-04T05:46:34.505954Z  WARN ThreadId(02) docker_node: Low processing efficiency: 0.0% - system may need tuning
2025-11-04T05:46:36.168652Z  WARN ThreadId(09) hotstuff_runner::tcp_node: Node 0 view 5630 timed out; latency may accumulate
2025-11-04T05:46:36.172214Z  WARN ThreadId(08) hotstuff_rs::block_tree::invariants: SAFE_PC_FAIL: pc.block=[0, 186, 54, 181, 217, 247, 3, 23, 118, 174, 201, 231, 14, 189, 5, 105, 188, 134, 11, 99, 22, 232, 234, 214, 148, 47, 163, 198, 157, 18, 168, 11] view=5626 phase=Generic | cond1(chain_id/genesis)=true (pc.chain_id=0, my.chain_id=0) | cond2(block_exists/genesis)=true (exists=true) | cond3(view>locked || extends)=false (pc.view=5626, locked.view=5628, extends=false) | cond4(phase/updates)=true (phase_special=false, has_updates=false) | highest_pc.block=[116, 163, 252, 228, 6, 185, 38, 127, 103, 254, 102, 245, 19, 231, 150, 55, 149, 47, 6, 172, 91, 200, 112, 100, 221, 186, 145, 255, 36, 18, 134, 173] highest_pc.view=5629 locked.block=[236, 44, 166, 207, 38, 197, 182, 24, 169, 220, 236, 95, 36, 68, 197, 45, 235, 175, 179, 73, 212, 247, 63, 59, 22, 149, 213, 100, 8, 199, 17, 140] locked.view=5628    
2025-11-04T05:46:36.172261Z  WARN ThreadId(08) hotstuff_rs::block_tree::invariants: SAFE_BLOCK_FAIL: block=[90, 50, 196, 168, 182, 29, 43, 224, 148, 58, 56, 150, 33, 112, 219, 110, 95, 190, 70, 252, 200, 235, 72, 119, 26, 177, 160, 179, 221, 184, 33, 202] height=None | cond1(safe_pc)=false | cond2(is_block_justify)=true (justify.phase=Generic) | justify.block=[0, 186, 54, 181, 217, 247, 3, 23, 118, 174, 201, 231, 14, 189, 5, 105, 188, 134, 11, 99, 22, 232, 234, 214, 148, 47, 163, 198, 157, 18, 168, 11] justify.view=5626 | highest_pc.block=[116, 163, 252, 228, 6, 185, 38, 127, 103, 254, 102, 245, 19, 231, 150, 55, 149, 47, 6, 172, 91, 200, 112, 100, 221, 186, 145, 255, 36, 18, 134, 173] highest_pc.view=5629 | locked.block=[236, 44, 166, 207, 38, 197, 182, 24, 169, 220, 236, 95, 36, 68, 197, 45, 235, 175, 179, 73, 212, 247, 63, 59, 22, 149, 213, 100, 8, 199, 17, 140] locked.view=5628    
2025-11-04T05:46:38.168841Z  WARN ThreadId(09) hotstuff_runner::tcp_node: Node 0 view 5631 timed out; latency may accumulate
2025-11-04T05:46:39.506693Z  WARN ThreadId(02) docker_node: Low processing efficiency: 0.0% - system may need tuning
2025-11-04T05:46:44.506361Z  WARN ThreadId(02) docker_node: Low processing efficiency: 0.0% - system may need tuning
2025-11-04T05:46:49.505985Z  WARN ThreadId(02) docker_node: Low processing efficiency: 0.0% - system may need tuning
2025-11-04T05:46:54.506517Z  WARN ThreadId(03) docker_node: Low processing efficiency: 0.0% - system may need tuning
2025-11-04T05:46:59.508295Z  WARN ThreadId(02) docker_node: Low processing efficiency: 0.0% - system may need tuning
2025-11-04T05:46:59.516769Z  WARN ThreadId(03) hotstuff_runner::pompe: 🧹 [Cleanup] Node 0 cleared 29799 orphaned ordering1 states
2025-11-04T05:47:04.506823Z  WARN ThreadId(03) docker_node: Low processing efficiency: 0.0% - system may need tuning
2025-11-04T05:47:09.505897Z  WARN ThreadId(03) docker_node: Low processing efficiency: 0.0% - system may need tuning
2025-11-04T05:47:14.506202Z  WARN ThreadId(02) docker_node: Low processing efficiency: 0.0% - system may need tuning
2025-11-04T05:47:19.506606Z  WARN ThreadId(02) docker_node: Low processing efficiency: 0.0% - system may need tuning
2025-11-04T05:47:24.507000Z  WARN ThreadId(02) docker_node: Low processing efficiency: 0.0% - system may need tuning
2025-11-04T05:47:29.511805Z  WARN ThreadId(02) hotstuff_runner::pompe: 🧹 [Cleanup] Node 0 cleared 29600 orphaned ordering1 states
2025-11-04T05:47:29.511847Z  WARN ThreadId(02) docker_node: Low processing efficiency: 0.0% - system may need tuning
2025-11-04T05:47:29.513955Z  WARN ThreadId(02) docker_node: Node 0 Regular transaction queue backlog: 2200 transactions
2025-11-04T05:47:34.506985Z  WARN ThreadId(02) docker_node: Low processing efficiency: 0.0% - system may need tuning
2025-11-04T05:47:39.505910Z  WARN ThreadId(02) docker_node: Low processing efficiency: 0.0% - system may need tuning
2025-11-04T05:47:44.506482Z  WARN ThreadId(03) docker_node: Low processing efficiency: 0.0% - system may need tuning
2025-11-04T05:47:49.506272Z  WARN ThreadId(02) docker_node: Low processing efficiency: 0.0% - system may need tuning
