2025-11-12T04:00:03.834641Z  WARN ThreadId(01) docker_node: metrics exporter disabled by SMROL_DISABLE_METRICS
2025-11-12T04:00:24.038012Z  WARN ThreadId(01) hotstuff_runner::tcp_node: Node 1 view timeout set to 4000 ms
2025-11-12T04:00:24.041205Z ERROR ThreadId(23) hotstuff_runner::pompe_network: Node 1 failed to connect to node 0: Connection refused (os error 111)
2025-11-12T04:00:24.041605Z ERROR ThreadId(23) hotstuff_runner::pompe_network: Node 1 failed to connect to node 2: Connection refused (os error 111)
2025-11-12T04:00:24.041965Z ERROR ThreadId(22) hotstuff_runner::pompe_network: Node 1 failed to connect to node 3: Connection refused (os error 111)
2025-11-12T04:00:24.042305Z ERROR ThreadId(22) hotstuff_runner::pompe_network: Node 1 failed to connect to node 4: Connection refused (os error 111)
2025-11-12T04:00:24.042643Z ERROR ThreadId(22) hotstuff_runner::pompe_network: Node 1 failed to connect to node 5: Connection refused (os error 111)
2025-11-12T04:00:24.050116Z  WARN ThreadId(01) hotstuff_runner::smrol::sequencing: SMROL_MEDIAN_INFLIGHT=24, SMROL_ORDER_FINALIZE_INFLIGHT=4, SMROL_FINAL_SIGN_INFLIGHT=4, SMROL_FINAL_VERIFY_INFLIGHT=24
2025-11-12T04:00:24.050173Z  WARN ThreadId(01) hotstuff_runner::smrol::sequencing: [Sequencing] Node 1 multi-signature verification disabled: false
2025-11-12T04:00:24.050280Z  WARN ThreadId(03) hotstuff_runner::smrol::sequencing: [Sequencing] Node 1 final verify dispatcher started
2025-11-12T04:00:28.040429Z  WARN ThreadId(21) hotstuff_runner::tcp_node: Node 1 view 0 timed out; latency may accumulate
2025-11-12T04:00:29.051517Z  WARN ThreadId(09) docker_node:   Connection reuse ineffective (2.0 msg/conn)
2025-11-12T04:00:29.054991Z  WARN ThreadId(01) docker_node: Node 0 port 20000 temporarily unreachable: failed to lookup address information: Temporary failure in name resolution
2025-11-12T04:00:29.056954Z  WARN ThreadId(01) docker_node: Node 1 port 20001 temporarily unreachable: failed to lookup address information: Temporary failure in name resolution
2025-11-12T04:00:29.058660Z  WARN ThreadId(01) docker_node: Node 2 port 20002 temporarily unreachable: failed to lookup address information: Temporary failure in name resolution
2025-11-12T04:00:29.060355Z  WARN ThreadId(01) docker_node: Node 3 port 20003 temporarily unreachable: failed to lookup address information: Temporary failure in name resolution
2025-11-12T04:00:29.062145Z  WARN ThreadId(01) docker_node: Node 4 port 20004 temporarily unreachable: failed to lookup address information: Temporary failure in name resolution
2025-11-12T04:00:29.063785Z  WARN ThreadId(01) docker_node: Node 5 port 20005 temporarily unreachable: failed to lookup address information: Temporary failure in name resolution
2025-11-12T04:00:29.065410Z  WARN ThreadId(01) docker_node: Node 6 port 20006 temporarily unreachable: failed to lookup address information: Temporary failure in name resolution
2025-11-12T04:00:29.067059Z  WARN ThreadId(01) docker_node: Node 7 port 20007 temporarily unreachable: failed to lookup address information: Temporary failure in name resolution
2025-11-12T04:00:29.068867Z  WARN ThreadId(01) docker_node: Node 8 port 20008 temporarily unreachable: failed to lookup address information: Temporary failure in name resolution
2025-11-12T04:00:29.070657Z  WARN ThreadId(01) docker_node: Node 9 port 20009 temporarily unreachable: failed to lookup address information: Temporary failure in name resolution
2025-11-12T04:00:29.072383Z  WARN ThreadId(01) docker_node: Node 10 port 20010 temporarily unreachable: failed to lookup address information: Temporary failure in name resolution
2025-11-12T04:00:29.073950Z  WARN ThreadId(01) docker_node: Node 11 port 20011 temporarily unreachable: failed to lookup address information: Temporary failure in name resolution
2025-11-12T04:00:29.075578Z  WARN ThreadId(01) docker_node: Node 12 port 20012 temporarily unreachable: failed to lookup address information: Temporary failure in name resolution
2025-11-12T04:00:29.077171Z  WARN ThreadId(01) docker_node: Node 13 port 20013 temporarily unreachable: failed to lookup address information: Temporary failure in name resolution
2025-11-12T04:00:29.078937Z  WARN ThreadId(01) docker_node: Node 14 port 20014 temporarily unreachable: failed to lookup address information: Temporary failure in name resolution
2025-11-12T04:00:29.080759Z  WARN ThreadId(01) docker_node: Node 15 port 20015 temporarily unreachable: failed to lookup address information: Temporary failure in name resolution
2025-11-12T04:00:29.082396Z  WARN ThreadId(01) docker_node: Node 16 port 20016 temporarily unreachable: failed to lookup address information: Temporary failure in name resolution
2025-11-12T04:00:29.084215Z  WARN ThreadId(01) docker_node: Node 17 port 20017 temporarily unreachable: failed to lookup address information: Temporary failure in name resolution
2025-11-12T04:00:29.086119Z  WARN ThreadId(01) docker_node: Node 18 port 20018 temporarily unreachable: failed to lookup address information: Temporary failure in name resolution
2025-11-12T04:00:29.087845Z  WARN ThreadId(01) docker_node: Node 19 port 20019 temporarily unreachable: failed to lookup address information: Temporary failure in name resolution
2025-11-12T04:00:29.089350Z  WARN ThreadId(01) docker_node: Node 20 port 20020 temporarily unreachable: failed to lookup address information: Temporary failure in name resolution
2025-11-12T04:00:29.090986Z  WARN ThreadId(01) docker_node: Node 21 port 20021 temporarily unreachable: failed to lookup address information: Temporary failure in name resolution
2025-11-12T04:00:29.092780Z  WARN ThreadId(01) docker_node: Node 22 port 20022 temporarily unreachable: failed to lookup address information: Temporary failure in name resolution
2025-11-12T04:00:29.094657Z  WARN ThreadId(01) docker_node: Node 23 port 20023 temporarily unreachable: failed to lookup address information: Temporary failure in name resolution
2025-11-12T04:00:29.096514Z  WARN ThreadId(01) docker_node: Node 24 port 20024 temporarily unreachable: failed to lookup address information: Temporary failure in name resolution
2025-11-12T04:00:29.098190Z  WARN ThreadId(01) docker_node: Node 25 port 20025 temporarily unreachable: failed to lookup address information: Temporary failure in name resolution
2025-11-12T04:00:29.100159Z  WARN ThreadId(01) docker_node: Node 26 port 20026 temporarily unreachable: failed to lookup address information: Temporary failure in name resolution
2025-11-12T04:00:29.101830Z  WARN ThreadId(01) docker_node: Node 27 port 20027 temporarily unreachable: failed to lookup address information: Temporary failure in name resolution
2025-11-12T04:00:29.103531Z  WARN ThreadId(01) docker_node: Node 28 port 20028 temporarily unreachable: failed to lookup address information: Temporary failure in name resolution
2025-11-12T04:00:29.105265Z  WARN ThreadId(01) docker_node: Node 29 port 20029 temporarily unreachable: failed to lookup address information: Temporary failure in name resolution
2025-11-12T04:00:29.106938Z  WARN ThreadId(01) docker_node: Node 30 port 20030 temporarily unreachable: failed to lookup address information: Temporary failure in name resolution
2025-11-12T04:00:29.108541Z  WARN ThreadId(01) docker_node: Node 31 port 20031 temporarily unreachable: failed to lookup address information: Temporary failure in name resolution
2025-11-12T04:00:33.028829Z  WARN ThreadId(21) hotstuff_runner::tcp_node: Node 1 view 4 timed out; latency may accumulate
2025-11-12T04:00:34.051791Z  WARN ThreadId(09) docker_node:   Connection reuse ineffective (2.0 msg/conn)
2025-11-12T04:00:37.029593Z  WARN ThreadId(21) hotstuff_runner::tcp_node: Node 1 view 5 timed out; latency may accumulate
2025-11-12T04:00:37.032212Z  WARN ThreadId(20) hotstuff_rs::block_tree::invariants: SAFE_PC_FAIL: pc.block=[137, 28, 43, 199, 165, 5, 150, 113, 210, 163, 6, 181, 93, 216, 186, 206, 110, 175, 160, 162, 148, 243, 160, 180, 246, 83, 81, 44, 151, 6, 114, 246] view=1 phase=Generic | cond1(chain_id/genesis)=true (pc.chain_id=0, my.chain_id=0) | cond2(block_exists/genesis)=true (exists=true) | cond3(view>locked || extends)=false (pc.view=1, locked.view=2, extends=false) | cond4(phase/updates)=true (phase_special=false, has_updates=false) | highest_pc.block=[6, 234, 27, 137, 121, 159, 208, 162, 12, 249, 82, 171, 51, 189, 197, 252, 238, 250, 142, 159, 30, 211, 206, 166, 151, 136, 97, 160, 7, 146, 121, 144] highest_pc.view=3 locked.block=[87, 132, 206, 0, 127, 201, 148, 183, 58, 99, 129, 52, 37, 113, 60, 58, 22, 64, 91, 206, 190, 146, 240, 68, 28, 245, 144, 142, 202, 124, 160, 23] locked.view=2    
2025-11-12T04:00:37.032249Z  WARN ThreadId(20) hotstuff_rs::block_tree::invariants: SAFE_BLOCK_FAIL: block=[136, 17, 157, 114, 121, 169, 98, 148, 239, 55, 12, 118, 87, 154, 94, 68, 51, 115, 135, 241, 136, 200, 29, 199, 58, 37, 93, 227, 44, 23, 235, 85] height=None | cond1(safe_pc)=false | cond2(is_block_justify)=true (justify.phase=Generic) | justify.block=[137, 28, 43, 199, 165, 5, 150, 113, 210, 163, 6, 181, 93, 216, 186, 206, 110, 175, 160, 162, 148, 243, 160, 180, 246, 83, 81, 44, 151, 6, 114, 246] justify.view=1 | highest_pc.block=[6, 234, 27, 137, 121, 159, 208, 162, 12, 249, 82, 171, 51, 189, 197, 252, 238, 250, 142, 159, 30, 211, 206, 166, 151, 136, 97, 160, 7, 146, 121, 144] highest_pc.view=3 | locked.block=[87, 132, 206, 0, 127, 201, 148, 183, 58, 99, 129, 52, 37, 113, 60, 58, 22, 64, 91, 206, 190, 146, 240, 68, 28, 245, 144, 142, 202, 124, 160, 23] locked.view=2    
2025-11-12T04:00:39.051799Z  WARN ThreadId(09) docker_node:   Connection reuse ineffective (2.0 msg/conn)
2025-11-12T04:00:41.030434Z  WARN ThreadId(21) hotstuff_runner::tcp_node: Node 1 view 6 timed out; latency may accumulate
2025-11-12T04:00:44.051818Z  WARN ThreadId(09) docker_node:   Connection reuse ineffective (2.0 msg/conn)
2025-11-12T04:00:49.051841Z  WARN ThreadId(09) docker_node:   Connection reuse ineffective (2.0 msg/conn)
2025-11-12T04:00:50.781933Z  WARN ThreadId(21) hotstuff_runner::tcp_node: Node 1 view 15 timed out; latency may accumulate
2025-11-12T04:00:51.161423Z  WARN ThreadId(20) hotstuff_runner::app: Node 1 [produce_block] queue size: 0, attempting up to 0 transactions this block    
2025-11-12T04:00:53.549995Z  WARN ThreadId(07) hotstuff_runner::pompe: ⚡ [Timed Output] Node 1 flushed 21061 transactions
2025-11-12T04:00:54.046956Z  WARN ThreadId(09) hotstuff_runner::pompe: ⚡ [Timed Output] Node 1 flushed 7898 transactions
2025-11-12T04:00:54.051278Z  WARN ThreadId(03) docker_node:   Connection reuse ineffective (6.8 msg/conn)
2025-11-12T04:00:54.109589Z  WARN ThreadId(07) docker_node: Node 1 Regular transaction queue backlog: 28959 transactions
2025-11-12T04:00:54.550242Z  WARN ThreadId(07) hotstuff_runner::pompe: ⚡ [Timed Output] Node 1 flushed 14041 transactions
2025-11-12T04:00:55.706441Z  WARN ThreadId(09) hotstuff_runner::pompe: ⚡ [Timed Output] Node 1 flushed 7020 transactions
2025-11-12T04:00:56.204631Z  WARN ThreadId(03) hotstuff_runner::pompe: ⚡ [Timed Output] Node 1 flushed 2633 transactions
2025-11-12T04:00:56.465385Z  WARN ThreadId(21) hotstuff_runner::tcp_node: Node 1 view 25 timed out; latency may accumulate
2025-11-12T04:00:56.707255Z  WARN ThreadId(09) hotstuff_runner::pompe: ⚡ [Timed Output] Node 1 flushed 5265 transactions
2025-11-12T04:00:57.208038Z  WARN ThreadId(07) hotstuff_runner::pompe: ⚡ [Timed Output] Node 1 flushed 7021 transactions
2025-11-12T04:00:57.708459Z  WARN ThreadId(09) hotstuff_runner::pompe: ⚡ [Timed Output] Node 1 flushed 3510 transactions
2025-11-12T04:00:58.215699Z  WARN ThreadId(07) hotstuff_runner::pompe: ⚡ [Timed Output] Node 1 flushed 13163 transactions
2025-11-12T04:00:58.712206Z  WARN ThreadId(07) hotstuff_runner::pompe: ⚡ [Timed Output] Node 1 flushed 10530 transactions
2025-11-12T04:00:59.051316Z  WARN ThreadId(03) docker_node: HotStuff processing bottleneck detected:
2025-11-12T04:00:59.051341Z  WARN ThreadId(03) docker_node:    - HotStuff queue backlog: 28959 transactions
2025-11-12T04:00:59.051349Z  WARN ThreadId(03) docker_node:    - Confirmation TPS (0.0) much lower than submission TPS (0.2)
2025-11-12T04:00:59.051355Z  WARN ThreadId(03) docker_node:    - Possible cause: HotStuff consensus network delay or block size limitation
2025-11-12T04:00:59.051377Z  WARN ThreadId(03) docker_node:   Connection reuse ineffective (9.3 msg/conn)
2025-11-12T04:00:59.109815Z  WARN ThreadId(06) docker_node: Node 1 Regular transaction queue backlog: 92142 transactions
2025-11-12T04:00:59.218496Z  WARN ThreadId(06) hotstuff_runner::pompe: ⚡ [Timed Output] Node 1 flushed 18429 transactions
2025-11-12T04:01:00.316056Z  WARN ThreadId(03) hotstuff_runner::pompe: ⚡ [Timed Output] Node 1 flushed 7898 transactions
2025-11-12T04:01:01.923532Z  WARN ThreadId(21) hotstuff_runner::tcp_node: Node 1 view 27 timed out; latency may accumulate
2025-11-12T04:01:04.052013Z  WARN ThreadId(07) docker_node: HotStuff processing bottleneck detected:
2025-11-12T04:01:04.052041Z  WARN ThreadId(07) docker_node:    - HotStuff queue backlog: 92142 transactions
2025-11-12T04:01:04.052053Z  WARN ThreadId(07) docker_node:    - Confirmation TPS (0.0) much lower than submission TPS (0.1)
2025-11-12T04:01:04.052061Z  WARN ThreadId(07) docker_node:    - Possible cause: HotStuff consensus network delay or block size limitation
2025-11-12T04:01:04.052073Z  WARN ThreadId(07) docker_node:   Connection reuse ineffective (9.7 msg/conn)
2025-11-12T04:01:04.109280Z  WARN ThreadId(07) docker_node: Node 1 Regular transaction queue backlog: 122857 transactions
2025-11-12T04:01:09.051852Z  WARN ThreadId(03) docker_node:   Connection reuse ineffective (9.7 msg/conn)
2025-11-12T04:01:09.109992Z  WARN ThreadId(03) docker_node: Node 1 Regular transaction queue backlog: 122857 transactions
2025-11-12T04:01:14.051698Z  WARN ThreadId(07) docker_node:   Connection reuse ineffective (9.7 msg/conn)
2025-11-12T04:01:14.109917Z  WARN ThreadId(07) docker_node: Node 1 Regular transaction queue backlog: 122857 transactions
2025-11-12T04:01:14.525599Z  WARN ThreadId(21) hotstuff_runner::tcp_node: Node 1 view 34 timed out; latency may accumulate
2025-11-12T04:01:15.468324Z  WARN ThreadId(20) hotstuff_rs::block_tree::invariants: SAFE_PC_FAIL: pc.block=[208, 140, 249, 58, 143, 119, 40, 67, 222, 249, 151, 144, 57, 48, 186, 52, 51, 148, 222, 26, 196, 184, 9, 210, 34, 72, 112, 145, 161, 62, 104, 128] view=24 phase=Generic | cond1(chain_id/genesis)=true (pc.chain_id=0, my.chain_id=0) | cond2(block_exists/genesis)=true (exists=true) | cond3(view>locked || extends)=false (pc.view=24, locked.view=32, extends=false) | cond4(phase/updates)=true (phase_special=false, has_updates=false) | highest_pc.block=[115, 59, 129, 19, 148, 34, 164, 150, 11, 26, 245, 194, 230, 123, 162, 166, 197, 142, 85, 144, 231, 42, 97, 160, 121, 227, 66, 192, 173, 199, 24, 204] highest_pc.view=33 locked.block=[237, 202, 48, 226, 14, 87, 237, 209, 236, 233, 199, 96, 156, 121, 64, 148, 83, 92, 161, 119, 32, 78, 9, 158, 71, 130, 195, 112, 197, 226, 110, 76] locked.view=32    
2025-11-12T04:01:15.468356Z  WARN ThreadId(20) hotstuff_rs::block_tree::invariants: SAFE_BLOCK_FAIL: block=[198, 228, 106, 29, 52, 29, 213, 159, 16, 41, 233, 95, 30, 200, 113, 222, 162, 180, 152, 138, 50, 232, 153, 82, 192, 89, 141, 208, 182, 52, 43, 252] height=None | cond1(safe_pc)=false | cond2(is_block_justify)=true (justify.phase=Generic) | justify.block=[208, 140, 249, 58, 143, 119, 40, 67, 222, 249, 151, 144, 57, 48, 186, 52, 51, 148, 222, 26, 196, 184, 9, 210, 34, 72, 112, 145, 161, 62, 104, 128] justify.view=24 | highest_pc.block=[115, 59, 129, 19, 148, 34, 164, 150, 11, 26, 245, 194, 230, 123, 162, 166, 197, 142, 85, 144, 231, 42, 97, 160, 121, 227, 66, 192, 173, 199, 24, 204] highest_pc.view=33 | locked.block=[237, 202, 48, 226, 14, 87, 237, 209, 236, 233, 199, 96, 156, 121, 64, 148, 83, 92, 161, 119, 32, 78, 9, 158, 71, 130, 195, 112, 197, 226, 110, 76] locked.view=32    
2025-11-12T04:01:18.526414Z  WARN ThreadId(21) hotstuff_runner::tcp_node: Node 1 view 35 timed out; latency may accumulate
2025-11-12T04:01:19.051859Z  WARN ThreadId(07) docker_node:   Connection reuse ineffective (9.7 msg/conn)
2025-11-12T04:01:19.110104Z  WARN ThreadId(07) docker_node: Node 1 Regular transaction queue backlog: 122857 transactions
2025-11-12T04:01:24.051695Z  WARN ThreadId(07) docker_node:   Connection reuse ineffective (9.7 msg/conn)
2025-11-12T04:01:24.109901Z  WARN ThreadId(06) docker_node: Node 1 Regular transaction queue backlog: 122857 transactions
2025-11-12T04:01:25.706404Z  WARN ThreadId(20) hotstuff_rs::block_tree::invariants: SAFE_PC_FAIL: pc.block=[26, 165, 102, 244, 208, 209, 201, 86, 169, 239, 170, 13, 222, 221, 65, 153, 67, 236, 229, 168, 233, 11, 246, 71, 117, 74, 138, 45, 77, 54, 234, 83] view=26 phase=Generic | cond1(chain_id/genesis)=true (pc.chain_id=0, my.chain_id=0) | cond2(block_exists/genesis)=true (exists=true) | cond3(view>locked || extends)=false (pc.view=26, locked.view=32, extends=false) | cond4(phase/updates)=true (phase_special=false, has_updates=false) | highest_pc.block=[115, 59, 129, 19, 148, 34, 164, 150, 11, 26, 245, 194, 230, 123, 162, 166, 197, 142, 85, 144, 231, 42, 97, 160, 121, 227, 66, 192, 173, 199, 24, 204] highest_pc.view=33 locked.block=[237, 202, 48, 226, 14, 87, 237, 209, 236, 233, 199, 96, 156, 121, 64, 148, 83, 92, 161, 119, 32, 78, 9, 158, 71, 130, 195, 112, 197, 226, 110, 76] locked.view=32    
2025-11-12T04:01:25.706434Z  WARN ThreadId(20) hotstuff_rs::block_tree::invariants: SAFE_BLOCK_FAIL: block=[165, 214, 101, 60, 26, 217, 33, 171, 232, 58, 195, 244, 127, 148, 247, 248, 196, 44, 181, 23, 12, 15, 3, 173, 153, 187, 252, 132, 53, 121, 101, 89] height=None | cond1(safe_pc)=false | cond2(is_block_justify)=true (justify.phase=Generic) | justify.block=[26, 165, 102, 244, 208, 209, 201, 86, 169, 239, 170, 13, 222, 221, 65, 153, 67, 236, 229, 168, 233, 11, 246, 71, 117, 74, 138, 45, 77, 54, 234, 83] justify.view=26 | highest_pc.block=[115, 59, 129, 19, 148, 34, 164, 150, 11, 26, 245, 194, 230, 123, 162, 166, 197, 142, 85, 144, 231, 42, 97, 160, 121, 227, 66, 192, 173, 199, 24, 204] highest_pc.view=33 | locked.block=[237, 202, 48, 226, 14, 87, 237, 209, 236, 233, 199, 96, 156, 121, 64, 148, 83, 92, 161, 119, 32, 78, 9, 158, 71, 130, 195, 112, 197, 226, 110, 76] locked.view=32    
2025-11-12T04:01:29.051827Z  WARN ThreadId(06) docker_node:   Connection reuse ineffective (9.7 msg/conn)
2025-11-12T04:01:29.110105Z  WARN ThreadId(06) docker_node: Node 1 Regular transaction queue backlog: 122857 transactions
2025-11-12T04:01:30.528731Z  WARN ThreadId(21) hotstuff_runner::tcp_node: Node 1 view 38 timed out; latency may accumulate
2025-11-12T04:01:34.051984Z  WARN ThreadId(06) docker_node:   Connection reuse ineffective (9.7 msg/conn)
2025-11-12T04:01:34.109365Z  WARN ThreadId(06) docker_node: Node 1 Regular transaction queue backlog: 122857 transactions
2025-11-12T04:01:35.347980Z  WARN ThreadId(20) hotstuff_rs::block_tree::invariants: SAFE_PC_FAIL: pc.block=[208, 140, 249, 58, 143, 119, 40, 67, 222, 249, 151, 144, 57, 48, 186, 52, 51, 148, 222, 26, 196, 184, 9, 210, 34, 72, 112, 145, 161, 62, 104, 128] view=24 phase=Generic | cond1(chain_id/genesis)=true (pc.chain_id=0, my.chain_id=0) | cond2(block_exists/genesis)=true (exists=true) | cond3(view>locked || extends)=false (pc.view=24, locked.view=32, extends=false) | cond4(phase/updates)=true (phase_special=false, has_updates=false) | highest_pc.block=[115, 59, 129, 19, 148, 34, 164, 150, 11, 26, 245, 194, 230, 123, 162, 166, 197, 142, 85, 144, 231, 42, 97, 160, 121, 227, 66, 192, 173, 199, 24, 204] highest_pc.view=33 locked.block=[237, 202, 48, 226, 14, 87, 237, 209, 236, 233, 199, 96, 156, 121, 64, 148, 83, 92, 161, 119, 32, 78, 9, 158, 71, 130, 195, 112, 197, 226, 110, 76] locked.view=32    
2025-11-12T04:01:35.348020Z  WARN ThreadId(20) hotstuff_rs::block_tree::invariants: SAFE_BLOCK_FAIL: block=[213, 75, 60, 74, 170, 102, 120, 78, 15, 14, 198, 219, 177, 138, 220, 228, 143, 51, 116, 27, 243, 150, 114, 169, 238, 201, 19, 7, 95, 132, 26, 93] height=None | cond1(safe_pc)=false | cond2(is_block_justify)=true (justify.phase=Generic) | justify.block=[208, 140, 249, 58, 143, 119, 40, 67, 222, 249, 151, 144, 57, 48, 186, 52, 51, 148, 222, 26, 196, 184, 9, 210, 34, 72, 112, 145, 161, 62, 104, 128] justify.view=24 | highest_pc.block=[115, 59, 129, 19, 148, 34, 164, 150, 11, 26, 245, 194, 230, 123, 162, 166, 197, 142, 85, 144, 231, 42, 97, 160, 121, 227, 66, 192, 173, 199, 24, 204] highest_pc.view=33 | locked.block=[237, 202, 48, 226, 14, 87, 237, 209, 236, 233, 199, 96, 156, 121, 64, 148, 83, 92, 161, 119, 32, 78, 9, 158, 71, 130, 195, 112, 197, 226, 110, 76] locked.view=32    
2025-11-12T04:01:39.051510Z  WARN ThreadId(06) docker_node:   Connection reuse ineffective (9.7 msg/conn)
2025-11-12T04:01:39.109749Z  WARN ThreadId(06) docker_node: Node 1 Regular transaction queue backlog: 122857 transactions
2025-11-12T04:01:42.531512Z  WARN ThreadId(21) hotstuff_runner::tcp_node: Node 1 view 41 timed out; latency may accumulate
2025-11-12T04:01:43.533427Z  WARN ThreadId(20) hotstuff_rs::block_tree::invariants: SAFE_PC_FAIL: pc.block=[208, 140, 249, 58, 143, 119, 40, 67, 222, 249, 151, 144, 57, 48, 186, 52, 51, 148, 222, 26, 196, 184, 9, 210, 34, 72, 112, 145, 161, 62, 104, 128] view=24 phase=Generic | cond1(chain_id/genesis)=true (pc.chain_id=0, my.chain_id=0) | cond2(block_exists/genesis)=true (exists=true) | cond3(view>locked || extends)=false (pc.view=24, locked.view=32, extends=false) | cond4(phase/updates)=true (phase_special=false, has_updates=false) | highest_pc.block=[115, 59, 129, 19, 148, 34, 164, 150, 11, 26, 245, 194, 230, 123, 162, 166, 197, 142, 85, 144, 231, 42, 97, 160, 121, 227, 66, 192, 173, 199, 24, 204] highest_pc.view=33 locked.block=[237, 202, 48, 226, 14, 87, 237, 209, 236, 233, 199, 96, 156, 121, 64, 148, 83, 92, 161, 119, 32, 78, 9, 158, 71, 130, 195, 112, 197, 226, 110, 76] locked.view=32    
2025-11-12T04:01:43.533470Z  WARN ThreadId(20) hotstuff_rs::block_tree::invariants: SAFE_BLOCK_FAIL: block=[156, 245, 153, 52, 124, 207, 132, 119, 153, 139, 183, 50, 60, 93, 163, 239, 135, 117, 248, 63, 180, 136, 218, 121, 240, 136, 56, 21, 150, 67, 45, 248] height=None | cond1(safe_pc)=false | cond2(is_block_justify)=true (justify.phase=Generic) | justify.block=[208, 140, 249, 58, 143, 119, 40, 67, 222, 249, 151, 144, 57, 48, 186, 52, 51, 148, 222, 26, 196, 184, 9, 210, 34, 72, 112, 145, 161, 62, 104, 128] justify.view=24 | highest_pc.block=[115, 59, 129, 19, 148, 34, 164, 150, 11, 26, 245, 194, 230, 123, 162, 166, 197, 142, 85, 144, 231, 42, 97, 160, 121, 227, 66, 192, 173, 199, 24, 204] highest_pc.view=33 | locked.block=[237, 202, 48, 226, 14, 87, 237, 209, 236, 233, 199, 96, 156, 121, 64, 148, 83, 92, 161, 119, 32, 78, 9, 158, 71, 130, 195, 112, 197, 226, 110, 76] locked.view=32    
2025-11-12T04:01:44.051375Z  WARN ThreadId(06) docker_node:   Connection reuse ineffective (9.7 msg/conn)
2025-11-12T04:01:44.109628Z  WARN ThreadId(06) docker_node: Node 1 Regular transaction queue backlog: 122857 transactions
2025-11-12T04:01:46.532341Z  WARN ThreadId(21) hotstuff_runner::tcp_node: Node 1 view 42 timed out; latency may accumulate
2025-11-12T04:01:49.051746Z  WARN ThreadId(06) docker_node:   Connection reuse ineffective (9.7 msg/conn)
2025-11-12T04:01:49.109911Z  WARN ThreadId(06) docker_node: Node 1 Regular transaction queue backlog: 122857 transactions
2025-11-12T04:01:54.051997Z  WARN ThreadId(06) docker_node:   Connection reuse ineffective (9.7 msg/conn)
2025-11-12T04:01:54.109186Z  WARN ThreadId(03) docker_node: Node 1 Regular transaction queue backlog: 122857 transactions
2025-11-12T04:01:54.533822Z  WARN ThreadId(21) hotstuff_runner::tcp_node: Node 1 view 44 timed out; latency may accumulate
2025-11-12T04:01:59.051311Z  WARN ThreadId(03) docker_node:   Connection reuse ineffective (9.7 msg/conn)
2025-11-12T04:01:59.109509Z  WARN ThreadId(03) docker_node: Node 1 Regular transaction queue backlog: 122857 transactions
2025-11-12T04:02:04.051628Z  WARN ThreadId(03) docker_node:   Connection reuse ineffective (9.7 msg/conn)
2025-11-12T04:02:04.109828Z  WARN ThreadId(03) docker_node: Node 1 Regular transaction queue backlog: 122857 transactions
2025-11-12T04:02:09.052035Z  WARN ThreadId(03) docker_node:   Connection reuse ineffective (9.7 msg/conn)
2025-11-12T04:02:09.109301Z  WARN ThreadId(03) docker_node: Node 1 Regular transaction queue backlog: 122857 transactions
2025-11-12T04:02:14.051272Z  WARN ThreadId(03) docker_node:   Connection reuse ineffective (9.7 msg/conn)
2025-11-12T04:02:14.109487Z  WARN ThreadId(03) docker_node: Node 1 Regular transaction queue backlog: 122857 transactions
2025-11-12T04:02:19.051548Z  WARN ThreadId(03) docker_node:   Connection reuse ineffective (9.7 msg/conn)
2025-11-12T04:02:19.109757Z  WARN ThreadId(03) docker_node: Node 1 Regular transaction queue backlog: 122857 transactions
