2025-11-12T03:54:37.209782Z  WARN ThreadId(01) docker_node: metrics exporter disabled by SMROL_DISABLE_METRICS
2025-11-12T03:54:57.413258Z  WARN ThreadId(01) hotstuff_runner::tcp_node: Node 1 view timeout set to 4000 ms
2025-11-12T03:54:57.416878Z ERROR ThreadId(22) hotstuff_runner::pompe_network: Node 1 failed to connect to node 4: Connection refused (os error 111)
2025-11-12T03:54:57.424801Z  WARN ThreadId(01) hotstuff_runner::smrol::sequencing: SMROL_MEDIAN_INFLIGHT=24, SMROL_ORDER_FINALIZE_INFLIGHT=4, SMROL_FINAL_SIGN_INFLIGHT=4, SMROL_FINAL_VERIFY_INFLIGHT=24
2025-11-12T03:54:57.424866Z  WARN ThreadId(01) hotstuff_runner::smrol::sequencing: [Sequencing] Node 1 multi-signature verification disabled: false
2025-11-12T03:54:57.424947Z  WARN ThreadId(02) hotstuff_runner::smrol::sequencing: [Sequencing] Node 1 final verify dispatcher started
2025-11-12T03:54:57.426108Z  WARN ThreadId(02) docker_node:   Connection reuse ineffective (2.0 msg/conn)
2025-11-12T03:55:02.425813Z  WARN ThreadId(02) docker_node:   Connection reuse ineffective (2.0 msg/conn)
2025-11-12T03:55:02.430922Z  WARN ThreadId(01) docker_node: Node 0 port 20000 temporarily unreachable: failed to lookup address information: Temporary failure in name resolution
2025-11-12T03:55:02.434066Z  WARN ThreadId(01) docker_node: Node 1 port 20001 temporarily unreachable: failed to lookup address information: Temporary failure in name resolution
2025-11-12T03:55:02.435946Z  WARN ThreadId(01) docker_node: Node 2 port 20002 temporarily unreachable: failed to lookup address information: Temporary failure in name resolution
2025-11-12T03:55:02.437866Z  WARN ThreadId(01) docker_node: Node 3 port 20003 temporarily unreachable: failed to lookup address information: Temporary failure in name resolution
2025-11-12T03:55:02.441394Z  WARN ThreadId(01) docker_node: Node 4 port 20004 temporarily unreachable: failed to lookup address information: Temporary failure in name resolution
2025-11-12T03:55:02.443351Z  WARN ThreadId(01) docker_node: Node 5 port 20005 temporarily unreachable: failed to lookup address information: Temporary failure in name resolution
2025-11-12T03:55:02.445313Z  WARN ThreadId(01) docker_node: Node 6 port 20006 temporarily unreachable: failed to lookup address information: Temporary failure in name resolution
2025-11-12T03:55:02.446837Z  WARN ThreadId(01) docker_node: Node 7 port 20007 temporarily unreachable: failed to lookup address information: Temporary failure in name resolution
2025-11-12T03:55:02.448683Z  WARN ThreadId(01) docker_node: Node 8 port 20008 temporarily unreachable: failed to lookup address information: Temporary failure in name resolution
2025-11-12T03:55:02.450530Z  WARN ThreadId(01) docker_node: Node 9 port 20009 temporarily unreachable: failed to lookup address information: Temporary failure in name resolution
2025-11-12T03:55:02.452443Z  WARN ThreadId(01) docker_node: Node 10 port 20010 temporarily unreachable: failed to lookup address information: Temporary failure in name resolution
2025-11-12T03:55:02.454204Z  WARN ThreadId(01) docker_node: Node 11 port 20011 temporarily unreachable: failed to lookup address information: Temporary failure in name resolution
2025-11-12T03:55:02.455984Z  WARN ThreadId(01) docker_node: Node 12 port 20012 temporarily unreachable: failed to lookup address information: Temporary failure in name resolution
2025-11-12T03:55:02.459373Z  WARN ThreadId(01) docker_node: Node 13 port 20013 temporarily unreachable: failed to lookup address information: Temporary failure in name resolution
2025-11-12T03:55:02.461195Z  WARN ThreadId(01) docker_node: Node 14 port 20014 temporarily unreachable: failed to lookup address information: Temporary failure in name resolution
2025-11-12T03:55:02.463087Z  WARN ThreadId(01) docker_node: Node 15 port 20015 temporarily unreachable: failed to lookup address information: Temporary failure in name resolution
2025-11-12T03:55:02.465136Z  WARN ThreadId(01) docker_node: Node 16 port 20016 temporarily unreachable: failed to lookup address information: Temporary failure in name resolution
2025-11-12T03:55:02.466891Z  WARN ThreadId(01) docker_node: Node 17 port 20017 temporarily unreachable: failed to lookup address information: Temporary failure in name resolution
2025-11-12T03:55:02.468611Z  WARN ThreadId(01) docker_node: Node 18 port 20018 temporarily unreachable: failed to lookup address information: Temporary failure in name resolution
2025-11-12T03:55:02.470550Z  WARN ThreadId(01) docker_node: Node 19 port 20019 temporarily unreachable: failed to lookup address information: Temporary failure in name resolution
2025-11-12T03:55:02.472245Z  WARN ThreadId(01) docker_node: Node 20 port 20020 temporarily unreachable: failed to lookup address information: Temporary failure in name resolution
2025-11-12T03:55:02.474393Z  WARN ThreadId(01) docker_node: Node 21 port 20021 temporarily unreachable: failed to lookup address information: Temporary failure in name resolution
2025-11-12T03:55:02.476469Z  WARN ThreadId(01) docker_node: Node 22 port 20022 temporarily unreachable: failed to lookup address information: Temporary failure in name resolution
2025-11-12T03:55:02.478406Z  WARN ThreadId(01) docker_node: Node 23 port 20023 temporarily unreachable: failed to lookup address information: Temporary failure in name resolution
2025-11-12T03:55:02.480215Z  WARN ThreadId(01) docker_node: Node 24 port 20024 temporarily unreachable: failed to lookup address information: Temporary failure in name resolution
2025-11-12T03:55:02.482248Z  WARN ThreadId(01) docker_node: Node 25 port 20025 temporarily unreachable: failed to lookup address information: Temporary failure in name resolution
2025-11-12T03:55:02.484217Z  WARN ThreadId(01) docker_node: Node 26 port 20026 temporarily unreachable: failed to lookup address information: Temporary failure in name resolution
2025-11-12T03:55:02.486070Z  WARN ThreadId(01) docker_node: Node 27 port 20027 temporarily unreachable: failed to lookup address information: Temporary failure in name resolution
2025-11-12T03:55:02.487835Z  WARN ThreadId(01) docker_node: Node 28 port 20028 temporarily unreachable: failed to lookup address information: Temporary failure in name resolution
2025-11-12T03:55:02.489608Z  WARN ThreadId(01) docker_node: Node 29 port 20029 temporarily unreachable: failed to lookup address information: Temporary failure in name resolution
2025-11-12T03:55:02.491316Z  WARN ThreadId(01) docker_node: Node 30 port 20030 temporarily unreachable: failed to lookup address information: Temporary failure in name resolution
2025-11-12T03:55:02.492978Z  WARN ThreadId(01) docker_node: Node 31 port 20031 temporarily unreachable: failed to lookup address information: Temporary failure in name resolution
2025-11-12T03:55:07.347484Z  WARN ThreadId(21) hotstuff_runner::tcp_node: Node 1 view 10 timed out; latency may accumulate
2025-11-12T03:55:07.425815Z  WARN ThreadId(08) docker_node:   Connection reuse ineffective (2.0 msg/conn)
2025-11-12T03:55:08.794219Z  WARN ThreadId(20) hotstuff_runner::app: Node 1 [produce_block] queue size: 0, attempting up to 0 transactions this block    
2025-11-12T03:55:12.426035Z  WARN ThreadId(08) docker_node:   Connection reuse ineffective (2.0 msg/conn)
2025-11-12T03:55:14.089011Z  WARN ThreadId(21) hotstuff_runner::tcp_node: Node 1 view 25 timed out; latency may accumulate
2025-11-12T03:55:17.426252Z  WARN ThreadId(08) docker_node:   Connection reuse ineffective (2.0 msg/conn)
2025-11-12T03:55:18.540652Z  WARN ThreadId(20) hotstuff_runner::app: Node 1 [produce_block] queue size: 0, attempting up to 0 transactions this block    
2025-11-12T03:55:22.426023Z  WARN ThreadId(08) docker_node:   Connection reuse ineffective (2.0 msg/conn)
2025-11-12T03:55:24.527181Z  WARN ThreadId(20) hotstuff_runner::app: Node 1 [produce_block] queue size: 0, attempting up to 0 transactions this block    
2025-11-12T03:55:26.738991Z  WARN ThreadId(09) hotstuff_runner::pompe: ⚡ [Timed Output] Node 1 flushed 47379 transactions
2025-11-12T03:55:27.219755Z  WARN ThreadId(02) hotstuff_runner::pompe: ⚡ [Timed Output] Node 1 flushed 10528 transactions
2025-11-12T03:55:27.425501Z  WARN ThreadId(09) docker_node:   Connection reuse ineffective (7.2 msg/conn)
2025-11-12T03:55:27.493679Z  WARN ThreadId(02) docker_node: Node 1 Regular transaction queue backlog: 57907 transactions
2025-11-12T03:55:27.730357Z  WARN ThreadId(02) hotstuff_runner::pompe: ⚡ [Timed Output] Node 1 flushed 28078 transactions
2025-11-12T03:55:28.219368Z  WARN ThreadId(09) hotstuff_runner::pompe: ⚡ [Timed Output] Node 1 flushed 10528 transactions
2025-11-12T03:55:30.197576Z  WARN ThreadId(08) hotstuff_runner::pompe: ⚡ [Timed Output] Node 1 flushed 15793 transactions
2025-11-12T03:55:30.254235Z  WARN ThreadId(21) hotstuff_runner::tcp_node: Detected transaction backlog: submit rate (0.2) > confirm rate (0.0)
2025-11-12T03:55:32.161489Z  WARN ThreadId(08) hotstuff_runner::pompe: ⚡ [Timed Output] Node 1 flushed 14038 transactions
2025-11-12T03:55:32.425978Z  WARN ThreadId(02) docker_node: HotStuff processing bottleneck detected:
2025-11-12T03:55:32.426005Z  WARN ThreadId(02) docker_node:    - HotStuff queue backlog: 57907 transactions
2025-11-12T03:55:32.426013Z  WARN ThreadId(02) docker_node:    - Confirmation TPS (0.0) much lower than submission TPS (0.1)
2025-11-12T03:55:32.426021Z  WARN ThreadId(02) docker_node:    - Possible cause: HotStuff consensus network delay or block size limitation
2025-11-12T03:55:32.426033Z  WARN ThreadId(02) docker_node:   Connection reuse ineffective (8.1 msg/conn)
2025-11-12T03:55:32.494268Z  WARN ThreadId(02) docker_node: Node 1 Regular transaction queue backlog: 140382 transactions
2025-11-12T03:55:33.490007Z  WARN ThreadId(21) hotstuff_runner::tcp_node: Node 1 view 96 timed out; latency may accumulate
2025-11-12T03:55:33.995752Z  WARN ThreadId(09) hotstuff_runner::pompe: ⚡ [Timed Output] Node 1 flushed 35095 transactions
2025-11-12T03:55:34.486189Z  WARN ThreadId(08) hotstuff_runner::pompe: ⚡ [Timed Output] Node 1 flushed 8774 transactions
2025-11-12T03:55:34.997998Z  WARN ThreadId(02) hotstuff_runner::pompe: ⚡ [Timed Output] Node 1 flushed 22812 transactions
2025-11-12T03:55:35.494337Z  WARN ThreadId(09) hotstuff_runner::pompe: ⚡ [Timed Output] Node 1 flushed 19302 transactions
2025-11-12T03:55:36.693525Z  WARN ThreadId(02) hotstuff_runner::pompe: ⚡ [Timed Output] Node 1 flushed 15793 transactions
2025-11-12T03:55:37.425529Z  WARN ThreadId(09) docker_node: HotStuff processing bottleneck detected:
2025-11-12T03:55:37.425553Z  WARN ThreadId(09) docker_node:    - HotStuff queue backlog: 140382 transactions
2025-11-12T03:55:37.425562Z  WARN ThreadId(09) docker_node:    - Confirmation TPS (0.0) much lower than submission TPS (0.1)
2025-11-12T03:55:37.425568Z  WARN ThreadId(09) docker_node:    - Possible cause: HotStuff consensus network delay or block size limitation
2025-11-12T03:55:37.425579Z  WARN ThreadId(09) docker_node:   Connection reuse ineffective (9.9 msg/conn)
2025-11-12T03:55:37.493726Z  WARN ThreadId(09) docker_node: Node 1 Regular transaction queue backlog: 249177 transactions
2025-11-12T03:55:42.425558Z  WARN ThreadId(09) docker_node: HotStuff processing bottleneck detected:
2025-11-12T03:55:42.425592Z  WARN ThreadId(09) docker_node:    - HotStuff queue backlog: 249177 transactions
2025-11-12T03:55:42.425603Z  WARN ThreadId(09) docker_node:    - Confirmation TPS (0.0) much lower than submission TPS (0.1)
2025-11-12T03:55:42.425612Z  WARN ThreadId(09) docker_node:    - Possible cause: HotStuff consensus network delay or block size limitation
2025-11-12T03:55:42.425629Z  WARN ThreadId(09) docker_node:   Connection reuse ineffective (9.9 msg/conn)
2025-11-12T03:55:42.493856Z  WARN ThreadId(09) docker_node: Node 1 Regular transaction queue backlog: 249177 transactions
2025-11-12T03:55:44.107507Z  WARN ThreadId(21) hotstuff_runner::tcp_node: Node 1 view 99 timed out; latency may accumulate
2025-11-12T03:55:44.676544Z  WARN ThreadId(20) hotstuff_rs::block_tree::invariants: SAFE_PC_FAIL: pc.block=[22, 177, 153, 233, 241, 94, 239, 6, 113, 207, 31, 59, 78, 104, 195, 161, 223, 33, 236, 121, 49, 217, 137, 220, 255, 4, 28, 250, 220, 15, 129, 29] view=92 phase=Generic | cond1(chain_id/genesis)=true (pc.chain_id=0, my.chain_id=0) | cond2(block_exists/genesis)=true (exists=true) | cond3(view>locked || extends)=false (pc.view=92, locked.view=95, extends=false) | cond4(phase/updates)=true (phase_special=false, has_updates=false) | highest_pc.block=[168, 169, 155, 219, 174, 202, 68, 16, 47, 143, 149, 130, 154, 27, 70, 137, 133, 132, 20, 135, 37, 235, 50, 14, 19, 141, 63, 27, 175, 241, 204, 151] highest_pc.view=98 locked.block=[206, 45, 179, 97, 71, 220, 106, 144, 16, 78, 77, 218, 192, 37, 72, 30, 42, 81, 84, 85, 191, 168, 221, 99, 103, 154, 159, 101, 152, 183, 203, 225] locked.view=95    
2025-11-12T03:55:44.676596Z  WARN ThreadId(20) hotstuff_rs::block_tree::invariants: SAFE_BLOCK_FAIL: block=[201, 89, 205, 11, 130, 110, 74, 85, 7, 139, 177, 248, 251, 178, 173, 217, 226, 201, 149, 26, 39, 82, 173, 35, 105, 198, 20, 133, 169, 229, 173, 233] height=None | cond1(safe_pc)=false | cond2(is_block_justify)=true (justify.phase=Generic) | justify.block=[22, 177, 153, 233, 241, 94, 239, 6, 113, 207, 31, 59, 78, 104, 195, 161, 223, 33, 236, 121, 49, 217, 137, 220, 255, 4, 28, 250, 220, 15, 129, 29] justify.view=92 | highest_pc.block=[168, 169, 155, 219, 174, 202, 68, 16, 47, 143, 149, 130, 154, 27, 70, 137, 133, 132, 20, 135, 37, 235, 50, 14, 19, 141, 63, 27, 175, 241, 204, 151] highest_pc.view=98 | locked.block=[206, 45, 179, 97, 71, 220, 106, 144, 16, 78, 77, 218, 192, 37, 72, 30, 42, 81, 84, 85, 191, 168, 221, 99, 103, 154, 159, 101, 152, 183, 203, 225] locked.view=95    
2025-11-12T03:55:47.426217Z  WARN ThreadId(09) docker_node: HotStuff processing bottleneck detected:
2025-11-12T03:55:47.426247Z  WARN ThreadId(09) docker_node:    - HotStuff queue backlog: 249177 transactions
2025-11-12T03:55:47.426255Z  WARN ThreadId(09) docker_node:    - Confirmation TPS (0.0) much lower than submission TPS (0.0)
2025-11-12T03:55:47.426263Z  WARN ThreadId(09) docker_node:    - Possible cause: HotStuff consensus network delay or block size limitation
2025-11-12T03:55:47.426274Z  WARN ThreadId(09) docker_node:   Connection reuse ineffective (9.9 msg/conn)
2025-11-12T03:55:47.493484Z  WARN ThreadId(09) docker_node: Node 1 Regular transaction queue backlog: 249177 transactions
2025-11-12T03:55:48.108334Z  WARN ThreadId(21) hotstuff_runner::tcp_node: Node 1 view 100 timed out; latency may accumulate
2025-11-12T03:55:50.381512Z  WARN ThreadId(20) hotstuff_rs::block_tree::invariants: SAFE_PC_FAIL: pc.block=[22, 177, 153, 233, 241, 94, 239, 6, 113, 207, 31, 59, 78, 104, 195, 161, 223, 33, 236, 121, 49, 217, 137, 220, 255, 4, 28, 250, 220, 15, 129, 29] view=92 phase=Generic | cond1(chain_id/genesis)=true (pc.chain_id=0, my.chain_id=0) | cond2(block_exists/genesis)=true (exists=true) | cond3(view>locked || extends)=false (pc.view=92, locked.view=95, extends=false) | cond4(phase/updates)=true (phase_special=false, has_updates=false) | highest_pc.block=[168, 169, 155, 219, 174, 202, 68, 16, 47, 143, 149, 130, 154, 27, 70, 137, 133, 132, 20, 135, 37, 235, 50, 14, 19, 141, 63, 27, 175, 241, 204, 151] highest_pc.view=98 locked.block=[206, 45, 179, 97, 71, 220, 106, 144, 16, 78, 77, 218, 192, 37, 72, 30, 42, 81, 84, 85, 191, 168, 221, 99, 103, 154, 159, 101, 152, 183, 203, 225] locked.view=95    
2025-11-12T03:55:50.381551Z  WARN ThreadId(20) hotstuff_rs::block_tree::invariants: SAFE_BLOCK_FAIL: block=[86, 152, 65, 189, 249, 98, 135, 129, 28, 200, 177, 111, 93, 177, 92, 65, 206, 76, 207, 54, 94, 246, 193, 111, 126, 142, 162, 157, 246, 189, 130, 178] height=None | cond1(safe_pc)=false | cond2(is_block_justify)=true (justify.phase=Generic) | justify.block=[22, 177, 153, 233, 241, 94, 239, 6, 113, 207, 31, 59, 78, 104, 195, 161, 223, 33, 236, 121, 49, 217, 137, 220, 255, 4, 28, 250, 220, 15, 129, 29] justify.view=92 | highest_pc.block=[168, 169, 155, 219, 174, 202, 68, 16, 47, 143, 149, 130, 154, 27, 70, 137, 133, 132, 20, 135, 37, 235, 50, 14, 19, 141, 63, 27, 175, 241, 204, 151] highest_pc.view=98 | locked.block=[206, 45, 179, 97, 71, 220, 106, 144, 16, 78, 77, 218, 192, 37, 72, 30, 42, 81, 84, 85, 191, 168, 221, 99, 103, 154, 159, 101, 152, 183, 203, 225] locked.view=95    
2025-11-12T03:55:52.317035Z  WARN ThreadId(21) hotstuff_runner::tcp_node: Node 1 view 101 timed out; latency may accumulate
2025-11-12T03:55:52.426051Z  WARN ThreadId(09) docker_node: HotStuff processing bottleneck detected:
2025-11-12T03:55:52.426079Z  WARN ThreadId(09) docker_node:    - HotStuff queue backlog: 249177 transactions
2025-11-12T03:55:52.426088Z  WARN ThreadId(09) docker_node:    - Confirmation TPS (0.0) much lower than submission TPS (0.0)
2025-11-12T03:55:52.426094Z  WARN ThreadId(09) docker_node:    - Possible cause: HotStuff consensus network delay or block size limitation
2025-11-12T03:55:52.426106Z  WARN ThreadId(09) docker_node:   Connection reuse ineffective (9.9 msg/conn)
2025-11-12T03:55:52.493306Z  WARN ThreadId(09) docker_node: Node 1 Regular transaction queue backlog: 249177 transactions
2025-11-12T03:55:57.426035Z  WARN ThreadId(08) docker_node:   Connection reuse ineffective (9.9 msg/conn)
2025-11-12T03:55:57.494240Z  WARN ThreadId(02) docker_node: Node 1 Regular transaction queue backlog: 249177 transactions
2025-11-12T03:56:02.425804Z  WARN ThreadId(02) docker_node:   Connection reuse ineffective (9.9 msg/conn)
2025-11-12T03:56:02.494005Z  WARN ThreadId(02) docker_node: Node 1 Regular transaction queue backlog: 249177 transactions
2025-11-12T03:56:04.403683Z  WARN ThreadId(21) hotstuff_runner::tcp_node: Node 1 view 107 timed out; latency may accumulate
2025-11-12T03:56:07.425310Z  WARN ThreadId(02) docker_node:   Connection reuse ineffective (9.9 msg/conn)
2025-11-12T03:56:07.493522Z  WARN ThreadId(02) docker_node: Node 1 Regular transaction queue backlog: 249177 transactions
2025-11-12T03:56:08.404507Z  WARN ThreadId(21) hotstuff_runner::tcp_node: Node 1 view 108 timed out; latency may accumulate
2025-11-12T03:56:09.617802Z  WARN ThreadId(20) hotstuff_rs::block_tree::invariants: SAFE_PC_FAIL: pc.block=[22, 177, 153, 233, 241, 94, 239, 6, 113, 207, 31, 59, 78, 104, 195, 161, 223, 33, 236, 121, 49, 217, 137, 220, 255, 4, 28, 250, 220, 15, 129, 29] view=92 phase=Generic | cond1(chain_id/genesis)=true (pc.chain_id=0, my.chain_id=0) | cond2(block_exists/genesis)=true (exists=true) | cond3(view>locked || extends)=false (pc.view=92, locked.view=105, extends=false) | cond4(phase/updates)=true (phase_special=false, has_updates=false) | highest_pc.block=[210, 165, 117, 214, 84, 241, 145, 98, 166, 57, 164, 86, 208, 100, 109, 123, 0, 166, 30, 209, 229, 65, 217, 209, 233, 108, 68, 7, 189, 149, 112, 56] highest_pc.view=106 locked.block=[49, 140, 127, 68, 71, 18, 146, 152, 117, 213, 206, 227, 174, 106, 218, 45, 211, 122, 132, 202, 7, 201, 186, 52, 200, 13, 207, 59, 216, 79, 197, 161] locked.view=105    
2025-11-12T03:56:09.617843Z  WARN ThreadId(20) hotstuff_rs::block_tree::invariants: SAFE_BLOCK_FAIL: block=[221, 191, 76, 79, 53, 35, 193, 115, 74, 142, 41, 112, 84, 12, 239, 136, 161, 141, 37, 182, 222, 84, 39, 163, 98, 21, 112, 174, 228, 53, 26, 182] height=None | cond1(safe_pc)=false | cond2(is_block_justify)=true (justify.phase=Generic) | justify.block=[22, 177, 153, 233, 241, 94, 239, 6, 113, 207, 31, 59, 78, 104, 195, 161, 223, 33, 236, 121, 49, 217, 137, 220, 255, 4, 28, 250, 220, 15, 129, 29] justify.view=92 | highest_pc.block=[210, 165, 117, 214, 84, 241, 145, 98, 166, 57, 164, 86, 208, 100, 109, 123, 0, 166, 30, 209, 229, 65, 217, 209, 233, 108, 68, 7, 189, 149, 112, 56] highest_pc.view=106 | locked.block=[49, 140, 127, 68, 71, 18, 146, 152, 117, 213, 206, 227, 174, 106, 218, 45, 211, 122, 132, 202, 7, 201, 186, 52, 200, 13, 207, 59, 216, 79, 197, 161] locked.view=105    
2025-11-12T03:56:12.405236Z  WARN ThreadId(21) hotstuff_runner::tcp_node: Node 1 view 109 timed out; latency may accumulate
2025-11-12T03:56:12.426208Z  WARN ThreadId(02) docker_node:   Connection reuse ineffective (9.9 msg/conn)
2025-11-12T03:56:12.493427Z  WARN ThreadId(02) docker_node: Node 1 Regular transaction queue backlog: 249177 transactions
2025-11-12T03:56:17.425624Z  WARN ThreadId(02) docker_node:   Connection reuse ineffective (9.9 msg/conn)
2025-11-12T03:56:17.493842Z  WARN ThreadId(02) docker_node: Node 1 Regular transaction queue backlog: 249177 transactions
2025-11-12T03:56:18.423456Z  WARN ThreadId(20) hotstuff_rs::block_tree::invariants: SAFE_PC_FAIL: pc.block=[22, 177, 153, 233, 241, 94, 239, 6, 113, 207, 31, 59, 78, 104, 195, 161, 223, 33, 236, 121, 49, 217, 137, 220, 255, 4, 28, 250, 220, 15, 129, 29] view=92 phase=Generic | cond1(chain_id/genesis)=true (pc.chain_id=0, my.chain_id=0) | cond2(block_exists/genesis)=true (exists=true) | cond3(view>locked || extends)=false (pc.view=92, locked.view=106, extends=false) | cond4(phase/updates)=true (phase_special=false, has_updates=false) | highest_pc.block=[235, 118, 18, 242, 80, 4, 40, 11, 61, 200, 118, 57, 160, 36, 248, 254, 162, 0, 133, 4, 0, 218, 72, 138, 158, 132, 140, 184, 220, 92, 27, 201] highest_pc.view=110 locked.block=[210, 165, 117, 214, 84, 241, 145, 98, 166, 57, 164, 86, 208, 100, 109, 123, 0, 166, 30, 209, 229, 65, 217, 209, 233, 108, 68, 7, 189, 149, 112, 56] locked.view=106    
2025-11-12T03:56:18.423489Z  WARN ThreadId(20) hotstuff_rs::block_tree::invariants: SAFE_BLOCK_FAIL: block=[110, 104, 185, 84, 90, 56, 164, 91, 83, 207, 199, 49, 139, 0, 98, 29, 179, 204, 218, 134, 80, 15, 230, 182, 96, 26, 80, 83, 249, 55, 3, 10] height=None | cond1(safe_pc)=false | cond2(is_block_justify)=true (justify.phase=Generic) | justify.block=[22, 177, 153, 233, 241, 94, 239, 6, 113, 207, 31, 59, 78, 104, 195, 161, 223, 33, 236, 121, 49, 217, 137, 220, 255, 4, 28, 250, 220, 15, 129, 29] justify.view=92 | highest_pc.block=[235, 118, 18, 242, 80, 4, 40, 11, 61, 200, 118, 57, 160, 36, 248, 254, 162, 0, 133, 4, 0, 218, 72, 138, 158, 132, 140, 184, 220, 92, 27, 201] highest_pc.view=110 | locked.block=[210, 165, 117, 214, 84, 241, 145, 98, 166, 57, 164, 86, 208, 100, 109, 123, 0, 166, 30, 209, 229, 65, 217, 209, 233, 108, 68, 7, 189, 149, 112, 56] locked.view=106    
2025-11-12T03:56:22.199180Z  WARN ThreadId(21) hotstuff_runner::tcp_node: Node 1 view 112 timed out; latency may accumulate
2025-11-12T03:56:22.425791Z  WARN ThreadId(02) docker_node:   Connection reuse ineffective (9.9 msg/conn)
2025-11-12T03:56:22.493995Z  WARN ThreadId(02) docker_node: Node 1 Regular transaction queue backlog: 249177 transactions
2025-11-12T03:56:22.642318Z  WARN ThreadId(20) hotstuff_runner::app: Node 1 [produce_block] queue size: 249177, attempting up to 180000 transactions this block    
2025-11-12T03:56:22.723649Z  WARN ThreadId(20) hotstuff_runner::app: Node 1 view(114) far exceeds block count (3); potential sync issue    
2025-11-12T03:56:27.418183Z  WARN ThreadId(21) hotstuff_runner::tcp_node: Node 1 view 116 timed out; latency may accumulate
2025-11-12T03:56:27.425641Z  WARN ThreadId(08) docker_node:   Connection reuse ineffective (9.9 msg/conn)
2025-11-12T03:56:27.689097Z  WARN ThreadId(20) hotstuff_rs::block_tree::invariants: SAFE_PC_FAIL: pc.block=[157, 245, 42, 234, 103, 70, 228, 37, 119, 227, 133, 75, 206, 38, 97, 200, 214, 72, 20, 12, 122, 167, 182, 117, 233, 21, 182, 106, 156, 24, 58, 60] view=93 phase=Generic | cond1(chain_id/genesis)=true (pc.chain_id=0, my.chain_id=0) | cond2(block_exists/genesis)=true (exists=true) | cond3(view>locked || extends)=false (pc.view=93, locked.view=114, extends=false) | cond4(phase/updates)=true (phase_special=false, has_updates=false) | highest_pc.block=[75, 247, 214, 153, 238, 85, 198, 211, 209, 214, 229, 31, 21, 248, 74, 6, 191, 27, 156, 19, 164, 104, 240, 44, 28, 78, 73, 125, 199, 37, 38, 114] highest_pc.view=115 locked.block=[95, 148, 53, 79, 49, 223, 7, 70, 146, 184, 153, 61, 111, 143, 219, 237, 237, 211, 233, 16, 181, 222, 96, 238, 222, 107, 244, 215, 246, 138, 41, 173] locked.view=114    
2025-11-12T03:56:27.689138Z  WARN ThreadId(20) hotstuff_rs::block_tree::invariants: SAFE_BLOCK_FAIL: block=[87, 19, 212, 211, 236, 208, 185, 219, 222, 165, 103, 156, 29, 245, 11, 115, 83, 20, 27, 200, 10, 115, 164, 200, 249, 201, 74, 6, 245, 166, 214, 23] height=None | cond1(safe_pc)=false | cond2(is_block_justify)=true (justify.phase=Generic) | justify.block=[157, 245, 42, 234, 103, 70, 228, 37, 119, 227, 133, 75, 206, 38, 97, 200, 214, 72, 20, 12, 122, 167, 182, 117, 233, 21, 182, 106, 156, 24, 58, 60] justify.view=93 | highest_pc.block=[75, 247, 214, 153, 238, 85, 198, 211, 209, 214, 229, 31, 21, 248, 74, 6, 191, 27, 156, 19, 164, 104, 240, 44, 28, 78, 73, 125, 199, 37, 38, 114] highest_pc.view=115 | locked.block=[95, 148, 53, 79, 49, 223, 7, 70, 146, 184, 153, 61, 111, 143, 219, 237, 237, 211, 233, 16, 181, 222, 96, 238, 222, 107, 244, 215, 246, 138, 41, 173] locked.view=114    
2025-11-12T03:56:32.425611Z  WARN ThreadId(08) docker_node:   Connection reuse ineffective (9.9 msg/conn)
2025-11-12T03:56:37.425611Z  WARN ThreadId(08) docker_node:   Connection reuse ineffective (9.9 msg/conn)
2025-11-12T03:56:42.425769Z  WARN ThreadId(08) docker_node:   Connection reuse ineffective (9.9 msg/conn)
2025-11-12T03:56:47.425827Z  WARN ThreadId(08) docker_node:   Connection reuse ineffective (9.9 msg/conn)
2025-11-12T03:56:52.426058Z  WARN ThreadId(08) docker_node:   Connection reuse ineffective (9.9 msg/conn)
