2025-11-07T03:02:36.791398Z  WARN ThreadId(01) hotstuff_runner::telemetry: Prometheus metrics exporter started ✅ listen_addr=0.0.0.0:9900
2025-11-07T03:02:36.794141Z  WARN ThreadId(01) hotstuff_runner::telemetry: ✅ wrote smrol.node_up=1 (boot) node_id=0
2025-11-07T03:02:57.008277Z  WARN ThreadId(01) hotstuff_runner::tcp_node: Node 0 view timeout set to 3000 ms
2025-11-07T03:02:57.019157Z ERROR ThreadId(22) hotstuff_runner::pompe_network: Node 0 failed to connect to node 1: Connection refused (os error 111)
2025-11-07T03:02:57.020150Z ERROR ThreadId(23) hotstuff_runner::pompe_network: Node 0 failed to connect to node 6: Connection refused (os error 111)
2025-11-07T03:02:57.020844Z ERROR ThreadId(23) hotstuff_runner::pompe_network: Node 0 failed to connect to node 7: Connection refused (os error 111)
2025-11-07T03:02:57.022545Z ERROR ThreadId(23) hotstuff_runner::pompe_network: Node 0 failed to connect to node 8: Connection refused (os error 111)
2025-11-07T03:02:57.023216Z ERROR ThreadId(23) hotstuff_runner::pompe_network: Node 0 failed to connect to node 9: Connection refused (os error 111)
2025-11-07T03:02:57.023670Z ERROR ThreadId(23) hotstuff_runner::pompe_network: Node 0 failed to connect to node 11: Connection refused (os error 111)
2025-11-07T03:02:57.024463Z ERROR ThreadId(23) hotstuff_runner::pompe_network: Node 0 failed to connect to node 15: Connection refused (os error 111)
2025-11-07T03:02:57.025995Z ERROR ThreadId(23) hotstuff_runner::pompe_network: Node 0 failed to connect to node 23: Connection refused (os error 111)
2025-11-07T03:02:57.027531Z ERROR ThreadId(23) hotstuff_runner::pompe_network: Node 0 failed to connect to node 29: Connection refused (os error 111)
2025-11-07T03:02:57.028428Z ERROR ThreadId(23) hotstuff_runner::pompe_network: Node 0 failed to connect to node 30: Connection refused (os error 111)
2025-11-07T03:02:57.029545Z ERROR ThreadId(23) hotstuff_runner::pompe_network: Node 0 failed to connect to node 31: Connection refused (os error 111)
2025-11-07T03:02:57.033421Z ERROR ThreadId(23) hotstuff_runner::pompe_network: Node 0 failed to connect to node 40: Connection refused (os error 111)
2025-11-07T03:02:57.034812Z ERROR ThreadId(23) hotstuff_runner::pompe_network: Node 0 failed to connect to node 43: Connection refused (os error 111)
2025-11-07T03:02:57.035807Z ERROR ThreadId(23) hotstuff_runner::pompe_network: Node 0 failed to connect to node 45: Connection refused (os error 111)
2025-11-07T03:02:57.036884Z ERROR ThreadId(23) hotstuff_runner::pompe_network: Node 0 failed to connect to node 46: Connection refused (os error 111)
2025-11-07T03:02:57.038294Z ERROR ThreadId(23) hotstuff_runner::pompe_network: Node 0 failed to connect to node 48: Connection refused (os error 111)
2025-11-07T03:02:57.041026Z ERROR ThreadId(23) hotstuff_runner::pompe_network: Node 0 failed to connect to node 49: Connection refused (os error 111)
2025-11-07T03:02:57.042791Z ERROR ThreadId(23) hotstuff_runner::pompe_network: Node 0 failed to connect to node 51: Connection refused (os error 111)
2025-11-07T03:02:57.043542Z ERROR ThreadId(23) hotstuff_runner::pompe_network: Node 0 failed to connect to node 53: Connection refused (os error 111)
2025-11-07T03:02:57.054821Z ERROR ThreadId(23) hotstuff_runner::pompe_network: Node 0 failed to connect to node 55: Connection refused (os error 111)
2025-11-07T03:02:57.055864Z  WARN ThreadId(01) hotstuff_runner::smrol::sequencing: SMROL_MEDIAN_INFLIGHT=24, SMROL_ORDER_FINALIZE_INFLIGHT=4, SMROL_FINAL_SIGN_INFLIGHT=4, SMROL_FINAL_VERIFY_INFLIGHT=24
2025-11-07T03:02:57.055922Z  WARN ThreadId(01) hotstuff_runner::smrol::sequencing: [Sequencing] Node 0 multi-signature verification disabled: false
2025-11-07T03:02:57.056020Z  WARN ThreadId(04) hotstuff_runner::smrol::sequencing: [Sequencing] Node 0 final verify dispatcher started
2025-11-07T03:02:57.056106Z ERROR ThreadId(22) hotstuff_runner::pompe_network: Node 0 failed to connect to node 56: Connection refused (os error 111)
2025-11-07T03:02:57.057202Z  WARN ThreadId(05) docker_node:   Connection reuse ineffective (2.0 msg/conn)
2025-11-07T03:02:57.057516Z ERROR ThreadId(22) hotstuff_runner::pompe_network: Node 0 failed to connect to node 62: Connection refused (os error 111)
2025-11-07T03:02:57.058998Z ERROR ThreadId(22) hotstuff_runner::pompe_network: Node 0 failed to connect to node 65: Connection refused (os error 111)
2025-11-07T03:02:57.060133Z ERROR ThreadId(22) hotstuff_runner::pompe_network: Node 0 failed to connect to node 69: Connection refused (os error 111)
2025-11-07T03:02:57.060864Z ERROR ThreadId(22) hotstuff_runner::pompe_network: Node 0 failed to connect to node 73: Connection refused (os error 111)
2025-11-07T03:02:57.061305Z ERROR ThreadId(22) hotstuff_runner::pompe_network: Node 0 failed to connect to node 75: Connection refused (os error 111)
2025-11-07T03:02:57.061845Z ERROR ThreadId(22) hotstuff_runner::pompe_network: Node 0 failed to connect to node 78: Connection refused (os error 111)
2025-11-07T03:02:57.063330Z ERROR ThreadId(22) hotstuff_runner::pompe_network: Node 0 failed to connect to node 80: Connection refused (os error 111)
2025-11-07T03:02:57.063982Z ERROR ThreadId(22) hotstuff_runner::pompe_network: Node 0 failed to connect to node 81: Connection refused (os error 111)
2025-11-07T03:02:57.066596Z ERROR ThreadId(22) hotstuff_runner::pompe_network: Node 0 failed to connect to node 87: Connection refused (os error 111)
2025-11-07T03:02:57.080250Z ERROR ThreadId(23) hotstuff_runner::pompe_network: Node 0 failed to connect to node 90: Connection refused (os error 111)
2025-11-07T03:02:57.080620Z ERROR ThreadId(23) hotstuff_runner::pompe_network: Node 0 failed to connect to node 92: Connection refused (os error 111)
2025-11-07T03:02:57.080926Z ERROR ThreadId(23) hotstuff_runner::pompe_network: Node 0 failed to connect to node 94: Connection refused (os error 111)
2025-11-07T03:02:57.081273Z ERROR ThreadId(23) hotstuff_runner::pompe_network: Node 0 failed to connect to node 96: Connection refused (os error 111)
2025-11-07T03:03:02.056840Z  WARN ThreadId(04) docker_node:   Connection reuse ineffective (2.0 msg/conn)
2025-11-07T03:03:02.060231Z  WARN ThreadId(01) docker_node: Node 0 port 20000 temporarily unreachable: failed to lookup address information: Temporary failure in name resolution
2025-11-07T03:03:02.062178Z  WARN ThreadId(01) docker_node: Node 1 port 20001 temporarily unreachable: failed to lookup address information: Temporary failure in name resolution
2025-11-07T03:03:02.064141Z  WARN ThreadId(01) docker_node: Node 2 port 20002 temporarily unreachable: failed to lookup address information: Temporary failure in name resolution
2025-11-07T03:03:02.066416Z  WARN ThreadId(01) docker_node: Node 3 port 20003 temporarily unreachable: failed to lookup address information: Temporary failure in name resolution
2025-11-07T03:03:02.068321Z  WARN ThreadId(01) docker_node: Node 4 port 20004 temporarily unreachable: failed to lookup address information: Temporary failure in name resolution
2025-11-07T03:03:02.070194Z  WARN ThreadId(01) docker_node: Node 5 port 20005 temporarily unreachable: failed to lookup address information: Temporary failure in name resolution
2025-11-07T03:03:02.072134Z  WARN ThreadId(01) docker_node: Node 6 port 20006 temporarily unreachable: failed to lookup address information: Temporary failure in name resolution
2025-11-07T03:03:02.073922Z  WARN ThreadId(01) docker_node: Node 7 port 20007 temporarily unreachable: failed to lookup address information: Temporary failure in name resolution
2025-11-07T03:03:02.075776Z  WARN ThreadId(01) docker_node: Node 8 port 20008 temporarily unreachable: failed to lookup address information: Temporary failure in name resolution
2025-11-07T03:03:02.077562Z  WARN ThreadId(01) docker_node: Node 9 port 20009 temporarily unreachable: failed to lookup address information: Temporary failure in name resolution
2025-11-07T03:03:02.079439Z  WARN ThreadId(01) docker_node: Node 10 port 20010 temporarily unreachable: failed to lookup address information: Temporary failure in name resolution
2025-11-07T03:03:02.081291Z  WARN ThreadId(01) docker_node: Node 11 port 20011 temporarily unreachable: failed to lookup address information: Temporary failure in name resolution
2025-11-07T03:03:02.083555Z  WARN ThreadId(01) docker_node: Node 12 port 20012 temporarily unreachable: failed to lookup address information: Temporary failure in name resolution
2025-11-07T03:03:02.085292Z  WARN ThreadId(01) docker_node: Node 13 port 20013 temporarily unreachable: failed to lookup address information: Temporary failure in name resolution
2025-11-07T03:03:02.086976Z  WARN ThreadId(01) docker_node: Node 14 port 20014 temporarily unreachable: failed to lookup address information: Temporary failure in name resolution
2025-11-07T03:03:02.089204Z  WARN ThreadId(01) docker_node: Node 15 port 20015 temporarily unreachable: failed to lookup address information: Temporary failure in name resolution
2025-11-07T03:03:02.091553Z  WARN ThreadId(01) docker_node: Node 16 port 20016 temporarily unreachable: failed to lookup address information: Temporary failure in name resolution
2025-11-07T03:03:02.093398Z  WARN ThreadId(01) docker_node: Node 17 port 20017 temporarily unreachable: failed to lookup address information: Temporary failure in name resolution
2025-11-07T03:03:02.095517Z  WARN ThreadId(01) docker_node: Node 18 port 20018 temporarily unreachable: failed to lookup address information: Temporary failure in name resolution
2025-11-07T03:03:02.097435Z  WARN ThreadId(01) docker_node: Node 19 port 20019 temporarily unreachable: failed to lookup address information: Temporary failure in name resolution
2025-11-07T03:03:02.099347Z  WARN ThreadId(01) docker_node: Node 20 port 20020 temporarily unreachable: failed to lookup address information: Temporary failure in name resolution
2025-11-07T03:03:02.101772Z  WARN ThreadId(01) docker_node: Node 21 port 20021 temporarily unreachable: failed to lookup address information: Temporary failure in name resolution
2025-11-07T03:03:02.104357Z  WARN ThreadId(01) docker_node: Node 22 port 20022 temporarily unreachable: failed to lookup address information: Temporary failure in name resolution
2025-11-07T03:03:02.106730Z  WARN ThreadId(01) docker_node: Node 23 port 20023 temporarily unreachable: failed to lookup address information: Temporary failure in name resolution
2025-11-07T03:03:02.108773Z  WARN ThreadId(01) docker_node: Node 24 port 20024 temporarily unreachable: failed to lookup address information: Temporary failure in name resolution
2025-11-07T03:03:02.110505Z  WARN ThreadId(01) docker_node: Node 25 port 20025 temporarily unreachable: failed to lookup address information: Temporary failure in name resolution
2025-11-07T03:03:02.112282Z  WARN ThreadId(01) docker_node: Node 26 port 20026 temporarily unreachable: failed to lookup address information: Temporary failure in name resolution
2025-11-07T03:03:02.114029Z  WARN ThreadId(01) docker_node: Node 27 port 20027 temporarily unreachable: failed to lookup address information: Temporary failure in name resolution
2025-11-07T03:03:02.116066Z  WARN ThreadId(01) docker_node: Node 28 port 20028 temporarily unreachable: failed to lookup address information: Temporary failure in name resolution
2025-11-07T03:03:02.117807Z  WARN ThreadId(01) docker_node: Node 29 port 20029 temporarily unreachable: failed to lookup address information: Temporary failure in name resolution
2025-11-07T03:03:02.119371Z  WARN ThreadId(01) docker_node: Node 30 port 20030 temporarily unreachable: failed to lookup address information: Temporary failure in name resolution
2025-11-07T03:03:02.121186Z  WARN ThreadId(01) docker_node: Node 31 port 20031 temporarily unreachable: failed to lookup address information: Temporary failure in name resolution
2025-11-07T03:03:02.123130Z  WARN ThreadId(01) docker_node: Node 32 port 20032 temporarily unreachable: failed to lookup address information: Temporary failure in name resolution
2025-11-07T03:03:02.124920Z  WARN ThreadId(01) docker_node: Node 33 port 20033 temporarily unreachable: failed to lookup address information: Temporary failure in name resolution
2025-11-07T03:03:02.126979Z  WARN ThreadId(01) docker_node: Node 34 port 20034 temporarily unreachable: failed to lookup address information: Temporary failure in name resolution
2025-11-07T03:03:02.128693Z  WARN ThreadId(01) docker_node: Node 35 port 20035 temporarily unreachable: failed to lookup address information: Temporary failure in name resolution
2025-11-07T03:03:02.130421Z  WARN ThreadId(01) docker_node: Node 36 port 20036 temporarily unreachable: failed to lookup address information: Temporary failure in name resolution
2025-11-07T03:03:02.132270Z  WARN ThreadId(01) docker_node: Node 37 port 20037 temporarily unreachable: failed to lookup address information: Temporary failure in name resolution
2025-11-07T03:03:02.134199Z  WARN ThreadId(01) docker_node: Node 38 port 20038 temporarily unreachable: failed to lookup address information: Temporary failure in name resolution
2025-11-07T03:03:02.136039Z  WARN ThreadId(01) docker_node: Node 39 port 20039 temporarily unreachable: failed to lookup address information: Temporary failure in name resolution
2025-11-07T03:03:02.137954Z  WARN ThreadId(01) docker_node: Node 40 port 20040 temporarily unreachable: failed to lookup address information: Temporary failure in name resolution
2025-11-07T03:03:02.140348Z  WARN ThreadId(01) docker_node: Node 41 port 20041 temporarily unreachable: failed to lookup address information: Temporary failure in name resolution
2025-11-07T03:03:02.142190Z  WARN ThreadId(01) docker_node: Node 42 port 20042 temporarily unreachable: failed to lookup address information: Temporary failure in name resolution
2025-11-07T03:03:02.143912Z  WARN ThreadId(01) docker_node: Node 43 port 20043 temporarily unreachable: failed to lookup address information: Temporary failure in name resolution
2025-11-07T03:03:02.145731Z  WARN ThreadId(01) docker_node: Node 44 port 20044 temporarily unreachable: failed to lookup address information: Temporary failure in name resolution
2025-11-07T03:03:02.147405Z  WARN ThreadId(01) docker_node: Node 45 port 20045 temporarily unreachable: failed to lookup address information: Temporary failure in name resolution
2025-11-07T03:03:02.149268Z  WARN ThreadId(01) docker_node: Node 46 port 20046 temporarily unreachable: failed to lookup address information: Temporary failure in name resolution
2025-11-07T03:03:02.151035Z  WARN ThreadId(01) docker_node: Node 47 port 20047 temporarily unreachable: failed to lookup address information: Temporary failure in name resolution
2025-11-07T03:03:02.152767Z  WARN ThreadId(01) docker_node: Node 48 port 20048 temporarily unreachable: failed to lookup address information: Temporary failure in name resolution
2025-11-07T03:03:02.154614Z  WARN ThreadId(01) docker_node: Node 49 port 20049 temporarily unreachable: failed to lookup address information: Temporary failure in name resolution
2025-11-07T03:03:02.156493Z  WARN ThreadId(01) docker_node: Node 50 port 20050 temporarily unreachable: failed to lookup address information: Temporary failure in name resolution
2025-11-07T03:03:02.158369Z  WARN ThreadId(01) docker_node: Node 51 port 20051 temporarily unreachable: failed to lookup address information: Temporary failure in name resolution
2025-11-07T03:03:02.160096Z  WARN ThreadId(01) docker_node: Node 52 port 20052 temporarily unreachable: failed to lookup address information: Temporary failure in name resolution
2025-11-07T03:03:02.161826Z  WARN ThreadId(01) docker_node: Node 53 port 20053 temporarily unreachable: failed to lookup address information: Temporary failure in name resolution
2025-11-07T03:03:02.163647Z  WARN ThreadId(01) docker_node: Node 54 port 20054 temporarily unreachable: failed to lookup address information: Temporary failure in name resolution
2025-11-07T03:03:02.165559Z  WARN ThreadId(01) docker_node: Node 55 port 20055 temporarily unreachable: failed to lookup address information: Temporary failure in name resolution
2025-11-07T03:03:02.167411Z  WARN ThreadId(01) docker_node: Node 56 port 20056 temporarily unreachable: failed to lookup address information: Temporary failure in name resolution
2025-11-07T03:03:02.169247Z  WARN ThreadId(01) docker_node: Node 57 port 20057 temporarily unreachable: failed to lookup address information: Temporary failure in name resolution
2025-11-07T03:03:02.173055Z  WARN ThreadId(01) docker_node: Node 58 port 20058 temporarily unreachable: failed to lookup address information: Temporary failure in name resolution
2025-11-07T03:03:02.180561Z  WARN ThreadId(01) docker_node: Node 59 port 20059 temporarily unreachable: failed to lookup address information: Temporary failure in name resolution
2025-11-07T03:03:02.183166Z  WARN ThreadId(01) docker_node: Node 60 port 20060 temporarily unreachable: failed to lookup address information: Temporary failure in name resolution
2025-11-07T03:03:02.185533Z  WARN ThreadId(01) docker_node: Node 61 port 20061 temporarily unreachable: failed to lookup address information: Temporary failure in name resolution
2025-11-07T03:03:02.187333Z  WARN ThreadId(01) docker_node: Node 62 port 20062 temporarily unreachable: failed to lookup address information: Temporary failure in name resolution
2025-11-07T03:03:02.189304Z  WARN ThreadId(01) docker_node: Node 63 port 20063 temporarily unreachable: failed to lookup address information: Temporary failure in name resolution
2025-11-07T03:03:02.191257Z  WARN ThreadId(01) docker_node: Node 64 port 20064 temporarily unreachable: failed to lookup address information: Temporary failure in name resolution
2025-11-07T03:03:02.194234Z  WARN ThreadId(01) docker_node: Node 65 port 20065 temporarily unreachable: failed to lookup address information: Temporary failure in name resolution
2025-11-07T03:03:02.196674Z  WARN ThreadId(01) docker_node: Node 66 port 20066 temporarily unreachable: failed to lookup address information: Temporary failure in name resolution
2025-11-07T03:03:02.200024Z  WARN ThreadId(01) docker_node: Node 67 port 20067 temporarily unreachable: failed to lookup address information: Temporary failure in name resolution
2025-11-07T03:03:02.201984Z  WARN ThreadId(01) docker_node: Node 68 port 20068 temporarily unreachable: failed to lookup address information: Temporary failure in name resolution
2025-11-07T03:03:02.204835Z  WARN ThreadId(01) docker_node: Node 69 port 20069 temporarily unreachable: failed to lookup address information: Temporary failure in name resolution
2025-11-07T03:03:02.206825Z  WARN ThreadId(01) docker_node: Node 70 port 20070 temporarily unreachable: failed to lookup address information: Temporary failure in name resolution
2025-11-07T03:03:02.208838Z  WARN ThreadId(01) docker_node: Node 71 port 20071 temporarily unreachable: failed to lookup address information: Temporary failure in name resolution
2025-11-07T03:03:02.210828Z  WARN ThreadId(01) docker_node: Node 72 port 20072 temporarily unreachable: failed to lookup address information: Temporary failure in name resolution
2025-11-07T03:03:02.219193Z  WARN ThreadId(01) docker_node: Node 73 port 20073 temporarily unreachable: failed to lookup address information: Temporary failure in name resolution
2025-11-07T03:03:02.221283Z  WARN ThreadId(01) docker_node: Node 74 port 20074 temporarily unreachable: failed to lookup address information: Temporary failure in name resolution
2025-11-07T03:03:02.223509Z  WARN ThreadId(01) docker_node: Node 75 port 20075 temporarily unreachable: failed to lookup address information: Temporary failure in name resolution
2025-11-07T03:03:02.225448Z  WARN ThreadId(01) docker_node: Node 76 port 20076 temporarily unreachable: failed to lookup address information: Temporary failure in name resolution
2025-11-07T03:03:02.228032Z  WARN ThreadId(01) docker_node: Node 77 port 20077 temporarily unreachable: failed to lookup address information: Temporary failure in name resolution
2025-11-07T03:03:02.229722Z  WARN ThreadId(01) docker_node: Node 78 port 20078 temporarily unreachable: failed to lookup address information: Temporary failure in name resolution
2025-11-07T03:03:02.231639Z  WARN ThreadId(01) docker_node: Node 79 port 20079 temporarily unreachable: failed to lookup address information: Temporary failure in name resolution
2025-11-07T03:03:02.233447Z  WARN ThreadId(01) docker_node: Node 80 port 20080 temporarily unreachable: failed to lookup address information: Temporary failure in name resolution
2025-11-07T03:03:02.235140Z  WARN ThreadId(01) docker_node: Node 81 port 20081 temporarily unreachable: failed to lookup address information: Temporary failure in name resolution
2025-11-07T03:03:02.237123Z  WARN ThreadId(01) docker_node: Node 82 port 20082 temporarily unreachable: failed to lookup address information: Temporary failure in name resolution
2025-11-07T03:03:02.238904Z  WARN ThreadId(01) docker_node: Node 83 port 20083 temporarily unreachable: failed to lookup address information: Temporary failure in name resolution
2025-11-07T03:03:02.240805Z  WARN ThreadId(01) docker_node: Node 84 port 20084 temporarily unreachable: failed to lookup address information: Temporary failure in name resolution
2025-11-07T03:03:02.242458Z  WARN ThreadId(01) docker_node: Node 85 port 20085 temporarily unreachable: failed to lookup address information: Temporary failure in name resolution
2025-11-07T03:03:02.244089Z  WARN ThreadId(01) docker_node: Node 86 port 20086 temporarily unreachable: failed to lookup address information: Temporary failure in name resolution
2025-11-07T03:03:02.245728Z  WARN ThreadId(01) docker_node: Node 87 port 20087 temporarily unreachable: failed to lookup address information: Temporary failure in name resolution
2025-11-07T03:03:02.247425Z  WARN ThreadId(01) docker_node: Node 88 port 20088 temporarily unreachable: failed to lookup address information: Temporary failure in name resolution
2025-11-07T03:03:02.249104Z  WARN ThreadId(01) docker_node: Node 89 port 20089 temporarily unreachable: failed to lookup address information: Temporary failure in name resolution
2025-11-07T03:03:02.250727Z  WARN ThreadId(01) docker_node: Node 90 port 20090 temporarily unreachable: failed to lookup address information: Temporary failure in name resolution
2025-11-07T03:03:02.252870Z  WARN ThreadId(01) docker_node: Node 91 port 20091 temporarily unreachable: failed to lookup address information: Temporary failure in name resolution
2025-11-07T03:03:02.254587Z  WARN ThreadId(01) docker_node: Node 92 port 20092 temporarily unreachable: failed to lookup address information: Temporary failure in name resolution
2025-11-07T03:03:02.256306Z  WARN ThreadId(01) docker_node: Node 93 port 20093 temporarily unreachable: failed to lookup address information: Temporary failure in name resolution
2025-11-07T03:03:02.258004Z  WARN ThreadId(01) docker_node: Node 94 port 20094 temporarily unreachable: failed to lookup address information: Temporary failure in name resolution
2025-11-07T03:03:02.259616Z  WARN ThreadId(01) docker_node: Node 95 port 20095 temporarily unreachable: failed to lookup address information: Temporary failure in name resolution
2025-11-07T03:03:02.261284Z  WARN ThreadId(01) docker_node: Node 96 port 20096 temporarily unreachable: failed to lookup address information: Temporary failure in name resolution
2025-11-07T03:03:02.262809Z  WARN ThreadId(01) docker_node: Node 97 port 20097 temporarily unreachable: failed to lookup address information: Temporary failure in name resolution
2025-11-07T03:03:02.264370Z  WARN ThreadId(01) docker_node: Node 98 port 20098 temporarily unreachable: failed to lookup address information: Temporary failure in name resolution
2025-11-07T03:03:02.266303Z  WARN ThreadId(01) docker_node: Node 99 port 20099 temporarily unreachable: failed to lookup address information: Temporary failure in name resolution
2025-11-07T03:03:07.057620Z  WARN ThreadId(04) docker_node:   Connection reuse ineffective (2.0 msg/conn)
2025-11-07T03:03:12.057721Z  WARN ThreadId(04) docker_node:   Connection reuse ineffective (2.0 msg/conn)
2025-11-07T03:03:17.057744Z  WARN ThreadId(04) docker_node:   Connection reuse ineffective (2.0 msg/conn)
2025-11-07T03:03:22.057150Z  WARN ThreadId(04) docker_node:   Connection reuse ineffective (2.0 msg/conn)
2025-11-07T03:03:27.058289Z  WARN ThreadId(06) docker_node:   Connection reuse ineffective (2.0 msg/conn)
2025-11-07T03:03:32.057043Z  WARN ThreadId(04) docker_node:   Connection reuse ineffective (2.0 msg/conn)
2025-11-07T03:03:35.001778Z  WARN ThreadId(25) hotstuff_runner::smrol::network: ⚠️ [Check] Writer 0 -> 24 slow write: 5.971836ms
2025-11-07T03:03:35.002044Z  WARN ThreadId(25) hotstuff_runner::smrol::network: ⚠️ [Check] Writer 0 -> 66 slow write: 6.468154ms
2025-11-07T03:03:35.021882Z  WARN ThreadId(25) hotstuff_runner::smrol::network: ⚠️ [Check] Writer 0 -> 80 slow write: 5.916865ms
2025-11-07T03:03:35.036236Z  WARN ThreadId(25) hotstuff_runner::smrol::network: ⚠️ [Check] Writer 0 -> 46 slow write: 10.780821ms
2025-11-07T03:03:35.036302Z  WARN ThreadId(25) hotstuff_runner::smrol::network: ⚠️ [Check] Writer 0 -> 92 slow write: 11.812489ms
2025-11-07T03:03:35.078345Z  WARN ThreadId(25) hotstuff_runner::smrol::network: ⚠️ [Check] Writer 0 -> 65 slow write: 7.109766ms
2025-11-07T03:03:35.091316Z  WARN ThreadId(25) hotstuff_runner::smrol::network: ⚠️ [Check] Writer 0 -> 32 slow write: 7.455332ms
2025-11-07T03:03:35.112469Z  WARN ThreadId(25) hotstuff_runner::smrol::network: ⚠️ [Check] Writer 0 -> 48 slow write: 11.717467ms
2025-11-07T03:03:35.130079Z  WARN ThreadId(25) hotstuff_runner::smrol::network: ⚠️ [Check] Writer 0 -> 42 slow write: 8.703853ms
2025-11-07T03:03:35.152634Z  WARN ThreadId(25) hotstuff_runner::smrol::network: ⚠️ [Check] Writer 0 -> 54 slow write: 5.799303ms
2025-11-07T03:03:35.463553Z  WARN ThreadId(25) hotstuff_runner::smrol::network: ⚠️ [Check] Writer 0 -> 27 slow write: 6.034796ms
2025-11-07T03:03:35.611771Z  WARN ThreadId(24) hotstuff_runner::smrol::network: ⚠️ [Check] Writer 0 -> 95 slow write: 92.866711ms
2025-11-07T03:03:35.611931Z  WARN ThreadId(25) hotstuff_runner::smrol::network: ⚠️ [Check] Writer 0 -> 7 slow write: 94.068492ms
2025-11-07T03:03:35.613273Z  WARN ThreadId(25) hotstuff_runner::smrol::network: ⚠️ [Check] Writer 0 -> 65 slow write: 94.294826ms
2025-11-07T03:03:35.629690Z  WARN ThreadId(24) hotstuff_runner::smrol::network: ⚠️ [Check] Writer 0 -> 95 slow write: 15.509244ms
2025-11-07T03:03:35.639404Z  WARN ThreadId(24) hotstuff_runner::smrol::network: ⚠️ [Check] Writer 0 -> 57 slow write: 120.091622ms
2025-11-07T03:03:35.661147Z  WARN ThreadId(25) hotstuff_runner::smrol::network: ⚠️ [Check] Writer 0 -> 91 slow write: 9.837524ms
2025-11-07T03:03:35.663660Z  WARN ThreadId(25) hotstuff_runner::smrol::network: ⚠️ [Check] Writer 0 -> 92 slow write: 12.708994ms
2025-11-07T03:03:35.674428Z  WARN ThreadId(24) hotstuff_runner::smrol::network: ⚠️ [Check] Writer 0 -> 56 slow write: 5.085969ms
2025-11-07T03:03:35.674838Z  WARN ThreadId(24) hotstuff_runner::smrol::network: ⚠️ [Check] Writer 0 -> 78 slow write: 6.037287ms
2025-11-07T03:03:35.675217Z  WARN ThreadId(24) hotstuff_runner::smrol::network: ⚠️ [Check] Writer 0 -> 49 slow write: 6.763089ms
2025-11-07T03:03:35.675726Z  WARN ThreadId(24) hotstuff_runner::smrol::network: ⚠️ [Check] Writer 0 -> 81 slow write: 7.661975ms
2025-11-07T03:03:35.675822Z  WARN ThreadId(25) hotstuff_runner::smrol::network: ⚠️ [Check] Writer 0 -> 91 slow write: 8.076443ms
2025-11-07T03:03:35.676113Z  WARN ThreadId(24) hotstuff_runner::smrol::network: ⚠️ [Check] Writer 0 -> 90 slow write: 8.349617ms
2025-11-07T03:03:35.676412Z  WARN ThreadId(24) hotstuff_runner::smrol::network: ⚠️ [Check] Writer 0 -> 94 slow write: 9.165293ms
2025-11-07T03:03:35.676886Z  WARN ThreadId(24) hotstuff_runner::smrol::network: ⚠️ [Check] Writer 0 -> 38 slow write: 10.049178ms
2025-11-07T03:03:35.677207Z  WARN ThreadId(24) hotstuff_runner::smrol::network: ⚠️ [Check] Writer 0 -> 31 slow write: 10.723869ms
2025-11-07T03:03:35.677568Z  WARN ThreadId(24) hotstuff_runner::smrol::network: ⚠️ [Check] Writer 0 -> 14 slow write: 11.509104ms
2025-11-07T03:03:35.679886Z  WARN ThreadId(24) hotstuff_runner::smrol::network: ⚠️ [Check] Writer 0 -> 12 slow write: 14.188921ms
2025-11-07T03:03:35.681061Z  WARN ThreadId(24) hotstuff_runner::smrol::network: ⚠️ [Check] Writer 0 -> 23 slow write: 21.081082ms
2025-11-07T03:03:35.681938Z  WARN ThreadId(24) hotstuff_runner::smrol::network: ⚠️ [Check] Writer 0 -> 85 slow write: 22.277594ms
2025-11-07T03:03:35.682017Z  WARN ThreadId(25) hotstuff_runner::smrol::network: ⚠️ [Check] Writer 0 -> 51 slow write: 14.508616ms
2025-11-07T03:03:35.682166Z  WARN ThreadId(24) hotstuff_runner::smrol::network: ⚠️ [Check] Writer 0 -> 98 slow write: 22.757282ms
2025-11-07T03:03:35.682456Z  WARN ThreadId(24) hotstuff_runner::smrol::network: ⚠️ [Check] Writer 0 -> 73 slow write: 23.256341ms
2025-11-07T03:03:35.682764Z  WARN ThreadId(24) hotstuff_runner::smrol::network: ⚠️ [Check] Writer 0 -> 74 slow write: 23.799821ms
2025-11-07T03:03:35.683002Z  WARN ThreadId(24) hotstuff_runner::smrol::network: ⚠️ [Check] Writer 0 -> 63 slow write: 24.33379ms
2025-11-07T03:03:35.683393Z  WARN ThreadId(24) hotstuff_runner::smrol::network: ⚠️ [Check] Writer 0 -> 2 slow write: 24.998632ms
2025-11-07T03:03:35.683676Z  WARN ThreadId(24) hotstuff_runner::smrol::network: ⚠️ [Check] Writer 0 -> 54 slow write: 25.614243ms
2025-11-07T03:03:35.684033Z  WARN ThreadId(24) hotstuff_runner::smrol::network: ⚠️ [Check] Writer 0 -> 99 slow write: 26.289744ms
2025-11-07T03:03:35.684296Z  WARN ThreadId(24) hotstuff_runner::smrol::network: ⚠️ [Check] Writer 0 -> 30 slow write: 27.008388ms
2025-11-07T03:03:35.684502Z  WARN ThreadId(25) hotstuff_runner::smrol::network: ⚠️ [Check] Writer 0 -> 82 slow write: 17.238915ms
2025-11-07T03:03:35.684636Z  WARN ThreadId(24) hotstuff_runner::smrol::network: ⚠️ [Check] Writer 0 -> 29 slow write: 27.647879ms
2025-11-07T03:03:35.684830Z  WARN ThreadId(25) hotstuff_runner::smrol::network: ⚠️ [Check] Writer 0 -> 80 slow write: 17.805535ms
2025-11-07T03:03:35.684985Z  WARN ThreadId(24) hotstuff_runner::smrol::network: ⚠️ [Check] Writer 0 -> 15 slow write: 28.668157ms
2025-11-07T03:03:35.685116Z  WARN ThreadId(25) hotstuff_runner::smrol::network: ⚠️ [Check] Writer 0 -> 58 slow write: 18.462286ms
2025-11-07T03:03:35.685315Z  WARN ThreadId(24) hotstuff_runner::smrol::network: ⚠️ [Check] Writer 0 -> 75 slow write: 29.478181ms
2025-11-07T03:03:35.685386Z  WARN ThreadId(25) hotstuff_runner::smrol::network: ⚠️ [Check] Writer 0 -> 48 slow write: 18.988435ms
2025-11-07T03:03:35.685900Z  WARN ThreadId(25) hotstuff_runner::smrol::network: ⚠️ [Check] Writer 0 -> 17 slow write: 19.832281ms
2025-11-07T03:03:35.685980Z  WARN ThreadId(24) hotstuff_runner::smrol::network: ⚠️ [Check] Writer 0 -> 3 slow write: 30.513969ms
2025-11-07T03:03:35.686253Z  WARN ThreadId(24) hotstuff_runner::smrol::network: ⚠️ [Check] Writer 0 -> 83 slow write: 31.13781ms
2025-11-07T03:03:35.686484Z  WARN ThreadId(24) hotstuff_runner::smrol::network: ⚠️ [Check] Writer 0 -> 34 slow write: 31.733741ms
2025-11-07T03:03:35.686729Z  WARN ThreadId(24) hotstuff_runner::smrol::network: ⚠️ [Check] Writer 0 -> 45 slow write: 32.24277ms
2025-11-07T03:03:35.686968Z  WARN ThreadId(24) hotstuff_runner::smrol::network: ⚠️ [Check] Writer 0 -> 55 slow write: 32.81985ms
2025-11-07T03:03:35.687202Z  WARN ThreadId(25) hotstuff_runner::smrol::network: ⚠️ [Check] Writer 0 -> 9 slow write: 12.890568ms
2025-11-07T03:03:35.687477Z  WARN ThreadId(25) hotstuff_runner::smrol::network: ⚠️ [Check] Writer 0 -> 66 slow write: 16.139625ms
2025-11-07T03:03:35.688641Z  WARN ThreadId(24) hotstuff_runner::smrol::network: ⚠️ [Check] Writer 0 -> 47 slow write: 34.886767ms
2025-11-07T03:03:35.688964Z  WARN ThreadId(24) hotstuff_runner::smrol::network: ⚠️ [Check] Writer 0 -> 59 slow write: 35.553428ms
2025-11-07T03:03:35.689234Z  WARN ThreadId(24) hotstuff_runner::smrol::network: ⚠️ [Check] Writer 0 -> 25 slow write: 36.21556ms
2025-11-07T03:03:35.689459Z  WARN ThreadId(24) hotstuff_runner::smrol::network: ⚠️ [Check] Writer 0 -> 62 slow write: 36.902682ms
2025-11-07T03:03:35.689687Z  WARN ThreadId(24) hotstuff_runner::smrol::network: ⚠️ [Check] Writer 0 -> 69 slow write: 37.35663ms
2025-11-07T03:03:35.690319Z  WARN ThreadId(25) hotstuff_runner::smrol::network: ⚠️ [Check] Writer 0 -> 68 slow write: 19.409853ms
2025-11-07T03:03:35.690558Z  WARN ThreadId(25) hotstuff_runner::smrol::network: ⚠️ [Check] Writer 0 -> 42 slow write: 20.007613ms
2025-11-07T03:03:35.690827Z  WARN ThreadId(25) hotstuff_runner::smrol::network: ⚠️ [Check] Writer 0 -> 88 slow write: 20.549733ms
2025-11-07T03:03:35.691080Z  WARN ThreadId(25) hotstuff_runner::smrol::network: ⚠️ [Check] Writer 0 -> 44 slow write: 21.040132ms
2025-11-07T03:03:35.691311Z  WARN ThreadId(25) hotstuff_runner::smrol::network: ⚠️ [Check] Writer 0 -> 22 slow write: 21.557311ms
2025-11-07T03:03:35.691669Z  WARN ThreadId(25) hotstuff_runner::smrol::network: ⚠️ [Check] Writer 0 -> 43 slow write: 22.258384ms
2025-11-07T03:03:35.692040Z  WARN ThreadId(25) hotstuff_runner::smrol::network: ⚠️ [Check] Writer 0 -> 1 slow write: 22.958595ms
2025-11-07T03:03:35.692304Z  WARN ThreadId(25) hotstuff_runner::smrol::network: ⚠️ [Check] Writer 0 -> 86 slow write: 23.702128ms
2025-11-07T03:03:35.692510Z  WARN ThreadId(25) hotstuff_runner::smrol::network: ⚠️ [Check] Writer 0 -> 4 slow write: 24.237838ms
2025-11-07T03:03:35.693223Z  WARN ThreadId(25) hotstuff_runner::smrol::network: ⚠️ [Check] Writer 0 -> 9 slow write: 5.767151ms
2025-11-07T03:03:35.693500Z  WARN ThreadId(25) hotstuff_runner::smrol::network: ⚠️ [Check] Writer 0 -> 91 slow write: 13.303455ms
2025-11-07T03:03:35.693959Z  WARN ThreadId(25) hotstuff_runner::smrol::network: ⚠️ [Check] Writer 0 -> 17 slow write: 7.805838ms
2025-11-07T03:03:35.694570Z  WARN ThreadId(25) hotstuff_runner::smrol::network: ⚠️ [Check] Writer 0 -> 48 slow write: 8.670423ms
2025-11-07T03:03:35.694876Z  WARN ThreadId(25) hotstuff_runner::smrol::network: ⚠️ [Check] Writer 0 -> 58 slow write: 9.490438ms
2025-11-07T03:03:35.695175Z  WARN ThreadId(25) hotstuff_runner::smrol::network: ⚠️ [Check] Writer 0 -> 80 slow write: 10.075078ms
2025-11-07T03:03:35.695416Z  WARN ThreadId(25) hotstuff_runner::smrol::network: ⚠️ [Check] Writer 0 -> 82 slow write: 10.595127ms
2025-11-07T03:03:35.695642Z  WARN ThreadId(25) hotstuff_runner::smrol::network: ⚠️ [Check] Writer 0 -> 51 slow write: 11.148767ms
2025-11-07T03:03:35.696123Z  WARN ThreadId(25) hotstuff_runner::smrol::network: ⚠️ [Check] Writer 0 -> 23 slow write: 14.723511ms
2025-11-07T03:03:35.696461Z  WARN ThreadId(25) hotstuff_runner::smrol::network: ⚠️ [Check] Writer 0 -> 12 slow write: 16.352689ms
2025-11-07T03:03:35.696528Z  WARN ThreadId(24) hotstuff_runner::smrol::network: ⚠️ [Check] Writer 0 -> 14 slow write: 16.657874ms
2025-11-07T03:03:35.696768Z  WARN ThreadId(25) hotstuff_runner::smrol::network: ⚠️ [Check] Writer 0 -> 31 slow write: 19.213759ms
2025-11-07T03:03:35.696874Z  WARN ThreadId(24) hotstuff_runner::smrol::network: ⚠️ [Check] Writer 0 -> 38 slow write: 19.687288ms
2025-11-07T03:03:35.697075Z  WARN ThreadId(25) hotstuff_runner::smrol::network: ⚠️ [Check] Writer 0 -> 94 slow write: 20.210838ms
2025-11-07T03:03:35.697276Z  WARN ThreadId(24) hotstuff_runner::smrol::network: ⚠️ [Check] Writer 0 -> 90 slow write: 20.894999ms
2025-11-07T03:03:35.697407Z  WARN ThreadId(25) hotstuff_runner::smrol::network: ⚠️ [Check] Writer 0 -> 81 slow write: 21.339997ms
2025-11-07T03:03:35.697660Z  WARN ThreadId(25) hotstuff_runner::smrol::network: ⚠️ [Check] Writer 0 -> 49 slow write: 22.103091ms
2025-11-07T03:03:35.697960Z  WARN ThreadId(25) hotstuff_runner::smrol::network: ⚠️ [Check] Writer 0 -> 78 slow write: 22.877694ms
2025-11-07T03:03:35.698129Z  WARN ThreadId(24) hotstuff_runner::smrol::network: ⚠️ [Check] Writer 0 -> 56 slow write: 23.480805ms
2025-11-07T03:03:35.698242Z  WARN ThreadId(25) hotstuff_runner::smrol::network: ⚠️ [Check] Writer 0 -> 24 slow write: 24.146936ms
2025-11-07T03:03:35.698397Z  WARN ThreadId(24) hotstuff_runner::smrol::network: ⚠️ [Check] Writer 0 -> 37 slow write: 24.856819ms
2025-11-07T03:03:35.698546Z  WARN ThreadId(25) hotstuff_runner::smrol::network: ⚠️ [Check] Writer 0 -> 5 slow write: 25.305107ms
2025-11-07T03:03:35.698858Z  WARN ThreadId(25) hotstuff_runner::smrol::network: ⚠️ [Check] Writer 0 -> 4 slow write: 6.133168ms
2025-11-07T03:03:35.698983Z  WARN ThreadId(24) hotstuff_runner::smrol::network: ⚠️ [Check] Writer 0 -> 16 slow write: 25.945019ms
2025-11-07T03:03:35.699083Z  WARN ThreadId(25) hotstuff_runner::smrol::network: ⚠️ [Check] Writer 0 -> 93 slow write: 26.477658ms
2025-11-07T03:03:35.699500Z  WARN ThreadId(25) hotstuff_runner::smrol::network: ⚠️ [Check] Writer 0 -> 86 slow write: 6.986803ms
2025-11-07T03:03:35.699733Z  WARN ThreadId(25) hotstuff_runner::smrol::network: ⚠️ [Check] Writer 0 -> 61 slow write: 27.463535ms
2025-11-07T03:03:35.700290Z  WARN ThreadId(25) hotstuff_runner::smrol::network: ⚠️ [Check] Writer 0 -> 1 slow write: 8.009141ms
2025-11-07T03:03:35.700812Z  WARN ThreadId(25) hotstuff_runner::smrol::network: ⚠️ [Check] Writer 0 -> 52 slow write: 29.45687ms
2025-11-07T03:03:35.700828Z  WARN ThreadId(24) hotstuff_runner::smrol::network: ⚠️ [Check] Writer 0 -> 79 slow write: 29.664244ms
2025-11-07T03:03:35.701118Z  WARN ThreadId(25) hotstuff_runner::smrol::network: ⚠️ [Check] Writer 0 -> 43 slow write: 9.106971ms
2025-11-07T03:03:35.701365Z  WARN ThreadId(25) hotstuff_runner::smrol::network: ⚠️ [Check] Writer 0 -> 22 slow write: 9.733661ms
2025-11-07T03:03:35.702006Z  WARN ThreadId(25) hotstuff_runner::smrol::network: ⚠️ [Check] Writer 0 -> 44 slow write: 10.70892ms
2025-11-07T03:03:35.702534Z  WARN ThreadId(25) hotstuff_runner::smrol::network: ⚠️ [Check] Writer 0 -> 88 slow write: 11.451832ms
2025-11-07T03:03:35.703066Z  WARN ThreadId(25) hotstuff_runner::smrol::network: ⚠️ [Check] Writer 0 -> 42 slow write: 12.250747ms
2025-11-07T03:03:35.703381Z  WARN ThreadId(25) hotstuff_runner::smrol::network: ⚠️ [Check] Writer 0 -> 68 slow write: 12.842197ms
2025-11-07T03:03:35.703611Z  WARN ThreadId(25) hotstuff_runner::smrol::network: ⚠️ [Check] Writer 0 -> 66 slow write: 15.910361ms
2025-11-07T03:03:35.703948Z  WARN ThreadId(24) hotstuff_runner::smrol::network: ⚠️ [Check] Writer 0 -> 69 slow write: 14.009497ms
2025-11-07T03:03:35.704420Z  WARN ThreadId(24) hotstuff_runner::smrol::network: ⚠️ [Check] Writer 0 -> 62 slow write: 14.74535ms
2025-11-07T03:03:35.704666Z  WARN ThreadId(24) hotstuff_runner::smrol::network: ⚠️ [Check] Writer 0 -> 25 slow write: 15.217379ms
2025-11-07T03:03:35.704919Z  WARN ThreadId(24) hotstuff_runner::smrol::network: ⚠️ [Check] Writer 0 -> 59 slow write: 15.708297ms
2025-11-07T03:03:35.705193Z  WARN ThreadId(24) hotstuff_runner::smrol::network: ⚠️ [Check] Writer 0 -> 47 slow write: 16.242527ms
2025-11-07T03:03:35.705461Z  WARN ThreadId(24) hotstuff_runner::smrol::network: ⚠️ [Check] Writer 0 -> 55 slow write: 16.863678ms
2025-11-07T03:03:35.705553Z  WARN ThreadId(25) hotstuff_runner::smrol::network: ⚠️ [Check] Writer 0 -> 61 slow write: 5.273683ms
2025-11-07T03:03:35.705996Z  WARN ThreadId(24) hotstuff_runner::smrol::network: ⚠️ [Check] Writer 0 -> 45 slow write: 19.021856ms
2025-11-07T03:03:35.706147Z  WARN ThreadId(25) hotstuff_runner::smrol::network: ⚠️ [Check] Writer 0 -> 93 slow write: 6.663848ms
2025-11-07T03:03:35.706248Z  WARN ThreadId(24) hotstuff_runner::smrol::network: ⚠️ [Check] Writer 0 -> 34 slow write: 19.565496ms
2025-11-07T03:03:35.706591Z  WARN ThreadId(24) hotstuff_runner::smrol::network: ⚠️ [Check] Writer 0 -> 83 slow write: 20.106546ms
2025-11-07T03:03:35.706750Z  WARN ThreadId(25) hotstuff_runner::smrol::network: ⚠️ [Check] Writer 0 -> 5 slow write: 7.90197ms
2025-11-07T03:03:35.707303Z  WARN ThreadId(24) hotstuff_runner::smrol::network: ⚠️ [Check] Writer 0 -> 3 slow write: 21.080112ms
2025-11-07T03:03:35.707744Z  WARN ThreadId(24) hotstuff_runner::smrol::network: ⚠️ [Check] Writer 0 -> 75 slow write: 21.777985ms
2025-11-07T03:03:35.708037Z  WARN ThreadId(24) hotstuff_runner::smrol::network: ⚠️ [Check] Writer 0 -> 15 slow write: 22.732621ms
2025-11-07T03:03:35.708436Z  WARN ThreadId(24) hotstuff_runner::smrol::network: ⚠️ [Check] Writer 0 -> 29 slow write: 23.463285ms
2025-11-07T03:03:35.708779Z  WARN ThreadId(24) hotstuff_runner::smrol::network: ⚠️ [Check] Writer 0 -> 30 slow write: 24.166227ms
2025-11-07T03:03:35.709187Z  WARN ThreadId(24) hotstuff_runner::smrol::network: ⚠️ [Check] Writer 0 -> 99 slow write: 24.9018ms
2025-11-07T03:03:35.709668Z  WARN ThreadId(24) hotstuff_runner::smrol::network: ⚠️ [Check] Writer 0 -> 54 slow write: 25.648853ms
2025-11-07T03:03:35.710003Z  WARN ThreadId(24) hotstuff_runner::smrol::network: ⚠️ [Check] Writer 0 -> 2 slow write: 26.339965ms
2025-11-07T03:03:35.710357Z  WARN ThreadId(24) hotstuff_runner::smrol::network: ⚠️ [Check] Writer 0 -> 63 slow write: 26.992157ms
2025-11-07T03:03:35.710658Z  WARN ThreadId(24) hotstuff_runner::smrol::network: ⚠️ [Check] Writer 0 -> 74 slow write: 27.660599ms
2025-11-07T03:03:35.711034Z  WARN ThreadId(24) hotstuff_runner::smrol::network: ⚠️ [Check] Writer 0 -> 73 slow write: 28.27616ms
2025-11-07T03:03:35.711464Z  WARN ThreadId(24) hotstuff_runner::smrol::network: ⚠️ [Check] Writer 0 -> 98 slow write: 29.012463ms
2025-11-07T03:03:35.711871Z  WARN ThreadId(24) hotstuff_runner::smrol::network: ⚠️ [Check] Writer 0 -> 85 slow write: 29.718885ms
2025-11-07T03:03:35.712603Z  WARN ThreadId(24) hotstuff_runner::smrol::network: ⚠️ [Check] Writer 0 -> 56 slow write: 5.301244ms
2025-11-07T03:03:35.714455Z  WARN ThreadId(25) hotstuff_runner::smrol::network: ⚠️ [Check] Writer 0 -> 51 slow write: 5.031139ms
2025-11-07T03:03:35.714696Z  WARN ThreadId(25) hotstuff_runner::smrol::network: ⚠️ [Check] Writer 0 -> 23 slow write: 5.500067ms
2025-11-07T03:03:35.714956Z  WARN ThreadId(25) hotstuff_runner::smrol::network: ⚠️ [Check] Writer 0 -> 12 slow write: 6.002337ms
2025-11-07T03:03:35.715610Z  WARN ThreadId(25) hotstuff_runner::smrol::network: ⚠️ [Check] Writer 0 -> 31 slow write: 6.975413ms
2025-11-07T03:03:35.715916Z  WARN ThreadId(24) hotstuff_runner::smrol::network: ⚠️ [Check] Writer 0 -> 79 slow write: 14.788662ms
2025-11-07T03:03:35.716095Z  WARN ThreadId(25) hotstuff_runner::smrol::network: ⚠️ [Check] Writer 0 -> 94 slow write: 7.815567ms
2025-11-07T03:03:35.716432Z  WARN ThreadId(25) hotstuff_runner::smrol::network: ⚠️ [Check] Writer 0 -> 81 slow write: 8.527841ms
2025-11-07T03:03:35.716566Z  WARN ThreadId(24) hotstuff_runner::smrol::network: ⚠️ [Check] Writer 0 -> 14 slow write: 16.187856ms
2025-11-07T03:03:35.716793Z  WARN ThreadId(25) hotstuff_runner::smrol::network: ⚠️ [Check] Writer 0 -> 49 slow write: 9.157792ms
2025-11-07T03:03:35.716872Z  WARN ThreadId(24) hotstuff_runner::smrol::network: ⚠️ [Check] Writer 0 -> 38 slow write: 16.913759ms
2025-11-07T03:03:35.717137Z  WARN ThreadId(24) hotstuff_runner::smrol::network: ⚠️ [Check] Writer 0 -> 90 slow write: 17.422328ms
2025-11-07T03:03:35.717151Z  WARN ThreadId(25) hotstuff_runner::smrol::network: ⚠️ [Check] Writer 0 -> 78 slow write: 9.775313ms
2025-11-07T03:03:35.717409Z  WARN ThreadId(24) hotstuff_runner::smrol::network: ⚠️ [Check] Writer 0 -> 16 slow write: 18.11808ms
2025-11-07T03:03:35.717438Z  WARN ThreadId(25) hotstuff_runner::smrol::network: ⚠️ [Check] Writer 0 -> 24 slow write: 10.326323ms
2025-11-07T03:03:35.717530Z  WARN ThreadId(25) hotstuff_runner::smrol::network: ⚠️ [Check] Writer 0 -> 4 slow write: 10.802521ms
2025-11-07T03:03:35.717747Z  WARN ThreadId(25) hotstuff_runner::smrol::network: ⚠️ [Check] Writer 0 -> 86 slow write: 11.626255ms
2025-11-07T03:03:35.717964Z  WARN ThreadId(25) hotstuff_runner::smrol::network: ⚠️ [Check] Writer 0 -> 1 slow write: 12.42839ms
2025-11-07T03:03:35.718624Z  WARN ThreadId(24) hotstuff_runner::smrol::network: ⚠️ [Check] Writer 0 -> 56 slow write: 5.759621ms
2025-11-07T03:03:35.719625Z  WARN ThreadId(25) hotstuff_runner::smrol::network: ⚠️ [Check] Writer 0 -> 80 slow write: 5.547458ms
2025-11-07T03:03:35.719997Z  WARN ThreadId(25) hotstuff_runner::smrol::network: ⚠️ [Check] Writer 0 -> 58 slow write: 6.20927ms
2025-11-07T03:03:35.720254Z  WARN ThreadId(25) hotstuff_runner::smrol::network: ⚠️ [Check] Writer 0 -> 48 slow write: 6.738369ms
2025-11-07T03:03:35.720546Z  WARN ThreadId(25) hotstuff_runner::smrol::network: ⚠️ [Check] Writer 0 -> 17 slow write: 7.271488ms
2025-11-07T03:03:35.720975Z  WARN ThreadId(25) hotstuff_runner::smrol::network: ⚠️ [Check] Writer 0 -> 43 slow write: 8.4974ms
2025-11-07T03:03:35.722210Z  WARN ThreadId(24) hotstuff_runner::smrol::network: ⚠️ [Check] Writer 0 -> 69 slow write: 6.366193ms
2025-11-07T03:03:35.722414Z  WARN ThreadId(24) hotstuff_runner::smrol::network: ⚠️ [Check] Writer 0 -> 62 slow write: 6.77932ms
2025-11-07T03:03:35.722670Z  WARN ThreadId(24) hotstuff_runner::smrol::network: ⚠️ [Check] Writer 0 -> 25 slow write: 7.219048ms
2025-11-07T03:03:35.722980Z  WARN ThreadId(24) hotstuff_runner::smrol::network: ⚠️ [Check] Writer 0 -> 59 slow write: 7.704226ms
2025-11-07T03:03:35.723201Z  WARN ThreadId(24) hotstuff_runner::smrol::network: ⚠️ [Check] Writer 0 -> 47 slow write: 8.108643ms
2025-11-07T03:03:35.723400Z  WARN ThreadId(25) hotstuff_runner::smrol::network: ⚠️ [Check] Writer 0 -> 45 slow write: 9.090831ms
2025-11-07T03:03:35.723686Z  WARN ThreadId(25) hotstuff_runner::smrol::network: ⚠️ [Check] Writer 0 -> 55 slow write: 8.901198ms
2025-11-07T03:03:35.723690Z  WARN ThreadId(24) hotstuff_runner::smrol::network: ⚠️ [Check] Writer 0 -> 34 slow write: 9.570049ms
2025-11-07T03:03:35.724084Z  WARN ThreadId(25) hotstuff_runner::smrol::network: ⚠️ [Check] Writer 0 -> 83 slow write: 10.215061ms
2025-11-07T03:03:35.724234Z  WARN ThreadId(24) hotstuff_runner::smrol::network: ⚠️ [Check] Writer 0 -> 98 slow write: 5.275864ms
2025-11-07T03:03:35.724571Z  WARN ThreadId(25) hotstuff_runner::smrol::network: ⚠️ [Check] Writer 0 -> 22 slow write: 8.985919ms
2025-11-07T03:03:35.726968Z  WARN ThreadId(24) hotstuff_runner::smrol::network: ⚠️ [Check] Writer 0 -> 30 slow write: 5.734601ms
2025-11-07T03:03:35.727320Z  WARN ThreadId(25) hotstuff_runner::smrol::network: ⚠️ [Check] Writer 0 -> 29 slow write: 5.66471ms
2025-11-07T03:03:35.727528Z  WARN ThreadId(24) hotstuff_runner::smrol::network: ⚠️ [Check] Writer 0 -> 99 slow write: 6.557626ms
2025-11-07T03:03:35.727663Z  WARN ThreadId(25) hotstuff_runner::smrol::network: ⚠️ [Check] Writer 0 -> 85 slow write: 6.294911ms
2025-11-07T03:03:35.727871Z  WARN ThreadId(25) hotstuff_runner::smrol::network: ⚠️ [Check] Writer 0 -> 43 slow write: 6.675988ms
2025-11-07T03:03:35.727898Z  WARN ThreadId(24) hotstuff_runner::smrol::network: ⚠️ [Check] Writer 0 -> 54 slow write: 7.31355ms
2025-11-07T03:03:35.728365Z  WARN ThreadId(24) hotstuff_runner::smrol::network: ⚠️ [Check] Writer 0 -> 2 slow write: 8.166355ms
2025-11-07T03:03:35.728669Z  WARN ThreadId(24) hotstuff_runner::smrol::network: ⚠️ [Check] Writer 0 -> 63 slow write: 8.720674ms
2025-11-07T03:03:35.728744Z  WARN ThreadId(25) hotstuff_runner::smrol::network: ⚠️ [Check] Writer 0 -> 1 slow write: 10.552216ms
2025-11-07T03:03:35.728947Z  WARN ThreadId(25) hotstuff_runner::smrol::network: ⚠️ [Check] Writer 0 -> 86 slow write: 10.990034ms
2025-11-07T03:03:35.729057Z  WARN ThreadId(24) hotstuff_runner::smrol::network: ⚠️ [Check] Writer 0 -> 74 slow write: 9.352926ms
2025-11-07T03:03:35.729204Z  WARN ThreadId(25) hotstuff_runner::smrol::network: ⚠️ [Check] Writer 0 -> 4 slow write: 11.466472ms
2025-11-07T03:03:35.729493Z  WARN ThreadId(25) hotstuff_runner::smrol::network: ⚠️ [Check] Writer 0 -> 78 slow write: 12.060873ms
2025-11-07T03:03:35.729695Z  WARN ThreadId(24) hotstuff_runner::smrol::network: ⚠️ [Check] Writer 0 -> 73 slow write: 10.414284ms
2025-11-07T03:03:35.729758Z  WARN ThreadId(25) hotstuff_runner::smrol::network: ⚠️ [Check] Writer 0 -> 49 slow write: 12.576752ms
2025-11-07T03:03:35.729949Z  WARN ThreadId(25) hotstuff_runner::smrol::network: ⚠️ [Check] Writer 0 -> 81 slow write: 13.165723ms
2025-11-07T03:03:35.730061Z  WARN ThreadId(24) hotstuff_runner::smrol::network: ⚠️ [Check] Writer 0 -> 94 slow write: 13.636441ms
2025-11-07T03:03:35.730153Z  WARN ThreadId(25) hotstuff_runner::smrol::network: ⚠️ [Check] Writer 0 -> 31 slow write: 14.075448ms
2025-11-07T03:03:35.730477Z  WARN ThreadId(24) hotstuff_runner::smrol::network: ⚠️ [Check] Writer 0 -> 98 slow write: 5.988736ms
2025-11-07T03:03:35.732528Z  WARN ThreadId(25) hotstuff_runner::smrol::network: ⚠️ [Check] Writer 0 -> 15 slow write: 5.208312ms
2025-11-07T03:03:35.732830Z  WARN ThreadId(25) hotstuff_runner::smrol::network: ⚠️ [Check] Writer 0 -> 75 slow write: 5.867813ms
2025-11-07T03:03:35.733082Z  WARN ThreadId(24) hotstuff_runner::smrol::network: ⚠️ [Check] Writer 0 -> 99 slow write: 5.219082ms
2025-11-07T03:03:35.733150Z  WARN ThreadId(25) hotstuff_runner::smrol::network: ⚠️ [Check] Writer 0 -> 3 slow write: 6.81666ms
2025-11-07T03:03:35.735468Z  WARN ThreadId(24) hotstuff_runner::smrol::network: ⚠️ [Check] Writer 0 -> 30 slow write: 7.955801ms
2025-11-07T03:03:35.736522Z  WARN ThreadId(24) hotstuff_runner::smrol::network: ⚠️ [Check] Writer 0 -> 98 slow write: 5.375335ms
2025-11-07T03:03:35.738818Z  WARN ThreadId(25) hotstuff_runner::smrol::network: ⚠️ [Check] Writer 0 -> 83 slow write: 7.643475ms
2025-11-07T03:03:35.741883Z  WARN ThreadId(25) hotstuff_runner::smrol::network: ⚠️ [Check] Writer 0 -> 62 slow write: 5.291034ms
2025-11-07T03:03:35.742242Z  WARN ThreadId(25) hotstuff_runner::smrol::network: ⚠️ [Check] Writer 0 -> 69 slow write: 6.094888ms
2025-11-07T03:03:35.742634Z  WARN ThreadId(24) hotstuff_runner::smrol::network: ⚠️ [Check] Writer 0 -> 55 slow write: 6.775059ms
2025-11-07T03:03:35.743032Z  WARN ThreadId(24) hotstuff_runner::smrol::network: ⚠️ [Check] Writer 0 -> 45 slow write: 7.547524ms
2025-11-07T03:03:35.743418Z  WARN ThreadId(25) hotstuff_runner::smrol::network: ⚠️ [Check] Writer 0 -> 85 slow write: 11.157388ms
2025-11-07T03:03:35.743762Z  WARN ThreadId(25) hotstuff_runner::smrol::network: ⚠️ [Check] Writer 0 -> 23 slow write: 11.650275ms
2025-11-07T03:03:35.746436Z  WARN ThreadId(25) hotstuff_runner::smrol::network: ⚠️ [Check] Writer 0 -> 47 slow write: 5.222002ms
2025-11-07T03:03:35.746457Z  WARN ThreadId(24) hotstuff_runner::smrol::network: ⚠️ [Check] Writer 0 -> 74 slow write: 5.019139ms
2025-11-07T03:03:35.746784Z  WARN ThreadId(24) hotstuff_runner::smrol::network: ⚠️ [Check] Writer 0 -> 63 slow write: 5.752351ms
2025-11-07T03:03:35.746850Z  WARN ThreadId(25) hotstuff_runner::smrol::network: ⚠️ [Check] Writer 0 -> 34 slow write: 5.924884ms
2025-11-07T03:03:35.747034Z  WARN ThreadId(24) hotstuff_runner::smrol::network: ⚠️ [Check] Writer 0 -> 2 slow write: 6.215399ms
2025-11-07T03:03:35.747171Z  WARN ThreadId(25) hotstuff_runner::smrol::network: ⚠️ [Check] Writer 0 -> 99 slow write: 7.054104ms
2025-11-07T03:03:35.747347Z  WARN ThreadId(24) hotstuff_runner::smrol::network: ⚠️ [Check] Writer 0 -> 54 slow write: 6.80861ms
2025-11-07T03:03:35.750743Z  WARN ThreadId(24) hotstuff_runner::smrol::network: ⚠️ [Check] Writer 0 -> 3 slow write: 5.547858ms
2025-11-07T03:03:35.945855Z  WARN ThreadId(24) hotstuff_runner::smrol::network: ⚠️ [Check] Writer 0 -> 87 slow write: 7.774578ms
2025-11-07T03:03:36.046970Z  WARN ThreadId(24) hotstuff_runner::smrol::network: ⚠️ [Check] Writer 0 -> 48 slow write: 5.857144ms
2025-11-07T03:03:36.072665Z  WARN ThreadId(24) hotstuff_runner::smrol::network: ⚠️ [Check] Writer 0 -> 74 slow write: 31.258093ms
2025-11-07T03:03:36.122338Z  WARN ThreadId(24) hotstuff_runner::smrol::network: ⚠️ [Check] Writer 0 -> 83 slow write: 30.420618ms
2025-11-07T03:03:36.174309Z  WARN ThreadId(24) hotstuff_runner::smrol::network: ⚠️ [Check] Writer 0 -> 37 slow write: 11.998522ms
2025-11-07T03:03:36.177167Z  WARN ThreadId(24) hotstuff_runner::smrol::network: ⚠️ [Check] Writer 0 -> 70 slow write: 7.859119ms
2025-11-07T03:03:36.178087Z  WARN ThreadId(24) hotstuff_runner::smrol::network: ⚠️ [Check] Writer 0 -> 13 slow write: 11.809019ms
2025-11-07T03:03:36.178265Z  WARN ThreadId(24) hotstuff_runner::smrol::network: ⚠️ [Check] Writer 0 -> 22 slow write: 12.521601ms
2025-11-07T03:03:36.178593Z  WARN ThreadId(24) hotstuff_runner::smrol::network: ⚠️ [Check] Writer 0 -> 40 slow write: 13.374556ms
2025-11-07T03:03:36.179107Z  WARN ThreadId(24) hotstuff_runner::smrol::network: ⚠️ [Check] Writer 0 -> 79 slow write: 14.329643ms
2025-11-07T03:03:36.403324Z  WARN ThreadId(24) hotstuff_runner::smrol::network: ⚠️ [Check] Writer 0 -> 60 slow write: 5.08305ms
2025-11-07T03:03:36.419339Z  WARN ThreadId(24) hotstuff_runner::smrol::network: ⚠️ [Check] Writer 0 -> 64 slow write: 30.715343ms
2025-11-07T03:03:36.461085Z  WARN ThreadId(24) hotstuff_runner::smrol::network: ⚠️ [Check] Writer 0 -> 58 slow write: 5.472056ms
2025-11-07T03:03:36.472890Z  WARN ThreadId(24) hotstuff_runner::smrol::network: ⚠️ [Check] Writer 0 -> 58 slow write: 11.241379ms
2025-11-07T03:03:36.475537Z  WARN ThreadId(24) hotstuff_runner::smrol::network: ⚠️ [Check] Writer 0 -> 44 slow write: 48.0862ms
2025-11-07T03:03:36.475942Z  WARN ThreadId(24) hotstuff_runner::smrol::network: ⚠️ [Check] Writer 0 -> 86 slow write: 48.960165ms
2025-11-07T03:03:36.484979Z  WARN ThreadId(24) hotstuff_runner::smrol::network: ⚠️ [Check] Writer 0 -> 42 slow write: 28.27839ms
2025-11-07T03:03:36.496643Z  WARN ThreadId(24) hotstuff_runner::smrol::network: ⚠️ [Check] Writer 0 -> 42 slow write: 11.440432ms
2025-11-07T03:03:36.497442Z  WARN ThreadId(24) hotstuff_runner::smrol::network: ⚠️ [Check] Writer 0 -> 86 slow write: 20.617314ms
2025-11-07T03:03:36.498403Z  WARN ThreadId(24) hotstuff_runner::smrol::network: ⚠️ [Check] Writer 0 -> 44 slow write: 22.478177ms
2025-11-07T03:03:36.534365Z  WARN ThreadId(24) hotstuff_runner::smrol::network: ⚠️ [Check] Writer 0 -> 78 slow write: 25.964188ms
2025-11-07T03:03:36.535001Z  WARN ThreadId(24) hotstuff_runner::smrol::network: ⚠️ [Check] Writer 0 -> 29 slow write: 27.391834ms
2025-11-07T03:03:36.549726Z  WARN ThreadId(24) hotstuff_runner::smrol::network: ⚠️ [Check] Writer 0 -> 91 slow write: 8.513161ms
2025-11-07T03:03:36.550594Z  WARN ThreadId(24) hotstuff_runner::smrol::network: ⚠️ [Check] Writer 0 -> 80 slow write: 10.356453ms
2025-11-07T03:03:36.550977Z  WARN ThreadId(24) hotstuff_runner::smrol::network: ⚠️ [Check] Writer 0 -> 63 slow write: 11.929141ms
2025-11-07T03:03:36.551466Z  WARN ThreadId(24) hotstuff_runner::smrol::network: ⚠️ [Check] Writer 0 -> 3 slow write: 13.168793ms
2025-11-07T03:03:36.551872Z  WARN ThreadId(24) hotstuff_runner::smrol::network: ⚠️ [Check] Writer 0 -> 11 slow write: 14.366854ms
2025-11-07T03:03:36.552503Z  WARN ThreadId(24) hotstuff_runner::smrol::network: ⚠️ [Check] Writer 0 -> 29 slow write: 16.622334ms
2025-11-07T03:03:36.552942Z  WARN ThreadId(24) hotstuff_runner::smrol::network: ⚠️ [Check] Writer 0 -> 78 slow write: 18.013129ms
2025-11-07T03:03:36.558677Z  WARN ThreadId(24) hotstuff_runner::smrol::network: ⚠️ [Check] Writer 0 -> 11 slow write: 6.509775ms
2025-11-07T03:03:36.559605Z  WARN ThreadId(24) hotstuff_runner::smrol::network: ⚠️ [Check] Writer 0 -> 3 slow write: 7.788708ms
2025-11-07T03:03:36.560040Z  WARN ThreadId(24) hotstuff_runner::smrol::network: ⚠️ [Check] Writer 0 -> 63 slow write: 8.668213ms
2025-11-07T03:03:36.560271Z  WARN ThreadId(24) hotstuff_runner::smrol::network: ⚠️ [Check] Writer 0 -> 80 slow write: 9.306495ms
2025-11-07T03:03:36.560574Z  WARN ThreadId(24) hotstuff_runner::smrol::network: ⚠️ [Check] Writer 0 -> 91 slow write: 10.329613ms
2025-11-07T03:03:36.650156Z  WARN ThreadId(24) hotstuff_runner::smrol::network: ⚠️ [Check] Writer 0 -> 45 slow write: 6.860561ms
2025-11-07T03:03:36.774837Z  WARN ThreadId(24) hotstuff_runner::smrol::network: ⚠️ [Check] Writer 0 -> 61 slow write: 18.862193ms
2025-11-07T03:03:36.793018Z  WARN ThreadId(24) hotstuff_runner::smrol::network: ⚠️ [Check] Writer 0 -> 61 slow write: 17.723754ms
2025-11-07T03:03:36.793886Z  WARN ThreadId(24) hotstuff_runner::smrol::network: ⚠️ [Check] Writer 0 -> 12 slow write: 12.781756ms
2025-11-07T03:03:36.809969Z  WARN ThreadId(24) hotstuff_runner::smrol::network: ⚠️ [Check] Writer 0 -> 12 slow write: 15.8444ms
2025-11-07T03:03:36.822730Z  WARN ThreadId(24) hotstuff_runner::smrol::network: ⚠️ [Check] Writer 0 -> 25 slow write: 9.145531ms
2025-11-07T03:03:36.831081Z  WARN ThreadId(24) hotstuff_runner::smrol::network: ⚠️ [Check] Writer 0 -> 25 slow write: 7.9446ms
2025-11-07T03:03:36.852900Z  WARN ThreadId(24) hotstuff_runner::smrol::network: ⚠️ [Check] Writer 0 -> 10 slow write: 19.102658ms
2025-11-07T03:03:36.863728Z  WARN ThreadId(24) hotstuff_runner::smrol::network: ⚠️ [Check] Writer 0 -> 10 slow write: 10.603007ms
2025-11-07T03:03:36.904781Z  WARN ThreadId(24) hotstuff_runner::smrol::network: ⚠️ [Check] Writer 0 -> 33 slow write: 8.924958ms
2025-11-07T03:03:36.911918Z  WARN ThreadId(24) hotstuff_runner::smrol::network: ⚠️ [Check] Writer 0 -> 33 slow write: 6.79593ms
2025-11-07T03:03:36.977695Z  WARN ThreadId(24) hotstuff_runner::smrol::network: ⚠️ [Check] Writer 0 -> 35 slow write: 9.63854ms
2025-11-07T03:03:36.980798Z  WARN ThreadId(24) hotstuff_runner::smrol::network: ⚠️ [Check] Writer 0 -> 73 slow write: 7.597224ms
2025-11-07T03:03:36.994878Z  WARN ThreadId(24) hotstuff_runner::smrol::network: ⚠️ [Check] Writer 0 -> 73 slow write: 13.644911ms
2025-11-07T03:03:36.995095Z  WARN ThreadId(24) hotstuff_runner::smrol::network: ⚠️ [Check] Writer 0 -> 54 slow write: 14.955354ms
2025-11-07T03:03:37.057504Z  WARN ThreadId(02) docker_node:   Connection reuse ineffective (2.0 msg/conn)
2025-11-07T03:03:37.064962Z  WARN ThreadId(24) hotstuff_runner::smrol::network: ⚠️ [Check] Writer 0 -> 16 slow write: 7.069965ms
2025-11-07T03:03:37.074766Z  WARN ThreadId(24) hotstuff_runner::smrol::network: ⚠️ [Check] Writer 0 -> 16 slow write: 9.332825ms
2025-11-07T03:03:37.085906Z  WARN ThreadId(24) hotstuff_runner::smrol::network: ⚠️ [Check] Writer 0 -> 90 slow write: 7.618085ms
2025-11-07T03:03:37.086150Z  WARN ThreadId(24) hotstuff_runner::smrol::network: ⚠️ [Check] Writer 0 -> 89 slow write: 8.129464ms
2025-11-07T03:03:37.113945Z  WARN ThreadId(24) hotstuff_runner::smrol::network: ⚠️ [Check] Writer 0 -> 89 slow write: 9.63829ms
2025-11-07T03:03:37.114362Z  WARN ThreadId(24) hotstuff_runner::smrol::network: ⚠️ [Check] Writer 0 -> 90 slow write: 11.497513ms
2025-11-07T03:03:37.132625Z  WARN ThreadId(24) hotstuff_runner::smrol::network: ⚠️ [Check] Writer 0 -> 82 slow write: 12.823446ms
2025-11-07T03:03:37.140121Z  WARN ThreadId(24) hotstuff_runner::smrol::network: ⚠️ [Check] Writer 0 -> 82 slow write: 6.967984ms
2025-11-07T03:03:37.141293Z  WARN ThreadId(24) hotstuff_runner::smrol::network: ⚠️ [Check] Writer 0 -> 76 slow write: 5.740401ms
2025-11-07T03:03:37.148630Z  WARN ThreadId(24) hotstuff_runner::smrol::network: ⚠️ [Check] Writer 0 -> 76 slow write: 7.073515ms
2025-11-07T03:03:37.149030Z  WARN ThreadId(24) hotstuff_runner::smrol::network: ⚠️ [Check] Writer 0 -> 43 slow write: 7.746467ms
2025-11-07T03:03:37.156208Z  WARN ThreadId(24) hotstuff_runner::smrol::network: ⚠️ [Check] Writer 0 -> 43 slow write: 5.502877ms
2025-11-07T03:03:37.226003Z  WARN ThreadId(24) hotstuff_runner::smrol::network: ⚠️ [Check] Writer 0 -> 6 slow write: 6.000146ms
2025-11-07T03:03:37.235719Z  WARN ThreadId(24) hotstuff_runner::smrol::network: ⚠️ [Check] Writer 0 -> 6 slow write: 9.111161ms
2025-11-07T03:03:37.248855Z  WARN ThreadId(24) hotstuff_runner::smrol::network: ⚠️ [Check] Writer 0 -> 6 slow write: 5.500297ms
2025-11-07T03:03:37.289938Z  WARN ThreadId(24) hotstuff_runner::smrol::network: ⚠️ [Check] Writer 0 -> 77 slow write: 7.618164ms
2025-11-07T03:03:37.290983Z  WARN ThreadId(24) hotstuff_runner::smrol::network: ⚠️ [Check] Writer 0 -> 96 slow write: 8.992329ms
2025-11-07T03:03:37.291198Z  WARN ThreadId(24) hotstuff_runner::smrol::network: ⚠️ [Check] Writer 0 -> 93 slow write: 9.61941ms
2025-11-07T03:03:37.293818Z  WARN ThreadId(24) hotstuff_runner::smrol::network: ⚠️ [Check] Writer 0 -> 18 slow write: 6.958783ms
2025-11-07T03:03:37.294167Z  WARN ThreadId(24) hotstuff_runner::smrol::network: ⚠️ [Check] Writer 0 -> 88 slow write: 7.730526ms
2025-11-07T03:03:37.294568Z  WARN ThreadId(24) hotstuff_runner::smrol::network: ⚠️ [Check] Writer 0 -> 26 slow write: 8.617652ms
2025-11-07T03:03:37.295490Z  WARN ThreadId(24) hotstuff_runner::smrol::network: ⚠️ [Check] Writer 0 -> 98 slow write: 6.954773ms
2025-11-07T03:03:37.306124Z  WARN ThreadId(24) hotstuff_runner::smrol::network: ⚠️ [Check] Writer 0 -> 26 slow write: 11.069415ms
2025-11-07T03:03:37.306425Z  WARN ThreadId(24) hotstuff_runner::smrol::network: ⚠️ [Check] Writer 0 -> 88 slow write: 11.8709ms
2025-11-07T03:03:37.306875Z  WARN ThreadId(24) hotstuff_runner::smrol::network: ⚠️ [Check] Writer 0 -> 18 slow write: 12.716985ms
2025-11-07T03:03:37.307130Z  WARN ThreadId(24) hotstuff_runner::smrol::network: ⚠️ [Check] Writer 0 -> 46 slow write: 14.043408ms
2025-11-07T03:03:37.308394Z  WARN ThreadId(24) hotstuff_runner::smrol::network: ⚠️ [Check] Writer 0 -> 93 slow write: 16.97256ms
2025-11-07T03:03:37.308675Z  WARN ThreadId(24) hotstuff_runner::smrol::network: ⚠️ [Check] Writer 0 -> 96 slow write: 17.491659ms
2025-11-07T03:03:37.309056Z  WARN ThreadId(24) hotstuff_runner::smrol::network: ⚠️ [Check] Writer 0 -> 77 slow write: 18.847553ms
2025-11-07T03:03:37.322869Z  WARN ThreadId(24) hotstuff_runner::smrol::network: ⚠️ [Check] Writer 0 -> 21 slow write: 9.797254ms
2025-11-07T03:03:37.331345Z  WARN ThreadId(24) hotstuff_runner::smrol::network: ⚠️ [Check] Writer 0 -> 21 slow write: 8.070602ms
2025-11-07T03:03:37.332119Z  WARN ThreadId(24) hotstuff_runner::smrol::network: ⚠️ [Check] Writer 0 -> 26 slow write: 9.876885ms
2025-11-07T03:03:37.332575Z  WARN ThreadId(24) hotstuff_runner::smrol::network: ⚠️ [Check] Writer 0 -> 88 slow write: 10.76967ms
2025-11-07T03:03:37.332888Z  WARN ThreadId(24) hotstuff_runner::smrol::network: ⚠️ [Check] Writer 0 -> 18 slow write: 11.34322ms
2025-11-07T03:03:37.333301Z  WARN ThreadId(24) hotstuff_runner::smrol::network: ⚠️ [Check] Writer 0 -> 93 slow write: 11.999382ms
2025-11-07T03:03:37.333788Z  WARN ThreadId(24) hotstuff_runner::smrol::network: ⚠️ [Check] Writer 0 -> 96 slow write: 12.804166ms
2025-11-07T03:03:37.334152Z  WARN ThreadId(24) hotstuff_runner::smrol::network: ⚠️ [Check] Writer 0 -> 77 slow write: 13.56993ms
2025-11-07T03:03:37.345182Z  WARN ThreadId(24) hotstuff_runner::smrol::network: ⚠️ [Check] Writer 0 -> 77 slow write: 10.788191ms
2025-11-07T03:03:37.345258Z  WARN ThreadId(24) hotstuff_runner::smrol::network: ⚠️ [Check] Writer 0 -> 96 slow write: 11.115216ms
2025-11-07T03:03:37.345407Z  WARN ThreadId(24) hotstuff_runner::smrol::network: ⚠️ [Check] Writer 0 -> 93 slow write: 11.626096ms
2025-11-07T03:03:37.345516Z  WARN ThreadId(24) hotstuff_runner::smrol::network: ⚠️ [Check] Writer 0 -> 18 slow write: 12.225506ms
2025-11-07T03:03:37.345809Z  WARN ThreadId(24) hotstuff_runner::smrol::network: ⚠️ [Check] Writer 0 -> 88 slow write: 12.944409ms
2025-11-07T03:03:37.345856Z  WARN ThreadId(24) hotstuff_runner::smrol::network: ⚠️ [Check] Writer 0 -> 26 slow write: 13.294565ms
2025-11-07T03:03:37.348120Z  WARN ThreadId(24) hotstuff_runner::smrol::network: ⚠️ [Check] Writer 0 -> 85 slow write: 5.326994ms
2025-11-07T03:03:37.348607Z  WARN ThreadId(24) hotstuff_runner::smrol::network: ⚠️ [Check] Writer 0 -> 67 slow write: 6.166999ms
2025-11-07T03:03:37.365354Z  WARN ThreadId(24) hotstuff_runner::smrol::network: ⚠️ [Check] Writer 0 -> 67 slow write: 16.340829ms
2025-11-07T03:03:37.365955Z  WARN ThreadId(24) hotstuff_runner::smrol::network: ⚠️ [Check] Writer 0 -> 85 slow write: 17.363767ms
2025-11-07T03:03:37.366263Z  WARN ThreadId(24) hotstuff_runner::smrol::network: ⚠️ [Check] Writer 0 -> 94 slow write: 18.232282ms
2025-11-07T03:03:37.367230Z  WARN ThreadId(24) hotstuff_runner::smrol::network: ⚠️ [Check] Writer 0 -> 69 slow write: 11.129866ms
2025-11-07T03:03:37.367787Z  WARN ThreadId(24) hotstuff_runner::smrol::network: ⚠️ [Check] Writer 0 -> 36 slow write: 12.281547ms
2025-11-07T03:03:37.368033Z  WARN ThreadId(24) hotstuff_runner::smrol::network: ⚠️ [Check] Writer 0 -> 7 slow write: 13.284355ms
2025-11-07T03:03:37.368390Z  WARN ThreadId(24) hotstuff_runner::smrol::network: ⚠️ [Check] Writer 0 -> 75 slow write: 14.599108ms
2025-11-07T03:03:37.373600Z  WARN ThreadId(24) hotstuff_runner::smrol::network: ⚠️ [Check] Writer 0 -> 7 slow write: 5.234013ms
2025-11-07T03:03:37.373952Z  WARN ThreadId(24) hotstuff_runner::smrol::network: ⚠️ [Check] Writer 0 -> 36 slow write: 5.978525ms
2025-11-07T03:03:37.374383Z  WARN ThreadId(24) hotstuff_runner::smrol::network: ⚠️ [Check] Writer 0 -> 69 slow write: 6.637608ms
2025-11-07T03:03:37.376405Z  WARN ThreadId(24) hotstuff_runner::smrol::network: ⚠️ [Check] Writer 0 -> 85 slow write: 5.07785ms
2025-11-07T03:03:37.385887Z  WARN ThreadId(24) hotstuff_runner::smrol::network: ⚠️ [Check] Writer 0 -> 94 slow write: 10.427304ms
2025-11-07T03:03:37.387369Z  WARN ThreadId(24) hotstuff_runner::smrol::network: ⚠️ [Check] Writer 0 -> 67 slow write: 14.085929ms
2025-11-07T03:03:37.387468Z  WARN ThreadId(24) hotstuff_runner::smrol::network: ⚠️ [Check] Writer 0 -> 53 slow write: 15.364771ms
2025-11-07T03:03:37.392049Z  WARN ThreadId(24) hotstuff_runner::smrol::network: ⚠️ [Check] Writer 0 -> 36 slow write: 5.201302ms
2025-11-07T03:03:37.392321Z  WARN ThreadId(24) hotstuff_runner::smrol::network: ⚠️ [Check] Writer 0 -> 69 slow write: 5.706821ms
2025-11-07T03:03:37.393273Z  WARN ThreadId(24) hotstuff_runner::smrol::network: ⚠️ [Check] Writer 0 -> 94 slow write: 7.107106ms
2025-11-07T03:03:37.393794Z  WARN ThreadId(24) hotstuff_runner::smrol::network: ⚠️ [Check] Writer 0 -> 62 slow write: 9.174742ms
2025-11-07T03:03:37.410959Z  WARN ThreadId(24) hotstuff_runner::smrol::network: ⚠️ [Check] Writer 0 -> 87 slow write: 15.990882ms
2025-11-07T03:03:37.411295Z  WARN ThreadId(24) hotstuff_runner::smrol::network: ⚠️ [Check] Writer 0 -> 62 slow write: 17.062501ms
2025-11-07T03:03:37.412103Z  WARN ThreadId(24) hotstuff_runner::smrol::network: ⚠️ [Check] Writer 0 -> 69 slow write: 19.502704ms
2025-11-07T03:03:37.412336Z  WARN ThreadId(24) hotstuff_runner::smrol::network: ⚠️ [Check] Writer 0 -> 36 slow write: 20.023465ms
2025-11-07T03:03:37.412473Z  WARN ThreadId(24) hotstuff_runner::smrol::network: ⚠️ [Check] Writer 0 -> 7 slow write: 20.448541ms
2025-11-07T03:03:37.412718Z  WARN ThreadId(24) hotstuff_runner::smrol::network: ⚠️ [Check] Writer 0 -> 75 slow write: 20.989821ms
2025-11-07T03:03:37.414579Z  WARN ThreadId(24) hotstuff_runner::smrol::network: ⚠️ [Check] Writer 0 -> 95 slow write: 5.68129ms
2025-11-07T03:03:37.427771Z  WARN ThreadId(24) hotstuff_runner::smrol::network: ⚠️ [Check] Writer 0 -> 53 slow write: 14.409934ms
2025-11-07T03:03:37.429019Z  WARN ThreadId(24) hotstuff_runner::smrol::network: ⚠️ [Check] Writer 0 -> 87 slow write: 17.744113ms
2025-11-07T03:03:37.429409Z  WARN ThreadId(24) hotstuff_runner::smrol::network: ⚠️ [Check] Writer 0 -> 2 slow write: 18.916744ms
2025-11-07T03:03:37.438593Z  WARN ThreadId(24) hotstuff_runner::smrol::network: ⚠️ [Check] Writer 0 -> 2 slow write: 8.734805ms
2025-11-07T03:03:37.439272Z  WARN ThreadId(24) hotstuff_runner::smrol::network: ⚠️ [Check] Writer 0 -> 62 slow write: 10.261162ms
2025-11-07T03:03:37.440763Z  WARN ThreadId(24) hotstuff_runner::smrol::network: ⚠️ [Check] Writer 0 -> 53 slow write: 12.636774ms
2025-11-07T03:03:37.456068Z  WARN ThreadId(24) hotstuff_runner::smrol::network: ⚠️ [Check] Writer 0 -> 62 slow write: 15.964932ms
2025-11-07T03:03:37.456244Z  WARN ThreadId(24) hotstuff_runner::smrol::network: ⚠️ [Check] Writer 0 -> 87 slow write: 16.98441ms
2025-11-07T03:03:37.467291Z  WARN ThreadId(24) hotstuff_runner::smrol::network: ⚠️ [Check] Writer 0 -> 2 slow write: 10.343133ms
2025-11-07T03:03:37.467679Z  WARN ThreadId(24) hotstuff_runner::smrol::network: ⚠️ [Check] Writer 0 -> 87 slow write: 11.195078ms
2025-11-07T03:03:37.491688Z  WARN ThreadId(24) hotstuff_runner::smrol::network: ⚠️ [Check] Writer 0 -> 34 slow write: 6.020277ms
2025-11-07T03:03:37.504170Z  WARN ThreadId(24) hotstuff_runner::smrol::network: ⚠️ [Check] Writer 0 -> 34 slow write: 12.202075ms
2025-11-07T03:03:37.568066Z  WARN ThreadId(24) hotstuff_runner::smrol::network: ⚠️ [Check] Writer 0 -> 97 slow write: 11.527933ms
2025-11-07T03:03:37.667944Z  WARN ThreadId(24) hotstuff_runner::smrol::network: ⚠️ [Check] Writer 0 -> 66 slow write: 5.151542ms
2025-11-07T03:03:37.684308Z  WARN ThreadId(24) hotstuff_runner::smrol::network: ⚠️ [Check] Writer 0 -> 66 slow write: 5.67105ms
2025-11-07T03:03:37.806951Z  WARN ThreadId(24) hotstuff_runner::smrol::network: ⚠️ [Check] Writer 0 -> 38 slow write: 1.54757575s
2025-11-07T03:03:37.808018Z  WARN ThreadId(24) hotstuff_runner::smrol::network: ⚠️ [Check] Writer 0 -> 56 slow write: 7.40089ms
2025-11-07T03:03:37.808469Z  WARN ThreadId(24) hotstuff_runner::smrol::network: ⚠️ [Check] Writer 0 -> 84 slow write: 7.3557ms
2025-11-07T03:03:37.815945Z  WARN ThreadId(24) hotstuff_runner::smrol::network: ⚠️ [Check] Writer 0 -> 28 slow write: 6.641047ms
2025-11-07T03:03:37.826084Z  WARN ThreadId(24) hotstuff_runner::smrol::network: ⚠️ [Check] Writer 0 -> 28 slow write: 9.782633ms
2025-11-07T03:03:37.828058Z  WARN ThreadId(24) hotstuff_runner::smrol::network: ⚠️ [Check] Writer 0 -> 84 slow write: 5.204892ms
2025-11-07T03:03:37.837236Z  WARN ThreadId(24) hotstuff_runner::smrol::network: ⚠️ [Check] Writer 0 -> 38 slow write: 13.660561ms
2025-11-07T03:03:37.842719Z  WARN ThreadId(24) hotstuff_runner::smrol::network: ⚠️ [Check] Writer 0 -> 28 slow write: 9.726972ms
2025-11-07T03:03:37.852359Z  WARN ThreadId(24) hotstuff_runner::smrol::network: ⚠️ [Check] Writer 0 -> 38 slow write: 7.792188ms
2025-11-07T03:03:37.868081Z  WARN ThreadId(24) hotstuff_runner::smrol::network: ⚠️ [Check] Writer 0 -> 38 slow write: 7.511893ms
2025-11-07T03:03:37.882955Z  WARN ThreadId(24) hotstuff_runner::smrol::network: ⚠️ [Check] Writer 0 -> 28 slow write: 9.189322ms
2025-11-07T03:03:37.884172Z  WARN ThreadId(24) hotstuff_runner::smrol::network: ⚠️ [Check] Writer 0 -> 37 slow write: 5.233882ms
2025-11-07T03:03:37.903208Z  WARN ThreadId(24) hotstuff_runner::smrol::network: ⚠️ [Check] Writer 0 -> 79 slow write: 5.364804ms
2025-11-07T03:03:37.961699Z  WARN ThreadId(24) hotstuff_runner::smrol::network: ⚠️ [Check] Writer 0 -> 42 slow write: 6.868831ms
2025-11-07T03:03:38.016419Z  WARN ThreadId(24) hotstuff_runner::smrol::network: ⚠️ [Check] Writer 0 -> 70 slow write: 5.043409ms
2025-11-07T03:03:38.188944Z  WARN ThreadId(24) hotstuff_runner::smrol::network: ⚠️ [Check] Writer 0 -> 24 slow write: 853.691567ms
2025-11-07T03:03:38.209221Z  WARN ThreadId(24) hotstuff_runner::smrol::network: ⚠️ [Check] Writer 0 -> 88 slow write: 5.456536ms
2025-11-07T03:03:38.209562Z  WARN ThreadId(24) hotstuff_runner::smrol::network: ⚠️ [Check] Writer 0 -> 9 slow write: 6.066998ms
2025-11-07T03:03:38.229809Z  WARN ThreadId(24) hotstuff_runner::smrol::network: ⚠️ [Check] Writer 0 -> 26 slow write: 8.316557ms
2025-11-07T03:03:38.232689Z  WARN ThreadId(24) hotstuff_runner::smrol::network: ⚠️ [Check] Writer 0 -> 88 slow write: 6.277051ms
2025-11-07T03:03:38.233776Z  WARN ThreadId(24) hotstuff_runner::smrol::network: ⚠️ [Check] Writer 0 -> 14 slow write: 7.552163ms
2025-11-07T03:03:38.234069Z  WARN ThreadId(24) hotstuff_runner::smrol::network: ⚠️ [Check] Writer 0 -> 24 slow write: 8.282576ms
2025-11-07T03:03:38.238169Z  WARN ThreadId(24) hotstuff_runner::smrol::network: ⚠️ [Check] Writer 0 -> 26 slow write: 6.044937ms
2025-11-07T03:03:38.241960Z  WARN ThreadId(24) hotstuff_runner::smrol::network: ⚠️ [Check] Writer 0 -> 24 slow write: 5.115731ms
2025-11-07T03:03:38.302018Z  WARN ThreadId(25) hotstuff_runner::smrol::network: ⚠️ [Check] Writer 0 -> 81 slow write: 5.367615ms
2025-11-07T03:03:38.302331Z  WARN ThreadId(25) hotstuff_runner::smrol::network: ⚠️ [Check] Writer 0 -> 40 slow write: 6.093648ms
2025-11-07T03:03:38.302635Z  WARN ThreadId(25) hotstuff_runner::smrol::network: ⚠️ [Check] Writer 0 -> 66 slow write: 6.763689ms
2025-11-07T03:03:38.302894Z  WARN ThreadId(25) hotstuff_runner::smrol::network: ⚠️ [Check] Writer 0 -> 13 slow write: 7.272529ms
2025-11-07T03:03:38.303957Z  WARN ThreadId(25) hotstuff_runner::smrol::network: ⚠️ [Check] Writer 0 -> 21 slow write: 5.557419ms
2025-11-07T03:03:38.304195Z  WARN ThreadId(25) hotstuff_runner::smrol::network: ⚠️ [Check] Writer 0 -> 50 slow write: 6.009806ms
2025-11-07T03:03:38.304418Z  WARN ThreadId(25) hotstuff_runner::smrol::network: ⚠️ [Check] Writer 0 -> 89 slow write: 6.457974ms
2025-11-07T03:03:38.307981Z  WARN ThreadId(25) hotstuff_runner::smrol::network: ⚠️ [Check] Writer 0 -> 66 slow write: 5.08922ms
2025-11-07T03:03:38.308285Z  WARN ThreadId(25) hotstuff_runner::smrol::network: ⚠️ [Check] Writer 0 -> 40 slow write: 5.65801ms
2025-11-07T03:03:38.308600Z  WARN ThreadId(25) hotstuff_runner::smrol::network: ⚠️ [Check] Writer 0 -> 81 slow write: 6.284311ms
2025-11-07T03:03:38.308880Z  WARN ThreadId(25) hotstuff_runner::smrol::network: ⚠️ [Check] Writer 0 -> 74 slow write: 6.891352ms
2025-11-07T03:03:38.356516Z  WARN ThreadId(25) hotstuff_runner::smrol::network: ⚠️ [Check] Writer 0 -> 13 slow write: 44.182011ms
2025-11-07T03:03:38.356568Z  WARN ThreadId(25) hotstuff_runner::smrol::network: ⚠️ [Check] Writer 0 -> 66 slow write: 44.506346ms
2025-11-07T03:03:42.057433Z  WARN ThreadId(07) docker_node:   Connection reuse ineffective (2.0 msg/conn)
2025-11-07T03:03:45.415797Z  WARN ThreadId(24) hotstuff_runner::smrol::network: ⚠️ [Check] Writer 0 -> 99 slow write: 11.148855ms
2025-11-07T03:03:45.417370Z  WARN ThreadId(25) hotstuff_runner::smrol::network: ⚠️ [Check] Writer 0 -> 56 slow write: 13.164949ms
2025-11-07T03:03:45.419353Z  WARN ThreadId(25) hotstuff_runner::smrol::network: ⚠️ [Check] Writer 0 -> 29 slow write: 10.598285ms
2025-11-07T03:03:45.419583Z  WARN ThreadId(25) hotstuff_runner::smrol::network: ⚠️ [Check] Writer 0 -> 23 slow write: 14.978271ms
2025-11-07T03:03:45.427202Z  WARN ThreadId(25) hotstuff_runner::smrol::network: ⚠️ [Check] Writer 0 -> 29 slow write: 5.207441ms
2025-11-07T03:03:46.214562Z  WARN ThreadId(25) hotstuff_runner::smrol::network: ⚠️ [Check] Writer 0 -> 39 slow write: 6.84266ms
2025-11-07T03:03:46.249077Z  WARN ThreadId(24) hotstuff_runner::smrol::network: ⚠️ [Check] Writer 0 -> 84 slow write: 5.677559ms
2025-11-07T03:03:47.057396Z  WARN ThreadId(02) docker_node:   Connection reuse ineffective (2.0 msg/conn)
2025-11-07T03:03:52.056747Z  WARN ThreadId(02) docker_node:   Connection reuse ineffective (2.0 msg/conn)
2025-11-07T03:03:57.057447Z  WARN ThreadId(07) docker_node:   Connection reuse ineffective (2.0 msg/conn)
2025-11-07T03:04:02.057290Z  WARN ThreadId(02) docker_node:   Connection reuse ineffective (2.0 msg/conn)
2025-11-07T03:04:07.057356Z  WARN ThreadId(02) docker_node:   Connection reuse ineffective (2.0 msg/conn)
2025-11-07T03:04:12.056756Z  WARN ThreadId(02) docker_node:   Connection reuse ineffective (2.0 msg/conn)
2025-11-07T03:04:16.361467Z ERROR ThreadId(09) docker_node: Node 0 failed to send response
2025-11-07T03:04:17.057210Z  WARN ThreadId(07) docker_node:   Connection reuse ineffective (2.0 msg/conn)
2025-11-07T03:04:22.056965Z  WARN ThreadId(06) docker_node:   Connection reuse ineffective (2.0 msg/conn)
2025-11-07T03:04:27.056805Z  WARN ThreadId(02) docker_node:   Connection reuse ineffective (2.0 msg/conn)
2025-11-07T03:04:32.057582Z  WARN ThreadId(06) docker_node:   Connection reuse ineffective (2.0 msg/conn)
2025-11-07T03:04:37.057617Z  WARN ThreadId(06) docker_node:   Connection reuse ineffective (2.0 msg/conn)
2025-11-07T03:04:42.057066Z  WARN ThreadId(07) docker_node:   Connection reuse ineffective (2.0 msg/conn)
2025-11-07T03:04:47.056687Z  WARN ThreadId(09) docker_node:   Connection reuse ineffective (2.0 msg/conn)
2025-11-07T03:04:52.057080Z  WARN ThreadId(09) docker_node:   Connection reuse ineffective (2.0 msg/conn)
2025-11-07T03:04:57.057144Z  WARN ThreadId(07) docker_node:   Connection reuse ineffective (2.0 msg/conn)
2025-11-07T03:05:02.057440Z  WARN ThreadId(09) docker_node:   Connection reuse ineffective (2.0 msg/conn)
2025-11-07T03:05:07.057743Z  WARN ThreadId(09) docker_node:   Connection reuse ineffective (2.0 msg/conn)
2025-11-07T03:05:12.057139Z  WARN ThreadId(07) docker_node:   Connection reuse ineffective (2.0 msg/conn)
2025-11-07T03:05:17.057324Z  WARN ThreadId(06) docker_node:   Connection reuse ineffective (2.0 msg/conn)
2025-11-07T03:05:22.057541Z  WARN ThreadId(06) docker_node:   Connection reuse ineffective (2.0 msg/conn)
2025-11-07T03:05:27.057144Z  WARN ThreadId(07) docker_node:   Connection reuse ineffective (2.0 msg/conn)
2025-11-07T03:05:32.056730Z  WARN ThreadId(09) docker_node:   Connection reuse ineffective (2.0 msg/conn)
2025-11-07T03:05:37.057078Z  WARN ThreadId(07) docker_node:   Connection reuse ineffective (2.0 msg/conn)
2025-11-07T03:05:42.057386Z  WARN ThreadId(07) docker_node:   Connection reuse ineffective (2.0 msg/conn)
2025-11-07T03:05:46.114648Z  WARN ThreadId(25) hotstuff_runner::smrol::network: ⚠️ [SMROL] writer task 0 -> 3 failed: Failed to write length: Broken pipe (os error 32)
2025-11-07T03:05:46.171862Z  WARN ThreadId(24) hotstuff_runner::smrol::network: ⚠️ [SMROL] writer task 0 -> 7 failed: Failed to write length: Connection reset by peer (os error 104)
2025-11-07T03:05:46.185263Z  WARN ThreadId(09) hotstuff_runner::smrol::pnfifo: ⚠️ [PNFIFO] Node 0 proposal handling failed (leader 3 slot 2248): Failed to send VOTE: Connection failed 172.31.64.102:21003: Connection refused (os error 111)
2025-11-07T03:05:46.201286Z  WARN ThreadId(09) hotstuff_runner::smrol::pnfifo: ⚠️ [PNFIFO] Node 0 proposal handling failed (leader 3 slot 2249): Failed to send VOTE: Connection failed 172.31.64.102:21003: Connection refused (os error 111)
2025-11-07T03:05:46.270844Z  WARN ThreadId(09) hotstuff_runner::smrol::pnfifo: ⚠️ [PNFIFO] Node 0 proposal handling failed (leader 3 slot 2250): Failed to send VOTE: Connection failed 172.31.64.102:21003: Connection refused (os error 111)
2025-11-07T03:05:46.316819Z  WARN ThreadId(09) hotstuff_runner::smrol::pnfifo: ⚠️ [PNFIFO] Node 0 proposal handling failed (leader 3 slot 2251): Failed to send VOTE: Connection failed 172.31.64.102:21003: Connection refused (os error 111)
2025-11-07T03:05:46.327662Z  WARN ThreadId(07) hotstuff_runner::smrol::pnfifo: ⚠️ [PNFIFO] Node 0 proposal handling failed (leader 7 slot 2246): Failed to send VOTE: Connection failed 172.31.75.111:21007: Connection refused (os error 111)
2025-11-07T03:05:46.338272Z  WARN ThreadId(09) hotstuff_runner::smrol::pnfifo: ⚠️ [PNFIFO] Node 0 proposal handling failed (leader 7 slot 2248): Failed to send VOTE: Connection failed 172.31.75.111:21007: Connection refused (os error 111)
2025-11-07T03:05:46.356227Z  WARN ThreadId(07) hotstuff_runner::smrol::pnfifo: ⚠️ [PNFIFO] Node 0 proposal handling failed (leader 7 slot 2249): Failed to send VOTE: Connection failed 172.31.75.111:21007: Connection refused (os error 111)
2025-11-07T03:05:46.430157Z  WARN ThreadId(09) hotstuff_runner::smrol::pnfifo: ⚠️ [PNFIFO] Node 0 proposal handling failed (leader 3 slot 2252): Failed to send VOTE: Connection failed 172.31.64.102:21003: Connection refused (os error 111)
2025-11-07T03:05:46.471216Z  WARN ThreadId(07) hotstuff_runner::smrol::pnfifo: ⚠️ [PNFIFO] Node 0 proposal handling failed (leader 7 slot 2251): Failed to send VOTE: Connection failed 172.31.75.111:21007: Connection refused (os error 111)
2025-11-07T03:05:46.481722Z  WARN ThreadId(02) hotstuff_runner::smrol::pnfifo: ⚠️ [PNFIFO] Node 0 proposal handling failed (leader 3 slot 2253): Failed to send VOTE: Connection failed 172.31.64.102:21003: Connection refused (os error 111)
2025-11-07T03:05:46.485918Z  WARN ThreadId(07) hotstuff_runner::smrol::pnfifo: ⚠️ [PNFIFO] Node 0 proposal handling failed (leader 7 slot 2250): Failed to send VOTE: Connection failed 172.31.75.111:21007: Connection refused (os error 111)
2025-11-07T03:05:46.502927Z  WARN ThreadId(09) hotstuff_runner::smrol::pnfifo: ⚠️ [PNFIFO] Node 0 proposal handling failed (leader 3 slot 2254): Failed to send VOTE: Connection failed 172.31.64.102:21003: Connection refused (os error 111)
2025-11-07T03:05:46.537766Z  WARN ThreadId(09) hotstuff_runner::smrol::pnfifo: ⚠️ [PNFIFO] Node 0 proposal handling failed (leader 3 slot 2255): Failed to send VOTE: Connection failed 172.31.64.102:21003: Connection refused (os error 111)
2025-11-07T03:05:46.560504Z  WARN ThreadId(07) hotstuff_runner::smrol::pnfifo: ⚠️ [PNFIFO] Node 0 proposal handling failed (leader 7 slot 2252): Failed to send VOTE: Connection failed 172.31.75.111:21007: Connection refused (os error 111)
2025-11-07T03:05:46.561137Z  WARN ThreadId(07) hotstuff_runner::smrol::pnfifo: ⚠️ [PNFIFO] Node 0 proposal handling failed (leader 7 slot 2253): Failed to send VOTE: Connection failed 172.31.75.111:21007: Connection refused (os error 111)
2025-11-07T03:05:46.569379Z  WARN ThreadId(02) hotstuff_runner::smrol::pnfifo: ⚠️ [PNFIFO] Node 0 proposal handling failed (leader 3 slot 2256): Failed to send VOTE: Connection failed 172.31.64.102:21003: Connection refused (os error 111)
2025-11-07T03:05:46.596762Z  WARN ThreadId(09) hotstuff_runner::smrol::pnfifo: ⚠️ [PNFIFO] Node 0 proposal handling failed (leader 3 slot 2257): Failed to send VOTE: Connection failed 172.31.64.102:21003: Connection refused (os error 111)
2025-11-07T03:05:46.616391Z  WARN ThreadId(02) hotstuff_runner::smrol::pnfifo: ⚠️ [PNFIFO] Node 0 proposal handling failed (leader 3 slot 2258): Failed to send VOTE: Connection failed 172.31.64.102:21003: Connection refused (os error 111)
2025-11-07T03:05:46.639597Z  WARN ThreadId(02) hotstuff_runner::smrol::pnfifo: ⚠️ [PNFIFO] Node 0 proposal handling failed (leader 7 slot 2254): Failed to send VOTE: Connection failed 172.31.75.111:21007: Connection refused (os error 111)
2025-11-07T03:05:46.653605Z  WARN ThreadId(02) hotstuff_runner::smrol::pnfifo: ⚠️ [PNFIFO] Node 0 proposal handling failed (leader 3 slot 2259): Failed to send VOTE: Connection failed 172.31.64.102:21003: Connection refused (os error 111)
