2025-11-12T04:30:19.071114Z  WARN ThreadId(01) docker_node: metrics exporter disabled by SMROL_DISABLE_METRICS
2025-11-12T04:30:39.273870Z  WARN ThreadId(01) hotstuff_runner::tcp_node: Node 0 view timeout set to 4000 ms
2025-11-12T04:30:39.276757Z ERROR ThreadId(23) hotstuff_runner::pompe_network: Node 0 failed to connect to node 1: Connection refused (os error 111)
2025-11-12T04:30:39.277134Z ERROR ThreadId(23) hotstuff_runner::pompe_network: Node 0 failed to connect to node 2: Connection refused (os error 111)
2025-11-12T04:30:39.277517Z ERROR ThreadId(22) hotstuff_runner::pompe_network: Node 0 failed to connect to node 3: Connection refused (os error 111)
2025-11-12T04:30:39.277860Z ERROR ThreadId(22) hotstuff_runner::pompe_network: Node 0 failed to connect to node 4: Connection refused (os error 111)
2025-11-12T04:30:39.285525Z  WARN ThreadId(01) hotstuff_runner::smrol::sequencing: SMROL_MEDIAN_INFLIGHT=24, SMROL_ORDER_FINALIZE_INFLIGHT=4, SMROL_FINAL_SIGN_INFLIGHT=4, SMROL_FINAL_VERIFY_INFLIGHT=24
2025-11-12T04:30:39.285574Z  WARN ThreadId(01) hotstuff_runner::smrol::sequencing: [Sequencing] Node 0 multi-signature verification disabled: false
2025-11-12T04:30:39.285646Z  WARN ThreadId(09) hotstuff_runner::smrol::sequencing: [Sequencing] Node 0 final verify dispatcher started
2025-11-12T04:30:39.286745Z  WARN ThreadId(09) docker_node:   Connection reuse ineffective (2.0 msg/conn)
2025-11-12T04:30:43.276020Z  WARN ThreadId(21) hotstuff_runner::tcp_node: Node 0 view 0 timed out; latency may accumulate
2025-11-12T04:30:44.286846Z  WARN ThreadId(07) docker_node:   Connection reuse ineffective (2.0 msg/conn)
2025-11-12T04:30:44.289173Z  WARN ThreadId(01) docker_node: Node 0 port 20000 temporarily unreachable: failed to lookup address information: Temporary failure in name resolution
2025-11-12T04:30:44.290869Z  WARN ThreadId(01) docker_node: Node 1 port 20001 temporarily unreachable: failed to lookup address information: Temporary failure in name resolution
2025-11-12T04:30:44.292669Z  WARN ThreadId(01) docker_node: Node 2 port 20002 temporarily unreachable: failed to lookup address information: Temporary failure in name resolution
2025-11-12T04:30:44.294249Z  WARN ThreadId(01) docker_node: Node 3 port 20003 temporarily unreachable: failed to lookup address information: Temporary failure in name resolution
2025-11-12T04:30:44.296151Z  WARN ThreadId(01) docker_node: Node 4 port 20004 temporarily unreachable: failed to lookup address information: Temporary failure in name resolution
2025-11-12T04:30:44.297909Z  WARN ThreadId(01) docker_node: Node 5 port 20005 temporarily unreachable: failed to lookup address information: Temporary failure in name resolution
2025-11-12T04:30:44.299625Z  WARN ThreadId(01) docker_node: Node 6 port 20006 temporarily unreachable: failed to lookup address information: Temporary failure in name resolution
2025-11-12T04:30:44.301312Z  WARN ThreadId(01) docker_node: Node 7 port 20007 temporarily unreachable: failed to lookup address information: Temporary failure in name resolution
2025-11-12T04:30:44.302921Z  WARN ThreadId(01) docker_node: Node 8 port 20008 temporarily unreachable: failed to lookup address information: Temporary failure in name resolution
2025-11-12T04:30:44.304604Z  WARN ThreadId(01) docker_node: Node 9 port 20009 temporarily unreachable: failed to lookup address information: Temporary failure in name resolution
2025-11-12T04:30:44.306326Z  WARN ThreadId(01) docker_node: Node 10 port 20010 temporarily unreachable: failed to lookup address information: Temporary failure in name resolution
2025-11-12T04:30:44.308027Z  WARN ThreadId(01) docker_node: Node 11 port 20011 temporarily unreachable: failed to lookup address information: Temporary failure in name resolution
2025-11-12T04:30:44.309751Z  WARN ThreadId(01) docker_node: Node 12 port 20012 temporarily unreachable: failed to lookup address information: Temporary failure in name resolution
2025-11-12T04:30:44.311311Z  WARN ThreadId(01) docker_node: Node 13 port 20013 temporarily unreachable: failed to lookup address information: Temporary failure in name resolution
2025-11-12T04:30:44.312976Z  WARN ThreadId(01) docker_node: Node 14 port 20014 temporarily unreachable: failed to lookup address information: Temporary failure in name resolution
2025-11-12T04:30:44.314742Z  WARN ThreadId(01) docker_node: Node 15 port 20015 temporarily unreachable: failed to lookup address information: Temporary failure in name resolution
2025-11-12T04:30:44.316792Z  WARN ThreadId(01) docker_node: Node 16 port 20016 temporarily unreachable: failed to lookup address information: Temporary failure in name resolution
2025-11-12T04:30:44.318895Z  WARN ThreadId(01) docker_node: Node 17 port 20017 temporarily unreachable: failed to lookup address information: Temporary failure in name resolution
2025-11-12T04:30:44.320619Z  WARN ThreadId(01) docker_node: Node 18 port 20018 temporarily unreachable: failed to lookup address information: Temporary failure in name resolution
2025-11-12T04:30:44.322302Z  WARN ThreadId(01) docker_node: Node 19 port 20019 temporarily unreachable: failed to lookup address information: Temporary failure in name resolution
2025-11-12T04:30:44.323948Z  WARN ThreadId(01) docker_node: Node 20 port 20020 temporarily unreachable: failed to lookup address information: Temporary failure in name resolution
2025-11-12T04:30:44.325718Z  WARN ThreadId(01) docker_node: Node 21 port 20021 temporarily unreachable: failed to lookup address information: Temporary failure in name resolution
2025-11-12T04:30:44.327463Z  WARN ThreadId(01) docker_node: Node 22 port 20022 temporarily unreachable: failed to lookup address information: Temporary failure in name resolution
2025-11-12T04:30:44.329250Z  WARN ThreadId(01) docker_node: Node 23 port 20023 temporarily unreachable: failed to lookup address information: Temporary failure in name resolution
2025-11-12T04:30:44.330854Z  WARN ThreadId(01) docker_node: Node 24 port 20024 temporarily unreachable: failed to lookup address information: Temporary failure in name resolution
2025-11-12T04:30:44.332435Z  WARN ThreadId(01) docker_node: Node 25 port 20025 temporarily unreachable: failed to lookup address information: Temporary failure in name resolution
2025-11-12T04:30:44.334156Z  WARN ThreadId(01) docker_node: Node 26 port 20026 temporarily unreachable: failed to lookup address information: Temporary failure in name resolution
2025-11-12T04:30:44.336065Z  WARN ThreadId(01) docker_node: Node 27 port 20027 temporarily unreachable: failed to lookup address information: Temporary failure in name resolution
2025-11-12T04:30:44.337813Z  WARN ThreadId(01) docker_node: Node 28 port 20028 temporarily unreachable: failed to lookup address information: Temporary failure in name resolution
2025-11-12T04:30:44.339482Z  WARN ThreadId(01) docker_node: Node 29 port 20029 temporarily unreachable: failed to lookup address information: Temporary failure in name resolution
2025-11-12T04:30:44.341325Z  WARN ThreadId(01) docker_node: Node 30 port 20030 temporarily unreachable: failed to lookup address information: Temporary failure in name resolution
2025-11-12T04:30:44.343047Z  WARN ThreadId(01) docker_node: Node 31 port 20031 temporarily unreachable: failed to lookup address information: Temporary failure in name resolution
2025-11-12T04:30:48.431973Z  WARN ThreadId(21) hotstuff_runner::tcp_node: Node 0 view 5 timed out; latency may accumulate
2025-11-12T04:30:49.286846Z  WARN ThreadId(07) docker_node:   Connection reuse ineffective (2.0 msg/conn)
2025-11-12T04:30:53.335926Z  WARN ThreadId(21) hotstuff_runner::tcp_node: Node 0 view 10 timed out; latency may accumulate
2025-11-12T04:30:54.287070Z  WARN ThreadId(07) docker_node:   Connection reuse ineffective (2.0 msg/conn)
2025-11-12T04:30:58.979199Z  WARN ThreadId(20) hotstuff_runner::app: Node 0 [produce_block] queue size: 0, attempting up to 0 transactions this block    
2025-11-12T04:30:59.287396Z  WARN ThreadId(07) docker_node:   Connection reuse ineffective (2.0 msg/conn)
2025-11-12T04:31:04.287204Z  WARN ThreadId(07) docker_node:   Connection reuse ineffective (2.0 msg/conn)
2025-11-12T04:31:05.007268Z  WARN ThreadId(20) hotstuff_runner::app: Node 0 [produce_block] queue size: 0, attempting up to 0 transactions this block    
2025-11-12T04:31:07.638233Z  WARN ThreadId(21) hotstuff_runner::tcp_node: Detected transaction backlog: submit rate (4.8) > confirm rate (0.0)
2025-11-12T04:31:08.774966Z  WARN ThreadId(02) hotstuff_runner::pompe: ⚡ [Timed Output] Node 0 flushed 78957 transactions
2025-11-12T04:31:09.249634Z  WARN ThreadId(09) hotstuff_runner::pompe: ⚡ [Timed Output] Node 0 flushed 23688 transactions
2025-11-12T04:31:09.286679Z  WARN ThreadId(07) docker_node:   Connection reuse ineffective (6.9 msg/conn)
2025-11-12T04:31:09.343860Z  WARN ThreadId(06) docker_node: Node 0 Regular transaction queue backlog: 102645 transactions
2025-11-12T04:31:09.747175Z  WARN ThreadId(02) hotstuff_runner::pompe: ⚡ [Timed Output] Node 0 flushed 26319 transactions
2025-11-12T04:31:10.252454Z  WARN ThreadId(06) hotstuff_runner::pompe: ⚡ [Timed Output] Node 0 flushed 23688 transactions
2025-11-12T04:31:12.761409Z  WARN ThreadId(06) hotstuff_runner::pompe: ⚡ [Timed Output] Node 0 flushed 28951 transactions
2025-11-12T04:31:14.286604Z  WARN ThreadId(02) docker_node: HotStuff processing bottleneck detected:
2025-11-12T04:31:14.286636Z  WARN ThreadId(02) docker_node:    - HotStuff queue backlog: 102645 transactions
2025-11-12T04:31:14.287873Z  WARN ThreadId(02) docker_node:    - Confirmation TPS (0.0) much lower than submission TPS (0.1)
2025-11-12T04:31:14.287883Z  WARN ThreadId(02) docker_node:    - Possible cause: HotStuff consensus network delay or block size limitation
2025-11-12T04:31:14.287894Z  WARN ThreadId(02) docker_node:   Connection reuse ineffective (7.7 msg/conn)
2025-11-12T04:31:14.344101Z  WARN ThreadId(02) docker_node: Node 0 Regular transaction queue backlog: 192131 transactions
2025-11-12T04:31:15.079083Z  WARN ThreadId(06) hotstuff_runner::pompe: ⚡ [Timed Output] Node 0 flushed 28951 transactions
2025-11-12T04:31:15.572736Z  WARN ThreadId(07) hotstuff_runner::pompe: ⚡ [Timed Output] Node 0 flushed 10528 transactions
2025-11-12T04:31:17.537851Z  WARN ThreadId(06) hotstuff_runner::pompe: ⚡ [Timed Output] Node 0 flushed 55270 transactions
2025-11-12T04:31:18.034298Z  WARN ThreadId(07) hotstuff_runner::pompe: ⚡ [Timed Output] Node 0 flushed 28951 transactions
2025-11-12T04:31:18.536997Z  WARN ThreadId(02) hotstuff_runner::pompe: ⚡ [Timed Output] Node 0 flushed 34216 transactions
2025-11-12T04:31:19.027258Z  WARN ThreadId(02) hotstuff_runner::pompe: ⚡ [Timed Output] Node 0 flushed 15791 transactions
2025-11-12T04:31:19.286556Z  WARN ThreadId(06) docker_node:   Connection reuse ineffective (11.9 msg/conn)
2025-11-12T04:31:19.344302Z  WARN ThreadId(07) docker_node: Node 0 Regular transaction queue backlog: 384262 transactions
2025-11-12T04:31:19.551796Z  WARN ThreadId(06) hotstuff_runner::pompe: ⚡ [Timed Output] Node 0 flushed 63168 transactions
2025-11-12T04:31:20.639178Z  WARN ThreadId(02) hotstuff_runner::pompe: ⚡ [Timed Output] Node 0 flushed 105279 transactions
2025-11-12T04:31:21.847183Z  WARN ThreadId(02) hotstuff_runner::pompe: ⚡ [Timed Output] Node 0 flushed 73696 transactions
2025-11-12T04:31:21.886461Z  WARN ThreadId(21) hotstuff_runner::tcp_node: Node 0 view 76 timed out; latency may accumulate
2025-11-12T04:31:22.364334Z  WARN ThreadId(06) hotstuff_runner::pompe: ⚡ [Timed Output] Node 0 flushed 81590 transactions
2025-11-12T04:31:22.843790Z  WARN ThreadId(02) hotstuff_runner::pompe: ⚡ [Timed Output] Node 0 flushed 34215 transactions
2025-11-12T04:31:23.352178Z  WARN ThreadId(02) hotstuff_runner::pompe: ⚡ [Timed Output] Node 0 flushed 44744 transactions
2025-11-12T04:31:24.287118Z  WARN ThreadId(07) docker_node:   Connection reuse ineffective (17.7 msg/conn)
2025-11-12T04:31:24.344267Z  WARN ThreadId(07) docker_node: Node 0 Regular transaction queue backlog: 786954 transactions
2025-11-12T04:31:24.540630Z  WARN ThreadId(20) hotstuff_rs::block_tree::invariants: SAFE_PC_FAIL: pc.block=[37, 9, 230, 76, 117, 202, 135, 149, 89, 232, 241, 44, 47, 154, 129, 229, 92, 67, 157, 164, 233, 222, 39, 117, 53, 220, 137, 66, 105, 50, 46, 54] view=70 phase=Generic | cond1(chain_id/genesis)=true (pc.chain_id=0, my.chain_id=0) | cond2(block_exists/genesis)=true (exists=true) | cond3(view>locked || extends)=false (pc.view=70, locked.view=74, extends=false) | cond4(phase/updates)=true (phase_special=false, has_updates=false) | highest_pc.block=[9, 54, 145, 238, 170, 167, 69, 225, 110, 143, 198, 8, 103, 217, 234, 94, 68, 148, 245, 100, 73, 97, 5, 231, 202, 212, 166, 100, 151, 75, 118, 103] highest_pc.view=75 locked.block=[240, 29, 229, 167, 116, 231, 180, 13, 112, 114, 199, 140, 123, 73, 153, 130, 91, 136, 228, 140, 69, 68, 45, 118, 149, 233, 133, 197, 229, 200, 80, 48] locked.view=74    
2025-11-12T04:31:24.540682Z  WARN ThreadId(20) hotstuff_rs::block_tree::invariants: SAFE_BLOCK_FAIL: block=[47, 105, 231, 151, 218, 25, 223, 183, 16, 41, 26, 19, 145, 157, 131, 28, 105, 13, 119, 190, 1, 76, 72, 74, 4, 239, 187, 122, 72, 62, 31, 181] height=None | cond1(safe_pc)=false | cond2(is_block_justify)=true (justify.phase=Generic) | justify.block=[37, 9, 230, 76, 117, 202, 135, 149, 89, 232, 241, 44, 47, 154, 129, 229, 92, 67, 157, 164, 233, 222, 39, 117, 53, 220, 137, 66, 105, 50, 46, 54] justify.view=70 | highest_pc.block=[9, 54, 145, 238, 170, 167, 69, 225, 110, 143, 198, 8, 103, 217, 234, 94, 68, 148, 245, 100, 73, 97, 5, 231, 202, 212, 166, 100, 151, 75, 118, 103] highest_pc.view=75 | locked.block=[240, 29, 229, 167, 116, 231, 180, 13, 112, 114, 199, 140, 123, 73, 153, 130, 91, 136, 228, 140, 69, 68, 45, 118, 149, 233, 133, 197, 229, 200, 80, 48] locked.view=74    
2025-11-12T04:31:25.887345Z  WARN ThreadId(21) hotstuff_runner::tcp_node: Node 0 view 77 timed out; latency may accumulate
2025-11-12T04:31:29.286822Z  WARN ThreadId(07) docker_node:   Connection reuse ineffective (17.7 msg/conn)
2025-11-12T04:31:29.344047Z  WARN ThreadId(07) docker_node: Node 0 Regular transaction queue backlog: 786954 transactions
2025-11-12T04:31:33.715816Z  WARN ThreadId(21) hotstuff_runner::tcp_node: Node 0 view 79 timed out; latency may accumulate
2025-11-12T04:31:34.287209Z  WARN ThreadId(07) docker_node:   Connection reuse ineffective (17.7 msg/conn)
2025-11-12T04:31:34.344404Z  WARN ThreadId(07) docker_node: Node 0 Regular transaction queue backlog: 786954 transactions
2025-11-12T04:31:36.790171Z  WARN ThreadId(20) hotstuff_rs::block_tree::invariants: SAFE_PC_FAIL: pc.block=[37, 9, 230, 76, 117, 202, 135, 149, 89, 232, 241, 44, 47, 154, 129, 229, 92, 67, 157, 164, 233, 222, 39, 117, 53, 220, 137, 66, 105, 50, 46, 54] view=70 phase=Generic | cond1(chain_id/genesis)=true (pc.chain_id=0, my.chain_id=0) | cond2(block_exists/genesis)=true (exists=true) | cond3(view>locked || extends)=false (pc.view=70, locked.view=75, extends=false) | cond4(phase/updates)=true (phase_special=false, has_updates=false) | highest_pc.block=[76, 58, 152, 33, 20, 38, 62, 91, 66, 8, 42, 225, 155, 220, 19, 46, 33, 208, 175, 237, 181, 62, 252, 95, 205, 90, 30, 230, 153, 175, 127, 245] highest_pc.view=78 locked.block=[9, 54, 145, 238, 170, 167, 69, 225, 110, 143, 198, 8, 103, 217, 234, 94, 68, 148, 245, 100, 73, 97, 5, 231, 202, 212, 166, 100, 151, 75, 118, 103] locked.view=75    
2025-11-12T04:31:36.790218Z  WARN ThreadId(20) hotstuff_rs::block_tree::invariants: SAFE_BLOCK_FAIL: block=[142, 57, 21, 221, 136, 169, 78, 177, 204, 177, 42, 150, 200, 233, 142, 117, 249, 91, 105, 59, 132, 225, 241, 111, 36, 18, 175, 132, 186, 75, 3, 132] height=None | cond1(safe_pc)=false | cond2(is_block_justify)=true (justify.phase=Generic) | justify.block=[37, 9, 230, 76, 117, 202, 135, 149, 89, 232, 241, 44, 47, 154, 129, 229, 92, 67, 157, 164, 233, 222, 39, 117, 53, 220, 137, 66, 105, 50, 46, 54] justify.view=70 | highest_pc.block=[76, 58, 152, 33, 20, 38, 62, 91, 66, 8, 42, 225, 155, 220, 19, 46, 33, 208, 175, 237, 181, 62, 252, 95, 205, 90, 30, 230, 153, 175, 127, 245] highest_pc.view=78 | locked.block=[9, 54, 145, 238, 170, 167, 69, 225, 110, 143, 198, 8, 103, 217, 234, 94, 68, 148, 245, 100, 73, 97, 5, 231, 202, 212, 166, 100, 151, 75, 118, 103] locked.view=75    
2025-11-12T04:31:37.716619Z  WARN ThreadId(21) hotstuff_runner::tcp_node: Node 0 view 80 timed out; latency may accumulate
2025-11-12T04:31:39.287115Z  WARN ThreadId(07) docker_node:   Connection reuse ineffective (17.7 msg/conn)
2025-11-12T04:31:39.344299Z  WARN ThreadId(09) docker_node: Node 0 Regular transaction queue backlog: 786954 transactions
2025-11-12T04:31:44.287208Z  WARN ThreadId(09) docker_node:   Connection reuse ineffective (17.7 msg/conn)
2025-11-12T04:31:44.344419Z  WARN ThreadId(09) docker_node: Node 0 Regular transaction queue backlog: 786954 transactions
2025-11-12T04:31:45.985730Z  WARN ThreadId(20) hotstuff_runner::app: Node 0 [produce_block] queue size: 786954, attempting up to 180000 transactions this block    
2025-11-12T04:31:49.286614Z  WARN ThreadId(06) docker_node:   Connection reuse ineffective (17.7 msg/conn)
2025-11-12T04:31:49.769207Z  WARN ThreadId(21) hotstuff_runner::tcp_node: Node 0 view 84 timed out; latency may accumulate
2025-11-12T04:31:52.202870Z  WARN ThreadId(20) hotstuff_rs::block_tree::invariants: SAFE_PC_FAIL: pc.block=[194, 127, 129, 164, 205, 159, 20, 189, 238, 28, 234, 230, 64, 37, 46, 233, 231, 57, 170, 40, 247, 91, 89, 140, 186, 160, 96, 162, 95, 82, 130, 78] view=71 phase=Generic | cond1(chain_id/genesis)=true (pc.chain_id=0, my.chain_id=0) | cond2(block_exists/genesis)=true (exists=true) | cond3(view>locked || extends)=false (pc.view=71, locked.view=82, extends=false) | cond4(phase/updates)=true (phase_special=false, has_updates=false) | highest_pc.block=[12, 127, 89, 81, 8, 48, 92, 56, 46, 120, 133, 48, 24, 149, 66, 97, 231, 187, 149, 178, 76, 2, 54, 106, 165, 196, 233, 30, 212, 228, 246, 37] highest_pc.view=83 locked.block=[141, 143, 255, 197, 87, 168, 191, 43, 176, 217, 14, 7, 76, 240, 75, 142, 42, 215, 234, 211, 214, 226, 0, 118, 9, 44, 218, 52, 37, 60, 29, 118] locked.view=82    
2025-11-12T04:31:52.202910Z  WARN ThreadId(20) hotstuff_rs::block_tree::invariants: SAFE_BLOCK_FAIL: block=[254, 146, 25, 243, 177, 207, 6, 85, 176, 112, 6, 43, 162, 92, 239, 115, 21, 10, 75, 79, 189, 194, 79, 18, 21, 75, 126, 190, 169, 71, 61, 68] height=None | cond1(safe_pc)=false | cond2(is_block_justify)=true (justify.phase=Generic) | justify.block=[194, 127, 129, 164, 205, 159, 20, 189, 238, 28, 234, 230, 64, 37, 46, 233, 231, 57, 170, 40, 247, 91, 89, 140, 186, 160, 96, 162, 95, 82, 130, 78] justify.view=71 | highest_pc.block=[12, 127, 89, 81, 8, 48, 92, 56, 46, 120, 133, 48, 24, 149, 66, 97, 231, 187, 149, 178, 76, 2, 54, 106, 165, 196, 233, 30, 212, 228, 246, 37] highest_pc.view=83 | locked.block=[141, 143, 255, 197, 87, 168, 191, 43, 176, 217, 14, 7, 76, 240, 75, 142, 42, 215, 234, 211, 214, 226, 0, 118, 9, 44, 218, 52, 37, 60, 29, 118] locked.view=82    
2025-11-12T04:31:54.286556Z  WARN ThreadId(06) docker_node:   Connection reuse ineffective (17.7 msg/conn)
2025-11-12T04:31:59.287185Z  WARN ThreadId(06) docker_node:   Connection reuse ineffective (17.7 msg/conn)
2025-11-12T04:32:02.388029Z  WARN ThreadId(21) hotstuff_runner::tcp_node: Node 0 view 88 timed out; latency may accumulate
2025-11-12T04:32:04.288141Z  WARN ThreadId(06) docker_node:   Connection reuse ineffective (17.7 msg/conn)
2025-11-12T04:32:05.584434Z  WARN ThreadId(20) hotstuff_rs::block_tree::invariants: SAFE_PC_FAIL: pc.block=[194, 127, 129, 164, 205, 159, 20, 189, 238, 28, 234, 230, 64, 37, 46, 233, 231, 57, 170, 40, 247, 91, 89, 140, 186, 160, 96, 162, 95, 82, 130, 78] view=71 phase=Generic | cond1(chain_id/genesis)=true (pc.chain_id=0, my.chain_id=0) | cond2(block_exists/genesis)=true (exists=true) | cond3(view>locked || extends)=false (pc.view=71, locked.view=86, extends=false) | cond4(phase/updates)=true (phase_special=false, has_updates=false) | highest_pc.block=[30, 111, 135, 30, 186, 204, 185, 23, 142, 30, 231, 86, 254, 113, 106, 138, 183, 49, 251, 16, 142, 88, 86, 76, 231, 1, 250, 143, 87, 94, 222, 153] highest_pc.view=87 locked.block=[130, 116, 161, 143, 183, 83, 145, 155, 212, 81, 235, 220, 154, 254, 234, 29, 183, 152, 49, 167, 66, 84, 130, 161, 164, 69, 206, 13, 250, 48, 207, 38] locked.view=86    
2025-11-12T04:32:05.584475Z  WARN ThreadId(20) hotstuff_rs::block_tree::invariants: SAFE_BLOCK_FAIL: block=[128, 15, 109, 130, 160, 39, 84, 170, 221, 194, 245, 71, 144, 22, 187, 75, 145, 164, 31, 216, 236, 29, 61, 124, 117, 131, 210, 196, 210, 34, 191, 73] height=None | cond1(safe_pc)=false | cond2(is_block_justify)=true (justify.phase=Generic) | justify.block=[194, 127, 129, 164, 205, 159, 20, 189, 238, 28, 234, 230, 64, 37, 46, 233, 231, 57, 170, 40, 247, 91, 89, 140, 186, 160, 96, 162, 95, 82, 130, 78] justify.view=71 | highest_pc.block=[30, 111, 135, 30, 186, 204, 185, 23, 142, 30, 231, 86, 254, 113, 106, 138, 183, 49, 251, 16, 142, 88, 86, 76, 231, 1, 250, 143, 87, 94, 222, 153] highest_pc.view=87 | locked.block=[130, 116, 161, 143, 183, 83, 145, 155, 212, 81, 235, 220, 154, 254, 234, 29, 183, 152, 49, 167, 66, 84, 130, 161, 164, 69, 206, 13, 250, 48, 207, 38] locked.view=86    
2025-11-12T04:32:06.388822Z  WARN ThreadId(21) hotstuff_runner::tcp_node: Node 0 view 89 timed out; latency may accumulate
2025-11-12T04:32:06.935045Z  WARN ThreadId(20) hotstuff_rs::block_tree::invariants: SAFE_PC_FAIL: pc.block=[194, 127, 129, 164, 205, 159, 20, 189, 238, 28, 234, 230, 64, 37, 46, 233, 231, 57, 170, 40, 247, 91, 89, 140, 186, 160, 96, 162, 95, 82, 130, 78] view=71 phase=Generic | cond1(chain_id/genesis)=true (pc.chain_id=0, my.chain_id=0) | cond2(block_exists/genesis)=true (exists=true) | cond3(view>locked || extends)=false (pc.view=71, locked.view=86, extends=false) | cond4(phase/updates)=true (phase_special=false, has_updates=false) | highest_pc.block=[30, 111, 135, 30, 186, 204, 185, 23, 142, 30, 231, 86, 254, 113, 106, 138, 183, 49, 251, 16, 142, 88, 86, 76, 231, 1, 250, 143, 87, 94, 222, 153] highest_pc.view=87 locked.block=[130, 116, 161, 143, 183, 83, 145, 155, 212, 81, 235, 220, 154, 254, 234, 29, 183, 152, 49, 167, 66, 84, 130, 161, 164, 69, 206, 13, 250, 48, 207, 38] locked.view=86    
2025-11-12T04:32:06.935102Z  WARN ThreadId(20) hotstuff_rs::block_tree::invariants: SAFE_BLOCK_FAIL: block=[16, 135, 189, 84, 19, 8, 29, 230, 91, 199, 105, 172, 3, 135, 111, 18, 62, 201, 179, 30, 130, 105, 174, 232, 186, 18, 8, 203, 42, 235, 28, 157] height=None | cond1(safe_pc)=false | cond2(is_block_justify)=true (justify.phase=Generic) | justify.block=[194, 127, 129, 164, 205, 159, 20, 189, 238, 28, 234, 230, 64, 37, 46, 233, 231, 57, 170, 40, 247, 91, 89, 140, 186, 160, 96, 162, 95, 82, 130, 78] justify.view=71 | highest_pc.block=[30, 111, 135, 30, 186, 204, 185, 23, 142, 30, 231, 86, 254, 113, 106, 138, 183, 49, 251, 16, 142, 88, 86, 76, 231, 1, 250, 143, 87, 94, 222, 153] highest_pc.view=87 | locked.block=[130, 116, 161, 143, 183, 83, 145, 155, 212, 81, 235, 220, 154, 254, 234, 29, 183, 152, 49, 167, 66, 84, 130, 161, 164, 69, 206, 13, 250, 48, 207, 38] locked.view=86    
2025-11-12T04:32:09.286550Z  WARN ThreadId(06) docker_node:   Connection reuse ineffective (17.7 msg/conn)
2025-11-12T04:32:10.389644Z  WARN ThreadId(21) hotstuff_runner::tcp_node: Node 0 view 90 timed out; latency may accumulate
2025-11-12T04:32:12.175208Z  WARN ThreadId(20) hotstuff_rs::block_tree::invariants: SAFE_PC_FAIL: pc.block=[194, 127, 129, 164, 205, 159, 20, 189, 238, 28, 234, 230, 64, 37, 46, 233, 231, 57, 170, 40, 247, 91, 89, 140, 186, 160, 96, 162, 95, 82, 130, 78] view=71 phase=Generic | cond1(chain_id/genesis)=true (pc.chain_id=0, my.chain_id=0) | cond2(block_exists/genesis)=true (exists=true) | cond3(view>locked || extends)=false (pc.view=71, locked.view=86, extends=false) | cond4(phase/updates)=true (phase_special=false, has_updates=false) | highest_pc.block=[30, 111, 135, 30, 186, 204, 185, 23, 142, 30, 231, 86, 254, 113, 106, 138, 183, 49, 251, 16, 142, 88, 86, 76, 231, 1, 250, 143, 87, 94, 222, 153] highest_pc.view=87 locked.block=[130, 116, 161, 143, 183, 83, 145, 155, 212, 81, 235, 220, 154, 254, 234, 29, 183, 152, 49, 167, 66, 84, 130, 161, 164, 69, 206, 13, 250, 48, 207, 38] locked.view=86    
2025-11-12T04:32:12.175248Z  WARN ThreadId(20) hotstuff_rs::block_tree::invariants: SAFE_BLOCK_FAIL: block=[227, 191, 201, 192, 237, 167, 92, 117, 220, 62, 110, 172, 88, 214, 20, 24, 4, 197, 13, 64, 222, 18, 42, 47, 231, 161, 107, 137, 137, 205, 168, 143] height=None | cond1(safe_pc)=false | cond2(is_block_justify)=true (justify.phase=Generic) | justify.block=[194, 127, 129, 164, 205, 159, 20, 189, 238, 28, 234, 230, 64, 37, 46, 233, 231, 57, 170, 40, 247, 91, 89, 140, 186, 160, 96, 162, 95, 82, 130, 78] justify.view=71 | highest_pc.block=[30, 111, 135, 30, 186, 204, 185, 23, 142, 30, 231, 86, 254, 113, 106, 138, 183, 49, 251, 16, 142, 88, 86, 76, 231, 1, 250, 143, 87, 94, 222, 153] highest_pc.view=87 | locked.block=[130, 116, 161, 143, 183, 83, 145, 155, 212, 81, 235, 220, 154, 254, 234, 29, 183, 152, 49, 167, 66, 84, 130, 161, 164, 69, 206, 13, 250, 48, 207, 38] locked.view=86    
2025-11-12T04:32:14.287101Z  WARN ThreadId(09) docker_node:   Connection reuse ineffective (17.7 msg/conn)
2025-11-12T04:32:14.390421Z  WARN ThreadId(21) hotstuff_runner::tcp_node: Node 0 view 91 timed out; latency may accumulate
2025-11-12T04:32:18.391269Z  WARN ThreadId(21) hotstuff_runner::tcp_node: Node 0 view 92 timed out; latency may accumulate
2025-11-12T04:32:19.286642Z  WARN ThreadId(09) docker_node:   Connection reuse ineffective (17.7 msg/conn)
2025-11-12T04:32:22.392106Z  WARN ThreadId(21) hotstuff_runner::tcp_node: Node 0 view 93 timed out; latency may accumulate
2025-11-12T04:32:24.287207Z  WARN ThreadId(09) docker_node:   Connection reuse ineffective (17.7 msg/conn)
2025-11-12T04:32:29.287000Z  WARN ThreadId(09) docker_node:   Connection reuse ineffective (17.7 msg/conn)
2025-11-12T04:32:30.393951Z  WARN ThreadId(21) hotstuff_runner::tcp_node: Node 0 view 95 timed out; latency may accumulate
2025-11-12T04:32:34.287206Z  WARN ThreadId(09) docker_node:   Connection reuse ineffective (17.7 msg/conn)
2025-11-12T04:32:34.394753Z  WARN ThreadId(21) hotstuff_runner::tcp_node: Node 0 view 96 timed out; latency may accumulate
2025-11-12T04:32:34.884895Z  WARN ThreadId(20) hotstuff_rs::block_tree::invariants: SAFE_PC_FAIL: pc.block=[194, 127, 129, 164, 205, 159, 20, 189, 238, 28, 234, 230, 64, 37, 46, 233, 231, 57, 170, 40, 247, 91, 89, 140, 186, 160, 96, 162, 95, 82, 130, 78] view=71 phase=Generic | cond1(chain_id/genesis)=true (pc.chain_id=0, my.chain_id=0) | cond2(block_exists/genesis)=true (exists=true) | cond3(view>locked || extends)=false (pc.view=71, locked.view=86, extends=false) | cond4(phase/updates)=true (phase_special=false, has_updates=false) | highest_pc.block=[30, 111, 135, 30, 186, 204, 185, 23, 142, 30, 231, 86, 254, 113, 106, 138, 183, 49, 251, 16, 142, 88, 86, 76, 231, 1, 250, 143, 87, 94, 222, 153] highest_pc.view=87 locked.block=[130, 116, 161, 143, 183, 83, 145, 155, 212, 81, 235, 220, 154, 254, 234, 29, 183, 152, 49, 167, 66, 84, 130, 161, 164, 69, 206, 13, 250, 48, 207, 38] locked.view=86    
2025-11-12T04:32:34.884934Z  WARN ThreadId(20) hotstuff_rs::block_tree::invariants: SAFE_BLOCK_FAIL: block=[93, 199, 36, 133, 0, 142, 199, 246, 228, 49, 93, 186, 85, 245, 183, 200, 157, 16, 57, 98, 165, 252, 172, 93, 218, 208, 244, 14, 167, 2, 105, 149] height=None | cond1(safe_pc)=false | cond2(is_block_justify)=true (justify.phase=Generic) | justify.block=[194, 127, 129, 164, 205, 159, 20, 189, 238, 28, 234, 230, 64, 37, 46, 233, 231, 57, 170, 40, 247, 91, 89, 140, 186, 160, 96, 162, 95, 82, 130, 78] justify.view=71 | highest_pc.block=[30, 111, 135, 30, 186, 204, 185, 23, 142, 30, 231, 86, 254, 113, 106, 138, 183, 49, 251, 16, 142, 88, 86, 76, 231, 1, 250, 143, 87, 94, 222, 153] highest_pc.view=87 | locked.block=[130, 116, 161, 143, 183, 83, 145, 155, 212, 81, 235, 220, 154, 254, 234, 29, 183, 152, 49, 167, 66, 84, 130, 161, 164, 69, 206, 13, 250, 48, 207, 38] locked.view=86    
