2025-10-31T05:57:39.650210Z  WARN ThreadId(01) hotstuff_runner::telemetry: Prometheus metrics exporter started âœ… listen_addr=0.0.0.0:9900
2025-10-31T05:57:39.651113Z  WARN ThreadId(01) hotstuff_runner::telemetry: âœ… wrote smrol.node_up=1 (boot) node_id=0
2025-10-31T05:57:54.860664Z  WARN ThreadId(01) hotstuff_runner::tcp_node: Node 0 view timeout set to 2000 ms
2025-10-31T05:57:54.879484Z  WARN ThreadId(01) hotstuff_runner::smrol::sequencing: SMROL_MEDIAN_INFLIGHT=64, SMROL_ORDER_FINALIZE_INFLIGHT=64, SMROL_FINAL_SIGN_INFLIGHT=64, SMROL_FINAL_VERIFY_INFLIGHT=64
2025-10-31T05:57:54.884383Z  WARN ThreadId(01) hotstuff_runner::smrol::sequencing: [Sequencing] Node 0 multi-signature verification disabled: true
2025-10-31T05:57:54.893027Z  WARN ThreadId(07) hotstuff_runner::smrol::sequencing: [Sequencing] Node 0 final verify dispatcher started
2025-10-31T05:57:54.894017Z ERROR ThreadId(23) hotstuff_runner::pompe_network: Node 0 failed to connect to node 1: Connection refused (os error 111)
2025-10-31T05:57:54.901006Z ERROR ThreadId(22) hotstuff_runner::pompe_network: Node 0 failed to connect to node 2: Connection refused (os error 111)
2025-10-31T05:57:57.297551Z  WARN ThreadId(20) hotstuff_rs::block_tree::invariants: SAFE_PC_FAIL: pc.block=[27, 197, 191, 3, 135, 137, 43, 136, 232, 207, 178, 160, 84, 252, 30, 6, 147, 125, 135, 18, 12, 139, 86, 52, 19, 229, 111, 142, 169, 123, 201, 160] view=38 phase=Generic | cond1(chain_id/genesis)=true (pc.chain_id=0, my.chain_id=0) | cond2(block_exists/genesis)=false (exists=false) | cond3(view>locked || extends)=true (pc.view=38, locked.view=35, extends=false) | cond4(phase/updates)=true (phase_special=false, has_updates=false) | highest_pc.block=[245, 170, 223, 217, 123, 139, 150, 6, 123, 134, 208, 154, 249, 109, 132, 77, 120, 215, 228, 232, 250, 112, 182, 249, 225, 164, 87, 46, 157, 243, 173, 35] highest_pc.view=36 locked.block=[87, 21, 10, 75, 255, 152, 7, 34, 233, 32, 63, 42, 22, 234, 154, 130, 156, 147, 140, 198, 250, 169, 84, 58, 51, 216, 77, 26, 26, 38, 174, 95] locked.view=35    
2025-10-31T05:57:57.298242Z  WARN ThreadId(20) hotstuff_rs::block_tree::invariants: SAFE_BLOCK_FAIL: block=[141, 154, 95, 162, 89, 192, 185, 78, 223, 234, 145, 221, 115, 107, 255, 81, 218, 2, 62, 110, 126, 154, 132, 79, 79, 240, 244, 108, 156, 198, 139, 162] height=None | cond1(safe_pc)=false | cond2(is_block_justify)=true (justify.phase=Generic) | justify.block=[27, 197, 191, 3, 135, 137, 43, 136, 232, 207, 178, 160, 84, 252, 30, 6, 147, 125, 135, 18, 12, 139, 86, 52, 19, 229, 111, 142, 169, 123, 201, 160] justify.view=38 | highest_pc.block=[245, 170, 223, 217, 123, 139, 150, 6, 123, 134, 208, 154, 249, 109, 132, 77, 120, 215, 228, 232, 250, 112, 182, 249, 225, 164, 87, 46, 157, 243, 173, 35] highest_pc.view=36 | locked.block=[87, 21, 10, 75, 255, 152, 7, 34, 233, 32, 63, 42, 22, 234, 154, 130, 156, 147, 140, 198, 250, 169, 84, 58, 51, 216, 77, 26, 26, 38, 174, 95] locked.view=35    
2025-10-31T05:57:57.333679Z  WARN ThreadId(20) hotstuff_rs::block_tree::invariants: SAFE_PC_FAIL: pc.block=[141, 154, 95, 162, 89, 192, 185, 78, 223, 234, 145, 221, 115, 107, 255, 81, 218, 2, 62, 110, 126, 154, 132, 79, 79, 240, 244, 108, 156, 198, 139, 162] view=39 phase=Generic | cond1(chain_id/genesis)=true (pc.chain_id=0, my.chain_id=0) | cond2(block_exists/genesis)=false (exists=false) | cond3(view>locked || extends)=true (pc.view=39, locked.view=35, extends=false) | cond4(phase/updates)=true (phase_special=false, has_updates=false) | highest_pc.block=[245, 170, 223, 217, 123, 139, 150, 6, 123, 134, 208, 154, 249, 109, 132, 77, 120, 215, 228, 232, 250, 112, 182, 249, 225, 164, 87, 46, 157, 243, 173, 35] highest_pc.view=36 locked.block=[87, 21, 10, 75, 255, 152, 7, 34, 233, 32, 63, 42, 22, 234, 154, 130, 156, 147, 140, 198, 250, 169, 84, 58, 51, 216, 77, 26, 26, 38, 174, 95] locked.view=35    
2025-10-31T05:57:57.337966Z  WARN ThreadId(20) hotstuff_rs::block_tree::invariants: SAFE_BLOCK_FAIL: block=[117, 127, 244, 181, 191, 32, 16, 142, 205, 168, 56, 211, 235, 55, 241, 208, 128, 193, 167, 133, 80, 126, 146, 173, 105, 113, 11, 224, 82, 161, 168, 55] height=None | cond1(safe_pc)=false | cond2(is_block_justify)=true (justify.phase=Generic) | justify.block=[141, 154, 95, 162, 89, 192, 185, 78, 223, 234, 145, 221, 115, 107, 255, 81, 218, 2, 62, 110, 126, 154, 132, 79, 79, 240, 244, 108, 156, 198, 139, 162] justify.view=39 | highest_pc.block=[245, 170, 223, 217, 123, 139, 150, 6, 123, 134, 208, 154, 249, 109, 132, 77, 120, 215, 228, 232, 250, 112, 182, 249, 225, 164, 87, 46, 157, 243, 173, 35] highest_pc.view=36 | locked.block=[87, 21, 10, 75, 255, 152, 7, 34, 233, 32, 63, 42, 22, 234, 154, 130, 156, 147, 140, 198, 250, 169, 84, 58, 51, 216, 77, 26, 26, 38, 174, 95] locked.view=35    
2025-10-31T05:57:57.340974Z  WARN ThreadId(20) hotstuff_rs::block_tree::invariants: SAFE_PC_FAIL: pc.block=[117, 127, 244, 181, 191, 32, 16, 142, 205, 168, 56, 211, 235, 55, 241, 208, 128, 193, 167, 133, 80, 126, 146, 173, 105, 113, 11, 224, 82, 161, 168, 55] view=40 phase=Generic | cond1(chain_id/genesis)=true (pc.chain_id=0, my.chain_id=0) | cond2(block_exists/genesis)=false (exists=false) | cond3(view>locked || extends)=true (pc.view=40, locked.view=35, extends=false) | cond4(phase/updates)=true (phase_special=false, has_updates=false) | highest_pc.block=[245, 170, 223, 217, 123, 139, 150, 6, 123, 134, 208, 154, 249, 109, 132, 77, 120, 215, 228, 232, 250, 112, 182, 249, 225, 164, 87, 46, 157, 243, 173, 35] highest_pc.view=36 locked.block=[87, 21, 10, 75, 255, 152, 7, 34, 233, 32, 63, 42, 22, 234, 154, 130, 156, 147, 140, 198, 250, 169, 84, 58, 51, 216, 77, 26, 26, 38, 174, 95] locked.view=35    
2025-10-31T05:57:57.373409Z  WARN ThreadId(20) hotstuff_rs::block_tree::invariants: SAFE_PC_FAIL: pc.block=[141, 154, 95, 162, 89, 192, 185, 78, 223, 234, 145, 221, 115, 107, 255, 81, 218, 2, 62, 110, 126, 154, 132, 79, 79, 240, 244, 108, 156, 198, 139, 162] view=39 phase=Generic | cond1(chain_id/genesis)=true (pc.chain_id=0, my.chain_id=0) | cond2(block_exists/genesis)=false (exists=false) | cond3(view>locked || extends)=true (pc.view=39, locked.view=36, extends=false) | cond4(phase/updates)=true (phase_special=false, has_updates=false) | highest_pc.block=[224, 161, 123, 40, 255, 123, 94, 69, 57, 242, 28, 134, 214, 130, 116, 105, 21, 64, 190, 95, 75, 28, 76, 152, 51, 118, 53, 132, 45, 227, 216, 75] highest_pc.view=37 locked.block=[245, 170, 223, 217, 123, 139, 150, 6, 123, 134, 208, 154, 249, 109, 132, 77, 120, 215, 228, 232, 250, 112, 182, 249, 225, 164, 87, 46, 157, 243, 173, 35] locked.view=36    
2025-10-31T05:57:59.306757Z  WARN ThreadId(21) hotstuff_runner::tcp_node: Node 0 view 40 timed out; latency may accumulate
2025-10-31T05:57:59.878538Z  WARN ThreadId(08) docker_node:   Connection reuse ineffective (2.0 msg/conn)
2025-10-31T05:57:59.900255Z  WARN ThreadId(01) docker_node: Node 1 port 20001 temporarily unreachable: Connection refused (os error 111)
2025-10-31T05:57:59.908845Z  WARN ThreadId(01) docker_node: Node 2 port 20002 temporarily unreachable: Connection refused (os error 111)
2025-10-31T05:57:59.922089Z  WARN ThreadId(01) docker_node: Node 3 port 20003 temporarily unreachable: Connection refused (os error 111)
2025-10-31T05:57:59.937143Z  WARN ThreadId(02) hotstuff_runner::smrol::sequencing: ðŸ“Š [Critical] Response stats node 0: 1 msgs, avg=134.542Âµs, max=134.542Âµs, rate=1/s
2025-10-31T05:57:59.938560Z  WARN ThreadId(04) hotstuff_runner::smrol::sequencing: ðŸ“Š [Critical] Request worker-1 stats node 0: 1 msgs, avg=97.041Âµs, max=97.041Âµs, rate=1/s
2025-10-31T05:57:59.944094Z  WARN ThreadId(06) hotstuff_runner::smrol::sequencing: ðŸ“Š [Critical] Request worker-0 stats node 0: 1 msgs, avg=1.780708ms, max=1.780708ms, rate=1/s
2025-10-31T05:57:59.939003Z  WARN ThreadId(08) hotstuff_runner::smrol::sequencing: ðŸ“Š [Critical] Request worker-3 stats node 0: 1 msgs, avg=126.666Âµs, max=126.666Âµs, rate=1/s
2025-10-31T05:57:59.944677Z  WARN ThreadId(02) hotstuff_runner::smrol::sequencing: ðŸ“Š [Critical] Request worker-2 stats node 0: 1 msgs, avg=1.578375ms, max=1.578375ms, rate=1/s
2025-10-31T05:57:59.963165Z  WARN ThreadId(06) hotstuff_runner::smrol::sequencing: ðŸ“Š [Critical] Order stats node 0: 1 msgs, avg=5.5Âµs, max=5.5Âµs, rate=1/s
2025-10-31T05:57:59.963178Z  WARN ThreadId(07) hotstuff_runner::smrol::pnfifo: ðŸ“Š [Critical] Proposal stats: 1 msgs, avg=16.209917ms, max=16.209917ms, rate=1/s
2025-10-31T05:57:59.973060Z  WARN ThreadId(04) hotstuff_runner::smrol::sequencing: ðŸ“Š [Critical] Final worker-1 stats node 0: 1 msgs, avg=2.084Âµs, max=2.084Âµs, rate=1/s
2025-10-31T05:57:59.973067Z  WARN ThreadId(05) hotstuff_runner::smrol::sequencing: ðŸ“Š [Critical] Final worker-0 stats node 0: 1 msgs, avg=2.875Âµs, max=2.875Âµs, rate=1/s
2025-10-31T05:57:59.980131Z  WARN ThreadId(08) hotstuff_runner::smrol::sequencing: ðŸ“Š [Critical] Final worker-3 stats node 0: 1 msgs, avg=1.792Âµs, max=1.792Âµs, rate=1/s
2025-10-31T05:57:59.980331Z  WARN ThreadId(04) hotstuff_runner::smrol::sequencing: ðŸ“Š [Critical] Final worker-2 stats node 0: 1 msgs, avg=1Âµs, max=1Âµs, rate=1/s
2025-10-31T05:57:59.991212Z  WARN ThreadId(04) hotstuff_runner::smrol::pnfifo: ðŸ“Š [Critical] Vote stats: 1 msgs, avg=3.578625ms, max=3.578625ms, rate=1/s
2025-10-31T05:58:00.028490Z  WARN ThreadId(26) hotstuff_runner::smrol::network: âš ï¸ [Check] Writer 0 -> 1 slow write: 33.550291ms
2025-10-31T05:58:00.044344Z  WARN ThreadId(04) hotstuff_runner::smrol::pnfifo: ðŸ“Š [Critical] Final stats: 1 msgs, avg=48.480917ms, max=48.480917ms, rate=1/s
2025-10-31T05:58:00.352722Z  WARN ThreadId(26) hotstuff_runner::smrol::network: âš ï¸ [Check] Writer 0 -> 2 slow write: 11.288875ms
2025-10-31T05:58:00.990412Z  WARN ThreadId(07) hotstuff_runner::smrol::sequencing: ðŸ“Š [Critical] Request worker-1 stats node 0: 10 msgs, avg=549.45Âµs, max=5.123208ms, rate=10/s
2025-10-31T05:58:00.990516Z  WARN ThreadId(04) hotstuff_runner::smrol::sequencing: ðŸ“Š [Critical] Request worker-0 stats node 0: 10 msgs, avg=508.958Âµs, max=4.64675ms, rate=10/s
2025-10-31T05:58:00.990905Z  WARN ThreadId(07) hotstuff_runner::smrol::sequencing: ðŸ“Š [Critical] Response stats node 0: 40 msgs, avg=115.083Âµs, max=1.242084ms, rate=40/s
2025-10-31T05:58:00.991444Z  WARN ThreadId(09) hotstuff_runner::smrol::sequencing: ðŸ“Š [Critical] Request worker-3 stats node 0: 10 msgs, avg=76.187Âµs, max=274.041Âµs, rate=10/s
2025-10-31T05:58:00.991457Z  WARN ThreadId(04) hotstuff_runner::smrol::sequencing: ðŸ“Š [Critical] Request worker-2 stats node 0: 10 msgs, avg=46.654Âµs, max=217.167Âµs, rate=10/s
2025-10-31T05:58:00.991801Z  WARN ThreadId(03) hotstuff_runner::smrol::pnfifo: ðŸ“Š [Critical] Proposal stats: 160 msgs, avg=2.721757ms, max=37.882958ms, rate=160/s
2025-10-31T05:58:00.997629Z  WARN ThreadId(08) hotstuff_runner::smrol::sequencing: ðŸ“Š [Critical] Order stats node 0: 40 msgs, avg=514ns, max=2.708Âµs, rate=40/s
2025-10-31T05:58:01.007232Z  WARN ThreadId(03) hotstuff_runner::smrol::sequencing: ðŸ“Š [Critical] Final worker-3 stats node 0: 10 msgs, avg=1.925Âµs, max=3.791Âµs, rate=10/s
2025-10-31T05:58:01.010935Z  WARN ThreadId(03) hotstuff_runner::smrol::sequencing: ðŸ“Š [Critical] Final worker-0 stats node 0: 10 msgs, avg=1.591Âµs, max=3.5Âµs, rate=10/s
2025-10-31T05:58:01.010979Z  WARN ThreadId(04) hotstuff_runner::smrol::sequencing: ðŸ“Š [Critical] Final worker-2 stats node 0: 10 msgs, avg=1.925Âµs, max=6.792Âµs, rate=10/s
2025-10-31T05:58:01.011057Z  WARN ThreadId(09) hotstuff_runner::smrol::sequencing: ðŸ“Š [Critical] Final worker-1 stats node 0: 10 msgs, avg=1.17Âµs, max=3.125Âµs, rate=10/s
2025-10-31T05:58:01.035313Z  WARN ThreadId(07) hotstuff_runner::smrol::pnfifo: ðŸ“Š [Critical] Vote stats: 161 msgs, avg=6.241275ms, max=30.144959ms, rate=161/s
2025-10-31T05:58:01.049933Z  WARN ThreadId(07) hotstuff_runner::smrol::pnfifo: ðŸ“Š [Critical] Final stats: 151 msgs, avg=5.927069ms, max=34.098917ms, rate=151/s
2025-10-31T05:58:01.627381Z  WARN ThreadId(03) hotstuff_runner::smrol::sequencing: ðŸŒ [Sequencing] Order verify processor slow for node 0: 18.801125ms
2025-10-31T05:58:01.627467Z  WARN ThreadId(02) hotstuff_runner::smrol::sequencing: ðŸŒ [Sequencing] Order verify processor slow for node 0: 19.576708ms
2025-10-31T05:58:01.865498Z  WARN ThreadId(26) hotstuff_runner::smrol::network: âš ï¸ [Check] Writer 0 -> 1 slow write: 11.50075ms
2025-10-31T05:58:01.996637Z  WARN ThreadId(07) hotstuff_runner::smrol::sequencing: ðŸ“Š [Critical] Response stats node 0: 43 msgs, avg=208.437Âµs, max=5.84525ms, rate=43/s
2025-10-31T05:58:01.996680Z  WARN ThreadId(08) hotstuff_runner::smrol::sequencing: ðŸ“Š [Critical] Request worker-1 stats node 0: 11 msgs, avg=52.772Âµs, max=133.583Âµs, rate=11/s
2025-10-31T05:58:01.996968Z  WARN ThreadId(08) hotstuff_runner::smrol::sequencing: ðŸ“Š [Critical] Request worker-0 stats node 0: 11 msgs, avg=157.814Âµs, max=828.667Âµs, rate=11/s
2025-10-31T05:58:02.003289Z  WARN ThreadId(02) hotstuff_runner::smrol::pnfifo: ðŸ“Š [Critical] Proposal stats: 167 msgs, avg=2.230277ms, max=37.666667ms, rate=167/s
2025-10-31T05:58:02.006443Z  WARN ThreadId(08) hotstuff_runner::smrol::sequencing: ðŸ“Š [Critical] Order stats node 0: 44 msgs, avg=508ns, max=2.084Âµs, rate=44/s
2025-10-31T05:58:02.013526Z  WARN ThreadId(08) hotstuff_runner::smrol::sequencing: ðŸ“Š [Critical] Final worker-1 stats node 0: 11 msgs, avg=2.147Âµs, max=3.833Âµs, rate=11/s
2025-10-31T05:58:02.013550Z  WARN ThreadId(07) hotstuff_runner::smrol::sequencing: ðŸ“Š [Critical] Final worker-0 stats node 0: 11 msgs, avg=11.242Âµs, max=106.083Âµs, rate=11/s
2025-10-31T05:58:02.016757Z  WARN ThreadId(07) hotstuff_runner::smrol::sequencing: ðŸ“Š [Critical] Request worker-2 stats node 0: 11 msgs, avg=54.886Âµs, max=306.958Âµs, rate=11/s
2025-10-31T05:58:02.016989Z  WARN ThreadId(05) hotstuff_runner::smrol::sequencing: ðŸ“Š [Critical] Request worker-3 stats node 0: 11 msgs, avg=36.166Âµs, max=72.916Âµs, rate=11/s
2025-10-31T05:58:02.025423Z  WARN ThreadId(02) hotstuff_runner::smrol::sequencing: ðŸ“Š [Critical] Final worker-2 stats node 0: 11 msgs, avg=1.393Âµs, max=4Âµs, rate=11/s
2025-10-31T05:58:02.029386Z  WARN ThreadId(07) hotstuff_runner::smrol::sequencing: ðŸ“Š [Critical] Final worker-3 stats node 0: 11 msgs, avg=2.238Âµs, max=4Âµs, rate=11/s
2025-10-31T05:58:02.036251Z  WARN ThreadId(07) hotstuff_runner::smrol::pnfifo: ðŸ“Š [Critical] Vote stats: 147 msgs, avg=6.806952ms, max=35.132875ms, rate=147/s
2025-10-31T05:58:02.082087Z  WARN ThreadId(05) hotstuff_runner::smrol::pnfifo: ðŸ“Š [Critical] Final stats: 165 msgs, avg=5.61021ms, max=62.992541ms, rate=165/s
2025-10-31T05:58:03.009539Z  WARN ThreadId(05) hotstuff_runner::smrol::sequencing: ðŸ“Š [Critical] Request worker-0 stats node 0: 9 msgs, avg=68.87Âµs, max=263.209Âµs, rate=9/s
2025-10-31T05:58:03.010515Z  WARN ThreadId(05) hotstuff_runner::smrol::sequencing: ðŸ“Š [Critical] Response stats node 0: 37 msgs, avg=361.622Âµs, max=4.04675ms, rate=37/s
2025-10-31T05:58:03.011131Z  WARN ThreadId(07) hotstuff_runner::smrol::sequencing: ðŸ“Š [Critical] Request worker-1 stats node 0: 9 msgs, avg=50.231Âµs, max=163.708Âµs, rate=9/s
2025-10-31T05:58:03.011454Z  WARN ThreadId(08) hotstuff_runner::smrol::pnfifo: ðŸ“Š [Critical] Proposal stats: 153 msgs, avg=2.591727ms, max=24.552083ms, rate=153/s
2025-10-31T05:58:03.025954Z  WARN ThreadId(08) hotstuff_runner::smrol::sequencing: ðŸ“Š [Critical] Order stats node 0: 36 msgs, avg=675ns, max=2.208Âµs, rate=36/s
2025-10-31T05:58:03.030208Z  WARN ThreadId(08) hotstuff_runner::smrol::sequencing: ðŸ“Š [Critical] Request worker-3 stats node 0: 10 msgs, avg=102.137Âµs, max=337.666Âµs, rate=10/s
2025-10-31T05:58:03.030652Z  WARN ThreadId(07) hotstuff_runner::smrol::sequencing: ðŸ“Š [Critical] Final worker-0 stats node 0: 9 msgs, avg=5.472Âµs, max=38.209Âµs, rate=9/s
2025-10-31T05:58:03.039731Z  WARN ThreadId(07) hotstuff_runner::smrol::sequencing: ðŸ“Š [Critical] Final worker-3 stats node 0: 9 msgs, avg=35.611Âµs, max=301.292Âµs, rate=9/s
2025-10-31T05:58:03.033242Z  WARN ThreadId(06) hotstuff_runner::smrol::sequencing: ðŸ“Š [Critical] Request worker-2 stats node 0: 10 msgs, avg=52.854Âµs, max=132.583Âµs, rate=10/s
2025-10-31T05:58:03.036771Z  WARN ThreadId(05) hotstuff_runner::smrol::pnfifo: ðŸ“Š [Critical] Vote stats: 147 msgs, avg=6.523412ms, max=38.2845ms, rate=147/s
2025-10-31T05:58:03.036793Z  WARN ThreadId(08) hotstuff_runner::smrol::sequencing: ðŸ“Š [Critical] Final worker-2 stats node 0: 9 msgs, avg=2.75Âµs, max=3.917Âµs, rate=9/s
2025-10-31T05:58:03.039762Z  WARN ThreadId(04) hotstuff_runner::smrol::sequencing: ðŸ“Š [Critical] Final worker-1 stats node 0: 9 msgs, avg=1.879Âµs, max=4.041Âµs, rate=9/s
2025-10-31T05:58:03.086396Z  WARN ThreadId(09) hotstuff_runner::smrol::pnfifo: ðŸ“Š [Critical] Final stats: 135 msgs, avg=6.599936ms, max=81.533792ms, rate=135/s
2025-10-31T05:58:03.513517Z  WARN ThreadId(25) hotstuff_runner::smrol::network: âš ï¸ [Check] Writer 0 -> 2 slow write: 15.264875ms
2025-10-31T05:58:03.521723Z  WARN ThreadId(26) hotstuff_runner::smrol::network: âš ï¸ [Check] Writer 0 -> 1 slow write: 22.686625ms
2025-10-31T05:58:03.527229Z  WARN ThreadId(03) hotstuff_runner::smrol::sequencing: ðŸŒ handle_seq_request SLOW: total=28.076209ms, state_update=1.167Âµs, broadcast=334ns, sign_and_send=28.071291ms, finalize_pending=0ns, encode=1.417Âµs
2025-10-31T05:58:03.623901Z  WARN ThreadId(26) hotstuff_runner::smrol::network: âš ï¸ [Check] Writer 0 -> 3 slow write: 5.622584ms
2025-10-31T05:58:04.048255Z  WARN ThreadId(05) hotstuff_runner::smrol::pnfifo: ðŸ“Š [Critical] Vote stats: 131 msgs, avg=7.683358ms, max=66.899709ms, rate=131/s
2025-10-31T05:58:04.091457Z  WARN ThreadId(07) hotstuff_runner::smrol::pnfifo: ðŸ“Š [Critical] Final stats: 161 msgs, avg=5.692465ms, max=46.245625ms, rate=161/s
2025-10-31T05:58:04.123023Z  WARN ThreadId(07) hotstuff_runner::smrol::sequencing: ðŸ“Š [Critical] Request worker-1 stats node 0: 10 msgs, avg=3.039045ms, max=28.2605ms, rate=10/s
2025-10-31T05:58:04.124497Z  WARN ThreadId(07) hotstuff_runner::smrol::sequencing: ðŸ“Š [Critical] Request worker-0 stats node 0: 10 msgs, avg=42.679Âµs, max=86.792Âµs, rate=10/s
2025-10-31T05:58:04.125387Z  WARN ThreadId(07) hotstuff_runner::smrol::sequencing: ðŸ“Š [Critical] Request worker-3 stats node 0: 9 msgs, avg=66.18Âµs, max=265.75Âµs, rate=9/s
2025-10-31T05:58:04.125677Z  WARN ThreadId(05) hotstuff_runner::smrol::sequencing: ðŸ“Š [Critical] Response stats node 0: 40 msgs, avg=119.282Âµs, max=1.094208ms, rate=40/s
2025-10-31T05:58:04.127236Z  WARN ThreadId(03) hotstuff_runner::smrol::sequencing: ðŸ“Š [Critical] Request worker-2 stats node 0: 9 msgs, avg=48.615Âµs, max=124.375Âµs, rate=9/s
2025-10-31T05:58:04.130962Z  WARN ThreadId(08) hotstuff_runner::smrol::pnfifo: ðŸ“Š [Critical] Proposal stats: 160 msgs, avg=2.213057ms, max=15.912625ms, rate=160/s
2025-10-31T05:58:04.139949Z  WARN ThreadId(08) hotstuff_runner::smrol::sequencing: ðŸ“Š [Critical] Order stats node 0: 40 msgs, avg=540ns, max=2.083Âµs, rate=40/s
2025-10-31T05:58:04.140707Z  WARN ThreadId(03) hotstuff_runner::smrol::sequencing: ðŸ“Š [Critical] Final worker-1 stats node 0: 10 msgs, avg=2.008Âµs, max=4.709Âµs, rate=10/s
2025-10-31T05:58:04.144682Z  WARN ThreadId(03) hotstuff_runner::smrol::sequencing: ðŸ“Š [Critical] Final worker-0 stats node 0: 10 msgs, avg=1.354Âµs, max=2.25Âµs, rate=10/s
2025-10-31T05:58:04.147054Z  WARN ThreadId(05) hotstuff_runner::smrol::sequencing: ðŸ“Š [Critical] Final worker-3 stats node 0: 10 msgs, avg=1.908Âµs, max=5.209Âµs, rate=10/s
2025-10-31T05:58:04.148107Z  WARN ThreadId(08) hotstuff_runner::smrol::sequencing: ðŸ“Š [Critical] Final worker-2 stats node 0: 10 msgs, avg=1.829Âµs, max=3.75Âµs, rate=10/s
2025-10-31T05:58:04.575722Z  WARN ThreadId(03) hotstuff_runner::smrol::sequencing: ðŸŒ [Sequencing] Order verify processor slow for node 0: 13.436833ms
2025-10-31T05:58:04.579443Z  WARN ThreadId(07) hotstuff_runner::smrol::sequencing: ðŸŒ [Sequencing] Order verify processor slow for node 0: 13.437667ms
2025-10-31T05:58:04.581195Z  WARN ThreadId(05) hotstuff_runner::smrol::sequencing: ðŸŒ [Sequencing] Order verify processor slow for node 0: 13.403583ms
2025-10-31T05:58:04.581311Z  WARN ThreadId(02) hotstuff_runner::smrol::sequencing: ðŸŒ [Sequencing] Order verify processor slow for node 0: 13.411584ms
2025-10-31T05:58:04.620962Z  WARN ThreadId(20) hotstuff_rs::block_tree::invariants: SAFE_PC_FAIL: pc.block=[22, 27, 80, 235, 113, 241, 219, 166, 91, 51, 172, 3, 246, 56, 215, 114, 55, 237, 154, 181, 186, 131, 34, 63, 98, 88, 128, 217, 175, 121, 145, 95] view=299 phase=Generic | cond1(chain_id/genesis)=true (pc.chain_id=0, my.chain_id=0) | cond2(block_exists/genesis)=false (exists=false) | cond3(view>locked || extends)=true (pc.view=299, locked.view=296, extends=false) | cond4(phase/updates)=true (phase_special=false, has_updates=false) | highest_pc.block=[1, 133, 160, 241, 131, 166, 200, 145, 83, 202, 181, 38, 247, 41, 216, 224, 244, 63, 129, 31, 121, 192, 154, 66, 98, 59, 167, 21, 190, 48, 109, 37] highest_pc.view=297 locked.block=[41, 133, 69, 32, 1, 56, 198, 205, 15, 179, 182, 203, 78, 97, 210, 152, 189, 212, 205, 32, 129, 157, 163, 245, 47, 149, 107, 175, 244, 35, 121, 62] locked.view=296    
2025-10-31T05:58:04.622380Z  WARN ThreadId(20) hotstuff_rs::block_tree::invariants: SAFE_BLOCK_FAIL: block=[240, 236, 21, 151, 146, 248, 67, 126, 215, 92, 119, 180, 34, 55, 125, 172, 205, 215, 109, 230, 0, 103, 130, 27, 200, 94, 187, 122, 81, 52, 105, 41] height=None | cond1(safe_pc)=false | cond2(is_block_justify)=true (justify.phase=Generic) | justify.block=[22, 27, 80, 235, 113, 241, 219, 166, 91, 51, 172, 3, 246, 56, 215, 114, 55, 237, 154, 181, 186, 131, 34, 63, 98, 88, 128, 217, 175, 121, 145, 95] justify.view=299 | highest_pc.block=[1, 133, 160, 241, 131, 166, 200, 145, 83, 202, 181, 38, 247, 41, 216, 224, 244, 63, 129, 31, 121, 192, 154, 66, 98, 59, 167, 21, 190, 48, 109, 37] highest_pc.view=297 | locked.block=[41, 133, 69, 32, 1, 56, 198, 205, 15, 179, 182, 203, 78, 97, 210, 152, 189, 212, 205, 32, 129, 157, 163, 245, 47, 149, 107, 175, 244, 35, 121, 62] locked.view=296    
2025-10-31T05:58:04.628611Z  WARN ThreadId(20) hotstuff_rs::block_tree::invariants: SAFE_PC_FAIL: pc.block=[240, 236, 21, 151, 146, 248, 67, 126, 215, 92, 119, 180, 34, 55, 125, 172, 205, 215, 109, 230, 0, 103, 130, 27, 200, 94, 187, 122, 81, 52, 105, 41] view=300 phase=Generic | cond1(chain_id/genesis)=true (pc.chain_id=0, my.chain_id=0) | cond2(block_exists/genesis)=false (exists=false) | cond3(view>locked || extends)=true (pc.view=300, locked.view=296, extends=false) | cond4(phase/updates)=true (phase_special=false, has_updates=false) | highest_pc.block=[1, 133, 160, 241, 131, 166, 200, 145, 83, 202, 181, 38, 247, 41, 216, 224, 244, 63, 129, 31, 121, 192, 154, 66, 98, 59, 167, 21, 190, 48, 109, 37] highest_pc.view=297 locked.block=[41, 133, 69, 32, 1, 56, 198, 205, 15, 179, 182, 203, 78, 97, 210, 152, 189, 212, 205, 32, 129, 157, 163, 245, 47, 149, 107, 175, 244, 35, 121, 62] locked.view=296    
2025-10-31T05:58:04.878787Z  WARN ThreadId(08) docker_node:   Connection reuse ineffective (2.0 msg/conn)
2025-10-31T05:58:04.962673Z  WARN ThreadId(25) hotstuff_runner::smrol::network: âš ï¸ [Check] Writer 0 -> 2 slow write: 12.778375ms
2025-10-31T05:58:05.058950Z  WARN ThreadId(02) hotstuff_runner::smrol::pnfifo: ðŸ“Š [Critical] Vote stats: 157 msgs, avg=6.38483ms, max=54.678083ms, rate=157/s
2025-10-31T05:58:05.115871Z  WARN ThreadId(04) hotstuff_runner::smrol::pnfifo: ðŸ“Š [Critical] Final stats: 151 msgs, avg=5.560982ms, max=51.809833ms, rate=151/s
2025-10-31T05:58:05.156426Z  WARN ThreadId(04) hotstuff_runner::smrol::sequencing: ðŸ“Š [Critical] Request worker-2 stats node 0: 10 msgs, avg=74.295Âµs, max=348.125Âµs, rate=10/s
2025-10-31T05:58:05.156507Z  WARN ThreadId(08) hotstuff_runner::smrol::sequencing: ðŸ“Š [Critical] Request worker-1 stats node 0: 10 msgs, avg=225.449Âµs, max=1.291458ms, rate=10/s
2025-10-31T05:58:05.156617Z  WARN ThreadId(03) hotstuff_runner::smrol::sequencing: ðŸ“Š [Critical] Request worker-0 stats node 0: 10 msgs, avg=56.391Âµs, max=159.875Âµs, rate=10/s
2025-10-31T05:58:05.159521Z  WARN ThreadId(07) hotstuff_runner::smrol::sequencing: ðŸ“Š [Critical] Response stats node 0: 40 msgs, avg=69.248Âµs, max=154.125Âµs, rate=40/s
2025-10-31T05:58:05.160539Z  WARN ThreadId(05) hotstuff_runner::smrol::pnfifo: ðŸ“Š [Critical] Proposal stats: 160 msgs, avg=2.444912ms, max=34.036917ms, rate=160/s
2025-10-31T05:58:05.160617Z  WARN ThreadId(08) hotstuff_runner::smrol::sequencing: ðŸ“Š [Critical] Request worker-3 stats node 0: 10 msgs, avg=58.075Âµs, max=114.209Âµs, rate=10/s
2025-10-31T05:58:05.177196Z  WARN ThreadId(04) hotstuff_runner::smrol::sequencing: ðŸ“Š [Critical] Order stats node 0: 40 msgs, avg=426ns, max=1.708Âµs, rate=40/s
2025-10-31T05:58:05.198255Z  WARN ThreadId(04) hotstuff_runner::smrol::sequencing: ðŸ“Š [Critical] Final worker-0 stats node 0: 10 msgs, avg=3.016Âµs, max=11.333Âµs, rate=10/s
2025-10-31T05:58:05.198926Z  WARN ThreadId(08) hotstuff_runner::smrol::sequencing: ðŸ“Š [Critical] Final worker-1 stats node 0: 10 msgs, avg=1.295Âµs, max=2.166Âµs, rate=10/s
2025-10-31T05:58:05.211436Z  WARN ThreadId(03) hotstuff_runner::smrol::sequencing: ðŸ“Š [Critical] Final worker-2 stats node 0: 10 msgs, avg=1.562Âµs, max=3.5Âµs, rate=10/s
2025-10-31T05:58:05.230460Z  WARN ThreadId(04) hotstuff_runner::smrol::sequencing: ðŸ“Š [Critical] Final worker-3 stats node 0: 10 msgs, avg=1.579Âµs, max=4.208Âµs, rate=10/s
2025-10-31T05:58:05.304984Z  WARN ThreadId(03) hotstuff_runner::smrol::sequencing: ðŸŒ [Sequencing] Order verify processor slow for node 0: 14.478083ms
2025-10-31T05:58:05.618053Z  WARN ThreadId(05) hotstuff_runner::smrol::sequencing: ðŸŒ handle_seq_request SLOW: total=17.530083ms, state_update=2.833Âµs, broadcast=1Âµs, sign_and_send=17.519375ms, finalize_pending=0ns, encode=4.459Âµs
2025-10-31T05:58:06.061719Z  WARN ThreadId(08) hotstuff_runner::smrol::pnfifo: ðŸ“Š [Critical] Vote stats: 138 msgs, avg=7.264396ms, max=54.99225ms, rate=138/s
2025-10-31T05:58:06.127564Z  WARN ThreadId(02) hotstuff_runner::smrol::pnfifo: ðŸ“Š [Critical] Final stats: 137 msgs, avg=5.949018ms, max=33.785042ms, rate=137/s
2025-10-31T05:58:06.215577Z  WARN ThreadId(04) hotstuff_runner::smrol::sequencing: ðŸ“Š [Critical] Response stats node 0: 40 msgs, avg=102.822Âµs, max=1.375667ms, rate=40/s
2025-10-31T05:58:06.217633Z  WARN ThreadId(04) hotstuff_runner::smrol::sequencing: ðŸ“Š [Critical] Request worker-1 stats node 0: 10 msgs, avg=45.558Âµs, max=64.917Âµs, rate=10/s
2025-10-31T05:58:06.217907Z  WARN ThreadId(07) hotstuff_runner::smrol::sequencing: ðŸ“Š [Critical] Request worker-0 stats node 0: 10 msgs, avg=62.45Âµs, max=158.917Âµs, rate=10/s
2025-10-31T05:58:06.217909Z  WARN ThreadId(09) hotstuff_runner::smrol::sequencing: ðŸ“Š [Critical] Request worker-2 stats node 0: 10 msgs, avg=2.302699ms, max=22.551083ms, rate=10/s
2025-10-31T05:58:06.226741Z  WARN ThreadId(04) hotstuff_runner::smrol::sequencing: ðŸ“Š [Critical] Order stats node 0: 40 msgs, avg=755ns, max=2.833Âµs, rate=40/s
2025-10-31T05:58:06.237438Z  WARN ThreadId(06) hotstuff_runner::smrol::sequencing: ðŸ“Š [Critical] Final worker-2 stats node 0: 10 msgs, avg=1.15Âµs, max=2.625Âµs, rate=10/s
2025-10-31T05:58:06.224659Z  WARN ThreadId(05) hotstuff_runner::smrol::pnfifo: ðŸ“Š [Critical] Proposal stats: 160 msgs, avg=2.845491ms, max=37.354375ms, rate=160/s
2025-10-31T05:58:06.226682Z  WARN ThreadId(07) hotstuff_runner::smrol::sequencing: ðŸ“Š [Critical] Final worker-0 stats node 0: 10 msgs, avg=1.846Âµs, max=3.625Âµs, rate=10/s
2025-10-31T05:58:06.231078Z  WARN ThreadId(03) hotstuff_runner::smrol::sequencing: ðŸ“Š [Critical] Final worker-1 stats node 0: 10 msgs, avg=1.366Âµs, max=3.375Âµs, rate=10/s
2025-10-31T05:58:06.239968Z  WARN ThreadId(08) hotstuff_runner::smrol::sequencing: ðŸ“Š [Critical] Request worker-3 stats node 0: 10 msgs, avg=2.298791ms, max=22.228292ms, rate=10/s
2025-10-31T05:58:06.401976Z  WARN ThreadId(07) hotstuff_runner::smrol::sequencing: ðŸ“Š [Critical] Final worker-3 stats node 0: 12 msgs, avg=4.656Âµs, max=36.292Âµs, rate=12/s
2025-10-31T05:58:06.605143Z  WARN ThreadId(25) hotstuff_runner::smrol::network: âš ï¸ [Check] Writer 0 -> 1 slow write: 12.717542ms
2025-10-31T05:58:06.623517Z  WARN ThreadId(21) hotstuff_runner::tcp_node: Node 0 view 300 timed out; latency may accumulate
2025-10-31T05:58:07.108300Z  WARN ThreadId(07) hotstuff_runner::smrol::pnfifo: ðŸ“Š [Critical] Vote stats: 131 msgs, avg=7.955706ms, max=69.735291ms, rate=131/s
2025-10-31T05:58:07.135879Z  WARN ThreadId(07) hotstuff_runner::smrol::pnfifo: ðŸ“Š [Critical] Final stats: 148 msgs, avg=6.643143ms, max=44.206708ms, rate=148/s
2025-10-31T05:58:07.237678Z  WARN ThreadId(08) hotstuff_runner::smrol::sequencing: ðŸ“Š [Critical] Order stats node 0: 43 msgs, avg=786ns, max=10.875Âµs, rate=43/s
2025-10-31T05:58:07.237788Z  WARN ThreadId(02) hotstuff_runner::smrol::pnfifo: ðŸ“Š [Critical] Proposal stats: 165 msgs, avg=2.652997ms, max=44.346583ms, rate=165/s
2025-10-31T05:58:07.237922Z  WARN ThreadId(07) hotstuff_runner::smrol::sequencing: ðŸ“Š [Critical] Request worker-2 stats node 0: 11 msgs, avg=67.507Âµs, max=196.958Âµs, rate=11/s
2025-10-31T05:58:07.237950Z  WARN ThreadId(09) hotstuff_runner::smrol::sequencing: ðŸ“Š [Critical] Final worker-2 stats node 0: 10 msgs, avg=1.966Âµs, max=5.417Âµs, rate=10/s
2025-10-31T05:58:07.273183Z  WARN ThreadId(08) hotstuff_runner::smrol::sequencing: ðŸŒ [Sequencing] Order verify processor slow for node 0: 17.791292ms
2025-10-31T05:58:07.289927Z  WARN ThreadId(08) hotstuff_runner::smrol::sequencing: ðŸŒ [Sequencing] Order verify processor slow for node 0: 34.3265ms
2025-10-31T05:58:07.298391Z  WARN ThreadId(08) hotstuff_runner::smrol::sequencing: ðŸ“Š [Critical] Final worker-0 stats node 0: 11 msgs, avg=2.579Âµs, max=14.708Âµs, rate=11/s
2025-10-31T05:58:07.301011Z  WARN ThreadId(08) hotstuff_runner::smrol::sequencing: ðŸ“Š [Critical] Final worker-1 stats node 0: 11 msgs, avg=1.583Âµs, max=3.333Âµs, rate=11/s
2025-10-31T05:58:07.393661Z  WARN ThreadId(03) hotstuff_runner::smrol::sequencing: ðŸ“Š [Critical] Request worker-0 stats node 0: 12 msgs, avg=63.034Âµs, max=269.875Âµs, rate=12/s
2025-10-31T05:58:07.393879Z  WARN ThreadId(03) hotstuff_runner::smrol::sequencing: ðŸ“Š [Critical] Response stats node 0: 48 msgs, avg=235.11Âµs, max=6.816792ms, rate=48/s
2025-10-31T05:58:07.394476Z  WARN ThreadId(03) hotstuff_runner::smrol::sequencing: ðŸ“Š [Critical] Request worker-1 stats node 0: 12 msgs, avg=99.906Âµs, max=395.334Âµs, rate=12/s
2025-10-31T05:58:07.397695Z  WARN ThreadId(07) hotstuff_runner::smrol::sequencing: ðŸ“Š [Critical] Request worker-3 stats node 0: 12 msgs, avg=46.423Âµs, max=95.291Âµs, rate=12/s
2025-10-31T05:58:07.413057Z  WARN ThreadId(07) hotstuff_runner::smrol::sequencing: ðŸ“Š [Critical] Final worker-3 stats node 0: 10 msgs, avg=2.275Âµs, max=8.167Âµs, rate=10/s
2025-10-31T05:58:08.119000Z  WARN ThreadId(05) hotstuff_runner::smrol::pnfifo: ðŸ“Š [Critical] Vote stats: 130 msgs, avg=7.702754ms, max=50.407041ms, rate=130/s
2025-10-31T05:58:08.155923Z  WARN ThreadId(03) hotstuff_runner::smrol::pnfifo: ðŸ“Š [Critical] Final stats: 141 msgs, avg=6.892126ms, max=53.496792ms, rate=141/s
2025-10-31T05:58:08.428662Z  WARN ThreadId(02) hotstuff_runner::smrol::sequencing: ðŸ“Š [Critical] Request worker-1 stats node 0: 10 msgs, avg=73.479Âµs, max=171.709Âµs, rate=10/s
2025-10-31T05:58:08.433126Z  WARN ThreadId(02) hotstuff_runner::smrol::sequencing: ðŸ“Š [Critical] Response stats node 0: 40 msgs, avg=140.519Âµs, max=2.599209ms, rate=40/s
2025-10-31T05:58:08.430354Z  WARN ThreadId(03) hotstuff_runner::smrol::sequencing: ðŸ“Š [Critical] Request worker-0 stats node 0: 10 msgs, avg=61.833Âµs, max=187.083Âµs, rate=10/s
2025-10-31T05:58:08.441317Z  WARN ThreadId(02) hotstuff_runner::smrol::pnfifo: ðŸ“Š [Critical] Proposal stats: 187 msgs, avg=2.286818ms, max=30.506584ms, rate=187/s
2025-10-31T05:58:08.443902Z  WARN ThreadId(05) hotstuff_runner::smrol::sequencing: ðŸ“Š [Critical] Order stats node 0: 45 msgs, avg=591ns, max=2.416Âµs, rate=45/s
2025-10-31T05:58:08.444606Z  WARN ThreadId(07) hotstuff_runner::smrol::sequencing: ðŸ“Š [Critical] Request worker-2 stats node 0: 11 msgs, avg=42.534Âµs, max=93.208Âµs, rate=11/s
2025-10-31T05:58:08.444990Z  WARN ThreadId(08) hotstuff_runner::smrol::sequencing: ðŸ“Š [Critical] Request worker-3 stats node 0: 10 msgs, avg=67.391Âµs, max=243.958Âµs, rate=10/s
2025-10-31T05:58:08.457836Z  WARN ThreadId(05) hotstuff_runner::smrol::sequencing: ðŸ“Š [Critical] Final worker-1 stats node 0: 11 msgs, avg=1.958Âµs, max=6.625Âµs, rate=11/s
2025-10-31T05:58:08.457843Z  WARN ThreadId(03) hotstuff_runner::smrol::sequencing: ðŸ“Š [Critical] Final worker-0 stats node 0: 11 msgs, avg=1.791Âµs, max=4.875Âµs, rate=11/s
2025-10-31T05:58:08.475300Z  WARN ThreadId(09) hotstuff_runner::smrol::sequencing: ðŸ“Š [Critical] Final worker-3 stats node 0: 10 msgs, avg=4.162Âµs, max=23.333Âµs, rate=10/s
2025-10-31T05:58:08.475312Z  WARN ThreadId(08) hotstuff_runner::smrol::sequencing: ðŸ“Š [Critical] Final worker-2 stats node 0: 12 msgs, avg=1.503Âµs, max=3.292Âµs, rate=12/s
2025-10-31T05:58:08.584563Z  WARN ThreadId(26) hotstuff_runner::smrol::network: âš ï¸ [Check] Writer 0 -> 1 slow write: 5.063292ms
2025-10-31T05:58:09.083087Z  WARN ThreadId(26) hotstuff_runner::smrol::network: âš ï¸ [Check] Writer 0 -> 3 slow write: 8.108125ms
2025-10-31T05:58:09.131138Z  WARN ThreadId(03) hotstuff_runner::smrol::pnfifo: ðŸ“Š [Critical] Vote stats: 132 msgs, avg=7.665346ms, max=42.591208ms, rate=132/s
2025-10-31T05:58:09.164629Z  WARN ThreadId(03) hotstuff_runner::smrol::pnfifo: ðŸ“Š [Critical] Final stats: 132 msgs, avg=7.448631ms, max=50.264458ms, rate=132/s
2025-10-31T05:58:09.459831Z  WARN ThreadId(07) hotstuff_runner::smrol::pnfifo: ðŸ“Š [Critical] Proposal stats: 165 msgs, avg=2.716702ms, max=34.360167ms, rate=165/s
2025-10-31T05:58:09.649672Z  WARN ThreadId(06) hotstuff_runner::smrol::sequencing: ðŸ“Š [Critical] Request worker-1 stats node 0: 12 msgs, avg=41.59Âµs, max=81.792Âµs, rate=12/s
2025-10-31T05:58:09.651165Z  WARN ThreadId(06) hotstuff_runner::smrol::sequencing: ðŸ“Š [Critical] Response stats node 0: 48 msgs, avg=299.102Âµs, max=6.405417ms, rate=48/s
2025-10-31T05:58:09.649722Z  WARN ThreadId(07) hotstuff_runner::smrol::sequencing: ðŸ“Š [Critical] Request worker-0 stats node 0: 12 msgs, avg=87.364Âµs, max=701.458Âµs, rate=12/s
2025-10-31T05:58:09.651248Z  WARN ThreadId(09) hotstuff_runner::smrol::sequencing: ðŸ“Š [Critical] Request worker-2 stats node 0: 12 msgs, avg=78.67Âµs, max=417.792Âµs, rate=12/s
2025-10-31T05:58:09.651981Z  WARN ThreadId(03) hotstuff_runner::smrol::sequencing: ðŸ“Š [Critical] Request worker-3 stats node 0: 12 msgs, avg=47.486Âµs, max=169Âµs, rate=12/s
2025-10-31T05:58:09.653744Z  WARN ThreadId(02) hotstuff_runner::smrol::sequencing: ðŸ“Š [Critical] Order stats node 0: 48 msgs, avg=675ns, max=2.333Âµs, rate=48/s
2025-10-31T05:58:09.661164Z  WARN ThreadId(04) hotstuff_runner::smrol::sequencing: ðŸ“Š [Critical] Final worker-0 stats node 0: 12 msgs, avg=1.378Âµs, max=3.25Âµs, rate=12/s
2025-10-31T05:58:09.665712Z  WARN ThreadId(03) hotstuff_runner::smrol::sequencing: ðŸ“Š [Critical] Final worker-3 stats node 0: 12 msgs, avg=2.263Âµs, max=5.75Âµs, rate=12/s
2025-10-31T05:58:09.665746Z  WARN ThreadId(08) hotstuff_runner::smrol::sequencing: ðŸ“Š [Critical] Final worker-1 stats node 0: 12 msgs, avg=1.85Âµs, max=4.708Âµs, rate=12/s
2025-10-31T05:58:09.665757Z  WARN ThreadId(07) hotstuff_runner::smrol::sequencing: ðŸ“Š [Critical] Final worker-2 stats node 0: 12 msgs, avg=1.461Âµs, max=3.208Âµs, rate=12/s
2025-10-31T05:58:09.912845Z  WARN ThreadId(06) hotstuff_runner::smrol::sequencing: ðŸŒ [Sequencing] Order verify processor slow for node 0: 42.134959ms
2025-10-31T05:58:09.912864Z  WARN ThreadId(05) hotstuff_runner::smrol::sequencing: ðŸŒ [Sequencing] Order verify processor slow for node 0: 42.1565ms
2025-10-31T05:58:09.912879Z  WARN ThreadId(08) docker_node:   Connection reuse ineffective (2.0 msg/conn)
2025-10-31T05:58:09.916388Z  WARN ThreadId(06) hotstuff_runner::smrol::sequencing: ðŸŒ [Sequencing] Order verify processor slow for node 0: 23.191959ms
2025-10-31T05:58:10.132968Z  WARN ThreadId(04) hotstuff_runner::smrol::pnfifo: ðŸ“Š [Critical] Vote stats: 116 msgs, avg=8.568248ms, max=54.420417ms, rate=116/s
2025-10-31T05:58:10.168603Z  WARN ThreadId(04) hotstuff_runner::smrol::pnfifo: ðŸ“Š [Critical] Final stats: 108 msgs, avg=9.293954ms, max=95.591167ms, rate=108/s
2025-10-31T05:58:10.672174Z  WARN ThreadId(25) hotstuff_runner::smrol::network: âš ï¸ [Check] Writer 0 -> 3 slow write: 12.222917ms
2025-10-31T05:58:11.138756Z  WARN ThreadId(08) hotstuff_runner::smrol::pnfifo: ðŸ“Š [Critical] Vote stats: 114 msgs, avg=8.77437ms, max=57.427209ms, rate=114/s
2025-10-31T05:58:11.172192Z  WARN ThreadId(04) hotstuff_runner::smrol::pnfifo: ðŸ“Š [Critical] Final stats: 114 msgs, avg=8.801693ms, max=66.033208ms, rate=114/s
2025-10-31T05:58:11.357177Z  WARN ThreadId(20) hotstuff_rs::block_tree::invariants: SAFE_PC_FAIL: pc.block=[236, 248, 206, 94, 94, 129, 101, 186, 244, 116, 97, 215, 30, 224, 110, 107, 20, 88, 107, 126, 115, 21, 71, 52, 10, 224, 200, 40, 3, 250, 74, 31] view=475 phase=Generic | cond1(chain_id/genesis)=true (pc.chain_id=0, my.chain_id=0) | cond2(block_exists/genesis)=false (exists=false) | cond3(view>locked || extends)=true (pc.view=475, locked.view=472, extends=false) | cond4(phase/updates)=true (phase_special=false, has_updates=false) | highest_pc.block=[213, 248, 207, 126, 16, 222, 249, 95, 78, 163, 107, 87, 30, 12, 198, 195, 104, 174, 190, 81, 123, 28, 83, 220, 3, 183, 5, 34, 119, 62, 89, 247] highest_pc.view=473 locked.block=[199, 109, 132, 86, 231, 3, 101, 189, 158, 41, 205, 142, 78, 4, 208, 231, 24, 184, 240, 229, 52, 32, 199, 35, 167, 6, 112, 54, 179, 150, 209, 254] locked.view=472    
2025-10-31T05:58:11.359075Z  WARN ThreadId(20) hotstuff_rs::block_tree::invariants: SAFE_BLOCK_FAIL: block=[163, 235, 16, 114, 19, 5, 110, 222, 87, 209, 219, 121, 230, 217, 108, 32, 216, 232, 63, 218, 76, 241, 52, 146, 214, 182, 161, 211, 181, 48, 29, 152] height=None | cond1(safe_pc)=false | cond2(is_block_justify)=true (justify.phase=Generic) | justify.block=[236, 248, 206, 94, 94, 129, 101, 186, 244, 116, 97, 215, 30, 224, 110, 107, 20, 88, 107, 126, 115, 21, 71, 52, 10, 224, 200, 40, 3, 250, 74, 31] justify.view=475 | highest_pc.block=[213, 248, 207, 126, 16, 222, 249, 95, 78, 163, 107, 87, 30, 12, 198, 195, 104, 174, 190, 81, 123, 28, 83, 220, 3, 183, 5, 34, 119, 62, 89, 247] highest_pc.view=473 | locked.block=[199, 109, 132, 86, 231, 3, 101, 189, 158, 41, 205, 142, 78, 4, 208, 231, 24, 184, 240, 229, 52, 32, 199, 35, 167, 6, 112, 54, 179, 150, 209, 254] locked.view=472    
2025-10-31T05:58:11.365786Z  WARN ThreadId(20) hotstuff_rs::block_tree::invariants: SAFE_PC_FAIL: pc.block=[163, 235, 16, 114, 19, 5, 110, 222, 87, 209, 219, 121, 230, 217, 108, 32, 216, 232, 63, 218, 76, 241, 52, 146, 214, 182, 161, 211, 181, 48, 29, 152] view=476 phase=Generic | cond1(chain_id/genesis)=true (pc.chain_id=0, my.chain_id=0) | cond2(block_exists/genesis)=false (exists=false) | cond3(view>locked || extends)=true (pc.view=476, locked.view=472, extends=false) | cond4(phase/updates)=true (phase_special=false, has_updates=false) | highest_pc.block=[213, 248, 207, 126, 16, 222, 249, 95, 78, 163, 107, 87, 30, 12, 198, 195, 104, 174, 190, 81, 123, 28, 83, 220, 3, 183, 5, 34, 119, 62, 89, 247] highest_pc.view=473 locked.block=[199, 109, 132, 86, 231, 3, 101, 189, 158, 41, 205, 142, 78, 4, 208, 231, 24, 184, 240, 229, 52, 32, 199, 35, 167, 6, 112, 54, 179, 150, 209, 254] locked.view=472    
2025-10-31T05:58:13.357422Z  WARN ThreadId(21) hotstuff_runner::tcp_node: Node 0 view 476 timed out; latency may accumulate
2025-10-31T05:58:14.878883Z  WARN ThreadId(04) docker_node:   Connection reuse ineffective (2.0 msg/conn)
2025-10-31T05:58:15.901946Z  WARN ThreadId(21) hotstuff_runner::tcp_node: Node 0 view 506 timed out; latency may accumulate
2025-10-31T05:58:19.877906Z  WARN ThreadId(08) docker_node:   Connection reuse ineffective (2.0 msg/conn)
2025-10-31T05:58:24.879625Z  WARN ThreadId(04) docker_node:   Connection reuse ineffective (2.0 msg/conn)
2025-10-31T05:58:26.204850Z  WARN ThreadId(20) hotstuff_rs::block_tree::invariants: SAFE_PC_FAIL: pc.block=[190, 214, 194, 192, 188, 109, 19, 69, 187, 207, 241, 216, 54, 44, 79, 155, 74, 198, 73, 116, 123, 106, 165, 97, 177, 190, 211, 45, 122, 140, 51, 99] view=1234 phase=Generic | cond1(chain_id/genesis)=true (pc.chain_id=0, my.chain_id=0) | cond2(block_exists/genesis)=false (exists=false) | cond3(view>locked || extends)=true (pc.view=1234, locked.view=1231, extends=false) | cond4(phase/updates)=true (phase_special=false, has_updates=false) | highest_pc.block=[55, 222, 20, 179, 225, 57, 120, 116, 201, 89, 69, 36, 69, 148, 234, 4, 115, 138, 65, 247, 185, 255, 215, 6, 241, 123, 162, 105, 13, 158, 215, 248] highest_pc.view=1232 locked.block=[204, 164, 45, 54, 159, 127, 207, 99, 142, 246, 82, 125, 251, 147, 17, 115, 211, 144, 108, 46, 236, 9, 93, 5, 85, 9, 121, 28, 141, 37, 234, 161] locked.view=1231    
2025-10-31T05:58:26.205768Z  WARN ThreadId(20) hotstuff_rs::block_tree::invariants: SAFE_BLOCK_FAIL: block=[90, 186, 202, 89, 58, 243, 254, 91, 203, 128, 71, 219, 57, 96, 218, 193, 189, 112, 221, 68, 150, 106, 225, 31, 26, 41, 252, 81, 88, 237, 61, 84] height=None | cond1(safe_pc)=false | cond2(is_block_justify)=true (justify.phase=Generic) | justify.block=[190, 214, 194, 192, 188, 109, 19, 69, 187, 207, 241, 216, 54, 44, 79, 155, 74, 198, 73, 116, 123, 106, 165, 97, 177, 190, 211, 45, 122, 140, 51, 99] justify.view=1234 | highest_pc.block=[55, 222, 20, 179, 225, 57, 120, 116, 201, 89, 69, 36, 69, 148, 234, 4, 115, 138, 65, 247, 185, 255, 215, 6, 241, 123, 162, 105, 13, 158, 215, 248] highest_pc.view=1232 | locked.block=[204, 164, 45, 54, 159, 127, 207, 99, 142, 246, 82, 125, 251, 147, 17, 115, 211, 144, 108, 46, 236, 9, 93, 5, 85, 9, 121, 28, 141, 37, 234, 161] locked.view=1231    
2025-10-31T05:58:26.213413Z  WARN ThreadId(20) hotstuff_rs::block_tree::invariants: SAFE_PC_FAIL: pc.block=[90, 186, 202, 89, 58, 243, 254, 91, 203, 128, 71, 219, 57, 96, 218, 193, 189, 112, 221, 68, 150, 106, 225, 31, 26, 41, 252, 81, 88, 237, 61, 84] view=1235 phase=Generic | cond1(chain_id/genesis)=true (pc.chain_id=0, my.chain_id=0) | cond2(block_exists/genesis)=false (exists=false) | cond3(view>locked || extends)=true (pc.view=1235, locked.view=1231, extends=false) | cond4(phase/updates)=true (phase_special=false, has_updates=false) | highest_pc.block=[55, 222, 20, 179, 225, 57, 120, 116, 201, 89, 69, 36, 69, 148, 234, 4, 115, 138, 65, 247, 185, 255, 215, 6, 241, 123, 162, 105, 13, 158, 215, 248] highest_pc.view=1232 locked.block=[204, 164, 45, 54, 159, 127, 207, 99, 142, 246, 82, 125, 251, 147, 17, 115, 211, 144, 108, 46, 236, 9, 93, 5, 85, 9, 121, 28, 141, 37, 234, 161] locked.view=1231    
2025-10-31T05:58:26.214738Z  WARN ThreadId(20) hotstuff_rs::block_tree::invariants: SAFE_BLOCK_FAIL: block=[117, 209, 221, 75, 77, 179, 233, 41, 42, 40, 83, 140, 207, 73, 44, 132, 53, 148, 216, 197, 202, 156, 60, 66, 38, 160, 115, 84, 88, 27, 86, 22] height=None | cond1(safe_pc)=false | cond2(is_block_justify)=true (justify.phase=Generic) | justify.block=[90, 186, 202, 89, 58, 243, 254, 91, 203, 128, 71, 219, 57, 96, 218, 193, 189, 112, 221, 68, 150, 106, 225, 31, 26, 41, 252, 81, 88, 237, 61, 84] justify.view=1235 | highest_pc.block=[55, 222, 20, 179, 225, 57, 120, 116, 201, 89, 69, 36, 69, 148, 234, 4, 115, 138, 65, 247, 185, 255, 215, 6, 241, 123, 162, 105, 13, 158, 215, 248] highest_pc.view=1232 | locked.block=[204, 164, 45, 54, 159, 127, 207, 99, 142, 246, 82, 125, 251, 147, 17, 115, 211, 144, 108, 46, 236, 9, 93, 5, 85, 9, 121, 28, 141, 37, 234, 161] locked.view=1231    
2025-10-31T05:58:26.219112Z  WARN ThreadId(20) hotstuff_rs::block_tree::invariants: SAFE_PC_FAIL: pc.block=[117, 209, 221, 75, 77, 179, 233, 41, 42, 40, 83, 140, 207, 73, 44, 132, 53, 148, 216, 197, 202, 156, 60, 66, 38, 160, 115, 84, 88, 27, 86, 22] view=1236 phase=Generic | cond1(chain_id/genesis)=true (pc.chain_id=0, my.chain_id=0) | cond2(block_exists/genesis)=false (exists=false) | cond3(view>locked || extends)=true (pc.view=1236, locked.view=1231, extends=false) | cond4(phase/updates)=true (phase_special=false, has_updates=false) | highest_pc.block=[55, 222, 20, 179, 225, 57, 120, 116, 201, 89, 69, 36, 69, 148, 234, 4, 115, 138, 65, 247, 185, 255, 215, 6, 241, 123, 162, 105, 13, 158, 215, 248] highest_pc.view=1232 locked.block=[204, 164, 45, 54, 159, 127, 207, 99, 142, 246, 82, 125, 251, 147, 17, 115, 211, 144, 108, 46, 236, 9, 93, 5, 85, 9, 121, 28, 141, 37, 234, 161] locked.view=1231    
2025-10-31T05:58:26.231141Z  WARN ThreadId(20) hotstuff_rs::block_tree::invariants: SAFE_PC_FAIL: pc.block=[90, 186, 202, 89, 58, 243, 254, 91, 203, 128, 71, 219, 57, 96, 218, 193, 189, 112, 221, 68, 150, 106, 225, 31, 26, 41, 252, 81, 88, 237, 61, 84] view=1235 phase=Generic | cond1(chain_id/genesis)=true (pc.chain_id=0, my.chain_id=0) | cond2(block_exists/genesis)=false (exists=false) | cond3(view>locked || extends)=true (pc.view=1235, locked.view=1232, extends=false) | cond4(phase/updates)=true (phase_special=false, has_updates=false) | highest_pc.block=[250, 202, 63, 140, 51, 160, 7, 79, 122, 222, 72, 39, 68, 9, 142, 139, 180, 101, 50, 249, 11, 65, 134, 224, 247, 116, 9, 129, 160, 103, 61, 125] highest_pc.view=1233 locked.block=[55, 222, 20, 179, 225, 57, 120, 116, 201, 89, 69, 36, 69, 148, 234, 4, 115, 138, 65, 247, 185, 255, 215, 6, 241, 123, 162, 105, 13, 158, 215, 248] locked.view=1232    
2025-10-31T05:58:28.210173Z  WARN ThreadId(21) hotstuff_runner::tcp_node: Node 0 view 1236 timed out; latency may accumulate
2025-10-31T05:58:29.878976Z  WARN ThreadId(04) docker_node:   Connection reuse ineffective (2.0 msg/conn)
2025-10-31T05:58:32.424835Z  WARN ThreadId(21) hotstuff_runner::tcp_node: Node 0 view 1417 timed out; latency may accumulate
2025-10-31T05:58:34.893743Z  WARN ThreadId(05) docker_node:   Connection reuse ineffective (2.0 msg/conn)
2025-10-31T05:58:39.894131Z  WARN ThreadId(08) docker_node:   Connection reuse ineffective (2.0 msg/conn)
2025-10-31T05:58:41.173778Z  WARN ThreadId(21) hotstuff_runner::tcp_node: Node 0 view 1759 timed out; latency may accumulate
2025-10-31T05:58:44.893711Z  WARN ThreadId(08) docker_node:   Connection reuse ineffective (2.0 msg/conn)
