2025-10-03T11:16:10.321567Z  WARN ThreadId(01) hotstuff_runner::tcp_node: Node 2 è§†å›¾è¶…æ—¶è®¾ç½®ä¸º 700 ms
2025-10-03T11:16:10.327779Z  INFO ThreadId(01) hotstuff_runner::smrol::pnfifo: ðŸ”„ PNFIFO-BC Initialization: Node 2, threshold: 3/4
2025-10-03T11:16:10.328875Z  INFO ThreadId(01) hotstuff_runner::smrol::pnfifo: âœ… [PNFIFO-BC] Node 2 ç½‘ç»œç›‘å¬å™¨å·²å¯åŠ¨
2025-10-03T11:16:10.331268Z  INFO ThreadId(01) hotstuff_runner::smrol::manager: âœ… [SMROL] PNFIFOè‡ªåŠ¨å¯åŠ¨å®Œæˆ
2025-10-03T11:16:10.329057Z  INFO ThreadId(02) hotstuff_runner::smrol::pnfifo: ðŸ“¡ [PNFIFO-BC] Node 2 å¯åŠ¨ç½‘ç»œæ¶ˆæ¯ç›‘å¬å™¨
2025-10-03T11:16:10.335146Z DEBUG ThreadId(01) hotstuff_runner::smrol::adapter: ðŸ”— [SMROL Adapter] Connected to HotStuff queue
2025-10-03T11:16:10.346457Z  INFO ThreadId(01) hotstuff_runner::smrol::manager: ðŸ”— [SMROL] Connected to HotStuff adapter
2025-10-03T11:16:10.346785Z  INFO ThreadId(01) hotstuff_runner::smrol::manager: ðŸ”„ [SMROL] Message loop starting for node 2
2025-10-03T11:16:10.354337Z  INFO ThreadId(01) hotstuff_runner::smrol::manager: âœ… [SMROL] æ¶ˆæ¯å¤„ç†å¾ªçŽ¯å·²å¯åŠ¨
2025-10-03T11:16:10.358929Z  WARN ThreadId(09) docker_node:   Connection reuse ineffective (1.0 msg/conn)
2025-10-03T11:16:15.187596Z DEBUG ThreadId(02) hotstuff_runner::smrol::sequencing: ðŸ“¥ [Sequencing] Line 2:4: æ”¶åˆ°æ¥è‡ª 0 çš„SEQ-REQUEST, seq_num: 1
2025-10-03T11:16:15.188331Z DEBUG ThreadId(02) hotstuff_runner::smrol::sequencing: âœ… [Sequencing] Line 2:5: Log condition verified for SEQ-REQUEST from 0 with seq_num 1. Continue to Line 12-14
2025-10-03T11:16:15.188466Z DEBUG ThreadId(02) hotstuff_runner::smrol::sequencing: ðŸ§® [Sequencing] Line 2:7-11 node=2 assigned sequence 1 for vc=403167f79faea4a2 (req_seq=1 from 0)
2025-10-03T11:16:15.194523Z  INFO ThreadId(02) hotstuff_runner::smrol::pnfifo: ðŸ“¤ [PNFIFO-BC] Node 2 Broadcast Proposal for slot 1, length: 32 bytes
2025-10-03T11:16:15.194629Z DEBUG ThreadId(02) hotstuff_runner::smrol::pnfifo: ðŸ§¾ [PNFIFO-BC] Node 2 proposal payload=403167f79faea4a2 slot=1
2025-10-03T11:16:15.194895Z DEBUG ThreadId(02) hotstuff_runner::smrol::pnfifo: âœ… [PNFIFO-BC] Node 2 å‘èµ·slot 1 PROPOSAL
2025-10-03T11:16:15.195146Z DEBUG ThreadId(02) hotstuff_runner::smrol::pnfifo: âœ… [PNFIFO-BC] Node 2 å®Œæˆslot 1 PROPOSAL å¹¿æ’­
2025-10-03T11:16:15.195179Z DEBUG ThreadId(09) hotstuff_runner::smrol::pnfifo: ðŸ“¥ [PNFIFO-BC] Node 2 æ”¶åˆ°æ¥è‡ª 2 çš„PROPOSAL, slot: 1
2025-10-03T11:16:15.195457Z DEBUG ThreadId(02) hotstuff_runner::smrol::sequencing: ðŸ“¡ [Sequencing] Line 2:15 node=2 forwarded sequence 1 vc to PNFIFO slot 1
2025-10-03T11:16:15.196329Z DEBUG ThreadId(09) hotstuff_runner::smrol::pnfifo: ðŸŽ« [FIFO] Node 2 acquired permit for Leader 2 Slot 1
2025-10-03T11:16:15.196977Z DEBUG ThreadId(09) hotstuff_runner::smrol::pnfifo: ðŸ‡ºðŸ‡³ [FLAG_s] Flag_2 set to true at slot 1 (proposal line 6)
2025-10-03T11:16:15.197215Z DEBUG ThreadId(09) hotstuff_runner::smrol::pnfifo: ðŸ—³ï¸ [PNFIFO-BC] Node 2 VOTE for slot 1 leader 2
2025-10-03T11:16:15.197313Z DEBUG ThreadId(09) hotstuff_runner::smrol::pnfifo: ðŸ“¥ [PNFIFO-BC] Node 2 æ”¶åˆ°æ¥è‡ª 3 çš„PROPOSAL, slot: 1
2025-10-03T11:16:15.197437Z DEBUG ThreadId(09) hotstuff_runner::smrol::pnfifo: ðŸŽ« [FIFO] Node 2 acquired permit for Leader 3 Slot 1
2025-10-03T11:16:15.197698Z DEBUG ThreadId(09) hotstuff_runner::smrol::pnfifo: ðŸ‡ºðŸ‡³ [FLAG_s] Flag_3 set to true at slot 1 (proposal line 6)
2025-10-03T11:16:15.197893Z DEBUG ThreadId(09) hotstuff_runner::smrol::pnfifo: ðŸ—³ï¸ [PNFIFO-BC] Node 2 VOTE for slot 1 leader 3
2025-10-03T11:16:15.198255Z DEBUG ThreadId(09) hotstuff_runner::smrol::pnfifo: ðŸ—³ï¸ [PNFIFO-BC] Node 2 æ”¶åˆ°æ¥è‡ª 0 çš„VOTE, slot: 1
2025-10-03T11:16:15.198436Z DEBUG ThreadId(09) hotstuff_runner::smrol::pnfifo: âœ… [PNFIFO-BC] Node 2 æŽ¥å—æ¥è‡ª 0 çš„æœ‰æ•ˆVOTE, å½“å‰ç¥¨æ•°: 1/3
2025-10-03T11:16:15.200069Z DEBUG ThreadId(09) hotstuff_runner::smrol::pnfifo: ðŸ§© [PNFIFO-BC] Node 2 slot 1 awaiting more votes (have 1 need 3)
2025-10-03T11:16:15.200663Z DEBUG ThreadId(09) hotstuff_runner::smrol::pnfifo: ðŸ—³ï¸ [PNFIFO-BC] Node 2 æ”¶åˆ°æ¥è‡ª 2 çš„VOTE, slot: 1
2025-10-03T11:16:15.201211Z DEBUG ThreadId(09) hotstuff_runner::smrol::pnfifo: âœ… [PNFIFO-BC] Node 2 æŽ¥å—æ¥è‡ª 2 çš„æœ‰æ•ˆVOTE, å½“å‰ç¥¨æ•°: 2/3
2025-10-03T11:16:15.201425Z DEBUG ThreadId(09) hotstuff_runner::smrol::pnfifo: ðŸ§© [PNFIFO-BC] Node 2 slot 1 awaiting more votes (have 2 need 3)
2025-10-03T11:16:15.204035Z DEBUG ThreadId(09) hotstuff_runner::smrol::pnfifo: ðŸ“¥ [PNFIFO-BC] Node 2 æ”¶åˆ°æ¥è‡ª 1 çš„PROPOSAL, slot: 1
2025-10-03T11:16:15.205872Z DEBUG ThreadId(09) hotstuff_runner::smrol::pnfifo: ðŸŽ« [FIFO] Node 2 acquired permit for Leader 1 Slot 1
2025-10-03T11:16:15.206046Z DEBUG ThreadId(09) hotstuff_runner::smrol::pnfifo: ðŸ‡ºðŸ‡³ [FLAG_s] Flag_1 set to true at slot 1 (proposal line 6)
2025-10-03T11:16:15.206167Z DEBUG ThreadId(09) hotstuff_runner::smrol::pnfifo: ðŸ—³ï¸ [PNFIFO-BC] Node 2 VOTE for slot 1 leader 1
2025-10-03T11:16:15.206293Z DEBUG ThreadId(09) hotstuff_runner::smrol::pnfifo: ðŸ—³ï¸ [PNFIFO-BC] Node 2 æ”¶åˆ°æ¥è‡ª 3 çš„VOTE, slot: 1
2025-10-03T11:16:15.206547Z DEBUG ThreadId(09) hotstuff_runner::smrol::pnfifo: âœ… [PNFIFO-BC] Node 2 æŽ¥å—æ¥è‡ª 3 çš„æœ‰æ•ˆVOTE, å½“å‰ç¥¨æ•°: 3/3
2025-10-03T11:16:15.206748Z  INFO ThreadId(09) hotstuff_runner::smrol::pnfifo: ðŸŽ¯ [PNFIFO-BC] Node 2 slot 1 è¾¾åˆ°é˜ˆå€¼, å‡†å¤‡finalize
2025-10-03T11:16:15.206824Z DEBUG ThreadId(09) hotstuff_runner::smrol::pnfifo: ðŸ” [PNFIFO-BC] Node 2 slot 1 collected votes from [2, 3, 0]
2025-10-03T11:16:15.206951Z DEBUG ThreadId(09) hotstuff_runner::smrol::pnfifo: âœ… [PNFIFO-BC] Node 2 å¹¿æ’­slot 1 FINAL as leader (line 13)
2025-10-03T11:16:15.207037Z DEBUG ThreadId(09) hotstuff_runner::smrol::pnfifo: ðŸ—³ï¸ [PNFIFO-BC] Node 2 æ”¶åˆ°æ¥è‡ª 1 çš„VOTE, slot: 1
2025-10-03T11:16:15.207979Z DEBUG ThreadId(09) hotstuff_runner::smrol::pnfifo: â™»ï¸ [PNFIFO-BC] Node 2 slot 1 å·²å¹¿æ’­è¿‡FINALï¼Œå¿½ç•¥é‡å¤é˜ˆå€¼
2025-10-03T11:16:15.208033Z DEBUG ThreadId(09) hotstuff_runner::smrol::pnfifo: ðŸ [PNFIFO-BC] Node 2 æ”¶åˆ°æ¥è‡ª 2 çš„FINAL, slot: 1 (line 14)
2025-10-03T11:16:15.208419Z DEBUG ThreadId(09) hotstuff_runner::smrol::pnfifo: ðŸ [PNFIFO-BC] å­˜å‚¨ Leader 2 slot 1 çš„è¾“å‡º
2025-10-03T11:16:15.208619Z DEBUG ThreadId(09) hotstuff_runner::smrol::pnfifo: ðŸ‡ºðŸ‡³ [FLAG_s] Flag_2 set to false at slot 1 (final)
2025-10-03T11:16:15.215330Z DEBUG ThreadId(09) hotstuff_runner::smrol::pnfifo: ðŸ [PNFIFO-BC] Node 2 æ”¶åˆ°æ¥è‡ª 3 çš„FINAL, slot: 1 (line 14)
2025-10-03T11:16:15.216138Z DEBUG ThreadId(09) hotstuff_runner::smrol::pnfifo: ðŸ [PNFIFO-BC] å­˜å‚¨ Leader 3 slot 1 çš„è¾“å‡º
2025-10-03T11:16:15.216204Z DEBUG ThreadId(09) hotstuff_runner::smrol::pnfifo: ðŸ‡ºðŸ‡³ [FLAG_s] Flag_3 set to false at slot 1 (final)
2025-10-03T11:16:15.216366Z DEBUG ThreadId(09) hotstuff_runner::smrol::pnfifo: ðŸ [PNFIFO-BC] Node 2 æ”¶åˆ°æ¥è‡ª 1 çš„FINAL, slot: 1 (line 14)
2025-10-03T11:16:15.217105Z DEBUG ThreadId(09) hotstuff_runner::smrol::pnfifo: ðŸ [PNFIFO-BC] å­˜å‚¨ Leader 1 slot 1 çš„è¾“å‡º
2025-10-03T11:16:15.217273Z DEBUG ThreadId(09) hotstuff_runner::smrol::pnfifo: ðŸ‡ºðŸ‡³ [FLAG_s] Flag_1 set to false at slot 1 (final)
2025-10-03T11:16:15.239567Z DEBUG ThreadId(07) hotstuff_runner::smrol::sequencing: ðŸ“¥ [Sequencing] æ”¶åˆ°æ¥è‡ª Node 0 çš„SEQ-ORDER
2025-10-03T11:16:15.324078Z  INFO ThreadId(07) hotstuff_runner::smrol::sequencing: âœ… [Sequencing] Verified SEQ-ORDER from Node 0 with median sequence 1
2025-10-03T11:16:15.324191Z DEBUG ThreadId(07) hotstuff_runner::smrol::sequencing: ðŸ“Š [Sequencing] node=2 seq_order vc=403167f79faea4a2 median=1 records=[1, 1, 1]
2025-10-03T11:16:15.339628Z DEBUG ThreadId(09) hotstuff_runner::smrol::sequencing: ðŸ“¥ [Sequencing] æ”¶åˆ°SEQ-FINALæ¶ˆæ¯
2025-10-03T11:16:15.357783Z  WARN ThreadId(06) docker_node:   Connection reuse ineffective (1.0 msg/conn)
2025-10-03T11:16:15.362869Z DEBUG ThreadId(07) hotstuff_runner::smrol::consensus: [Consensus] received vote epoch=1 from 0
2025-10-03T11:16:15.364116Z DEBUG ThreadId(07) hotstuff_runner::smrol::consensus: [Consensus] received proposal epoch=1 from 1
2025-10-03T11:16:15.366835Z DEBUG ThreadId(07) hotstuff_runner::smrol::consensus: [Consensus] received vote epoch=1 from 1
2025-10-03T11:16:15.368930Z  INFO ThreadId(09) hotstuff_runner::smrol::sequencing: âœ… [Sequencing] Finalized VC forwarded to consensus: vc_len=32, s_tx=1
2025-10-03T11:16:15.370572Z DEBUG ThreadId(07) hotstuff_runner::smrol::consensus: [Consensus] received vote epoch=1 from 1
2025-10-03T11:16:15.370881Z DEBUG ThreadId(09) hotstuff_runner::smrol::sequencing: ðŸŽ¯ [Sequencing] node=2 finalizing vc=403167f79faea4a2 s_tx=1
2025-10-03T11:16:15.372078Z DEBUG ThreadId(07) hotstuff_runner::smrol::consensus: [Consensus] received vote epoch=1 from 2
2025-10-03T11:16:15.372339Z  INFO ThreadId(07) hotstuff_runner::smrol::consensus: [Consensus] epoch=1 reached quorum 3/3
2025-10-03T11:16:15.372898Z  INFO ThreadId(07) hotstuff_runner::smrol::consensus: [Consensus] node=2 epoch=1 output received
2025-10-03T11:16:15.373281Z DEBUG ThreadId(07) hotstuff_runner::smrol::finalization: ðŸ”„ [Finalization] Starting epoch 1 finalization
2025-10-03T11:16:15.373437Z  INFO ThreadId(07) hotstuff_runner::smrol::finalization: âœ… [Finalization] Epoch 1 finalized with 0 transactions
2025-10-03T11:16:15.373734Z DEBUG ThreadId(07) hotstuff_runner::smrol::manager: ðŸ§® [SMROL] ç™»è®°Sequencingè¾“å‡º, add to M_i: epoch=2 vc_bytes=32 s_tx=1 pending=1 K=1
2025-10-03T11:16:15.374041Z DEBUG ThreadId(07) hotstuff_runner::smrol::consensus: [Consensus] received vote epoch=1 from 3
2025-10-03T11:16:15.375103Z  INFO ThreadId(07) hotstuff_runner::smrol::consensus: [Consensus] epoch=1 reached quorum 4/3
2025-10-03T11:16:15.375346Z  INFO ThreadId(07) hotstuff_runner::smrol::consensus: [Consensus] node=2 epoch=1 output received
2025-10-03T11:16:15.375439Z DEBUG ThreadId(07) hotstuff_runner::smrol::finalization: ðŸ”„ [Finalization] Starting epoch 1 finalization
2025-10-03T11:16:15.375616Z  INFO ThreadId(07) hotstuff_runner::smrol::finalization: âœ… [Finalization] Epoch 1 finalized with 0 transactions
2025-10-03T11:16:15.375815Z  INFO ThreadId(07) hotstuff_runner::smrol::manager: ðŸ›ï¸ [SMROL] Starting consensus and finalization for epoch 2
2025-10-03T11:16:15.376052Z  INFO ThreadId(07) hotstuff_runner::smrol::consensus: ðŸ›ï¸ [Consensus] node=2 start epoch=2
2025-10-03T11:16:15.376235Z DEBUG ThreadId(07) hotstuff_runner::smrol::consensus: [Consensus] node=2 epoch=2 prepared M=1 S=3 h_e=1
2025-10-03T11:16:15.376487Z  INFO ThreadId(07) hotstuff_runner::smrol::consensus: [Consensus] node=2 invoke epoch=2
2025-10-03T11:16:15.376635Z  INFO ThreadId(07) hotstuff_runner::smrol::adapter: ðŸ“¤ [SMROLâ†’HotStuff] delivered 1 transactions for epoch 2
2025-10-03T11:16:15.376815Z DEBUG ThreadId(07) hotstuff_runner::smrol::consensus: [Consensus] node=2 epoch=2 emitted SMROL ordering for [1]
2025-10-03T11:16:15.377138Z DEBUG ThreadId(07) hotstuff_runner::smrol::consensus: [Consensus] ðŸš€ node=2 epoch=2 pushed transaction smrol:1:1:eve->david:34214 to HotStuff
2025-10-03T11:16:15.378991Z  INFO ThreadId(07) hotstuff_runner::smrol::manager: âœ… [SMROL] Epoch 2 finalized and delivered to HotStuff (0 txs)
2025-10-03T11:16:15.379057Z DEBUG ThreadId(09) hotstuff_runner::smrol::consensus: [Consensus] received proposal epoch=2 from 2
2025-10-03T11:16:15.379780Z DEBUG ThreadId(09) hotstuff_runner::smrol::consensus: [Consensus] received vote epoch=2 from 1
2025-10-03T11:16:15.379901Z DEBUG ThreadId(09) hotstuff_runner::smrol::consensus: [Consensus] received vote epoch=2 from 2
2025-10-03T11:16:15.380043Z DEBUG ThreadId(09) hotstuff_runner::smrol::consensus: [Consensus] received vote epoch=2 from 2
2025-10-03T11:16:15.380180Z DEBUG ThreadId(09) hotstuff_runner::smrol::consensus: [Consensus] received vote epoch=2 from 0
2025-10-03T11:16:15.380406Z  INFO ThreadId(09) hotstuff_runner::smrol::consensus: [Consensus] epoch=2 reached quorum 3/3
2025-10-03T11:16:15.380557Z  INFO ThreadId(09) hotstuff_runner::smrol::consensus: [Consensus] node=2 epoch=2 output received
2025-10-03T11:16:15.380683Z DEBUG ThreadId(09) hotstuff_runner::smrol::finalization: ðŸ”„ [Finalization] Starting epoch 2 finalization
2025-10-03T11:16:15.381771Z  INFO ThreadId(09) hotstuff_runner::smrol::finalization: ðŸ“¦ [Finalization] Delivering 1 transactions for epoch 2
2025-10-03T11:16:15.382410Z DEBUG ThreadId(09) hotstuff_runner::smrol::finalization:   ðŸ“„ Transaction 1: smrol:1:1:eve->david:34214
2025-10-03T11:16:15.382866Z  INFO ThreadId(09) hotstuff_runner::smrol::finalization: âœ… [Finalization] Epoch 2 finalized with 1 transactions
2025-10-03T11:16:15.383070Z DEBUG ThreadId(09) hotstuff_runner::smrol::consensus: [Consensus] received proposal epoch=2 from 3
2025-10-03T11:16:15.383515Z DEBUG ThreadId(09) hotstuff_runner::smrol::consensus: [Consensus] received vote epoch=2 from 3
2025-10-03T11:16:15.383686Z  INFO ThreadId(09) hotstuff_runner::smrol::consensus: [Consensus] epoch=2 reached quorum 4/3
2025-10-03T11:16:15.383935Z  INFO ThreadId(09) hotstuff_runner::smrol::consensus: [Consensus] node=2 epoch=2 output received
2025-10-03T11:16:15.384089Z DEBUG ThreadId(09) hotstuff_runner::smrol::finalization: ðŸ”„ [Finalization] Starting epoch 2 finalization
2025-10-03T11:16:15.384362Z  INFO ThreadId(09) hotstuff_runner::smrol::finalization: ðŸ“¦ [Finalization] Delivering 2 transactions for epoch 2
2025-10-03T11:16:15.384576Z DEBUG ThreadId(09) hotstuff_runner::smrol::finalization:   ðŸ“„ Transaction 1: smrol:1:1:eve->david:34214
2025-10-03T11:16:15.384871Z DEBUG ThreadId(09) hotstuff_runner::smrol::finalization:   ðŸ“„ Transaction 2: smrol:1:1:eve->david:34214
2025-10-03T11:16:15.385133Z  INFO ThreadId(09) hotstuff_runner::smrol::finalization: âœ… [Finalization] Epoch 2 finalized with 2 transactions
2025-10-03T11:16:15.385377Z DEBUG ThreadId(09) hotstuff_runner::smrol::consensus: [Consensus] received vote epoch=2 from 3
2025-10-03T11:16:15.386029Z  INFO ThreadId(09) hotstuff_runner::smrol::consensus: [Consensus] epoch=2 reached quorum 4/3
2025-10-03T11:16:15.386212Z  INFO ThreadId(09) hotstuff_runner::smrol::consensus: [Consensus] node=2 epoch=2 output received
2025-10-03T11:16:15.386484Z DEBUG ThreadId(09) hotstuff_runner::smrol::finalization: ðŸ”„ [Finalization] Starting epoch 2 finalization
2025-10-03T11:16:15.386636Z  INFO ThreadId(09) hotstuff_runner::smrol::finalization: ðŸ“¦ [Finalization] Delivering 3 transactions for epoch 2
2025-10-03T11:16:15.386796Z DEBUG ThreadId(09) hotstuff_runner::smrol::finalization:   ðŸ“„ Transaction 1: smrol:1:1:eve->david:34214
2025-10-03T11:16:15.387332Z DEBUG ThreadId(09) hotstuff_runner::smrol::finalization:   ðŸ“„ Transaction 2: smrol:1:1:eve->david:34214
2025-10-03T11:16:15.387791Z DEBUG ThreadId(09) hotstuff_runner::smrol::finalization:   ðŸ“„ Transaction 3: smrol:1:1:eve->david:34214
2025-10-03T11:16:15.388049Z  INFO ThreadId(09) hotstuff_runner::smrol::finalization: âœ… [Finalization] Epoch 2 finalized with 3 transactions
2025-10-03T11:16:15.388253Z DEBUG ThreadId(09) hotstuff_runner::smrol::consensus: [Consensus] received vote epoch=2 from 1
2025-10-03T11:16:15.388465Z  INFO ThreadId(09) hotstuff_runner::smrol::consensus: [Consensus] epoch=2 reached quorum 4/3
2025-10-03T11:16:15.388662Z  INFO ThreadId(09) hotstuff_runner::smrol::consensus: [Consensus] node=2 epoch=2 output received
2025-10-03T11:16:15.389246Z DEBUG ThreadId(09) hotstuff_runner::smrol::finalization: ðŸ”„ [Finalization] Starting epoch 2 finalization
2025-10-03T11:16:15.389472Z  INFO ThreadId(09) hotstuff_runner::smrol::finalization: ðŸ“¦ [Finalization] Delivering 4 transactions for epoch 2
2025-10-03T11:16:15.389543Z DEBUG ThreadId(09) hotstuff_runner::smrol::finalization:   ðŸ“„ Transaction 1: smrol:1:1:eve->david:34214
2025-10-03T11:16:15.389810Z DEBUG ThreadId(09) hotstuff_runner::smrol::finalization:   ðŸ“„ Transaction 2: smrol:1:1:eve->david:34214
2025-10-03T11:16:15.390035Z DEBUG ThreadId(09) hotstuff_runner::smrol::finalization:   ðŸ“„ Transaction 3: smrol:1:1:eve->david:34214
2025-10-03T11:16:15.390603Z DEBUG ThreadId(09) hotstuff_runner::smrol::finalization:   ðŸ“„ Transaction 4: smrol:1:1:eve->david:34214
2025-10-03T11:16:15.390832Z  INFO ThreadId(09) hotstuff_runner::smrol::finalization: âœ… [Finalization] Epoch 2 finalized with 4 transactions
2025-10-03T11:16:15.391026Z DEBUG ThreadId(09) hotstuff_runner::smrol::consensus: [Consensus] received vote epoch=2 from 2
2025-10-03T11:16:15.391568Z  INFO ThreadId(09) hotstuff_runner::smrol::consensus: [Consensus] epoch=2 reached quorum 4/3
2025-10-03T11:16:15.391725Z  INFO ThreadId(09) hotstuff_runner::smrol::consensus: [Consensus] node=2 epoch=2 output received
2025-10-03T11:16:15.392038Z DEBUG ThreadId(09) hotstuff_runner::smrol::finalization: ðŸ”„ [Finalization] Starting epoch 2 finalization
2025-10-03T11:16:15.392108Z  INFO ThreadId(09) hotstuff_runner::smrol::finalization: ðŸ“¦ [Finalization] Delivering 5 transactions for epoch 2
2025-10-03T11:16:15.392725Z DEBUG ThreadId(09) hotstuff_runner::smrol::finalization:   ðŸ“„ Transaction 1: smrol:1:1:eve->david:34214
2025-10-03T11:16:15.392848Z DEBUG ThreadId(09) hotstuff_runner::smrol::finalization:   ðŸ“„ Transaction 2: smrol:1:1:eve->david:34214
2025-10-03T11:16:15.393282Z DEBUG ThreadId(09) hotstuff_runner::smrol::finalization:   ðŸ“„ Transaction 3: smrol:1:1:eve->david:34214
2025-10-03T11:16:15.393392Z DEBUG ThreadId(09) hotstuff_runner::smrol::finalization:   ðŸ“„ Transaction 4: smrol:1:1:eve->david:34214
2025-10-03T11:16:15.393526Z DEBUG ThreadId(09) hotstuff_runner::smrol::finalization:   ðŸ“„ Transaction 5: smrol:1:1:eve->david:34214
2025-10-03T11:16:15.393653Z  INFO ThreadId(09) hotstuff_runner::smrol::finalization: âœ… [Finalization] Epoch 2 finalized with 5 transactions
2025-10-03T11:16:15.393821Z DEBUG ThreadId(09) hotstuff_runner::smrol::consensus: [Consensus] received vote epoch=2 from 0
2025-10-03T11:16:15.393971Z  INFO ThreadId(09) hotstuff_runner::smrol::consensus: [Consensus] epoch=2 reached quorum 4/3
2025-10-03T11:16:15.394065Z  INFO ThreadId(09) hotstuff_runner::smrol::consensus: [Consensus] node=2 epoch=2 output received
2025-10-03T11:16:15.394220Z DEBUG ThreadId(09) hotstuff_runner::smrol::finalization: ðŸ”„ [Finalization] Starting epoch 2 finalization
2025-10-03T11:16:15.394462Z  INFO ThreadId(09) hotstuff_runner::smrol::finalization: ðŸ“¦ [Finalization] Delivering 6 transactions for epoch 2
2025-10-03T11:16:15.394703Z DEBUG ThreadId(09) hotstuff_runner::smrol::finalization:   ðŸ“„ Transaction 1: smrol:1:1:eve->david:34214
2025-10-03T11:16:15.394999Z DEBUG ThreadId(09) hotstuff_runner::smrol::finalization:   ðŸ“„ Transaction 2: smrol:1:1:eve->david:34214
2025-10-03T11:16:15.395195Z DEBUG ThreadId(06) hotstuff_runner::smrol::sequencing: ðŸ“¥ [Sequencing] æ”¶åˆ°SEQ-FINALæ¶ˆæ¯
2025-10-03T11:16:15.395204Z DEBUG ThreadId(09) hotstuff_runner::smrol::finalization:   ðŸ“„ Transaction 3: smrol:1:1:eve->david:34214
2025-10-03T11:16:15.399037Z DEBUG ThreadId(09) hotstuff_runner::smrol::finalization:   ðŸ“„ Transaction 4: smrol:1:1:eve->david:34214
2025-10-03T11:16:15.399684Z DEBUG ThreadId(09) hotstuff_runner::smrol::finalization:   ðŸ“„ Transaction 5: smrol:1:1:eve->david:34214
2025-10-03T11:16:15.399762Z DEBUG ThreadId(09) hotstuff_runner::smrol::finalization:   ðŸ“„ Transaction 6: smrol:1:1:eve->david:34214
2025-10-03T11:16:15.399858Z  INFO ThreadId(09) hotstuff_runner::smrol::finalization: âœ… [Finalization] Epoch 2 finalized with 6 transactions
2025-10-03T11:16:15.399964Z DEBUG ThreadId(09) hotstuff_runner::smrol::consensus: [Consensus] received vote epoch=2 from 3
2025-10-03T11:16:15.400291Z  INFO ThreadId(09) hotstuff_runner::smrol::consensus: [Consensus] epoch=2 reached quorum 4/3
2025-10-03T11:16:15.400339Z  INFO ThreadId(09) hotstuff_runner::smrol::consensus: [Consensus] node=2 epoch=2 output received
2025-10-03T11:16:15.400427Z DEBUG ThreadId(09) hotstuff_runner::smrol::finalization: ðŸ”„ [Finalization] Starting epoch 2 finalization
2025-10-03T11:16:15.400507Z  INFO ThreadId(09) hotstuff_runner::smrol::finalization: ðŸ“¦ [Finalization] Delivering 7 transactions for epoch 2
2025-10-03T11:16:15.400570Z DEBUG ThreadId(09) hotstuff_runner::smrol::finalization:   ðŸ“„ Transaction 1: smrol:1:1:eve->david:34214
2025-10-03T11:16:15.400669Z DEBUG ThreadId(09) hotstuff_runner::smrol::finalization:   ðŸ“„ Transaction 2: smrol:1:1:eve->david:34214
2025-10-03T11:16:15.400718Z DEBUG ThreadId(09) hotstuff_runner::smrol::finalization:   ðŸ“„ Transaction 3: smrol:1:1:eve->david:34214
2025-10-03T11:16:15.403286Z DEBUG ThreadId(09) hotstuff_runner::smrol::finalization:   ðŸ“„ Transaction 4: smrol:1:1:eve->david:34214
2025-10-03T11:16:15.403437Z DEBUG ThreadId(09) hotstuff_runner::smrol::finalization:   ðŸ“„ Transaction 5: smrol:1:1:eve->david:34214
2025-10-03T11:16:15.403686Z DEBUG ThreadId(09) hotstuff_runner::smrol::finalization:   ðŸ“„ Transaction 6: smrol:1:1:eve->david:34214
2025-10-03T11:16:15.403838Z DEBUG ThreadId(09) hotstuff_runner::smrol::finalization:   ðŸ“„ Transaction 7: smrol:1:1:eve->david:34214
2025-10-03T11:16:15.403914Z  INFO ThreadId(09) hotstuff_runner::smrol::finalization: âœ… [Finalization] Epoch 2 finalized with 7 transactions
2025-10-03T11:16:15.412788Z DEBUG ThreadId(09) hotstuff_runner::smrol::consensus: [Consensus] received proposal epoch=3 from 0
2025-10-03T11:16:15.412811Z DEBUG ThreadId(02) hotstuff_runner::smrol::pnfifo: ðŸ“¥ [PNFIFO-BC] Node 2 æ”¶åˆ°æ¥è‡ª 0 çš„PROPOSAL, slot: 1
2025-10-03T11:16:15.413025Z DEBUG ThreadId(09) hotstuff_runner::smrol::consensus: [Consensus] received vote epoch=3 from 0
2025-10-03T11:16:15.413028Z DEBUG ThreadId(02) hotstuff_runner::smrol::pnfifo: ðŸŽ« [FIFO] Node 2 acquired permit for Leader 0 Slot 1
2025-10-03T11:16:15.413304Z DEBUG ThreadId(09) hotstuff_runner::smrol::consensus: [Consensus] received vote epoch=3 from 0
2025-10-03T11:16:15.413480Z DEBUG ThreadId(09) hotstuff_runner::smrol::consensus: [Consensus] received vote epoch=3 from 3
2025-10-03T11:16:15.413554Z DEBUG ThreadId(09) hotstuff_runner::smrol::consensus: [Consensus] received vote epoch=3 from 1
2025-10-03T11:16:15.413614Z  INFO ThreadId(09) hotstuff_runner::smrol::consensus: [Consensus] epoch=3 reached quorum 3/3
2025-10-03T11:16:15.413663Z  INFO ThreadId(09) hotstuff_runner::smrol::consensus: [Consensus] node=2 epoch=3 output received
2025-10-03T11:16:15.413704Z DEBUG ThreadId(09) hotstuff_runner::smrol::finalization: ðŸ”„ [Finalization] Starting epoch 3 finalization
2025-10-03T11:16:15.413344Z DEBUG ThreadId(02) hotstuff_runner::smrol::pnfifo: ðŸ‡ºðŸ‡³ [FLAG_s] Flag_0 set to true at slot 1 (proposal line 6)
2025-10-03T11:16:15.413770Z  INFO ThreadId(09) hotstuff_runner::smrol::finalization: âœ… [Finalization] Epoch 3 finalized with 0 transactions
2025-10-03T11:16:15.413906Z DEBUG ThreadId(02) hotstuff_runner::smrol::pnfifo: ðŸ—³ï¸ [PNFIFO-BC] Node 2 VOTE for slot 1 leader 0
2025-10-03T11:16:15.413912Z DEBUG ThreadId(09) hotstuff_runner::smrol::consensus: [Consensus] received vote epoch=3 from 2
2025-10-03T11:16:15.414010Z  INFO ThreadId(09) hotstuff_runner::smrol::consensus: [Consensus] epoch=3 reached quorum 4/3
2025-10-03T11:16:15.414062Z  INFO ThreadId(09) hotstuff_runner::smrol::consensus: [Consensus] node=2 epoch=3 output received
2025-10-03T11:16:15.414111Z DEBUG ThreadId(09) hotstuff_runner::smrol::finalization: ðŸ”„ [Finalization] Starting epoch 3 finalization
2025-10-03T11:16:15.414200Z  INFO ThreadId(09) hotstuff_runner::smrol::finalization: âœ… [Finalization] Epoch 3 finalized with 0 transactions
2025-10-03T11:16:15.427765Z DEBUG ThreadId(06) hotstuff_runner::smrol::sequencing: â„¹ï¸ [Sequencing] SEQ-FINAL vc=403167f79faea4a2 already finalized, ignoring
2025-10-03T11:16:15.427883Z DEBUG ThreadId(06) hotstuff_runner::smrol::pnfifo: ðŸ [PNFIFO-BC] Node 2 æ”¶åˆ°æ¥è‡ª 0 çš„FINAL, slot: 1 (line 14)
2025-10-03T11:16:15.428214Z DEBUG ThreadId(06) hotstuff_runner::smrol::pnfifo: ðŸ [PNFIFO-BC] å­˜å‚¨ Leader 0 slot 1 çš„è¾“å‡º
2025-10-03T11:16:15.428281Z DEBUG ThreadId(06) hotstuff_runner::smrol::pnfifo: ðŸ‡ºðŸ‡³ [FLAG_s] Flag_0 set to false at slot 1 (final)
2025-10-03T11:16:15.489772Z  WARN ThreadId(20) hotstuff_runner::app: Node 2 [produce_block] å½“å‰é˜Ÿåˆ—å¤§å°: 1, æœ¬åŒºå—å°†å°è¯•èŽ·å–æœ€å¤š 1 ä¸ªäº¤æ˜“    
2025-10-03T11:16:15.492804Z  WARN ThreadId(20) hotstuff_runner::app: Node 2 [produce_block] ðŸ”¨ ä»Žé˜Ÿåˆ—èŽ·å–äº¤æ˜“: smrol:1:1:eve->david:34214    
2025-10-03T11:16:15.651077Z  WARN ThreadId(02) docker_node: [Event received] Node 2 HotStuffCommitted: block_height=73, tx_ids=[1]
2025-10-03T11:16:15.709303Z  WARN ThreadId(07) docker_node: [Event received] Node 2 HotStuffCommitted: block_height=74, tx_ids=[1]
2025-10-03T11:16:15.724559Z  WARN ThreadId(07) docker_node: [Event received] Node 2 HotStuffCommitted: block_height=75, tx_ids=[1]
2025-10-03T11:16:15.828908Z  WARN ThreadId(02) docker_node: [Event received] Node 2 HotStuffCommitted: block_height=76, tx_ids=[1]
2025-10-03T11:16:20.358145Z  WARN ThreadId(09) docker_node:   Connection reuse ineffective (1.0 msg/conn)
2025-10-03T11:16:25.357796Z  WARN ThreadId(02) docker_node:   Connection reuse ineffective (1.0 msg/conn)
2025-10-03T11:16:30.357798Z  WARN ThreadId(09) docker_node:   Connection reuse ineffective (1.0 msg/conn)
2025-10-03T11:16:35.358785Z  WARN ThreadId(02) docker_node:   Connection reuse ineffective (1.0 msg/conn)
2025-10-03T11:16:40.357817Z  WARN ThreadId(07) docker_node:   Connection reuse ineffective (1.0 msg/conn)
2025-10-03T11:16:45.369181Z  WARN ThreadId(07) docker_node:   Connection reuse ineffective (1.0 msg/conn)
2025-10-03T11:16:50.359457Z  WARN ThreadId(07) docker_node:   Connection reuse ineffective (1.0 msg/conn)
2025-10-03T11:16:55.358376Z  WARN ThreadId(09) docker_node:   Connection reuse ineffective (1.0 msg/conn)
2025-10-03T11:17:00.360213Z  WARN ThreadId(07) docker_node:   Connection reuse ineffective (1.0 msg/conn)
2025-10-03T11:17:05.359535Z  WARN ThreadId(09) docker_node:   Connection reuse ineffective (1.0 msg/conn)
2025-10-03T11:17:10.359426Z  WARN ThreadId(09) docker_node:   Connection reuse ineffective (1.0 msg/conn)
2025-10-03T11:17:15.359931Z  WARN ThreadId(07) docker_node:   Connection reuse ineffective (1.0 msg/conn)
2025-10-03T11:17:20.360022Z  WARN ThreadId(07) docker_node:   Connection reuse ineffective (1.0 msg/conn)
2025-10-03T11:17:25.358932Z  WARN ThreadId(09) docker_node:   Connection reuse ineffective (1.0 msg/conn)
2025-10-03T11:17:30.359384Z  WARN ThreadId(09) docker_node:   Connection reuse ineffective (1.0 msg/conn)
2025-10-03T11:17:35.372110Z  WARN ThreadId(07) docker_node:   Connection reuse ineffective (1.0 msg/conn)
2025-10-03T11:17:40.360026Z  WARN ThreadId(02) docker_node:   Connection reuse ineffective (1.0 msg/conn)
2025-10-03T11:17:45.358445Z  WARN ThreadId(02) docker_node:   Connection reuse ineffective (1.0 msg/conn)
2025-10-03T11:17:50.358414Z  WARN ThreadId(02) docker_node:   Connection reuse ineffective (1.0 msg/conn)
2025-10-03T11:17:55.358283Z  WARN ThreadId(09) docker_node:   Connection reuse ineffective (1.0 msg/conn)
2025-10-03T11:18:00.357385Z  WARN ThreadId(09) docker_node:   Connection reuse ineffective (1.0 msg/conn)
2025-10-03T11:18:05.357457Z  WARN ThreadId(07) docker_node:   Connection reuse ineffective (1.0 msg/conn)
2025-10-03T11:18:10.358268Z  WARN ThreadId(07) docker_node:   Connection reuse ineffective (1.0 msg/conn)
2025-10-03T11:18:15.362512Z  WARN ThreadId(07) docker_node:   Connection reuse ineffective (1.0 msg/conn)
2025-10-03T11:18:20.362651Z  WARN ThreadId(07) docker_node:   Connection reuse ineffective (1.0 msg/conn)
