2025-11-07T03:07:57.767172Z  WARN ThreadId(01) hotstuff_runner::telemetry: Prometheus metrics exporter started ✅ listen_addr=0.0.0.0:9900
2025-11-07T03:07:57.768112Z  WARN ThreadId(01) hotstuff_runner::telemetry: ✅ wrote smrol.node_up=1 (boot) node_id=0
2025-11-07T03:08:17.972663Z  WARN ThreadId(01) hotstuff_runner::tcp_node: Node 0 view timeout set to 3000 ms
2025-11-07T03:08:17.978692Z ERROR ThreadId(23) hotstuff_runner::pompe_network: Node 0 failed to connect to node 2: Connection refused (os error 111)
2025-11-07T03:08:17.978916Z ERROR ThreadId(23) hotstuff_runner::pompe_network: Node 0 failed to connect to node 3: Connection refused (os error 111)
2025-11-07T03:08:17.979150Z ERROR ThreadId(22) hotstuff_runner::pompe_network: Node 0 failed to connect to node 4: Connection refused (os error 111)
2025-11-07T03:08:17.979358Z ERROR ThreadId(22) hotstuff_runner::pompe_network: Node 0 failed to connect to node 5: Connection refused (os error 111)
2025-11-07T03:08:17.979556Z ERROR ThreadId(22) hotstuff_runner::pompe_network: Node 0 failed to connect to node 6: Connection refused (os error 111)
2025-11-07T03:08:17.979982Z ERROR ThreadId(22) hotstuff_runner::pompe_network: Node 0 failed to connect to node 8: Connection refused (os error 111)
2025-11-07T03:08:17.980181Z ERROR ThreadId(22) hotstuff_runner::pompe_network: Node 0 failed to connect to node 9: Connection refused (os error 111)
2025-11-07T03:08:17.980390Z ERROR ThreadId(22) hotstuff_runner::pompe_network: Node 0 failed to connect to node 10: Connection refused (os error 111)
2025-11-07T03:08:17.980603Z ERROR ThreadId(22) hotstuff_runner::pompe_network: Node 0 failed to connect to node 11: Connection refused (os error 111)
2025-11-07T03:08:17.980804Z ERROR ThreadId(22) hotstuff_runner::pompe_network: Node 0 failed to connect to node 12: Connection refused (os error 111)
2025-11-07T03:08:17.980961Z ERROR ThreadId(22) hotstuff_runner::pompe_network: Node 0 failed to connect to node 13: Connection refused (os error 111)
2025-11-07T03:08:17.981148Z ERROR ThreadId(22) hotstuff_runner::pompe_network: Node 0 failed to connect to node 14: Connection refused (os error 111)
2025-11-07T03:08:17.981352Z ERROR ThreadId(22) hotstuff_runner::pompe_network: Node 0 failed to connect to node 15: Connection refused (os error 111)
2025-11-07T03:08:17.981522Z ERROR ThreadId(22) hotstuff_runner::pompe_network: Node 0 failed to connect to node 16: Connection refused (os error 111)
2025-11-07T03:08:17.981733Z ERROR ThreadId(22) hotstuff_runner::pompe_network: Node 0 failed to connect to node 17: Connection refused (os error 111)
2025-11-07T03:08:17.981923Z ERROR ThreadId(22) hotstuff_runner::pompe_network: Node 0 failed to connect to node 18: Connection refused (os error 111)
2025-11-07T03:08:17.982130Z ERROR ThreadId(22) hotstuff_runner::pompe_network: Node 0 failed to connect to node 19: Connection refused (os error 111)
2025-11-07T03:08:17.982333Z ERROR ThreadId(22) hotstuff_runner::pompe_network: Node 0 failed to connect to node 20: Connection refused (os error 111)
2025-11-07T03:08:17.982524Z ERROR ThreadId(22) hotstuff_runner::pompe_network: Node 0 failed to connect to node 21: Connection refused (os error 111)
2025-11-07T03:08:17.982693Z ERROR ThreadId(22) hotstuff_runner::pompe_network: Node 0 failed to connect to node 22: Connection refused (os error 111)
2025-11-07T03:08:17.982906Z ERROR ThreadId(22) hotstuff_runner::pompe_network: Node 0 failed to connect to node 23: Connection refused (os error 111)
2025-11-07T03:08:17.983104Z ERROR ThreadId(22) hotstuff_runner::pompe_network: Node 0 failed to connect to node 24: Connection refused (os error 111)
2025-11-07T03:08:17.983292Z ERROR ThreadId(22) hotstuff_runner::pompe_network: Node 0 failed to connect to node 25: Connection refused (os error 111)
2025-11-07T03:08:17.983469Z ERROR ThreadId(22) hotstuff_runner::pompe_network: Node 0 failed to connect to node 26: Connection refused (os error 111)
2025-11-07T03:08:17.983639Z ERROR ThreadId(22) hotstuff_runner::pompe_network: Node 0 failed to connect to node 27: Connection refused (os error 111)
2025-11-07T03:08:17.983803Z ERROR ThreadId(22) hotstuff_runner::pompe_network: Node 0 failed to connect to node 28: Connection refused (os error 111)
2025-11-07T03:08:17.984033Z ERROR ThreadId(22) hotstuff_runner::pompe_network: Node 0 failed to connect to node 29: Connection refused (os error 111)
2025-11-07T03:08:17.984234Z ERROR ThreadId(22) hotstuff_runner::pompe_network: Node 0 failed to connect to node 30: Connection refused (os error 111)
2025-11-07T03:08:17.984477Z ERROR ThreadId(22) hotstuff_runner::pompe_network: Node 0 failed to connect to node 31: Connection refused (os error 111)
2025-11-07T03:08:17.984651Z ERROR ThreadId(22) hotstuff_runner::pompe_network: Node 0 failed to connect to node 32: Connection refused (os error 111)
2025-11-07T03:08:17.984832Z ERROR ThreadId(22) hotstuff_runner::pompe_network: Node 0 failed to connect to node 33: Connection refused (os error 111)
2025-11-07T03:08:17.985032Z ERROR ThreadId(22) hotstuff_runner::pompe_network: Node 0 failed to connect to node 34: Connection refused (os error 111)
2025-11-07T03:08:17.985224Z ERROR ThreadId(22) hotstuff_runner::pompe_network: Node 0 failed to connect to node 35: Connection refused (os error 111)
2025-11-07T03:08:17.985598Z ERROR ThreadId(22) hotstuff_runner::pompe_network: Node 0 failed to connect to node 37: Connection refused (os error 111)
2025-11-07T03:08:17.985765Z ERROR ThreadId(22) hotstuff_runner::pompe_network: Node 0 failed to connect to node 38: Connection refused (os error 111)
2025-11-07T03:08:17.985950Z ERROR ThreadId(22) hotstuff_runner::pompe_network: Node 0 failed to connect to node 39: Connection refused (os error 111)
2025-11-07T03:08:17.986131Z ERROR ThreadId(22) hotstuff_runner::pompe_network: Node 0 failed to connect to node 40: Connection refused (os error 111)
2025-11-07T03:08:17.986338Z ERROR ThreadId(22) hotstuff_runner::pompe_network: Node 0 failed to connect to node 41: Connection refused (os error 111)
2025-11-07T03:08:17.986500Z ERROR ThreadId(22) hotstuff_runner::pompe_network: Node 0 failed to connect to node 42: Connection refused (os error 111)
2025-11-07T03:08:17.986723Z ERROR ThreadId(22) hotstuff_runner::pompe_network: Node 0 failed to connect to node 43: Connection refused (os error 111)
2025-11-07T03:08:17.986931Z ERROR ThreadId(22) hotstuff_runner::pompe_network: Node 0 failed to connect to node 44: Connection refused (os error 111)
2025-11-07T03:08:17.987080Z ERROR ThreadId(22) hotstuff_runner::pompe_network: Node 0 failed to connect to node 45: Connection refused (os error 111)
2025-11-07T03:08:17.987424Z ERROR ThreadId(22) hotstuff_runner::pompe_network: Node 0 failed to connect to node 47: Connection refused (os error 111)
2025-11-07T03:08:17.987614Z ERROR ThreadId(22) hotstuff_runner::pompe_network: Node 0 failed to connect to node 48: Connection refused (os error 111)
2025-11-07T03:08:17.987836Z ERROR ThreadId(22) hotstuff_runner::pompe_network: Node 0 failed to connect to node 49: Connection refused (os error 111)
2025-11-07T03:08:17.988221Z ERROR ThreadId(22) hotstuff_runner::pompe_network: Node 0 failed to connect to node 51: Connection refused (os error 111)
2025-11-07T03:08:17.988390Z ERROR ThreadId(22) hotstuff_runner::pompe_network: Node 0 failed to connect to node 52: Connection refused (os error 111)
2025-11-07T03:08:17.988555Z ERROR ThreadId(22) hotstuff_runner::pompe_network: Node 0 failed to connect to node 53: Connection refused (os error 111)
2025-11-07T03:08:17.988753Z ERROR ThreadId(22) hotstuff_runner::pompe_network: Node 0 failed to connect to node 54: Connection refused (os error 111)
2025-11-07T03:08:17.988924Z ERROR ThreadId(22) hotstuff_runner::pompe_network: Node 0 failed to connect to node 55: Connection refused (os error 111)
2025-11-07T03:08:17.989109Z ERROR ThreadId(22) hotstuff_runner::pompe_network: Node 0 failed to connect to node 56: Connection refused (os error 111)
2025-11-07T03:08:17.989437Z ERROR ThreadId(22) hotstuff_runner::pompe_network: Node 0 failed to connect to node 58: Connection refused (os error 111)
2025-11-07T03:08:17.989581Z ERROR ThreadId(22) hotstuff_runner::pompe_network: Node 0 failed to connect to node 59: Connection refused (os error 111)
2025-11-07T03:08:17.989816Z ERROR ThreadId(22) hotstuff_runner::pompe_network: Node 0 failed to connect to node 60: Connection refused (os error 111)
2025-11-07T03:08:17.990005Z ERROR ThreadId(22) hotstuff_runner::pompe_network: Node 0 failed to connect to node 61: Connection refused (os error 111)
2025-11-07T03:08:17.990224Z ERROR ThreadId(22) hotstuff_runner::pompe_network: Node 0 failed to connect to node 62: Connection refused (os error 111)
2025-11-07T03:08:17.990433Z ERROR ThreadId(22) hotstuff_runner::pompe_network: Node 0 failed to connect to node 63: Connection refused (os error 111)
2025-11-07T03:08:17.990609Z ERROR ThreadId(22) hotstuff_runner::pompe_network: Node 0 failed to connect to node 64: Connection refused (os error 111)
2025-11-07T03:08:17.990795Z ERROR ThreadId(22) hotstuff_runner::pompe_network: Node 0 failed to connect to node 65: Connection refused (os error 111)
2025-11-07T03:08:17.991009Z ERROR ThreadId(22) hotstuff_runner::pompe_network: Node 0 failed to connect to node 66: Connection refused (os error 111)
2025-11-07T03:08:17.991197Z ERROR ThreadId(22) hotstuff_runner::pompe_network: Node 0 failed to connect to node 67: Connection refused (os error 111)
2025-11-07T03:08:17.991403Z ERROR ThreadId(22) hotstuff_runner::pompe_network: Node 0 failed to connect to node 68: Connection refused (os error 111)
2025-11-07T03:08:17.991563Z ERROR ThreadId(22) hotstuff_runner::pompe_network: Node 0 failed to connect to node 69: Connection refused (os error 111)
2025-11-07T03:08:17.991754Z ERROR ThreadId(22) hotstuff_runner::pompe_network: Node 0 failed to connect to node 70: Connection refused (os error 111)
2025-11-07T03:08:17.991972Z ERROR ThreadId(22) hotstuff_runner::pompe_network: Node 0 failed to connect to node 71: Connection refused (os error 111)
2025-11-07T03:08:17.992170Z ERROR ThreadId(22) hotstuff_runner::pompe_network: Node 0 failed to connect to node 72: Connection refused (os error 111)
2025-11-07T03:08:17.992368Z ERROR ThreadId(22) hotstuff_runner::pompe_network: Node 0 failed to connect to node 73: Connection refused (os error 111)
2025-11-07T03:08:17.992580Z ERROR ThreadId(22) hotstuff_runner::pompe_network: Node 0 failed to connect to node 74: Connection refused (os error 111)
2025-11-07T03:08:17.992785Z ERROR ThreadId(22) hotstuff_runner::pompe_network: Node 0 failed to connect to node 75: Connection refused (os error 111)
2025-11-07T03:08:17.992976Z ERROR ThreadId(23) hotstuff_runner::pompe_network: Node 0 failed to connect to node 76: Connection refused (os error 111)
2025-11-07T03:08:17.993200Z ERROR ThreadId(23) hotstuff_runner::pompe_network: Node 0 failed to connect to node 77: Connection refused (os error 111)
2025-11-07T03:08:17.993400Z ERROR ThreadId(23) hotstuff_runner::pompe_network: Node 0 failed to connect to node 78: Connection refused (os error 111)
2025-11-07T03:08:17.993582Z ERROR ThreadId(23) hotstuff_runner::pompe_network: Node 0 failed to connect to node 79: Connection refused (os error 111)
2025-11-07T03:08:17.993783Z ERROR ThreadId(23) hotstuff_runner::pompe_network: Node 0 failed to connect to node 80: Connection refused (os error 111)
2025-11-07T03:08:17.993962Z ERROR ThreadId(23) hotstuff_runner::pompe_network: Node 0 failed to connect to node 81: Connection refused (os error 111)
2025-11-07T03:08:17.994122Z ERROR ThreadId(23) hotstuff_runner::pompe_network: Node 0 failed to connect to node 82: Connection refused (os error 111)
2025-11-07T03:08:17.994301Z ERROR ThreadId(23) hotstuff_runner::pompe_network: Node 0 failed to connect to node 83: Connection refused (os error 111)
2025-11-07T03:08:17.994479Z ERROR ThreadId(23) hotstuff_runner::pompe_network: Node 0 failed to connect to node 84: Connection refused (os error 111)
2025-11-07T03:08:17.994677Z ERROR ThreadId(23) hotstuff_runner::pompe_network: Node 0 failed to connect to node 85: Connection refused (os error 111)
2025-11-07T03:08:17.994903Z ERROR ThreadId(23) hotstuff_runner::pompe_network: Node 0 failed to connect to node 86: Connection refused (os error 111)
2025-11-07T03:08:17.995101Z ERROR ThreadId(23) hotstuff_runner::pompe_network: Node 0 failed to connect to node 87: Connection refused (os error 111)
2025-11-07T03:08:17.995248Z ERROR ThreadId(23) hotstuff_runner::pompe_network: Node 0 failed to connect to node 88: Connection refused (os error 111)
2025-11-07T03:08:17.995462Z ERROR ThreadId(23) hotstuff_runner::pompe_network: Node 0 failed to connect to node 89: Connection refused (os error 111)
2025-11-07T03:08:17.995636Z ERROR ThreadId(23) hotstuff_runner::pompe_network: Node 0 failed to connect to node 90: Connection refused (os error 111)
2025-11-07T03:08:17.995838Z ERROR ThreadId(23) hotstuff_runner::pompe_network: Node 0 failed to connect to node 91: Connection refused (os error 111)
2025-11-07T03:08:17.996042Z ERROR ThreadId(23) hotstuff_runner::pompe_network: Node 0 failed to connect to node 92: Connection refused (os error 111)
2025-11-07T03:08:17.996222Z ERROR ThreadId(23) hotstuff_runner::pompe_network: Node 0 failed to connect to node 93: Connection refused (os error 111)
2025-11-07T03:08:17.996392Z ERROR ThreadId(23) hotstuff_runner::pompe_network: Node 0 failed to connect to node 94: Connection refused (os error 111)
2025-11-07T03:08:17.996571Z ERROR ThreadId(23) hotstuff_runner::pompe_network: Node 0 failed to connect to node 95: Connection refused (os error 111)
2025-11-07T03:08:17.996764Z ERROR ThreadId(23) hotstuff_runner::pompe_network: Node 0 failed to connect to node 96: Connection refused (os error 111)
2025-11-07T03:08:17.996944Z ERROR ThreadId(23) hotstuff_runner::pompe_network: Node 0 failed to connect to node 97: Connection refused (os error 111)
2025-11-07T03:08:17.997114Z ERROR ThreadId(23) hotstuff_runner::pompe_network: Node 0 failed to connect to node 98: Connection refused (os error 111)
2025-11-07T03:08:17.997274Z ERROR ThreadId(23) hotstuff_runner::pompe_network: Node 0 failed to connect to node 99: Connection refused (os error 111)
2025-11-07T03:08:18.006155Z  WARN ThreadId(01) hotstuff_runner::smrol::sequencing: SMROL_MEDIAN_INFLIGHT=24, SMROL_ORDER_FINALIZE_INFLIGHT=4, SMROL_FINAL_SIGN_INFLIGHT=4, SMROL_FINAL_VERIFY_INFLIGHT=24
2025-11-07T03:08:18.006179Z  WARN ThreadId(01) hotstuff_runner::smrol::sequencing: [Sequencing] Node 0 multi-signature verification disabled: false
2025-11-07T03:08:18.006251Z  WARN ThreadId(09) hotstuff_runner::smrol::sequencing: [Sequencing] Node 0 final verify dispatcher started
2025-11-07T03:08:18.007412Z  WARN ThreadId(02) docker_node:   Connection reuse ineffective (2.0 msg/conn)
2025-11-07T03:08:20.979135Z  WARN ThreadId(21) hotstuff_runner::tcp_node: Node 0 view 0 timed out; latency may accumulate
2025-11-07T03:08:23.007598Z  WARN ThreadId(09) docker_node:   Connection reuse ineffective (2.0 msg/conn)
2025-11-07T03:08:23.013992Z  WARN ThreadId(01) docker_node: Node 0 port 20000 temporarily unreachable: failed to lookup address information: Temporary failure in name resolution
2025-11-07T03:08:23.015848Z  WARN ThreadId(01) docker_node: Node 1 port 20001 temporarily unreachable: failed to lookup address information: Temporary failure in name resolution
2025-11-07T03:08:23.019201Z  WARN ThreadId(01) docker_node: Node 2 port 20002 temporarily unreachable: failed to lookup address information: Temporary failure in name resolution
2025-11-07T03:08:23.021309Z  WARN ThreadId(01) docker_node: Node 3 port 20003 temporarily unreachable: failed to lookup address information: Temporary failure in name resolution
2025-11-07T03:08:23.023684Z  WARN ThreadId(01) docker_node: Node 4 port 20004 temporarily unreachable: failed to lookup address information: Temporary failure in name resolution
2025-11-07T03:08:23.025776Z  WARN ThreadId(01) docker_node: Node 5 port 20005 temporarily unreachable: failed to lookup address information: Temporary failure in name resolution
2025-11-07T03:08:23.027549Z  WARN ThreadId(01) docker_node: Node 6 port 20006 temporarily unreachable: failed to lookup address information: Temporary failure in name resolution
2025-11-07T03:08:23.029461Z  WARN ThreadId(01) docker_node: Node 7 port 20007 temporarily unreachable: failed to lookup address information: Temporary failure in name resolution
2025-11-07T03:08:23.031152Z  WARN ThreadId(01) docker_node: Node 8 port 20008 temporarily unreachable: failed to lookup address information: Temporary failure in name resolution
2025-11-07T03:08:23.033183Z  WARN ThreadId(01) docker_node: Node 9 port 20009 temporarily unreachable: failed to lookup address information: Temporary failure in name resolution
2025-11-07T03:08:23.035108Z  WARN ThreadId(01) docker_node: Node 10 port 20010 temporarily unreachable: failed to lookup address information: Temporary failure in name resolution
2025-11-07T03:08:23.037253Z  WARN ThreadId(01) docker_node: Node 11 port 20011 temporarily unreachable: failed to lookup address information: Temporary failure in name resolution
2025-11-07T03:08:23.039175Z  WARN ThreadId(01) docker_node: Node 12 port 20012 temporarily unreachable: failed to lookup address information: Temporary failure in name resolution
2025-11-07T03:08:23.041139Z  WARN ThreadId(01) docker_node: Node 13 port 20013 temporarily unreachable: failed to lookup address information: Temporary failure in name resolution
2025-11-07T03:08:23.043108Z  WARN ThreadId(01) docker_node: Node 14 port 20014 temporarily unreachable: failed to lookup address information: Temporary failure in name resolution
2025-11-07T03:08:23.044977Z  WARN ThreadId(01) docker_node: Node 15 port 20015 temporarily unreachable: failed to lookup address information: Temporary failure in name resolution
2025-11-07T03:08:23.046863Z  WARN ThreadId(01) docker_node: Node 16 port 20016 temporarily unreachable: failed to lookup address information: Temporary failure in name resolution
2025-11-07T03:08:23.048693Z  WARN ThreadId(01) docker_node: Node 17 port 20017 temporarily unreachable: failed to lookup address information: Temporary failure in name resolution
2025-11-07T03:08:23.051165Z  WARN ThreadId(01) docker_node: Node 18 port 20018 temporarily unreachable: failed to lookup address information: Temporary failure in name resolution
2025-11-07T03:08:23.053186Z  WARN ThreadId(01) docker_node: Node 19 port 20019 temporarily unreachable: failed to lookup address information: Temporary failure in name resolution
2025-11-07T03:08:23.055238Z  WARN ThreadId(01) docker_node: Node 20 port 20020 temporarily unreachable: failed to lookup address information: Temporary failure in name resolution
2025-11-07T03:08:23.057026Z  WARN ThreadId(01) docker_node: Node 21 port 20021 temporarily unreachable: failed to lookup address information: Temporary failure in name resolution
2025-11-07T03:08:23.058857Z  WARN ThreadId(01) docker_node: Node 22 port 20022 temporarily unreachable: failed to lookup address information: Temporary failure in name resolution
2025-11-07T03:08:23.060574Z  WARN ThreadId(01) docker_node: Node 23 port 20023 temporarily unreachable: failed to lookup address information: Temporary failure in name resolution
2025-11-07T03:08:23.062579Z  WARN ThreadId(01) docker_node: Node 24 port 20024 temporarily unreachable: failed to lookup address information: Temporary failure in name resolution
2025-11-07T03:08:23.064450Z  WARN ThreadId(01) docker_node: Node 25 port 20025 temporarily unreachable: failed to lookup address information: Temporary failure in name resolution
2025-11-07T03:08:23.066185Z  WARN ThreadId(01) docker_node: Node 26 port 20026 temporarily unreachable: failed to lookup address information: Temporary failure in name resolution
2025-11-07T03:08:23.067984Z  WARN ThreadId(01) docker_node: Node 27 port 20027 temporarily unreachable: failed to lookup address information: Temporary failure in name resolution
2025-11-07T03:08:23.069777Z  WARN ThreadId(01) docker_node: Node 28 port 20028 temporarily unreachable: failed to lookup address information: Temporary failure in name resolution
2025-11-07T03:08:23.071628Z  WARN ThreadId(01) docker_node: Node 29 port 20029 temporarily unreachable: failed to lookup address information: Temporary failure in name resolution
2025-11-07T03:08:23.073405Z  WARN ThreadId(01) docker_node: Node 30 port 20030 temporarily unreachable: failed to lookup address information: Temporary failure in name resolution
2025-11-07T03:08:23.075128Z  WARN ThreadId(01) docker_node: Node 31 port 20031 temporarily unreachable: failed to lookup address information: Temporary failure in name resolution
2025-11-07T03:08:23.077024Z  WARN ThreadId(01) docker_node: Node 32 port 20032 temporarily unreachable: failed to lookup address information: Temporary failure in name resolution
2025-11-07T03:08:23.078842Z  WARN ThreadId(01) docker_node: Node 33 port 20033 temporarily unreachable: failed to lookup address information: Temporary failure in name resolution
2025-11-07T03:08:23.080809Z  WARN ThreadId(01) docker_node: Node 34 port 20034 temporarily unreachable: failed to lookup address information: Temporary failure in name resolution
2025-11-07T03:08:23.082913Z  WARN ThreadId(01) docker_node: Node 35 port 20035 temporarily unreachable: failed to lookup address information: Temporary failure in name resolution
2025-11-07T03:08:23.084953Z  WARN ThreadId(01) docker_node: Node 36 port 20036 temporarily unreachable: failed to lookup address information: Temporary failure in name resolution
2025-11-07T03:08:23.087090Z  WARN ThreadId(01) docker_node: Node 37 port 20037 temporarily unreachable: failed to lookup address information: Temporary failure in name resolution
2025-11-07T03:08:23.088949Z  WARN ThreadId(01) docker_node: Node 38 port 20038 temporarily unreachable: failed to lookup address information: Temporary failure in name resolution
2025-11-07T03:08:23.090927Z  WARN ThreadId(01) docker_node: Node 39 port 20039 temporarily unreachable: failed to lookup address information: Temporary failure in name resolution
2025-11-07T03:08:23.092793Z  WARN ThreadId(01) docker_node: Node 40 port 20040 temporarily unreachable: failed to lookup address information: Temporary failure in name resolution
2025-11-07T03:08:23.094650Z  WARN ThreadId(01) docker_node: Node 41 port 20041 temporarily unreachable: failed to lookup address information: Temporary failure in name resolution
2025-11-07T03:08:23.096999Z  WARN ThreadId(01) docker_node: Node 42 port 20042 temporarily unreachable: failed to lookup address information: Temporary failure in name resolution
2025-11-07T03:08:23.099149Z  WARN ThreadId(01) docker_node: Node 43 port 20043 temporarily unreachable: failed to lookup address information: Temporary failure in name resolution
2025-11-07T03:08:23.100989Z  WARN ThreadId(01) docker_node: Node 44 port 20044 temporarily unreachable: failed to lookup address information: Temporary failure in name resolution
2025-11-07T03:08:23.102897Z  WARN ThreadId(01) docker_node: Node 45 port 20045 temporarily unreachable: failed to lookup address information: Temporary failure in name resolution
2025-11-07T03:08:23.104540Z  WARN ThreadId(01) docker_node: Node 46 port 20046 temporarily unreachable: failed to lookup address information: Temporary failure in name resolution
2025-11-07T03:08:23.106438Z  WARN ThreadId(01) docker_node: Node 47 port 20047 temporarily unreachable: failed to lookup address information: Temporary failure in name resolution
2025-11-07T03:08:23.108164Z  WARN ThreadId(01) docker_node: Node 48 port 20048 temporarily unreachable: failed to lookup address information: Temporary failure in name resolution
2025-11-07T03:08:23.109838Z  WARN ThreadId(01) docker_node: Node 49 port 20049 temporarily unreachable: failed to lookup address information: Temporary failure in name resolution
2025-11-07T03:08:23.111518Z  WARN ThreadId(01) docker_node: Node 50 port 20050 temporarily unreachable: failed to lookup address information: Temporary failure in name resolution
2025-11-07T03:08:23.113429Z  WARN ThreadId(01) docker_node: Node 51 port 20051 temporarily unreachable: failed to lookup address information: Temporary failure in name resolution
2025-11-07T03:08:23.115171Z  WARN ThreadId(01) docker_node: Node 52 port 20052 temporarily unreachable: failed to lookup address information: Temporary failure in name resolution
2025-11-07T03:08:23.116961Z  WARN ThreadId(01) docker_node: Node 53 port 20053 temporarily unreachable: failed to lookup address information: Temporary failure in name resolution
2025-11-07T03:08:23.118655Z  WARN ThreadId(01) docker_node: Node 54 port 20054 temporarily unreachable: failed to lookup address information: Temporary failure in name resolution
2025-11-07T03:08:23.120354Z  WARN ThreadId(01) docker_node: Node 55 port 20055 temporarily unreachable: failed to lookup address information: Temporary failure in name resolution
2025-11-07T03:08:23.122158Z  WARN ThreadId(01) docker_node: Node 56 port 20056 temporarily unreachable: failed to lookup address information: Temporary failure in name resolution
2025-11-07T03:08:23.123947Z  WARN ThreadId(01) docker_node: Node 57 port 20057 temporarily unreachable: failed to lookup address information: Temporary failure in name resolution
2025-11-07T03:08:23.125648Z  WARN ThreadId(01) docker_node: Node 58 port 20058 temporarily unreachable: failed to lookup address information: Temporary failure in name resolution
2025-11-07T03:08:23.127384Z  WARN ThreadId(01) docker_node: Node 59 port 20059 temporarily unreachable: failed to lookup address information: Temporary failure in name resolution
2025-11-07T03:08:23.129091Z  WARN ThreadId(01) docker_node: Node 60 port 20060 temporarily unreachable: failed to lookup address information: Temporary failure in name resolution
2025-11-07T03:08:23.130718Z  WARN ThreadId(01) docker_node: Node 61 port 20061 temporarily unreachable: failed to lookup address information: Temporary failure in name resolution
2025-11-07T03:08:23.132549Z  WARN ThreadId(01) docker_node: Node 62 port 20062 temporarily unreachable: failed to lookup address information: Temporary failure in name resolution
2025-11-07T03:08:23.134223Z  WARN ThreadId(01) docker_node: Node 63 port 20063 temporarily unreachable: failed to lookup address information: Temporary failure in name resolution
2025-11-07T03:08:23.135856Z  WARN ThreadId(01) docker_node: Node 64 port 20064 temporarily unreachable: failed to lookup address information: Temporary failure in name resolution
2025-11-07T03:08:23.137864Z  WARN ThreadId(01) docker_node: Node 65 port 20065 temporarily unreachable: failed to lookup address information: Temporary failure in name resolution
2025-11-07T03:08:23.139663Z  WARN ThreadId(01) docker_node: Node 66 port 20066 temporarily unreachable: failed to lookup address information: Temporary failure in name resolution
2025-11-07T03:08:23.141491Z  WARN ThreadId(01) docker_node: Node 67 port 20067 temporarily unreachable: failed to lookup address information: Temporary failure in name resolution
2025-11-07T03:08:23.143174Z  WARN ThreadId(01) docker_node: Node 68 port 20068 temporarily unreachable: failed to lookup address information: Temporary failure in name resolution
2025-11-07T03:08:23.144997Z  WARN ThreadId(01) docker_node: Node 69 port 20069 temporarily unreachable: failed to lookup address information: Temporary failure in name resolution
2025-11-07T03:08:23.146690Z  WARN ThreadId(01) docker_node: Node 70 port 20070 temporarily unreachable: failed to lookup address information: Temporary failure in name resolution
2025-11-07T03:08:23.148338Z  WARN ThreadId(01) docker_node: Node 71 port 20071 temporarily unreachable: failed to lookup address information: Temporary failure in name resolution
2025-11-07T03:08:23.149949Z  WARN ThreadId(01) docker_node: Node 72 port 20072 temporarily unreachable: failed to lookup address information: Temporary failure in name resolution
2025-11-07T03:08:23.151697Z  WARN ThreadId(01) docker_node: Node 73 port 20073 temporarily unreachable: failed to lookup address information: Temporary failure in name resolution
2025-11-07T03:08:23.153422Z  WARN ThreadId(01) docker_node: Node 74 port 20074 temporarily unreachable: failed to lookup address information: Temporary failure in name resolution
2025-11-07T03:08:23.155071Z  WARN ThreadId(01) docker_node: Node 75 port 20075 temporarily unreachable: failed to lookup address information: Temporary failure in name resolution
2025-11-07T03:08:23.156938Z  WARN ThreadId(01) docker_node: Node 76 port 20076 temporarily unreachable: failed to lookup address information: Temporary failure in name resolution
2025-11-07T03:08:23.158675Z  WARN ThreadId(01) docker_node: Node 77 port 20077 temporarily unreachable: failed to lookup address information: Temporary failure in name resolution
2025-11-07T03:08:23.160521Z  WARN ThreadId(01) docker_node: Node 78 port 20078 temporarily unreachable: failed to lookup address information: Temporary failure in name resolution
2025-11-07T03:08:23.162189Z  WARN ThreadId(01) docker_node: Node 79 port 20079 temporarily unreachable: failed to lookup address information: Temporary failure in name resolution
2025-11-07T03:08:23.163960Z  WARN ThreadId(01) docker_node: Node 80 port 20080 temporarily unreachable: failed to lookup address information: Temporary failure in name resolution
2025-11-07T03:08:23.165812Z  WARN ThreadId(01) docker_node: Node 81 port 20081 temporarily unreachable: failed to lookup address information: Temporary failure in name resolution
2025-11-07T03:08:23.167463Z  WARN ThreadId(01) docker_node: Node 82 port 20082 temporarily unreachable: failed to lookup address information: Temporary failure in name resolution
2025-11-07T03:08:23.169177Z  WARN ThreadId(01) docker_node: Node 83 port 20083 temporarily unreachable: failed to lookup address information: Temporary failure in name resolution
2025-11-07T03:08:23.170854Z  WARN ThreadId(01) docker_node: Node 84 port 20084 temporarily unreachable: failed to lookup address information: Temporary failure in name resolution
2025-11-07T03:08:23.172661Z  WARN ThreadId(01) docker_node: Node 85 port 20085 temporarily unreachable: failed to lookup address information: Temporary failure in name resolution
2025-11-07T03:08:23.174571Z  WARN ThreadId(01) docker_node: Node 86 port 20086 temporarily unreachable: failed to lookup address information: Temporary failure in name resolution
2025-11-07T03:08:23.176336Z  WARN ThreadId(01) docker_node: Node 87 port 20087 temporarily unreachable: failed to lookup address information: Temporary failure in name resolution
2025-11-07T03:08:23.178192Z  WARN ThreadId(01) docker_node: Node 88 port 20088 temporarily unreachable: failed to lookup address information: Temporary failure in name resolution
2025-11-07T03:08:23.179949Z  WARN ThreadId(01) docker_node: Node 89 port 20089 temporarily unreachable: failed to lookup address information: Temporary failure in name resolution
2025-11-07T03:08:23.181663Z  WARN ThreadId(01) docker_node: Node 90 port 20090 temporarily unreachable: failed to lookup address information: Temporary failure in name resolution
2025-11-07T03:08:23.183391Z  WARN ThreadId(01) docker_node: Node 91 port 20091 temporarily unreachable: failed to lookup address information: Temporary failure in name resolution
2025-11-07T03:08:23.185085Z  WARN ThreadId(01) docker_node: Node 92 port 20092 temporarily unreachable: failed to lookup address information: Temporary failure in name resolution
2025-11-07T03:08:23.186922Z  WARN ThreadId(01) docker_node: Node 93 port 20093 temporarily unreachable: failed to lookup address information: Temporary failure in name resolution
2025-11-07T03:08:23.188591Z  WARN ThreadId(01) docker_node: Node 94 port 20094 temporarily unreachable: failed to lookup address information: Temporary failure in name resolution
2025-11-07T03:08:23.190411Z  WARN ThreadId(01) docker_node: Node 95 port 20095 temporarily unreachable: failed to lookup address information: Temporary failure in name resolution
2025-11-07T03:08:23.192074Z  WARN ThreadId(01) docker_node: Node 96 port 20096 temporarily unreachable: failed to lookup address information: Temporary failure in name resolution
2025-11-07T03:08:23.193950Z  WARN ThreadId(01) docker_node: Node 97 port 20097 temporarily unreachable: failed to lookup address information: Temporary failure in name resolution
2025-11-07T03:08:23.195602Z  WARN ThreadId(01) docker_node: Node 98 port 20098 temporarily unreachable: failed to lookup address information: Temporary failure in name resolution
2025-11-07T03:08:23.197503Z  WARN ThreadId(01) docker_node: Node 99 port 20099 temporarily unreachable: failed to lookup address information: Temporary failure in name resolution
2025-11-07T03:08:28.007835Z  WARN ThreadId(09) docker_node:   Connection reuse ineffective (2.0 msg/conn)
2025-11-07T03:08:33.007121Z  WARN ThreadId(09) docker_node:   Connection reuse ineffective (2.0 msg/conn)
2025-11-07T03:08:38.007506Z  WARN ThreadId(09) docker_node:   Connection reuse ineffective (2.0 msg/conn)
2025-11-07T03:08:42.598431Z  WARN ThreadId(21) hotstuff_runner::tcp_node: Detected transaction backlog: submit rate (8.5) > confirm rate (0.0)
2025-11-07T03:08:43.007319Z  WARN ThreadId(09) docker_node:   Connection reuse ineffective (27.6 msg/conn)
2025-11-07T03:08:47.980496Z  WARN ThreadId(09) hotstuff_runner::pompe: 🧹 [Cleanup] Node 0 cleared 2900 orphaned ordering1 states
2025-11-07T03:08:50.550420Z  WARN ThreadId(21) hotstuff_runner::tcp_node: Detected transaction backlog: submit rate (5.0) > confirm rate (0.0)
2025-11-07T03:08:58.629027Z  WARN ThreadId(21) hotstuff_runner::tcp_node: Detected transaction backlog: submit rate (5.0) > confirm rate (0.3)
2025-11-07T03:09:07.180414Z  WARN ThreadId(21) hotstuff_runner::tcp_node: Detected transaction backlog: submit rate (4.0) > confirm rate (0.8)
2025-11-07T03:09:08.198435Z  WARN ThreadId(05) docker_node:   Processing efficiency: 20.0% - Needs attention
2025-11-07T03:09:17.982140Z  WARN ThreadId(05) hotstuff_runner::pompe: 🧹 [Cleanup] Node 0 cleared 7100 orphaned ordering1 states
2025-11-07T03:09:39.268927Z ERROR ThreadId(02) docker_node: Node 0 failed to send response
