2025-11-14T02:17:52.995635Z  WARN ThreadId(01) docker_node: metrics exporter disabled by SMROL_DISABLE_METRICS
2025-11-14T02:18:13.210264Z  WARN ThreadId(01) hotstuff_runner::tcp_node: Node 1 view timeout set to 3000 ms
2025-11-14T02:18:13.218404Z ERROR ThreadId(23) hotstuff_runner::pompe_network: Node 1 failed to connect to node 0: Connection refused (os error 111)
2025-11-14T02:18:13.222938Z  WARN ThreadId(01) hotstuff_runner::smrol::sequencing: SMROL_MEDIAN_INFLIGHT=24, SMROL_ORDER_FINALIZE_INFLIGHT=4, SMROL_FINAL_SIGN_INFLIGHT=4, SMROL_FINAL_VERIFY_INFLIGHT=24
2025-11-14T02:18:13.222992Z  WARN ThreadId(01) hotstuff_runner::smrol::sequencing: [Sequencing] Node 1 multi-signature verification disabled: false
2025-11-14T02:18:13.223763Z  WARN ThreadId(06) hotstuff_runner::smrol::sequencing: [Sequencing] Node 1 final verify dispatcher started
2025-11-14T02:18:14.534899Z ERROR ThreadId(22) hotstuff_runner::pompe_network: Node 1 failed to connect to node 14: Connection refused (os error 111)
2025-11-14T02:18:14.645876Z ERROR ThreadId(22) hotstuff_runner::pompe_network: Node 1 failed to connect to node 15: Connection refused (os error 111)
2025-11-14T02:18:18.224435Z  WARN ThreadId(05) docker_node:   Connection reuse ineffective (2.0 msg/conn)
2025-11-14T02:18:18.227645Z  WARN ThreadId(01) docker_node: Node 0 port 20000 temporarily unreachable: failed to lookup address information: Temporary failure in name resolution
2025-11-14T02:18:18.229504Z  WARN ThreadId(01) docker_node: Node 1 port 20001 temporarily unreachable: failed to lookup address information: Temporary failure in name resolution
2025-11-14T02:18:18.231549Z  WARN ThreadId(01) docker_node: Node 2 port 20002 temporarily unreachable: failed to lookup address information: Temporary failure in name resolution
2025-11-14T02:18:18.239089Z  WARN ThreadId(01) docker_node: Node 3 port 20003 temporarily unreachable: failed to lookup address information: Temporary failure in name resolution
2025-11-14T02:18:18.240935Z  WARN ThreadId(01) docker_node: Node 4 port 20004 temporarily unreachable: failed to lookup address information: Temporary failure in name resolution
2025-11-14T02:18:18.242591Z  WARN ThreadId(01) docker_node: Node 5 port 20005 temporarily unreachable: failed to lookup address information: Temporary failure in name resolution
2025-11-14T02:18:18.244548Z  WARN ThreadId(01) docker_node: Node 6 port 20006 temporarily unreachable: failed to lookup address information: Temporary failure in name resolution
2025-11-14T02:18:18.246293Z  WARN ThreadId(01) docker_node: Node 7 port 20007 temporarily unreachable: failed to lookup address information: Temporary failure in name resolution
2025-11-14T02:18:18.247974Z  WARN ThreadId(01) docker_node: Node 8 port 20008 temporarily unreachable: failed to lookup address information: Temporary failure in name resolution
2025-11-14T02:18:18.249724Z  WARN ThreadId(01) docker_node: Node 9 port 20009 temporarily unreachable: failed to lookup address information: Temporary failure in name resolution
2025-11-14T02:18:18.251441Z  WARN ThreadId(01) docker_node: Node 10 port 20010 temporarily unreachable: failed to lookup address information: Temporary failure in name resolution
2025-11-14T02:18:18.253255Z  WARN ThreadId(01) docker_node: Node 11 port 20011 temporarily unreachable: failed to lookup address information: Temporary failure in name resolution
2025-11-14T02:18:18.255002Z  WARN ThreadId(01) docker_node: Node 12 port 20012 temporarily unreachable: failed to lookup address information: Temporary failure in name resolution
2025-11-14T02:18:18.256991Z  WARN ThreadId(01) docker_node: Node 13 port 20013 temporarily unreachable: failed to lookup address information: Temporary failure in name resolution
2025-11-14T02:18:18.259036Z  WARN ThreadId(01) docker_node: Node 14 port 20014 temporarily unreachable: failed to lookup address information: Temporary failure in name resolution
2025-11-14T02:18:18.260969Z  WARN ThreadId(01) docker_node: Node 15 port 20015 temporarily unreachable: failed to lookup address information: Temporary failure in name resolution
2025-11-14T02:18:20.963739Z  WARN ThreadId(20) hotstuff_runner::app: Node 1 [produce_block] queue size: 0, attempting up to 0 transactions this block    
2025-11-14T02:18:23.224171Z  WARN ThreadId(05) docker_node:   Connection reuse ineffective (2.0 msg/conn)
2025-11-14T02:18:28.224345Z  WARN ThreadId(05) docker_node:   Connection reuse ineffective (2.0 msg/conn)
2025-11-14T02:18:32.280724Z  WARN ThreadId(20) hotstuff_runner::app: Node 1 [produce_block] queue size: 0, attempting up to 0 transactions this block    
2025-11-14T02:18:33.224254Z  WARN ThreadId(05) docker_node:   Connection reuse ineffective (2.0 msg/conn)
2025-11-14T02:18:34.787204Z  WARN ThreadId(20) hotstuff_runner::app: Node 1 [produce_block] queue size: 0, attempting up to 0 transactions this block    
2025-11-14T02:18:37.271042Z  WARN ThreadId(20) hotstuff_runner::app: Node 1 [produce_block] queue size: 0, attempting up to 0 transactions this block    
2025-11-14T02:18:38.225025Z  WARN ThreadId(05) docker_node:   Connection reuse ineffective (2.0 msg/conn)
2025-11-14T02:18:39.756139Z  WARN ThreadId(20) hotstuff_runner::app: Node 1 [produce_block] queue size: 0, attempting up to 0 transactions this block    
2025-11-14T02:18:40.821761Z  WARN ThreadId(21) hotstuff_runner::tcp_node: Detected transaction backlog: submit rate (5.6) > confirm rate (0.0)
2025-11-14T02:18:41.198848Z  WARN ThreadId(04) hotstuff_runner::pompe: ⚡ [Timed Output] Node 1 flushed 10372 transactions
2025-11-14T02:18:41.710181Z  WARN ThreadId(04) hotstuff_runner::pompe: ⚡ [Timed Output] Node 1 flushed 14236 transactions
2025-11-14T02:18:42.213091Z  WARN ThreadId(06) hotstuff_runner::pompe: ⚡ [Timed Output] Node 1 flushed 28474 transactions
2025-11-14T02:18:42.698747Z  WARN ThreadId(04) hotstuff_runner::pompe: ⚡ [Timed Output] Node 1 flushed 4922 transactions
2025-11-14T02:18:43.202421Z  WARN ThreadId(05) hotstuff_runner::pompe: ⚡ [Timed Output] Node 1 flushed 9314 transactions
2025-11-14T02:18:43.261861Z  WARN ThreadId(04) docker_node: Node 1 Regular transaction queue backlog: 91397 transactions
2025-11-14T02:18:44.359139Z  WARN ThreadId(21) hotstuff_runner::tcp_node: Node 1 view 81 timed out; latency may accumulate
2025-11-14T02:18:48.224816Z  WARN ThreadId(04) docker_node: HotStuff processing bottleneck detected:
2025-11-14T02:18:48.224839Z  WARN ThreadId(04) docker_node:    - HotStuff queue backlog: 91397 transactions
2025-11-14T02:18:48.224847Z  WARN ThreadId(04) docker_node:    - Confirmation TPS (0.0) much lower than submission TPS (0.9)
2025-11-14T02:18:48.224854Z  WARN ThreadId(04) docker_node:    - Possible cause: HotStuff consensus network delay or block size limitation
2025-11-14T02:18:48.261976Z  WARN ThreadId(04) docker_node: Node 1 Regular transaction queue backlog: 91397 transactions
2025-11-14T02:18:51.082304Z  WARN ThreadId(20) hotstuff_runner::app: Node 1 [produce_block] queue size: 91397, attempting up to 91397 transactions this block    
2025-11-14T02:18:53.224170Z  WARN ThreadId(05) docker_node: HotStuff processing bottleneck detected:
2025-11-14T02:18:53.224193Z  WARN ThreadId(05) docker_node:    - HotStuff queue backlog: 91397 transactions
2025-11-14T02:18:53.224202Z  WARN ThreadId(05) docker_node:    - Confirmation TPS (0.0) much lower than submission TPS (0.5)
2025-11-14T02:18:53.224208Z  WARN ThreadId(05) docker_node:    - Possible cause: HotStuff consensus network delay or block size limitation
2025-11-14T02:18:56.703527Z  WARN ThreadId(21) hotstuff_runner::tcp_node: Node 1 view 91 timed out; latency may accumulate
2025-11-14T02:18:59.703968Z  WARN ThreadId(21) hotstuff_runner::tcp_node: Node 1 view 92 timed out; latency may accumulate
2025-11-14T02:19:05.316970Z  WARN ThreadId(21) hotstuff_runner::tcp_node: Node 1 view 97 timed out; latency may accumulate
2025-11-14T02:19:08.574601Z  WARN ThreadId(21) hotstuff_runner::tcp_node: Node 1 view 99 timed out; latency may accumulate
2025-11-14T02:19:08.780762Z  WARN ThreadId(20) hotstuff_rs::block_tree::invariants: SAFE_PC_FAIL: pc.block=[101, 23, 203, 169, 6, 143, 81, 116, 123, 170, 171, 92, 151, 123, 222, 207, 99, 191, 238, 132, 240, 1, 27, 172, 244, 222, 83, 110, 116, 159, 70, 202] view=86 phase=Generic | cond1(chain_id/genesis)=true (pc.chain_id=0, my.chain_id=0) | cond2(block_exists/genesis)=true (exists=true) | cond3(view>locked || extends)=false (pc.view=86, locked.view=96, extends=false) | cond4(phase/updates)=true (phase_special=false, has_updates=false) | highest_pc.block=[102, 35, 50, 28, 88, 232, 9, 0, 159, 53, 226, 134, 111, 83, 67, 168, 201, 231, 121, 59, 148, 47, 239, 242, 16, 106, 200, 145, 125, 165, 80, 231] highest_pc.view=98 locked.block=[188, 182, 233, 115, 165, 149, 228, 191, 86, 69, 242, 39, 6, 84, 70, 13, 69, 210, 102, 91, 105, 142, 163, 55, 254, 211, 160, 162, 193, 25, 165, 164] locked.view=96    
2025-11-14T02:19:08.780845Z  WARN ThreadId(20) hotstuff_rs::block_tree::invariants: SAFE_BLOCK_FAIL: block=[90, 110, 244, 80, 30, 48, 206, 113, 87, 138, 126, 4, 93, 11, 168, 77, 161, 133, 45, 76, 197, 45, 74, 169, 44, 181, 77, 140, 101, 31, 7, 211] height=None | cond1(safe_pc)=false | cond2(is_block_justify)=true (justify.phase=Generic) | justify.block=[101, 23, 203, 169, 6, 143, 81, 116, 123, 170, 171, 92, 151, 123, 222, 207, 99, 191, 238, 132, 240, 1, 27, 172, 244, 222, 83, 110, 116, 159, 70, 202] justify.view=86 | highest_pc.block=[102, 35, 50, 28, 88, 232, 9, 0, 159, 53, 226, 134, 111, 83, 67, 168, 201, 231, 121, 59, 148, 47, 239, 242, 16, 106, 200, 145, 125, 165, 80, 231] highest_pc.view=98 | locked.block=[188, 182, 233, 115, 165, 149, 228, 191, 86, 69, 242, 39, 6, 84, 70, 13, 69, 210, 102, 91, 105, 142, 163, 55, 254, 211, 160, 162, 193, 25, 165, 164] locked.view=96    
2025-11-14T02:19:14.689728Z  WARN ThreadId(21) hotstuff_runner::tcp_node: Node 1 view 101 timed out; latency may accumulate
2025-11-14T02:19:14.871850Z  WARN ThreadId(20) hotstuff_runner::app: Node 1 [produce_block] queue size: 0, attempting up to 0 transactions this block    
2025-11-14T02:19:17.871564Z  WARN ThreadId(21) hotstuff_runner::tcp_node: Node 1 view 103 timed out; latency may accumulate
2025-11-14T02:19:22.891420Z  WARN ThreadId(21) hotstuff_runner::tcp_node: Node 1 view 115 timed out; latency may accumulate
2025-11-14T02:19:23.002717Z  WARN ThreadId(20) hotstuff_rs::block_tree::invariants: SAFE_PC_FAIL: pc.block=[101, 23, 203, 169, 6, 143, 81, 116, 123, 170, 171, 92, 151, 123, 222, 207, 99, 191, 238, 132, 240, 1, 27, 172, 244, 222, 83, 110, 116, 159, 70, 202] view=86 phase=Generic | cond1(chain_id/genesis)=true (pc.chain_id=0, my.chain_id=0) | cond2(block_exists/genesis)=true (exists=true) | cond3(view>locked || extends)=false (pc.view=86, locked.view=113, extends=false) | cond4(phase/updates)=true (phase_special=false, has_updates=false) | highest_pc.block=[91, 230, 120, 52, 232, 129, 164, 128, 122, 79, 203, 128, 255, 137, 146, 105, 35, 175, 171, 103, 139, 122, 241, 90, 225, 223, 192, 154, 90, 55, 225, 52] highest_pc.view=114 locked.block=[118, 155, 38, 132, 135, 15, 125, 18, 184, 0, 23, 96, 233, 78, 165, 38, 112, 216, 167, 19, 205, 200, 210, 148, 172, 48, 196, 223, 197, 194, 157, 69] locked.view=113    
2025-11-14T02:19:23.002758Z  WARN ThreadId(20) hotstuff_rs::block_tree::invariants: SAFE_BLOCK_FAIL: block=[193, 127, 226, 147, 14, 71, 177, 97, 244, 207, 10, 100, 186, 91, 255, 167, 163, 104, 57, 56, 187, 198, 237, 31, 250, 101, 190, 128, 126, 184, 231, 242] height=None | cond1(safe_pc)=false | cond2(is_block_justify)=true (justify.phase=Generic) | justify.block=[101, 23, 203, 169, 6, 143, 81, 116, 123, 170, 171, 92, 151, 123, 222, 207, 99, 191, 238, 132, 240, 1, 27, 172, 244, 222, 83, 110, 116, 159, 70, 202] justify.view=86 | highest_pc.block=[91, 230, 120, 52, 232, 129, 164, 128, 122, 79, 203, 128, 255, 137, 146, 105, 35, 175, 171, 103, 139, 122, 241, 90, 225, 223, 192, 154, 90, 55, 225, 52] highest_pc.view=114 | locked.block=[118, 155, 38, 132, 135, 15, 125, 18, 184, 0, 23, 96, 233, 78, 165, 38, 112, 216, 167, 19, 205, 200, 210, 148, 172, 48, 196, 223, 197, 194, 157, 69] locked.view=113    
2025-11-14T02:19:25.891879Z  WARN ThreadId(21) hotstuff_runner::tcp_node: Node 1 view 116 timed out; latency may accumulate
2025-11-14T02:19:26.264646Z  WARN ThreadId(20) hotstuff_runner::app: Node 1 [produce_block] queue size: 0, attempting up to 0 transactions this block    
2025-11-14T02:19:26.264686Z  WARN ThreadId(20) hotstuff_runner::app: Node 1 view(119) far exceeds block count (7); potential sync issue    
2025-11-14T02:19:32.011292Z  WARN ThreadId(20) hotstuff_runner::app: Node 1 [produce_block] queue size: 0, attempting up to 0 transactions this block    
2025-11-14T02:19:32.011318Z  WARN ThreadId(20) hotstuff_runner::app: Node 1 view(135) far exceeds block count (8); potential sync issue    
2025-11-14T02:19:34.715050Z  WARN ThreadId(20) hotstuff_runner::app: Node 1 [produce_block] queue size: 0, attempting up to 0 transactions this block    
2025-11-14T02:19:34.715072Z  WARN ThreadId(20) hotstuff_runner::app: Node 1 view(151) far exceeds block count (9); potential sync issue    
2025-11-14T02:19:37.518386Z  WARN ThreadId(20) hotstuff_runner::app: Node 1 [produce_block] queue size: 0, attempting up to 0 transactions this block    
2025-11-14T02:19:37.518407Z  WARN ThreadId(20) hotstuff_runner::app: Node 1 view(167) far exceeds block count (10); potential sync issue    
2025-11-14T02:19:40.331812Z  WARN ThreadId(20) hotstuff_runner::app: Node 1 [produce_block] queue size: 0, attempting up to 0 transactions this block    
2025-11-14T02:19:40.331831Z  WARN ThreadId(20) hotstuff_runner::app: Node 1 view(183) far exceeds block count (11); potential sync issue    
2025-11-14T02:19:43.073831Z  WARN ThreadId(20) hotstuff_runner::app: Node 1 [produce_block] queue size: 0, attempting up to 0 transactions this block    
2025-11-14T02:19:43.073851Z  WARN ThreadId(20) hotstuff_runner::app: Node 1 view(199) far exceeds block count (12); potential sync issue    
2025-11-14T02:19:45.751237Z  WARN ThreadId(20) hotstuff_runner::app: Node 1 [produce_block] queue size: 0, attempting up to 0 transactions this block    
2025-11-14T02:19:45.751261Z  WARN ThreadId(20) hotstuff_runner::app: Node 1 view(215) far exceeds block count (13); potential sync issue    
2025-11-14T02:19:48.598038Z  WARN ThreadId(20) hotstuff_runner::app: Node 1 [produce_block] queue size: 0, attempting up to 0 transactions this block    
2025-11-14T02:19:48.598066Z  WARN ThreadId(20) hotstuff_runner::app: Node 1 view(231) far exceeds block count (14); potential sync issue    
2025-11-14T02:19:51.360874Z  WARN ThreadId(20) hotstuff_runner::app: Node 1 [produce_block] queue size: 0, attempting up to 0 transactions this block    
2025-11-14T02:19:51.360897Z  WARN ThreadId(20) hotstuff_runner::app: Node 1 view(247) far exceeds block count (15); potential sync issue    
2025-11-14T02:19:54.142186Z  WARN ThreadId(20) hotstuff_runner::app: Node 1 [produce_block] queue size: 0, attempting up to 0 transactions this block    
2025-11-14T02:19:54.142209Z  WARN ThreadId(20) hotstuff_runner::app: Node 1 view(263) far exceeds block count (16); potential sync issue    
2025-11-14T02:19:56.891749Z  WARN ThreadId(20) hotstuff_runner::app: Node 1 [produce_block] queue size: 0, attempting up to 0 transactions this block    
2025-11-14T02:19:56.891767Z  WARN ThreadId(20) hotstuff_runner::app: Node 1 view(279) far exceeds block count (17); potential sync issue    
2025-11-14T02:19:59.730430Z  WARN ThreadId(20) hotstuff_runner::app: Node 1 [produce_block] queue size: 0, attempting up to 0 transactions this block    
2025-11-14T02:19:59.730453Z  WARN ThreadId(20) hotstuff_runner::app: Node 1 view(295) far exceeds block count (18); potential sync issue    
2025-11-14T02:20:02.597450Z  WARN ThreadId(20) hotstuff_runner::app: Node 1 [produce_block] queue size: 0, attempting up to 0 transactions this block    
2025-11-14T02:20:02.597479Z  WARN ThreadId(20) hotstuff_runner::app: Node 1 view(311) far exceeds block count (19); potential sync issue    
2025-11-14T02:20:05.432937Z  WARN ThreadId(20) hotstuff_runner::app: Node 1 [produce_block] queue size: 0, attempting up to 0 transactions this block    
2025-11-14T02:20:05.432963Z  WARN ThreadId(20) hotstuff_runner::app: Node 1 view(327) far exceeds block count (20); potential sync issue    
2025-11-14T02:20:08.194907Z  WARN ThreadId(20) hotstuff_runner::app: Node 1 [produce_block] queue size: 0, attempting up to 0 transactions this block    
2025-11-14T02:20:08.194925Z  WARN ThreadId(20) hotstuff_runner::app: Node 1 view(343) far exceeds block count (21); potential sync issue    
2025-11-14T02:20:10.965263Z  WARN ThreadId(20) hotstuff_runner::app: Node 1 [produce_block] queue size: 0, attempting up to 0 transactions this block    
2025-11-14T02:20:10.965289Z  WARN ThreadId(20) hotstuff_runner::app: Node 1 view(359) far exceeds block count (22); potential sync issue    
2025-11-14T02:20:13.746448Z  WARN ThreadId(20) hotstuff_runner::app: Node 1 [produce_block] queue size: 0, attempting up to 0 transactions this block    
2025-11-14T02:20:13.746465Z  WARN ThreadId(20) hotstuff_runner::app: Node 1 view(375) far exceeds block count (23); potential sync issue    
2025-11-14T02:20:16.534218Z  WARN ThreadId(20) hotstuff_runner::app: Node 1 [produce_block] queue size: 0, attempting up to 0 transactions this block    
2025-11-14T02:20:16.534253Z  WARN ThreadId(20) hotstuff_runner::app: Node 1 view(391) far exceeds block count (24); potential sync issue    
2025-11-14T02:20:19.284572Z  WARN ThreadId(20) hotstuff_runner::app: Node 1 [produce_block] queue size: 0, attempting up to 0 transactions this block    
2025-11-14T02:20:19.284594Z  WARN ThreadId(20) hotstuff_runner::app: Node 1 view(407) far exceeds block count (25); potential sync issue    
2025-11-14T02:20:22.138898Z  WARN ThreadId(20) hotstuff_runner::app: Node 1 [produce_block] queue size: 0, attempting up to 0 transactions this block    
2025-11-14T02:20:22.138920Z  WARN ThreadId(20) hotstuff_runner::app: Node 1 view(423) far exceeds block count (26); potential sync issue    
2025-11-14T02:20:24.937379Z  WARN ThreadId(20) hotstuff_runner::app: Node 1 [produce_block] queue size: 0, attempting up to 0 transactions this block    
2025-11-14T02:20:24.937396Z  WARN ThreadId(20) hotstuff_runner::app: Node 1 view(439) far exceeds block count (27); potential sync issue    
2025-11-14T02:20:27.729967Z  WARN ThreadId(20) hotstuff_runner::app: Node 1 [produce_block] queue size: 0, attempting up to 0 transactions this block    
2025-11-14T02:20:27.729986Z  WARN ThreadId(20) hotstuff_runner::app: Node 1 view(455) far exceeds block count (28); potential sync issue    
2025-11-14T02:20:30.488111Z  WARN ThreadId(20) hotstuff_runner::app: Node 1 [produce_block] queue size: 0, attempting up to 0 transactions this block    
2025-11-14T02:20:30.488128Z  WARN ThreadId(20) hotstuff_runner::app: Node 1 view(471) far exceeds block count (29); potential sync issue    
