2025-12-29T01:14:42.337171Z  WARN ThreadId(01) docker_node: metrics exporter disabled by SMROL_DISABLE_METRICS
2025-12-29T01:15:02.555609Z  WARN ThreadId(01) hotstuff_runner::tcp_node: Node 0 view timeout set to 5000 ms
2025-12-29T01:15:02.562952Z ERROR ThreadId(22) hotstuff_runner::pompe_network: Node 0 failed to connect to node 1: Connection refused (os error 111)
2025-12-29T01:15:02.563350Z ERROR ThreadId(22) hotstuff_runner::pompe_network: Node 0 failed to connect to node 2: Connection refused (os error 111)
2025-12-29T01:15:02.563750Z ERROR ThreadId(22) hotstuff_runner::pompe_network: Node 0 failed to connect to node 3: Connection refused (os error 111)
2025-12-29T01:15:02.564117Z ERROR ThreadId(22) hotstuff_runner::pompe_network: Node 0 failed to connect to node 4: Connection refused (os error 111)
2025-12-29T01:15:02.572439Z  WARN ThreadId(01) hotstuff_runner::smrol::sequencing: SMROL_MEDIAN_INFLIGHT=24, SMROL_ORDER_FINALIZE_INFLIGHT=4, SMROL_FINAL_SIGN_INFLIGHT=4, SMROL_FINAL_VERIFY_INFLIGHT=24
2025-12-29T01:15:02.572492Z  WARN ThreadId(01) hotstuff_runner::smrol::sequencing: [Sequencing] Node 0 multi-signature verification disabled: false
2025-12-29T01:15:02.572596Z  WARN ThreadId(02) hotstuff_runner::smrol::sequencing: [Sequencing] Node 0 final verify dispatcher started
2025-12-29T01:15:03.080596Z ERROR ThreadId(22) hotstuff_runner::pompe_network: Node 0 failed to connect to node 10: Connection refused (os error 111)
2025-12-29T01:15:03.264692Z ERROR ThreadId(22) hotstuff_runner::pompe_network: Node 0 failed to connect to node 11: Connection refused (os error 111)
2025-12-29T01:15:03.448130Z ERROR ThreadId(22) hotstuff_runner::pompe_network: Node 0 failed to connect to node 12: Connection refused (os error 111)
2025-12-29T01:15:03.654435Z ERROR ThreadId(22) hotstuff_runner::pompe_network: Node 0 failed to connect to node 13: Connection refused (os error 111)
2025-12-29T01:15:04.096469Z ERROR ThreadId(22) hotstuff_runner::pompe_network: Node 0 failed to connect to node 15: Connection refused (os error 111)
2025-12-29T01:15:07.557779Z  WARN ThreadId(21) hotstuff_runner::tcp_node: Node 0 view 0 timed out; latency may accumulate
2025-12-29T01:15:07.573091Z  WARN ThreadId(08) docker_node:   Connection reuse ineffective (2.0 msg/conn)
2025-12-29T01:15:07.576128Z  WARN ThreadId(01) docker_node: Node 0 port 20000 temporarily unreachable: failed to lookup address information: Temporary failure in name resolution
2025-12-29T01:15:07.577894Z  WARN ThreadId(01) docker_node: Node 1 port 20001 temporarily unreachable: failed to lookup address information: Temporary failure in name resolution
2025-12-29T01:15:07.579588Z  WARN ThreadId(01) docker_node: Node 2 port 20002 temporarily unreachable: failed to lookup address information: Temporary failure in name resolution
2025-12-29T01:15:07.581318Z  WARN ThreadId(01) docker_node: Node 3 port 20003 temporarily unreachable: failed to lookup address information: Temporary failure in name resolution
2025-12-29T01:15:07.583005Z  WARN ThreadId(01) docker_node: Node 4 port 20004 temporarily unreachable: failed to lookup address information: Temporary failure in name resolution
2025-12-29T01:15:07.584770Z  WARN ThreadId(01) docker_node: Node 5 port 20005 temporarily unreachable: failed to lookup address information: Temporary failure in name resolution
2025-12-29T01:15:07.586416Z  WARN ThreadId(01) docker_node: Node 6 port 20006 temporarily unreachable: failed to lookup address information: Temporary failure in name resolution
2025-12-29T01:15:07.588083Z  WARN ThreadId(01) docker_node: Node 7 port 20007 temporarily unreachable: failed to lookup address information: Temporary failure in name resolution
2025-12-29T01:15:07.589749Z  WARN ThreadId(01) docker_node: Node 8 port 20008 temporarily unreachable: failed to lookup address information: Temporary failure in name resolution
2025-12-29T01:15:07.591467Z  WARN ThreadId(01) docker_node: Node 9 port 20009 temporarily unreachable: failed to lookup address information: Temporary failure in name resolution
2025-12-29T01:15:07.593045Z  WARN ThreadId(01) docker_node: Node 10 port 20010 temporarily unreachable: failed to lookup address information: Temporary failure in name resolution
2025-12-29T01:15:07.594649Z  WARN ThreadId(01) docker_node: Node 11 port 20011 temporarily unreachable: failed to lookup address information: Temporary failure in name resolution
2025-12-29T01:15:07.596223Z  WARN ThreadId(01) docker_node: Node 12 port 20012 temporarily unreachable: failed to lookup address information: Temporary failure in name resolution
2025-12-29T01:15:07.597921Z  WARN ThreadId(01) docker_node: Node 13 port 20013 temporarily unreachable: failed to lookup address information: Temporary failure in name resolution
2025-12-29T01:15:07.599673Z  WARN ThreadId(01) docker_node: Node 14 port 20014 temporarily unreachable: failed to lookup address information: Temporary failure in name resolution
2025-12-29T01:15:07.601366Z  WARN ThreadId(01) docker_node: Node 15 port 20015 temporarily unreachable: failed to lookup address information: Temporary failure in name resolution
2025-12-29T01:15:07.603116Z  WARN ThreadId(01) docker_node: Node 16 port 20016 temporarily unreachable: failed to lookup address information: Temporary failure in name resolution
2025-12-29T01:15:07.604948Z  WARN ThreadId(01) docker_node: Node 17 port 20017 temporarily unreachable: failed to lookup address information: Temporary failure in name resolution
2025-12-29T01:15:07.606928Z  WARN ThreadId(01) docker_node: Node 18 port 20018 temporarily unreachable: failed to lookup address information: Temporary failure in name resolution
2025-12-29T01:15:07.608647Z  WARN ThreadId(01) docker_node: Node 19 port 20019 temporarily unreachable: failed to lookup address information: Temporary failure in name resolution
2025-12-29T01:15:07.610479Z  WARN ThreadId(01) docker_node: Node 20 port 20020 temporarily unreachable: failed to lookup address information: Temporary failure in name resolution
2025-12-29T01:15:07.612527Z  WARN ThreadId(01) docker_node: Node 21 port 20021 temporarily unreachable: failed to lookup address information: Temporary failure in name resolution
2025-12-29T01:15:07.614331Z  WARN ThreadId(01) docker_node: Node 22 port 20022 temporarily unreachable: failed to lookup address information: Temporary failure in name resolution
2025-12-29T01:15:07.616238Z  WARN ThreadId(01) docker_node: Node 23 port 20023 temporarily unreachable: failed to lookup address information: Temporary failure in name resolution
2025-12-29T01:15:07.617993Z  WARN ThreadId(01) docker_node: Node 24 port 20024 temporarily unreachable: failed to lookup address information: Temporary failure in name resolution
2025-12-29T01:15:07.619720Z  WARN ThreadId(01) docker_node: Node 25 port 20025 temporarily unreachable: failed to lookup address information: Temporary failure in name resolution
2025-12-29T01:15:07.621653Z  WARN ThreadId(01) docker_node: Node 26 port 20026 temporarily unreachable: failed to lookup address information: Temporary failure in name resolution
2025-12-29T01:15:07.623320Z  WARN ThreadId(01) docker_node: Node 27 port 20027 temporarily unreachable: failed to lookup address information: Temporary failure in name resolution
2025-12-29T01:15:07.625003Z  WARN ThreadId(01) docker_node: Node 28 port 20028 temporarily unreachable: failed to lookup address information: Temporary failure in name resolution
2025-12-29T01:15:07.626940Z  WARN ThreadId(01) docker_node: Node 29 port 20029 temporarily unreachable: failed to lookup address information: Temporary failure in name resolution
2025-12-29T01:15:11.872728Z  WARN ThreadId(20) hotstuff_runner::app: Node 0 [produce_block] queue size: 0, attempting up to 0 transactions this block    
2025-12-29T01:15:12.573408Z  WARN ThreadId(08) docker_node:   Connection reuse ineffective (2.0 msg/conn)
2025-12-29T01:15:17.492446Z  WARN ThreadId(20) hotstuff_runner::app: Node 0 [produce_block] queue size: 0, attempting up to 0 transactions this block    
2025-12-29T01:15:17.572908Z  WARN ThreadId(08) docker_node:   Connection reuse ineffective (2.0 msg/conn)
2025-12-29T01:15:22.573096Z  WARN ThreadId(08) docker_node:   Connection reuse ineffective (2.0 msg/conn)
2025-12-29T01:15:23.063338Z  WARN ThreadId(20) hotstuff_runner::app: Node 0 [produce_block] queue size: 0, attempting up to 0 transactions this block    
2025-12-29T01:15:27.573222Z  WARN ThreadId(08) docker_node:   Connection reuse ineffective (2.0 msg/conn)
2025-12-29T01:15:28.648182Z  WARN ThreadId(20) hotstuff_runner::app: Node 0 [produce_block] queue size: 0, attempting up to 0 transactions this block    
2025-12-29T01:15:28.648199Z  WARN ThreadId(20) hotstuff_runner::app: Node 0 view(108) far exceeds block count (3); potential sync issue    
2025-12-29T01:15:32.573448Z  WARN ThreadId(08) docker_node:   Connection reuse ineffective (2.0 msg/conn)
2025-12-29T01:15:33.423502Z  WARN ThreadId(21) hotstuff_runner::tcp_node: Detected transaction backlog: submit rate (16.6) > confirm rate (0.0)
2025-12-29T01:15:33.657911Z  WARN ThreadId(09) hotstuff_runner::pompe: ⚡ [Timed Output] Node 0 flushed 126 transactions
2025-12-29T01:15:34.159864Z  WARN ThreadId(09) hotstuff_runner::pompe: ⚡ [Timed Output] Node 0 flushed 162 transactions
2025-12-29T01:15:34.234267Z  WARN ThreadId(20) hotstuff_runner::app: Node 0 [produce_block] queue size: 288, attempting up to 288 transactions this block    
2025-12-29T01:15:34.234402Z  WARN ThreadId(20) hotstuff_runner::app: Node 0 view(138) far exceeds block count (4); potential sync issue    
2025-12-29T01:15:34.662004Z  WARN ThreadId(09) hotstuff_runner::pompe: ⚡ [Timed Output] Node 0 flushed 544 transactions
2025-12-29T01:15:35.162179Z  WARN ThreadId(06) hotstuff_runner::pompe: ⚡ [Timed Output] Node 0 flushed 120 transactions
2025-12-29T01:15:35.664170Z  WARN ThreadId(06) hotstuff_runner::pompe: ⚡ [Timed Output] Node 0 flushed 364 transactions
2025-12-29T01:15:36.164626Z  WARN ThreadId(08) hotstuff_runner::pompe: ⚡ [Timed Output] Node 0 flushed 206 transactions
2025-12-29T01:15:36.665507Z  WARN ThreadId(07) hotstuff_runner::pompe: ⚡ [Timed Output] Node 0 flushed 382 transactions
2025-12-29T01:15:37.165982Z  WARN ThreadId(07) hotstuff_runner::pompe: ⚡ [Timed Output] Node 0 flushed 228 transactions
2025-12-29T01:15:37.628004Z  WARN ThreadId(07) docker_node: Node 0 Regular transaction queue backlog: 2200 transactions
2025-12-29T01:15:37.667414Z  WARN ThreadId(07) hotstuff_runner::pompe: ⚡ [Timed Output] Node 0 flushed 312 transactions
2025-12-29T01:15:38.168581Z  WARN ThreadId(08) hotstuff_runner::pompe: ⚡ [Timed Output] Node 0 flushed 328 transactions
2025-12-29T01:15:38.669114Z  WARN ThreadId(07) hotstuff_runner::pompe: ⚡ [Timed Output] Node 0 flushed 88 transactions
2025-12-29T01:15:39.170194Z  WARN ThreadId(07) hotstuff_runner::pompe: ⚡ [Timed Output] Node 0 flushed 242 transactions
2025-12-29T01:15:39.671847Z  WARN ThreadId(09) hotstuff_runner::pompe: ⚡ [Timed Output] Node 0 flushed 372 transactions
2025-12-29T01:15:40.172200Z  WARN ThreadId(02) hotstuff_runner::pompe: ⚡ [Timed Output] Node 0 flushed 450 transactions
2025-12-29T01:15:40.673906Z  WARN ThreadId(02) hotstuff_runner::pompe: ⚡ [Timed Output] Node 0 flushed 480 transactions
2025-12-29T01:15:41.174315Z  WARN ThreadId(06) hotstuff_runner::pompe: ⚡ [Timed Output] Node 0 flushed 440 transactions
2025-12-29T01:15:41.675863Z  WARN ThreadId(02) hotstuff_runner::pompe: ⚡ [Timed Output] Node 0 flushed 482 transactions
2025-12-29T01:15:42.176243Z  WARN ThreadId(08) hotstuff_runner::pompe: ⚡ [Timed Output] Node 0 flushed 360 transactions
2025-12-29T01:15:42.572968Z  WARN ThreadId(06) docker_node: Low processing efficiency: 0.0% - system may need tuning
2025-12-29T01:15:42.628312Z  WARN ThreadId(02) docker_node: Node 0 Regular transaction queue backlog: 6096 transactions
2025-12-29T01:15:42.677073Z  WARN ThreadId(02) hotstuff_runner::pompe: ⚡ [Timed Output] Node 0 flushed 400 transactions
2025-12-29T01:15:43.178139Z  WARN ThreadId(02) hotstuff_runner::pompe: ⚡ [Timed Output] Node 0 flushed 366 transactions
2025-12-29T01:15:43.233445Z  WARN ThreadId(21) hotstuff_runner::tcp_node: Node 0 view 153 timed out; latency may accumulate
2025-12-29T01:15:43.679685Z  WARN ThreadId(02) hotstuff_runner::pompe: ⚡ [Timed Output] Node 0 flushed 400 transactions
2025-12-29T01:15:44.180801Z  WARN ThreadId(02) hotstuff_runner::pompe: ⚡ [Timed Output] Node 0 flushed 302 transactions
2025-12-29T01:15:44.681223Z  WARN ThreadId(09) hotstuff_runner::pompe: ⚡ [Timed Output] Node 0 flushed 214 transactions
2025-12-29T01:15:45.182177Z  WARN ThreadId(02) hotstuff_runner::pompe: ⚡ [Timed Output] Node 0 flushed 4 transactions
2025-12-29T01:15:47.573705Z  WARN ThreadId(08) docker_node: Low processing efficiency: 0.0% - system may need tuning
2025-12-29T01:15:47.627909Z  WARN ThreadId(08) docker_node: Node 0 Regular transaction queue backlog: 8100 transactions
2025-12-29T01:15:49.390789Z  WARN ThreadId(21) hotstuff_runner::tcp_node: Node 0 view 155 timed out; latency may accumulate
2025-12-29T01:15:52.573371Z  WARN ThreadId(08) docker_node: Low processing efficiency: 0.0% - system may need tuning
2025-12-29T01:15:52.628602Z  WARN ThreadId(08) docker_node: Node 0 Regular transaction queue backlog: 8100 transactions
2025-12-29T01:15:57.573315Z  WARN ThreadId(08) docker_node: Low processing efficiency: 0.0% - system may need tuning
2025-12-29T01:15:57.628551Z  WARN ThreadId(08) docker_node: Node 0 Regular transaction queue backlog: 8100 transactions
2025-12-29T01:16:02.564970Z  WARN ThreadId(08) hotstuff_runner::pompe: 🧹 [Cleanup] Node 0 cleared 5040 orphaned ordering1 states
2025-12-29T01:16:02.573181Z  WARN ThreadId(08) docker_node: Low processing efficiency: 0.0% - system may need tuning
2025-12-29T01:16:02.628369Z  WARN ThreadId(02) docker_node: Node 0 Regular transaction queue backlog: 8100 transactions
2025-12-29T01:16:07.575774Z  WARN ThreadId(02) docker_node: Low processing efficiency: 0.0% - system may need tuning
2025-12-29T01:16:07.627942Z  WARN ThreadId(02) docker_node: Node 0 Regular transaction queue backlog: 8100 transactions
2025-12-29T01:16:08.084923Z  WARN ThreadId(21) hotstuff_runner::tcp_node: Node 0 view 161 timed out; latency may accumulate
2025-12-29T01:16:10.139527Z  WARN ThreadId(20) hotstuff_runner::app: Node 0 [produce_block] queue size: 8100, attempting up to 8100 transactions this block    
2025-12-29T01:16:10.141924Z  WARN ThreadId(20) hotstuff_runner::app: Node 0 view(168) far exceeds block count (5); potential sync issue    
2025-12-29T01:16:12.573008Z  WARN ThreadId(09) docker_node: Low processing efficiency: 0.0% - system may need tuning
2025-12-29T01:16:15.139150Z  WARN ThreadId(21) hotstuff_runner::tcp_node: Node 0 view 168 timed out; latency may accumulate
2025-12-29T01:16:17.573482Z  WARN ThreadId(09) docker_node: Low processing efficiency: 0.0% - system may need tuning
2025-12-29T01:16:20.140100Z  WARN ThreadId(21) hotstuff_runner::tcp_node: Node 0 view 169 timed out; latency may accumulate
2025-12-29T01:16:22.572844Z  WARN ThreadId(09) docker_node: Low processing efficiency: 0.0% - system may need tuning
2025-12-29T01:16:25.140833Z  WARN ThreadId(21) hotstuff_runner::tcp_node: Node 0 view 170 timed out; latency may accumulate
2025-12-29T01:16:27.573684Z  WARN ThreadId(08) docker_node: Low processing efficiency: 0.0% - system may need tuning
2025-12-29T01:16:32.573457Z  WARN ThreadId(02) docker_node: Low processing efficiency: 0.0% - system may need tuning
2025-12-29T01:16:37.573729Z  WARN ThreadId(08) docker_node: Low processing efficiency: 0.0% - system may need tuning
2025-12-29T01:16:42.573499Z  WARN ThreadId(08) docker_node: Low processing efficiency: 0.0% - system may need tuning
2025-12-29T01:16:47.573614Z  WARN ThreadId(08) docker_node: Low processing efficiency: 0.0% - system may need tuning
2025-12-29T01:16:47.716933Z  WARN ThreadId(21) hotstuff_runner::tcp_node: Node 0 view 183 timed out; latency may accumulate
2025-12-29T01:16:50.382013Z  WARN ThreadId(20) hotstuff_runner::app: Node 0 [produce_block] queue size: 0, attempting up to 0 transactions this block    
2025-12-29T01:16:50.382038Z  WARN ThreadId(20) hotstuff_runner::app: Node 0 view(198) far exceeds block count (6); potential sync issue    
2025-12-29T01:16:52.573250Z  WARN ThreadId(09) docker_node: Low processing efficiency: 0.0% - system may need tuning
2025-12-29T01:16:55.897046Z  WARN ThreadId(20) hotstuff_runner::app: Node 0 [produce_block] queue size: 0, attempting up to 0 transactions this block    
2025-12-29T01:16:55.897070Z  WARN ThreadId(20) hotstuff_runner::app: Node 0 view(228) far exceeds block count (7); potential sync issue    
2025-12-29T01:16:57.573266Z  WARN ThreadId(09) docker_node: Low processing efficiency: 0.0% - system may need tuning
2025-12-29T01:17:01.411145Z  WARN ThreadId(20) hotstuff_runner::app: Node 0 [produce_block] queue size: 0, attempting up to 0 transactions this block    
2025-12-29T01:17:01.411164Z  WARN ThreadId(20) hotstuff_runner::app: Node 0 view(258) far exceeds block count (8); potential sync issue    
2025-12-29T01:17:02.573519Z  WARN ThreadId(09) docker_node: Low processing efficiency: 0.0% - system may need tuning
2025-12-29T01:17:06.894093Z  WARN ThreadId(20) hotstuff_runner::app: Node 0 [produce_block] queue size: 0, attempting up to 0 transactions this block    
2025-12-29T01:17:06.894115Z  WARN ThreadId(20) hotstuff_runner::app: Node 0 view(288) far exceeds block count (9); potential sync issue    
2025-12-29T01:17:07.332051Z  WARN ThreadId(20) hotstuff_rs::block_tree::invariants: SAFE_PC_FAIL: pc.block=[192, 176, 18, 131, 48, 75, 216, 16, 4, 114, 7, 48, 198, 113, 96, 253, 121, 233, 152, 172, 233, 54, 170, 250, 66, 122, 126, 157, 66, 175, 8, 227] view=289 phase=Generic | cond1(chain_id/genesis)=true (pc.chain_id=0, my.chain_id=0) | cond2(block_exists/genesis)=false (exists=false) | cond3(view>locked || extends)=true (pc.view=289, locked.view=286, extends=false) | cond4(phase/updates)=true (phase_special=false, has_updates=false) | highest_pc.block=[238, 2, 33, 135, 85, 88, 213, 243, 225, 249, 188, 126, 118, 219, 147, 224, 51, 244, 71, 68, 6, 241, 166, 223, 225, 230, 122, 208, 105, 195, 132, 168] highest_pc.view=287 locked.block=[209, 233, 139, 174, 214, 109, 60, 10, 150, 231, 109, 25, 185, 231, 106, 197, 76, 159, 47, 70, 0, 83, 252, 36, 225, 219, 198, 122, 228, 41, 225, 30] locked.view=286    
2025-12-29T01:17:07.332076Z  WARN ThreadId(20) hotstuff_rs::block_tree::invariants: SAFE_BLOCK_FAIL: block=[18, 47, 40, 172, 164, 162, 98, 129, 76, 181, 46, 196, 197, 225, 62, 151, 67, 157, 61, 8, 210, 213, 119, 178, 101, 3, 132, 185, 246, 186, 202, 171] height=None | cond1(safe_pc)=false | cond2(is_block_justify)=true (justify.phase=Generic) | justify.block=[192, 176, 18, 131, 48, 75, 216, 16, 4, 114, 7, 48, 198, 113, 96, 253, 121, 233, 152, 172, 233, 54, 170, 250, 66, 122, 126, 157, 66, 175, 8, 227] justify.view=289 | highest_pc.block=[238, 2, 33, 135, 85, 88, 213, 243, 225, 249, 188, 126, 118, 219, 147, 224, 51, 244, 71, 68, 6, 241, 166, 223, 225, 230, 122, 208, 105, 195, 132, 168] highest_pc.view=287 | locked.block=[209, 233, 139, 174, 214, 109, 60, 10, 150, 231, 109, 25, 185, 231, 106, 197, 76, 159, 47, 70, 0, 83, 252, 36, 225, 219, 198, 122, 228, 41, 225, 30] locked.view=286    
2025-12-29T01:17:07.529346Z  WARN ThreadId(20) hotstuff_rs::block_tree::invariants: SAFE_PC_FAIL: pc.block=[18, 47, 40, 172, 164, 162, 98, 129, 76, 181, 46, 196, 197, 225, 62, 151, 67, 157, 61, 8, 210, 213, 119, 178, 101, 3, 132, 185, 246, 186, 202, 171] view=290 phase=Generic | cond1(chain_id/genesis)=true (pc.chain_id=0, my.chain_id=0) | cond2(block_exists/genesis)=false (exists=false) | cond3(view>locked || extends)=true (pc.view=290, locked.view=286, extends=false) | cond4(phase/updates)=true (phase_special=false, has_updates=false) | highest_pc.block=[238, 2, 33, 135, 85, 88, 213, 243, 225, 249, 188, 126, 118, 219, 147, 224, 51, 244, 71, 68, 6, 241, 166, 223, 225, 230, 122, 208, 105, 195, 132, 168] highest_pc.view=287 locked.block=[209, 233, 139, 174, 214, 109, 60, 10, 150, 231, 109, 25, 185, 231, 106, 197, 76, 159, 47, 70, 0, 83, 252, 36, 225, 219, 198, 122, 228, 41, 225, 30] locked.view=286    
2025-12-29T01:17:07.529368Z  WARN ThreadId(20) hotstuff_rs::block_tree::invariants: SAFE_BLOCK_FAIL: block=[47, 61, 76, 117, 35, 149, 225, 34, 224, 253, 68, 179, 170, 144, 206, 118, 180, 228, 109, 150, 148, 27, 206, 76, 47, 49, 174, 108, 188, 67, 187, 251] height=None | cond1(safe_pc)=false | cond2(is_block_justify)=true (justify.phase=Generic) | justify.block=[18, 47, 40, 172, 164, 162, 98, 129, 76, 181, 46, 196, 197, 225, 62, 151, 67, 157, 61, 8, 210, 213, 119, 178, 101, 3, 132, 185, 246, 186, 202, 171] justify.view=290 | highest_pc.block=[238, 2, 33, 135, 85, 88, 213, 243, 225, 249, 188, 126, 118, 219, 147, 224, 51, 244, 71, 68, 6, 241, 166, 223, 225, 230, 122, 208, 105, 195, 132, 168] highest_pc.view=287 | locked.block=[209, 233, 139, 174, 214, 109, 60, 10, 150, 231, 109, 25, 185, 231, 106, 197, 76, 159, 47, 70, 0, 83, 252, 36, 225, 219, 198, 122, 228, 41, 225, 30] locked.view=286    
2025-12-29T01:17:07.573278Z  WARN ThreadId(08) docker_node: Low processing efficiency: 0.0% - system may need tuning
2025-12-29T01:17:07.662221Z  WARN ThreadId(20) hotstuff_rs::block_tree::invariants: SAFE_PC_FAIL: pc.block=[47, 61, 76, 117, 35, 149, 225, 34, 224, 253, 68, 179, 170, 144, 206, 118, 180, 228, 109, 150, 148, 27, 206, 76, 47, 49, 174, 108, 188, 67, 187, 251] view=291 phase=Generic | cond1(chain_id/genesis)=true (pc.chain_id=0, my.chain_id=0) | cond2(block_exists/genesis)=false (exists=false) | cond3(view>locked || extends)=true (pc.view=291, locked.view=286, extends=false) | cond4(phase/updates)=true (phase_special=false, has_updates=false) | highest_pc.block=[238, 2, 33, 135, 85, 88, 213, 243, 225, 249, 188, 126, 118, 219, 147, 224, 51, 244, 71, 68, 6, 241, 166, 223, 225, 230, 122, 208, 105, 195, 132, 168] highest_pc.view=287 locked.block=[209, 233, 139, 174, 214, 109, 60, 10, 150, 231, 109, 25, 185, 231, 106, 197, 76, 159, 47, 70, 0, 83, 252, 36, 225, 219, 198, 122, 228, 41, 225, 30] locked.view=286    
2025-12-29T01:17:07.662250Z  WARN ThreadId(20) hotstuff_rs::block_tree::invariants: SAFE_BLOCK_FAIL: block=[67, 87, 9, 77, 203, 248, 217, 160, 12, 13, 124, 193, 39, 192, 223, 71, 115, 254, 188, 12, 25, 89, 207, 153, 92, 170, 137, 86, 23, 73, 156, 226] height=None | cond1(safe_pc)=false | cond2(is_block_justify)=true (justify.phase=Generic) | justify.block=[47, 61, 76, 117, 35, 149, 225, 34, 224, 253, 68, 179, 170, 144, 206, 118, 180, 228, 109, 150, 148, 27, 206, 76, 47, 49, 174, 108, 188, 67, 187, 251] justify.view=291 | highest_pc.block=[238, 2, 33, 135, 85, 88, 213, 243, 225, 249, 188, 126, 118, 219, 147, 224, 51, 244, 71, 68, 6, 241, 166, 223, 225, 230, 122, 208, 105, 195, 132, 168] highest_pc.view=287 | locked.block=[209, 233, 139, 174, 214, 109, 60, 10, 150, 231, 109, 25, 185, 231, 106, 197, 76, 159, 47, 70, 0, 83, 252, 36, 225, 219, 198, 122, 228, 41, 225, 30] locked.view=286    
2025-12-29T01:17:07.941428Z  WARN ThreadId(20) hotstuff_rs::block_tree::invariants: SAFE_PC_FAIL: pc.block=[67, 87, 9, 77, 203, 248, 217, 160, 12, 13, 124, 193, 39, 192, 223, 71, 115, 254, 188, 12, 25, 89, 207, 153, 92, 170, 137, 86, 23, 73, 156, 226] view=292 phase=Generic | cond1(chain_id/genesis)=true (pc.chain_id=0, my.chain_id=0) | cond2(block_exists/genesis)=false (exists=false) | cond3(view>locked || extends)=true (pc.view=292, locked.view=286, extends=false) | cond4(phase/updates)=true (phase_special=false, has_updates=false) | highest_pc.block=[238, 2, 33, 135, 85, 88, 213, 243, 225, 249, 188, 126, 118, 219, 147, 224, 51, 244, 71, 68, 6, 241, 166, 223, 225, 230, 122, 208, 105, 195, 132, 168] highest_pc.view=287 locked.block=[209, 233, 139, 174, 214, 109, 60, 10, 150, 231, 109, 25, 185, 231, 106, 197, 76, 159, 47, 70, 0, 83, 252, 36, 225, 219, 198, 122, 228, 41, 225, 30] locked.view=286    
2025-12-29T01:17:07.941453Z  WARN ThreadId(20) hotstuff_rs::block_tree::invariants: SAFE_BLOCK_FAIL: block=[214, 138, 91, 131, 237, 228, 170, 151, 67, 222, 251, 87, 102, 200, 211, 23, 223, 21, 27, 43, 123, 160, 185, 112, 38, 227, 11, 96, 248, 159, 86, 94] height=None | cond1(safe_pc)=false | cond2(is_block_justify)=true (justify.phase=Generic) | justify.block=[67, 87, 9, 77, 203, 248, 217, 160, 12, 13, 124, 193, 39, 192, 223, 71, 115, 254, 188, 12, 25, 89, 207, 153, 92, 170, 137, 86, 23, 73, 156, 226] justify.view=292 | highest_pc.block=[238, 2, 33, 135, 85, 88, 213, 243, 225, 249, 188, 126, 118, 219, 147, 224, 51, 244, 71, 68, 6, 241, 166, 223, 225, 230, 122, 208, 105, 195, 132, 168] highest_pc.view=287 | locked.block=[209, 233, 139, 174, 214, 109, 60, 10, 150, 231, 109, 25, 185, 231, 106, 197, 76, 159, 47, 70, 0, 83, 252, 36, 225, 219, 198, 122, 228, 41, 225, 30] locked.view=286    
2025-12-29T01:17:08.112403Z  WARN ThreadId(20) hotstuff_rs::block_tree::invariants: SAFE_PC_FAIL: pc.block=[214, 138, 91, 131, 237, 228, 170, 151, 67, 222, 251, 87, 102, 200, 211, 23, 223, 21, 27, 43, 123, 160, 185, 112, 38, 227, 11, 96, 248, 159, 86, 94] view=293 phase=Generic | cond1(chain_id/genesis)=true (pc.chain_id=0, my.chain_id=0) | cond2(block_exists/genesis)=false (exists=false) | cond3(view>locked || extends)=true (pc.view=293, locked.view=286, extends=false) | cond4(phase/updates)=true (phase_special=false, has_updates=false) | highest_pc.block=[238, 2, 33, 135, 85, 88, 213, 243, 225, 249, 188, 126, 118, 219, 147, 224, 51, 244, 71, 68, 6, 241, 166, 223, 225, 230, 122, 208, 105, 195, 132, 168] highest_pc.view=287 locked.block=[209, 233, 139, 174, 214, 109, 60, 10, 150, 231, 109, 25, 185, 231, 106, 197, 76, 159, 47, 70, 0, 83, 252, 36, 225, 219, 198, 122, 228, 41, 225, 30] locked.view=286    
2025-12-29T01:17:08.112426Z  WARN ThreadId(20) hotstuff_rs::block_tree::invariants: SAFE_BLOCK_FAIL: block=[49, 216, 199, 248, 125, 9, 58, 136, 150, 228, 6, 91, 3, 82, 231, 158, 162, 150, 14, 22, 133, 148, 47, 11, 50, 181, 71, 137, 62, 184, 205, 180] height=None | cond1(safe_pc)=false | cond2(is_block_justify)=true (justify.phase=Generic) | justify.block=[214, 138, 91, 131, 237, 228, 170, 151, 67, 222, 251, 87, 102, 200, 211, 23, 223, 21, 27, 43, 123, 160, 185, 112, 38, 227, 11, 96, 248, 159, 86, 94] justify.view=293 | highest_pc.block=[238, 2, 33, 135, 85, 88, 213, 243, 225, 249, 188, 126, 118, 219, 147, 224, 51, 244, 71, 68, 6, 241, 166, 223, 225, 230, 122, 208, 105, 195, 132, 168] highest_pc.view=287 | locked.block=[209, 233, 139, 174, 214, 109, 60, 10, 150, 231, 109, 25, 185, 231, 106, 197, 76, 159, 47, 70, 0, 83, 252, 36, 225, 219, 198, 122, 228, 41, 225, 30] locked.view=286    
2025-12-29T01:17:08.340364Z  WARN ThreadId(20) hotstuff_rs::block_tree::invariants: SAFE_PC_FAIL: pc.block=[49, 216, 199, 248, 125, 9, 58, 136, 150, 228, 6, 91, 3, 82, 231, 158, 162, 150, 14, 22, 133, 148, 47, 11, 50, 181, 71, 137, 62, 184, 205, 180] view=294 phase=Generic | cond1(chain_id/genesis)=true (pc.chain_id=0, my.chain_id=0) | cond2(block_exists/genesis)=false (exists=false) | cond3(view>locked || extends)=true (pc.view=294, locked.view=286, extends=false) | cond4(phase/updates)=true (phase_special=false, has_updates=false) | highest_pc.block=[238, 2, 33, 135, 85, 88, 213, 243, 225, 249, 188, 126, 118, 219, 147, 224, 51, 244, 71, 68, 6, 241, 166, 223, 225, 230, 122, 208, 105, 195, 132, 168] highest_pc.view=287 locked.block=[209, 233, 139, 174, 214, 109, 60, 10, 150, 231, 109, 25, 185, 231, 106, 197, 76, 159, 47, 70, 0, 83, 252, 36, 225, 219, 198, 122, 228, 41, 225, 30] locked.view=286    
2025-12-29T01:17:08.340386Z  WARN ThreadId(20) hotstuff_rs::block_tree::invariants: SAFE_BLOCK_FAIL: block=[243, 43, 2, 247, 253, 113, 73, 13, 104, 237, 235, 9, 128, 170, 205, 98, 54, 157, 194, 10, 60, 43, 53, 136, 247, 221, 221, 188, 51, 7, 225, 250] height=None | cond1(safe_pc)=false | cond2(is_block_justify)=true (justify.phase=Generic) | justify.block=[49, 216, 199, 248, 125, 9, 58, 136, 150, 228, 6, 91, 3, 82, 231, 158, 162, 150, 14, 22, 133, 148, 47, 11, 50, 181, 71, 137, 62, 184, 205, 180] justify.view=294 | highest_pc.block=[238, 2, 33, 135, 85, 88, 213, 243, 225, 249, 188, 126, 118, 219, 147, 224, 51, 244, 71, 68, 6, 241, 166, 223, 225, 230, 122, 208, 105, 195, 132, 168] highest_pc.view=287 | locked.block=[209, 233, 139, 174, 214, 109, 60, 10, 150, 231, 109, 25, 185, 231, 106, 197, 76, 159, 47, 70, 0, 83, 252, 36, 225, 219, 198, 122, 228, 41, 225, 30] locked.view=286    
2025-12-29T01:17:08.517070Z  WARN ThreadId(20) hotstuff_rs::block_tree::invariants: SAFE_PC_FAIL: pc.block=[243, 43, 2, 247, 253, 113, 73, 13, 104, 237, 235, 9, 128, 170, 205, 98, 54, 157, 194, 10, 60, 43, 53, 136, 247, 221, 221, 188, 51, 7, 225, 250] view=295 phase=Generic | cond1(chain_id/genesis)=true (pc.chain_id=0, my.chain_id=0) | cond2(block_exists/genesis)=false (exists=false) | cond3(view>locked || extends)=true (pc.view=295, locked.view=286, extends=false) | cond4(phase/updates)=true (phase_special=false, has_updates=false) | highest_pc.block=[238, 2, 33, 135, 85, 88, 213, 243, 225, 249, 188, 126, 118, 219, 147, 224, 51, 244, 71, 68, 6, 241, 166, 223, 225, 230, 122, 208, 105, 195, 132, 168] highest_pc.view=287 locked.block=[209, 233, 139, 174, 214, 109, 60, 10, 150, 231, 109, 25, 185, 231, 106, 197, 76, 159, 47, 70, 0, 83, 252, 36, 225, 219, 198, 122, 228, 41, 225, 30] locked.view=286    
2025-12-29T01:17:08.517110Z  WARN ThreadId(20) hotstuff_rs::block_tree::invariants: SAFE_BLOCK_FAIL: block=[94, 29, 86, 2, 118, 236, 100, 170, 104, 141, 82, 120, 67, 135, 203, 14, 106, 25, 132, 252, 98, 183, 177, 166, 240, 162, 87, 245, 113, 69, 183, 117] height=None | cond1(safe_pc)=false | cond2(is_block_justify)=true (justify.phase=Generic) | justify.block=[243, 43, 2, 247, 253, 113, 73, 13, 104, 237, 235, 9, 128, 170, 205, 98, 54, 157, 194, 10, 60, 43, 53, 136, 247, 221, 221, 188, 51, 7, 225, 250] justify.view=295 | highest_pc.block=[238, 2, 33, 135, 85, 88, 213, 243, 225, 249, 188, 126, 118, 219, 147, 224, 51, 244, 71, 68, 6, 241, 166, 223, 225, 230, 122, 208, 105, 195, 132, 168] highest_pc.view=287 | locked.block=[209, 233, 139, 174, 214, 109, 60, 10, 150, 231, 109, 25, 185, 231, 106, 197, 76, 159, 47, 70, 0, 83, 252, 36, 225, 219, 198, 122, 228, 41, 225, 30] locked.view=286    
2025-12-29T01:17:08.732645Z  WARN ThreadId(20) hotstuff_rs::block_tree::invariants: SAFE_PC_FAIL: pc.block=[94, 29, 86, 2, 118, 236, 100, 170, 104, 141, 82, 120, 67, 135, 203, 14, 106, 25, 132, 252, 98, 183, 177, 166, 240, 162, 87, 245, 113, 69, 183, 117] view=296 phase=Generic | cond1(chain_id/genesis)=true (pc.chain_id=0, my.chain_id=0) | cond2(block_exists/genesis)=false (exists=false) | cond3(view>locked || extends)=true (pc.view=296, locked.view=286, extends=false) | cond4(phase/updates)=true (phase_special=false, has_updates=false) | highest_pc.block=[238, 2, 33, 135, 85, 88, 213, 243, 225, 249, 188, 126, 118, 219, 147, 224, 51, 244, 71, 68, 6, 241, 166, 223, 225, 230, 122, 208, 105, 195, 132, 168] highest_pc.view=287 locked.block=[209, 233, 139, 174, 214, 109, 60, 10, 150, 231, 109, 25, 185, 231, 106, 197, 76, 159, 47, 70, 0, 83, 252, 36, 225, 219, 198, 122, 228, 41, 225, 30] locked.view=286    
2025-12-29T01:17:08.732677Z  WARN ThreadId(20) hotstuff_rs::block_tree::invariants: SAFE_BLOCK_FAIL: block=[198, 111, 151, 21, 50, 84, 179, 212, 231, 201, 74, 225, 130, 84, 235, 222, 239, 171, 232, 114, 232, 250, 26, 213, 0, 3, 71, 173, 243, 135, 49, 98] height=None | cond1(safe_pc)=false | cond2(is_block_justify)=true (justify.phase=Generic) | justify.block=[94, 29, 86, 2, 118, 236, 100, 170, 104, 141, 82, 120, 67, 135, 203, 14, 106, 25, 132, 252, 98, 183, 177, 166, 240, 162, 87, 245, 113, 69, 183, 117] justify.view=296 | highest_pc.block=[238, 2, 33, 135, 85, 88, 213, 243, 225, 249, 188, 126, 118, 219, 147, 224, 51, 244, 71, 68, 6, 241, 166, 223, 225, 230, 122, 208, 105, 195, 132, 168] highest_pc.view=287 | locked.block=[209, 233, 139, 174, 214, 109, 60, 10, 150, 231, 109, 25, 185, 231, 106, 197, 76, 159, 47, 70, 0, 83, 252, 36, 225, 219, 198, 122, 228, 41, 225, 30] locked.view=286    
2025-12-29T01:17:08.881394Z  WARN ThreadId(20) hotstuff_rs::block_tree::invariants: SAFE_PC_FAIL: pc.block=[198, 111, 151, 21, 50, 84, 179, 212, 231, 201, 74, 225, 130, 84, 235, 222, 239, 171, 232, 114, 232, 250, 26, 213, 0, 3, 71, 173, 243, 135, 49, 98] view=297 phase=Generic | cond1(chain_id/genesis)=true (pc.chain_id=0, my.chain_id=0) | cond2(block_exists/genesis)=false (exists=false) | cond3(view>locked || extends)=true (pc.view=297, locked.view=286, extends=false) | cond4(phase/updates)=true (phase_special=false, has_updates=false) | highest_pc.block=[238, 2, 33, 135, 85, 88, 213, 243, 225, 249, 188, 126, 118, 219, 147, 224, 51, 244, 71, 68, 6, 241, 166, 223, 225, 230, 122, 208, 105, 195, 132, 168] highest_pc.view=287 locked.block=[209, 233, 139, 174, 214, 109, 60, 10, 150, 231, 109, 25, 185, 231, 106, 197, 76, 159, 47, 70, 0, 83, 252, 36, 225, 219, 198, 122, 228, 41, 225, 30] locked.view=286    
2025-12-29T01:17:08.881437Z  WARN ThreadId(20) hotstuff_rs::block_tree::invariants: SAFE_BLOCK_FAIL: block=[152, 234, 158, 53, 82, 13, 191, 206, 202, 69, 24, 111, 187, 64, 21, 42, 186, 14, 197, 223, 203, 221, 73, 144, 64, 170, 241, 208, 78, 129, 163, 115] height=None | cond1(safe_pc)=false | cond2(is_block_justify)=true (justify.phase=Generic) | justify.block=[198, 111, 151, 21, 50, 84, 179, 212, 231, 201, 74, 225, 130, 84, 235, 222, 239, 171, 232, 114, 232, 250, 26, 213, 0, 3, 71, 173, 243, 135, 49, 98] justify.view=297 | highest_pc.block=[238, 2, 33, 135, 85, 88, 213, 243, 225, 249, 188, 126, 118, 219, 147, 224, 51, 244, 71, 68, 6, 241, 166, 223, 225, 230, 122, 208, 105, 195, 132, 168] highest_pc.view=287 | locked.block=[209, 233, 139, 174, 214, 109, 60, 10, 150, 231, 109, 25, 185, 231, 106, 197, 76, 159, 47, 70, 0, 83, 252, 36, 225, 219, 198, 122, 228, 41, 225, 30] locked.view=286    
2025-12-29T01:17:09.090553Z  WARN ThreadId(20) hotstuff_rs::block_tree::invariants: SAFE_PC_FAIL: pc.block=[152, 234, 158, 53, 82, 13, 191, 206, 202, 69, 24, 111, 187, 64, 21, 42, 186, 14, 197, 223, 203, 221, 73, 144, 64, 170, 241, 208, 78, 129, 163, 115] view=298 phase=Generic | cond1(chain_id/genesis)=true (pc.chain_id=0, my.chain_id=0) | cond2(block_exists/genesis)=false (exists=false) | cond3(view>locked || extends)=true (pc.view=298, locked.view=286, extends=false) | cond4(phase/updates)=true (phase_special=false, has_updates=false) | highest_pc.block=[238, 2, 33, 135, 85, 88, 213, 243, 225, 249, 188, 126, 118, 219, 147, 224, 51, 244, 71, 68, 6, 241, 166, 223, 225, 230, 122, 208, 105, 195, 132, 168] highest_pc.view=287 locked.block=[209, 233, 139, 174, 214, 109, 60, 10, 150, 231, 109, 25, 185, 231, 106, 197, 76, 159, 47, 70, 0, 83, 252, 36, 225, 219, 198, 122, 228, 41, 225, 30] locked.view=286    
2025-12-29T01:17:09.090582Z  WARN ThreadId(20) hotstuff_rs::block_tree::invariants: SAFE_BLOCK_FAIL: block=[71, 219, 106, 88, 170, 62, 124, 96, 120, 139, 217, 12, 181, 2, 121, 81, 184, 64, 167, 241, 82, 49, 22, 255, 157, 24, 48, 115, 122, 165, 33, 221] height=None | cond1(safe_pc)=false | cond2(is_block_justify)=true (justify.phase=Generic) | justify.block=[152, 234, 158, 53, 82, 13, 191, 206, 202, 69, 24, 111, 187, 64, 21, 42, 186, 14, 197, 223, 203, 221, 73, 144, 64, 170, 241, 208, 78, 129, 163, 115] justify.view=298 | highest_pc.block=[238, 2, 33, 135, 85, 88, 213, 243, 225, 249, 188, 126, 118, 219, 147, 224, 51, 244, 71, 68, 6, 241, 166, 223, 225, 230, 122, 208, 105, 195, 132, 168] highest_pc.view=287 | locked.block=[209, 233, 139, 174, 214, 109, 60, 10, 150, 231, 109, 25, 185, 231, 106, 197, 76, 159, 47, 70, 0, 83, 252, 36, 225, 219, 198, 122, 228, 41, 225, 30] locked.view=286    
2025-12-29T01:17:09.324462Z  WARN ThreadId(20) hotstuff_rs::block_tree::invariants: SAFE_PC_FAIL: pc.block=[71, 219, 106, 88, 170, 62, 124, 96, 120, 139, 217, 12, 181, 2, 121, 81, 184, 64, 167, 241, 82, 49, 22, 255, 157, 24, 48, 115, 122, 165, 33, 221] view=299 phase=Generic | cond1(chain_id/genesis)=true (pc.chain_id=0, my.chain_id=0) | cond2(block_exists/genesis)=false (exists=false) | cond3(view>locked || extends)=true (pc.view=299, locked.view=286, extends=false) | cond4(phase/updates)=true (phase_special=false, has_updates=false) | highest_pc.block=[238, 2, 33, 135, 85, 88, 213, 243, 225, 249, 188, 126, 118, 219, 147, 224, 51, 244, 71, 68, 6, 241, 166, 223, 225, 230, 122, 208, 105, 195, 132, 168] highest_pc.view=287 locked.block=[209, 233, 139, 174, 214, 109, 60, 10, 150, 231, 109, 25, 185, 231, 106, 197, 76, 159, 47, 70, 0, 83, 252, 36, 225, 219, 198, 122, 228, 41, 225, 30] locked.view=286    
2025-12-29T01:17:09.324489Z  WARN ThreadId(20) hotstuff_rs::block_tree::invariants: SAFE_BLOCK_FAIL: block=[200, 49, 80, 244, 148, 138, 40, 150, 107, 149, 224, 87, 177, 107, 190, 243, 235, 39, 151, 106, 84, 150, 132, 161, 121, 168, 71, 13, 88, 21, 167, 142] height=None | cond1(safe_pc)=false | cond2(is_block_justify)=true (justify.phase=Generic) | justify.block=[71, 219, 106, 88, 170, 62, 124, 96, 120, 139, 217, 12, 181, 2, 121, 81, 184, 64, 167, 241, 82, 49, 22, 255, 157, 24, 48, 115, 122, 165, 33, 221] justify.view=299 | highest_pc.block=[238, 2, 33, 135, 85, 88, 213, 243, 225, 249, 188, 126, 118, 219, 147, 224, 51, 244, 71, 68, 6, 241, 166, 223, 225, 230, 122, 208, 105, 195, 132, 168] highest_pc.view=287 | locked.block=[209, 233, 139, 174, 214, 109, 60, 10, 150, 231, 109, 25, 185, 231, 106, 197, 76, 159, 47, 70, 0, 83, 252, 36, 225, 219, 198, 122, 228, 41, 225, 30] locked.view=286    
2025-12-29T01:17:09.575477Z  WARN ThreadId(20) hotstuff_rs::block_tree::invariants: SAFE_PC_FAIL: pc.block=[200, 49, 80, 244, 148, 138, 40, 150, 107, 149, 224, 87, 177, 107, 190, 243, 235, 39, 151, 106, 84, 150, 132, 161, 121, 168, 71, 13, 88, 21, 167, 142] view=300 phase=Generic | cond1(chain_id/genesis)=true (pc.chain_id=0, my.chain_id=0) | cond2(block_exists/genesis)=false (exists=false) | cond3(view>locked || extends)=true (pc.view=300, locked.view=286, extends=false) | cond4(phase/updates)=true (phase_special=false, has_updates=false) | highest_pc.block=[238, 2, 33, 135, 85, 88, 213, 243, 225, 249, 188, 126, 118, 219, 147, 224, 51, 244, 71, 68, 6, 241, 166, 223, 225, 230, 122, 208, 105, 195, 132, 168] highest_pc.view=287 locked.block=[209, 233, 139, 174, 214, 109, 60, 10, 150, 231, 109, 25, 185, 231, 106, 197, 76, 159, 47, 70, 0, 83, 252, 36, 225, 219, 198, 122, 228, 41, 225, 30] locked.view=286    
2025-12-29T01:17:09.575523Z  WARN ThreadId(20) hotstuff_rs::block_tree::invariants: SAFE_BLOCK_FAIL: block=[30, 167, 110, 65, 254, 156, 213, 216, 211, 234, 130, 1, 71, 174, 190, 136, 243, 224, 227, 113, 99, 214, 106, 83, 64, 175, 100, 223, 52, 66, 76, 136] height=None | cond1(safe_pc)=false | cond2(is_block_justify)=true (justify.phase=Generic) | justify.block=[200, 49, 80, 244, 148, 138, 40, 150, 107, 149, 224, 87, 177, 107, 190, 243, 235, 39, 151, 106, 84, 150, 132, 161, 121, 168, 71, 13, 88, 21, 167, 142] justify.view=300 | highest_pc.block=[238, 2, 33, 135, 85, 88, 213, 243, 225, 249, 188, 126, 118, 219, 147, 224, 51, 244, 71, 68, 6, 241, 166, 223, 225, 230, 122, 208, 105, 195, 132, 168] highest_pc.view=287 | locked.block=[209, 233, 139, 174, 214, 109, 60, 10, 150, 231, 109, 25, 185, 231, 106, 197, 76, 159, 47, 70, 0, 83, 252, 36, 225, 219, 198, 122, 228, 41, 225, 30] locked.view=286    
2025-12-29T01:17:09.663463Z  WARN ThreadId(20) hotstuff_rs::block_tree::invariants: SAFE_PC_FAIL: pc.block=[30, 167, 110, 65, 254, 156, 213, 216, 211, 234, 130, 1, 71, 174, 190, 136, 243, 224, 227, 113, 99, 214, 106, 83, 64, 175, 100, 223, 52, 66, 76, 136] view=301 phase=Generic | cond1(chain_id/genesis)=true (pc.chain_id=0, my.chain_id=0) | cond2(block_exists/genesis)=false (exists=false) | cond3(view>locked || extends)=true (pc.view=301, locked.view=286, extends=false) | cond4(phase/updates)=true (phase_special=false, has_updates=false) | highest_pc.block=[238, 2, 33, 135, 85, 88, 213, 243, 225, 249, 188, 126, 118, 219, 147, 224, 51, 244, 71, 68, 6, 241, 166, 223, 225, 230, 122, 208, 105, 195, 132, 168] highest_pc.view=287 locked.block=[209, 233, 139, 174, 214, 109, 60, 10, 150, 231, 109, 25, 185, 231, 106, 197, 76, 159, 47, 70, 0, 83, 252, 36, 225, 219, 198, 122, 228, 41, 225, 30] locked.view=286    
2025-12-29T01:17:09.663487Z  WARN ThreadId(20) hotstuff_rs::block_tree::invariants: SAFE_BLOCK_FAIL: block=[62, 217, 224, 27, 109, 247, 128, 139, 227, 170, 216, 25, 236, 191, 41, 140, 100, 185, 163, 171, 174, 233, 27, 196, 218, 116, 247, 4, 20, 37, 60, 36] height=None | cond1(safe_pc)=false | cond2(is_block_justify)=true (justify.phase=Generic) | justify.block=[30, 167, 110, 65, 254, 156, 213, 216, 211, 234, 130, 1, 71, 174, 190, 136, 243, 224, 227, 113, 99, 214, 106, 83, 64, 175, 100, 223, 52, 66, 76, 136] justify.view=301 | highest_pc.block=[238, 2, 33, 135, 85, 88, 213, 243, 225, 249, 188, 126, 118, 219, 147, 224, 51, 244, 71, 68, 6, 241, 166, 223, 225, 230, 122, 208, 105, 195, 132, 168] highest_pc.view=287 | locked.block=[209, 233, 139, 174, 214, 109, 60, 10, 150, 231, 109, 25, 185, 231, 106, 197, 76, 159, 47, 70, 0, 83, 252, 36, 225, 219, 198, 122, 228, 41, 225, 30] locked.view=286    
2025-12-29T01:17:09.858281Z  WARN ThreadId(20) hotstuff_rs::block_tree::invariants: SAFE_PC_FAIL: pc.block=[62, 217, 224, 27, 109, 247, 128, 139, 227, 170, 216, 25, 236, 191, 41, 140, 100, 185, 163, 171, 174, 233, 27, 196, 218, 116, 247, 4, 20, 37, 60, 36] view=302 phase=Generic | cond1(chain_id/genesis)=true (pc.chain_id=0, my.chain_id=0) | cond2(block_exists/genesis)=false (exists=false) | cond3(view>locked || extends)=true (pc.view=302, locked.view=286, extends=false) | cond4(phase/updates)=true (phase_special=false, has_updates=false) | highest_pc.block=[238, 2, 33, 135, 85, 88, 213, 243, 225, 249, 188, 126, 118, 219, 147, 224, 51, 244, 71, 68, 6, 241, 166, 223, 225, 230, 122, 208, 105, 195, 132, 168] highest_pc.view=287 locked.block=[209, 233, 139, 174, 214, 109, 60, 10, 150, 231, 109, 25, 185, 231, 106, 197, 76, 159, 47, 70, 0, 83, 252, 36, 225, 219, 198, 122, 228, 41, 225, 30] locked.view=286    
2025-12-29T01:17:09.858309Z  WARN ThreadId(20) hotstuff_rs::block_tree::invariants: SAFE_BLOCK_FAIL: block=[131, 209, 186, 199, 18, 221, 206, 72, 104, 225, 38, 84, 49, 69, 101, 89, 87, 63, 56, 40, 69, 30, 202, 227, 133, 84, 183, 72, 181, 2, 255, 213] height=None | cond1(safe_pc)=false | cond2(is_block_justify)=true (justify.phase=Generic) | justify.block=[62, 217, 224, 27, 109, 247, 128, 139, 227, 170, 216, 25, 236, 191, 41, 140, 100, 185, 163, 171, 174, 233, 27, 196, 218, 116, 247, 4, 20, 37, 60, 36] justify.view=302 | highest_pc.block=[238, 2, 33, 135, 85, 88, 213, 243, 225, 249, 188, 126, 118, 219, 147, 224, 51, 244, 71, 68, 6, 241, 166, 223, 225, 230, 122, 208, 105, 195, 132, 168] highest_pc.view=287 | locked.block=[209, 233, 139, 174, 214, 109, 60, 10, 150, 231, 109, 25, 185, 231, 106, 197, 76, 159, 47, 70, 0, 83, 252, 36, 225, 219, 198, 122, 228, 41, 225, 30] locked.view=286    
2025-12-29T01:17:10.105279Z  WARN ThreadId(20) hotstuff_rs::block_tree::invariants: SAFE_PC_FAIL: pc.block=[131, 209, 186, 199, 18, 221, 206, 72, 104, 225, 38, 84, 49, 69, 101, 89, 87, 63, 56, 40, 69, 30, 202, 227, 133, 84, 183, 72, 181, 2, 255, 213] view=303 phase=Generic | cond1(chain_id/genesis)=true (pc.chain_id=0, my.chain_id=0) | cond2(block_exists/genesis)=false (exists=false) | cond3(view>locked || extends)=true (pc.view=303, locked.view=286, extends=false) | cond4(phase/updates)=true (phase_special=false, has_updates=false) | highest_pc.block=[238, 2, 33, 135, 85, 88, 213, 243, 225, 249, 188, 126, 118, 219, 147, 224, 51, 244, 71, 68, 6, 241, 166, 223, 225, 230, 122, 208, 105, 195, 132, 168] highest_pc.view=287 locked.block=[209, 233, 139, 174, 214, 109, 60, 10, 150, 231, 109, 25, 185, 231, 106, 197, 76, 159, 47, 70, 0, 83, 252, 36, 225, 219, 198, 122, 228, 41, 225, 30] locked.view=286    
2025-12-29T01:17:10.105306Z  WARN ThreadId(20) hotstuff_rs::block_tree::invariants: SAFE_BLOCK_FAIL: block=[124, 124, 190, 212, 19, 204, 243, 65, 250, 53, 170, 211, 10, 32, 140, 23, 34, 103, 212, 93, 48, 13, 193, 65, 86, 206, 243, 113, 69, 164, 180, 118] height=None | cond1(safe_pc)=false | cond2(is_block_justify)=true (justify.phase=Generic) | justify.block=[131, 209, 186, 199, 18, 221, 206, 72, 104, 225, 38, 84, 49, 69, 101, 89, 87, 63, 56, 40, 69, 30, 202, 227, 133, 84, 183, 72, 181, 2, 255, 213] justify.view=303 | highest_pc.block=[238, 2, 33, 135, 85, 88, 213, 243, 225, 249, 188, 126, 118, 219, 147, 224, 51, 244, 71, 68, 6, 241, 166, 223, 225, 230, 122, 208, 105, 195, 132, 168] highest_pc.view=287 | locked.block=[209, 233, 139, 174, 214, 109, 60, 10, 150, 231, 109, 25, 185, 231, 106, 197, 76, 159, 47, 70, 0, 83, 252, 36, 225, 219, 198, 122, 228, 41, 225, 30] locked.view=286    
2025-12-29T01:17:10.268995Z  WARN ThreadId(20) hotstuff_rs::block_tree::invariants: SAFE_PC_FAIL: pc.block=[124, 124, 190, 212, 19, 204, 243, 65, 250, 53, 170, 211, 10, 32, 140, 23, 34, 103, 212, 93, 48, 13, 193, 65, 86, 206, 243, 113, 69, 164, 180, 118] view=304 phase=Generic | cond1(chain_id/genesis)=true (pc.chain_id=0, my.chain_id=0) | cond2(block_exists/genesis)=false (exists=false) | cond3(view>locked || extends)=true (pc.view=304, locked.view=286, extends=false) | cond4(phase/updates)=true (phase_special=false, has_updates=false) | highest_pc.block=[238, 2, 33, 135, 85, 88, 213, 243, 225, 249, 188, 126, 118, 219, 147, 224, 51, 244, 71, 68, 6, 241, 166, 223, 225, 230, 122, 208, 105, 195, 132, 168] highest_pc.view=287 locked.block=[209, 233, 139, 174, 214, 109, 60, 10, 150, 231, 109, 25, 185, 231, 106, 197, 76, 159, 47, 70, 0, 83, 252, 36, 225, 219, 198, 122, 228, 41, 225, 30] locked.view=286    
2025-12-29T01:17:10.269029Z  WARN ThreadId(20) hotstuff_rs::block_tree::invariants: SAFE_BLOCK_FAIL: block=[122, 181, 199, 57, 80, 110, 61, 111, 222, 79, 66, 171, 106, 231, 86, 39, 136, 213, 58, 132, 6, 245, 125, 225, 114, 44, 238, 177, 34, 186, 230, 57] height=None | cond1(safe_pc)=false | cond2(is_block_justify)=true (justify.phase=Generic) | justify.block=[124, 124, 190, 212, 19, 204, 243, 65, 250, 53, 170, 211, 10, 32, 140, 23, 34, 103, 212, 93, 48, 13, 193, 65, 86, 206, 243, 113, 69, 164, 180, 118] justify.view=304 | highest_pc.block=[238, 2, 33, 135, 85, 88, 213, 243, 225, 249, 188, 126, 118, 219, 147, 224, 51, 244, 71, 68, 6, 241, 166, 223, 225, 230, 122, 208, 105, 195, 132, 168] highest_pc.view=287 | locked.block=[209, 233, 139, 174, 214, 109, 60, 10, 150, 231, 109, 25, 185, 231, 106, 197, 76, 159, 47, 70, 0, 83, 252, 36, 225, 219, 198, 122, 228, 41, 225, 30] locked.view=286    
2025-12-29T01:17:10.374585Z  WARN ThreadId(20) hotstuff_rs::block_tree::invariants: SAFE_PC_FAIL: pc.block=[122, 181, 199, 57, 80, 110, 61, 111, 222, 79, 66, 171, 106, 231, 86, 39, 136, 213, 58, 132, 6, 245, 125, 225, 114, 44, 238, 177, 34, 186, 230, 57] view=305 phase=Generic | cond1(chain_id/genesis)=true (pc.chain_id=0, my.chain_id=0) | cond2(block_exists/genesis)=false (exists=false) | cond3(view>locked || extends)=true (pc.view=305, locked.view=286, extends=false) | cond4(phase/updates)=true (phase_special=false, has_updates=false) | highest_pc.block=[238, 2, 33, 135, 85, 88, 213, 243, 225, 249, 188, 126, 118, 219, 147, 224, 51, 244, 71, 68, 6, 241, 166, 223, 225, 230, 122, 208, 105, 195, 132, 168] highest_pc.view=287 locked.block=[209, 233, 139, 174, 214, 109, 60, 10, 150, 231, 109, 25, 185, 231, 106, 197, 76, 159, 47, 70, 0, 83, 252, 36, 225, 219, 198, 122, 228, 41, 225, 30] locked.view=286    
2025-12-29T01:17:10.374627Z  WARN ThreadId(20) hotstuff_rs::block_tree::invariants: SAFE_BLOCK_FAIL: block=[192, 113, 28, 82, 115, 196, 57, 51, 181, 214, 23, 81, 65, 19, 176, 232, 130, 143, 23, 244, 63, 68, 100, 240, 110, 89, 108, 87, 40, 205, 248, 46] height=None | cond1(safe_pc)=false | cond2(is_block_justify)=true (justify.phase=Generic) | justify.block=[122, 181, 199, 57, 80, 110, 61, 111, 222, 79, 66, 171, 106, 231, 86, 39, 136, 213, 58, 132, 6, 245, 125, 225, 114, 44, 238, 177, 34, 186, 230, 57] justify.view=305 | highest_pc.block=[238, 2, 33, 135, 85, 88, 213, 243, 225, 249, 188, 126, 118, 219, 147, 224, 51, 244, 71, 68, 6, 241, 166, 223, 225, 230, 122, 208, 105, 195, 132, 168] highest_pc.view=287 | locked.block=[209, 233, 139, 174, 214, 109, 60, 10, 150, 231, 109, 25, 185, 231, 106, 197, 76, 159, 47, 70, 0, 83, 252, 36, 225, 219, 198, 122, 228, 41, 225, 30] locked.view=286    
2025-12-29T01:17:10.597595Z  WARN ThreadId(20) hotstuff_rs::block_tree::invariants: SAFE_PC_FAIL: pc.block=[192, 113, 28, 82, 115, 196, 57, 51, 181, 214, 23, 81, 65, 19, 176, 232, 130, 143, 23, 244, 63, 68, 100, 240, 110, 89, 108, 87, 40, 205, 248, 46] view=306 phase=Generic | cond1(chain_id/genesis)=true (pc.chain_id=0, my.chain_id=0) | cond2(block_exists/genesis)=false (exists=false) | cond3(view>locked || extends)=true (pc.view=306, locked.view=286, extends=false) | cond4(phase/updates)=true (phase_special=false, has_updates=false) | highest_pc.block=[238, 2, 33, 135, 85, 88, 213, 243, 225, 249, 188, 126, 118, 219, 147, 224, 51, 244, 71, 68, 6, 241, 166, 223, 225, 230, 122, 208, 105, 195, 132, 168] highest_pc.view=287 locked.block=[209, 233, 139, 174, 214, 109, 60, 10, 150, 231, 109, 25, 185, 231, 106, 197, 76, 159, 47, 70, 0, 83, 252, 36, 225, 219, 198, 122, 228, 41, 225, 30] locked.view=286    
2025-12-29T01:17:10.597639Z  WARN ThreadId(20) hotstuff_rs::block_tree::invariants: SAFE_BLOCK_FAIL: block=[19, 33, 99, 95, 55, 129, 251, 220, 144, 228, 233, 105, 127, 149, 104, 146, 188, 160, 197, 186, 211, 136, 185, 255, 219, 210, 178, 4, 44, 8, 13, 225] height=None | cond1(safe_pc)=false | cond2(is_block_justify)=true (justify.phase=Generic) | justify.block=[192, 113, 28, 82, 115, 196, 57, 51, 181, 214, 23, 81, 65, 19, 176, 232, 130, 143, 23, 244, 63, 68, 100, 240, 110, 89, 108, 87, 40, 205, 248, 46] justify.view=306 | highest_pc.block=[238, 2, 33, 135, 85, 88, 213, 243, 225, 249, 188, 126, 118, 219, 147, 224, 51, 244, 71, 68, 6, 241, 166, 223, 225, 230, 122, 208, 105, 195, 132, 168] highest_pc.view=287 | locked.block=[209, 233, 139, 174, 214, 109, 60, 10, 150, 231, 109, 25, 185, 231, 106, 197, 76, 159, 47, 70, 0, 83, 252, 36, 225, 219, 198, 122, 228, 41, 225, 30] locked.view=286    
2025-12-29T01:17:10.769732Z  WARN ThreadId(20) hotstuff_rs::block_tree::invariants: SAFE_PC_FAIL: pc.block=[19, 33, 99, 95, 55, 129, 251, 220, 144, 228, 233, 105, 127, 149, 104, 146, 188, 160, 197, 186, 211, 136, 185, 255, 219, 210, 178, 4, 44, 8, 13, 225] view=307 phase=Generic | cond1(chain_id/genesis)=true (pc.chain_id=0, my.chain_id=0) | cond2(block_exists/genesis)=false (exists=false) | cond3(view>locked || extends)=true (pc.view=307, locked.view=286, extends=false) | cond4(phase/updates)=true (phase_special=false, has_updates=false) | highest_pc.block=[238, 2, 33, 135, 85, 88, 213, 243, 225, 249, 188, 126, 118, 219, 147, 224, 51, 244, 71, 68, 6, 241, 166, 223, 225, 230, 122, 208, 105, 195, 132, 168] highest_pc.view=287 locked.block=[209, 233, 139, 174, 214, 109, 60, 10, 150, 231, 109, 25, 185, 231, 106, 197, 76, 159, 47, 70, 0, 83, 252, 36, 225, 219, 198, 122, 228, 41, 225, 30] locked.view=286    
2025-12-29T01:17:10.769756Z  WARN ThreadId(20) hotstuff_rs::block_tree::invariants: SAFE_BLOCK_FAIL: block=[54, 171, 180, 25, 56, 99, 98, 170, 254, 106, 149, 149, 2, 157, 30, 158, 28, 81, 62, 112, 183, 30, 226, 187, 222, 34, 162, 152, 240, 186, 241, 204] height=None | cond1(safe_pc)=false | cond2(is_block_justify)=true (justify.phase=Generic) | justify.block=[19, 33, 99, 95, 55, 129, 251, 220, 144, 228, 233, 105, 127, 149, 104, 146, 188, 160, 197, 186, 211, 136, 185, 255, 219, 210, 178, 4, 44, 8, 13, 225] justify.view=307 | highest_pc.block=[238, 2, 33, 135, 85, 88, 213, 243, 225, 249, 188, 126, 118, 219, 147, 224, 51, 244, 71, 68, 6, 241, 166, 223, 225, 230, 122, 208, 105, 195, 132, 168] highest_pc.view=287 | locked.block=[209, 233, 139, 174, 214, 109, 60, 10, 150, 231, 109, 25, 185, 231, 106, 197, 76, 159, 47, 70, 0, 83, 252, 36, 225, 219, 198, 122, 228, 41, 225, 30] locked.view=286    
2025-12-29T01:17:10.920976Z  WARN ThreadId(20) hotstuff_rs::block_tree::invariants: SAFE_PC_FAIL: pc.block=[54, 171, 180, 25, 56, 99, 98, 170, 254, 106, 149, 149, 2, 157, 30, 158, 28, 81, 62, 112, 183, 30, 226, 187, 222, 34, 162, 152, 240, 186, 241, 204] view=308 phase=Generic | cond1(chain_id/genesis)=true (pc.chain_id=0, my.chain_id=0) | cond2(block_exists/genesis)=false (exists=false) | cond3(view>locked || extends)=true (pc.view=308, locked.view=286, extends=false) | cond4(phase/updates)=true (phase_special=false, has_updates=false) | highest_pc.block=[238, 2, 33, 135, 85, 88, 213, 243, 225, 249, 188, 126, 118, 219, 147, 224, 51, 244, 71, 68, 6, 241, 166, 223, 225, 230, 122, 208, 105, 195, 132, 168] highest_pc.view=287 locked.block=[209, 233, 139, 174, 214, 109, 60, 10, 150, 231, 109, 25, 185, 231, 106, 197, 76, 159, 47, 70, 0, 83, 252, 36, 225, 219, 198, 122, 228, 41, 225, 30] locked.view=286    
2025-12-29T01:17:10.921004Z  WARN ThreadId(20) hotstuff_rs::block_tree::invariants: SAFE_BLOCK_FAIL: block=[29, 184, 83, 161, 2, 73, 134, 253, 224, 84, 158, 44, 77, 163, 165, 164, 41, 157, 154, 224, 37, 128, 121, 27, 182, 79, 4, 75, 181, 14, 57, 19] height=None | cond1(safe_pc)=false | cond2(is_block_justify)=true (justify.phase=Generic) | justify.block=[54, 171, 180, 25, 56, 99, 98, 170, 254, 106, 149, 149, 2, 157, 30, 158, 28, 81, 62, 112, 183, 30, 226, 187, 222, 34, 162, 152, 240, 186, 241, 204] justify.view=308 | highest_pc.block=[238, 2, 33, 135, 85, 88, 213, 243, 225, 249, 188, 126, 118, 219, 147, 224, 51, 244, 71, 68, 6, 241, 166, 223, 225, 230, 122, 208, 105, 195, 132, 168] highest_pc.view=287 | locked.block=[209, 233, 139, 174, 214, 109, 60, 10, 150, 231, 109, 25, 185, 231, 106, 197, 76, 159, 47, 70, 0, 83, 252, 36, 225, 219, 198, 122, 228, 41, 225, 30] locked.view=286    
2025-12-29T01:17:11.135977Z  WARN ThreadId(20) hotstuff_rs::block_tree::invariants: SAFE_PC_FAIL: pc.block=[29, 184, 83, 161, 2, 73, 134, 253, 224, 84, 158, 44, 77, 163, 165, 164, 41, 157, 154, 224, 37, 128, 121, 27, 182, 79, 4, 75, 181, 14, 57, 19] view=309 phase=Generic | cond1(chain_id/genesis)=true (pc.chain_id=0, my.chain_id=0) | cond2(block_exists/genesis)=false (exists=false) | cond3(view>locked || extends)=true (pc.view=309, locked.view=286, extends=false) | cond4(phase/updates)=true (phase_special=false, has_updates=false) | highest_pc.block=[238, 2, 33, 135, 85, 88, 213, 243, 225, 249, 188, 126, 118, 219, 147, 224, 51, 244, 71, 68, 6, 241, 166, 223, 225, 230, 122, 208, 105, 195, 132, 168] highest_pc.view=287 locked.block=[209, 233, 139, 174, 214, 109, 60, 10, 150, 231, 109, 25, 185, 231, 106, 197, 76, 159, 47, 70, 0, 83, 252, 36, 225, 219, 198, 122, 228, 41, 225, 30] locked.view=286    
2025-12-29T01:17:11.136005Z  WARN ThreadId(20) hotstuff_rs::block_tree::invariants: SAFE_BLOCK_FAIL: block=[164, 196, 3, 86, 137, 204, 249, 52, 244, 101, 45, 217, 48, 138, 72, 23, 201, 196, 99, 252, 182, 153, 117, 249, 18, 166, 237, 168, 219, 183, 8, 205] height=None | cond1(safe_pc)=false | cond2(is_block_justify)=true (justify.phase=Generic) | justify.block=[29, 184, 83, 161, 2, 73, 134, 253, 224, 84, 158, 44, 77, 163, 165, 164, 41, 157, 154, 224, 37, 128, 121, 27, 182, 79, 4, 75, 181, 14, 57, 19] justify.view=309 | highest_pc.block=[238, 2, 33, 135, 85, 88, 213, 243, 225, 249, 188, 126, 118, 219, 147, 224, 51, 244, 71, 68, 6, 241, 166, 223, 225, 230, 122, 208, 105, 195, 132, 168] highest_pc.view=287 | locked.block=[209, 233, 139, 174, 214, 109, 60, 10, 150, 231, 109, 25, 185, 231, 106, 197, 76, 159, 47, 70, 0, 83, 252, 36, 225, 219, 198, 122, 228, 41, 225, 30] locked.view=286    
2025-12-29T01:17:11.387026Z  WARN ThreadId(20) hotstuff_rs::block_tree::invariants: SAFE_PC_FAIL: pc.block=[164, 196, 3, 86, 137, 204, 249, 52, 244, 101, 45, 217, 48, 138, 72, 23, 201, 196, 99, 252, 182, 153, 117, 249, 18, 166, 237, 168, 219, 183, 8, 205] view=310 phase=Generic | cond1(chain_id/genesis)=true (pc.chain_id=0, my.chain_id=0) | cond2(block_exists/genesis)=false (exists=false) | cond3(view>locked || extends)=true (pc.view=310, locked.view=286, extends=false) | cond4(phase/updates)=true (phase_special=false, has_updates=false) | highest_pc.block=[238, 2, 33, 135, 85, 88, 213, 243, 225, 249, 188, 126, 118, 219, 147, 224, 51, 244, 71, 68, 6, 241, 166, 223, 225, 230, 122, 208, 105, 195, 132, 168] highest_pc.view=287 locked.block=[209, 233, 139, 174, 214, 109, 60, 10, 150, 231, 109, 25, 185, 231, 106, 197, 76, 159, 47, 70, 0, 83, 252, 36, 225, 219, 198, 122, 228, 41, 225, 30] locked.view=286    
2025-12-29T01:17:11.387100Z  WARN ThreadId(20) hotstuff_rs::block_tree::invariants: SAFE_BLOCK_FAIL: block=[62, 171, 32, 9, 6, 252, 234, 99, 45, 167, 224, 17, 209, 89, 4, 203, 88, 113, 66, 221, 239, 141, 171, 152, 175, 106, 172, 9, 229, 59, 126, 60] height=None | cond1(safe_pc)=false | cond2(is_block_justify)=true (justify.phase=Generic) | justify.block=[164, 196, 3, 86, 137, 204, 249, 52, 244, 101, 45, 217, 48, 138, 72, 23, 201, 196, 99, 252, 182, 153, 117, 249, 18, 166, 237, 168, 219, 183, 8, 205] justify.view=310 | highest_pc.block=[238, 2, 33, 135, 85, 88, 213, 243, 225, 249, 188, 126, 118, 219, 147, 224, 51, 244, 71, 68, 6, 241, 166, 223, 225, 230, 122, 208, 105, 195, 132, 168] highest_pc.view=287 | locked.block=[209, 233, 139, 174, 214, 109, 60, 10, 150, 231, 109, 25, 185, 231, 106, 197, 76, 159, 47, 70, 0, 83, 252, 36, 225, 219, 198, 122, 228, 41, 225, 30] locked.view=286    
2025-12-29T01:17:11.477392Z  WARN ThreadId(20) hotstuff_rs::block_tree::invariants: SAFE_PC_FAIL: pc.block=[62, 171, 32, 9, 6, 252, 234, 99, 45, 167, 224, 17, 209, 89, 4, 203, 88, 113, 66, 221, 239, 141, 171, 152, 175, 106, 172, 9, 229, 59, 126, 60] view=311 phase=Generic | cond1(chain_id/genesis)=true (pc.chain_id=0, my.chain_id=0) | cond2(block_exists/genesis)=false (exists=false) | cond3(view>locked || extends)=true (pc.view=311, locked.view=286, extends=false) | cond4(phase/updates)=true (phase_special=false, has_updates=false) | highest_pc.block=[238, 2, 33, 135, 85, 88, 213, 243, 225, 249, 188, 126, 118, 219, 147, 224, 51, 244, 71, 68, 6, 241, 166, 223, 225, 230, 122, 208, 105, 195, 132, 168] highest_pc.view=287 locked.block=[209, 233, 139, 174, 214, 109, 60, 10, 150, 231, 109, 25, 185, 231, 106, 197, 76, 159, 47, 70, 0, 83, 252, 36, 225, 219, 198, 122, 228, 41, 225, 30] locked.view=286    
2025-12-29T01:17:11.477445Z  WARN ThreadId(20) hotstuff_rs::block_tree::invariants: SAFE_BLOCK_FAIL: block=[207, 135, 122, 50, 167, 160, 240, 102, 34, 192, 251, 93, 39, 169, 228, 217, 249, 144, 99, 225, 142, 224, 78, 233, 253, 220, 49, 184, 4, 201, 38, 246] height=None | cond1(safe_pc)=false | cond2(is_block_justify)=true (justify.phase=Generic) | justify.block=[62, 171, 32, 9, 6, 252, 234, 99, 45, 167, 224, 17, 209, 89, 4, 203, 88, 113, 66, 221, 239, 141, 171, 152, 175, 106, 172, 9, 229, 59, 126, 60] justify.view=311 | highest_pc.block=[238, 2, 33, 135, 85, 88, 213, 243, 225, 249, 188, 126, 118, 219, 147, 224, 51, 244, 71, 68, 6, 241, 166, 223, 225, 230, 122, 208, 105, 195, 132, 168] highest_pc.view=287 | locked.block=[209, 233, 139, 174, 214, 109, 60, 10, 150, 231, 109, 25, 185, 231, 106, 197, 76, 159, 47, 70, 0, 83, 252, 36, 225, 219, 198, 122, 228, 41, 225, 30] locked.view=286    
2025-12-29T01:17:11.727945Z  WARN ThreadId(20) hotstuff_rs::block_tree::invariants: SAFE_PC_FAIL: pc.block=[207, 135, 122, 50, 167, 160, 240, 102, 34, 192, 251, 93, 39, 169, 228, 217, 249, 144, 99, 225, 142, 224, 78, 233, 253, 220, 49, 184, 4, 201, 38, 246] view=312 phase=Generic | cond1(chain_id/genesis)=true (pc.chain_id=0, my.chain_id=0) | cond2(block_exists/genesis)=false (exists=false) | cond3(view>locked || extends)=true (pc.view=312, locked.view=286, extends=false) | cond4(phase/updates)=true (phase_special=false, has_updates=false) | highest_pc.block=[238, 2, 33, 135, 85, 88, 213, 243, 225, 249, 188, 126, 118, 219, 147, 224, 51, 244, 71, 68, 6, 241, 166, 223, 225, 230, 122, 208, 105, 195, 132, 168] highest_pc.view=287 locked.block=[209, 233, 139, 174, 214, 109, 60, 10, 150, 231, 109, 25, 185, 231, 106, 197, 76, 159, 47, 70, 0, 83, 252, 36, 225, 219, 198, 122, 228, 41, 225, 30] locked.view=286    
2025-12-29T01:17:11.727977Z  WARN ThreadId(20) hotstuff_rs::block_tree::invariants: SAFE_BLOCK_FAIL: block=[131, 107, 149, 170, 39, 16, 232, 191, 141, 222, 69, 19, 76, 31, 229, 133, 6, 157, 195, 165, 178, 190, 96, 186, 14, 83, 62, 86, 188, 145, 185, 156] height=None | cond1(safe_pc)=false | cond2(is_block_justify)=true (justify.phase=Generic) | justify.block=[207, 135, 122, 50, 167, 160, 240, 102, 34, 192, 251, 93, 39, 169, 228, 217, 249, 144, 99, 225, 142, 224, 78, 233, 253, 220, 49, 184, 4, 201, 38, 246] justify.view=312 | highest_pc.block=[238, 2, 33, 135, 85, 88, 213, 243, 225, 249, 188, 126, 118, 219, 147, 224, 51, 244, 71, 68, 6, 241, 166, 223, 225, 230, 122, 208, 105, 195, 132, 168] highest_pc.view=287 | locked.block=[209, 233, 139, 174, 214, 109, 60, 10, 150, 231, 109, 25, 185, 231, 106, 197, 76, 159, 47, 70, 0, 83, 252, 36, 225, 219, 198, 122, 228, 41, 225, 30] locked.view=286    
2025-12-29T01:17:11.959182Z  WARN ThreadId(20) hotstuff_rs::block_tree::invariants: SAFE_PC_FAIL: pc.block=[131, 107, 149, 170, 39, 16, 232, 191, 141, 222, 69, 19, 76, 31, 229, 133, 6, 157, 195, 165, 178, 190, 96, 186, 14, 83, 62, 86, 188, 145, 185, 156] view=313 phase=Generic | cond1(chain_id/genesis)=true (pc.chain_id=0, my.chain_id=0) | cond2(block_exists/genesis)=false (exists=false) | cond3(view>locked || extends)=true (pc.view=313, locked.view=286, extends=false) | cond4(phase/updates)=true (phase_special=false, has_updates=false) | highest_pc.block=[238, 2, 33, 135, 85, 88, 213, 243, 225, 249, 188, 126, 118, 219, 147, 224, 51, 244, 71, 68, 6, 241, 166, 223, 225, 230, 122, 208, 105, 195, 132, 168] highest_pc.view=287 locked.block=[209, 233, 139, 174, 214, 109, 60, 10, 150, 231, 109, 25, 185, 231, 106, 197, 76, 159, 47, 70, 0, 83, 252, 36, 225, 219, 198, 122, 228, 41, 225, 30] locked.view=286    
2025-12-29T01:17:11.959223Z  WARN ThreadId(20) hotstuff_rs::block_tree::invariants: SAFE_BLOCK_FAIL: block=[45, 75, 253, 46, 246, 72, 150, 84, 42, 248, 199, 212, 70, 49, 175, 60, 166, 22, 53, 77, 35, 134, 199, 155, 149, 132, 133, 147, 98, 65, 7, 184] height=None | cond1(safe_pc)=false | cond2(is_block_justify)=true (justify.phase=Generic) | justify.block=[131, 107, 149, 170, 39, 16, 232, 191, 141, 222, 69, 19, 76, 31, 229, 133, 6, 157, 195, 165, 178, 190, 96, 186, 14, 83, 62, 86, 188, 145, 185, 156] justify.view=313 | highest_pc.block=[238, 2, 33, 135, 85, 88, 213, 243, 225, 249, 188, 126, 118, 219, 147, 224, 51, 244, 71, 68, 6, 241, 166, 223, 225, 230, 122, 208, 105, 195, 132, 168] highest_pc.view=287 | locked.block=[209, 233, 139, 174, 214, 109, 60, 10, 150, 231, 109, 25, 185, 231, 106, 197, 76, 159, 47, 70, 0, 83, 252, 36, 225, 219, 198, 122, 228, 41, 225, 30] locked.view=286    
2025-12-29T01:17:12.051816Z  WARN ThreadId(20) hotstuff_rs::block_tree::invariants: SAFE_PC_FAIL: pc.block=[45, 75, 253, 46, 246, 72, 150, 84, 42, 248, 199, 212, 70, 49, 175, 60, 166, 22, 53, 77, 35, 134, 199, 155, 149, 132, 133, 147, 98, 65, 7, 184] view=314 phase=Generic | cond1(chain_id/genesis)=true (pc.chain_id=0, my.chain_id=0) | cond2(block_exists/genesis)=false (exists=false) | cond3(view>locked || extends)=true (pc.view=314, locked.view=286, extends=false) | cond4(phase/updates)=true (phase_special=false, has_updates=false) | highest_pc.block=[238, 2, 33, 135, 85, 88, 213, 243, 225, 249, 188, 126, 118, 219, 147, 224, 51, 244, 71, 68, 6, 241, 166, 223, 225, 230, 122, 208, 105, 195, 132, 168] highest_pc.view=287 locked.block=[209, 233, 139, 174, 214, 109, 60, 10, 150, 231, 109, 25, 185, 231, 106, 197, 76, 159, 47, 70, 0, 83, 252, 36, 225, 219, 198, 122, 228, 41, 225, 30] locked.view=286    
2025-12-29T01:17:12.051855Z  WARN ThreadId(20) hotstuff_rs::block_tree::invariants: SAFE_BLOCK_FAIL: block=[244, 66, 213, 216, 90, 91, 72, 79, 226, 71, 86, 221, 182, 251, 95, 182, 57, 159, 39, 234, 137, 65, 192, 76, 117, 43, 216, 106, 156, 143, 251, 85] height=None | cond1(safe_pc)=false | cond2(is_block_justify)=true (justify.phase=Generic) | justify.block=[45, 75, 253, 46, 246, 72, 150, 84, 42, 248, 199, 212, 70, 49, 175, 60, 166, 22, 53, 77, 35, 134, 199, 155, 149, 132, 133, 147, 98, 65, 7, 184] justify.view=314 | highest_pc.block=[238, 2, 33, 135, 85, 88, 213, 243, 225, 249, 188, 126, 118, 219, 147, 224, 51, 244, 71, 68, 6, 241, 166, 223, 225, 230, 122, 208, 105, 195, 132, 168] highest_pc.view=287 | locked.block=[209, 233, 139, 174, 214, 109, 60, 10, 150, 231, 109, 25, 185, 231, 106, 197, 76, 159, 47, 70, 0, 83, 252, 36, 225, 219, 198, 122, 228, 41, 225, 30] locked.view=286    
2025-12-29T01:17:12.252489Z  WARN ThreadId(20) hotstuff_rs::block_tree::invariants: SAFE_PC_FAIL: pc.block=[244, 66, 213, 216, 90, 91, 72, 79, 226, 71, 86, 221, 182, 251, 95, 182, 57, 159, 39, 234, 137, 65, 192, 76, 117, 43, 216, 106, 156, 143, 251, 85] view=315 phase=Generic | cond1(chain_id/genesis)=true (pc.chain_id=0, my.chain_id=0) | cond2(block_exists/genesis)=false (exists=false) | cond3(view>locked || extends)=true (pc.view=315, locked.view=286, extends=false) | cond4(phase/updates)=true (phase_special=false, has_updates=false) | highest_pc.block=[238, 2, 33, 135, 85, 88, 213, 243, 225, 249, 188, 126, 118, 219, 147, 224, 51, 244, 71, 68, 6, 241, 166, 223, 225, 230, 122, 208, 105, 195, 132, 168] highest_pc.view=287 locked.block=[209, 233, 139, 174, 214, 109, 60, 10, 150, 231, 109, 25, 185, 231, 106, 197, 76, 159, 47, 70, 0, 83, 252, 36, 225, 219, 198, 122, 228, 41, 225, 30] locked.view=286    
2025-12-29T01:17:12.252552Z  WARN ThreadId(20) hotstuff_rs::block_tree::invariants: SAFE_BLOCK_FAIL: block=[195, 152, 166, 79, 81, 164, 143, 138, 203, 191, 42, 28, 249, 238, 2, 44, 36, 250, 122, 224, 99, 243, 174, 96, 249, 100, 31, 0, 135, 188, 56, 142] height=None | cond1(safe_pc)=false | cond2(is_block_justify)=true (justify.phase=Generic) | justify.block=[244, 66, 213, 216, 90, 91, 72, 79, 226, 71, 86, 221, 182, 251, 95, 182, 57, 159, 39, 234, 137, 65, 192, 76, 117, 43, 216, 106, 156, 143, 251, 85] justify.view=315 | highest_pc.block=[238, 2, 33, 135, 85, 88, 213, 243, 225, 249, 188, 126, 118, 219, 147, 224, 51, 244, 71, 68, 6, 241, 166, 223, 225, 230, 122, 208, 105, 195, 132, 168] highest_pc.view=287 | locked.block=[209, 233, 139, 174, 214, 109, 60, 10, 150, 231, 109, 25, 185, 231, 106, 197, 76, 159, 47, 70, 0, 83, 252, 36, 225, 219, 198, 122, 228, 41, 225, 30] locked.view=286    
2025-12-29T01:17:12.469241Z  WARN ThreadId(20) hotstuff_rs::block_tree::invariants: SAFE_PC_FAIL: pc.block=[195, 152, 166, 79, 81, 164, 143, 138, 203, 191, 42, 28, 249, 238, 2, 44, 36, 250, 122, 224, 99, 243, 174, 96, 249, 100, 31, 0, 135, 188, 56, 142] view=316 phase=Generic | cond1(chain_id/genesis)=true (pc.chain_id=0, my.chain_id=0) | cond2(block_exists/genesis)=false (exists=false) | cond3(view>locked || extends)=true (pc.view=316, locked.view=286, extends=false) | cond4(phase/updates)=true (phase_special=false, has_updates=false) | highest_pc.block=[238, 2, 33, 135, 85, 88, 213, 243, 225, 249, 188, 126, 118, 219, 147, 224, 51, 244, 71, 68, 6, 241, 166, 223, 225, 230, 122, 208, 105, 195, 132, 168] highest_pc.view=287 locked.block=[209, 233, 139, 174, 214, 109, 60, 10, 150, 231, 109, 25, 185, 231, 106, 197, 76, 159, 47, 70, 0, 83, 252, 36, 225, 219, 198, 122, 228, 41, 225, 30] locked.view=286    
2025-12-29T01:17:12.469272Z  WARN ThreadId(20) hotstuff_rs::block_tree::invariants: SAFE_BLOCK_FAIL: block=[45, 206, 165, 70, 64, 203, 2, 68, 255, 210, 140, 231, 5, 173, 106, 138, 139, 83, 111, 129, 3, 116, 242, 54, 254, 55, 254, 137, 195, 210, 84, 197] height=None | cond1(safe_pc)=false | cond2(is_block_justify)=true (justify.phase=Generic) | justify.block=[195, 152, 166, 79, 81, 164, 143, 138, 203, 191, 42, 28, 249, 238, 2, 44, 36, 250, 122, 224, 99, 243, 174, 96, 249, 100, 31, 0, 135, 188, 56, 142] justify.view=316 | highest_pc.block=[238, 2, 33, 135, 85, 88, 213, 243, 225, 249, 188, 126, 118, 219, 147, 224, 51, 244, 71, 68, 6, 241, 166, 223, 225, 230, 122, 208, 105, 195, 132, 168] highest_pc.view=287 | locked.block=[209, 233, 139, 174, 214, 109, 60, 10, 150, 231, 109, 25, 185, 231, 106, 197, 76, 159, 47, 70, 0, 83, 252, 36, 225, 219, 198, 122, 228, 41, 225, 30] locked.view=286    
2025-12-29T01:17:12.573684Z  WARN ThreadId(08) docker_node: Low processing efficiency: 0.0% - system may need tuning
2025-12-29T01:17:12.601653Z  WARN ThreadId(20) hotstuff_rs::block_tree::invariants: SAFE_PC_FAIL: pc.block=[45, 206, 165, 70, 64, 203, 2, 68, 255, 210, 140, 231, 5, 173, 106, 138, 139, 83, 111, 129, 3, 116, 242, 54, 254, 55, 254, 137, 195, 210, 84, 197] view=317 phase=Generic | cond1(chain_id/genesis)=true (pc.chain_id=0, my.chain_id=0) | cond2(block_exists/genesis)=false (exists=false) | cond3(view>locked || extends)=true (pc.view=317, locked.view=286, extends=false) | cond4(phase/updates)=true (phase_special=false, has_updates=false) | highest_pc.block=[238, 2, 33, 135, 85, 88, 213, 243, 225, 249, 188, 126, 118, 219, 147, 224, 51, 244, 71, 68, 6, 241, 166, 223, 225, 230, 122, 208, 105, 195, 132, 168] highest_pc.view=287 locked.block=[209, 233, 139, 174, 214, 109, 60, 10, 150, 231, 109, 25, 185, 231, 106, 197, 76, 159, 47, 70, 0, 83, 252, 36, 225, 219, 198, 122, 228, 41, 225, 30] locked.view=286    
2025-12-29T01:17:12.756087Z  WARN ThreadId(20) hotstuff_rs::block_tree::invariants: SAFE_PC_FAIL: pc.block=[195, 152, 166, 79, 81, 164, 143, 138, 203, 191, 42, 28, 249, 238, 2, 44, 36, 250, 122, 224, 99, 243, 174, 96, 249, 100, 31, 0, 135, 188, 56, 142] view=316 phase=Generic | cond1(chain_id/genesis)=true (pc.chain_id=0, my.chain_id=0) | cond2(block_exists/genesis)=false (exists=false) | cond3(view>locked || extends)=true (pc.view=316, locked.view=287, extends=false) | cond4(phase/updates)=true (phase_special=false, has_updates=false) | highest_pc.block=[162, 122, 97, 164, 253, 76, 146, 101, 216, 208, 175, 85, 2, 189, 107, 233, 14, 56, 89, 187, 149, 105, 128, 115, 113, 45, 192, 91, 131, 172, 67, 237] highest_pc.view=288 locked.block=[238, 2, 33, 135, 85, 88, 213, 243, 225, 249, 188, 126, 118, 219, 147, 224, 51, 244, 71, 68, 6, 241, 166, 223, 225, 230, 122, 208, 105, 195, 132, 168] locked.view=287    
2025-12-29T01:17:12.761031Z  WARN ThreadId(20) hotstuff_rs::block_tree::invariants: SAFE_PC_FAIL: pc.block=[195, 152, 166, 79, 81, 164, 143, 138, 203, 191, 42, 28, 249, 238, 2, 44, 36, 250, 122, 224, 99, 243, 174, 96, 249, 100, 31, 0, 135, 188, 56, 142] view=316 phase=Generic | cond1(chain_id/genesis)=true (pc.chain_id=0, my.chain_id=0) | cond2(block_exists/genesis)=false (exists=false) | cond3(view>locked || extends)=true (pc.view=316, locked.view=288, extends=false) | cond4(phase/updates)=true (phase_special=false, has_updates=false) | highest_pc.block=[192, 176, 18, 131, 48, 75, 216, 16, 4, 114, 7, 48, 198, 113, 96, 253, 121, 233, 152, 172, 233, 54, 170, 250, 66, 122, 126, 157, 66, 175, 8, 227] highest_pc.view=289 locked.block=[162, 122, 97, 164, 253, 76, 146, 101, 216, 208, 175, 85, 2, 189, 107, 233, 14, 56, 89, 187, 149, 105, 128, 115, 113, 45, 192, 91, 131, 172, 67, 237] locked.view=288    
2025-12-29T01:17:12.763810Z  WARN ThreadId(20) hotstuff_rs::block_tree::invariants: SAFE_PC_FAIL: pc.block=[195, 152, 166, 79, 81, 164, 143, 138, 203, 191, 42, 28, 249, 238, 2, 44, 36, 250, 122, 224, 99, 243, 174, 96, 249, 100, 31, 0, 135, 188, 56, 142] view=316 phase=Generic | cond1(chain_id/genesis)=true (pc.chain_id=0, my.chain_id=0) | cond2(block_exists/genesis)=false (exists=false) | cond3(view>locked || extends)=true (pc.view=316, locked.view=289, extends=false) | cond4(phase/updates)=true (phase_special=false, has_updates=false) | highest_pc.block=[18, 47, 40, 172, 164, 162, 98, 129, 76, 181, 46, 196, 197, 225, 62, 151, 67, 157, 61, 8, 210, 213, 119, 178, 101, 3, 132, 185, 246, 186, 202, 171] highest_pc.view=290 locked.block=[192, 176, 18, 131, 48, 75, 216, 16, 4, 114, 7, 48, 198, 113, 96, 253, 121, 233, 152, 172, 233, 54, 170, 250, 66, 122, 126, 157, 66, 175, 8, 227] locked.view=289    
2025-12-29T01:17:12.768448Z  WARN ThreadId(20) hotstuff_rs::block_tree::invariants: SAFE_PC_FAIL: pc.block=[195, 152, 166, 79, 81, 164, 143, 138, 203, 191, 42, 28, 249, 238, 2, 44, 36, 250, 122, 224, 99, 243, 174, 96, 249, 100, 31, 0, 135, 188, 56, 142] view=316 phase=Generic | cond1(chain_id/genesis)=true (pc.chain_id=0, my.chain_id=0) | cond2(block_exists/genesis)=false (exists=false) | cond3(view>locked || extends)=true (pc.view=316, locked.view=290, extends=false) | cond4(phase/updates)=true (phase_special=false, has_updates=false) | highest_pc.block=[47, 61, 76, 117, 35, 149, 225, 34, 224, 253, 68, 179, 170, 144, 206, 118, 180, 228, 109, 150, 148, 27, 206, 76, 47, 49, 174, 108, 188, 67, 187, 251] highest_pc.view=291 locked.block=[18, 47, 40, 172, 164, 162, 98, 129, 76, 181, 46, 196, 197, 225, 62, 151, 67, 157, 61, 8, 210, 213, 119, 178, 101, 3, 132, 185, 246, 186, 202, 171] locked.view=290    
2025-12-29T01:17:12.776113Z  WARN ThreadId(20) hotstuff_rs::block_tree::invariants: SAFE_PC_FAIL: pc.block=[195, 152, 166, 79, 81, 164, 143, 138, 203, 191, 42, 28, 249, 238, 2, 44, 36, 250, 122, 224, 99, 243, 174, 96, 249, 100, 31, 0, 135, 188, 56, 142] view=316 phase=Generic | cond1(chain_id/genesis)=true (pc.chain_id=0, my.chain_id=0) | cond2(block_exists/genesis)=false (exists=false) | cond3(view>locked || extends)=true (pc.view=316, locked.view=291, extends=false) | cond4(phase/updates)=true (phase_special=false, has_updates=false) | highest_pc.block=[67, 87, 9, 77, 203, 248, 217, 160, 12, 13, 124, 193, 39, 192, 223, 71, 115, 254, 188, 12, 25, 89, 207, 153, 92, 170, 137, 86, 23, 73, 156, 226] highest_pc.view=292 locked.block=[47, 61, 76, 117, 35, 149, 225, 34, 224, 253, 68, 179, 170, 144, 206, 118, 180, 228, 109, 150, 148, 27, 206, 76, 47, 49, 174, 108, 188, 67, 187, 251] locked.view=291    
2025-12-29T01:17:12.778955Z  WARN ThreadId(20) hotstuff_rs::block_tree::invariants: SAFE_PC_FAIL: pc.block=[195, 152, 166, 79, 81, 164, 143, 138, 203, 191, 42, 28, 249, 238, 2, 44, 36, 250, 122, 224, 99, 243, 174, 96, 249, 100, 31, 0, 135, 188, 56, 142] view=316 phase=Generic | cond1(chain_id/genesis)=true (pc.chain_id=0, my.chain_id=0) | cond2(block_exists/genesis)=false (exists=false) | cond3(view>locked || extends)=true (pc.view=316, locked.view=292, extends=false) | cond4(phase/updates)=true (phase_special=false, has_updates=false) | highest_pc.block=[214, 138, 91, 131, 237, 228, 170, 151, 67, 222, 251, 87, 102, 200, 211, 23, 223, 21, 27, 43, 123, 160, 185, 112, 38, 227, 11, 96, 248, 159, 86, 94] highest_pc.view=293 locked.block=[67, 87, 9, 77, 203, 248, 217, 160, 12, 13, 124, 193, 39, 192, 223, 71, 115, 254, 188, 12, 25, 89, 207, 153, 92, 170, 137, 86, 23, 73, 156, 226] locked.view=292    
2025-12-29T01:17:12.785755Z  WARN ThreadId(20) hotstuff_rs::block_tree::invariants: SAFE_PC_FAIL: pc.block=[195, 152, 166, 79, 81, 164, 143, 138, 203, 191, 42, 28, 249, 238, 2, 44, 36, 250, 122, 224, 99, 243, 174, 96, 249, 100, 31, 0, 135, 188, 56, 142] view=316 phase=Generic | cond1(chain_id/genesis)=true (pc.chain_id=0, my.chain_id=0) | cond2(block_exists/genesis)=false (exists=false) | cond3(view>locked || extends)=true (pc.view=316, locked.view=293, extends=false) | cond4(phase/updates)=true (phase_special=false, has_updates=false) | highest_pc.block=[49, 216, 199, 248, 125, 9, 58, 136, 150, 228, 6, 91, 3, 82, 231, 158, 162, 150, 14, 22, 133, 148, 47, 11, 50, 181, 71, 137, 62, 184, 205, 180] highest_pc.view=294 locked.block=[214, 138, 91, 131, 237, 228, 170, 151, 67, 222, 251, 87, 102, 200, 211, 23, 223, 21, 27, 43, 123, 160, 185, 112, 38, 227, 11, 96, 248, 159, 86, 94] locked.view=293    
2025-12-29T01:17:12.940817Z  WARN ThreadId(20) hotstuff_rs::block_tree::invariants: SAFE_PC_FAIL: pc.block=[195, 152, 166, 79, 81, 164, 143, 138, 203, 191, 42, 28, 249, 238, 2, 44, 36, 250, 122, 224, 99, 243, 174, 96, 249, 100, 31, 0, 135, 188, 56, 142] view=316 phase=Generic | cond1(chain_id/genesis)=true (pc.chain_id=0, my.chain_id=0) | cond2(block_exists/genesis)=false (exists=false) | cond3(view>locked || extends)=true (pc.view=316, locked.view=294, extends=false) | cond4(phase/updates)=true (phase_special=false, has_updates=false) | highest_pc.block=[243, 43, 2, 247, 253, 113, 73, 13, 104, 237, 235, 9, 128, 170, 205, 98, 54, 157, 194, 10, 60, 43, 53, 136, 247, 221, 221, 188, 51, 7, 225, 250] highest_pc.view=295 locked.block=[49, 216, 199, 248, 125, 9, 58, 136, 150, 228, 6, 91, 3, 82, 231, 158, 162, 150, 14, 22, 133, 148, 47, 11, 50, 181, 71, 137, 62, 184, 205, 180] locked.view=294    
2025-12-29T01:17:12.945730Z  WARN ThreadId(20) hotstuff_rs::block_tree::invariants: SAFE_PC_FAIL: pc.block=[195, 152, 166, 79, 81, 164, 143, 138, 203, 191, 42, 28, 249, 238, 2, 44, 36, 250, 122, 224, 99, 243, 174, 96, 249, 100, 31, 0, 135, 188, 56, 142] view=316 phase=Generic | cond1(chain_id/genesis)=true (pc.chain_id=0, my.chain_id=0) | cond2(block_exists/genesis)=false (exists=false) | cond3(view>locked || extends)=true (pc.view=316, locked.view=295, extends=false) | cond4(phase/updates)=true (phase_special=false, has_updates=false) | highest_pc.block=[94, 29, 86, 2, 118, 236, 100, 170, 104, 141, 82, 120, 67, 135, 203, 14, 106, 25, 132, 252, 98, 183, 177, 166, 240, 162, 87, 245, 113, 69, 183, 117] highest_pc.view=296 locked.block=[243, 43, 2, 247, 253, 113, 73, 13, 104, 237, 235, 9, 128, 170, 205, 98, 54, 157, 194, 10, 60, 43, 53, 136, 247, 221, 221, 188, 51, 7, 225, 250] locked.view=295    
2025-12-29T01:17:12.953136Z  WARN ThreadId(20) hotstuff_rs::block_tree::invariants: SAFE_PC_FAIL: pc.block=[195, 152, 166, 79, 81, 164, 143, 138, 203, 191, 42, 28, 249, 238, 2, 44, 36, 250, 122, 224, 99, 243, 174, 96, 249, 100, 31, 0, 135, 188, 56, 142] view=316 phase=Generic | cond1(chain_id/genesis)=true (pc.chain_id=0, my.chain_id=0) | cond2(block_exists/genesis)=false (exists=false) | cond3(view>locked || extends)=true (pc.view=316, locked.view=296, extends=false) | cond4(phase/updates)=true (phase_special=false, has_updates=false) | highest_pc.block=[198, 111, 151, 21, 50, 84, 179, 212, 231, 201, 74, 225, 130, 84, 235, 222, 239, 171, 232, 114, 232, 250, 26, 213, 0, 3, 71, 173, 243, 135, 49, 98] highest_pc.view=297 locked.block=[94, 29, 86, 2, 118, 236, 100, 170, 104, 141, 82, 120, 67, 135, 203, 14, 106, 25, 132, 252, 98, 183, 177, 166, 240, 162, 87, 245, 113, 69, 183, 117] locked.view=296    
2025-12-29T01:17:12.960483Z  WARN ThreadId(20) hotstuff_rs::block_tree::invariants: SAFE_PC_FAIL: pc.block=[195, 152, 166, 79, 81, 164, 143, 138, 203, 191, 42, 28, 249, 238, 2, 44, 36, 250, 122, 224, 99, 243, 174, 96, 249, 100, 31, 0, 135, 188, 56, 142] view=316 phase=Generic | cond1(chain_id/genesis)=true (pc.chain_id=0, my.chain_id=0) | cond2(block_exists/genesis)=false (exists=false) | cond3(view>locked || extends)=true (pc.view=316, locked.view=297, extends=false) | cond4(phase/updates)=true (phase_special=false, has_updates=false) | highest_pc.block=[152, 234, 158, 53, 82, 13, 191, 206, 202, 69, 24, 111, 187, 64, 21, 42, 186, 14, 197, 223, 203, 221, 73, 144, 64, 170, 241, 208, 78, 129, 163, 115] highest_pc.view=298 locked.block=[198, 111, 151, 21, 50, 84, 179, 212, 231, 201, 74, 225, 130, 84, 235, 222, 239, 171, 232, 114, 232, 250, 26, 213, 0, 3, 71, 173, 243, 135, 49, 98] locked.view=297    
2025-12-29T01:17:12.967610Z  WARN ThreadId(20) hotstuff_rs::block_tree::invariants: SAFE_PC_FAIL: pc.block=[195, 152, 166, 79, 81, 164, 143, 138, 203, 191, 42, 28, 249, 238, 2, 44, 36, 250, 122, 224, 99, 243, 174, 96, 249, 100, 31, 0, 135, 188, 56, 142] view=316 phase=Generic | cond1(chain_id/genesis)=true (pc.chain_id=0, my.chain_id=0) | cond2(block_exists/genesis)=false (exists=false) | cond3(view>locked || extends)=true (pc.view=316, locked.view=298, extends=false) | cond4(phase/updates)=true (phase_special=false, has_updates=false) | highest_pc.block=[71, 219, 106, 88, 170, 62, 124, 96, 120, 139, 217, 12, 181, 2, 121, 81, 184, 64, 167, 241, 82, 49, 22, 255, 157, 24, 48, 115, 122, 165, 33, 221] highest_pc.view=299 locked.block=[152, 234, 158, 53, 82, 13, 191, 206, 202, 69, 24, 111, 187, 64, 21, 42, 186, 14, 197, 223, 203, 221, 73, 144, 64, 170, 241, 208, 78, 129, 163, 115] locked.view=298    
2025-12-29T01:17:12.973733Z  WARN ThreadId(20) hotstuff_rs::block_tree::invariants: SAFE_PC_FAIL: pc.block=[195, 152, 166, 79, 81, 164, 143, 138, 203, 191, 42, 28, 249, 238, 2, 44, 36, 250, 122, 224, 99, 243, 174, 96, 249, 100, 31, 0, 135, 188, 56, 142] view=316 phase=Generic | cond1(chain_id/genesis)=true (pc.chain_id=0, my.chain_id=0) | cond2(block_exists/genesis)=false (exists=false) | cond3(view>locked || extends)=true (pc.view=316, locked.view=299, extends=false) | cond4(phase/updates)=true (phase_special=false, has_updates=false) | highest_pc.block=[200, 49, 80, 244, 148, 138, 40, 150, 107, 149, 224, 87, 177, 107, 190, 243, 235, 39, 151, 106, 84, 150, 132, 161, 121, 168, 71, 13, 88, 21, 167, 142] highest_pc.view=300 locked.block=[71, 219, 106, 88, 170, 62, 124, 96, 120, 139, 217, 12, 181, 2, 121, 81, 184, 64, 167, 241, 82, 49, 22, 255, 157, 24, 48, 115, 122, 165, 33, 221] locked.view=299    
2025-12-29T01:17:12.981918Z  WARN ThreadId(20) hotstuff_rs::block_tree::invariants: SAFE_PC_FAIL: pc.block=[195, 152, 166, 79, 81, 164, 143, 138, 203, 191, 42, 28, 249, 238, 2, 44, 36, 250, 122, 224, 99, 243, 174, 96, 249, 100, 31, 0, 135, 188, 56, 142] view=316 phase=Generic | cond1(chain_id/genesis)=true (pc.chain_id=0, my.chain_id=0) | cond2(block_exists/genesis)=false (exists=false) | cond3(view>locked || extends)=true (pc.view=316, locked.view=300, extends=false) | cond4(phase/updates)=true (phase_special=false, has_updates=false) | highest_pc.block=[30, 167, 110, 65, 254, 156, 213, 216, 211, 234, 130, 1, 71, 174, 190, 136, 243, 224, 227, 113, 99, 214, 106, 83, 64, 175, 100, 223, 52, 66, 76, 136] highest_pc.view=301 locked.block=[200, 49, 80, 244, 148, 138, 40, 150, 107, 149, 224, 87, 177, 107, 190, 243, 235, 39, 151, 106, 84, 150, 132, 161, 121, 168, 71, 13, 88, 21, 167, 142] locked.view=300    
2025-12-29T01:17:13.137196Z  WARN ThreadId(20) hotstuff_rs::block_tree::invariants: SAFE_PC_FAIL: pc.block=[195, 152, 166, 79, 81, 164, 143, 138, 203, 191, 42, 28, 249, 238, 2, 44, 36, 250, 122, 224, 99, 243, 174, 96, 249, 100, 31, 0, 135, 188, 56, 142] view=316 phase=Generic | cond1(chain_id/genesis)=true (pc.chain_id=0, my.chain_id=0) | cond2(block_exists/genesis)=false (exists=false) | cond3(view>locked || extends)=true (pc.view=316, locked.view=301, extends=false) | cond4(phase/updates)=true (phase_special=false, has_updates=false) | highest_pc.block=[62, 217, 224, 27, 109, 247, 128, 139, 227, 170, 216, 25, 236, 191, 41, 140, 100, 185, 163, 171, 174, 233, 27, 196, 218, 116, 247, 4, 20, 37, 60, 36] highest_pc.view=302 locked.block=[30, 167, 110, 65, 254, 156, 213, 216, 211, 234, 130, 1, 71, 174, 190, 136, 243, 224, 227, 113, 99, 214, 106, 83, 64, 175, 100, 223, 52, 66, 76, 136] locked.view=301    
2025-12-29T01:17:13.141606Z  WARN ThreadId(20) hotstuff_rs::block_tree::invariants: SAFE_PC_FAIL: pc.block=[195, 152, 166, 79, 81, 164, 143, 138, 203, 191, 42, 28, 249, 238, 2, 44, 36, 250, 122, 224, 99, 243, 174, 96, 249, 100, 31, 0, 135, 188, 56, 142] view=316 phase=Generic | cond1(chain_id/genesis)=true (pc.chain_id=0, my.chain_id=0) | cond2(block_exists/genesis)=false (exists=false) | cond3(view>locked || extends)=true (pc.view=316, locked.view=302, extends=false) | cond4(phase/updates)=true (phase_special=false, has_updates=false) | highest_pc.block=[131, 209, 186, 199, 18, 221, 206, 72, 104, 225, 38, 84, 49, 69, 101, 89, 87, 63, 56, 40, 69, 30, 202, 227, 133, 84, 183, 72, 181, 2, 255, 213] highest_pc.view=303 locked.block=[62, 217, 224, 27, 109, 247, 128, 139, 227, 170, 216, 25, 236, 191, 41, 140, 100, 185, 163, 171, 174, 233, 27, 196, 218, 116, 247, 4, 20, 37, 60, 36] locked.view=302    
2025-12-29T01:17:13.144343Z  WARN ThreadId(20) hotstuff_rs::block_tree::invariants: SAFE_PC_FAIL: pc.block=[195, 152, 166, 79, 81, 164, 143, 138, 203, 191, 42, 28, 249, 238, 2, 44, 36, 250, 122, 224, 99, 243, 174, 96, 249, 100, 31, 0, 135, 188, 56, 142] view=316 phase=Generic | cond1(chain_id/genesis)=true (pc.chain_id=0, my.chain_id=0) | cond2(block_exists/genesis)=false (exists=false) | cond3(view>locked || extends)=true (pc.view=316, locked.view=303, extends=false) | cond4(phase/updates)=true (phase_special=false, has_updates=false) | highest_pc.block=[124, 124, 190, 212, 19, 204, 243, 65, 250, 53, 170, 211, 10, 32, 140, 23, 34, 103, 212, 93, 48, 13, 193, 65, 86, 206, 243, 113, 69, 164, 180, 118] highest_pc.view=304 locked.block=[131, 209, 186, 199, 18, 221, 206, 72, 104, 225, 38, 84, 49, 69, 101, 89, 87, 63, 56, 40, 69, 30, 202, 227, 133, 84, 183, 72, 181, 2, 255, 213] locked.view=303    
2025-12-29T01:17:13.149998Z  WARN ThreadId(20) hotstuff_rs::block_tree::invariants: SAFE_PC_FAIL: pc.block=[195, 152, 166, 79, 81, 164, 143, 138, 203, 191, 42, 28, 249, 238, 2, 44, 36, 250, 122, 224, 99, 243, 174, 96, 249, 100, 31, 0, 135, 188, 56, 142] view=316 phase=Generic | cond1(chain_id/genesis)=true (pc.chain_id=0, my.chain_id=0) | cond2(block_exists/genesis)=false (exists=false) | cond3(view>locked || extends)=true (pc.view=316, locked.view=304, extends=false) | cond4(phase/updates)=true (phase_special=false, has_updates=false) | highest_pc.block=[122, 181, 199, 57, 80, 110, 61, 111, 222, 79, 66, 171, 106, 231, 86, 39, 136, 213, 58, 132, 6, 245, 125, 225, 114, 44, 238, 177, 34, 186, 230, 57] highest_pc.view=305 locked.block=[124, 124, 190, 212, 19, 204, 243, 65, 250, 53, 170, 211, 10, 32, 140, 23, 34, 103, 212, 93, 48, 13, 193, 65, 86, 206, 243, 113, 69, 164, 180, 118] locked.view=304    
2025-12-29T01:17:13.157923Z  WARN ThreadId(20) hotstuff_rs::block_tree::invariants: SAFE_PC_FAIL: pc.block=[195, 152, 166, 79, 81, 164, 143, 138, 203, 191, 42, 28, 249, 238, 2, 44, 36, 250, 122, 224, 99, 243, 174, 96, 249, 100, 31, 0, 135, 188, 56, 142] view=316 phase=Generic | cond1(chain_id/genesis)=true (pc.chain_id=0, my.chain_id=0) | cond2(block_exists/genesis)=false (exists=false) | cond3(view>locked || extends)=true (pc.view=316, locked.view=305, extends=false) | cond4(phase/updates)=true (phase_special=false, has_updates=false) | highest_pc.block=[192, 113, 28, 82, 115, 196, 57, 51, 181, 214, 23, 81, 65, 19, 176, 232, 130, 143, 23, 244, 63, 68, 100, 240, 110, 89, 108, 87, 40, 205, 248, 46] highest_pc.view=306 locked.block=[122, 181, 199, 57, 80, 110, 61, 111, 222, 79, 66, 171, 106, 231, 86, 39, 136, 213, 58, 132, 6, 245, 125, 225, 114, 44, 238, 177, 34, 186, 230, 57] locked.view=305    
2025-12-29T01:17:13.160629Z  WARN ThreadId(20) hotstuff_rs::block_tree::invariants: SAFE_PC_FAIL: pc.block=[195, 152, 166, 79, 81, 164, 143, 138, 203, 191, 42, 28, 249, 238, 2, 44, 36, 250, 122, 224, 99, 243, 174, 96, 249, 100, 31, 0, 135, 188, 56, 142] view=316 phase=Generic | cond1(chain_id/genesis)=true (pc.chain_id=0, my.chain_id=0) | cond2(block_exists/genesis)=false (exists=false) | cond3(view>locked || extends)=true (pc.view=316, locked.view=306, extends=false) | cond4(phase/updates)=true (phase_special=false, has_updates=false) | highest_pc.block=[19, 33, 99, 95, 55, 129, 251, 220, 144, 228, 233, 105, 127, 149, 104, 146, 188, 160, 197, 186, 211, 136, 185, 255, 219, 210, 178, 4, 44, 8, 13, 225] highest_pc.view=307 locked.block=[192, 113, 28, 82, 115, 196, 57, 51, 181, 214, 23, 81, 65, 19, 176, 232, 130, 143, 23, 244, 63, 68, 100, 240, 110, 89, 108, 87, 40, 205, 248, 46] locked.view=306    
2025-12-29T01:17:13.165857Z  WARN ThreadId(20) hotstuff_rs::block_tree::invariants: SAFE_PC_FAIL: pc.block=[195, 152, 166, 79, 81, 164, 143, 138, 203, 191, 42, 28, 249, 238, 2, 44, 36, 250, 122, 224, 99, 243, 174, 96, 249, 100, 31, 0, 135, 188, 56, 142] view=316 phase=Generic | cond1(chain_id/genesis)=true (pc.chain_id=0, my.chain_id=0) | cond2(block_exists/genesis)=false (exists=false) | cond3(view>locked || extends)=true (pc.view=316, locked.view=307, extends=false) | cond4(phase/updates)=true (phase_special=false, has_updates=false) | highest_pc.block=[54, 171, 180, 25, 56, 99, 98, 170, 254, 106, 149, 149, 2, 157, 30, 158, 28, 81, 62, 112, 183, 30, 226, 187, 222, 34, 162, 152, 240, 186, 241, 204] highest_pc.view=308 locked.block=[19, 33, 99, 95, 55, 129, 251, 220, 144, 228, 233, 105, 127, 149, 104, 146, 188, 160, 197, 186, 211, 136, 185, 255, 219, 210, 178, 4, 44, 8, 13, 225] locked.view=307    
2025-12-29T01:17:13.319224Z  WARN ThreadId(20) hotstuff_rs::block_tree::invariants: SAFE_PC_FAIL: pc.block=[195, 152, 166, 79, 81, 164, 143, 138, 203, 191, 42, 28, 249, 238, 2, 44, 36, 250, 122, 224, 99, 243, 174, 96, 249, 100, 31, 0, 135, 188, 56, 142] view=316 phase=Generic | cond1(chain_id/genesis)=true (pc.chain_id=0, my.chain_id=0) | cond2(block_exists/genesis)=false (exists=false) | cond3(view>locked || extends)=true (pc.view=316, locked.view=308, extends=false) | cond4(phase/updates)=true (phase_special=false, has_updates=false) | highest_pc.block=[29, 184, 83, 161, 2, 73, 134, 253, 224, 84, 158, 44, 77, 163, 165, 164, 41, 157, 154, 224, 37, 128, 121, 27, 182, 79, 4, 75, 181, 14, 57, 19] highest_pc.view=309 locked.block=[54, 171, 180, 25, 56, 99, 98, 170, 254, 106, 149, 149, 2, 157, 30, 158, 28, 81, 62, 112, 183, 30, 226, 187, 222, 34, 162, 152, 240, 186, 241, 204] locked.view=308    
2025-12-29T01:17:13.323810Z  WARN ThreadId(20) hotstuff_rs::block_tree::invariants: SAFE_PC_FAIL: pc.block=[195, 152, 166, 79, 81, 164, 143, 138, 203, 191, 42, 28, 249, 238, 2, 44, 36, 250, 122, 224, 99, 243, 174, 96, 249, 100, 31, 0, 135, 188, 56, 142] view=316 phase=Generic | cond1(chain_id/genesis)=true (pc.chain_id=0, my.chain_id=0) | cond2(block_exists/genesis)=false (exists=false) | cond3(view>locked || extends)=true (pc.view=316, locked.view=309, extends=false) | cond4(phase/updates)=true (phase_special=false, has_updates=false) | highest_pc.block=[164, 196, 3, 86, 137, 204, 249, 52, 244, 101, 45, 217, 48, 138, 72, 23, 201, 196, 99, 252, 182, 153, 117, 249, 18, 166, 237, 168, 219, 183, 8, 205] highest_pc.view=310 locked.block=[29, 184, 83, 161, 2, 73, 134, 253, 224, 84, 158, 44, 77, 163, 165, 164, 41, 157, 154, 224, 37, 128, 121, 27, 182, 79, 4, 75, 181, 14, 57, 19] locked.view=309    
2025-12-29T01:17:13.331155Z  WARN ThreadId(20) hotstuff_rs::block_tree::invariants: SAFE_PC_FAIL: pc.block=[195, 152, 166, 79, 81, 164, 143, 138, 203, 191, 42, 28, 249, 238, 2, 44, 36, 250, 122, 224, 99, 243, 174, 96, 249, 100, 31, 0, 135, 188, 56, 142] view=316 phase=Generic | cond1(chain_id/genesis)=true (pc.chain_id=0, my.chain_id=0) | cond2(block_exists/genesis)=false (exists=false) | cond3(view>locked || extends)=true (pc.view=316, locked.view=310, extends=false) | cond4(phase/updates)=true (phase_special=false, has_updates=false) | highest_pc.block=[62, 171, 32, 9, 6, 252, 234, 99, 45, 167, 224, 17, 209, 89, 4, 203, 88, 113, 66, 221, 239, 141, 171, 152, 175, 106, 172, 9, 229, 59, 126, 60] highest_pc.view=311 locked.block=[164, 196, 3, 86, 137, 204, 249, 52, 244, 101, 45, 217, 48, 138, 72, 23, 201, 196, 99, 252, 182, 153, 117, 249, 18, 166, 237, 168, 219, 183, 8, 205] locked.view=310    
2025-12-29T01:17:13.334002Z  WARN ThreadId(20) hotstuff_rs::block_tree::invariants: SAFE_PC_FAIL: pc.block=[195, 152, 166, 79, 81, 164, 143, 138, 203, 191, 42, 28, 249, 238, 2, 44, 36, 250, 122, 224, 99, 243, 174, 96, 249, 100, 31, 0, 135, 188, 56, 142] view=316 phase=Generic | cond1(chain_id/genesis)=true (pc.chain_id=0, my.chain_id=0) | cond2(block_exists/genesis)=false (exists=false) | cond3(view>locked || extends)=true (pc.view=316, locked.view=311, extends=false) | cond4(phase/updates)=true (phase_special=false, has_updates=false) | highest_pc.block=[207, 135, 122, 50, 167, 160, 240, 102, 34, 192, 251, 93, 39, 169, 228, 217, 249, 144, 99, 225, 142, 224, 78, 233, 253, 220, 49, 184, 4, 201, 38, 246] highest_pc.view=312 locked.block=[62, 171, 32, 9, 6, 252, 234, 99, 45, 167, 224, 17, 209, 89, 4, 203, 88, 113, 66, 221, 239, 141, 171, 152, 175, 106, 172, 9, 229, 59, 126, 60] locked.view=311    
2025-12-29T01:17:13.338818Z  WARN ThreadId(20) hotstuff_rs::block_tree::invariants: SAFE_PC_FAIL: pc.block=[195, 152, 166, 79, 81, 164, 143, 138, 203, 191, 42, 28, 249, 238, 2, 44, 36, 250, 122, 224, 99, 243, 174, 96, 249, 100, 31, 0, 135, 188, 56, 142] view=316 phase=Generic | cond1(chain_id/genesis)=true (pc.chain_id=0, my.chain_id=0) | cond2(block_exists/genesis)=false (exists=false) | cond3(view>locked || extends)=true (pc.view=316, locked.view=312, extends=false) | cond4(phase/updates)=true (phase_special=false, has_updates=false) | highest_pc.block=[131, 107, 149, 170, 39, 16, 232, 191, 141, 222, 69, 19, 76, 31, 229, 133, 6, 157, 195, 165, 178, 190, 96, 186, 14, 83, 62, 86, 188, 145, 185, 156] highest_pc.view=313 locked.block=[207, 135, 122, 50, 167, 160, 240, 102, 34, 192, 251, 93, 39, 169, 228, 217, 249, 144, 99, 225, 142, 224, 78, 233, 253, 220, 49, 184, 4, 201, 38, 246] locked.view=312    
2025-12-29T01:17:13.345810Z  WARN ThreadId(20) hotstuff_rs::block_tree::invariants: SAFE_PC_FAIL: pc.block=[195, 152, 166, 79, 81, 164, 143, 138, 203, 191, 42, 28, 249, 238, 2, 44, 36, 250, 122, 224, 99, 243, 174, 96, 249, 100, 31, 0, 135, 188, 56, 142] view=316 phase=Generic | cond1(chain_id/genesis)=true (pc.chain_id=0, my.chain_id=0) | cond2(block_exists/genesis)=false (exists=false) | cond3(view>locked || extends)=true (pc.view=316, locked.view=313, extends=false) | cond4(phase/updates)=true (phase_special=false, has_updates=false) | highest_pc.block=[45, 75, 253, 46, 246, 72, 150, 84, 42, 248, 199, 212, 70, 49, 175, 60, 166, 22, 53, 77, 35, 134, 199, 155, 149, 132, 133, 147, 98, 65, 7, 184] highest_pc.view=314 locked.block=[131, 107, 149, 170, 39, 16, 232, 191, 141, 222, 69, 19, 76, 31, 229, 133, 6, 157, 195, 165, 178, 190, 96, 186, 14, 83, 62, 86, 188, 145, 185, 156] locked.view=313    
2025-12-29T01:17:17.462342Z  WARN ThreadId(21) hotstuff_runner::tcp_node: Node 0 view 317 timed out; latency may accumulate
2025-12-29T01:17:17.462998Z  WARN ThreadId(20) hotstuff_runner::app: Node 0 [produce_block] queue size: 0, attempting up to 0 transactions this block    
2025-12-29T01:17:17.463033Z  WARN ThreadId(20) hotstuff_runner::app: Node 0 view(318) far exceeds block count (10); potential sync issue    
2025-12-29T01:17:17.573245Z  WARN ThreadId(08) docker_node: Low processing efficiency: 0.0% - system may need tuning
2025-12-29T01:17:22.573652Z  WARN ThreadId(08) docker_node: Low processing efficiency: 0.0% - system may need tuning
2025-12-29T01:17:23.196344Z  WARN ThreadId(20) hotstuff_runner::app: Node 0 [produce_block] queue size: 0, attempting up to 0 transactions this block    
2025-12-29T01:17:23.196360Z  WARN ThreadId(20) hotstuff_runner::app: Node 0 view(348) far exceeds block count (11); potential sync issue    
2025-12-29T01:17:27.573768Z  WARN ThreadId(08) docker_node: Low processing efficiency: 0.0% - system may need tuning
2025-12-29T01:17:28.682901Z  WARN ThreadId(20) hotstuff_runner::app: Node 0 [produce_block] queue size: 0, attempting up to 0 transactions this block    
2025-12-29T01:17:28.682933Z  WARN ThreadId(20) hotstuff_runner::app: Node 0 view(378) far exceeds block count (12); potential sync issue    
2025-12-29T01:17:32.573498Z  WARN ThreadId(08) docker_node: Low processing efficiency: 0.0% - system may need tuning
2025-12-29T01:17:34.166971Z  WARN ThreadId(20) hotstuff_runner::app: Node 0 [produce_block] queue size: 0, attempting up to 0 transactions this block    
2025-12-29T01:17:34.167005Z  WARN ThreadId(20) hotstuff_runner::app: Node 0 view(408) far exceeds block count (13); potential sync issue    
2025-12-29T01:17:37.573629Z  WARN ThreadId(09) docker_node: Low processing efficiency: 0.0% - system may need tuning
2025-12-29T01:17:39.654780Z  WARN ThreadId(20) hotstuff_runner::app: Node 0 [produce_block] queue size: 0, attempting up to 0 transactions this block    
2025-12-29T01:17:39.654806Z  WARN ThreadId(20) hotstuff_runner::app: Node 0 view(438) far exceeds block count (14); potential sync issue    
2025-12-29T01:17:42.573446Z  WARN ThreadId(09) docker_node: Low processing efficiency: 0.0% - system may need tuning
2025-12-29T01:17:45.167896Z  WARN ThreadId(20) hotstuff_runner::app: Node 0 [produce_block] queue size: 0, attempting up to 0 transactions this block    
2025-12-29T01:17:45.167922Z  WARN ThreadId(20) hotstuff_runner::app: Node 0 view(468) far exceeds block count (15); potential sync issue    
2025-12-29T01:17:47.573623Z  WARN ThreadId(08) docker_node: Low processing efficiency: 0.0% - system may need tuning
2025-12-29T01:17:50.655760Z  WARN ThreadId(20) hotstuff_runner::app: Node 0 [produce_block] queue size: 0, attempting up to 0 transactions this block    
2025-12-29T01:17:50.655781Z  WARN ThreadId(20) hotstuff_runner::app: Node 0 view(498) far exceeds block count (16); potential sync issue    
2025-12-29T01:17:52.573519Z  WARN ThreadId(09) docker_node: Low processing efficiency: 0.0% - system may need tuning
2025-12-29T01:17:56.163596Z  WARN ThreadId(20) hotstuff_runner::app: Node 0 [produce_block] queue size: 0, attempting up to 0 transactions this block    
2025-12-29T01:17:56.163628Z  WARN ThreadId(20) hotstuff_runner::app: Node 0 view(528) far exceeds block count (17); potential sync issue    
2025-12-29T01:17:57.573793Z  WARN ThreadId(09) docker_node: Low processing efficiency: 0.0% - system may need tuning
2025-12-29T01:18:01.649560Z  WARN ThreadId(20) hotstuff_runner::app: Node 0 [produce_block] queue size: 0, attempting up to 0 transactions this block    
2025-12-29T01:18:01.649583Z  WARN ThreadId(20) hotstuff_runner::app: Node 0 view(558) far exceeds block count (18); potential sync issue    
2025-12-29T01:18:02.573085Z  WARN ThreadId(09) docker_node: Low processing efficiency: 0.0% - system may need tuning
2025-12-29T01:18:07.188682Z  WARN ThreadId(20) hotstuff_runner::app: Node 0 [produce_block] queue size: 0, attempting up to 0 transactions this block    
2025-12-29T01:18:07.188710Z  WARN ThreadId(20) hotstuff_runner::app: Node 0 view(588) far exceeds block count (19); potential sync issue    
2025-12-29T01:18:07.572770Z  WARN ThreadId(02) docker_node: Low processing efficiency: 0.0% - system may need tuning
2025-12-29T01:18:12.572967Z  WARN ThreadId(02) docker_node: Low processing efficiency: 0.0% - system may need tuning
2025-12-29T01:18:12.701024Z  WARN ThreadId(20) hotstuff_runner::app: Node 0 [produce_block] queue size: 0, attempting up to 0 transactions this block    
2025-12-29T01:18:12.701043Z  WARN ThreadId(20) hotstuff_runner::app: Node 0 view(618) far exceeds block count (20); potential sync issue    
2025-12-29T01:18:17.573159Z  WARN ThreadId(02) docker_node: Low processing efficiency: 0.0% - system may need tuning
2025-12-29T01:18:18.231639Z  WARN ThreadId(20) hotstuff_runner::app: Node 0 [produce_block] queue size: 0, attempting up to 0 transactions this block    
2025-12-29T01:18:18.231660Z  WARN ThreadId(20) hotstuff_runner::app: Node 0 view(648) far exceeds block count (21); potential sync issue    
2025-12-29T01:18:22.573716Z  WARN ThreadId(02) docker_node: Low processing efficiency: 0.0% - system may need tuning
