2025-11-12T03:33:35.958130Z  WARN ThreadId(01) docker_node: metrics exporter disabled by SMROL_DISABLE_METRICS
2025-11-12T03:33:56.161297Z  WARN ThreadId(01) hotstuff_runner::tcp_node: Node 0 view timeout set to 4000 ms
2025-11-12T03:33:56.163860Z ERROR ThreadId(22) hotstuff_runner::pompe_network: Node 0 failed to connect to node 1: Connection refused (os error 111)
2025-11-12T03:33:56.172744Z  WARN ThreadId(01) hotstuff_runner::smrol::sequencing: SMROL_MEDIAN_INFLIGHT=24, SMROL_ORDER_FINALIZE_INFLIGHT=4, SMROL_FINAL_SIGN_INFLIGHT=4, SMROL_FINAL_VERIFY_INFLIGHT=24
2025-11-12T03:33:56.172800Z  WARN ThreadId(01) hotstuff_runner::smrol::sequencing: [Sequencing] Node 0 multi-signature verification disabled: false
2025-11-12T03:33:56.172882Z  WARN ThreadId(02) hotstuff_runner::smrol::sequencing: [Sequencing] Node 0 final verify dispatcher started
2025-11-12T03:33:56.174018Z  WARN ThreadId(09) docker_node:   Connection reuse ineffective (2.0 msg/conn)
2025-11-12T03:34:00.163418Z  WARN ThreadId(21) hotstuff_runner::tcp_node: Node 0 view 0 timed out; latency may accumulate
2025-11-12T03:34:01.173799Z  WARN ThreadId(02) docker_node:   Connection reuse ineffective (2.0 msg/conn)
2025-11-12T03:34:01.176319Z  WARN ThreadId(01) docker_node: Node 0 port 20000 temporarily unreachable: failed to lookup address information: Temporary failure in name resolution
2025-11-12T03:34:01.178204Z  WARN ThreadId(01) docker_node: Node 1 port 20001 temporarily unreachable: failed to lookup address information: Temporary failure in name resolution
2025-11-12T03:34:01.180142Z  WARN ThreadId(01) docker_node: Node 2 port 20002 temporarily unreachable: failed to lookup address information: Temporary failure in name resolution
2025-11-12T03:34:01.182100Z  WARN ThreadId(01) docker_node: Node 3 port 20003 temporarily unreachable: failed to lookup address information: Temporary failure in name resolution
2025-11-12T03:34:01.183884Z  WARN ThreadId(01) docker_node: Node 4 port 20004 temporarily unreachable: failed to lookup address information: Temporary failure in name resolution
2025-11-12T03:34:01.185572Z  WARN ThreadId(01) docker_node: Node 5 port 20005 temporarily unreachable: failed to lookup address information: Temporary failure in name resolution
2025-11-12T03:34:01.187549Z  WARN ThreadId(01) docker_node: Node 6 port 20006 temporarily unreachable: failed to lookup address information: Temporary failure in name resolution
2025-11-12T03:34:01.189290Z  WARN ThreadId(01) docker_node: Node 7 port 20007 temporarily unreachable: failed to lookup address information: Temporary failure in name resolution
2025-11-12T03:34:01.190993Z  WARN ThreadId(01) docker_node: Node 8 port 20008 temporarily unreachable: failed to lookup address information: Temporary failure in name resolution
2025-11-12T03:34:01.193029Z  WARN ThreadId(01) docker_node: Node 9 port 20009 temporarily unreachable: failed to lookup address information: Temporary failure in name resolution
2025-11-12T03:34:01.194837Z  WARN ThreadId(01) docker_node: Node 10 port 20010 temporarily unreachable: failed to lookup address information: Temporary failure in name resolution
2025-11-12T03:34:01.196596Z  WARN ThreadId(01) docker_node: Node 11 port 20011 temporarily unreachable: failed to lookup address information: Temporary failure in name resolution
2025-11-12T03:34:01.198250Z  WARN ThreadId(01) docker_node: Node 12 port 20012 temporarily unreachable: failed to lookup address information: Temporary failure in name resolution
2025-11-12T03:34:01.200003Z  WARN ThreadId(01) docker_node: Node 13 port 20013 temporarily unreachable: failed to lookup address information: Temporary failure in name resolution
2025-11-12T03:34:01.201733Z  WARN ThreadId(01) docker_node: Node 14 port 20014 temporarily unreachable: failed to lookup address information: Temporary failure in name resolution
2025-11-12T03:34:01.203533Z  WARN ThreadId(01) docker_node: Node 15 port 20015 temporarily unreachable: failed to lookup address information: Temporary failure in name resolution
2025-11-12T03:34:01.205390Z  WARN ThreadId(01) docker_node: Node 16 port 20016 temporarily unreachable: failed to lookup address information: Temporary failure in name resolution
2025-11-12T03:34:01.207202Z  WARN ThreadId(01) docker_node: Node 17 port 20017 temporarily unreachable: failed to lookup address information: Temporary failure in name resolution
2025-11-12T03:34:01.208962Z  WARN ThreadId(01) docker_node: Node 18 port 20018 temporarily unreachable: failed to lookup address information: Temporary failure in name resolution
2025-11-12T03:34:01.210745Z  WARN ThreadId(01) docker_node: Node 19 port 20019 temporarily unreachable: failed to lookup address information: Temporary failure in name resolution
2025-11-12T03:34:01.212487Z  WARN ThreadId(01) docker_node: Node 20 port 20020 temporarily unreachable: failed to lookup address information: Temporary failure in name resolution
2025-11-12T03:34:01.214223Z  WARN ThreadId(01) docker_node: Node 21 port 20021 temporarily unreachable: failed to lookup address information: Temporary failure in name resolution
2025-11-12T03:34:01.216119Z  WARN ThreadId(01) docker_node: Node 22 port 20022 temporarily unreachable: failed to lookup address information: Temporary failure in name resolution
2025-11-12T03:34:01.217976Z  WARN ThreadId(01) docker_node: Node 23 port 20023 temporarily unreachable: failed to lookup address information: Temporary failure in name resolution
2025-11-12T03:34:01.220016Z  WARN ThreadId(01) docker_node: Node 24 port 20024 temporarily unreachable: failed to lookup address information: Temporary failure in name resolution
2025-11-12T03:34:01.221820Z  WARN ThreadId(01) docker_node: Node 25 port 20025 temporarily unreachable: failed to lookup address information: Temporary failure in name resolution
2025-11-12T03:34:01.223721Z  WARN ThreadId(01) docker_node: Node 26 port 20026 temporarily unreachable: failed to lookup address information: Temporary failure in name resolution
2025-11-12T03:34:01.225757Z  WARN ThreadId(01) docker_node: Node 27 port 20027 temporarily unreachable: failed to lookup address information: Temporary failure in name resolution
2025-11-12T03:34:01.227538Z  WARN ThreadId(01) docker_node: Node 28 port 20028 temporarily unreachable: failed to lookup address information: Temporary failure in name resolution
2025-11-12T03:34:01.230179Z  WARN ThreadId(01) docker_node: Node 29 port 20029 temporarily unreachable: failed to lookup address information: Temporary failure in name resolution
2025-11-12T03:34:01.232079Z  WARN ThreadId(01) docker_node: Node 30 port 20030 temporarily unreachable: failed to lookup address information: Temporary failure in name resolution
2025-11-12T03:34:01.233898Z  WARN ThreadId(01) docker_node: Node 31 port 20031 temporarily unreachable: failed to lookup address information: Temporary failure in name resolution
2025-11-12T03:34:04.908416Z  WARN ThreadId(21) hotstuff_runner::tcp_node: Node 0 view 4 timed out; latency may accumulate
2025-11-12T03:34:06.174514Z  WARN ThreadId(02) docker_node:   Connection reuse ineffective (2.0 msg/conn)
2025-11-12T03:34:08.909197Z  WARN ThreadId(21) hotstuff_runner::tcp_node: Node 0 view 5 timed out; latency may accumulate
2025-11-12T03:34:08.925098Z  WARN ThreadId(20) hotstuff_rs::block_tree::invariants: SAFE_PC_FAIL: pc.block=[137, 28, 43, 199, 165, 5, 150, 113, 210, 163, 6, 181, 93, 216, 186, 206, 110, 175, 160, 162, 148, 243, 160, 180, 246, 83, 81, 44, 151, 6, 114, 246] view=1 phase=Generic | cond1(chain_id/genesis)=true (pc.chain_id=0, my.chain_id=0) | cond2(block_exists/genesis)=true (exists=true) | cond3(view>locked || extends)=false (pc.view=1, locked.view=2, extends=false) | cond4(phase/updates)=true (phase_special=false, has_updates=false) | highest_pc.block=[56, 229, 192, 150, 197, 153, 71, 55, 85, 251, 230, 149, 2, 6, 30, 196, 40, 139, 31, 235, 211, 72, 89, 201, 3, 176, 228, 188, 225, 153, 107, 236] highest_pc.view=3 locked.block=[28, 9, 113, 234, 18, 138, 133, 228, 172, 82, 158, 38, 131, 16, 105, 27, 219, 56, 155, 48, 55, 15, 197, 108, 62, 26, 159, 141, 201, 218, 28, 108] locked.view=2    
2025-11-12T03:34:08.925121Z  WARN ThreadId(20) hotstuff_rs::block_tree::invariants: SAFE_BLOCK_FAIL: block=[154, 209, 61, 48, 36, 27, 211, 246, 182, 133, 74, 197, 10, 7, 143, 19, 55, 66, 199, 210, 199, 21, 177, 38, 155, 77, 183, 185, 96, 41, 180, 130] height=None | cond1(safe_pc)=false | cond2(is_block_justify)=true (justify.phase=Generic) | justify.block=[137, 28, 43, 199, 165, 5, 150, 113, 210, 163, 6, 181, 93, 216, 186, 206, 110, 175, 160, 162, 148, 243, 160, 180, 246, 83, 81, 44, 151, 6, 114, 246] justify.view=1 | highest_pc.block=[56, 229, 192, 150, 197, 153, 71, 55, 85, 251, 230, 149, 2, 6, 30, 196, 40, 139, 31, 235, 211, 72, 89, 201, 3, 176, 228, 188, 225, 153, 107, 236] highest_pc.view=3 | locked.block=[28, 9, 113, 234, 18, 138, 133, 228, 172, 82, 158, 38, 131, 16, 105, 27, 219, 56, 155, 48, 55, 15, 197, 108, 62, 26, 159, 141, 201, 218, 28, 108] locked.view=2    
2025-11-12T03:34:11.174259Z  WARN ThreadId(02) docker_node:   Connection reuse ineffective (2.0 msg/conn)
2025-11-12T03:34:16.174008Z  WARN ThreadId(02) docker_node:   Connection reuse ineffective (2.0 msg/conn)
2025-11-12T03:34:21.174325Z  WARN ThreadId(02) docker_node:   Connection reuse ineffective (2.0 msg/conn)
2025-11-12T03:34:22.680467Z  WARN ThreadId(21) hotstuff_runner::tcp_node: Node 0 view 15 timed out; latency may accumulate
2025-11-12T03:34:23.392019Z  WARN ThreadId(20) hotstuff_runner::app: Node 0 [produce_block] queue size: 0, attempting up to 0 transactions this block    
2025-11-12T03:34:26.012876Z  WARN ThreadId(02) hotstuff_runner::pompe: ⚡ [Timed Output] Node 0 flushed 15454 transactions
2025-11-12T03:34:26.174600Z  WARN ThreadId(08) docker_node:   Connection reuse ineffective (7.4 msg/conn)
2025-11-12T03:34:26.234809Z  WARN ThreadId(02) docker_node: Node 0 Regular transaction queue backlog: 15454 transactions
2025-11-12T03:34:26.507384Z  WARN ThreadId(09) hotstuff_runner::pompe: ⚡ [Timed Output] Node 0 flushed 4214 transactions
2025-11-12T03:34:27.018271Z  WARN ThreadId(02) hotstuff_runner::pompe: ⚡ [Timed Output] Node 0 flushed 21777 transactions
2025-11-12T03:34:27.535475Z  WARN ThreadId(09) hotstuff_runner::pompe: ⚡ [Timed Output] Node 0 flushed 49872 transactions
2025-11-12T03:34:28.015163Z  WARN ThreadId(02) hotstuff_runner::pompe: ⚡ [Timed Output] Node 0 flushed 11941 transactions
2025-11-12T03:34:28.378648Z  WARN ThreadId(21) hotstuff_runner::tcp_node: Node 0 view 25 timed out; latency may accumulate
2025-11-12T03:34:31.174585Z  WARN ThreadId(08) docker_node: HotStuff processing bottleneck detected:
2025-11-12T03:34:31.174613Z  WARN ThreadId(08) docker_node:    - HotStuff queue backlog: 15454 transactions
2025-11-12T03:34:31.174622Z  WARN ThreadId(08) docker_node:    - Confirmation TPS (0.0) much lower than submission TPS (0.3)
2025-11-12T03:34:31.174628Z  WARN ThreadId(08) docker_node:    - Possible cause: HotStuff consensus network delay or block size limitation
2025-11-12T03:34:31.174639Z  WARN ThreadId(08) docker_node:   Connection reuse ineffective (17.9 msg/conn)
2025-11-12T03:34:31.234835Z  WARN ThreadId(08) docker_node: Node 0 Regular transaction queue backlog: 103258 transactions
2025-11-12T03:34:34.618488Z  WARN ThreadId(21) hotstuff_runner::tcp_node: Node 0 view 27 timed out; latency may accumulate
2025-11-12T03:34:36.174121Z  WARN ThreadId(08) docker_node: HotStuff processing bottleneck detected:
2025-11-12T03:34:36.174150Z  WARN ThreadId(08) docker_node:    - HotStuff queue backlog: 103258 transactions
2025-11-12T03:34:36.174159Z  WARN ThreadId(08) docker_node:    - Confirmation TPS (0.0) much lower than submission TPS (0.2)
2025-11-12T03:34:36.174166Z  WARN ThreadId(08) docker_node:    - Possible cause: HotStuff consensus network delay or block size limitation
2025-11-12T03:34:36.174177Z  WARN ThreadId(08) docker_node:   Connection reuse ineffective (17.9 msg/conn)
2025-11-12T03:34:36.235369Z  WARN ThreadId(08) docker_node: Node 0 Regular transaction queue backlog: 103258 transactions
2025-11-12T03:34:41.173765Z  WARN ThreadId(06) docker_node:   Connection reuse ineffective (17.9 msg/conn)
2025-11-12T03:34:41.234921Z  WARN ThreadId(06) docker_node: Node 0 Regular transaction queue backlog: 103258 transactions
2025-11-12T03:34:43.990581Z  WARN ThreadId(21) hotstuff_runner::tcp_node: Node 0 view 36 timed out; latency may accumulate
2025-11-12T03:34:46.174106Z  WARN ThreadId(06) docker_node:   Connection reuse ineffective (17.9 msg/conn)
2025-11-12T03:34:46.235344Z  WARN ThreadId(06) docker_node: Node 0 Regular transaction queue backlog: 103258 transactions
2025-11-12T03:34:47.991430Z  WARN ThreadId(21) hotstuff_runner::tcp_node: Node 0 view 37 timed out; latency may accumulate
2025-11-12T03:34:51.174545Z  WARN ThreadId(06) docker_node:   Connection reuse ineffective (17.9 msg/conn)
2025-11-12T03:34:51.234772Z  WARN ThreadId(06) docker_node: Node 0 Regular transaction queue backlog: 103258 transactions
2025-11-12T03:34:56.174256Z  WARN ThreadId(06) docker_node:   Connection reuse ineffective (17.9 msg/conn)
2025-11-12T03:34:56.235474Z  WARN ThreadId(02) docker_node: Node 0 Regular transaction queue backlog: 103258 transactions
2025-11-12T03:34:58.357995Z  WARN ThreadId(21) hotstuff_runner::tcp_node: Node 0 view 41 timed out; latency may accumulate
2025-11-12T03:35:01.174235Z  WARN ThreadId(02) docker_node:   Connection reuse ineffective (17.9 msg/conn)
2025-11-12T03:35:01.235458Z  WARN ThreadId(02) docker_node: Node 0 Regular transaction queue backlog: 103258 transactions
2025-11-12T03:35:06.173755Z  WARN ThreadId(02) docker_node:   Connection reuse ineffective (17.9 msg/conn)
2025-11-12T03:35:06.234975Z  WARN ThreadId(02) docker_node: Node 0 Regular transaction queue backlog: 103258 transactions
2025-11-12T03:35:07.872153Z  WARN ThreadId(21) hotstuff_runner::tcp_node: Node 0 view 47 timed out; latency may accumulate
2025-11-12T03:35:09.701750Z  WARN ThreadId(20) hotstuff_rs::block_tree::invariants: SAFE_PC_FAIL: pc.block=[66, 116, 179, 137, 251, 71, 2, 153, 39, 241, 29, 188, 187, 20, 36, 51, 76, 253, 134, 148, 93, 85, 33, 157, 62, 117, 64, 228, 126, 247, 172, 155] view=26 phase=Generic | cond1(chain_id/genesis)=true (pc.chain_id=0, my.chain_id=0) | cond2(block_exists/genesis)=false (exists=false) | cond3(view>locked || extends)=false (pc.view=26, locked.view=45, extends=false) | cond4(phase/updates)=true (phase_special=false, has_updates=false) | highest_pc.block=[124, 54, 222, 39, 31, 64, 200, 29, 201, 132, 251, 159, 88, 12, 9, 44, 176, 170, 117, 131, 92, 250, 81, 68, 210, 152, 203, 131, 138, 157, 52, 223] highest_pc.view=46 locked.block=[106, 16, 42, 63, 233, 36, 48, 35, 16, 143, 150, 73, 48, 149, 228, 198, 175, 162, 81, 91, 124, 103, 190, 109, 109, 80, 176, 174, 227, 157, 45, 12] locked.view=45    
2025-11-12T03:35:09.701796Z  WARN ThreadId(20) hotstuff_rs::block_tree::invariants: SAFE_BLOCK_FAIL: block=[73, 57, 233, 72, 85, 51, 177, 145, 205, 170, 107, 119, 110, 0, 13, 47, 205, 206, 102, 50, 231, 174, 208, 21, 49, 3, 191, 15, 207, 41, 184, 222] height=None | cond1(safe_pc)=false | cond2(is_block_justify)=true (justify.phase=Generic) | justify.block=[66, 116, 179, 137, 251, 71, 2, 153, 39, 241, 29, 188, 187, 20, 36, 51, 76, 253, 134, 148, 93, 85, 33, 157, 62, 117, 64, 228, 126, 247, 172, 155] justify.view=26 | highest_pc.block=[124, 54, 222, 39, 31, 64, 200, 29, 201, 132, 251, 159, 88, 12, 9, 44, 176, 170, 117, 131, 92, 250, 81, 68, 210, 152, 203, 131, 138, 157, 52, 223] highest_pc.view=46 | locked.block=[106, 16, 42, 63, 233, 36, 48, 35, 16, 143, 150, 73, 48, 149, 228, 198, 175, 162, 81, 91, 124, 103, 190, 109, 109, 80, 176, 174, 227, 157, 45, 12] locked.view=45    
2025-11-12T03:35:11.173931Z  WARN ThreadId(02) docker_node:   Connection reuse ineffective (17.9 msg/conn)
2025-11-12T03:35:11.235154Z  WARN ThreadId(02) docker_node: Node 0 Regular transaction queue backlog: 103258 transactions
2025-11-12T03:35:12.612619Z  WARN ThreadId(20) hotstuff_runner::app: Node 0 [produce_block] queue size: 103258, attempting up to 103258 transactions this block    
2025-11-12T03:35:16.174245Z  WARN ThreadId(02) docker_node:   Connection reuse ineffective (17.9 msg/conn)
2025-11-12T03:35:16.612153Z  WARN ThreadId(21) hotstuff_runner::tcp_node: Node 0 view 52 timed out; latency may accumulate
2025-11-12T03:35:21.175116Z  WARN ThreadId(02) docker_node:   Connection reuse ineffective (17.9 msg/conn)
2025-11-12T03:35:26.173963Z  WARN ThreadId(02) docker_node:   Connection reuse ineffective (17.9 msg/conn)
2025-11-12T03:35:31.174105Z  WARN ThreadId(08) docker_node:   Connection reuse ineffective (17.9 msg/conn)
2025-11-12T03:35:31.400109Z  WARN ThreadId(21) hotstuff_runner::tcp_node: Node 0 view 79 timed out; latency may accumulate
2025-11-12T03:35:35.400828Z  WARN ThreadId(21) hotstuff_runner::tcp_node: Node 0 view 80 timed out; latency may accumulate
2025-11-12T03:35:36.136037Z  WARN ThreadId(20) hotstuff_runner::app: Node 0 [produce_block] queue size: 0, attempting up to 0 transactions this block    
2025-11-12T03:35:36.174294Z  WARN ThreadId(08) docker_node:   Connection reuse ineffective (17.9 msg/conn)
2025-11-12T03:35:41.173687Z  WARN ThreadId(08) docker_node:   Connection reuse ineffective (17.9 msg/conn)
2025-11-12T03:35:46.173823Z  WARN ThreadId(08) docker_node:   Connection reuse ineffective (17.9 msg/conn)
2025-11-12T03:35:46.888838Z  WARN ThreadId(21) hotstuff_runner::tcp_node: Node 0 view 111 timed out; latency may accumulate
2025-11-12T03:35:47.989883Z  WARN ThreadId(20) hotstuff_runner::app: Node 0 [produce_block] queue size: 0, attempting up to 0 transactions this block    
2025-11-12T03:35:47.989905Z  WARN ThreadId(20) hotstuff_runner::app: Node 0 view(116) far exceeds block count (3); potential sync issue    
2025-11-12T03:35:51.174575Z  WARN ThreadId(08) docker_node:   Connection reuse ineffective (17.9 msg/conn)
