[1753883125] Node 1: 🎬 Starting up
[1753883125] Node 1: Connected to peers: [0, 2, 3]
[1753883125] Node 1: Initialized successfully
[1753883125] Node 1: Starting main loop
[1753883125] Node 1: Starting consensus round 0
[1753883125] Node 1: Broadcasting: VOTE: Round 0
[1753883125] Node 1: Sending to Node 0: VOTE: Round 0
[1753883125] Node 1: Sending to Node 2: VOTE: Round 0
[1753883125] Node 1: Sending to Node 3: VOTE: Round 0
[1753883125] Node 1: Current counter value: 0
[1753883126] Node 1: Starting consensus round 1
[1753883126] Node 1: Is leader for round 1
[1753883126] Node 1: Broadcasting: PROPOSE: Round 1
[1753883126] Node 1: Sending to Node 0: PROPOSE: Round 1
[1753883126] Node 1: Sending to Node 2: PROPOSE: Round 1
[1753883126] Node 1: Sending to Node 3: PROPOSE: Round 1
[1753883126] Node 1: Broadcasting: VOTE: Round 1
[1753883126] Node 1: Sending to Node 0: VOTE: Round 1
[1753883126] Node 1: Sending to Node 2: VOTE: Round 1
[1753883126] Node 1: Sending to Node 3: VOTE: Round 1
[1753883126] Node 1: Committing round 1
[1753883126] Node 1: Broadcasting: COMMIT: Round 1
[1753883126] Node 1: Sending to Node 0: COMMIT: Round 1
[1753883126] Node 1: Sending to Node 2: COMMIT: Round 1
[1753883126] Node 1: Sending to Node 3: COMMIT: Round 1
[1753883126] Node 1: Current counter value: 0
[1753883127] Node 1: Starting consensus round 2
[1753883127] Node 1: Broadcasting: VOTE: Round 2
[1753883127] Node 1: Sending to Node 0: VOTE: Round 2
[1753883127] Node 1: Sending to Node 2: VOTE: Round 2
[1753883127] Node 1: Sending to Node 3: VOTE: Round 2
[1753883127] Node 1: Current counter value: 0
[1753883128] Node 1: Starting consensus round 3
[1753883128] Node 1: Broadcasting: VOTE: Round 3
[1753883128] Node 1: Sending to Node 0: VOTE: Round 3
[1753883128] Node 1: Sending to Node 2: VOTE: Round 3
[1753883128] Node 1: Sending to Node 3: VOTE: Round 3
[1753883128] Node 1: Current counter value: 0
[1753883129] Node 1: Starting consensus round 4
[1753883129] Node 1: Broadcasting: VOTE: Round 4
[1753883129] Node 1: Sending to Node 0: VOTE: Round 4
[1753883129] Node 1: Sending to Node 2: VOTE: Round 4
[1753883129] Node 1: Sending to Node 3: VOTE: Round 4
[1753883129] Node 1: Received transaction: Set(28)
[1753883129] Node 1: Current counter value: 0
[1753883130] Node 1: Completed. Final counter value: 0
[1753883130] Node 1: Shutting down
