[1753883125] Node 2: 🎬 Starting up
[1753883125] Node 2: Connected to peers: [0, 1, 3]
[1753883125] Node 2: Initialized successfully
[1753883125] Node 2: Starting main loop
[1753883125] Node 2: Starting consensus round 0
[1753883125] Node 2: Broadcasting: VOTE: Round 0
[1753883125] Node 2: Sending to Node 0: VOTE: Round 0
[1753883125] Node 2: Sending to Node 1: VOTE: Round 0
[1753883125] Node 2: Sending to Node 3: VOTE: Round 0
[1753883125] Node 2: Current counter value: 0
[1753883126] Node 2: Received message from Node 1: Hello from Node 1
[1753883126] Node 2: Processed message from Node 1: Hello from Node 1
[1753883126] Node 2: Starting consensus round 1
[1753883126] Node 2: Broadcasting: VOTE: Round 1
[1753883126] Node 2: Sending to Node 0: VOTE: Round 1
[1753883126] Node 2: Sending to Node 1: VOTE: Round 1
[1753883126] Node 2: Sending to Node 3: VOTE: Round 1
[1753883126] Node 2: Current counter value: 0
[1753883127] Node 2: Starting consensus round 2
[1753883127] Node 2: Is leader for round 2
[1753883127] Node 2: Broadcasting: PROPOSE: Round 2
[1753883127] Node 2: Sending to Node 0: PROPOSE: Round 2
[1753883127] Node 2: Sending to Node 1: PROPOSE: Round 2
[1753883127] Node 2: Sending to Node 3: PROPOSE: Round 2
[1753883127] Node 2: Broadcasting: VOTE: Round 2
[1753883127] Node 2: Sending to Node 0: VOTE: Round 2
[1753883127] Node 2: Sending to Node 1: VOTE: Round 2
[1753883127] Node 2: Sending to Node 3: VOTE: Round 2
[1753883127] Node 2: Committing round 2
[1753883127] Node 2: Broadcasting: COMMIT: Round 2
[1753883127] Node 2: Sending to Node 0: COMMIT: Round 2
[1753883127] Node 2: Sending to Node 1: COMMIT: Round 2
[1753883127] Node 2: Sending to Node 3: COMMIT: Round 2
[1753883127] Node 2: Current counter value: 0
[1753883128] Node 2: Starting consensus round 3
[1753883128] Node 2: Broadcasting: VOTE: Round 3
[1753883128] Node 2: Sending to Node 0: VOTE: Round 3
[1753883128] Node 2: Sending to Node 1: VOTE: Round 3
[1753883128] Node 2: Sending to Node 3: VOTE: Round 3
[1753883128] Node 2: Received transaction: Decrement
[1753883128] Node 2: Current counter value: 0
[1753883129] Node 2: Received message from Node 3: Hello from Node 3
[1753883129] Node 2: Processed message from Node 3: Hello from Node 3
[1753883129] Node 2: Processing 1 transactions
[1753883129] Node 2: Applied transaction Decrement: 0 -> 0
[1753883129] Node 2: Broadcasting: TX: "Decrement"
[1753883129] Node 2: Sending to Node 0: TX: "Decrement"
[1753883129] Node 2: Sending to Node 1: TX: "Decrement"
[1753883129] Node 2: Sending to Node 3: TX: "Decrement"
[1753883129] Node 2: Starting consensus round 4
[1753883129] Node 2: Broadcasting: VOTE: Round 4
[1753883129] Node 2: Sending to Node 0: VOTE: Round 4
[1753883129] Node 2: Sending to Node 1: VOTE: Round 4
[1753883129] Node 2: Sending to Node 3: VOTE: Round 4
[1753883129] Node 2: Current counter value: 0
[1753883130] Node 2: Completed. Final counter value: 0
[1753883130] Node 2: Shutting down
