[1753883125] Node 3: 🎬 Starting up
[1753883125] Node 3: Connected to peers: [0, 1, 2]
[1753883125] Node 3: Initialized successfully
[1753883125] Node 3: Starting main loop
[1753883125] Node 3: Starting consensus round 0
[1753883125] Node 3: Broadcasting: VOTE: Round 0
[1753883125] Node 3: Sending to Node 0: VOTE: Round 0
[1753883125] Node 3: Sending to Node 1: VOTE: Round 0
[1753883125] Node 3: Sending to Node 2: VOTE: Round 0
[1753883125] Node 3: Received transaction: Increment
[1753883125] Node 3: Current counter value: 0
[1753883126] Node 3: Processing 1 transactions
[1753883126] Node 3: Applied transaction Increment: 0 -> 1
[1753883126] Node 3: Broadcasting: TX: "Increment"
[1753883126] Node 3: Sending to Node 0: TX: "Increment"
[1753883126] Node 3: Sending to Node 1: TX: "Increment"
[1753883126] Node 3: Sending to Node 2: TX: "Increment"
[1753883126] Node 3: Starting consensus round 1
[1753883126] Node 3: Broadcasting: VOTE: Round 1
[1753883126] Node 3: Sending to Node 0: VOTE: Round 1
[1753883126] Node 3: Sending to Node 1: VOTE: Round 1
[1753883126] Node 3: Sending to Node 2: VOTE: Round 1
[1753883126] Node 3: Received transaction: Decrement
[1753883126] Node 3: Current counter value: 1
[1753883127] Node 3: Processing 1 transactions
[1753883127] Node 3: Applied transaction Decrement: 1 -> 0
[1753883127] Node 3: Broadcasting: TX: "Decrement"
[1753883127] Node 3: Sending to Node 0: TX: "Decrement"
[1753883127] Node 3: Sending to Node 1: TX: "Decrement"
[1753883127] Node 3: Sending to Node 2: TX: "Decrement"
[1753883127] Node 3: Starting consensus round 2
[1753883127] Node 3: Broadcasting: VOTE: Round 2
[1753883127] Node 3: Sending to Node 0: VOTE: Round 2
[1753883127] Node 3: Sending to Node 1: VOTE: Round 2
[1753883127] Node 3: Sending to Node 2: VOTE: Round 2
[1753883127] Node 3: Current counter value: 0
[1753883128] Node 3: Starting consensus round 3
[1753883128] Node 3: Is leader for round 3
[1753883128] Node 3: Broadcasting: PROPOSE: Round 3
[1753883128] Node 3: Sending to Node 0: PROPOSE: Round 3
[1753883128] Node 3: Sending to Node 1: PROPOSE: Round 3
[1753883128] Node 3: Sending to Node 2: PROPOSE: Round 3
[1753883128] Node 3: Broadcasting: VOTE: Round 3
[1753883128] Node 3: Sending to Node 0: VOTE: Round 3
[1753883128] Node 3: Sending to Node 1: VOTE: Round 3
[1753883128] Node 3: Sending to Node 2: VOTE: Round 3
[1753883128] Node 3: Committing round 3
[1753883128] Node 3: Broadcasting: COMMIT: Round 3
[1753883128] Node 3: Sending to Node 0: COMMIT: Round 3
[1753883128] Node 3: Sending to Node 1: COMMIT: Round 3
[1753883128] Node 3: Sending to Node 2: COMMIT: Round 3
[1753883128] Node 3: Current counter value: 0
[1753883129] Node 3: Starting consensus round 4
[1753883129] Node 3: Broadcasting: VOTE: Round 4
[1753883129] Node 3: Sending to Node 0: VOTE: Round 4
[1753883129] Node 3: Sending to Node 1: VOTE: Round 4
[1753883129] Node 3: Sending to Node 2: VOTE: Round 4
[1753883129] Node 3: Current counter value: 0
[1753883130] Node 3: Completed. Final counter value: 0
[1753883130] Node 3: Shutting down
