2025-12-05T13:20:05.786931Z  WARN ThreadId(01) docker_node: metrics exporter disabled by SMROL_DISABLE_METRICS
2025-12-05T13:20:26.002079Z  WARN ThreadId(01) hotstuff_runner::tcp_node: Node 1 view timeout set to 5000 ms
2025-12-05T13:20:26.012037Z ERROR ThreadId(23) hotstuff_runner::pompe_network: Node 1 failed to connect to node 0: Connection refused (os error 111)
2025-12-05T13:20:26.012447Z ERROR ThreadId(22) hotstuff_runner::pompe_network: Node 1 failed to connect to node 2: Connection refused (os error 111)
2025-12-05T13:20:26.012785Z ERROR ThreadId(22) hotstuff_runner::pompe_network: Node 1 failed to connect to node 3: Connection refused (os error 111)
2025-12-05T13:20:26.013121Z ERROR ThreadId(22) hotstuff_runner::pompe_network: Node 1 failed to connect to node 4: Connection refused (os error 111)
2025-12-05T13:20:26.013475Z ERROR ThreadId(22) hotstuff_runner::pompe_network: Node 1 failed to connect to node 5: Connection refused (os error 111)
2025-12-05T13:20:26.029683Z  WARN ThreadId(01) hotstuff_runner::smrol::sequencing: SMROL_MEDIAN_INFLIGHT=24, SMROL_ORDER_FINALIZE_INFLIGHT=4, SMROL_FINAL_SIGN_INFLIGHT=4, SMROL_FINAL_VERIFY_INFLIGHT=24
2025-12-05T13:20:26.029730Z  WARN ThreadId(01) hotstuff_runner::smrol::sequencing: [Sequencing] Node 1 multi-signature verification disabled: false
2025-12-05T13:20:26.030510Z  WARN ThreadId(05) hotstuff_runner::smrol::sequencing: [Sequencing] Node 1 final verify dispatcher started
2025-12-05T13:20:26.926963Z ERROR ThreadId(22) hotstuff_runner::pompe_network: Node 1 failed to connect to node 16: Connection refused (os error 111)
2025-12-05T13:20:27.110848Z ERROR ThreadId(22) hotstuff_runner::pompe_network: Node 1 failed to connect to node 17: Connection refused (os error 111)
2025-12-05T13:20:31.006168Z  WARN ThreadId(21) hotstuff_runner::tcp_node: Node 1 view 0 timed out; latency may accumulate
2025-12-05T13:20:31.030937Z  WARN ThreadId(05) docker_node:   Connection reuse ineffective (2.0 msg/conn)
2025-12-05T13:20:31.034004Z  WARN ThreadId(01) docker_node: Node 0 port 20000 temporarily unreachable: failed to lookup address information: Temporary failure in name resolution
2025-12-05T13:20:31.035631Z  WARN ThreadId(01) docker_node: Node 1 port 20001 temporarily unreachable: failed to lookup address information: Temporary failure in name resolution
2025-12-05T13:20:31.037530Z  WARN ThreadId(01) docker_node: Node 2 port 20002 temporarily unreachable: failed to lookup address information: Temporary failure in name resolution
2025-12-05T13:20:31.039306Z  WARN ThreadId(01) docker_node: Node 3 port 20003 temporarily unreachable: failed to lookup address information: Temporary failure in name resolution
2025-12-05T13:20:31.041061Z  WARN ThreadId(01) docker_node: Node 4 port 20004 temporarily unreachable: failed to lookup address information: Temporary failure in name resolution
2025-12-05T13:20:31.042874Z  WARN ThreadId(01) docker_node: Node 5 port 20005 temporarily unreachable: failed to lookup address information: Temporary failure in name resolution
2025-12-05T13:20:31.044519Z  WARN ThreadId(01) docker_node: Node 6 port 20006 temporarily unreachable: failed to lookup address information: Temporary failure in name resolution
2025-12-05T13:20:31.046285Z  WARN ThreadId(01) docker_node: Node 7 port 20007 temporarily unreachable: failed to lookup address information: Temporary failure in name resolution
2025-12-05T13:20:31.048206Z  WARN ThreadId(01) docker_node: Node 8 port 20008 temporarily unreachable: failed to lookup address information: Temporary failure in name resolution
2025-12-05T13:20:31.050084Z  WARN ThreadId(01) docker_node: Node 9 port 20009 temporarily unreachable: failed to lookup address information: Temporary failure in name resolution
2025-12-05T13:20:31.051988Z  WARN ThreadId(01) docker_node: Node 10 port 20010 temporarily unreachable: failed to lookup address information: Temporary failure in name resolution
2025-12-05T13:20:31.053911Z  WARN ThreadId(01) docker_node: Node 11 port 20011 temporarily unreachable: failed to lookup address information: Temporary failure in name resolution
2025-12-05T13:20:31.055769Z  WARN ThreadId(01) docker_node: Node 12 port 20012 temporarily unreachable: failed to lookup address information: Temporary failure in name resolution
2025-12-05T13:20:31.057584Z  WARN ThreadId(01) docker_node: Node 13 port 20013 temporarily unreachable: failed to lookup address information: Temporary failure in name resolution
2025-12-05T13:20:31.059325Z  WARN ThreadId(01) docker_node: Node 14 port 20014 temporarily unreachable: failed to lookup address information: Temporary failure in name resolution
2025-12-05T13:20:31.061256Z  WARN ThreadId(01) docker_node: Node 15 port 20015 temporarily unreachable: failed to lookup address information: Temporary failure in name resolution
2025-12-05T13:20:31.063009Z  WARN ThreadId(01) docker_node: Node 16 port 20016 temporarily unreachable: failed to lookup address information: Temporary failure in name resolution
2025-12-05T13:20:31.065094Z  WARN ThreadId(01) docker_node: Node 17 port 20017 temporarily unreachable: failed to lookup address information: Temporary failure in name resolution
2025-12-05T13:20:31.066843Z  WARN ThreadId(01) docker_node: Node 18 port 20018 temporarily unreachable: failed to lookup address information: Temporary failure in name resolution
2025-12-05T13:20:31.068622Z  WARN ThreadId(01) docker_node: Node 19 port 20019 temporarily unreachable: failed to lookup address information: Temporary failure in name resolution
2025-12-05T13:20:31.070345Z  WARN ThreadId(01) docker_node: Node 20 port 20020 temporarily unreachable: failed to lookup address information: Temporary failure in name resolution
2025-12-05T13:20:31.072040Z  WARN ThreadId(01) docker_node: Node 21 port 20021 temporarily unreachable: failed to lookup address information: Temporary failure in name resolution
2025-12-05T13:20:31.073735Z  WARN ThreadId(01) docker_node: Node 22 port 20022 temporarily unreachable: failed to lookup address information: Temporary failure in name resolution
2025-12-05T13:20:31.075476Z  WARN ThreadId(01) docker_node: Node 23 port 20023 temporarily unreachable: failed to lookup address information: Temporary failure in name resolution
2025-12-05T13:20:31.077407Z  WARN ThreadId(01) docker_node: Node 24 port 20024 temporarily unreachable: failed to lookup address information: Temporary failure in name resolution
2025-12-05T13:20:31.079188Z  WARN ThreadId(01) docker_node: Node 25 port 20025 temporarily unreachable: failed to lookup address information: Temporary failure in name resolution
2025-12-05T13:20:31.081096Z  WARN ThreadId(01) docker_node: Node 26 port 20026 temporarily unreachable: failed to lookup address information: Temporary failure in name resolution
2025-12-05T13:20:31.082932Z  WARN ThreadId(01) docker_node: Node 27 port 20027 temporarily unreachable: failed to lookup address information: Temporary failure in name resolution
2025-12-05T13:20:31.084547Z  WARN ThreadId(01) docker_node: Node 28 port 20028 temporarily unreachable: failed to lookup address information: Temporary failure in name resolution
2025-12-05T13:20:31.086313Z  WARN ThreadId(01) docker_node: Node 29 port 20029 temporarily unreachable: failed to lookup address information: Temporary failure in name resolution
2025-12-05T13:20:31.088046Z  WARN ThreadId(01) docker_node: Node 30 port 20030 temporarily unreachable: failed to lookup address information: Temporary failure in name resolution
2025-12-05T13:20:31.089839Z  WARN ThreadId(01) docker_node: Node 31 port 20031 temporarily unreachable: failed to lookup address information: Temporary failure in name resolution
2025-12-05T13:20:31.091657Z  WARN ThreadId(01) docker_node: Node 32 port 20032 temporarily unreachable: failed to lookup address information: Temporary failure in name resolution
2025-12-05T13:20:31.093144Z  WARN ThreadId(01) docker_node: Node 33 port 20033 temporarily unreachable: failed to lookup address information: Temporary failure in name resolution
2025-12-05T13:20:31.094864Z  WARN ThreadId(01) docker_node: Node 34 port 20034 temporarily unreachable: failed to lookup address information: Temporary failure in name resolution
2025-12-05T13:20:31.096571Z  WARN ThreadId(01) docker_node: Node 35 port 20035 temporarily unreachable: failed to lookup address information: Temporary failure in name resolution
2025-12-05T13:20:31.098436Z  WARN ThreadId(01) docker_node: Node 36 port 20036 temporarily unreachable: failed to lookup address information: Temporary failure in name resolution
2025-12-05T13:20:31.100359Z  WARN ThreadId(01) docker_node: Node 37 port 20037 temporarily unreachable: failed to lookup address information: Temporary failure in name resolution
2025-12-05T13:20:31.102294Z  WARN ThreadId(01) docker_node: Node 38 port 20038 temporarily unreachable: failed to lookup address information: Temporary failure in name resolution
2025-12-05T13:20:31.104241Z  WARN ThreadId(01) docker_node: Node 39 port 20039 temporarily unreachable: failed to lookup address information: Temporary failure in name resolution
2025-12-05T13:20:31.106235Z  WARN ThreadId(01) docker_node: Node 40 port 20040 temporarily unreachable: failed to lookup address information: Temporary failure in name resolution
2025-12-05T13:20:31.108073Z  WARN ThreadId(01) docker_node: Node 41 port 20041 temporarily unreachable: failed to lookup address information: Temporary failure in name resolution
2025-12-05T13:20:31.110129Z  WARN ThreadId(01) docker_node: Node 42 port 20042 temporarily unreachable: failed to lookup address information: Temporary failure in name resolution
2025-12-05T13:20:31.112332Z  WARN ThreadId(01) docker_node: Node 43 port 20043 temporarily unreachable: failed to lookup address information: Temporary failure in name resolution
2025-12-05T13:20:31.114306Z  WARN ThreadId(01) docker_node: Node 44 port 20044 temporarily unreachable: failed to lookup address information: Temporary failure in name resolution
2025-12-05T13:20:31.116192Z  WARN ThreadId(01) docker_node: Node 45 port 20045 temporarily unreachable: failed to lookup address information: Temporary failure in name resolution
2025-12-05T13:20:31.118050Z  WARN ThreadId(01) docker_node: Node 46 port 20046 temporarily unreachable: failed to lookup address information: Temporary failure in name resolution
2025-12-05T13:20:31.119965Z  WARN ThreadId(01) docker_node: Node 47 port 20047 temporarily unreachable: failed to lookup address information: Temporary failure in name resolution
2025-12-05T13:20:31.121699Z  WARN ThreadId(01) docker_node: Node 48 port 20048 temporarily unreachable: failed to lookup address information: Temporary failure in name resolution
2025-12-05T13:20:31.123401Z  WARN ThreadId(01) docker_node: Node 49 port 20049 temporarily unreachable: failed to lookup address information: Temporary failure in name resolution
2025-12-05T13:20:31.125307Z  WARN ThreadId(01) docker_node: Node 50 port 20050 temporarily unreachable: failed to lookup address information: Temporary failure in name resolution
2025-12-05T13:20:31.127187Z  WARN ThreadId(01) docker_node: Node 51 port 20051 temporarily unreachable: failed to lookup address information: Temporary failure in name resolution
2025-12-05T13:20:31.129163Z  WARN ThreadId(01) docker_node: Node 52 port 20052 temporarily unreachable: failed to lookup address information: Temporary failure in name resolution
2025-12-05T13:20:31.130842Z  WARN ThreadId(01) docker_node: Node 53 port 20053 temporarily unreachable: failed to lookup address information: Temporary failure in name resolution
2025-12-05T13:20:31.132764Z  WARN ThreadId(01) docker_node: Node 54 port 20054 temporarily unreachable: failed to lookup address information: Temporary failure in name resolution
2025-12-05T13:20:31.134783Z  WARN ThreadId(01) docker_node: Node 55 port 20055 temporarily unreachable: failed to lookup address information: Temporary failure in name resolution
2025-12-05T13:20:31.136477Z  WARN ThreadId(01) docker_node: Node 56 port 20056 temporarily unreachable: failed to lookup address information: Temporary failure in name resolution
2025-12-05T13:20:31.138223Z  WARN ThreadId(01) docker_node: Node 57 port 20057 temporarily unreachable: failed to lookup address information: Temporary failure in name resolution
2025-12-05T13:20:31.140146Z  WARN ThreadId(01) docker_node: Node 58 port 20058 temporarily unreachable: failed to lookup address information: Temporary failure in name resolution
2025-12-05T13:20:31.141776Z  WARN ThreadId(01) docker_node: Node 59 port 20059 temporarily unreachable: failed to lookup address information: Temporary failure in name resolution
2025-12-05T13:20:31.144018Z  WARN ThreadId(01) docker_node: Node 60 port 20060 temporarily unreachable: failed to lookup address information: Temporary failure in name resolution
2025-12-05T13:20:31.145831Z  WARN ThreadId(01) docker_node: Node 61 port 20061 temporarily unreachable: failed to lookup address information: Temporary failure in name resolution
2025-12-05T13:20:31.147498Z  WARN ThreadId(01) docker_node: Node 62 port 20062 temporarily unreachable: failed to lookup address information: Temporary failure in name resolution
2025-12-05T13:20:31.149329Z  WARN ThreadId(01) docker_node: Node 63 port 20063 temporarily unreachable: failed to lookup address information: Temporary failure in name resolution
2025-12-05T13:20:36.031161Z  WARN ThreadId(05) docker_node:   Connection reuse ineffective (2.0 msg/conn)
2025-12-05T13:20:41.031556Z  WARN ThreadId(05) docker_node:   Connection reuse ineffective (2.0 msg/conn)
2025-12-05T13:20:44.671606Z  WARN ThreadId(20) hotstuff_runner::app: Node 1 [produce_block] queue size: 0, attempting up to 0 transactions this block    
2025-12-05T13:20:46.030638Z  WARN ThreadId(05) docker_node:   Connection reuse ineffective (2.0 msg/conn)
2025-12-05T13:20:51.031203Z  WARN ThreadId(02) docker_node:   Connection reuse ineffective (2.0 msg/conn)
2025-12-05T13:20:56.031508Z  WARN ThreadId(02) docker_node:   Connection reuse ineffective (2.0 msg/conn)
2025-12-05T13:21:01.030992Z  WARN ThreadId(02) docker_node:   Connection reuse ineffective (2.0 msg/conn)
2025-12-05T13:21:01.150420Z  WARN ThreadId(06) docker_node: Node 1 Regular transaction queue backlog: 41444 transactions
2025-12-05T13:21:02.572919Z  WARN ThreadId(24) hotstuff_runner::smrol::network: ⚠️ [Check] Writer 1 -> 49 slow write: 5.146333ms
2025-12-05T13:21:02.579360Z  WARN ThreadId(24) hotstuff_runner::smrol::network: ⚠️ [Check] Writer 1 -> 17 slow write: 5.699774ms
2025-12-05T13:21:02.580959Z  WARN ThreadId(24) hotstuff_runner::smrol::network: ⚠️ [Check] Writer 1 -> 20 slow write: 7.246992ms
2025-12-05T13:21:02.617837Z  WARN ThreadId(24) hotstuff_runner::smrol::network: ⚠️ [Check] Writer 1 -> 27 slow write: 44.302015ms
2025-12-05T13:21:02.618125Z  WARN ThreadId(24) hotstuff_runner::smrol::network: ⚠️ [Check] Writer 1 -> 30 slow write: 44.720953ms
2025-12-05T13:21:02.618215Z  WARN ThreadId(25) hotstuff_runner::smrol::network: ⚠️ [Check] Writer 1 -> 28 slow write: 44.656991ms
2025-12-05T13:21:02.618325Z  WARN ThreadId(24) hotstuff_runner::smrol::network: ⚠️ [Check] Writer 1 -> 29 slow write: 44.775834ms
2025-12-05T13:21:02.621776Z  WARN ThreadId(25) hotstuff_runner::smrol::network: ⚠️ [Check] Writer 1 -> 26 slow write: 48.161485ms
2025-12-05T13:21:02.630780Z  WARN ThreadId(24) hotstuff_runner::smrol::network: ⚠️ [Check] Writer 1 -> 21 slow write: 57.037586ms
2025-12-05T13:21:02.630787Z  WARN ThreadId(25) hotstuff_runner::smrol::network: ⚠️ [Check] Writer 1 -> 23 slow write: 55.119691ms
2025-12-05T13:21:02.631637Z  WARN ThreadId(24) hotstuff_runner::smrol::network: ⚠️ [Check] Writer 1 -> 25 slow write: 58.106095ms
2025-12-05T13:21:02.640805Z  WARN ThreadId(24) hotstuff_runner::smrol::network: ⚠️ [Check] Writer 1 -> 24 slow write: 65.233495ms
2025-12-05T13:21:02.642715Z  WARN ThreadId(24) hotstuff_runner::smrol::network: ⚠️ [Check] Writer 1 -> 53 slow write: 69.293819ms
2025-12-05T13:21:02.644322Z  WARN ThreadId(24) hotstuff_runner::smrol::network: ⚠️ [Check] Writer 1 -> 34 slow write: 68.761559ms
2025-12-05T13:21:02.645573Z  WARN ThreadId(25) hotstuff_runner::smrol::network: ⚠️ [Check] Writer 1 -> 35 slow write: 69.89312ms
2025-12-05T13:21:02.648087Z  WARN ThreadId(25) hotstuff_runner::smrol::network: ⚠️ [Check] Writer 1 -> 22 slow write: 75.242547ms
2025-12-05T13:21:02.719089Z  WARN ThreadId(25) hotstuff_runner::smrol::network: ⚠️ [Check] Writer 1 -> 31 slow write: 145.516084ms
2025-12-05T13:21:02.720263Z  WARN ThreadId(25) hotstuff_runner::smrol::network: ⚠️ [Check] Writer 1 -> 33 slow write: 41.762229ms
2025-12-05T13:21:02.720509Z  WARN ThreadId(25) hotstuff_runner::smrol::network: ⚠️ [Check] Writer 1 -> 32 slow write: 144.79925ms
2025-12-05T13:21:05.588533Z  WARN ThreadId(21) hotstuff_runner::tcp_node: Node 1 view 82 timed out; latency may accumulate
2025-12-05T13:21:06.030750Z  WARN ThreadId(09) docker_node: HotStuff processing bottleneck detected:
2025-12-05T13:21:06.030768Z  WARN ThreadId(09) docker_node:    - HotStuff queue backlog: 41444 transactions
2025-12-05T13:21:06.030775Z  WARN ThreadId(09) docker_node:    - Confirmation TPS (0.0) much lower than submission TPS (0.3)
2025-12-05T13:21:06.030780Z  WARN ThreadId(09) docker_node:    - Possible cause: HotStuff consensus network delay or block size limitation
2025-12-05T13:21:06.030792Z  WARN ThreadId(09) docker_node:   Connection reuse ineffective (2.0 msg/conn)
2025-12-05T13:21:06.150036Z  WARN ThreadId(09) docker_node: Node 1 Regular transaction queue backlog: 207920 transactions
2025-12-05T13:21:11.030994Z  WARN ThreadId(08) docker_node: HotStuff processing bottleneck detected:
2025-12-05T13:21:11.031023Z  WARN ThreadId(08) docker_node:    - HotStuff queue backlog: 207920 transactions
2025-12-05T13:21:11.031050Z  WARN ThreadId(08) docker_node:    - Confirmation TPS (0.0) much lower than submission TPS (0.2)
2025-12-05T13:21:11.031057Z  WARN ThreadId(08) docker_node:    - Possible cause: HotStuff consensus network delay or block size limitation
2025-12-05T13:21:11.031073Z  WARN ThreadId(08) docker_node:   Connection reuse ineffective (2.0 msg/conn)
2025-12-05T13:21:11.149896Z  WARN ThreadId(08) docker_node: Node 1 Regular transaction queue backlog: 207920 transactions
2025-12-05T13:21:14.573033Z  WARN ThreadId(21) hotstuff_runner::tcp_node: Node 1 view 85 timed out; latency may accumulate
2025-12-05T13:21:15.327320Z  WARN ThreadId(20) hotstuff_rs::block_tree::invariants: SAFE_PC_FAIL: pc.block=[155, 10, 204, 202, 40, 83, 72, 238, 173, 81, 166, 215, 48, 186, 191, 73, 50, 99, 71, 244, 148, 188, 86, 169, 207, 170, 104, 97, 96, 244, 197, 106] view=81 phase=Generic | cond1(chain_id/genesis)=true (pc.chain_id=0, my.chain_id=0) | cond2(block_exists/genesis)=true (exists=true) | cond3(view>locked || extends)=false (pc.view=81, locked.view=83, extends=false) | cond4(phase/updates)=true (phase_special=false, has_updates=false) | highest_pc.block=[15, 46, 204, 112, 137, 231, 67, 209, 151, 213, 28, 29, 143, 205, 83, 120, 102, 3, 91, 58, 45, 22, 155, 196, 115, 18, 240, 120, 158, 50, 235, 228] highest_pc.view=84 locked.block=[125, 108, 121, 233, 44, 142, 245, 165, 38, 199, 35, 229, 72, 161, 94, 46, 176, 126, 29, 142, 137, 76, 195, 174, 123, 188, 13, 64, 171, 10, 179, 2] locked.view=83    
2025-12-05T13:21:15.327358Z  WARN ThreadId(20) hotstuff_rs::block_tree::invariants: SAFE_BLOCK_FAIL: block=[227, 88, 247, 113, 200, 68, 239, 228, 149, 238, 237, 86, 178, 183, 191, 130, 142, 36, 232, 247, 152, 148, 56, 178, 8, 45, 70, 248, 29, 30, 161, 190] height=None | cond1(safe_pc)=false | cond2(is_block_justify)=true (justify.phase=Generic) | justify.block=[155, 10, 204, 202, 40, 83, 72, 238, 173, 81, 166, 215, 48, 186, 191, 73, 50, 99, 71, 244, 148, 188, 86, 169, 207, 170, 104, 97, 96, 244, 197, 106] justify.view=81 | highest_pc.block=[15, 46, 204, 112, 137, 231, 67, 209, 151, 213, 28, 29, 143, 205, 83, 120, 102, 3, 91, 58, 45, 22, 155, 196, 115, 18, 240, 120, 158, 50, 235, 228] highest_pc.view=84 | locked.block=[125, 108, 121, 233, 44, 142, 245, 165, 38, 199, 35, 229, 72, 161, 94, 46, 176, 126, 29, 142, 137, 76, 195, 174, 123, 188, 13, 64, 171, 10, 179, 2] locked.view=83    
2025-12-05T13:21:16.031294Z  WARN ThreadId(04) docker_node: HotStuff processing bottleneck detected:
2025-12-05T13:21:16.031324Z  WARN ThreadId(04) docker_node:    - HotStuff queue backlog: 207920 transactions
2025-12-05T13:21:16.032578Z  WARN ThreadId(04) docker_node:    - Confirmation TPS (0.0) much lower than submission TPS (0.1)
2025-12-05T13:21:16.032586Z  WARN ThreadId(04) docker_node:    - Possible cause: HotStuff consensus network delay or block size limitation
2025-12-05T13:21:16.032598Z  WARN ThreadId(04) docker_node:   Connection reuse ineffective (2.0 msg/conn)
2025-12-05T13:21:16.149844Z  WARN ThreadId(09) docker_node: Node 1 Regular transaction queue backlog: 207920 transactions
2025-12-05T13:21:19.574471Z  WARN ThreadId(21) hotstuff_runner::tcp_node: Node 1 view 86 timed out; latency may accumulate
2025-12-05T13:21:21.030716Z  WARN ThreadId(03) docker_node: HotStuff processing bottleneck detected:
2025-12-05T13:21:21.030742Z  WARN ThreadId(03) docker_node:    - HotStuff queue backlog: 207920 transactions
2025-12-05T13:21:21.030750Z  WARN ThreadId(03) docker_node:    - Confirmation TPS (0.0) much lower than submission TPS (0.1)
2025-12-05T13:21:21.030756Z  WARN ThreadId(03) docker_node:    - Possible cause: HotStuff consensus network delay or block size limitation
2025-12-05T13:21:21.030772Z  WARN ThreadId(03) docker_node:   Connection reuse ineffective (2.0 msg/conn)
2025-12-05T13:21:21.149982Z  WARN ThreadId(03) docker_node: Node 1 Regular transaction queue backlog: 207920 transactions
2025-12-05T13:21:26.000376Z  WARN ThreadId(21) hotstuff_runner::tcp_node: Detected transaction backlog: submit rate (0.1) > confirm rate (0.0)
2025-12-05T13:21:26.030912Z  WARN ThreadId(03) docker_node: HotStuff processing bottleneck detected:
2025-12-05T13:21:26.030937Z  WARN ThreadId(03) docker_node:    - HotStuff queue backlog: 207920 transactions
2025-12-05T13:21:26.030962Z  WARN ThreadId(03) docker_node:    - Confirmation TPS (0.0) much lower than submission TPS (0.1)
2025-12-05T13:21:26.030970Z  WARN ThreadId(03) docker_node:    - Possible cause: HotStuff consensus network delay or block size limitation
2025-12-05T13:21:26.030983Z  WARN ThreadId(03) docker_node:   Connection reuse ineffective (2.0 msg/conn)
2025-12-05T13:21:26.150151Z  WARN ThreadId(04) docker_node: Node 1 Regular transaction queue backlog: 207920 transactions
2025-12-05T13:21:31.030776Z  WARN ThreadId(09) docker_node:   Connection reuse ineffective (2.0 msg/conn)
2025-12-05T13:21:31.150067Z  WARN ThreadId(09) docker_node: Node 1 Regular transaction queue backlog: 207920 transactions
2025-12-05T13:21:35.066972Z  WARN ThreadId(21) hotstuff_runner::tcp_node: Node 1 view 93 timed out; latency may accumulate
2025-12-05T13:21:35.248367Z  WARN ThreadId(20) hotstuff_rs::block_tree::invariants: SAFE_PC_FAIL: pc.block=[155, 10, 204, 202, 40, 83, 72, 238, 173, 81, 166, 215, 48, 186, 191, 73, 50, 99, 71, 244, 148, 188, 86, 169, 207, 170, 104, 97, 96, 244, 197, 106] view=81 phase=Generic | cond1(chain_id/genesis)=true (pc.chain_id=0, my.chain_id=0) | cond2(block_exists/genesis)=true (exists=true) | cond3(view>locked || extends)=false (pc.view=81, locked.view=91, extends=false) | cond4(phase/updates)=true (phase_special=false, has_updates=false) | highest_pc.block=[42, 77, 141, 10, 3, 218, 42, 29, 127, 141, 73, 253, 86, 197, 230, 51, 165, 70, 158, 117, 14, 137, 220, 208, 147, 203, 83, 21, 27, 0, 38, 161] highest_pc.view=92 locked.block=[6, 247, 67, 206, 53, 144, 92, 39, 125, 209, 172, 106, 179, 137, 102, 189, 34, 153, 106, 55, 194, 171, 181, 181, 26, 64, 1, 6, 193, 4, 75, 237] locked.view=91    
2025-12-05T13:21:35.248397Z  WARN ThreadId(20) hotstuff_rs::block_tree::invariants: SAFE_BLOCK_FAIL: block=[46, 227, 0, 105, 240, 10, 20, 212, 24, 181, 16, 118, 144, 3, 101, 230, 39, 154, 52, 126, 41, 204, 30, 124, 76, 48, 64, 233, 94, 217, 38, 190] height=None | cond1(safe_pc)=false | cond2(is_block_justify)=true (justify.phase=Generic) | justify.block=[155, 10, 204, 202, 40, 83, 72, 238, 173, 81, 166, 215, 48, 186, 191, 73, 50, 99, 71, 244, 148, 188, 86, 169, 207, 170, 104, 97, 96, 244, 197, 106] justify.view=81 | highest_pc.block=[42, 77, 141, 10, 3, 218, 42, 29, 127, 141, 73, 253, 86, 197, 230, 51, 165, 70, 158, 117, 14, 137, 220, 208, 147, 203, 83, 21, 27, 0, 38, 161] highest_pc.view=92 | locked.block=[6, 247, 67, 206, 53, 144, 92, 39, 125, 209, 172, 106, 179, 137, 102, 189, 34, 153, 106, 55, 194, 171, 181, 181, 26, 64, 1, 6, 193, 4, 75, 237] locked.view=91    
2025-12-05T13:21:36.031226Z  WARN ThreadId(09) docker_node:   Connection reuse ineffective (2.0 msg/conn)
2025-12-05T13:21:36.150480Z  WARN ThreadId(09) docker_node: Node 1 Regular transaction queue backlog: 207920 transactions
2025-12-05T13:21:40.068404Z  WARN ThreadId(21) hotstuff_runner::tcp_node: Node 1 view 94 timed out; latency may accumulate
2025-12-05T13:21:41.031228Z  WARN ThreadId(09) docker_node:   Connection reuse ineffective (2.0 msg/conn)
2025-12-05T13:21:41.150485Z  WARN ThreadId(09) docker_node: Node 1 Regular transaction queue backlog: 207920 transactions
2025-12-05T13:21:46.031279Z  WARN ThreadId(09) docker_node:   Connection reuse ineffective (2.0 msg/conn)
2025-12-05T13:21:46.150546Z  WARN ThreadId(09) docker_node: Node 1 Regular transaction queue backlog: 207920 transactions
2025-12-05T13:21:47.315714Z  WARN ThreadId(20) hotstuff_rs::block_tree::invariants: SAFE_PC_FAIL: pc.block=[155, 10, 204, 202, 40, 83, 72, 238, 173, 81, 166, 215, 48, 186, 191, 73, 50, 99, 71, 244, 148, 188, 86, 169, 207, 170, 104, 97, 96, 244, 197, 106] view=81 phase=Generic | cond1(chain_id/genesis)=true (pc.chain_id=0, my.chain_id=0) | cond2(block_exists/genesis)=true (exists=true) | cond3(view>locked || extends)=false (pc.view=81, locked.view=95, extends=false) | cond4(phase/updates)=true (phase_special=false, has_updates=false) | highest_pc.block=[115, 71, 84, 99, 253, 195, 250, 51, 214, 167, 141, 9, 145, 171, 90, 30, 167, 92, 129, 70, 212, 184, 47, 220, 80, 170, 203, 178, 178, 142, 99, 216] highest_pc.view=96 locked.block=[221, 174, 2, 181, 202, 172, 242, 225, 17, 218, 210, 194, 183, 102, 82, 42, 24, 175, 234, 72, 51, 210, 159, 215, 1, 214, 159, 211, 246, 133, 33, 177] locked.view=95    
2025-12-05T13:21:47.315749Z  WARN ThreadId(20) hotstuff_rs::block_tree::invariants: SAFE_BLOCK_FAIL: block=[54, 120, 149, 114, 144, 106, 116, 196, 146, 29, 76, 169, 15, 126, 23, 225, 53, 7, 234, 198, 19, 173, 74, 176, 205, 17, 36, 8, 21, 150, 101, 121] height=None | cond1(safe_pc)=false | cond2(is_block_justify)=true (justify.phase=Generic) | justify.block=[155, 10, 204, 202, 40, 83, 72, 238, 173, 81, 166, 215, 48, 186, 191, 73, 50, 99, 71, 244, 148, 188, 86, 169, 207, 170, 104, 97, 96, 244, 197, 106] justify.view=81 | highest_pc.block=[115, 71, 84, 99, 253, 195, 250, 51, 214, 167, 141, 9, 145, 171, 90, 30, 167, 92, 129, 70, 212, 184, 47, 220, 80, 170, 203, 178, 178, 142, 99, 216] highest_pc.view=96 | locked.block=[221, 174, 2, 181, 202, 172, 242, 225, 17, 218, 210, 194, 183, 102, 82, 42, 24, 175, 234, 72, 51, 210, 159, 215, 1, 214, 159, 211, 246, 133, 33, 177] locked.view=95    
2025-12-05T13:21:51.031085Z  WARN ThreadId(09) docker_node:   Connection reuse ineffective (2.0 msg/conn)
2025-12-05T13:21:51.150331Z  WARN ThreadId(09) docker_node: Node 1 Regular transaction queue backlog: 207920 transactions
2025-12-05T13:21:51.402063Z  WARN ThreadId(21) hotstuff_runner::tcp_node: Node 1 view 98 timed out; latency may accumulate
2025-12-05T13:21:53.036633Z  WARN ThreadId(20) hotstuff_runner::app: Node 1 [produce_block] queue size: 207920, attempting up to 180000 transactions this block    
2025-12-05T13:21:56.031254Z  WARN ThreadId(04) docker_node:   Connection reuse ineffective (2.0 msg/conn)
2025-12-05T13:22:01.030805Z  WARN ThreadId(09) docker_node:   Connection reuse ineffective (2.0 msg/conn)
2025-12-05T13:22:06.030766Z  WARN ThreadId(09) docker_node:   Connection reuse ineffective (2.0 msg/conn)
2025-12-05T13:22:07.357753Z  WARN ThreadId(21) hotstuff_runner::tcp_node: Node 1 view 114 timed out; latency may accumulate
2025-12-05T13:22:10.542317Z  WARN ThreadId(20) hotstuff_rs::block_tree::invariants: SAFE_PC_FAIL: pc.block=[155, 10, 204, 202, 40, 83, 72, 238, 173, 81, 166, 215, 48, 186, 191, 73, 50, 99, 71, 244, 148, 188, 86, 169, 207, 170, 104, 97, 96, 244, 197, 106] view=81 phase=Generic | cond1(chain_id/genesis)=true (pc.chain_id=0, my.chain_id=0) | cond2(block_exists/genesis)=true (exists=true) | cond3(view>locked || extends)=false (pc.view=81, locked.view=112, extends=false) | cond4(phase/updates)=true (phase_special=false, has_updates=false) | highest_pc.block=[222, 10, 63, 187, 14, 227, 202, 55, 66, 60, 173, 216, 155, 32, 99, 5, 216, 35, 26, 226, 158, 13, 10, 45, 218, 177, 22, 136, 189, 120, 211, 69] highest_pc.view=113 locked.block=[65, 213, 232, 3, 78, 124, 132, 87, 24, 80, 56, 190, 107, 6, 86, 226, 153, 165, 54, 52, 128, 91, 240, 28, 51, 145, 243, 45, 175, 96, 218, 198] locked.view=112    
2025-12-05T13:22:10.542370Z  WARN ThreadId(20) hotstuff_rs::block_tree::invariants: SAFE_BLOCK_FAIL: block=[92, 220, 138, 16, 101, 80, 101, 41, 131, 163, 151, 128, 191, 253, 185, 251, 157, 243, 100, 11, 101, 174, 190, 227, 45, 69, 233, 162, 10, 93, 152, 215] height=None | cond1(safe_pc)=false | cond2(is_block_justify)=true (justify.phase=Generic) | justify.block=[155, 10, 204, 202, 40, 83, 72, 238, 173, 81, 166, 215, 48, 186, 191, 73, 50, 99, 71, 244, 148, 188, 86, 169, 207, 170, 104, 97, 96, 244, 197, 106] justify.view=81 | highest_pc.block=[222, 10, 63, 187, 14, 227, 202, 55, 66, 60, 173, 216, 155, 32, 99, 5, 216, 35, 26, 226, 158, 13, 10, 45, 218, 177, 22, 136, 189, 120, 211, 69] highest_pc.view=113 | locked.block=[65, 213, 232, 3, 78, 124, 132, 87, 24, 80, 56, 190, 107, 6, 86, 226, 153, 165, 54, 52, 128, 91, 240, 28, 51, 145, 243, 45, 175, 96, 218, 198] locked.view=112    
2025-12-05T13:22:11.031327Z  WARN ThreadId(09) docker_node:   Connection reuse ineffective (2.0 msg/conn)
2025-12-05T13:22:12.358563Z  WARN ThreadId(21) hotstuff_runner::tcp_node: Node 1 view 115 timed out; latency may accumulate
2025-12-05T13:22:16.031083Z  WARN ThreadId(09) docker_node:   Connection reuse ineffective (2.0 msg/conn)
2025-12-05T13:22:21.030868Z  WARN ThreadId(09) docker_node:   Connection reuse ineffective (2.0 msg/conn)
2025-12-05T13:22:21.128025Z  WARN ThreadId(21) hotstuff_runner::tcp_node: Node 1 view 121 timed out; latency may accumulate
2025-12-05T13:22:26.031418Z  WARN ThreadId(09) docker_node:   Connection reuse ineffective (2.0 msg/conn)
2025-12-05T13:22:26.129512Z  WARN ThreadId(21) hotstuff_runner::tcp_node: Node 1 view 122 timed out; latency may accumulate
2025-12-05T13:22:31.031347Z  WARN ThreadId(03) docker_node:   Connection reuse ineffective (2.0 msg/conn)
2025-12-05T13:22:31.613069Z  WARN ThreadId(21) hotstuff_runner::tcp_node: Node 1 view 124 timed out; latency may accumulate
2025-12-05T13:22:32.251386Z  WARN ThreadId(20) hotstuff_rs::block_tree::invariants: SAFE_PC_FAIL: pc.block=[155, 10, 204, 202, 40, 83, 72, 238, 173, 81, 166, 215, 48, 186, 191, 73, 50, 99, 71, 244, 148, 188, 86, 169, 207, 170, 104, 97, 96, 244, 197, 106] view=81 phase=Generic | cond1(chain_id/genesis)=true (pc.chain_id=0, my.chain_id=0) | cond2(block_exists/genesis)=true (exists=true) | cond3(view>locked || extends)=false (pc.view=81, locked.view=120, extends=false) | cond4(phase/updates)=true (phase_special=false, has_updates=false) | highest_pc.block=[252, 36, 221, 47, 21, 220, 170, 141, 95, 49, 108, 218, 108, 81, 250, 223, 48, 180, 85, 133, 2, 207, 106, 161, 80, 10, 93, 139, 28, 212, 27, 202] highest_pc.view=123 locked.block=[195, 208, 43, 13, 63, 156, 251, 173, 245, 148, 104, 50, 103, 59, 197, 147, 202, 177, 80, 175, 168, 80, 188, 231, 237, 132, 158, 6, 122, 197, 176, 71] locked.view=120    
2025-12-05T13:22:32.251425Z  WARN ThreadId(20) hotstuff_rs::block_tree::invariants: SAFE_BLOCK_FAIL: block=[94, 44, 120, 148, 146, 120, 149, 83, 82, 157, 19, 149, 6, 198, 30, 100, 214, 10, 10, 41, 179, 143, 155, 155, 83, 189, 195, 204, 22, 225, 63, 139] height=None | cond1(safe_pc)=false | cond2(is_block_justify)=true (justify.phase=Generic) | justify.block=[155, 10, 204, 202, 40, 83, 72, 238, 173, 81, 166, 215, 48, 186, 191, 73, 50, 99, 71, 244, 148, 188, 86, 169, 207, 170, 104, 97, 96, 244, 197, 106] justify.view=81 | highest_pc.block=[252, 36, 221, 47, 21, 220, 170, 141, 95, 49, 108, 218, 108, 81, 250, 223, 48, 180, 85, 133, 2, 207, 106, 161, 80, 10, 93, 139, 28, 212, 27, 202] highest_pc.view=123 | locked.block=[195, 208, 43, 13, 63, 156, 251, 173, 245, 148, 104, 50, 103, 59, 197, 147, 202, 177, 80, 175, 168, 80, 188, 231, 237, 132, 158, 6, 122, 197, 176, 71] locked.view=120    
2025-12-05T13:22:36.031587Z  WARN ThreadId(03) docker_node:   Connection reuse ineffective (2.0 msg/conn)
2025-12-05T13:22:36.614375Z  WARN ThreadId(21) hotstuff_runner::tcp_node: Node 1 view 125 timed out; latency may accumulate
2025-12-05T13:22:41.030788Z  WARN ThreadId(09) docker_node:   Connection reuse ineffective (2.0 msg/conn)
2025-12-05T13:22:46.030724Z  WARN ThreadId(09) docker_node:   Connection reuse ineffective (2.0 msg/conn)
2025-12-05T13:22:46.062172Z  WARN ThreadId(21) hotstuff_runner::tcp_node: Node 1 view 131 timed out; latency may accumulate
2025-12-05T13:22:51.031000Z  WARN ThreadId(09) docker_node:   Connection reuse ineffective (2.0 msg/conn)
2025-12-05T13:22:51.063552Z  WARN ThreadId(21) hotstuff_runner::tcp_node: Node 1 view 132 timed out; latency may accumulate
2025-12-05T13:22:56.031575Z  WARN ThreadId(09) docker_node:   Connection reuse ineffective (2.0 msg/conn)
2025-12-05T13:22:56.065271Z  WARN ThreadId(21) hotstuff_runner::tcp_node: Node 1 view 133 timed out; latency may accumulate
2025-12-05T13:23:01.030749Z  WARN ThreadId(04) docker_node:   Connection reuse ineffective (2.0 msg/conn)
2025-12-05T13:23:01.067050Z  WARN ThreadId(21) hotstuff_runner::tcp_node: Node 1 view 134 timed out; latency may accumulate
2025-12-05T13:23:06.030723Z  WARN ThreadId(04) docker_node:   Connection reuse ineffective (2.0 msg/conn)
2025-12-05T13:23:07.174687Z  WARN ThreadId(21) hotstuff_runner::tcp_node: Node 1 view 137 timed out; latency may accumulate
2025-12-05T13:23:11.030777Z  WARN ThreadId(04) docker_node:   Connection reuse ineffective (2.0 msg/conn)
2025-12-05T13:23:12.175776Z  WARN ThreadId(21) hotstuff_runner::tcp_node: Node 1 view 138 timed out; latency may accumulate
2025-12-05T13:23:16.030681Z  WARN ThreadId(04) docker_node:   Connection reuse ineffective (2.0 msg/conn)
