[2025-11-13 03:18:04.131][INFO] Node 0 view 0 timed out!
[2025-11-13 03:18:06.360][INFO] Node 0 starting view 1
[2025-11-13 03:18:06.601][INFO] Node 0 starting view 2
[2025-11-13 03:18:06.804][INFO] Node 0 starting view 3
[2025-11-13 03:18:07.087][INFO] Node 0 starting view 4
[2025-11-13 03:18:07.126][INFO] 💎 Node 0 Commit block - Height: 0, TxCount: 0, E2E_TPS: 0.00, Pure_TPS: 0.00, Submit_TPS: 0.00, TotalTxs: 0, TotalBlocks: 1, tx_ids.len= 0
[2025-11-13 03:18:07.527][INFO] 💎 Node 0 Commit block - Height: 1, TxCount: 0, E2E_TPS: 0.00, Pure_TPS: 0.00, Submit_TPS: 0.00, TotalTxs: 0, TotalBlocks: 2, tx_ids.len= 0
[2025-11-13 03:18:07.871][INFO] 💎 Node 0 Commit block - Height: 2, TxCount: 0, E2E_TPS: 0.00, Pure_TPS: 0.00, Submit_TPS: 0.00, TotalTxs: 0, TotalBlocks: 3, tx_ids.len= 0
[2025-11-13 03:18:08.263][INFO] 💎 Node 0 Commit block - Height: 3, TxCount: 0, E2E_TPS: 0.00, Pure_TPS: 0.00, Submit_TPS: 0.00, TotalTxs: 0, TotalBlocks: 4, tx_ids.len= 0
[2025-11-13 03:18:08.442][INFO] Node 0 starting view 8
[2025-11-13 03:18:08.512][INFO] 💎 Node 0 Commit block - Height: 4, TxCount: 0, E2E_TPS: 0.00, Pure_TPS: 0.00, Submit_TPS: 0.00, TotalTxs: 0, TotalBlocks: 5, tx_ids.len= 0
[2025-11-13 03:18:08.715][INFO] Node 0 starting view 9
[2025-11-13 03:18:08.761][INFO] 💎 Node 0 Commit block - Height: 5, TxCount: 0, E2E_TPS: 0.00, Pure_TPS: 0.00, Submit_TPS: 0.00, TotalTxs: 0, TotalBlocks: 6, tx_ids.len= 0
[2025-11-13 03:18:09.099][INFO] 💎 Node 0 Commit block - Height: 6, TxCount: 0, E2E_TPS: 0.00, Pure_TPS: 0.00, Submit_TPS: 0.00, TotalTxs: 0, TotalBlocks: 7, tx_ids.len= 0
[2025-11-13 03:18:09.401][INFO] Node 0 starting view 11
[2025-11-13 03:18:09.456][INFO] 💎 Node 0 Commit block - Height: 7, TxCount: 0, E2E_TPS: 0.00, Pure_TPS: 0.00, Submit_TPS: 0.00, TotalTxs: 0, TotalBlocks: 8, tx_ids.len= 0
[2025-11-13 03:18:09.814][INFO] Node 0 starting view 12
[2025-11-13 03:18:09.896][INFO] 💎 Node 0 Commit block - Height: 8, TxCount: 0, E2E_TPS: 0.00, Pure_TPS: 0.00, Submit_TPS: 0.00, TotalTxs: 0, TotalBlocks: 9, tx_ids.len= 0
[2025-11-13 03:18:10.178][INFO] 💎 Node 0 Commit block - Height: 9, TxCount: 0, E2E_TPS: 0.00, Pure_TPS: 0.00, Submit_TPS: 0.00, TotalTxs: 0, TotalBlocks: 10, tx_ids.len= 0
[2025-11-13 03:18:10.502][INFO] 💎 Node 0 Commit block - Height: 10, TxCount: 0, E2E_TPS: 0.00, Pure_TPS: 0.00, Submit_TPS: 0.00, TotalTxs: 0, TotalBlocks: 11, tx_ids.len= 0
[2025-11-13 03:18:10.757][INFO] 💎 Node 0 Commit block - Height: 11, TxCount: 0, E2E_TPS: 0.00, Pure_TPS: 0.00, Submit_TPS: 0.00, TotalTxs: 0, TotalBlocks: 12, tx_ids.len= 0
[2025-11-13 03:18:10.981][INFO] 💎 Node 0 Commit block - Height: 12, TxCount: 0, E2E_TPS: 0.00, Pure_TPS: 0.00, Submit_TPS: 0.00, TotalTxs: 0, TotalBlocks: 13, tx_ids.len= 0
[2025-11-13 03:18:11.229][INFO] Node 0 starting view 17
[2025-11-13 03:18:11.290][INFO] 💎 Node 0 Commit block - Height: 13, TxCount: 0, E2E_TPS: 0.00, Pure_TPS: 0.00, Submit_TPS: 0.00, TotalTxs: 0, TotalBlocks: 14, tx_ids.len= 0
[2025-11-13 03:18:11.605][INFO] Node 0 starting view 18
[2025-11-13 03:18:11.665][INFO] 💎 Node 0 Commit block - Height: 14, TxCount: 0, E2E_TPS: 0.00, Pure_TPS: 0.00, Submit_TPS: 0.00, TotalTxs: 0, TotalBlocks: 15, tx_ids.len= 0
[2025-11-13 03:18:11.896][INFO] Node 0 starting view 19
[2025-11-13 03:18:11.963][INFO] 💎 Node 0 Commit block - Height: 15, TxCount: 0, E2E_TPS: 0.00, Pure_TPS: 0.00, Submit_TPS: 0.00, TotalTxs: 0, TotalBlocks: 16, tx_ids.len= 0
[2025-11-13 03:18:12.237][INFO] 💎 Node 0 Commit block - Height: 16, TxCount: 0, E2E_TPS: 0.00, Pure_TPS: 0.00, Submit_TPS: 0.00, TotalTxs: 0, TotalBlocks: 17, tx_ids.len= 0
[2025-11-13 03:18:12.521][INFO] Node 0 starting view 21
[2025-11-13 03:18:12.600][INFO] 💎 Node 0 Commit block - Height: 17, TxCount: 0, E2E_TPS: 0.00, Pure_TPS: 0.00, Submit_TPS: 0.00, TotalTxs: 0, TotalBlocks: 18, tx_ids.len= 0
[2025-11-13 03:18:12.974][INFO] Node 0 starting view 22
[2025-11-13 03:18:13.052][INFO] 💎 Node 0 Commit block - Height: 18, TxCount: 0, E2E_TPS: 0.00, Pure_TPS: 0.00, Submit_TPS: 0.00, TotalTxs: 0, TotalBlocks: 19, tx_ids.len= 0
[2025-11-13 03:18:13.313][INFO] 💎 Node 0 Commit block - Height: 19, TxCount: 0, E2E_TPS: 0.00, Pure_TPS: 0.00, Submit_TPS: 0.00, TotalTxs: 0, TotalBlocks: 20, tx_ids.len= 0
[2025-11-13 03:18:13.555][INFO] Node 0 starting view 24
[2025-11-13 03:18:13.595][INFO] 💎 Node 0 Commit block - Height: 20, TxCount: 0, E2E_TPS: 0.00, Pure_TPS: 0.00, Submit_TPS: 0.00, TotalTxs: 0, TotalBlocks: 21, tx_ids.len= 0
[2025-11-13 03:18:13.935][INFO] 💎 Node 0 Commit block - Height: 21, TxCount: 0, E2E_TPS: 0.00, Pure_TPS: 0.00, Submit_TPS: 0.00, TotalTxs: 0, TotalBlocks: 22, tx_ids.len= 0
[2025-11-13 03:18:14.254][INFO] 💎 Node 0 Commit block - Height: 22, TxCount: 0, E2E_TPS: 0.00, Pure_TPS: 0.00, Submit_TPS: 0.00, TotalTxs: 0, TotalBlocks: 23, tx_ids.len= 0
[2025-11-13 03:18:14.484][INFO] Node 0 starting view 27
[2025-11-13 03:18:14.564][INFO] 💎 Node 0 Commit block - Height: 23, TxCount: 0, E2E_TPS: 0.00, Pure_TPS: 0.00, Submit_TPS: 0.00, TotalTxs: 0, TotalBlocks: 24, tx_ids.len= 0
[2025-11-13 03:18:14.818][INFO] 💎 Node 0 Commit block - Height: 24, TxCount: 0, E2E_TPS: 0.00, Pure_TPS: 0.00, Submit_TPS: 0.00, TotalTxs: 0, TotalBlocks: 25, tx_ids.len= 0
[2025-11-13 03:18:15.147][INFO] 💎 Node 0 Commit block - Height: 25, TxCount: 0, E2E_TPS: 0.00, Pure_TPS: 0.00, Submit_TPS: 0.00, TotalTxs: 0, TotalBlocks: 26, tx_ids.len= 0
[2025-11-13 03:18:15.381][INFO] Node 0 starting view 30
[2025-11-13 03:18:15.416][INFO] 💎 Node 0 Commit block - Height: 26, TxCount: 0, E2E_TPS: 0.00, Pure_TPS: 0.00, Submit_TPS: 0.00, TotalTxs: 0, TotalBlocks: 27, tx_ids.len= 0
[2025-11-13 03:18:15.591][INFO] Node 0 starting view 31
[2025-11-13 03:18:15.633][INFO] 💎 Node 0 Commit block - Height: 27, TxCount: 0, E2E_TPS: 0.00, Pure_TPS: 0.00, Submit_TPS: 0.00, TotalTxs: 0, TotalBlocks: 28, tx_ids.len= 0
[2025-11-13 03:18:16.096][INFO] 💎 Node 0 Commit block - Height: 28, TxCount: 0, E2E_TPS: 0.00, Pure_TPS: 0.00, Submit_TPS: 0.00, TotalTxs: 0, TotalBlocks: 29, tx_ids.len= 0
[2025-11-13 03:18:16.333][INFO] Node 0 starting view 33
[2025-11-13 03:18:16.417][INFO] 💎 Node 0 Commit block - Height: 29, TxCount: 0, E2E_TPS: 0.00, Pure_TPS: 0.00, Submit_TPS: 0.00, TotalTxs: 0, TotalBlocks: 30, tx_ids.len= 0
[2025-11-13 03:18:16.597][INFO] Node 0 starting view 34
[2025-11-13 03:18:16.652][INFO] 💎 Node 0 Commit block - Height: 30, TxCount: 0, E2E_TPS: 0.00, Pure_TPS: 0.00, Submit_TPS: 0.00, TotalTxs: 0, TotalBlocks: 31, tx_ids.len= 0
[2025-11-13 03:18:17.115][INFO] 💎 Node 0 Commit block - Height: 31, TxCount: 0, E2E_TPS: 0.00, Pure_TPS: 0.00, Submit_TPS: 0.00, TotalTxs: 0, TotalBlocks: 32, tx_ids.len= 0
[2025-11-13 03:18:17.367][INFO] 💎 Node 0 Commit block - Height: 32, TxCount: 0, E2E_TPS: 0.00, Pure_TPS: 0.00, Submit_TPS: 0.00, TotalTxs: 0, TotalBlocks: 33, tx_ids.len= 0
[2025-11-13 03:18:17.538][INFO] 💎 Node 0 Commit block - Height: 33, TxCount: 0, E2E_TPS: 0.00, Pure_TPS: 0.00, Submit_TPS: 0.00, TotalTxs: 0, TotalBlocks: 34, tx_ids.len= 0
[2025-11-13 03:18:17.558][INFO] Node 0 starting view 37
[2025-11-13 03:18:17.939][INFO] Node 0 starting view 38
[2025-11-13 03:18:18.019][INFO] 💎 Node 0 Commit block - Height: 34, TxCount: 0, E2E_TPS: 0.00, Pure_TPS: 0.00, Submit_TPS: 0.00, TotalTxs: 0, TotalBlocks: 35, tx_ids.len= 0
[2025-11-13 03:18:18.199][INFO] Node 0 starting view 39
[2025-11-13 03:18:18.246][INFO] 💎 Node 0 Commit block - Height: 35, TxCount: 0, E2E_TPS: 0.00, Pure_TPS: 0.00, Submit_TPS: 0.00, TotalTxs: 0, TotalBlocks: 36, tx_ids.len= 0
[2025-11-13 03:18:18.466][INFO] 💎 Node 0 Commit block - Height: 36, TxCount: 0, E2E_TPS: 0.00, Pure_TPS: 0.00, Submit_TPS: 0.00, TotalTxs: 0, TotalBlocks: 37, tx_ids.len= 0
[2025-11-13 03:18:18.831][INFO] Node 0 starting view 41
[2025-11-13 03:18:18.913][INFO] 💎 Node 0 Commit block - Height: 37, TxCount: 0, E2E_TPS: 0.00, Pure_TPS: 0.00, Submit_TPS: 0.00, TotalTxs: 0, TotalBlocks: 38, tx_ids.len= 0
[2025-11-13 03:18:19.240][INFO] 💎 Node 0 Commit block - Height: 38, TxCount: 0, E2E_TPS: 0.00, Pure_TPS: 0.00, Submit_TPS: 0.00, TotalTxs: 0, TotalBlocks: 39, tx_ids.len= 0
[2025-11-13 03:18:19.476][INFO] 💎 Node 0 Commit block - Height: 39, TxCount: 0, E2E_TPS: 0.00, Pure_TPS: 0.00, Submit_TPS: 0.00, TotalTxs: 0, TotalBlocks: 40, tx_ids.len= 0
[2025-11-13 03:18:19.859][INFO] Node 0 starting view 44
[2025-11-13 03:18:19.944][INFO] 💎 Node 0 Commit block - Height: 40, TxCount: 0, E2E_TPS: 0.00, Pure_TPS: 0.00, Submit_TPS: 0.00, TotalTxs: 0, TotalBlocks: 41, tx_ids.len= 0
[2025-11-13 03:18:20.182][INFO] Node 0 starting view 45
[2025-11-13 03:18:20.249][INFO] 💎 Node 0 Commit block - Height: 41, TxCount: 0, E2E_TPS: 0.00, Pure_TPS: 0.00, Submit_TPS: 0.00, TotalTxs: 0, TotalBlocks: 42, tx_ids.len= 0
[2025-11-13 03:18:20.495][INFO] Node 0 starting view 46
[2025-11-13 03:18:20.557][INFO] 💎 Node 0 Commit block - Height: 42, TxCount: 0, E2E_TPS: 0.00, Pure_TPS: 0.00, Submit_TPS: 0.00, TotalTxs: 0, TotalBlocks: 43, tx_ids.len= 0
[2025-11-13 03:18:20.811][INFO] 💎 Node 0 Commit block - Height: 43, TxCount: 0, E2E_TPS: 0.00, Pure_TPS: 0.00, Submit_TPS: 0.00, TotalTxs: 0, TotalBlocks: 44, tx_ids.len= 0
[2025-11-13 03:18:21.093][INFO] Node 0 starting view 48
[2025-11-13 03:18:21.105][INFO] 💎 Node 0 Commit block - Height: 44, TxCount: 0, E2E_TPS: 0.00, Pure_TPS: 0.00, Submit_TPS: 0.00, TotalTxs: 0, TotalBlocks: 45, tx_ids.len= 0
[2025-11-13 03:18:21.346][INFO] Node 0 starting view 49
[2025-11-13 03:18:21.391][INFO] 💎 Node 0 Commit block - Height: 45, TxCount: 0, E2E_TPS: 0.00, Pure_TPS: 0.00, Submit_TPS: 0.00, TotalTxs: 0, TotalBlocks: 46, tx_ids.len= 0
[2025-11-13 03:18:21.731][INFO] Node 0 starting view 50
[2025-11-13 03:18:21.816][INFO] 💎 Node 0 Commit block - Height: 46, TxCount: 0, E2E_TPS: 0.00, Pure_TPS: 0.00, Submit_TPS: 0.00, TotalTxs: 0, TotalBlocks: 47, tx_ids.len= 0
[2025-11-13 03:18:22.043][INFO] Node 0 starting view 51
[2025-11-13 03:18:22.126][INFO] 💎 Node 0 Commit block - Height: 47, TxCount: 0, E2E_TPS: 0.00, Pure_TPS: 0.00, Submit_TPS: 0.00, TotalTxs: 0, TotalBlocks: 48, tx_ids.len= 0
[2025-11-13 03:18:22.533][INFO] 💎 Node 0 Commit block - Height: 48, TxCount: 0, E2E_TPS: 0.00, Pure_TPS: 0.00, Submit_TPS: 0.00, TotalTxs: 0, TotalBlocks: 49, tx_ids.len= 0
[2025-11-13 03:18:22.784][INFO] 💎 Node 0 Commit block - Height: 49, TxCount: 0, E2E_TPS: 0.00, Pure_TPS: 0.00, Submit_TPS: 0.00, TotalTxs: 0, TotalBlocks: 50, tx_ids.len= 0
[2025-11-13 03:18:22.962][INFO] Node 0 starting view 54
[2025-11-13 03:18:23.041][INFO] 💎 Node 0 Commit block - Height: 50, TxCount: 0, E2E_TPS: 0.00, Pure_TPS: 0.00, Submit_TPS: 0.00, TotalTxs: 0, TotalBlocks: 51, tx_ids.len= 0
[2025-11-13 03:18:23.338][INFO] 💎 Node 0 Commit block - Height: 51, TxCount: 0, E2E_TPS: 0.00, Pure_TPS: 0.00, Submit_TPS: 0.00, TotalTxs: 0, TotalBlocks: 52, tx_ids.len= 0
[2025-11-13 03:18:23.569][INFO] 💎 Node 0 Commit block - Height: 52, TxCount: 0, E2E_TPS: 0.00, Pure_TPS: 0.00, Submit_TPS: 0.00, TotalTxs: 0, TotalBlocks: 53, tx_ids.len= 0
[2025-11-13 03:18:23.889][INFO] Node 0 starting view 57
[2025-11-13 03:18:23.972][INFO] 💎 Node 0 Commit block - Height: 53, TxCount: 0, E2E_TPS: 0.00, Pure_TPS: 0.00, Submit_TPS: 0.00, TotalTxs: 0, TotalBlocks: 54, tx_ids.len= 0
[2025-11-13 03:18:24.208][INFO] Node 0 starting view 58
[2025-11-13 03:18:24.259][INFO] 💎 Node 0 Commit block - Height: 54, TxCount: 0, E2E_TPS: 0.00, Pure_TPS: 0.00, Submit_TPS: 0.00, TotalTxs: 0, TotalBlocks: 55, tx_ids.len= 0
[2025-11-13 03:18:24.467][INFO] Node 0 starting view 59
[2025-11-13 03:18:24.515][INFO] 💎 Node 0 Commit block - Height: 55, TxCount: 0, E2E_TPS: 0.00, Pure_TPS: 0.00, Submit_TPS: 0.00, TotalTxs: 0, TotalBlocks: 56, tx_ids.len= 0
[2025-11-13 03:18:24.798][INFO] Node 0 starting view 60
[2025-11-13 03:18:24.808][INFO] 💎 Node 0 Commit block - Height: 56, TxCount: 0, E2E_TPS: 0.00, Pure_TPS: 0.00, Submit_TPS: 0.00, TotalTxs: 0, TotalBlocks: 57, tx_ids.len= 0
[2025-11-13 03:18:25.096][INFO] 💎 Node 0 Commit block - Height: 57, TxCount: 0, E2E_TPS: 0.00, Pure_TPS: 0.00, Submit_TPS: 0.00, TotalTxs: 0, TotalBlocks: 58, tx_ids.len= 0
[2025-11-13 03:18:25.300][INFO] Node 0 starting view 62
[2025-11-13 03:18:25.352][INFO] 💎 Node 0 Commit block - Height: 58, TxCount: 0, E2E_TPS: 0.00, Pure_TPS: 0.00, Submit_TPS: 0.00, TotalTxs: 0, TotalBlocks: 59, tx_ids.len= 0
[2025-11-13 03:18:25.527][INFO] Node 0 starting view 63
[2025-11-13 03:18:25.570][INFO] 💎 Node 0 Commit block - Height: 59, TxCount: 0, E2E_TPS: 0.00, Pure_TPS: 0.00, Submit_TPS: 0.00, TotalTxs: 0, TotalBlocks: 60, tx_ids.len= 0
[2025-11-13 03:18:25.867][INFO] 💎 Node 0 Commit block - Height: 60, TxCount: 0, E2E_TPS: 0.00, Pure_TPS: 0.00, Submit_TPS: 0.00, TotalTxs: 0, TotalBlocks: 61, tx_ids.len= 0
[2025-11-13 03:18:26.262][INFO] 💎 Node 0 Commit block - Height: 61, TxCount: 0, E2E_TPS: 0.00, Pure_TPS: 0.00, Submit_TPS: 0.00, TotalTxs: 0, TotalBlocks: 62, tx_ids.len= 0
[2025-11-13 03:18:26.530][INFO] Node 0 starting view 66
[2025-11-13 03:18:26.606][INFO] 💎 Node 0 Commit block - Height: 62, TxCount: 0, E2E_TPS: 0.00, Pure_TPS: 0.00, Submit_TPS: 0.00, TotalTxs: 0, TotalBlocks: 63, tx_ids.len= 0
[2025-11-13 03:18:26.998][INFO] 💎 Node 0 Commit block - Height: 63, TxCount: 0, E2E_TPS: 0.00, Pure_TPS: 0.00, Submit_TPS: 0.00, TotalTxs: 0, TotalBlocks: 64, tx_ids.len= 0
[2025-11-13 03:18:27.175][INFO] Node 0 starting view 68
[2025-11-13 03:18:27.239][INFO] 💎 Node 0 Commit block - Height: 64, TxCount: 0, E2E_TPS: 0.00, Pure_TPS: 0.00, Submit_TPS: 0.00, TotalTxs: 0, TotalBlocks: 65, tx_ids.len= 0
[2025-11-13 03:18:27.442][INFO] Node 0 starting view 69
[2025-11-13 03:18:27.488][INFO] 💎 Node 0 Commit block - Height: 65, TxCount: 0, E2E_TPS: 0.00, Pure_TPS: 0.00, Submit_TPS: 0.00, TotalTxs: 0, TotalBlocks: 66, tx_ids.len= 0
[2025-11-13 03:18:27.731][INFO] Node 0 starting view 70
[2025-11-13 03:18:27.820][INFO] 💎 Node 0 Commit block - Height: 66, TxCount: 0, E2E_TPS: 0.00, Pure_TPS: 0.00, Submit_TPS: 0.00, TotalTxs: 0, TotalBlocks: 67, tx_ids.len= 0
[2025-11-13 03:18:28.102][INFO] Node 0 starting view 71
[2025-11-13 03:18:28.142][INFO] 💎 Node 0 Commit block - Height: 67, TxCount: 0, E2E_TPS: 0.00, Pure_TPS: 0.00, Submit_TPS: 0.00, TotalTxs: 0, TotalBlocks: 68, tx_ids.len= 0
[2025-11-13 03:18:28.591][INFO] 💎 Node 0 Commit block - Height: 68, TxCount: 0, E2E_TPS: 0.00, Pure_TPS: 0.00, Submit_TPS: 0.00, TotalTxs: 0, TotalBlocks: 69, tx_ids.len= 0
[2025-11-13 03:18:28.990][INFO] Node 0 starting view 73
[2025-11-13 03:18:29.000][INFO] 💎 Node 0 Commit block - Height: 69, TxCount: 0, E2E_TPS: 0.00, Pure_TPS: 0.00, Submit_TPS: 0.00, TotalTxs: 0, TotalBlocks: 70, tx_ids.len= 0
[2025-11-13 03:18:29.396][INFO] 💎 Node 0 Commit block - Height: 70, TxCount: 0, E2E_TPS: 0.00, Pure_TPS: 0.00, Submit_TPS: 0.00, TotalTxs: 0, TotalBlocks: 71, tx_ids.len= 0
[2025-11-13 03:18:29.911][INFO] Node 0 starting view 75
[2025-11-13 03:18:29.935][INFO] 💎 Node 0 Commit block - Height: 71, TxCount: 0, E2E_TPS: 0.00, Pure_TPS: 0.00, Submit_TPS: 0.00, TotalTxs: 0, TotalBlocks: 72, tx_ids.len= 0
[2025-11-13 03:18:30.356][INFO] Node 0 starting view 76
[2025-11-13 03:18:30.403][INFO] 💎 Node 0 Commit block - Height: 72, TxCount: 0, E2E_TPS: 0.00, Pure_TPS: 0.00, Submit_TPS: 0.00, TotalTxs: 0, TotalBlocks: 73, tx_ids.len= 0
[2025-11-13 03:18:30.902][INFO] Node 0 starting view 77
[2025-11-13 03:18:30.922][INFO] 💎 Node 0 Commit block - Height: 73, TxCount: 0, E2E_TPS: 0.00, Pure_TPS: 0.00, Submit_TPS: 0.00, TotalTxs: 0, TotalBlocks: 74, tx_ids.len= 0
[2025-11-13 03:18:31.514][INFO] Node 0 starting view 78
[2025-11-13 03:18:31.530][INFO] 💎 Node 0 Commit block - Height: 74, TxCount: 0, E2E_TPS: 0.00, Pure_TPS: 0.00, Submit_TPS: 0.00, TotalTxs: 0, TotalBlocks: 75, tx_ids.len= 0
[2025-11-13 03:18:32.069][INFO] Node 0 starting view 79
[2025-11-13 03:18:32.085][INFO] 💎 Node 0 Commit block - Height: 75, TxCount: 0, E2E_TPS: 0.00, Pure_TPS: 0.00, Submit_TPS: 0.00, TotalTxs: 0, TotalBlocks: 76, tx_ids.len= 0
[2025-11-13 03:18:32.530][INFO] Node 0 starting view 80
[2025-11-13 03:18:32.554][INFO] 💎 Node 0 Commit block - Height: 76, TxCount: 0, E2E_TPS: 0.00, Pure_TPS: 0.00, Submit_TPS: 0.00, TotalTxs: 0, TotalBlocks: 77, tx_ids.len= 0
[2025-11-13 03:18:33.062][INFO] Node 0 starting view 81
[2025-11-13 03:18:33.073][INFO] 💎 Node 0 Commit block - Height: 77, TxCount: 0, E2E_TPS: 0.00, Pure_TPS: 0.00, Submit_TPS: 0.00, TotalTxs: 0, TotalBlocks: 78, tx_ids.len= 0
[2025-11-13 03:18:33.593][INFO] Node 0 starting view 82
[2025-11-13 03:18:33.604][INFO] 💎 Node 0 Commit block - Height: 78, TxCount: 0, E2E_TPS: 0.00, Pure_TPS: 0.00, Submit_TPS: 0.00, TotalTxs: 0, TotalBlocks: 79, tx_ids.len= 0
[2025-11-13 03:18:34.253][INFO] Node 0 starting view 83
[2025-11-13 03:18:34.267][INFO] 💎 Node 0 Commit block - Height: 79, TxCount: 0, E2E_TPS: 0.00, Pure_TPS: 0.00, Submit_TPS: 0.00, TotalTxs: 0, TotalBlocks: 80, tx_ids.len= 0
[2025-11-13 03:18:34.800][INFO] Node 0 starting view 84
[2025-11-13 03:18:34.810][INFO] 💎 Node 0 Commit block - Height: 80, TxCount: 0, E2E_TPS: 0.00, Pure_TPS: 0.00, Submit_TPS: 0.00, TotalTxs: 0, TotalBlocks: 81, tx_ids.len= 0
[[2025-11-13 03:52:21.635][INFO] Node 0 view 0 timed out!
[2025-11-13 03:53:11.316][INFO] Node 0 view 0 timed out!
[2025-11-13 03:54:50.760][INFO] Node 0 view 0 timed out!
[2025-11-13 03:55:40.588][INFO] Node 0 view 0 timed out!
[2025-11-13 03:56:17.816][INFO] Node 0 starting view 4
[2025-11-13 03:56:17.833][INFO] 💎 Node 0 Commit block - Height: 0, TxCount: 0, E2E_TPS: 0.00, Pure_TPS: 0.00, Submit_TPS: 0.00, TotalTxs: 0, TotalBlocks: 1, tx_ids.len= 0
[2025-11-13 03:56:17.865][INFO] Node 0 starting view 5
[2025-11-13 03:56:17.867][INFO] 💎 Node 0 Commit block - Height: 1, TxCount: 0, E2E_TPS: 0.00, Pure_TPS: 0.00, Submit_TPS: 0.00, TotalTxs: 0, TotalBlocks: 2, tx_ids.len= 0
[2025-11-13 03:56:17.906][INFO] Node 0 starting view 6
[2025-11-13 03:56:17.912][INFO] 💎 Node 0 Commit block - Height: 2, TxCount: 0, E2E_TPS: 0.00, Pure_TPS: 0.00, Submit_TPS: 0.00, TotalTxs: 0, TotalBlocks: 3, tx_ids.len= 0
[2025-11-13 03:56:17.963][INFO] 💎 Node 0 Commit block - Height: 3, TxCount: 0, E2E_TPS: 0.00, Pure_TPS: 0.00, Submit_TPS: 0.00, TotalTxs: 0, TotalBlocks: 4, tx_ids.len= 0
[2025-11-13 03:56:18.005][INFO] Node 0 starting view 8
[2025-11-13 03:56:18.006][INFO] 💎 Node 0 Commit block - Height: 4, TxCount: 0, E2E_TPS: 0.00, Pure_TPS: 0.00, Submit_TPS: 0.00, TotalTxs: 0, TotalBlocks: 5, tx_ids.len= 0
[2025-11-13 03:56:18.045][INFO] Node 0 starting view 9
[2025-11-13 03:56:18.050][INFO] 💎 Node 0 Commit block - Height: 5, TxCount: 0, E2E_TPS: 0.00, Pure_TPS: 0.00, Submit_TPS: 0.00, TotalTxs: 0, TotalBlocks: 6, tx_ids.len= 0
[2025-11-13 03:56:18.117][INFO] 💎 Node 0 Commit block - Height: 6, TxCount: 0, E2E_TPS: 0.00, Pure_TPS: 0.00, Submit_TPS: 0.00, TotalTxs: 0, TotalBlocks: 7, tx_ids.len= 0
[2025-11-13 03:56:18.173][INFO] 💎 Node 0 Commit block - Height: 7, TxCount: 0, E2E_TPS: 0.00, Pure_TPS: 0.00, Submit_TPS: 0.00, TotalTxs: 0, TotalBlocks: 8, tx_ids.len= 0
[2025-11-13 03:56:18.212][INFO] 💎 Node 0 Commit block - Height: 8, TxCount: 0, E2E_TPS: 0.00, Pure_TPS: 0.00, Submit_TPS: 0.00, TotalTxs: 0, TotalBlocks: 9, tx_ids.len= 0
[2025-11-13 03:56:18.260][INFO] Node 0 starting view 13
[2025-11-13 03:56:18.262][INFO] 💎 Node 0 Commit block - Height: 9, TxCount: 0, E2E_TPS: 0.00, Pure_TPS: 0.00, Submit_TPS: 0.00, TotalTxs: 0, TotalBlocks: 10, tx_ids.len= 0
[2025-11-13 03:56:18.311][INFO] 💎 Node 0 Commit block - Height: 10, TxCount: 0, E2E_TPS: 0.00, Pure_TPS: 0.00, Submit_TPS: 0.00, TotalTxs: 0, TotalBlocks: 11, tx_ids.len= 0
[2025-11-13 03:56:18.352][INFO] Node 0 starting view 15
[2025-11-13 03:56:18.354][INFO] 💎 Node 0 Commit block - Height: 11, TxCount: 0, E2E_TPS: 0.00, Pure_TPS: 0.00, Submit_TPS: 0.00, TotalTxs: 0, TotalBlocks: 12, tx_ids.len= 0
[2025-11-13 03:56:18.395][INFO] Node 0 starting view 16
[2025-11-13 03:56:18.397][INFO] 💎 Node 0 Commit block - Height: 12, TxCount: 0, E2E_TPS: 0.00, Pure_TPS: 0.00, Submit_TPS: 0.00, TotalTxs: 0, TotalBlocks: 13, tx_ids.len= 0
[2025-11-13 03:56:18.453][INFO] 💎 Node 0 Commit block - Height: 13, TxCount: 0, E2E_TPS: 0.00, Pure_TPS: 0.00, Submit_TPS: 0.00, TotalTxs: 0, TotalBlocks: 14, tx_ids.len= 0
[2025-11-13 03:56:18.498][INFO] 💎 Node 0 Commit block - Height: 14, TxCount: 0, E2E_TPS: 0.00, Pure_TPS: 0.00, Submit_TPS: 0.00, TotalTxs: 0, TotalBlocks: 15, tx_ids.len= 0
[2025-11-13 03:56:18.946][INFO] Node 0 starting view 19
[2025-11-13 03:56:18.951][INFO] 💎 Node 0 Commit block - Height: 15, TxCount: 0, E2E_TPS: 0.00, Pure_TPS: 0.00, Submit_TPS: 0.00, TotalTxs: 0, TotalBlocks: 16, tx_ids.len= 0
[2025-11-13 03:56:19.122][INFO] Node 0 starting view 20
[2025-11-13 03:56:19.178][INFO] 💎 Node 0 Commit block - Height: 16, TxCount: 0, E2E_TPS: 0.00, Pure_TPS: 0.00, Submit_TPS: 0.00, TotalTxs: 0, TotalBlocks: 17, tx_ids.len= 0
[2025-11-13 03:56:19.378][INFO] 💎 Node 0 Commit block - Height: 17, TxCount: 0, E2E_TPS: 0.00, Pure_TPS: 0.00, Submit_TPS: 0.00, TotalTxs: 0, TotalBlocks: 18, tx_ids.len= 0
[2025-11-13 03:56:19.507][INFO] Node 0 starting view 22
[2025-11-13 03:56:19.513][INFO] 💎 Node 0 Commit block - Height: 18, TxCount: 0, E2E_TPS: 0.00, Pure_TPS: 0.00, Submit_TPS: 0.00, TotalTxs: 0, TotalBlocks: 19, tx_ids.len= 0
[2025-11-13 03:56:19.788][INFO] 💎 Node 0 Commit block - Height: 19, TxCount: 0, E2E_TPS: 0.00, Pure_TPS: 0.00, Submit_TPS: 0.00, TotalTxs: 0, TotalBlocks: 20, tx_ids.len= 0
[2025-11-13 03:56:19.969][INFO] 💎 Node 0 Commit block - Height: 20, TxCount: 0, E2E_TPS: 0.00, Pure_TPS: 0.00, Submit_TPS: 0.00, TotalTxs: 0, TotalBlocks: 21, tx_ids.len= 0
[2025-11-13 03:56:20.197][INFO] Node 0 starting view 25
[2025-11-13 03:56:20.208][INFO] 💎 Node 0 Commit block - Height: 21, TxCount: 0, E2E_TPS: 0.00, Pure_TPS: 0.00, Submit_TPS: 0.00, TotalTxs: 0, TotalBlocks: 22, tx_ids.len= 0
[2025-11-13 03:56:20.367][INFO] Node 0 starting view 26
[2025-11-13 03:56:20.421][INFO] 💎 Node 0 Commit block - Height: 22, TxCount: 0, E2E_TPS: 0.00, Pure_TPS: 0.00, Submit_TPS: 0.00, TotalTxs: 0, TotalBlocks: 23, tx_ids.len= 0
[2025-11-13 03:56:20.563][INFO] Node 0 starting view 27
[2025-11-13 03:56:20.568][INFO] 💎 Node 0 Commit block - Height: 23, TxCount: 0, E2E_TPS: 0.00, Pure_TPS: 0.00, Submit_TPS: 0.00, TotalTxs: 0, TotalBlocks: 24, tx_ids.len= 0
[2025-11-13 03:56:20.689][INFO] 💎 Node 0 Commit block - Height: 24, TxCount: 0, E2E_TPS: 0.00, Pure_TPS: 0.00, Submit_TPS: 0.00, TotalTxs: 0, TotalBlocks: 25, tx_ids.len= 0
[2025-11-13 03:56:20.881][INFO] 💎 Node 0 Commit block - Height: 25, TxCount: 0, E2E_TPS: 0.00, Pure_TPS: 0.00, Submit_TPS: 0.00, TotalTxs: 0, TotalBlocks: 26, tx_ids.len= 0
[2025-11-13 03:56:21.114][INFO] 💎 Node 0 Commit block - Height: 26, TxCount: 0, E2E_TPS: 0.00, Pure_TPS: 0.00, Submit_TPS: 0.00, TotalTxs: 0, TotalBlocks: 27, tx_ids.len= 0
[2025-11-13 03:56:21.345][INFO] Node 0 starting view 31
[2025-11-13 03:56:21.362][INFO] 💎 Node 0 Commit block - Height: 27, TxCount: 0, E2E_TPS: 0.00, Pure_TPS: 0.00, Submit_TPS: 0.00, TotalTxs: 0, TotalBlocks: 28, tx_ids.len= 0
[2025-11-13 03:56:21.451][INFO] Node 0 starting view 32
[2025-11-13 03:56:21.464][INFO] 💎 Node 0 Commit block - Height: 28, TxCount: 0, E2E_TPS: 0.00, Pure_TPS: 0.00, Submit_TPS: 0.00, TotalTxs: 0, TotalBlocks: 29, tx_ids.len= 0
[2025-11-13 03:56:21.647][INFO] 💎 Node 0 Commit block - Height: 29, TxCount: 0, E2E_TPS: 0.00, Pure_TPS: 0.00, Submit_TPS: 0.00, TotalTxs: 0, TotalBlocks: 30, tx_ids.len= 0
[2025-11-13 03:56:21.887][INFO] Node 0 starting view 34
[2025-11-13 03:56:21.902][INFO] 💎 Node 0 Commit block - Height: 30, TxCount: 0, E2E_TPS: 0.00, Pure_TPS: 0.00, Submit_TPS: 0.00, TotalTxs: 0, TotalBlocks: 31, tx_ids.len= 0
[2025-11-13 03:56:22.057][INFO] Node 0 starting view 35
[2025-11-13 03:56:22.063][INFO] 💎 Node 0 Commit block - Height: 31, TxCount: 0, E2E_TPS: 0.00, Pure_TPS: 0.00, Submit_TPS: 0.00, TotalTxs: 0, TotalBlocks: 32, tx_ids.len= 0
[2025-11-13 03:56:22.163][INFO] Node 0 starting view 36
[2025-11-13 03:56:22.172][INFO] 💎 Node 0 Commit block - Height: 32, TxCount: 0, E2E_TPS: 0.00, Pure_TPS: 0.00, Submit_TPS: 0.00, TotalTxs: 0, TotalBlocks: 33, tx_ids.len= 0
[2025-11-13 03:56:22.389][INFO] 💎 Node 0 Commit block - Height: 33, TxCount: 0, E2E_TPS: 0.00, Pure_TPS: 0.00, Submit_TPS: 0.00, TotalTxs: 0, TotalBlocks: 34, tx_ids.len= 0
[2025-11-13 03:56:22.565][INFO] Node 0 starting view 38
[2025-11-13 03:56:22.574][INFO] 💎 Node 0 Commit block - Height: 34, TxCount: 0, E2E_TPS: 0.00, Pure_TPS: 0.00, Submit_TPS: 0.00, TotalTxs: 0, TotalBlocks: 35, tx_ids.len= 0
[2025-11-13 03:56:22.706][INFO] Node 0 starting view 39
[2025-11-13 03:56:22.708][INFO] 💎 Node 0 Commit block - Height: 35, TxCount: 0, E2E_TPS: 0.00, Pure_TPS: 0.00, Submit_TPS: 0.00, TotalTxs: 0, TotalBlocks: 36, tx_ids.len= 0
[2025-11-13 03:56:22.921][INFO] 💎 Node 0 Commit block - Height: 36, TxCount: 0, E2E_TPS: 0.00, Pure_TPS: 0.00, Submit_TPS: 0.00, TotalTxs: 0, TotalBlocks: 37, tx_ids.len= 0
[2025-11-13 03:56:23.158][INFO] Node 0 starting view 41
[2025-11-13 03:56:23.177][INFO] 💎 Node 0 Commit block - Height: 37, TxCount: 0, E2E_TPS: 0.00, Pure_TPS: 0.00, Submit_TPS: 0.00, TotalTxs: 0, TotalBlocks: 38, tx_ids.len= 0
[2025-11-13 03:56:23.262][INFO] Node 0 starting view 42
[2025-11-13 03:56:23.273][INFO] 💎 Node 0 Commit block - Height: 38, TxCount: 0, E2E_TPS: 0.00, Pure_TPS: 0.00, Submit_TPS: 0.00, TotalTxs: 0, TotalBlocks: 39, tx_ids.len= 0
[2025-11-13 03:56:23.522][INFO] 💎 Node 0 Commit block - Height: 39, TxCount: 0, E2E_TPS: 0.00, Pure_TPS: 0.00, Submit_TPS: 0.00, TotalTxs: 0, TotalBlocks: 40, tx_ids.len= 0
[2025-11-13 03:56:23.754][INFO] 💎 Node 0 Commit block - Height: 40, TxCount: 0, E2E_TPS: 0.00, Pure_TPS: 0.00, Submit_TPS: 0.00, TotalTxs: 0, TotalBlocks: 41, tx_ids.len= 0
[2025-11-13 03:56:23.824][INFO] Node 0 starting view 45
[2025-11-13 03:56:23.834][INFO] 💎 Node 0 Commit block - Height: 41, TxCount: 0, E2E_TPS: 0.00, Pure_TPS: 0.00, Submit_TPS: 0.00, TotalTxs: 0, TotalBlocks: 42, tx_ids.len= 0
[2025-11-13 03:56:23.991][INFO] 💎 Node 0 Commit block - Height: 42, TxCount: 0, E2E_TPS: 0.00, Pure_TPS: 0.00, Submit_TPS: 0.00, TotalTxs: 0, TotalBlocks: 43, tx_ids.len= 0
[2025-11-13 03:56:24.178][INFO] Node 0 starting view 47
[2025-11-13 03:56:24.185][INFO] 💎 Node 0 Commit block - Height: 43, TxCount: 0, E2E_TPS: 0.00, Pure_TPS: 0.00, Submit_TPS: 0.00, TotalTxs: 0, TotalBlocks: 44, tx_ids.len= 0
[2025-11-13 03:56:24.303][INFO] 💎 Node 0 Commit block - Height: 44, TxCount: 0, E2E_TPS: 0.00, Pure_TPS: 0.00, Submit_TPS: 0.00, TotalTxs: 0, TotalBlocks: 45, tx_ids.len= 0
[2025-11-13 03:56:24.561][INFO] Node 0 starting view 49
[2025-11-13 03:56:24.565][INFO] 💎 Node 0 Commit block - Height: 45, TxCount: 0, E2E_TPS: 0.00, Pure_TPS: 0.00, Submit_TPS: 0.00, TotalTxs: 0, TotalBlocks: 46, tx_ids.len= 0
[2025-11-13 03:56:24.735][INFO] Node 0 starting view 50
[2025-11-13 03:56:24.750][INFO] 💎 Node 0 Commit block - Height: 46, TxCount: 0, E2E_TPS: 0.00, Pure_TPS: 0.00, Submit_TPS: 0.00, TotalTxs: 0, TotalBlocks: 47, tx_ids.len= 0
[2025-11-13 03:56:24.956][INFO] 💎 Node 0 Commit block - Height: 47, TxCount: 0, E2E_TPS: 0.00, Pure_TPS: 0.00, Submit_TPS: 0.00, TotalTxs: 0, TotalBlocks: 48, tx_ids.len= 0
[2025-11-13 03:56:25.085][INFO] 💎 Node 0 Commit block - Height: 48, TxCount: 0, E2E_TPS: 0.00, Pure_TPS: 0.00, Submit_TPS: 0.00, TotalTxs: 0, TotalBlocks: 49, tx_ids.len= 0
[2025-11-13 03:56:25.358][INFO] Node 0 starting view 53
[2025-11-13 03:56:25.363][INFO] 💎 Node 0 Commit block - Height: 49, TxCount: 0, E2E_TPS: 0.00, Pure_TPS: 0.00, Submit_TPS: 0.00, TotalTxs: 0, TotalBlocks: 50, tx_ids.len= 0
[2025-11-13 03:56:25.535][INFO] 💎 Node 0 Commit block - Height: 50, TxCount: 0, E2E_TPS: 0.00, Pure_TPS: 0.00, Submit_TPS: 0.00, TotalTxs: 0, TotalBlocks: 51, tx_ids.len= 0
[2025-11-13 03:56:25.762][INFO] Node 0 starting view 55
[2025-11-13 03:56:25.772][INFO] 💎 Node 0 Commit block - Height: 51, TxCount: 0, E2E_TPS: 0.00, Pure_TPS: 0.00, Submit_TPS: 0.00, TotalTxs: 0, TotalBlocks: 52, tx_ids.len= 0
[2025-11-13 03:56:25.985][INFO] 💎 Node 0 Commit block - Height: 52, TxCount: 0, E2E_TPS: 0.00, Pure_TPS: 0.00, Submit_TPS: 0.00, TotalTxs: 0, TotalBlocks: 53, tx_ids.len= 0
[2025-11-13 03:56:26.123][INFO] Node 0 starting view 57
[2025-11-13 03:56:26.126][INFO] 💎 Node 0 Commit block - Height: 53, TxCount: 0, E2E_TPS: 0.00, Pure_TPS: 0.00, Submit_TPS: 0.00, TotalTxs: 0, TotalBlocks: 54, tx_ids.len= 0
[2025-11-13 03:56:26.242][INFO] Node 0 starting view 58
[2025-11-13 03:56:26.246][INFO] 💎 Node 0 Commit block - Height: 54, TxCount: 0, E2E_TPS: 0.00, Pure_TPS: 0.00, Submit_TPS: 0.00, TotalTxs: 0, TotalBlocks: 55, tx_ids.len= 0
[2025-11-13 03:56:26.431][INFO] Node 0 starting view 59
[2025-11-13 03:56:26.438][INFO] 💎 Node 0 Commit block - Height: 55, TxCount: 0, E2E_TPS: 0.00, Pure_TPS: 0.00, Submit_TPS: 0.00, TotalTxs: 0, TotalBlocks: 56, tx_ids.len= 0
[2025-11-13 03:56:26.671][INFO] 💎 Node 0 Commit block - Height: 56, TxCount: 0, E2E_TPS: 0.00, Pure_TPS: 0.00, Submit_TPS: 0.00, TotalTxs: 0, TotalBlocks: 57, tx_ids.len= 0
[2025-11-13 03:56:26.917][INFO] 💎 Node 0 Commit block - Height: 57, TxCount: 0, E2E_TPS: 0.00, Pure_TPS: 0.00, Submit_TPS: 0.00, TotalTxs: 0, TotalBlocks: 58, tx_ids.len= 0
[2025-11-13 03:56:27.019][INFO] 💎 Node 0 Commit block - Height: 58, TxCount: 0, E2E_TPS: 0.00, Pure_TPS: 0.00, Submit_TPS: 0.00, TotalTxs: 0, TotalBlocks: 59, tx_ids.len= 0
[2025-11-13 03:56:27.199][INFO] 💎 Node 0 Commit block - Height: 59, TxCount: 0, E2E_TPS: 0.00, Pure_TPS: 0.00, Submit_TPS: 0.00, TotalTxs: 0, TotalBlocks: 60, tx_ids.len= 0
[2025-11-13 03:56:27.453][INFO] 💎 Node 0 Commit block - Height: 60, TxCount: 0, E2E_TPS: 0.00, Pure_TPS: 0.00, Submit_TPS: 0.00, TotalTxs: 0, TotalBlocks: 61, tx_ids.len= 0
[2025-11-13 03:56:27.607][INFO] Node 0 starting view 65
[2025-11-13 03:56:27.614][INFO] 💎 Node 0 Commit block - Height: 61, TxCount: 0, E2E_TPS: 0.00, Pure_TPS: 0.00, Submit_TPS: 0.00, TotalTxs: 0, TotalBlocks: 62, tx_ids.len= 0
[2025-11-13 03:56:27.723][INFO] 💎 Node 0 Commit block - Height: 62, TxCount: 0, E2E_TPS: 0.00, Pure_TPS: 0.00, Submit_TPS: 0.00, TotalTxs: 0, TotalBlocks: 63, tx_ids.len= 0
[2025-11-13 03:56:27.932][INFO] Node 0 starting view 67
[2025-11-13 03:56:27.939][INFO] 💎 Node 0 Commit block - Height: 63, TxCount: 0, E2E_TPS: 0.00, Pure_TPS: 0.00, Submit_TPS: 0.00, TotalTxs: 0, TotalBlocks: 64, tx_ids.len= 0
[2025-11-13 03:56:28.122][INFO] 💎 Node 0 Commit block - Height: 64, TxCount: 0, E2E_TPS: 0.00, Pure_TPS: 0.00, Submit_TPS: 0.00, TotalTxs: 0, TotalBlocks: 65, tx_ids.len= 0
[2025-11-13 03:56:28.255][INFO] 💎 Node 0 Commit block - Height: 65, TxCount: 0, E2E_TPS: 0.00, Pure_TPS: 0.00, Submit_TPS: 0.00, TotalTxs: 0, TotalBlocks: 66, tx_ids.len= 0
[2025-11-13 03:56:28.464][INFO] Node 0 starting view 70
[2025-11-13 03:56:28.468][INFO] 💎 Node 0 Commit block - Height: 66, TxCount: 0, E2E_TPS: 0.00, Pure_TPS: 0.00, Submit_TPS: 0.00, TotalTxs: 0, TotalBlocks: 67, tx_ids.len= 0
[2025-11-13 03:56:28.705][INFO] Node 0 starting view 71
[2025-11-13 03:56:28.724][INFO] 💎 Node 0 Commit block - Height: 67, TxCount: 0, E2E_TPS: 0.00, Pure_TPS: 0.00, Submit_TPS: 0.00, TotalTxs: 0, TotalBlocks: 68, tx_ids.len= 0
[2025-11-13 03:56:28.809][INFO] Node 0 starting view 72
[2025-11-13 03:56:28.820][INFO] 💎 Node 0 Commit block - Height: 68, TxCount: 0, E2E_TPS: 0.00, Pure_TPS: 0.00, Submit_TPS: 0.00, TotalTxs: 0, TotalBlocks: 69, tx_ids.len= 0
[2025-11-13 03:56:29.064][INFO] Node 0 starting view 73
[2025-11-13 03:56:29.069][INFO] 💎 Node 0 Commit block - Height: 69, TxCount: 0, E2E_TPS: 0.00, Pure_TPS: 0.00, Submit_TPS: 0.00, TotalTxs: 0, TotalBlocks: 70, tx_ids.len= 0
[2025-11-13 03:56:29.286][INFO] Node 0 starting view 74
[2025-11-13 03:56:29.301][INFO] 💎 Node 0 Commit block - Height: 70, TxCount: 0, E2E_TPS: 0.00, Pure_TPS: 0.00, Submit_TPS: 0.00, TotalTxs: 0, TotalBlocks: 71, tx_ids.len= 0
[2025-11-13 03:56:29.378][INFO] 💎 Node 0 Commit block - Height: 71, TxCount: 0, E2E_TPS: 0.00, Pure_TPS: 0.00, Submit_TPS: 0.00, TotalTxs: 0, TotalBlocks: 72, tx_ids.len= 0
[2025-11-13 03:56:29.535][INFO] Node 0 starting view 76
[2025-11-13 03:56:29.537][INFO] 💎 Node 0 Commit block - Height: 72, TxCount: 0, E2E_TPS: 0.00, Pure_TPS: 0.00, Submit_TPS: 0.00, TotalTxs: 0, TotalBlocks: 73, tx_ids.len= 0
[2025-11-13 03:56:29.724][INFO] Node 0 starting view 77
[2025-11-13 03:56:29.731][INFO] 💎 Node 0 Commit block - Height: 73, TxCount: 0, E2E_TPS: 0.00, Pure_TPS: 0.00, Submit_TPS: 0.00, TotalTxs: 0, TotalBlocks: 74, tx_ids.len= 0
[2025-11-13 03:56:29.849][INFO] 💎 Node 0 Commit block - Height: 74, TxCount: 0, E2E_TPS: 0.00, Pure_TPS: 0.00, Submit_TPS: 0.00, TotalTxs: 0, TotalBlocks: 75, tx_ids.len= 0
[2025-11-13 03:56:30.112][INFO] 💎 Node 0 Commit block - Height: 75, TxCount: 0, E2E_TPS: 0.00, Pure_TPS: 0.00, Submit_TPS: 0.00, TotalTxs: 0, TotalBlocks: 76, tx_ids.len= 0
[2025-11-13 03:56:30.282][INFO] Node 0 starting view 80
[2025-11-13 03:56:30.298][INFO] 💎 Node 0 Commit block - Height: 76, TxCount: 0, E2E_TPS: 0.00, Pure_TPS: 0.00, Submit_TPS: 0.00, TotalTxs: 0, TotalBlocks: 77, tx_ids.len= 0
[2025-11-13 03:56:30.501][INFO] Node 0 starting view 81
[2025-11-13 03:56:30.507][INFO] 💎 Node 0 Commit block - Height: 77, TxCount: 0, E2E_TPS: 0.00, Pure_TPS: 0.00, Submit_TPS: 0.00, TotalTxs: 0, TotalBlocks: 78, tx_ids.len= 0
[2025-11-13 03:56:30.627][INFO] Node 0 starting view 82
[2025-11-13 03:56:30.632][INFO] 💎 Node 0 Commit block - Height: 78, TxCount: 0, E2E_TPS: 0.00, Pure_TPS: 0.00, Submit_TPS: 0.00, TotalTxs: 0, TotalBlocks: 79, tx_ids.len= 0
[2025-11-13 03:56:30.905][INFO] Node 0 starting view 83
[2025-11-13 03:56:30.910][INFO] 💎 Node 0 Commit block - Height: 79, TxCount: 0, E2E_TPS: 0.00, Pure_TPS: 0.00, Submit_TPS: 0.00, TotalTxs: 0, TotalBlocks: 80, tx_ids.len= 0
[2025-11-13 03:56:31.081][INFO] 💎 Node 0 Commit block - Height: 80, TxCount: 0, E2E_TPS: 0.00, Pure_TPS: 0.00, Submit_TPS: 0.00, TotalTxs: 0, TotalBlocks: 81, tx_ids.len= 0
[2025-11-13 03:56:31.309][INFO] Node 0 starting view 85
[2025-11-13 03:56:31.318][INFO] 💎 Node 0 Commit block - Height: 81, TxCount: 0, E2E_TPS: 0.00, Pure_TPS: 0.00, Submit_TPS: 0.00, TotalTxs: 0, TotalBlocks: 82, tx_ids.len= 0
[2025-11-13 03:56:31.532][INFO] 💎 Node 0 Commit block - Height: 82, TxCount: 0, E2E_TPS: 0.00, Pure_TPS: 0.00, Submit_TPS: 0.00, TotalTxs: 0, TotalBlocks: 83, tx_ids.len= 0
[2025-11-13 03:56:31.670][INFO] Node 0 starting view 87
[2025-11-13 03:56:31.672][INFO] 💎 Node 0 Commit block - Height: 83, TxCount: 0, E2E_TPS: 0.00, Pure_TPS: 0.00, Submit_TPS: 0.00, TotalTxs: 0, TotalBlocks: 84, tx_ids.len= 0
[2025-11-13 03:56:31.789][INFO] Node 0 starting view 88
[2025-11-13 03:56:31.793][INFO] 💎 Node 0 Commit block - Height: 84, TxCount: 0, E2E_TPS: 0.00, Pure_TPS: 0.00, Submit_TPS: 0.00, TotalTxs: 0, TotalBlocks: 85, tx_ids.len= 0
[2025-11-13 03:56:31.978][INFO] Node 0 starting view 89
[2025-11-13 03:56:31.985][INFO] 💎 Node 0 Commit block - Height: 85, TxCount: 0, E2E_TPS: 0.00, Pure_TPS: 0.00, Submit_TPS: 0.00, TotalTxs: 0, TotalBlocks: 86, tx_ids.len= 0
[2025-11-13 03:56:32.201][INFO] Node 0 starting view 90
[2025-11-13 03:56:32.217][INFO] 💎 Node 0 Commit block - Height: 86, TxCount: 0, E2E_TPS: 0.00, Pure_TPS: 0.00, Submit_TPS: 0.00, TotalTxs: 0, TotalBlocks: 87, tx_ids.len= 0
[2025-11-13 03:56:32.463][INFO] 💎 Node 0 Commit block - Height: 87, TxCount: 0, E2E_TPS: 0.00, Pure_TPS: 0.00, Submit_TPS: 0.00, TotalTxs: 0, TotalBlocks: 88, tx_ids.len= 0
[2025-11-13 03:56:32.554][INFO] Node 0 starting view 92
[2025-11-13 03:56:32.567][INFO] 💎 Node 0 Commit block - Height: 88, TxCount: 0, E2E_TPS: 0.00, Pure_TPS: 0.00, Submit_TPS: 0.00, TotalTxs: 0, TotalBlocks: 89, tx_ids.len= 0
[2025-11-13 03:56:32.746][INFO] Node 0 starting view 93
[2025-11-13 03:56:32.747][INFO] 💎 Node 0 Commit block - Height: 89, TxCount: 0, E2E_TPS: 0.00, Pure_TPS: 0.00, Submit_TPS: 0.00, TotalTxs: 0, TotalBlocks: 90, tx_ids.len= 0
[2025-11-13 03:56:32.986][INFO] Node 0 starting view 94
[2025-11-13 03:56:33.001][INFO] 💎 Node 0 Commit block - Height: 90, TxCount: 0, E2E_TPS: 0.00, Pure_TPS: 0.00, Submit_TPS: 0.00, TotalTxs: 0, TotalBlocks: 91, tx_ids.len= 0
[2025-11-13 03:56:33.157][INFO] Node 0 starting view 95
[2025-11-13 03:56:33.163][INFO] 💎 Node 0 Commit block - Height: 91, TxCount: 0, E2E_TPS: 0.00, Pure_TPS: 0.00, Submit_TPS: 0.00, TotalTxs: 0, TotalBlocks: 92, tx_ids.len= 0
[2025-11-13 03:56:33.263][INFO] Node 0 starting view 96
[2025-11-13 03:56:33.273][INFO] 💎 Node 0 Commit block - Height: 92, TxCount: 0, E2E_TPS: 0.00, Pure_TPS: 0.00, Submit_TPS: 0.00, TotalTxs: 0, TotalBlocks: 93, tx_ids.len= 0
[2025-11-13 03:56:33.481][INFO] Node 0 starting view 97
[2025-11-13 03:56:33.488][INFO] 💎 Node 0 Commit block - Height: 93, TxCount: 0, E2E_TPS: 0.00, Pure_TPS: 0.00, Submit_TPS: 0.00, TotalTxs: 0, TotalBlocks: 94, tx_ids.len= 0
[2025-11-13 03:56:33.664][INFO] Node 0 starting view 98
[2025-11-13 03:56:33.672][INFO] 💎 Node 0 Commit block - Height: 94, TxCount: 0, E2E_TPS: 0.00, Pure_TPS: 0.00, Submit_TPS: 0.00, TotalTxs: 0, TotalBlocks: 95, tx_ids.len= 0
[2025-11-13 03:56:33.802][INFO] Node 0 starting view 99
[2025-11-13 03:56:33.805][INFO] 💎 Node 0 Commit block - Height: 95, TxCount: 0, E2E_TPS: 0.00, Pure_TPS: 0.00, Submit_TPS: 0.00, TotalTxs: 0, TotalBlocks: 96, tx_ids.len= 0
[2025-11-13 03:56:34.013][INFO] Node 0 starting view 100
[2025-11-13 03:56:34.019][INFO] 💎 Node 0 Commit block - Height: 96, TxCount: 0, E2E_TPS: 0.00, Pure_TPS: 0.00, Submit_TPS: 0.00, TotalTxs: 0, TotalBlocks: 97, tx_ids.len= 0
[2025-11-13 03:56:34.256][INFO] Node 0 starting view 101
[2025-11-13 03:56:34.274][INFO] 💎 Node 0 Commit block - Height: 97, TxCount: 0, E2E_TPS: 0.00, Pure_TPS: 0.00, Submit_TPS: 0.00, TotalTxs: 0, TotalBlocks: 98, tx_ids.len= 0
[2025-11-13 03:56:34.371][INFO] 💎 Node 0 Commit block - Height: 98, TxCount: 0, E2E_TPS: 0.00, Pure_TPS: 0.00, Submit_TPS: 0.00, TotalTxs: 0, TotalBlocks: 99, tx_ids.len= 0
[2025-11-13 03:56:34.615][INFO] Node 0 starting view 103
[2025-11-13 03:56:34.619][INFO] 💎 Node 0 Commit block - Height: 99, TxCount: 0, E2E_TPS: 0.00, Pure_TPS: 0.00, Submit_TPS: 0.00, TotalTxs: 0, TotalBlocks: 100, tx_ids.len= 0
[2025-11-13 03:56:34.836][INFO] Node 0 starting view 104
[2025-11-13 03:56:34.851][INFO] 💎 Node 0 Commit block - Height: 100, TxCount: 0, E2E_TPS: 0.00, Pure_TPS: 0.00, Submit_TPS: 0.00, TotalTxs: 0, TotalBlocks: 101, tx_ids.len= 0
[2025-11-13 03:56:34.921][INFO] Node 0 starting view 105
[2025-11-13 03:56:34.928][INFO] 💎 Node 0 Commit block - Height: 101, TxCount: 0, E2E_TPS: 0.00, Pure_TPS: 0.00, Submit_TPS: 0.00, TotalTxs: 0, TotalBlocks: 102, tx_ids.len= 0
[2025-11-13 03:56:35.088][INFO] 💎 Node 0 Commit block - Height: 102, TxCount: 0, E2E_TPS: 0.00, Pure_TPS: 0.00, Submit_TPS: 0.00, TotalTxs: 0, TotalBlocks: 103, tx_ids.len= 0
[2025-11-13 03:56:35.276][INFO] Node 0 starting view 107
[2025-11-13 03:56:35.282][INFO] 💎 Node 0 Commit block - Height: 103, TxCount: 0, E2E_TPS: 0.00, Pure_TPS: 0.00, Submit_TPS: 0.00, TotalTxs: 0, TotalBlocks: 104, tx_ids.len= 0
[2025-11-13 03:56:35.400][INFO] 💎 Node 0 Commit block - Height: 104, TxCount: 0, E2E_TPS: 0.00, Pure_TPS: 0.00, Submit_TPS: 0.00, TotalTxs: 0, TotalBlocks: 105, tx_ids.len= 0
[2025-11-13 03:56:35.406][INFO] Node 0 starting view 108
[2025-11-13 03:56:35.662][INFO] 💎 Node 0 Commit block - Height: 105, TxCount: 0, E2E_TPS: 0.00, Pure_TPS: 0.00, Submit_TPS: 0.00, TotalTxs: 0, TotalBlocks: 106, tx_ids.len= 0
[2025-11-13 03:56:35.831][INFO] Node 0 starting view 110
[2025-11-13 03:56:35.848][INFO] 💎 Node 0 Commit block - Height: 106, TxCount: 0, E2E_TPS: 0.00, Pure_TPS: 0.00, Submit_TPS: 0.00, TotalTxs: 0, TotalBlocks: 107, tx_ids.len= 0
[2025-11-13 03:56:36.047][INFO] Node 0 starting view 111
[2025-11-13 03:56:36.053][INFO] 💎 Node 0 Commit block - Height: 107, TxCount: 0, E2E_TPS: 0.00, Pure_TPS: 0.00, Submit_TPS: 0.00, TotalTxs: 0, TotalBlocks: 108, tx_ids.len= 0
[2025-11-13 03:56:36.182][INFO] 💎 Node 0 Commit block - Height: 108, TxCount: 0, E2E_TPS: 0.00, Pure_TPS: 0.00, Submit_TPS: 0.00, TotalTxs: 0, TotalBlocks: 109, tx_ids.len= 0
[2025-11-13 03:56:36.460][INFO] 💎 Node 0 Commit block - Height: 109, TxCount: 0, E2E_TPS: 0.00, Pure_TPS: 0.00, Submit_TPS: 0.00, TotalTxs: 0, TotalBlocks: 110, tx_ids.len= 0
[2025-11-13 03:56:36.622][INFO] Node 0 starting view 114
[2025-11-13 03:56:36.632][INFO] 💎 Node 0 Commit block - Height: 110, TxCount: 0, E2E_TPS: 0.00, Pure_TPS: 0.00, Submit_TPS: 0.00, TotalTxs: 0, TotalBlocks: 111, tx_ids.len= 0
[2025-11-13 03:56:36.859][INFO] Node 0 starting view 115
[2025-11-13 03:56:36.868][INFO] 💎 Node 0 Commit block - Height: 111, TxCount: 0, E2E_TPS: 0.00, Pure_TPS: 0.00, Submit_TPS: 0.00, TotalTxs: 0, TotalBlocks: 112, tx_ids.len= 0
[2025-11-13 03:56:37.028][INFO] Node 0 starting view 116
[2025-11-13 03:56:37.082][INFO] 💎 Node 0 Commit block - Height: 112, TxCount: 0, E2E_TPS: 0.00, Pure_TPS: 0.00, Submit_TPS: 0.00, TotalTxs: 0, TotalBlocks: 113, tx_ids.len= 0
[2025-11-13 03:56:37.222][INFO] 💎 Node 0 Commit block - Height: 113, TxCount: 0, E2E_TPS: 0.00, Pure_TPS: 0.00, Submit_TPS: 0.00, TotalTxs: 0, TotalBlocks: 114, tx_ids.len= 0
[2025-11-13 03:56:37.339][INFO] Node 0 starting view 118
[2025-11-13 03:56:37.342][INFO] 💎 Node 0 Commit block - Height: 114, TxCount: 0, E2E_TPS: 0.00, Pure_TPS: 0.00, Submit_TPS: 0.00, TotalTxs: 0, TotalBlocks: 115, tx_ids.len= 0
[2025-11-13 03:56:37.538][INFO] 💎 Node 0 Commit block - Height: 115, TxCount: 0, E2E_TPS: 0.00, Pure_TPS: 0.00, Submit_TPS: 0.00, TotalTxs: 0, TotalBlocks: 116, tx_ids.len= 0
[2025-11-13 03:56:37.767][INFO] 💎 Node 0 Commit block - Height: 116, TxCount: 0, E2E_TPS: 0.00, Pure_TPS: 0.00, Submit_TPS: 0.00, TotalTxs: 0, TotalBlocks: 117, tx_ids.len= 0
[2025-11-13 03:56:38.013][INFO] 💎 Node 0 Commit block - Height: 117, TxCount: 0, E2E_TPS: 0.00, Pure_TPS: 0.00, Submit_TPS: 0.00, TotalTxs: 0, TotalBlocks: 118, tx_ids.len= 0
[2025-11-13 03:56:38.103][INFO] Node 0 starting view 122
[2025-11-13 03:56:38.116][INFO] 💎 Node 0 Commit block - Height: 118, TxCount: 0, E2E_TPS: 0.00, Pure_TPS: 0.00, Submit_TPS: 0.00, TotalTxs: 0, TotalBlocks: 119, tx_ids.len= 0
[2025-11-13 03:56:38.292][INFO] Node 0 starting view 123
[2025-11-13 03:56:38.299][INFO] 💎 Node 0 Commit block - Height: 119, TxCount: 0, E2E_TPS: 0.00, Pure_TPS: 0.00, Submit_TPS: 0.00, TotalTxs: 0, TotalBlocks: 120, tx_ids.len= 0
[2025-11-13 03:56:38.536][INFO] Node 0 starting view 124
[2025-11-13 03:56:38.550][INFO] 💎 Node 0 Commit block - Height: 120, TxCount: 0, E2E_TPS: 0.00, Pure_TPS: 0.00, Submit_TPS: 0.00, TotalTxs: 0, TotalBlocks: 121, tx_ids.len= 0
[2025-11-13 03:56:38.712][INFO] 💎 Node 0 Commit block - Height: 121, TxCount: 0, E2E_TPS: 0.00, Pure_TPS: 0.00, Submit_TPS: 0.00, TotalTxs: 0, TotalBlocks: 122, tx_ids.len= 0
[2025-11-13 03:56:38.821][INFO] 💎 Node 0 Commit block - Height: 122, TxCount: 0, E2E_TPS: 0.00, Pure_TPS: 0.00, Submit_TPS: 0.00, TotalTxs: 0, TotalBlocks: 123, tx_ids.len= 0
[2025-11-13 03:56:39.030][INFO] Node 0 starting view 127
[2025-11-13 03:56:39.037][INFO] 💎 Node 0 Commit block - Height: 123, TxCount: 0, E2E_TPS: 0.00, Pure_TPS: 0.00, Submit_TPS: 0.00, TotalTxs: 0, TotalBlocks: 124, tx_ids.len= 0
[2025-11-13 03:56:39.209][INFO] Node 0 starting view 128
[2025-11-13 03:56:39.220][INFO] 💎 Node 0 Commit block - Height: 124, TxCount: 0, E2E_TPS: 0.00, Pure_TPS: 0.00, Submit_TPS: 0.00, TotalTxs: 0, TotalBlocks: 125, tx_ids.len= 0
[2025-11-13 03:56:39.350][INFO] Node 0 starting view 129
[2025-11-13 03:56:39.353][INFO] 💎 Node 0 Commit block - Height: 125, TxCount: 0, E2E_TPS: 0.00, Pure_TPS: 0.00, Submit_TPS: 0.00, TotalTxs: 0, TotalBlocks: 126, tx_ids.len= 0
[2025-11-13 03:56:39.566][INFO] 💎 Node 0 Commit block - Height: 126, TxCount: 0, E2E_TPS: 0.00, Pure_TPS: 0.00, Submit_TPS: 0.00, TotalTxs: 0, TotalBlocks: 127, tx_ids.len= 0
[2025-11-13 03:56:39.803][INFO] Node 0 starting view 131
[2025-11-13 03:56:39.821][INFO] 💎 Node 0 Commit block - Height: 127, TxCount: 0, E2E_TPS: 0.00, Pure_TPS: 0.00, Submit_TPS: 0.00, TotalTxs: 0, TotalBlocks: 128, tx_ids.len= 0
[2025-11-13 03:56:39.908][INFO] Node 0 starting view 132
[2025-11-13 03:56:39.919][INFO] 💎 Node 0 Commit block - Height: 128, TxCount: 0, E2E_TPS: 0.00, Pure_TPS: 0.00, Submit_TPS: 0.00, TotalTxs: 0, TotalBlocks: 129, tx_ids.len= 0
[2025-11-13 03:56:40.163][INFO] Node 0 starting view 133
[2025-11-13 03:56:40.167][INFO] 💎 Node 0 Commit block - Height: 129, TxCount: 0, E2E_TPS: 0.00, Pure_TPS: 0.00, Submit_TPS: 0.00, TotalTxs: 0, TotalBlocks: 130, tx_ids.len= 0
[2025-11-13 03:56:40.399][INFO] 💎 Node 0 Commit block - Height: 130, TxCount: 0, E2E_TPS: 0.00, Pure_TPS: 0.00, Submit_TPS: 0.00, TotalTxs: 0, TotalBlocks: 131, tx_ids.len= 0
[2025-11-13 03:56:40.476][INFO] 💎 Node 0 Commit block - Height: 131, TxCount: 0, E2E_TPS: 0.00, Pure_TPS: 0.00, Submit_TPS: 0.00, TotalTxs: 0, TotalBlocks: 132, tx_ids.len= 0
[2025-11-13 03:56:40.634][INFO] Node 0 starting view 136
[2025-11-13 03:56:40.636][INFO] 💎 Node 0 Commit block - Height: 132, TxCount: 0, E2E_TPS: 0.00, Pure_TPS: 0.00, Submit_TPS: 0.00, TotalTxs: 0, TotalBlocks: 133, tx_ids.len= 0
[2025-11-13 03:56:40.823][INFO] Node 0 starting view 137
[2025-11-13 03:56:40.829][INFO] 💎 Node 0 Commit block - Height: 133, TxCount: 0, E2E_TPS: 0.00, Pure_TPS: 0.00, Submit_TPS: 0.00, TotalTxs: 0, TotalBlocks: 134, tx_ids.len= 0
[2025-11-13 03:56:40.947][INFO] 💎 Node 0 Commit block - Height: 134, TxCount: 0, E2E_TPS: 0.00, Pure_TPS: 0.00, Submit_TPS: 0.00, TotalTxs: 0, TotalBlocks: 135, tx_ids.len= 0
[2025-11-13 03:56:41.211][INFO] 💎 Node 0 Commit block - Height: 135, TxCount: 0, E2E_TPS: 0.00, Pure_TPS: 0.00, Submit_TPS: 0.00, TotalTxs: 0, TotalBlocks: 136, tx_ids.len= 0
[2025-11-13 03:56:41.394][INFO] 💎 Node 0 Commit block - Height: 136, TxCount: 0, E2E_TPS: 0.00, Pure_TPS: 0.00, Submit_TPS: 0.00, TotalTxs: 0, TotalBlocks: 137, tx_ids.len= 0
[2025-11-13 03:56:41.604][INFO] 💎 Node 0 Commit block - Height: 137, TxCount: 0, E2E_TPS: 0.00, Pure_TPS: 0.00, Submit_TPS: 0.00, TotalTxs: 0, TotalBlocks: 138, tx_ids.len= 0
[2025-11-13 03:56:41.729][INFO] 💎 Node 0 Commit block - Height: 138, TxCount: 0, E2E_TPS: 0.00, Pure_TPS: 0.00, Submit_TPS: 0.00, TotalTxs: 0, TotalBlocks: 139, tx_ids.len= 0
[2025-11-13 03:56:42.006][INFO] 💎 Node 0 Commit block - Height: 139, TxCount: 0, E2E_TPS: 0.00, Pure_TPS: 0.00, Submit_TPS: 0.00, TotalTxs: 0, TotalBlocks: 140, tx_ids.len= 0
[2025-11-13 03:56:42.172][INFO] Node 0 starting view 144
[2025-11-13 03:56:42.185][INFO] 💎 Node 0 Commit block - Height: 140, TxCount: 0, E2E_TPS: 0.00, Pure_TPS: 0.00, Submit_TPS: 0.00, TotalTxs: 0, TotalBlocks: 141, tx_ids.len= 0
[2025-11-13 03:56:42.413][INFO] Node 0 starting view 145
[2025-11-13 03:56:42.422][INFO] 💎 Node 0 Commit block - Height: 141, TxCount: 0, E2E_TPS: 0.00, Pure_TPS: 0.00, Submit_TPS: 0.00, TotalTxs: 0, TotalBlocks: 142, tx_ids.len= 0
[2025-11-13 03:56:42.583][INFO] Node 0 starting view 146
[2025-11-13 03:56:42.635][INFO] 💎 Node 0 Commit block - Height: 142, TxCount: 0, E2E_TPS: 0.00, Pure_TPS: 0.00, Submit_TPS: 0.00, TotalTxs: 0, TotalBlocks: 143, tx_ids.len= 0
[2025-11-13 03:56:42.776][INFO] 💎 Node 0 Commit block - Height: 143, TxCount: 0, E2E_TPS: 0.00, Pure_TPS: 0.00, Submit_TPS: 0.00, TotalTxs: 0, TotalBlocks: 144, tx_ids.len= 0
[2025-11-13 03:56:42.893][INFO] Node 0 starting view 148
[2025-11-13 03:56:42.896][INFO] 💎 Node 0 Commit block - Height: 144, TxCount: 0, E2E_TPS: 0.00, Pure_TPS: 0.00, Submit_TPS: 0.00, TotalTxs: 0, TotalBlocks: 145, tx_ids.len= 0
[2025-11-13 03:56:43.088][INFO] 💎 Node 0 Commit block - Height: 145, TxCount: 0, E2E_TPS: 0.00, Pure_TPS: 0.00, Submit_TPS: 0.00, TotalTxs: 0, TotalBlocks: 146, tx_ids.len= 0
[2025-11-13 03:56:43.305][INFO] Node 0 starting view 150
[2025-11-13 03:56:43.321][INFO] 💎 Node 0 Commit block - Height: 146, TxCount: 0, E2E_TPS: 0.00, Pure_TPS: 0.00, Submit_TPS: 0.00, TotalTxs: 0, TotalBlocks: 147, tx_ids.len= 0
[2025-11-13 03:56:43.552][INFO] Node 0 starting view 151
[2025-11-13 03:56:43.570][INFO] 💎 Node 0 Commit block - Height: 147, TxCount: 0, E2E_TPS: 0.00, Pure_TPS: 0.00, Submit_TPS: 0.00, TotalTxs: 0, TotalBlocks: 148, tx_ids.len= 0
[2025-11-13 03:56:43.670][INFO] 💎 Node 0 Commit block - Height: 148, TxCount: 0, E2E_TPS: 0.00, Pure_TPS: 0.00, Submit_TPS: 0.00, TotalTxs: 0, TotalBlocks: 149, tx_ids.len= 0
[2025-11-13 03:56:43.850][INFO] 💎 Node 0 Commit block - Height: 149, TxCount: 0, E2E_TPS: 0.00, Pure_TPS: 0.00, Submit_TPS: 0.00, TotalTxs: 0, TotalBlocks: 150, tx_ids.len= 0
[2025-11-13 03:56:44.106][INFO] 💎 Node 0 Commit block - Height: 150, TxCount: 0, E2E_TPS: 0.00, Pure_TPS: 0.00, Submit_TPS: 28.30, TotalTxs: 0, TotalBlocks: 151, tx_ids.len= 0
[2025-11-13 03:56:44.263][INFO] Node 0 starting view 155
[2025-11-13 03:56:44.268][INFO] 💎 Node 0 Commit block - Height: 151, TxCount: 0, E2E_TPS: 0.00, Pure_TPS: 0.00, Submit_TPS: 16.04, TotalTxs: 0, TotalBlocks: 152, tx_ids.len= 0
[2025-11-13 03:56:44.379][INFO] Node 0 starting view 156
[2025-11-13 03:56:44.391][INFO] 💎 Node 0 Commit block - Height: 152, TxCount: 0, E2E_TPS: 0.00, Pure_TPS: 0.00, Submit_TPS: 18.11, TotalTxs: 0, TotalBlocks: 153, tx_ids.len= 0
[2025-11-13 03:56:44.599][INFO] Node 0 starting view 157
[2025-11-13 03:56:44.606][INFO] 💎 Node 0 Commit block - Height: 153, TxCount: 0, E2E_TPS: 0.00, Pure_TPS: 0.00, Submit_TPS: 16.85, TotalTxs: 0, TotalBlocks: 154, tx_ids.len= 0
[2025-11-13 03:56:44.781][INFO] Node 0 starting view 158
[2025-11-13 03:56:44.845][INFO] 💎 Node 0 Commit block - Height: 154, TxCount: 0, E2E_TPS: 0.00, Pure_TPS: 0.00, Submit_TPS: 15.77, TotalTxs: 0, TotalBlocks: 155, tx_ids.len= 0
[2025-11-13 03:56:44.945][INFO] 💎 Node 0 Commit block - Height: 155, TxCount: 0, E2E_TPS: 0.00, Pure_TPS: 0.00, Submit_TPS: 17.13, TotalTxs: 0, TotalBlocks: 156, tx_ids.len= 0
[2025-11-13 03:56:45.145][INFO] Node 0 starting view 160
[2025-11-13 03:56:45.155][INFO] 💎 Node 0 Commit block - Height: 156, TxCount: 0, E2E_TPS: 0.00, Pure_TPS: 0.00, Submit_TPS: 16.65, TotalTxs: 0, TotalBlocks: 157, tx_ids.len= 0
[2025-11-13 03:56:45.430][INFO] 💎 Node 0 Commit block - Height: 157, TxCount: 238, E2E_TPS: 154.95, Pure_TPS: 0.00, Submit_TPS: 15.62, TotalTxs: 238, TotalBlocks: 158, tx_ids.len= 238
[2025-11-13 03:56:45.546][INFO] Node 0 starting view 162
[2025-11-13 03:56:45.609][INFO] 💎 Node 0 Commit block - Height: 158, TxCount: 220, E2E_TPS: 267.06, Pure_TPS: 2553.07, Submit_TPS: 15.74, TotalTxs: 458, TotalBlocks: 159, tx_ids.len= 220
[2025-11-13 03:56:45.814][INFO] Node 0 starting view 163
[2025-11-13 03:56:45.994][INFO] 💎 Node 0 Commit block - Height: 159, TxCount: 34, E2E_TPS: 234.29, Pure_TPS: 870.57, Submit_TPS: 15.71, TotalTxs: 492, TotalBlocks: 160, tx_ids.len= 34
[2025-11-13 03:56:46.183][INFO] Node 0 starting view 164
[2025-11-13 03:56:46.187][INFO] 💎 Node 0 Commit block - Height: 160, TxCount: 410, E2E_TPS: 393.37, Pure_TPS: 1190.22, Submit_TPS: 15.70, TotalTxs: 902, TotalBlocks: 161, tx_ids.len= 410
[2025-11-13 03:56:46.275][INFO] 💎 Node 0 Commit block - Height: 161, TxCount: 198, E2E_TPS: 461.99, Pure_TPS: 1300.59, Submit_TPS: 15.12, TotalTxs: 1100, TotalBlocks: 162, tx_ids.len= 198
[2025-11-13 03:56:46.430][INFO] Node 0 starting view 166
[2025-11-13 03:56:46.436][INFO] 💎 Node 0 Commit block - Height: 162, TxCount: 762, E2E_TPS: 732.49, Pure_TPS: 1849.90, Submit_TPS: 15.34, TotalTxs: 1862, TotalBlocks: 163, tx_ids.len= 762
[2025-11-13 03:56:46.760][INFO] Node 0 starting view 167
[2025-11-13 03:56:46.835][INFO] 💎 Node 0 Commit block - Height: 163, TxCount: 34, E2E_TPS: 644.68, Pure_TPS: 1348.75, Submit_TPS: 15.30, TotalTxs: 1896, TotalBlocks: 164, tx_ids.len= 34
[2025-11-13 03:56:46.924][INFO] 💎 Node 0 Commit block - Height: 164, TxCount: 346, E2E_TPS: 739.93, Pure_TPS: 1500.00, Submit_TPS: 14.85, TotalTxs: 2242, TotalBlocks: 165, tx_ids.len= 346
[2025-11-13 03:56:47.352][INFO] Node 0 starting view 169
[2025-11-13 03:56:47.535][INFO] 💎 Node 0 Commit block - Height: 165, TxCount: 940, E2E_TPS: 873.94, Pure_TPS: 1511.16, Submit_TPS: 14.83, TotalTxs: 3182, TotalBlocks: 166, tx_ids.len= 940
[2025-11-13 03:56:47.697][INFO] 💎 Node 0 Commit block - Height: 166, TxCount: 548, E2E_TPS: 980.80, Pure_TPS: 1644.91, Submit_TPS: 14.99, TotalTxs: 3730, TotalBlocks: 167, tx_ids.len= 548
[2025-11-13 03:56:47.898][INFO] Node 0 starting view 171
[2025-11-13 03:56:48.059][INFO] 💎 Node 0 Commit block - Height: 167, TxCount: 1476, E2E_TPS: 1250.24, Pure_TPS: 1980.59, Submit_TPS: 15.13, TotalTxs: 5206, TotalBlocks: 168, tx_ids.len= 1476
[2025-11-13 03:56:48.259][INFO] Node 0 starting view 172
[2025-11-13 03:56:48.273][INFO] 💎 Node 0 Commit block - Height: 168, TxCount: 616, E2E_TPS: 1329.53, Pure_TPS: 2047.49, Submit_TPS: 15.07, TotalTxs: 5822, TotalBlocks: 169, tx_ids.len= 616
[2025-11-13 03:56:51.257][INFO] Node 0 view 172 timed out!
[2025-11-13 03:56:51.259][INFO] Node 0 starting view 173
[2025-11-13 03:56:52.016][INFO] Node 0 starting view 174
[2025-11-13 03:56:52.841][INFO] Node 0 starting view 175
[2025-11-13 03:56:55.840][INFO] Node 0 view 175 timed out!
[2025-11-13 03:56:55.841][INFO] Node 0 starting view 176
[2025-11-13 03:56:57.432][INFO] Node 0 starting view 177
[2025-11-13 03:56:57.964][INFO] Node 0 starting view 178
[2025-11-13 03:56:58.580][INFO] Node 0 starting view 179
[2025-11-13 03:56:58.718][INFO] 💎 Node 0 Commit block - Height: 169, TxCount: 0, E2E_TPS: 392.74, Pure_TPS: 2047.49, Submit_TPS: 15.18, TotalTxs: 5822, TotalBlocks: 170, tx_ids.len= 0
[2025-11-13 03:56:58.719][INFO] 💎 Node 0 Commit block - Height: 170, TxCount: 1618, E2E_TPS: 501.89, Pure_TPS: 559.83, Submit_TPS: 15.18, TotalTxs: 7440, TotalBlocks: 171, tx_ids.len= 1618
[2025-11-13 03:56:58.720][INFO] 💎 Node 0 Commit block - Height: 171, TxCount: 1418, E2E_TPS: 597.50, Pure_TPS: 666.49, Submit_TPS: 15.18, TotalTxs: 8858, TotalBlocks: 172, tx_ids.len= 1418
[2025-11-13 03:56:58.722][INFO] 💎 Node 0 Commit block - Height: 172, TxCount: 3144, E2E_TPS: 809.47, Pure_TPS: 902.94, Submit_TPS: 15.18, TotalTxs: 12002, TotalBlocks: 173, tx_ids.len= 3144
[2025-11-13 03:56:58.726][INFO] 💎 Node 0 Commit block - Height: 173, TxCount: 7350, E2E_TPS: 1304.92, Pure_TPS: 1455.62, Submit_TPS: 15.17, TotalTxs: 19352, TotalBlocks: 174, tx_ids.len= 7350
[2025-11-13 03:56:59.219][INFO] Node 0 starting view 180
[2025-11-13 03:56:59.776][INFO] 💎 Node 0 Commit block - Height: 174, TxCount: 1548, E2E_TPS: 1316.04, Pure_TPS: 1456.88, Submit_TPS: 15.30, TotalTxs: 20900, TotalBlocks: 175, tx_ids.len= 1548
[2025-11-13 03:57:00.126][INFO] Node 0 starting view 181
[2025-11-13 03:57:00.563][INFO] 💎 Node 0 Commit block - Height: 175, TxCount: 756, E2E_TPS: 1299.26, Pure_TPS: 1431.07, Submit_TPS: 15.30, TotalTxs: 21656, TotalBlocks: 176, tx_ids.len= 756
[2025-11-13 03:57:00.990][INFO] 💎 Node 0 Commit block - Height: 176, TxCount: 964, E2E_TPS: 1323.19, Pure_TPS: 1453.76, Submit_TPS: 15.27, TotalTxs: 22620, TotalBlocks: 177, tx_ids.len= 964
[2025-11-13 03:57:03.695][INFO] Node 0 starting view 183
[2025-11-13 03:57:04.792][INFO] Node 0 starting view 184
[2025-11-13 03:57:05.356][INFO] Node 0 starting view 185
[2025-11-13 03:57:05.805][INFO] 💎 Node 0 Commit block - Height: 177, TxCount: 2396, E2E_TPS: 1141.76, Pure_TPS: 1227.79, Submit_TPS: 15.20, TotalTxs: 25016, TotalBlocks: 178, tx_ids.len= 2396
[2025-11-13 03:57:05.806][INFO] 💎 Node 0 Commit block - Height: 178, TxCount: 1562, E2E_TPS: 1213.00, Pure_TPS: 1304.39, Submit_TPS: 15.20, TotalTxs: 26578, TotalBlocks: 179, tx_ids.len= 1562
[2025-11-13 03:57:05.808][INFO] 💎 Node 0 Commit block - Height: 179, TxCount: 3928, E2E_TPS: 1392.14, Pure_TPS: 1497.03, Submit_TPS: 15.20, TotalTxs: 30506, TotalBlocks: 180, tx_ids.len= 3928
[2025-11-13 03:57:08.734][INFO] Node 0 view 186 timed out!
[2025-11-13 03:57:08.739][INFO] Node 0 starting view 187
[2025-11-13 03:57:10.138][INFO] Node 0 starting view 188
[2025-11-13 03:57:10.615][INFO] Node 0 starting view 189
[2025-11-13 03:57:13.609][INFO] Node 0 view 189 timed out!
[2025-11-13 03:57:22.612][INFO] Node 0 view 192 timed out!
[2025-11-13 03:57:22.621][INFO] Node 0 starting view 193
[2025-11-13 03:57:24.234][INFO] Node 0 starting view 195
[2025-11-13 03:57:25.333][INFO] Node 0 starting view 196
[2025-11-13 03:57:25.404][INFO] 💎 Node 0 Commit block - Height: 180, TxCount: 794, E2E_TPS: 754.05, Pure_TPS: 783.00, Submit_TPS: 14.96, TotalTxs: 31300, TotalBlocks: 181, tx_ids.len= 794
[2025-11-13 03:57:25.414][INFO] 💎 Node 0 Commit block - Height: 181, TxCount: 1436, E2E_TPS: 788.46, Pure_TPS: 818.72, Submit_TPS: 14.96, TotalTxs: 32736, TotalBlocks: 182, tx_ids.len= 1436
[2025-11-13 03:57:25.419][INFO] 💎 Node 0 Commit block - Height: 182, TxCount: 6514, E2E_TPS: 945.26, Pure_TPS: 981.54, Submit_TPS: 14.96, TotalTxs: 39250, TotalBlocks: 183, tx_ids.len= 6514
[2025-11-13 03:57:25.420][INFO] 💎 Node 0 Commit block - Height: 183, TxCount: 858, E2E_TPS: 965.85, Pure_TPS: 1002.93, Submit_TPS: 14.95, TotalTxs: 40108, TotalBlocks: 184, tx_ids.len= 858
[2025-11-13 03:57:25.422][INFO] 💎 Node 0 Commit block - Height: 184, TxCount: 2676, E2E_TPS: 1030.27, Pure_TPS: 1069.82, Submit_TPS: 14.95, TotalTxs: 42784, TotalBlocks: 185, tx_ids.len= 2676
[2025-11-13 03:57:26.672][INFO] Node 0 starting view 197
[2025-11-13 03:57:26.999][INFO] 💎 Node 0 Commit block - Height: 185, TxCount: 454, E2E_TPS: 1003.09, Pure_TPS: 1040.13, Submit_TPS: 14.96, TotalTxs: 43238, TotalBlocks: 186, tx_ids.len= 454
[2025-11-13 03:57:27.806][INFO] 💎 Node 0 Commit block - Height: 186, TxCount: 4260, E2E_TPS: 1081.69, Pure_TPS: 1120.87, Submit_TPS: 14.96, TotalTxs: 47498, TotalBlocks: 187, tx_ids.len= 4260
[2025-11-13 03:57:27.827][INFO] Node 0 starting view 198
[2025-11-13 03:57:30.809][INFO] Node 0 view 198 timed out!
[2025-11-13 03:57:33.810][INFO] Node 0 view 199 timed out!
[2025-11-13 03:57:33.811][INFO] Node 0 starting view 200
[2025-11-13 03:57:36.811][INFO] Node 0 view 200 timed out!
[2025-11-13 03:57:37.998][INFO] Node 0 starting view 202
[2025-11-13 03:57:40.999][INFO] Node 0 starting view 203
[2025-11-13 03:57:46.099][INFO] Node 0 view 205 timed out!
[2025-11-13 03:57:46.106][INFO] Node 0 starting view 206
[2025-11-13 03:57:48.918][INFO] Node 0 starting view 207
[2025-11-13 03:57:51.090][INFO] Node 0 starting view 209
[2025-11-13 03:57:51.512][INFO] 💎 Node 0 Commit block - Height: 187, TxCount: 6442, E2E_TPS: 797.73, Pure_TPS: 816.26, Submit_TPS: 14.86, TotalTxs: 53940, TotalBlocks: 188, tx_ids.len= 6442
[2025-11-13 03:57:51.516][INFO] 💎 Node 0 Commit block - Height: 188, TxCount: 4806, E2E_TPS: 868.75, Pure_TPS: 888.93, Submit_TPS: 14.91, TotalTxs: 58746, TotalBlocks: 189, tx_ids.len= 4806
[2025-11-13 03:57:51.521][INFO] 💎 Node 0 Commit block - Height: 189, TxCount: 9300, E2E_TPS: 1006.23, Pure_TPS: 1029.60, Submit_TPS: 14.91, TotalTxs: 68046, TotalBlocks: 190, tx_ids.len= 9300
[2025-11-13 03:57:51.528][INFO] 💎 Node 0 Commit block - Height: 190, TxCount: 8964, E2E_TPS: 1138.70, Pure_TPS: 1165.14, Submit_TPS: 14.90, TotalTxs: 77010, TotalBlocks: 191, tx_ids.len= 8964
[2025-11-13 03:57:51.529][INFO] 💎 Node 0 Commit block - Height: 191, TxCount: 1850, E2E_TPS: 1165.96, Pure_TPS: 1193.04, Submit_TPS: 14.90, TotalTxs: 78860, TotalBlocks: 192, tx_ids.len= 1850
[2025-11-13 03:57:51.537][INFO] 💎 Node 0 Commit block - Height: 192, TxCount: 14064, E2E_TPS: 1373.80, Pure_TPS: 1405.71, Submit_TPS: 14.90, TotalTxs: 92924, TotalBlocks: 193, tx_ids.len= 14064
[2025-11-13 03:57:53.425][INFO] 💎 Node 0 Commit block - Height: 193, TxCount: 1890, E2E_TPS: 1363.62, Pure_TPS: 1394.41, Submit_TPS: 14.84, TotalTxs: 94814, TotalBlocks: 194, tx_ids.len= 1890
[2025-11-13 03:57:53.886][INFO] Node 0 starting view 211
[2025-11-13 03:57:54.546][INFO] 💎 Node 0 Commit block - Height: 194, TxCount: 11310, E2E_TPS: 1502.15, Pure_TPS: 1535.52, Submit_TPS: 14.86, TotalTxs: 106124, TotalBlocks: 195, tx_ids.len= 11310
[2025-11-13 03:57:54.634][INFO] Node 0 starting view 212
[2025-11-13 03:57:54.922][INFO] 💎 Node 0 Commit block - Height: 195, TxCount: 7814, E2E_TPS: 1604.17, Pure_TPS: 1639.62, Submit_TPS: 14.87, TotalTxs: 113938, TotalBlocks: 196, tx_ids.len= 7814
[2025-11-13 03:57:57.630][INFO] Node 0 view 212 timed out!
[2025-11-13 03:58:02.006][INFO] Node 0 starting view 215
[2025-11-13 03:58:02.761][INFO] Node 0 starting view 216
[2025-11-13 03:58:05.758][INFO] Node 0 view 216 timed out!
[2025-11-13 03:58:05.780][INFO] Node 0 starting view 217
[2025-11-13 03:58:08.356][INFO] Node 0 starting view 219
[2025-11-13 03:58:11.351][INFO] Node 0 view 219 timed out!
[2025-11-13 03:58:14.352][INFO] Node 0 view 220 timed out!
[2025-11-13 03:58:14.362][INFO] Node 0 starting view 221
[2025-11-13 03:58:17.353][INFO] Node 0 view 221 timed out!
[2025-11-13 03:58:17.354][INFO] Node 0 starting view 222
[2025-11-13 03:58:18.818][INFO] Node 0 starting view 223
[2025-11-13 03:58:20.219][INFO] Node 0 starting view 224
[2025-11-13 03:58:21.517][INFO] Node 0 starting view 225
[2025-11-13 03:58:21.576][INFO] 💎 Node 0 Commit block - Height: 196, TxCount: 8504, E2E_TPS: 1253.50, Pure_TPS: 1273.52, Submit_TPS: 14.90, TotalTxs: 122442, TotalBlocks: 197, tx_ids.len= 8504
[2025-11-13 03:58:21.577][INFO] 💎 Node 0 Commit block - Height: 197, TxCount: 2154, E2E_TPS: 1275.51, Pure_TPS: 1295.88, Submit_TPS: 14.90, TotalTxs: 124596, TotalBlocks: 198, tx_ids.len= 2154
[2025-11-13 03:58:21.582][INFO] 💎 Node 0 Commit block - Height: 198, TxCount: 9096, E2E_TPS: 1368.59, Pure_TPS: 1390.44, Submit_TPS: 14.89, TotalTxs: 133692, TotalBlocks: 199, tx_ids.len= 9096
[2025-11-13 03:58:21.586][INFO] 💎 Node 0 Commit block - Height: 199, TxCount: 7174, E2E_TPS: 1441.97, Pure_TPS: 1464.99, Submit_TPS: 14.89, TotalTxs: 140866, TotalBlocks: 200, tx_ids.len= 7174
[2025-11-13 03:58:21.590][INFO] 💎 Node 0 Commit block - Height: 200, TxCount: 7572, E2E_TPS: 1519.42, Pure_TPS: 1543.68, Submit_TPS: 14.89, TotalTxs: 148438, TotalBlocks: 201, tx_ids.len= 7572
[2025-11-13 03:58:21.592][INFO] 💎 Node 0 Commit block - Height: 201, TxCount: 4786, E2E_TPS: 1568.36, Pure_TPS: 1593.40, Submit_TPS: 14.89, TotalTxs: 153224, TotalBlocks: 202, tx_ids.len= 4786
[2025-11-13 03:58:21.596][INFO] 💎 Node 0 Commit block - Height: 202, TxCount: 6870, E2E_TPS: 1638.61, Pure_TPS: 1664.77, Submit_TPS: 14.89, TotalTxs: 160094, TotalBlocks: 203, tx_ids.len= 6870
[2025-11-13 03:58:24.439][INFO] Node 0 view 225 timed out!
[2025-11-13 03:58:27.440][INFO] Node 0 view 226 timed out!
[2025-11-13 03:58:30.045][INFO] Node 0 starting view 229
[2025-11-13 03:58:33.031][INFO] Node 0 view 229 timed out!
[2025-11-13 03:58:33.046][INFO] Node 0 starting view 230
