2025-12-10T06:20:20.166776Z  WARN ThreadId(01) docker_node: metrics exporter disabled by SMROL_DISABLE_METRICS
2025-12-10T06:20:40.382372Z  WARN ThreadId(01) hotstuff_runner::tcp_node: Node 0 view timeout set to 5000 ms
2025-12-10T06:20:40.414871Z  WARN ThreadId(01) hotstuff_runner::smrol::sequencing: SMROL_MEDIAN_INFLIGHT=24, SMROL_ORDER_FINALIZE_INFLIGHT=4, SMROL_FINAL_SIGN_INFLIGHT=4, SMROL_FINAL_VERIFY_INFLIGHT=24
2025-12-10T06:20:40.414915Z  WARN ThreadId(01) hotstuff_runner::smrol::sequencing: [Sequencing] Node 0 multi-signature verification disabled: false
2025-12-10T06:20:40.415621Z  WARN ThreadId(06) hotstuff_runner::smrol::sequencing: [Sequencing] Node 0 final verify dispatcher started
2025-12-10T06:20:40.415624Z  WARN ThreadId(04) docker_node:   Connection reuse ineffective (2.0 msg/conn)
2025-12-10T06:20:45.386957Z  WARN ThreadId(21) hotstuff_runner::tcp_node: Node 0 view 0 timed out; latency may accumulate
2025-12-10T06:20:45.415505Z  WARN ThreadId(03) docker_node:   Connection reuse ineffective (2.0 msg/conn)
2025-12-10T06:20:45.418734Z  WARN ThreadId(01) docker_node: Node 0 port 20000 temporarily unreachable: failed to lookup address information: Temporary failure in name resolution
2025-12-10T06:20:45.420536Z  WARN ThreadId(01) docker_node: Node 1 port 20001 temporarily unreachable: failed to lookup address information: Temporary failure in name resolution
2025-12-10T06:20:45.422236Z  WARN ThreadId(01) docker_node: Node 2 port 20002 temporarily unreachable: failed to lookup address information: Temporary failure in name resolution
2025-12-10T06:20:45.423899Z  WARN ThreadId(01) docker_node: Node 3 port 20003 temporarily unreachable: failed to lookup address information: Temporary failure in name resolution
2025-12-10T06:20:45.425612Z  WARN ThreadId(01) docker_node: Node 4 port 20004 temporarily unreachable: failed to lookup address information: Temporary failure in name resolution
2025-12-10T06:20:45.427141Z  WARN ThreadId(01) docker_node: Node 5 port 20005 temporarily unreachable: failed to lookup address information: Temporary failure in name resolution
2025-12-10T06:20:45.428871Z  WARN ThreadId(01) docker_node: Node 6 port 20006 temporarily unreachable: failed to lookup address information: Temporary failure in name resolution
2025-12-10T06:20:45.430714Z  WARN ThreadId(01) docker_node: Node 7 port 20007 temporarily unreachable: failed to lookup address information: Temporary failure in name resolution
2025-12-10T06:20:45.432357Z  WARN ThreadId(01) docker_node: Node 8 port 20008 temporarily unreachable: failed to lookup address information: Temporary failure in name resolution
2025-12-10T06:20:45.433978Z  WARN ThreadId(01) docker_node: Node 9 port 20009 temporarily unreachable: failed to lookup address information: Temporary failure in name resolution
2025-12-10T06:20:45.435646Z  WARN ThreadId(01) docker_node: Node 10 port 20010 temporarily unreachable: failed to lookup address information: Temporary failure in name resolution
2025-12-10T06:20:45.437382Z  WARN ThreadId(01) docker_node: Node 11 port 20011 temporarily unreachable: failed to lookup address information: Temporary failure in name resolution
2025-12-10T06:20:45.439021Z  WARN ThreadId(01) docker_node: Node 12 port 20012 temporarily unreachable: failed to lookup address information: Temporary failure in name resolution
2025-12-10T06:20:45.440578Z  WARN ThreadId(01) docker_node: Node 13 port 20013 temporarily unreachable: failed to lookup address information: Temporary failure in name resolution
2025-12-10T06:20:45.442316Z  WARN ThreadId(01) docker_node: Node 14 port 20014 temporarily unreachable: failed to lookup address information: Temporary failure in name resolution
2025-12-10T06:20:45.443930Z  WARN ThreadId(01) docker_node: Node 15 port 20015 temporarily unreachable: failed to lookup address information: Temporary failure in name resolution
2025-12-10T06:20:45.445513Z  WARN ThreadId(01) docker_node: Node 16 port 20016 temporarily unreachable: failed to lookup address information: Temporary failure in name resolution
2025-12-10T06:20:45.447251Z  WARN ThreadId(01) docker_node: Node 17 port 20017 temporarily unreachable: failed to lookup address information: Temporary failure in name resolution
2025-12-10T06:20:45.448939Z  WARN ThreadId(01) docker_node: Node 18 port 20018 temporarily unreachable: failed to lookup address information: Temporary failure in name resolution
2025-12-10T06:20:45.450548Z  WARN ThreadId(01) docker_node: Node 19 port 20019 temporarily unreachable: failed to lookup address information: Temporary failure in name resolution
2025-12-10T06:20:45.452288Z  WARN ThreadId(01) docker_node: Node 20 port 20020 temporarily unreachable: failed to lookup address information: Temporary failure in name resolution
2025-12-10T06:20:45.454065Z  WARN ThreadId(01) docker_node: Node 21 port 20021 temporarily unreachable: failed to lookup address information: Temporary failure in name resolution
2025-12-10T06:20:45.455774Z  WARN ThreadId(01) docker_node: Node 22 port 20022 temporarily unreachable: failed to lookup address information: Temporary failure in name resolution
2025-12-10T06:20:45.457320Z  WARN ThreadId(01) docker_node: Node 23 port 20023 temporarily unreachable: failed to lookup address information: Temporary failure in name resolution
2025-12-10T06:20:45.459036Z  WARN ThreadId(01) docker_node: Node 24 port 20024 temporarily unreachable: failed to lookup address information: Temporary failure in name resolution
2025-12-10T06:20:45.460613Z  WARN ThreadId(01) docker_node: Node 25 port 20025 temporarily unreachable: failed to lookup address information: Temporary failure in name resolution
2025-12-10T06:20:45.462165Z  WARN ThreadId(01) docker_node: Node 26 port 20026 temporarily unreachable: failed to lookup address information: Temporary failure in name resolution
2025-12-10T06:20:45.463768Z  WARN ThreadId(01) docker_node: Node 27 port 20027 temporarily unreachable: failed to lookup address information: Temporary failure in name resolution
2025-12-10T06:20:45.465512Z  WARN ThreadId(01) docker_node: Node 28 port 20028 temporarily unreachable: failed to lookup address information: Temporary failure in name resolution
2025-12-10T06:20:45.467234Z  WARN ThreadId(01) docker_node: Node 29 port 20029 temporarily unreachable: failed to lookup address information: Temporary failure in name resolution
2025-12-10T06:20:45.468790Z  WARN ThreadId(01) docker_node: Node 30 port 20030 temporarily unreachable: failed to lookup address information: Temporary failure in name resolution
2025-12-10T06:20:45.470441Z  WARN ThreadId(01) docker_node: Node 31 port 20031 temporarily unreachable: failed to lookup address information: Temporary failure in name resolution
2025-12-10T06:20:45.472021Z  WARN ThreadId(01) docker_node: Node 32 port 20032 temporarily unreachable: failed to lookup address information: Temporary failure in name resolution
2025-12-10T06:20:45.473879Z  WARN ThreadId(01) docker_node: Node 33 port 20033 temporarily unreachable: failed to lookup address information: Temporary failure in name resolution
2025-12-10T06:20:45.475473Z  WARN ThreadId(01) docker_node: Node 34 port 20034 temporarily unreachable: failed to lookup address information: Temporary failure in name resolution
2025-12-10T06:20:45.477267Z  WARN ThreadId(01) docker_node: Node 35 port 20035 temporarily unreachable: failed to lookup address information: Temporary failure in name resolution
2025-12-10T06:20:45.479151Z  WARN ThreadId(01) docker_node: Node 36 port 20036 temporarily unreachable: failed to lookup address information: Temporary failure in name resolution
2025-12-10T06:20:45.480754Z  WARN ThreadId(01) docker_node: Node 37 port 20037 temporarily unreachable: failed to lookup address information: Temporary failure in name resolution
2025-12-10T06:20:45.482327Z  WARN ThreadId(01) docker_node: Node 38 port 20038 temporarily unreachable: failed to lookup address information: Temporary failure in name resolution
2025-12-10T06:20:45.483842Z  WARN ThreadId(01) docker_node: Node 39 port 20039 temporarily unreachable: failed to lookup address information: Temporary failure in name resolution
2025-12-10T06:20:45.485439Z  WARN ThreadId(01) docker_node: Node 40 port 20040 temporarily unreachable: failed to lookup address information: Temporary failure in name resolution
2025-12-10T06:20:45.487326Z  WARN ThreadId(01) docker_node: Node 41 port 20041 temporarily unreachable: failed to lookup address information: Temporary failure in name resolution
2025-12-10T06:20:45.488950Z  WARN ThreadId(01) docker_node: Node 42 port 20042 temporarily unreachable: failed to lookup address information: Temporary failure in name resolution
2025-12-10T06:20:45.491282Z  WARN ThreadId(01) docker_node: Node 43 port 20043 temporarily unreachable: failed to lookup address information: Temporary failure in name resolution
2025-12-10T06:20:45.492943Z  WARN ThreadId(01) docker_node: Node 44 port 20044 temporarily unreachable: failed to lookup address information: Temporary failure in name resolution
2025-12-10T06:20:45.494467Z  WARN ThreadId(01) docker_node: Node 45 port 20045 temporarily unreachable: failed to lookup address information: Temporary failure in name resolution
2025-12-10T06:20:45.496112Z  WARN ThreadId(01) docker_node: Node 46 port 20046 temporarily unreachable: failed to lookup address information: Temporary failure in name resolution
2025-12-10T06:20:45.498090Z  WARN ThreadId(01) docker_node: Node 47 port 20047 temporarily unreachable: failed to lookup address information: Temporary failure in name resolution
2025-12-10T06:20:45.499658Z  WARN ThreadId(01) docker_node: Node 48 port 20048 temporarily unreachable: failed to lookup address information: Temporary failure in name resolution
2025-12-10T06:20:45.501336Z  WARN ThreadId(01) docker_node: Node 49 port 20049 temporarily unreachable: failed to lookup address information: Temporary failure in name resolution
2025-12-10T06:20:45.502918Z  WARN ThreadId(01) docker_node: Node 50 port 20050 temporarily unreachable: failed to lookup address information: Temporary failure in name resolution
2025-12-10T06:20:45.504595Z  WARN ThreadId(01) docker_node: Node 51 port 20051 temporarily unreachable: failed to lookup address information: Temporary failure in name resolution
2025-12-10T06:20:45.506207Z  WARN ThreadId(01) docker_node: Node 52 port 20052 temporarily unreachable: failed to lookup address information: Temporary failure in name resolution
2025-12-10T06:20:45.507966Z  WARN ThreadId(01) docker_node: Node 53 port 20053 temporarily unreachable: failed to lookup address information: Temporary failure in name resolution
2025-12-10T06:20:45.509629Z  WARN ThreadId(01) docker_node: Node 54 port 20054 temporarily unreachable: failed to lookup address information: Temporary failure in name resolution
2025-12-10T06:20:45.511225Z  WARN ThreadId(01) docker_node: Node 55 port 20055 temporarily unreachable: failed to lookup address information: Temporary failure in name resolution
2025-12-10T06:20:45.512747Z  WARN ThreadId(01) docker_node: Node 56 port 20056 temporarily unreachable: failed to lookup address information: Temporary failure in name resolution
2025-12-10T06:20:45.514400Z  WARN ThreadId(01) docker_node: Node 57 port 20057 temporarily unreachable: failed to lookup address information: Temporary failure in name resolution
2025-12-10T06:20:45.516044Z  WARN ThreadId(01) docker_node: Node 58 port 20058 temporarily unreachable: failed to lookup address information: Temporary failure in name resolution
2025-12-10T06:20:45.517738Z  WARN ThreadId(01) docker_node: Node 59 port 20059 temporarily unreachable: failed to lookup address information: Temporary failure in name resolution
2025-12-10T06:20:45.519620Z  WARN ThreadId(01) docker_node: Node 60 port 20060 temporarily unreachable: failed to lookup address information: Temporary failure in name resolution
2025-12-10T06:20:45.521419Z  WARN ThreadId(01) docker_node: Node 61 port 20061 temporarily unreachable: failed to lookup address information: Temporary failure in name resolution
2025-12-10T06:20:45.523217Z  WARN ThreadId(01) docker_node: Node 62 port 20062 temporarily unreachable: failed to lookup address information: Temporary failure in name resolution
2025-12-10T06:20:45.524838Z  WARN ThreadId(01) docker_node: Node 63 port 20063 temporarily unreachable: failed to lookup address information: Temporary failure in name resolution
2025-12-10T06:20:45.526510Z  WARN ThreadId(01) docker_node: Node 64 port 20064 temporarily unreachable: failed to lookup address information: Temporary failure in name resolution
2025-12-10T06:20:45.528032Z  WARN ThreadId(01) docker_node: Node 65 port 20065 temporarily unreachable: failed to lookup address information: Temporary failure in name resolution
2025-12-10T06:20:45.529579Z  WARN ThreadId(01) docker_node: Node 66 port 20066 temporarily unreachable: failed to lookup address information: Temporary failure in name resolution
2025-12-10T06:20:45.531992Z  WARN ThreadId(01) docker_node: Node 67 port 20067 temporarily unreachable: failed to lookup address information: Temporary failure in name resolution
2025-12-10T06:20:45.533615Z  WARN ThreadId(01) docker_node: Node 68 port 20068 temporarily unreachable: failed to lookup address information: Temporary failure in name resolution
2025-12-10T06:20:45.536106Z  WARN ThreadId(01) docker_node: Node 69 port 20069 temporarily unreachable: failed to lookup address information: Temporary failure in name resolution
2025-12-10T06:20:45.539651Z  WARN ThreadId(01) docker_node: Node 70 port 20070 temporarily unreachable: failed to lookup address information: Temporary failure in name resolution
2025-12-10T06:20:45.541303Z  WARN ThreadId(01) docker_node: Node 71 port 20071 temporarily unreachable: failed to lookup address information: Temporary failure in name resolution
2025-12-10T06:20:45.542920Z  WARN ThreadId(01) docker_node: Node 72 port 20072 temporarily unreachable: failed to lookup address information: Temporary failure in name resolution
2025-12-10T06:20:45.544796Z  WARN ThreadId(01) docker_node: Node 73 port 20073 temporarily unreachable: failed to lookup address information: Temporary failure in name resolution
2025-12-10T06:20:45.546624Z  WARN ThreadId(01) docker_node: Node 74 port 20074 temporarily unreachable: failed to lookup address information: Temporary failure in name resolution
2025-12-10T06:20:45.548344Z  WARN ThreadId(01) docker_node: Node 75 port 20075 temporarily unreachable: failed to lookup address information: Temporary failure in name resolution
2025-12-10T06:20:45.550124Z  WARN ThreadId(01) docker_node: Node 76 port 20076 temporarily unreachable: failed to lookup address information: Temporary failure in name resolution
2025-12-10T06:20:45.551681Z  WARN ThreadId(01) docker_node: Node 77 port 20077 temporarily unreachable: failed to lookup address information: Temporary failure in name resolution
2025-12-10T06:20:45.553614Z  WARN ThreadId(01) docker_node: Node 78 port 20078 temporarily unreachable: failed to lookup address information: Temporary failure in name resolution
2025-12-10T06:20:45.555459Z  WARN ThreadId(01) docker_node: Node 79 port 20079 temporarily unreachable: failed to lookup address information: Temporary failure in name resolution
2025-12-10T06:20:50.416319Z  WARN ThreadId(03) docker_node:   Connection reuse ineffective (2.0 msg/conn)
2025-12-10T06:20:55.415591Z  WARN ThreadId(03) docker_node:   Connection reuse ineffective (2.0 msg/conn)
2025-12-10T06:21:00.416023Z  WARN ThreadId(03) docker_node:   Connection reuse ineffective (2.0 msg/conn)
2025-12-10T06:21:05.415727Z  WARN ThreadId(03) docker_node:   Connection reuse ineffective (2.0 msg/conn)
2025-12-10T06:21:10.162068Z  WARN ThreadId(20) hotstuff_runner::app: Node 0 [produce_block] queue size: 0, attempting up to 0 transactions this block    
2025-12-10T06:21:10.415680Z  WARN ThreadId(03) docker_node:   Connection reuse ineffective (2.0 msg/conn)
2025-12-10T06:21:15.415614Z  WARN ThreadId(05) docker_node:   Connection reuse ineffective (2.0 msg/conn)
2025-12-10T06:21:20.415937Z  WARN ThreadId(05) docker_node:   Connection reuse ineffective (2.0 msg/conn)
2025-12-10T06:21:25.415829Z  WARN ThreadId(05) docker_node:   Connection reuse ineffective (2.0 msg/conn)
2025-12-10T06:21:30.415803Z  WARN ThreadId(08) docker_node:   Connection reuse ineffective (2.0 msg/conn)
2025-12-10T06:21:35.415699Z  WARN ThreadId(08) docker_node:   Connection reuse ineffective (2.0 msg/conn)
2025-12-10T06:21:40.416072Z  WARN ThreadId(08) docker_node:   Connection reuse ineffective (2.0 msg/conn)
2025-12-10T06:21:45.415916Z  WARN ThreadId(05) docker_node:   Connection reuse ineffective (2.0 msg/conn)
2025-12-10T06:21:50.416153Z  WARN ThreadId(05) docker_node:   Connection reuse ineffective (2.0 msg/conn)
2025-12-10T06:21:55.021873Z  WARN ThreadId(20) hotstuff_runner::app: Node 0 [produce_block] queue size: 160, attempting up to 160 transactions this block    
2025-12-10T06:21:55.021987Z  WARN ThreadId(20) hotstuff_runner::app: Node 0 view(129) far exceeds block count (1); potential sync issue    
2025-12-10T06:21:55.416449Z  WARN ThreadId(05) docker_node:   Connection reuse ineffective (2.0 msg/conn)
2025-12-10T06:22:00.415802Z  WARN ThreadId(05) docker_node:   Connection reuse ineffective (2.0 msg/conn)
2025-12-10T06:22:05.415938Z  WARN ThreadId(05) docker_node:   Connection reuse ineffective (2.0 msg/conn)
2025-12-10T06:22:10.415450Z  WARN ThreadId(05) docker_node:   Connection reuse ineffective (2.0 msg/conn)
2025-12-10T06:22:15.416042Z  WARN ThreadId(08) docker_node:   Connection reuse ineffective (2.0 msg/conn)
