2025-12-05T15:02:40.894082Z  WARN ThreadId(01) docker_node: metrics exporter disabled by SMROL_DISABLE_METRICS
2025-12-05T15:03:01.109650Z  WARN ThreadId(01) hotstuff_runner::tcp_node: Node 0 view timeout set to 5000 ms
2025-12-05T15:03:01.118495Z ERROR ThreadId(22) hotstuff_runner::pompe_network: Node 0 failed to connect to node 2: Connection refused (os error 111)
2025-12-05T15:03:01.118876Z ERROR ThreadId(22) hotstuff_runner::pompe_network: Node 0 failed to connect to node 3: Connection refused (os error 111)
2025-12-05T15:03:01.119238Z ERROR ThreadId(22) hotstuff_runner::pompe_network: Node 0 failed to connect to node 4: Connection refused (os error 111)
2025-12-05T15:03:01.119576Z ERROR ThreadId(22) hotstuff_runner::pompe_network: Node 0 failed to connect to node 5: Connection refused (os error 111)
2025-12-05T15:03:01.136092Z  WARN ThreadId(01) hotstuff_runner::smrol::sequencing: SMROL_MEDIAN_INFLIGHT=24, SMROL_ORDER_FINALIZE_INFLIGHT=4, SMROL_FINAL_SIGN_INFLIGHT=4, SMROL_FINAL_VERIFY_INFLIGHT=24
2025-12-05T15:03:01.136145Z  WARN ThreadId(01) hotstuff_runner::smrol::sequencing: [Sequencing] Node 0 multi-signature verification disabled: false
2025-12-05T15:03:01.136764Z  WARN ThreadId(09) hotstuff_runner::smrol::sequencing: [Sequencing] Node 0 final verify dispatcher started
2025-12-05T15:03:01.137842Z  WARN ThreadId(02) docker_node:   Connection reuse ineffective (2.0 msg/conn)
2025-12-05T15:03:01.900494Z ERROR ThreadId(22) hotstuff_runner::pompe_network: Node 0 failed to connect to node 16: Connection refused (os error 111)
2025-12-05T15:03:02.085338Z ERROR ThreadId(22) hotstuff_runner::pompe_network: Node 0 failed to connect to node 17: Connection refused (os error 111)
2025-12-05T15:03:02.269488Z ERROR ThreadId(22) hotstuff_runner::pompe_network: Node 0 failed to connect to node 18: Connection refused (os error 111)
2025-12-05T15:03:02.453319Z ERROR ThreadId(22) hotstuff_runner::pompe_network: Node 0 failed to connect to node 19: Connection refused (os error 111)
2025-12-05T15:03:06.137660Z  WARN ThreadId(09) docker_node:   Connection reuse ineffective (2.0 msg/conn)
2025-12-05T15:03:06.140960Z  WARN ThreadId(01) docker_node: Node 0 port 20000 temporarily unreachable: failed to lookup address information: Temporary failure in name resolution
2025-12-05T15:03:06.143665Z  WARN ThreadId(01) docker_node: Node 1 port 20001 temporarily unreachable: failed to lookup address information: Temporary failure in name resolution
2025-12-05T15:03:06.146159Z  WARN ThreadId(01) docker_node: Node 2 port 20002 temporarily unreachable: failed to lookup address information: Temporary failure in name resolution
2025-12-05T15:03:06.148611Z  WARN ThreadId(01) docker_node: Node 3 port 20003 temporarily unreachable: failed to lookup address information: Temporary failure in name resolution
2025-12-05T15:03:06.150863Z  WARN ThreadId(01) docker_node: Node 4 port 20004 temporarily unreachable: failed to lookup address information: Temporary failure in name resolution
2025-12-05T15:03:06.152514Z  WARN ThreadId(01) docker_node: Node 5 port 20005 temporarily unreachable: failed to lookup address information: Temporary failure in name resolution
2025-12-05T15:03:06.154296Z  WARN ThreadId(01) docker_node: Node 6 port 20006 temporarily unreachable: failed to lookup address information: Temporary failure in name resolution
2025-12-05T15:03:06.156329Z  WARN ThreadId(01) docker_node: Node 7 port 20007 temporarily unreachable: failed to lookup address information: Temporary failure in name resolution
2025-12-05T15:03:06.160565Z  WARN ThreadId(01) docker_node: Node 8 port 20008 temporarily unreachable: failed to lookup address information: Temporary failure in name resolution
2025-12-05T15:03:06.162273Z  WARN ThreadId(01) docker_node: Node 9 port 20009 temporarily unreachable: failed to lookup address information: Temporary failure in name resolution
2025-12-05T15:03:06.164004Z  WARN ThreadId(01) docker_node: Node 10 port 20010 temporarily unreachable: failed to lookup address information: Temporary failure in name resolution
2025-12-05T15:03:06.171682Z  WARN ThreadId(01) docker_node: Node 11 port 20011 temporarily unreachable: failed to lookup address information: Temporary failure in name resolution
2025-12-05T15:03:06.173518Z  WARN ThreadId(01) docker_node: Node 12 port 20012 temporarily unreachable: failed to lookup address information: Temporary failure in name resolution
2025-12-05T15:03:06.175396Z  WARN ThreadId(01) docker_node: Node 13 port 20013 temporarily unreachable: failed to lookup address information: Temporary failure in name resolution
2025-12-05T15:03:06.177335Z  WARN ThreadId(01) docker_node: Node 14 port 20014 temporarily unreachable: failed to lookup address information: Temporary failure in name resolution
2025-12-05T15:03:06.179042Z  WARN ThreadId(01) docker_node: Node 15 port 20015 temporarily unreachable: failed to lookup address information: Temporary failure in name resolution
2025-12-05T15:03:06.180627Z  WARN ThreadId(01) docker_node: Node 16 port 20016 temporarily unreachable: failed to lookup address information: Temporary failure in name resolution
2025-12-05T15:03:06.182432Z  WARN ThreadId(01) docker_node: Node 17 port 20017 temporarily unreachable: failed to lookup address information: Temporary failure in name resolution
2025-12-05T15:03:06.184322Z  WARN ThreadId(01) docker_node: Node 18 port 20018 temporarily unreachable: failed to lookup address information: Temporary failure in name resolution
2025-12-05T15:03:06.187128Z  WARN ThreadId(01) docker_node: Node 19 port 20019 temporarily unreachable: failed to lookup address information: Temporary failure in name resolution
2025-12-05T15:03:06.189132Z  WARN ThreadId(01) docker_node: Node 20 port 20020 temporarily unreachable: failed to lookup address information: Temporary failure in name resolution
2025-12-05T15:03:06.190974Z  WARN ThreadId(01) docker_node: Node 21 port 20021 temporarily unreachable: failed to lookup address information: Temporary failure in name resolution
2025-12-05T15:03:06.197038Z  WARN ThreadId(01) docker_node: Node 22 port 20022 temporarily unreachable: failed to lookup address information: Temporary failure in name resolution
2025-12-05T15:03:06.199213Z  WARN ThreadId(01) docker_node: Node 23 port 20023 temporarily unreachable: failed to lookup address information: Temporary failure in name resolution
2025-12-05T15:03:06.200914Z  WARN ThreadId(01) docker_node: Node 24 port 20024 temporarily unreachable: failed to lookup address information: Temporary failure in name resolution
2025-12-05T15:03:06.202500Z  WARN ThreadId(01) docker_node: Node 25 port 20025 temporarily unreachable: failed to lookup address information: Temporary failure in name resolution
2025-12-05T15:03:06.204254Z  WARN ThreadId(01) docker_node: Node 26 port 20026 temporarily unreachable: failed to lookup address information: Temporary failure in name resolution
2025-12-05T15:03:06.205928Z  WARN ThreadId(01) docker_node: Node 27 port 20027 temporarily unreachable: failed to lookup address information: Temporary failure in name resolution
2025-12-05T15:03:06.207679Z  WARN ThreadId(01) docker_node: Node 28 port 20028 temporarily unreachable: failed to lookup address information: Temporary failure in name resolution
2025-12-05T15:03:06.209526Z  WARN ThreadId(01) docker_node: Node 29 port 20029 temporarily unreachable: failed to lookup address information: Temporary failure in name resolution
2025-12-05T15:03:06.211209Z  WARN ThreadId(01) docker_node: Node 30 port 20030 temporarily unreachable: failed to lookup address information: Temporary failure in name resolution
2025-12-05T15:03:06.212951Z  WARN ThreadId(01) docker_node: Node 31 port 20031 temporarily unreachable: failed to lookup address information: Temporary failure in name resolution
2025-12-05T15:03:06.214643Z  WARN ThreadId(01) docker_node: Node 32 port 20032 temporarily unreachable: failed to lookup address information: Temporary failure in name resolution
2025-12-05T15:03:06.216267Z  WARN ThreadId(01) docker_node: Node 33 port 20033 temporarily unreachable: failed to lookup address information: Temporary failure in name resolution
2025-12-05T15:03:06.217831Z  WARN ThreadId(01) docker_node: Node 34 port 20034 temporarily unreachable: failed to lookup address information: Temporary failure in name resolution
2025-12-05T15:03:06.219558Z  WARN ThreadId(01) docker_node: Node 35 port 20035 temporarily unreachable: failed to lookup address information: Temporary failure in name resolution
2025-12-05T15:03:06.221222Z  WARN ThreadId(01) docker_node: Node 36 port 20036 temporarily unreachable: failed to lookup address information: Temporary failure in name resolution
2025-12-05T15:03:06.222903Z  WARN ThreadId(01) docker_node: Node 37 port 20037 temporarily unreachable: failed to lookup address information: Temporary failure in name resolution
2025-12-05T15:03:06.224575Z  WARN ThreadId(01) docker_node: Node 38 port 20038 temporarily unreachable: failed to lookup address information: Temporary failure in name resolution
2025-12-05T15:03:06.231575Z  WARN ThreadId(01) docker_node: Node 39 port 20039 temporarily unreachable: failed to lookup address information: Temporary failure in name resolution
2025-12-05T15:03:06.233479Z  WARN ThreadId(01) docker_node: Node 40 port 20040 temporarily unreachable: failed to lookup address information: Temporary failure in name resolution
2025-12-05T15:03:06.235408Z  WARN ThreadId(01) docker_node: Node 41 port 20041 temporarily unreachable: failed to lookup address information: Temporary failure in name resolution
2025-12-05T15:03:06.237017Z  WARN ThreadId(01) docker_node: Node 42 port 20042 temporarily unreachable: failed to lookup address information: Temporary failure in name resolution
2025-12-05T15:03:06.238831Z  WARN ThreadId(01) docker_node: Node 43 port 20043 temporarily unreachable: failed to lookup address information: Temporary failure in name resolution
2025-12-05T15:03:06.240448Z  WARN ThreadId(01) docker_node: Node 44 port 20044 temporarily unreachable: failed to lookup address information: Temporary failure in name resolution
2025-12-05T15:03:06.241988Z  WARN ThreadId(01) docker_node: Node 45 port 20045 temporarily unreachable: failed to lookup address information: Temporary failure in name resolution
2025-12-05T15:03:06.243798Z  WARN ThreadId(01) docker_node: Node 46 port 20046 temporarily unreachable: failed to lookup address information: Temporary failure in name resolution
2025-12-05T15:03:06.245727Z  WARN ThreadId(01) docker_node: Node 47 port 20047 temporarily unreachable: failed to lookup address information: Temporary failure in name resolution
2025-12-05T15:03:06.247395Z  WARN ThreadId(01) docker_node: Node 48 port 20048 temporarily unreachable: failed to lookup address information: Temporary failure in name resolution
2025-12-05T15:03:06.249129Z  WARN ThreadId(01) docker_node: Node 49 port 20049 temporarily unreachable: failed to lookup address information: Temporary failure in name resolution
2025-12-05T15:03:06.250835Z  WARN ThreadId(01) docker_node: Node 50 port 20050 temporarily unreachable: failed to lookup address information: Temporary failure in name resolution
2025-12-05T15:03:06.252512Z  WARN ThreadId(01) docker_node: Node 51 port 20051 temporarily unreachable: failed to lookup address information: Temporary failure in name resolution
2025-12-05T15:03:06.254228Z  WARN ThreadId(01) docker_node: Node 52 port 20052 temporarily unreachable: failed to lookup address information: Temporary failure in name resolution
2025-12-05T15:03:06.255812Z  WARN ThreadId(01) docker_node: Node 53 port 20053 temporarily unreachable: failed to lookup address information: Temporary failure in name resolution
2025-12-05T15:03:06.257534Z  WARN ThreadId(01) docker_node: Node 54 port 20054 temporarily unreachable: failed to lookup address information: Temporary failure in name resolution
2025-12-05T15:03:06.259171Z  WARN ThreadId(01) docker_node: Node 55 port 20055 temporarily unreachable: failed to lookup address information: Temporary failure in name resolution
2025-12-05T15:03:06.260787Z  WARN ThreadId(01) docker_node: Node 56 port 20056 temporarily unreachable: failed to lookup address information: Temporary failure in name resolution
2025-12-05T15:03:06.262534Z  WARN ThreadId(01) docker_node: Node 57 port 20057 temporarily unreachable: failed to lookup address information: Temporary failure in name resolution
2025-12-05T15:03:06.264098Z  WARN ThreadId(01) docker_node: Node 58 port 20058 temporarily unreachable: failed to lookup address information: Temporary failure in name resolution
2025-12-05T15:03:06.265863Z  WARN ThreadId(01) docker_node: Node 59 port 20059 temporarily unreachable: failed to lookup address information: Temporary failure in name resolution
2025-12-05T15:03:06.267483Z  WARN ThreadId(01) docker_node: Node 60 port 20060 temporarily unreachable: failed to lookup address information: Temporary failure in name resolution
2025-12-05T15:03:06.269019Z  WARN ThreadId(01) docker_node: Node 61 port 20061 temporarily unreachable: failed to lookup address information: Temporary failure in name resolution
2025-12-05T15:03:06.270930Z  WARN ThreadId(01) docker_node: Node 62 port 20062 temporarily unreachable: failed to lookup address information: Temporary failure in name resolution
2025-12-05T15:03:06.272645Z  WARN ThreadId(01) docker_node: Node 63 port 20063 temporarily unreachable: failed to lookup address information: Temporary failure in name resolution
2025-12-05T15:03:11.137949Z  WARN ThreadId(03) docker_node:   Connection reuse ineffective (2.0 msg/conn)
2025-12-05T15:03:16.137939Z  WARN ThreadId(03) docker_node:   Connection reuse ineffective (2.0 msg/conn)
2025-12-05T15:03:20.682130Z  WARN ThreadId(20) hotstuff_runner::app: Node 0 [produce_block] queue size: 0, attempting up to 0 transactions this block    
2025-12-05T15:03:21.138177Z  WARN ThreadId(03) docker_node:   Connection reuse ineffective (2.0 msg/conn)
2025-12-05T15:03:26.138215Z  WARN ThreadId(03) docker_node:   Connection reuse ineffective (2.0 msg/conn)
2025-12-05T15:03:31.137799Z  WARN ThreadId(03) docker_node:   Connection reuse ineffective (2.0 msg/conn)
2025-12-05T15:03:35.265583Z  WARN ThreadId(25) hotstuff_runner::smrol::network: ⚠️ Large message: 12000169 bytes to node Some(33)
2025-12-05T15:03:35.272526Z  WARN ThreadId(25) hotstuff_runner::smrol::network: ⚠️ Large message: 12000168 bytes to node Some(2)
2025-12-05T15:03:35.279341Z  WARN ThreadId(25) hotstuff_runner::smrol::network: ⚠️ Large message: 12000169 bytes to node Some(26)
2025-12-05T15:03:35.286295Z  WARN ThreadId(25) hotstuff_runner::smrol::network: ⚠️ Large message: 12000169 bytes to node Some(27)
2025-12-05T15:03:35.293070Z  WARN ThreadId(25) hotstuff_runner::smrol::network: ⚠️ Large message: 12000169 bytes to node Some(35)
2025-12-05T15:03:35.300028Z  WARN ThreadId(25) hotstuff_runner::smrol::network: ⚠️ Large message: 12000168 bytes to node Some(6)
2025-12-05T15:03:35.306906Z  WARN ThreadId(25) hotstuff_runner::smrol::network: ⚠️ Large message: 12000169 bytes to node Some(30)
2025-12-05T15:03:35.313890Z  WARN ThreadId(25) hotstuff_runner::smrol::network: ⚠️ Large message: 12000169 bytes to node Some(10)
2025-12-05T15:03:35.320998Z  WARN ThreadId(25) hotstuff_runner::smrol::network: ⚠️ Large message: 12000169 bytes to node Some(15)
2025-12-05T15:03:35.328127Z  WARN ThreadId(25) hotstuff_runner::smrol::network: ⚠️ Large message: 12000168 bytes to node Some(3)
2025-12-05T15:03:35.335165Z  WARN ThreadId(25) hotstuff_runner::smrol::network: ⚠️ Large message: 12000169 bytes to node Some(20)
2025-12-05T15:03:35.342141Z  WARN ThreadId(25) hotstuff_runner::smrol::network: ⚠️ Large message: 12000169 bytes to node Some(50)
2025-12-05T15:03:35.348260Z  WARN ThreadId(21) hotstuff_runner::tcp_node: Detected transaction backlog: submit rate (7.6) > confirm rate (0.0)
2025-12-05T15:03:35.349019Z  WARN ThreadId(25) hotstuff_runner::smrol::network: ⚠️ Large message: 12000169 bytes to node Some(14)
2025-12-05T15:03:35.356253Z  WARN ThreadId(25) hotstuff_runner::smrol::network: ⚠️ Large message: 12000168 bytes to node Some(4)
2025-12-05T15:03:35.363231Z  WARN ThreadId(25) hotstuff_runner::smrol::network: ⚠️ Large message: 12000169 bytes to node Some(63)
2025-12-05T15:03:35.370190Z  WARN ThreadId(25) hotstuff_runner::smrol::network: ⚠️ Large message: 12000169 bytes to node Some(39)
2025-12-05T15:03:35.376968Z  WARN ThreadId(25) hotstuff_runner::smrol::network: ⚠️ Large message: 12000169 bytes to node Some(18)
2025-12-05T15:03:35.383928Z  WARN ThreadId(25) hotstuff_runner::smrol::network: ⚠️ Large message: 12000169 bytes to node Some(54)
2025-12-05T15:03:35.390831Z  WARN ThreadId(25) hotstuff_runner::smrol::network: ⚠️ Large message: 12000169 bytes to node Some(49)
2025-12-05T15:03:35.397753Z  WARN ThreadId(25) hotstuff_runner::smrol::network: ⚠️ Large message: 12000169 bytes to node Some(53)
2025-12-05T15:03:35.404846Z  WARN ThreadId(25) hotstuff_runner::smrol::network: ⚠️ Large message: 12000169 bytes to node Some(40)
2025-12-05T15:03:35.411777Z  WARN ThreadId(25) hotstuff_runner::smrol::network: ⚠️ Large message: 12000169 bytes to node Some(37)
2025-12-05T15:03:35.418915Z  WARN ThreadId(25) hotstuff_runner::smrol::network: ⚠️ Large message: 12000169 bytes to node Some(61)
2025-12-05T15:03:35.425947Z  WARN ThreadId(25) hotstuff_runner::smrol::network: ⚠️ Large message: 12000169 bytes to node Some(32)
2025-12-05T15:03:35.432972Z  WARN ThreadId(25) hotstuff_runner::smrol::network: ⚠️ Large message: 12000169 bytes to node Some(11)
2025-12-05T15:03:35.439995Z  WARN ThreadId(25) hotstuff_runner::smrol::network: ⚠️ Large message: 12000168 bytes to node Some(1)
2025-12-05T15:03:35.446958Z  WARN ThreadId(25) hotstuff_runner::smrol::network: ⚠️ Large message: 12000169 bytes to node Some(60)
2025-12-05T15:03:35.453837Z  WARN ThreadId(25) hotstuff_runner::smrol::network: ⚠️ Large message: 12000169 bytes to node Some(38)
2025-12-05T15:03:35.460819Z  WARN ThreadId(25) hotstuff_runner::smrol::network: ⚠️ Large message: 12000169 bytes to node Some(48)
2025-12-05T15:03:35.467737Z  WARN ThreadId(25) hotstuff_runner::smrol::network: ⚠️ Large message: 12000168 bytes to node Some(8)
2025-12-05T15:03:35.474650Z  WARN ThreadId(25) hotstuff_runner::smrol::network: ⚠️ Large message: 12000169 bytes to node Some(46)
2025-12-05T15:03:35.481597Z  WARN ThreadId(25) hotstuff_runner::smrol::network: ⚠️ Large message: 12000169 bytes to node Some(28)
2025-12-05T15:03:35.488554Z  WARN ThreadId(25) hotstuff_runner::smrol::network: ⚠️ Large message: 12000169 bytes to node Some(57)
2025-12-05T15:03:35.495351Z  WARN ThreadId(25) hotstuff_runner::smrol::network: ⚠️ Large message: 12000169 bytes to node Some(55)
2025-12-05T15:03:35.502429Z  WARN ThreadId(25) hotstuff_runner::smrol::network: ⚠️ Large message: 12000169 bytes to node Some(62)
2025-12-05T15:03:35.510553Z  WARN ThreadId(25) hotstuff_runner::smrol::network: ⚠️ Large message: 12000169 bytes to node Some(43)
2025-12-05T15:03:35.519402Z  WARN ThreadId(25) hotstuff_runner::smrol::network: ⚠️ Large message: 12000169 bytes to node Some(23)
2025-12-05T15:03:35.527195Z  WARN ThreadId(25) hotstuff_runner::smrol::network: ⚠️ Large message: 12000169 bytes to node Some(44)
2025-12-05T15:03:35.534029Z  WARN ThreadId(25) hotstuff_runner::smrol::network: ⚠️ Large message: 12000169 bytes to node Some(17)
2025-12-05T15:03:35.541033Z  WARN ThreadId(25) hotstuff_runner::smrol::network: ⚠️ Large message: 12000169 bytes to node Some(42)
2025-12-05T15:03:35.547969Z  WARN ThreadId(25) hotstuff_runner::smrol::network: ⚠️ Large message: 12000169 bytes to node Some(45)
2025-12-05T15:03:35.554906Z  WARN ThreadId(25) hotstuff_runner::smrol::network: ⚠️ Large message: 12000169 bytes to node Some(56)
2025-12-05T15:03:35.561788Z  WARN ThreadId(25) hotstuff_runner::smrol::network: ⚠️ Large message: 12000169 bytes to node Some(24)
2025-12-05T15:03:35.568917Z  WARN ThreadId(25) hotstuff_runner::smrol::network: ⚠️ Large message: 12000169 bytes to node Some(25)
2025-12-05T15:03:35.575740Z  WARN ThreadId(25) hotstuff_runner::smrol::network: ⚠️ Large message: 12000169 bytes to node Some(41)
2025-12-05T15:03:35.582610Z  WARN ThreadId(25) hotstuff_runner::smrol::network: ⚠️ Large message: 12000169 bytes to node Some(34)
2025-12-05T15:03:35.589501Z  WARN ThreadId(25) hotstuff_runner::smrol::network: ⚠️ Large message: 12000168 bytes to node Some(9)
2025-12-05T15:03:35.596303Z  WARN ThreadId(25) hotstuff_runner::smrol::network: ⚠️ Large message: 12000169 bytes to node Some(58)
2025-12-05T15:03:35.603294Z  WARN ThreadId(25) hotstuff_runner::smrol::network: ⚠️ Large message: 12000169 bytes to node Some(51)
2025-12-05T15:03:35.610253Z  WARN ThreadId(25) hotstuff_runner::smrol::network: ⚠️ Large message: 12000169 bytes to node Some(36)
2025-12-05T15:03:35.617107Z  WARN ThreadId(25) hotstuff_runner::smrol::network: ⚠️ Large message: 12000168 bytes to node Some(7)
2025-12-05T15:03:35.624190Z  WARN ThreadId(25) hotstuff_runner::smrol::network: ⚠️ Large message: 12000168 bytes to node Some(5)
2025-12-05T15:03:35.631203Z  WARN ThreadId(25) hotstuff_runner::smrol::network: ⚠️ Large message: 12000169 bytes to node Some(12)
2025-12-05T15:03:35.638147Z  WARN ThreadId(25) hotstuff_runner::smrol::network: ⚠️ Large message: 12000169 bytes to node Some(31)
2025-12-05T15:03:35.638276Z  WARN ThreadId(25) hotstuff_runner::smrol::network: ⚠️ [SMROL] writer task 0 -> 42 failed: Failed to write message: Broken pipe (os error 32)
2025-12-05T15:03:35.641064Z  WARN ThreadId(25) hotstuff_runner::smrol::network: ⚠️ Large message: 12000169 bytes to node Some(21)
2025-12-05T15:03:35.641168Z  WARN ThreadId(25) hotstuff_runner::smrol::network: ⚠️ [SMROL] writer task 0 -> 2 failed: Failed to write message: Broken pipe (os error 32)
2025-12-05T15:03:35.641213Z  WARN ThreadId(25) hotstuff_runner::smrol::network: ⚠️ [SMROL] writer task 0 -> 3 failed: Failed to write message: Connection reset by peer (os error 104)
2025-12-05T15:03:35.642070Z  WARN ThreadId(25) hotstuff_runner::smrol::network: ⚠️ [SMROL] writer task 0 -> 4 failed: Failed to write message: Connection reset by peer (os error 104)
2025-12-05T15:03:35.642130Z  WARN ThreadId(25) hotstuff_runner::smrol::network: ⚠️ [SMROL] writer task 0 -> 6 failed: Failed to write message: Connection reset by peer (os error 104)
2025-12-05T15:03:35.642180Z  WARN ThreadId(25) hotstuff_runner::smrol::network: ⚠️ [SMROL] writer task 0 -> 10 failed: Failed to write message: Connection reset by peer (os error 104)
2025-12-05T15:03:35.642222Z  WARN ThreadId(25) hotstuff_runner::smrol::network: ⚠️ [SMROL] writer task 0 -> 15 failed: Failed to write message: Broken pipe (os error 32)
2025-12-05T15:03:35.642262Z  WARN ThreadId(25) hotstuff_runner::smrol::network: ⚠️ [SMROL] writer task 0 -> 39 failed: Failed to write message: Connection reset by peer (os error 104)
2025-12-05T15:03:35.642296Z  WARN ThreadId(25) hotstuff_runner::smrol::network: ⚠️ [SMROL] writer task 0 -> 14 failed: Failed to write message: Broken pipe (os error 32)
2025-12-05T15:03:35.642333Z  WARN ThreadId(25) hotstuff_runner::smrol::network: ⚠️ [SMROL] writer task 0 -> 50 failed: Failed to write message: Connection reset by peer (os error 104)
2025-12-05T15:03:35.642366Z  WARN ThreadId(25) hotstuff_runner::smrol::network: ⚠️ [SMROL] writer task 0 -> 40 failed: Failed to write message: Broken pipe (os error 32)
2025-12-05T15:03:35.642423Z  WARN ThreadId(25) hotstuff_runner::smrol::network: ⚠️ [SMROL] writer task 0 -> 33 failed: Failed to write message: Connection reset by peer (os error 104)
2025-12-05T15:03:35.642466Z  WARN ThreadId(25) hotstuff_runner::smrol::network: ⚠️ [SMROL] writer task 0 -> 37 failed: Failed to write message: Broken pipe (os error 32)
2025-12-05T15:03:35.642507Z  WARN ThreadId(25) hotstuff_runner::smrol::network: ⚠️ [SMROL] writer task 0 -> 1 failed: Failed to write message: Connection reset by peer (os error 104)
2025-12-05T15:03:35.643348Z  WARN ThreadId(25) hotstuff_runner::smrol::network: ⚠️ [SMROL] writer task 0 -> 35 failed: Failed to write message: Broken pipe (os error 32)
2025-12-05T15:03:35.643405Z  WARN ThreadId(25) hotstuff_runner::smrol::network: ⚠️ [SMROL] writer task 0 -> 54 failed: Failed to write message: Connection reset by peer (os error 104)
2025-12-05T15:03:35.643460Z  WARN ThreadId(25) hotstuff_runner::smrol::network: ⚠️ [SMROL] writer task 0 -> 49 failed: Failed to write message: Connection reset by peer (os error 104)
2025-12-05T15:03:35.643505Z  WARN ThreadId(25) hotstuff_runner::smrol::network: ⚠️ [SMROL] writer task 0 -> 38 failed: Failed to write message: Broken pipe (os error 32)
2025-12-05T15:03:35.643549Z  WARN ThreadId(25) hotstuff_runner::smrol::network: ⚠️ [SMROL] writer task 0 -> 53 failed: Failed to write message: Broken pipe (os error 32)
2025-12-05T15:03:35.643590Z  WARN ThreadId(25) hotstuff_runner::smrol::network: ⚠️ [SMROL] writer task 0 -> 63 failed: Failed to write message: Broken pipe (os error 32)
2025-12-05T15:03:35.643631Z  WARN ThreadId(25) hotstuff_runner::smrol::network: ⚠️ [SMROL] writer task 0 -> 26 failed: Failed to write message: Connection reset by peer (os error 104)
2025-12-05T15:03:35.643667Z  WARN ThreadId(25) hotstuff_runner::smrol::network: ⚠️ [SMROL] writer task 0 -> 27 failed: Failed to write message: Broken pipe (os error 32)
2025-12-05T15:03:35.644953Z  WARN ThreadId(24) hotstuff_runner::smrol::network: ⚠️ Large message: 12000169 bytes to node Some(29)
2025-12-05T15:03:35.645329Z  WARN ThreadId(25) hotstuff_runner::smrol::network: ⚠️ Large message: 12000169 bytes to node Some(19)
2025-12-05T15:03:35.645495Z  WARN ThreadId(25) hotstuff_runner::smrol::network: ⚠️ [SMROL] writer task 0 -> 11 failed: Failed to write message: Connection reset by peer (os error 104)
2025-12-05T15:03:35.645537Z  WARN ThreadId(25) hotstuff_runner::smrol::network: ⚠️ [SMROL] writer task 0 -> 30 failed: Failed to write message: Connection reset by peer (os error 104)
2025-12-05T15:03:35.645558Z  WARN ThreadId(25) hotstuff_runner::smrol::network: ⚠️ [SMROL] writer task 0 -> 20 failed: Failed to write message: Connection reset by peer (os error 104)
2025-12-05T15:03:35.645586Z  WARN ThreadId(25) hotstuff_runner::smrol::network: ⚠️ [SMROL] writer task 0 -> 8 failed: Failed to write message: Connection reset by peer (os error 104)
2025-12-05T15:03:35.645614Z  WARN ThreadId(25) hotstuff_runner::smrol::network: ⚠️ [SMROL] writer task 0 -> 48 failed: Failed to write message: Broken pipe (os error 32)
2025-12-05T15:03:35.645639Z  WARN ThreadId(25) hotstuff_runner::smrol::network: ⚠️ [SMROL] writer task 0 -> 61 failed: Failed to write message: Connection reset by peer (os error 104)
2025-12-05T15:03:35.645662Z  WARN ThreadId(25) hotstuff_runner::smrol::network: ⚠️ [SMROL] writer task 0 -> 46 failed: Failed to write message: Connection reset by peer (os error 104)
2025-12-05T15:03:35.645683Z  WARN ThreadId(25) hotstuff_runner::smrol::network: ⚠️ [SMROL] writer task 0 -> 18 failed: Failed to write message: Connection reset by peer (os error 104)
2025-12-05T15:03:35.645724Z  WARN ThreadId(25) hotstuff_runner::smrol::network: ⚠️ [SMROL] writer task 0 -> 60 failed: Failed to write message: Connection reset by peer (os error 104)
2025-12-05T15:03:35.645751Z  WARN ThreadId(25) hotstuff_runner::smrol::network: ⚠️ [SMROL] writer task 0 -> 57 failed: Failed to write message: Broken pipe (os error 32)
2025-12-05T15:03:35.645775Z  WARN ThreadId(25) hotstuff_runner::smrol::network: ⚠️ [SMROL] writer task 0 -> 55 failed: Failed to write message: Broken pipe (os error 32)
2025-12-05T15:03:35.645801Z  WARN ThreadId(25) hotstuff_runner::smrol::network: ⚠️ [SMROL] writer task 0 -> 32 failed: Failed to write message: Broken pipe (os error 32)
2025-12-05T15:03:35.645826Z  WARN ThreadId(25) hotstuff_runner::smrol::network: ⚠️ [SMROL] writer task 0 -> 43 failed: Failed to write message: Broken pipe (os error 32)
2025-12-05T15:03:35.645848Z  WARN ThreadId(25) hotstuff_runner::smrol::network: ⚠️ [SMROL] writer task 0 -> 62 failed: Failed to write message: Broken pipe (os error 32)
2025-12-05T15:03:35.645870Z  WARN ThreadId(25) hotstuff_runner::smrol::network: ⚠️ [SMROL] writer task 0 -> 44 failed: Failed to write message: Connection reset by peer (os error 104)
2025-12-05T15:03:35.645925Z  WARN ThreadId(25) hotstuff_runner::smrol::network: ⚠️ [SMROL] writer task 0 -> 36 failed: Failed to write message: Connection reset by peer (os error 104)
2025-12-05T15:03:35.645956Z  WARN ThreadId(25) hotstuff_runner::smrol::network: ⚠️ [SMROL] writer task 0 -> 56 failed: Failed to write message: Connection reset by peer (os error 104)
2025-12-05T15:03:35.646502Z  WARN ThreadId(24) hotstuff_runner::smrol::network: ⚠️ Large message: 12000169 bytes to node Some(16)
2025-12-05T15:03:35.647738Z  WARN ThreadId(25) hotstuff_runner::smrol::network: ⚠️ Large message: 12000169 bytes to node Some(22)
2025-12-05T15:03:35.648247Z  WARN ThreadId(24) hotstuff_runner::smrol::network: ⚠️ Large message: 12000169 bytes to node Some(52)
2025-12-05T15:03:35.649365Z  WARN ThreadId(25) hotstuff_runner::smrol::network: ⚠️ Large message: 12000169 bytes to node Some(47)
2025-12-05T15:03:35.650097Z  WARN ThreadId(24) hotstuff_runner::smrol::network: ⚠️ Large message: 12000169 bytes to node Some(13)
2025-12-05T15:03:35.650210Z  WARN ThreadId(24) hotstuff_runner::smrol::network: ⚠️ [SMROL] writer task 0 -> 9 failed: Failed to write message: Connection reset by peer (os error 104)
2025-12-05T15:03:35.650249Z  WARN ThreadId(24) hotstuff_runner::smrol::network: ⚠️ [SMROL] writer task 0 -> 45 failed: Failed to write message: Connection reset by peer (os error 104)
2025-12-05T15:03:35.650828Z  WARN ThreadId(25) hotstuff_runner::smrol::network: ⚠️ Large message: 12000169 bytes to node Some(59)
2025-12-05T15:03:35.667121Z  WARN ThreadId(25) hotstuff_runner::smrol::network: ⚠️ [SMROL] writer task 0 -> 41 failed: Failed to write message: Connection reset by peer (os error 104)
2025-12-05T15:03:35.670809Z  WARN ThreadId(25) hotstuff_runner::smrol::network: ⚠️ [SMROL] writer task 0 -> 51 failed: Failed to write message: Connection reset by peer (os error 104)
2025-12-05T15:03:35.677064Z  WARN ThreadId(24) hotstuff_runner::smrol::network: ⚠️ [SMROL] writer task 0 -> 7 failed: Failed to write message: Connection reset by peer (os error 104)
2025-12-05T15:03:35.679756Z  WARN ThreadId(24) hotstuff_runner::smrol::network: ⚠️ [SMROL] writer task 0 -> 28 failed: Failed to write message: Broken pipe (os error 32)
2025-12-05T15:03:35.689567Z  WARN ThreadId(24) hotstuff_runner::smrol::network: ⚠️ [SMROL] writer task 0 -> 12 failed: Failed to write message: Connection reset by peer (os error 104)
2025-12-05T15:03:35.708455Z  WARN ThreadId(24) hotstuff_runner::smrol::network: ⚠️ [SMROL] writer task 0 -> 13 failed: Failed to write message: Broken pipe (os error 32)
2025-12-05T15:03:35.709602Z  WARN ThreadId(24) hotstuff_runner::smrol::network: ⚠️ [SMROL] writer task 0 -> 58 failed: Failed to write message: Connection reset by peer (os error 104)
2025-12-05T15:03:35.717733Z  WARN ThreadId(25) hotstuff_runner::smrol::network: ⚠️ [SMROL] writer task 0 -> 47 failed: Failed to write message: Broken pipe (os error 32)
2025-12-05T15:03:35.718219Z  WARN ThreadId(25) hotstuff_runner::smrol::network: ⚠️ [SMROL] writer task 0 -> 17 failed: Failed to write message: Connection reset by peer (os error 104)
2025-12-05T15:03:35.724073Z  WARN ThreadId(24) hotstuff_runner::smrol::network: ⚠️ [SMROL] writer task 0 -> 52 failed: Failed to write message: Connection reset by peer (os error 104)
2025-12-05T15:03:35.725947Z  WARN ThreadId(25) hotstuff_runner::smrol::network: ⚠️ [SMROL] inbound handler error: Message too large: 12000168 bytes
2025-12-05T15:03:35.728179Z  WARN ThreadId(24) hotstuff_runner::smrol::network: ⚠️ [SMROL] writer task 0 -> 34 failed: Failed to write message: Broken pipe (os error 32)
2025-12-05T15:03:35.729073Z  WARN ThreadId(24) hotstuff_runner::smrol::network: ⚠️ [SMROL] writer task 0 -> 23 failed: Failed to write message: Broken pipe (os error 32)
2025-12-05T15:03:35.762368Z  WARN ThreadId(25) hotstuff_runner::smrol::network: ⚠️ [SMROL] writer task 0 -> 59 failed: Failed to write message: Connection reset by peer (os error 104)
2025-12-05T15:03:35.764037Z  WARN ThreadId(24) hotstuff_runner::smrol::network: ⚠️ [SMROL] writer task 0 -> 5 failed: Failed to write message: Connection reset by peer (os error 104)
2025-12-05T15:03:35.774582Z  WARN ThreadId(24) hotstuff_runner::smrol::network: ⚠️ [SMROL] writer task 0 -> 24 failed: Failed to write message: Connection reset by peer (os error 104)
2025-12-05T15:03:35.788229Z  WARN ThreadId(24) hotstuff_runner::smrol::network: ⚠️ [SMROL] writer task 0 -> 25 failed: Failed to write message: Connection reset by peer (os error 104)
2025-12-05T15:03:35.788279Z  WARN ThreadId(25) hotstuff_runner::smrol::network: ⚠️ [SMROL] writer task 0 -> 31 failed: Failed to write message: Broken pipe (os error 32)
2025-12-05T15:03:35.828926Z  WARN ThreadId(25) hotstuff_runner::smrol::network: ⚠️ [SMROL] writer task 0 -> 19 failed: Failed to write message: Broken pipe (os error 32)
2025-12-05T15:03:35.830014Z  WARN ThreadId(25) hotstuff_runner::smrol::network: ⚠️ [SMROL] writer task 0 -> 16 failed: Failed to write message: Connection reset by peer (os error 104)
2025-12-05T15:03:35.845445Z  WARN ThreadId(25) hotstuff_runner::smrol::network: ⚠️ [SMROL] writer task 0 -> 29 failed: Failed to write message: Connection reset by peer (os error 104)
2025-12-05T15:03:35.848932Z  WARN ThreadId(25) hotstuff_runner::smrol::network: ⚠️ [SMROL] writer task 0 -> 21 failed: Failed to write message: Connection reset by peer (os error 104)
2025-12-05T15:03:35.854815Z  WARN ThreadId(25) hotstuff_runner::smrol::network: ⚠️ [SMROL] writer task 0 -> 22 failed: Failed to write message: Broken pipe (os error 32)
2025-12-05T15:03:36.138165Z  WARN ThreadId(06) docker_node:   Connection reuse ineffective (2.0 msg/conn)
2025-12-05T15:03:36.654841Z  WARN ThreadId(03) hotstuff_runner::tx_utils: [synthetic-tx] capped equivalent count 140352 -> 100000 for tx 5
2025-12-05T15:03:36.697178Z  WARN ThreadId(03) hotstuff_runner::tx_utils: [synthetic-tx] capped equivalent count 175440 -> 100000 for tx 2
2025-12-05T15:03:36.740972Z  WARN ThreadId(03) hotstuff_runner::tx_utils: [synthetic-tx] capped equivalent count 140352 -> 100000 for tx 4
2025-12-05T15:03:36.782899Z  WARN ThreadId(03) hotstuff_runner::tx_utils: [synthetic-tx] capped equivalent count 175440 -> 100000 for tx 6
2025-12-05T15:03:37.316791Z  WARN ThreadId(02) hotstuff_runner::tx_utils: [synthetic-tx] capped equivalent count 140352 -> 100000 for tx 7
2025-12-05T15:03:37.761193Z  WARN ThreadId(02) hotstuff_runner::tx_utils: [synthetic-tx] capped equivalent count 140352 -> 100000 for tx 8
2025-12-05T15:03:38.294447Z  WARN ThreadId(02) hotstuff_runner::tx_utils: [synthetic-tx] capped equivalent count 140352 -> 100000 for tx 9
2025-12-05T15:03:38.853243Z  WARN ThreadId(09) hotstuff_runner::tx_utils: [synthetic-tx] capped equivalent count 140352 -> 100000 for tx 10
2025-12-05T15:03:39.613460Z  WARN ThreadId(02) hotstuff_runner::tx_utils: [synthetic-tx] capped equivalent count 175440 -> 100000 for tx 11
2025-12-05T15:03:40.159832Z  WARN ThreadId(06) hotstuff_runner::tx_utils: [synthetic-tx] capped equivalent count 140352 -> 100000 for tx 12
2025-12-05T15:03:40.613120Z  WARN ThreadId(06) hotstuff_runner::tx_utils: [synthetic-tx] capped equivalent count 140352 -> 100000 for tx 13
2025-12-05T15:03:40.738536Z  WARN ThreadId(25) hotstuff_runner::smrol::network: ⚠️ [SMROL] inbound handler error: Message too large: 12000169 bytes
2025-12-05T15:03:41.137854Z  WARN ThreadId(08) docker_node:   Connection reuse ineffective (2.0 msg/conn)
2025-12-05T15:03:41.273831Z  WARN ThreadId(08) docker_node: Node 0 Regular transaction queue backlog: 1100000 transactions
2025-12-05T15:03:41.422502Z  WARN ThreadId(06) hotstuff_runner::tx_utils: [synthetic-tx] capped equivalent count 175440 -> 100000 for tx 14
2025-12-05T15:03:42.388575Z  WARN ThreadId(09) hotstuff_runner::tx_utils: [synthetic-tx] capped equivalent count 140352 -> 100000 for tx 16
2025-12-05T15:03:45.198802Z  WARN ThreadId(25) hotstuff_runner::smrol::network: ⚠️ [SMROL] inbound handler error: Message too large: 12000169 bytes
2025-12-05T15:03:45.325977Z  WARN ThreadId(03) hotstuff_runner::tx_utils: [synthetic-tx] capped equivalent count 140352 -> 100000 for tx 17
2025-12-05T15:03:46.137435Z  WARN ThreadId(08) docker_node: HotStuff processing bottleneck detected:
2025-12-05T15:03:46.137453Z  WARN ThreadId(08) docker_node:    - HotStuff queue backlog: 1100000 transactions
2025-12-05T15:03:46.137461Z  WARN ThreadId(08) docker_node:    - Confirmation TPS (0.0) much lower than submission TPS (0.1)
2025-12-05T15:03:46.137466Z  WARN ThreadId(08) docker_node:    - Possible cause: HotStuff consensus network delay or block size limitation
2025-12-05T15:03:46.137481Z  WARN ThreadId(08) docker_node:   Connection reuse ineffective (2.0 msg/conn)
2025-12-05T15:03:46.273770Z  WARN ThreadId(08) docker_node: Node 0 Regular transaction queue backlog: 1400000 transactions
2025-12-05T15:03:49.309750Z  WARN ThreadId(05) hotstuff_runner::tx_utils: [synthetic-tx] capped equivalent count 175440 -> 100000 for tx 19
2025-12-05T15:03:50.483160Z  WARN ThreadId(06) hotstuff_runner::tx_utils: [synthetic-tx] capped equivalent count 140352 -> 100000 for tx 20
2025-12-05T15:03:51.137681Z  WARN ThreadId(05) docker_node:   Connection reuse ineffective (2.0 msg/conn)
2025-12-05T15:03:51.274120Z  WARN ThreadId(08) docker_node: Node 0 Regular transaction queue backlog: 1600000 transactions
2025-12-05T15:03:52.020192Z  WARN ThreadId(05) hotstuff_runner::tx_utils: [synthetic-tx] capped equivalent count 105265 -> 100000 for tx 21
2025-12-05T15:03:52.959707Z  WARN ThreadId(21) hotstuff_runner::tcp_node: Node 0 view 92 timed out; latency may accumulate
2025-12-05T15:03:54.965997Z  WARN ThreadId(03) hotstuff_runner::tx_utils: [synthetic-tx] capped equivalent count 175440 -> 100000 for tx 22
2025-12-05T15:03:56.137802Z  WARN ThreadId(08) docker_node:   Connection reuse ineffective (2.0 msg/conn)
2025-12-05T15:03:56.273317Z  WARN ThreadId(08) docker_node: Node 0 Regular transaction queue backlog: 1800000 transactions
2025-12-05T15:03:56.886633Z  WARN ThreadId(09) hotstuff_runner::tx_utils: [synthetic-tx] capped equivalent count 140352 -> 100000 for tx 23
2025-12-05T15:03:58.790848Z  WARN ThreadId(24) hotstuff_runner::smrol::network: ⚠️ [SMROL] inbound handler error: Message too large: 12000169 bytes
2025-12-05T15:04:01.137874Z  WARN ThreadId(08) docker_node:   Connection reuse ineffective (2.0 msg/conn)
2025-12-05T15:04:01.274125Z  WARN ThreadId(06) docker_node: Node 0 Regular transaction queue backlog: 1900000 transactions
2025-12-05T15:04:03.245459Z  WARN ThreadId(05) hotstuff_runner::tx_utils: [synthetic-tx] capped equivalent count 140352 -> 100000 for tx 26
2025-12-05T15:04:04.744663Z  WARN ThreadId(25) hotstuff_runner::smrol::network: ⚠️ [SMROL] inbound handler error: Message too large: 12000169 bytes
2025-12-05T15:04:04.813562Z  WARN ThreadId(03) hotstuff_runner::tx_utils: [synthetic-tx] capped equivalent count 140352 -> 100000 for tx 27
2025-12-05T15:04:06.138112Z  WARN ThreadId(08) docker_node:   Connection reuse ineffective (2.0 msg/conn)
2025-12-05T15:04:06.274046Z  WARN ThreadId(03) docker_node: Node 0 Regular transaction queue backlog: 2100000 transactions
2025-12-05T15:04:07.591662Z  WARN ThreadId(08) hotstuff_runner::tx_utils: [synthetic-tx] capped equivalent count 140352 -> 100000 for tx 24
2025-12-05T15:04:08.791272Z  WARN ThreadId(05) hotstuff_runner::tx_utils: [synthetic-tx] capped equivalent count 140352 -> 100000 for tx 29
2025-12-05T15:04:10.859746Z  WARN ThreadId(25) hotstuff_runner::smrol::network: ⚠️ [SMROL] inbound handler error: Message too large: 12000169 bytes
2025-12-05T15:04:11.053100Z  WARN ThreadId(05) hotstuff_runner::tx_utils: [synthetic-tx] capped equivalent count 175440 -> 100000 for tx 30
2025-12-05T15:04:11.137246Z  WARN ThreadId(08) docker_node:   Connection reuse ineffective (2.0 msg/conn)
2025-12-05T15:04:11.273746Z  WARN ThreadId(05) docker_node: Node 0 Regular transaction queue backlog: 2400000 transactions
2025-12-05T15:04:15.800933Z  WARN ThreadId(09) hotstuff_runner::tx_utils: [synthetic-tx] capped equivalent count 175440 -> 100000 for tx 33
2025-12-05T15:04:16.137573Z  WARN ThreadId(08) docker_node:   Connection reuse ineffective (2.0 msg/conn)
2025-12-05T15:04:16.273281Z  WARN ThreadId(08) docker_node: Node 0 Regular transaction queue backlog: 2500000 transactions
2025-12-05T15:04:16.943149Z  WARN ThreadId(04) hotstuff_runner::tx_utils: [synthetic-tx] capped equivalent count 140352 -> 100000 for tx 34
2025-12-05T15:04:17.269680Z  WARN ThreadId(09) hotstuff_runner::tx_utils: [synthetic-tx] capped equivalent count 175440 -> 100000 for tx 32
2025-12-05T15:04:18.474590Z  WARN ThreadId(24) hotstuff_runner::smrol::network: ⚠️ [SMROL] inbound handler error: Message too large: 12000169 bytes
2025-12-05T15:04:18.702144Z  WARN ThreadId(04) hotstuff_runner::tx_utils: [synthetic-tx] capped equivalent count 140352 -> 100000 for tx 35
2025-12-05T15:04:18.974416Z  WARN ThreadId(08) hotstuff_runner::tx_utils: [synthetic-tx] capped equivalent count 175440 -> 100000 for tx 37
2025-12-05T15:04:19.099282Z  WARN ThreadId(06) hotstuff_runner::tx_utils: [synthetic-tx] capped equivalent count 175440 -> 100000 for tx 38
2025-12-05T15:04:19.393262Z  WARN ThreadId(04) hotstuff_runner::tx_utils: [synthetic-tx] capped equivalent count 140352 -> 100000 for tx 40
2025-12-05T15:04:19.453970Z  WARN ThreadId(08) hotstuff_runner::tx_utils: [synthetic-tx] capped equivalent count 140352 -> 100000 for tx 41
2025-12-05T15:04:19.641016Z  WARN ThreadId(20) hotstuff_rs::block_tree::invariants: SAFE_PC_FAIL: pc.block=[4, 34, 88, 106, 88, 220, 193, 26, 65, 142, 133, 200, 77, 236, 202, 120, 177, 213, 238, 223, 24, 68, 39, 86, 203, 14, 76, 177, 123, 228, 122, 35] view=86 phase=Generic | cond1(chain_id/genesis)=true (pc.chain_id=0, my.chain_id=0) | cond2(block_exists/genesis)=true (exists=true) | cond3(view>locked || extends)=false (pc.view=86, locked.view=96, extends=false) | cond4(phase/updates)=true (phase_special=false, has_updates=false) | highest_pc.block=[97, 231, 214, 13, 116, 156, 44, 163, 155, 206, 155, 90, 12, 122, 108, 160, 26, 184, 106, 166, 10, 0, 82, 48, 232, 34, 121, 185, 74, 112, 240, 224] highest_pc.view=97 locked.block=[10, 154, 63, 252, 127, 193, 138, 241, 227, 175, 230, 82, 116, 139, 169, 251, 138, 196, 132, 15, 164, 150, 34, 176, 110, 33, 52, 155, 11, 155, 57, 200] locked.view=96    
2025-12-05T15:04:19.641061Z  WARN ThreadId(20) hotstuff_rs::block_tree::invariants: SAFE_BLOCK_FAIL: block=[225, 206, 118, 138, 8, 57, 35, 147, 16, 56, 20, 214, 165, 215, 254, 139, 224, 146, 220, 106, 57, 239, 235, 101, 26, 119, 43, 206, 173, 27, 109, 126] height=None | cond1(safe_pc)=false | cond2(is_block_justify)=true (justify.phase=Generic) | justify.block=[4, 34, 88, 106, 88, 220, 193, 26, 65, 142, 133, 200, 77, 236, 202, 120, 177, 213, 238, 223, 24, 68, 39, 86, 203, 14, 76, 177, 123, 228, 122, 35] justify.view=86 | highest_pc.block=[97, 231, 214, 13, 116, 156, 44, 163, 155, 206, 155, 90, 12, 122, 108, 160, 26, 184, 106, 166, 10, 0, 82, 48, 232, 34, 121, 185, 74, 112, 240, 224] highest_pc.view=97 | locked.block=[10, 154, 63, 252, 127, 193, 138, 241, 227, 175, 230, 82, 116, 139, 169, 251, 138, 196, 132, 15, 164, 150, 34, 176, 110, 33, 52, 155, 11, 155, 57, 200] locked.view=96    
2025-12-05T15:04:19.943151Z  WARN ThreadId(05) hotstuff_runner::tx_utils: [synthetic-tx] capped equivalent count 175440 -> 100000 for tx 36
2025-12-05T15:04:20.013270Z  WARN ThreadId(24) hotstuff_runner::smrol::network: ⚠️ [SMROL] inbound handler error: Message too large: 12000169 bytes
2025-12-05T15:04:21.138056Z  WARN ThreadId(03) docker_node:   Connection reuse ineffective (2.0 msg/conn)
2025-12-05T15:04:21.274156Z  WARN ThreadId(05) docker_node: Node 0 Regular transaction queue backlog: 3300000 transactions
2025-12-05T15:04:21.377883Z  WARN ThreadId(21) hotstuff_runner::tcp_node: Node 0 view 99 timed out; latency may accumulate
2025-12-05T15:04:21.623372Z  WARN ThreadId(02) hotstuff_runner::tx_utils: [synthetic-tx] capped equivalent count 140352 -> 100000 for tx 43
2025-12-05T15:04:22.501127Z  WARN ThreadId(03) hotstuff_runner::tx_utils: [synthetic-tx] capped equivalent count 140352 -> 100000 for tx 44
2025-12-05T15:04:23.756558Z  WARN ThreadId(03) hotstuff_runner::tx_utils: [synthetic-tx] capped equivalent count 175440 -> 100000 for tx 45
2025-12-05T15:04:24.318876Z  WARN ThreadId(03) hotstuff_runner::tx_utils: [synthetic-tx] capped equivalent count 140352 -> 100000 for tx 46
2025-12-05T15:04:24.693898Z  WARN ThreadId(02) hotstuff_runner::tx_utils: [synthetic-tx] capped equivalent count 140352 -> 100000 for tx 47
2025-12-05T15:04:25.417229Z  WARN ThreadId(02) hotstuff_runner::tx_utils: [synthetic-tx] capped equivalent count 140352 -> 100000 for tx 48
2025-12-05T15:04:25.992213Z  WARN ThreadId(25) hotstuff_runner::smrol::network: ⚠️ [SMROL] inbound handler error: Message too large: 12000169 bytes
2025-12-05T15:04:26.138402Z  WARN ThreadId(09) docker_node:   Connection reuse ineffective (2.0 msg/conn)
2025-12-05T15:04:26.273653Z  WARN ThreadId(09) docker_node: Node 0 Regular transaction queue backlog: 3900000 transactions
2025-12-05T15:04:26.294072Z  WARN ThreadId(02) hotstuff_runner::tx_utils: [synthetic-tx] capped equivalent count 175440 -> 100000 for tx 49
2025-12-05T15:04:27.433391Z  WARN ThreadId(09) hotstuff_runner::tx_utils: [synthetic-tx] capped equivalent count 140352 -> 100000 for tx 51
2025-12-05T15:04:28.377999Z  WARN ThreadId(04) hotstuff_runner::tx_utils: [synthetic-tx] capped equivalent count 175440 -> 100000 for tx 52
2025-12-05T15:04:28.926935Z  WARN ThreadId(03) hotstuff_runner::tx_utils: [synthetic-tx] capped equivalent count 140352 -> 100000 for tx 53
2025-12-05T15:04:29.438983Z  WARN ThreadId(24) hotstuff_runner::smrol::network: ⚠️ [SMROL] inbound handler error: Message too large: 12000169 bytes
2025-12-05T15:04:29.789231Z  WARN ThreadId(03) hotstuff_runner::tx_utils: [synthetic-tx] capped equivalent count 175440 -> 100000 for tx 54
2025-12-05T15:04:30.307609Z  WARN ThreadId(21) hotstuff_runner::tcp_node: Node 0 view 101 timed out; latency may accumulate
2025-12-05T15:04:31.137747Z  WARN ThreadId(05) docker_node:   Connection reuse ineffective (2.0 msg/conn)
2025-12-05T15:04:31.273952Z  WARN ThreadId(09) docker_node: Node 0 Regular transaction queue backlog: 4400000 transactions
2025-12-05T15:04:31.433008Z  WARN ThreadId(02) hotstuff_runner::tx_utils: [synthetic-tx] capped equivalent count 175440 -> 100000 for tx 56
2025-12-05T15:04:31.892405Z  WARN ThreadId(02) hotstuff_runner::tx_utils: [synthetic-tx] capped equivalent count 140352 -> 100000 for tx 57
2025-12-05T15:04:32.511566Z  WARN ThreadId(09) hotstuff_runner::tx_utils: [synthetic-tx] capped equivalent count 140352 -> 100000 for tx 58
2025-12-05T15:04:32.882120Z  WARN ThreadId(25) hotstuff_runner::smrol::network: ⚠️ [SMROL] inbound handler error: Message too large: 12000169 bytes
2025-12-05T15:04:33.394884Z  WARN ThreadId(20) hotstuff_rs::block_tree::invariants: SAFE_PC_FAIL: pc.block=[4, 34, 88, 106, 88, 220, 193, 26, 65, 142, 133, 200, 77, 236, 202, 120, 177, 213, 238, 223, 24, 68, 39, 86, 203, 14, 76, 177, 123, 228, 122, 35] view=86 phase=Generic | cond1(chain_id/genesis)=true (pc.chain_id=0, my.chain_id=0) | cond2(block_exists/genesis)=true (exists=true) | cond3(view>locked || extends)=false (pc.view=86, locked.view=97, extends=false) | cond4(phase/updates)=true (phase_special=false, has_updates=false) | highest_pc.block=[185, 242, 140, 242, 18, 125, 211, 190, 46, 80, 155, 212, 247, 57, 6, 34, 112, 139, 96, 141, 40, 90, 157, 13, 7, 107, 120, 138, 50, 196, 38, 8] highest_pc.view=100 locked.block=[97, 231, 214, 13, 116, 156, 44, 163, 155, 206, 155, 90, 12, 122, 108, 160, 26, 184, 106, 166, 10, 0, 82, 48, 232, 34, 121, 185, 74, 112, 240, 224] locked.view=97    
2025-12-05T15:04:33.394933Z  WARN ThreadId(20) hotstuff_rs::block_tree::invariants: SAFE_BLOCK_FAIL: block=[144, 164, 145, 40, 83, 25, 233, 156, 55, 57, 49, 149, 108, 24, 7, 192, 82, 56, 43, 184, 39, 142, 187, 255, 49, 91, 157, 160, 158, 42, 80, 87] height=None | cond1(safe_pc)=false | cond2(is_block_justify)=true (justify.phase=Generic) | justify.block=[4, 34, 88, 106, 88, 220, 193, 26, 65, 142, 133, 200, 77, 236, 202, 120, 177, 213, 238, 223, 24, 68, 39, 86, 203, 14, 76, 177, 123, 228, 122, 35] justify.view=86 | highest_pc.block=[185, 242, 140, 242, 18, 125, 211, 190, 46, 80, 155, 212, 247, 57, 6, 34, 112, 139, 96, 141, 40, 90, 157, 13, 7, 107, 120, 138, 50, 196, 38, 8] highest_pc.view=100 | locked.block=[97, 231, 214, 13, 116, 156, 44, 163, 155, 206, 155, 90, 12, 122, 108, 160, 26, 184, 106, 166, 10, 0, 82, 48, 232, 34, 121, 185, 74, 112, 240, 224] locked.view=97    
2025-12-05T15:04:34.087283Z  WARN ThreadId(24) hotstuff_runner::smrol::network: ⚠️ [SMROL] inbound handler error: Message too large: 12000169 bytes
2025-12-05T15:04:35.078467Z  WARN ThreadId(25) hotstuff_runner::smrol::network: ⚠️ [SMROL] inbound handler error: Message too large: 12000169 bytes
2025-12-05T15:04:36.137291Z  WARN ThreadId(08) docker_node:   Connection reuse ineffective (2.0 msg/conn)
2025-12-05T15:04:36.274181Z  WARN ThreadId(05) docker_node: Node 0 Regular transaction queue backlog: 4700000 transactions
2025-12-05T15:04:37.519680Z  WARN ThreadId(05) hotstuff_runner::tx_utils: [synthetic-tx] capped equivalent count 105265 -> 100000 for tx 62
2025-12-05T15:04:38.200000Z  WARN ThreadId(25) hotstuff_runner::smrol::network: ⚠️ Large message: 6000169 bytes to node Some(33)
2025-12-05T15:04:38.202113Z  WARN ThreadId(25) hotstuff_runner::smrol::network: ⚠️ Large message: 6000168 bytes to node Some(2)
2025-12-05T15:04:38.203769Z  WARN ThreadId(25) hotstuff_runner::smrol::network: ⚠️ Large message: 6000169 bytes to node Some(26)
2025-12-05T15:04:38.205012Z  WARN ThreadId(25) hotstuff_runner::smrol::network: ⚠️ Large message: 6000169 bytes to node Some(35)
2025-12-05T15:04:38.206581Z  WARN ThreadId(25) hotstuff_runner::smrol::network: ⚠️ Large message: 6000169 bytes to node Some(27)
2025-12-05T15:04:38.211047Z  WARN ThreadId(25) hotstuff_runner::smrol::network: ⚠️ [Check] Writer 0 -> 2 slow write: 10.613216ms
2025-12-05T15:04:38.212459Z  WARN ThreadId(25) hotstuff_runner::smrol::network: ⚠️ Large message: 6000168 bytes to node Some(3)
2025-12-05T15:04:38.214014Z  WARN ThreadId(25) hotstuff_runner::smrol::network: ⚠️ Large message: 6000168 bytes to node Some(6)
2025-12-05T15:04:38.215487Z  WARN ThreadId(25) hotstuff_runner::smrol::network: ⚠️ Large message: 6000169 bytes to node Some(30)
2025-12-05T15:04:38.216982Z  WARN ThreadId(25) hotstuff_runner::smrol::network: ⚠️ Large message: 6000169 bytes to node Some(19)
2025-12-05T15:04:38.221596Z  WARN ThreadId(25) hotstuff_runner::smrol::network: ⚠️ Large message: 6000169 bytes to node Some(10)
2025-12-05T15:04:38.222371Z  WARN ThreadId(25) hotstuff_runner::smrol::network: ⚠️ [Check] Writer 0 -> 3 slow write: 11.21195ms
2025-12-05T15:04:38.223480Z  WARN ThreadId(25) hotstuff_runner::smrol::network: ⚠️ Large message: 6000169 bytes to node Some(15)
2025-12-05T15:04:38.224442Z  WARN ThreadId(25) hotstuff_runner::smrol::network: ⚠️ Large message: 6000169 bytes to node Some(53)
2025-12-05T15:04:38.225424Z  WARN ThreadId(25) hotstuff_runner::smrol::network: ⚠️ Large message: 6000169 bytes to node Some(20)
2025-12-05T15:04:38.226520Z  WARN ThreadId(25) hotstuff_runner::smrol::network: ⚠️ Large message: 6000169 bytes to node Some(14)
2025-12-05T15:04:38.228476Z  WARN ThreadId(25) hotstuff_runner::smrol::network: ⚠️ Large message: 6000169 bytes to node Some(50)
2025-12-05T15:04:38.229570Z  WARN ThreadId(25) hotstuff_runner::smrol::network: ⚠️ Large message: 6000169 bytes to node Some(63)
2025-12-05T15:04:38.230793Z  WARN ThreadId(25) hotstuff_runner::smrol::network: ⚠️ Large message: 6000168 bytes to node Some(4)
2025-12-05T15:04:38.232008Z  WARN ThreadId(25) hotstuff_runner::smrol::network: ⚠️ Large message: 6000169 bytes to node Some(18)
2025-12-05T15:04:38.233190Z  WARN ThreadId(25) hotstuff_runner::smrol::network: ⚠️ Large message: 6000169 bytes to node Some(39)
2025-12-05T15:04:38.234236Z  WARN ThreadId(25) hotstuff_runner::smrol::network: ⚠️ Large message: 6000169 bytes to node Some(49)
2025-12-05T15:04:38.235205Z  WARN ThreadId(25) hotstuff_runner::smrol::network: ⚠️ Large message: 6000169 bytes to node Some(54)
2025-12-05T15:04:38.236128Z  WARN ThreadId(25) hotstuff_runner::smrol::network: ⚠️ Large message: 6000169 bytes to node Some(40)
2025-12-05T15:04:38.237113Z  WARN ThreadId(25) hotstuff_runner::smrol::network: ⚠️ Large message: 6000169 bytes to node Some(55)
2025-12-05T15:04:38.237951Z  WARN ThreadId(25) hotstuff_runner::smrol::network: ⚠️ Large message: 6000169 bytes to node Some(61)
2025-12-05T15:04:38.238550Z  WARN ThreadId(25) hotstuff_runner::smrol::network: ⚠️ Large message: 6000169 bytes to node Some(37)
2025-12-05T15:04:38.239193Z  WARN ThreadId(25) hotstuff_runner::smrol::network: ⚠️ Large message: 6000169 bytes to node Some(11)
2025-12-05T15:04:38.239883Z  WARN ThreadId(25) hotstuff_runner::smrol::network: ⚠️ Large message: 6000169 bytes to node Some(32)
2025-12-05T15:04:38.240810Z  WARN ThreadId(25) hotstuff_runner::smrol::network: ⚠️ Large message: 6000169 bytes to node Some(60)
2025-12-05T15:04:38.241796Z  WARN ThreadId(25) hotstuff_runner::smrol::network: ⚠️ Large message: 6000168 bytes to node Some(1)
2025-12-05T15:04:38.242642Z  WARN ThreadId(25) hotstuff_runner::smrol::network: ⚠️ Large message: 6000169 bytes to node Some(48)
2025-12-05T15:04:38.243649Z  WARN ThreadId(25) hotstuff_runner::smrol::network: ⚠️ Large message: 6000169 bytes to node Some(38)
2025-12-05T15:04:38.244567Z  WARN ThreadId(25) hotstuff_runner::smrol::network: ⚠️ Large message: 6000169 bytes to node Some(46)
2025-12-05T15:04:38.245483Z  WARN ThreadId(25) hotstuff_runner::smrol::network: ⚠️ Large message: 6000168 bytes to node Some(8)
2025-12-05T15:04:38.246435Z  WARN ThreadId(25) hotstuff_runner::smrol::network: ⚠️ Large message: 6000169 bytes to node Some(57)
2025-12-05T15:04:38.247492Z  WARN ThreadId(25) hotstuff_runner::smrol::network: ⚠️ Large message: 6000169 bytes to node Some(28)
2025-12-05T15:04:38.248020Z  WARN ThreadId(24) hotstuff_runner::smrol::network: ⚠️ Large message: 6000169 bytes to node Some(29)
2025-12-05T15:04:38.248814Z  WARN ThreadId(25) hotstuff_runner::smrol::network: ⚠️ Large message: 6000169 bytes to node Some(62)
2025-12-05T15:04:38.249297Z  WARN ThreadId(24) hotstuff_runner::smrol::network: ⚠️ Large message: 6000169 bytes to node Some(23)
2025-12-05T15:04:38.249942Z  WARN ThreadId(25) hotstuff_runner::smrol::network: ⚠️ Large message: 6000169 bytes to node Some(58)
2025-12-05T15:04:38.250581Z  WARN ThreadId(24) hotstuff_runner::smrol::network: ⚠️ Large message: 6000168 bytes to node Some(7)
2025-12-05T15:04:38.251151Z  WARN ThreadId(25) hotstuff_runner::smrol::network: ⚠️ Large message: 6000169 bytes to node Some(43)
2025-12-05T15:04:38.251721Z  WARN ThreadId(24) hotstuff_runner::smrol::network: ⚠️ Large message: 6000169 bytes to node Some(36)
2025-12-05T15:04:38.252362Z  WARN ThreadId(25) hotstuff_runner::smrol::network: ⚠️ Large message: 6000169 bytes to node Some(17)
2025-12-05T15:04:38.253002Z  WARN ThreadId(24) hotstuff_runner::smrol::network: ⚠️ Large message: 6000169 bytes to node Some(12)
2025-12-05T15:04:38.253492Z  WARN ThreadId(25) hotstuff_runner::smrol::network: ⚠️ Large message: 6000169 bytes to node Some(44)
2025-12-05T15:04:38.254118Z  WARN ThreadId(24) hotstuff_runner::smrol::network: ⚠️ Large message: 6000168 bytes to node Some(5)
2025-12-05T15:04:38.254658Z  WARN ThreadId(25) hotstuff_runner::smrol::network: ⚠️ Large message: 6000169 bytes to node Some(45)
2025-12-05T15:04:38.255549Z  WARN ThreadId(24) hotstuff_runner::smrol::network: ⚠️ Large message: 6000169 bytes to node Some(21)
2025-12-05T15:04:38.255774Z  WARN ThreadId(25) hotstuff_runner::smrol::network: ⚠️ Large message: 6000169 bytes to node Some(42)
2025-12-05T15:04:38.256823Z  WARN ThreadId(24) hotstuff_runner::smrol::network: ⚠️ Large message: 6000169 bytes to node Some(31)
2025-12-05T15:04:38.257001Z  WARN ThreadId(25) hotstuff_runner::smrol::network: ⚠️ Large message: 6000169 bytes to node Some(24)
2025-12-05T15:04:38.258010Z  WARN ThreadId(24) hotstuff_runner::smrol::network: ⚠️ Large message: 6000169 bytes to node Some(16)
2025-12-05T15:04:38.258263Z  WARN ThreadId(25) hotstuff_runner::smrol::network: ⚠️ Large message: 6000169 bytes to node Some(56)
2025-12-05T15:04:38.259238Z  WARN ThreadId(24) hotstuff_runner::smrol::network: ⚠️ Large message: 6000169 bytes to node Some(47)
2025-12-05T15:04:38.259465Z  WARN ThreadId(25) hotstuff_runner::smrol::network: ⚠️ Large message: 6000169 bytes to node Some(41)
2025-12-05T15:04:38.260380Z  WARN ThreadId(24) hotstuff_runner::smrol::network: ⚠️ Large message: 6000169 bytes to node Some(59)
2025-12-05T15:04:38.260678Z  WARN ThreadId(25) hotstuff_runner::smrol::network: ⚠️ Large message: 6000169 bytes to node Some(25)
2025-12-05T15:04:38.261510Z  WARN ThreadId(24) hotstuff_runner::smrol::network: ⚠️ Large message: 6000169 bytes to node Some(22)
2025-12-05T15:04:38.261924Z  WARN ThreadId(25) hotstuff_runner::smrol::network: ⚠️ Large message: 6000168 bytes to node Some(9)
2025-12-05T15:04:38.262660Z  WARN ThreadId(24) hotstuff_runner::smrol::network: ⚠️ Large message: 6000169 bytes to node Some(52)
2025-12-05T15:04:38.263040Z  WARN ThreadId(25) hotstuff_runner::smrol::network: ⚠️ Large message: 6000169 bytes to node Some(34)
2025-12-05T15:04:38.264051Z  WARN ThreadId(24) hotstuff_runner::smrol::network: ⚠️ Large message: 6000169 bytes to node Some(13)
2025-12-05T15:04:38.264125Z  WARN ThreadId(25) hotstuff_runner::smrol::network: ⚠️ Large message: 6000169 bytes to node Some(51)
2025-12-05T15:04:38.275353Z  WARN ThreadId(25) hotstuff_runner::smrol::network: ⚠️ [Check] Writer 0 -> 4 slow write: 45.508557ms
2025-12-05T15:04:38.276056Z  WARN ThreadId(24) hotstuff_runner::smrol::network: ⚠️ [Check] Writer 0 -> 5 slow write: 22.883385ms
2025-12-05T15:04:38.346894Z  WARN ThreadId(25) hotstuff_runner::smrol::network: ⚠️ [Check] Writer 0 -> 40 slow write: 111.547957ms
2025-12-05T15:04:38.355295Z  WARN ThreadId(25) hotstuff_runner::smrol::network: ⚠️ [Check] Writer 0 -> 37 slow write: 116.96177ms
2025-12-05T15:04:38.360834Z  WARN ThreadId(25) hotstuff_runner::smrol::network: ⚠️ [Check] Writer 0 -> 39 slow write: 128.646787ms
2025-12-05T15:04:38.364270Z  WARN ThreadId(24) hotstuff_runner::smrol::network: ⚠️ [Check] Writer 0 -> 1 slow write: 123.285825ms
2025-12-05T15:04:38.364994Z  WARN ThreadId(24) hotstuff_runner::smrol::network: ⚠️ [Check] Writer 0 -> 38 slow write: 122.197585ms
2025-12-05T15:04:38.365296Z  WARN ThreadId(25) hotstuff_runner::smrol::network: ⚠️ [Check] Writer 0 -> 36 slow write: 114.545706ms
2025-12-05T15:04:38.683121Z  WARN ThreadId(25) hotstuff_runner::smrol::network: ⚠️ [Check] Writer 0 -> 6 slow write: 470.299591ms
2025-12-05T15:04:38.697291Z  WARN ThreadId(25) hotstuff_runner::smrol::network: ⚠️ [Check] Writer 0 -> 14 slow write: 471.755023ms
2025-12-05T15:04:38.706117Z  WARN ThreadId(25) hotstuff_runner::smrol::network: ⚠️ [Check] Writer 0 -> 15 slow write: 483.530313ms
2025-12-05T15:04:38.721265Z  WARN ThreadId(25) hotstuff_runner::smrol::network: ⚠️ [Check] Writer 0 -> 11 slow write: 482.522687ms
2025-12-05T15:04:38.726220Z  WARN ThreadId(25) hotstuff_runner::smrol::network: ⚠️ [Check] Writer 0 -> 8 slow write: 481.573173ms
2025-12-05T15:04:38.731731Z  WARN ThreadId(25) hotstuff_runner::smrol::network: ⚠️ [Check] Writer 0 -> 7 slow write: 482.319456ms
2025-12-05T15:04:38.734524Z  WARN ThreadId(25) hotstuff_runner::smrol::network: ⚠️ [Check] Writer 0 -> 12 slow write: 482.705527ms
2025-12-05T15:04:38.737065Z  WARN ThreadId(25) hotstuff_runner::smrol::network: ⚠️ [Check] Writer 0 -> 47 slow write: 478.84051ms
2025-12-05T15:04:38.746543Z  WARN ThreadId(25) hotstuff_runner::smrol::network: ⚠️ [Check] Writer 0 -> 10 slow write: 526.046122ms
2025-12-05T15:04:38.746708Z  WARN ThreadId(25) hotstuff_runner::smrol::network: ⚠️ [Check] Writer 0 -> 13 slow write: 483.920315ms
2025-12-05T15:04:38.747821Z  WARN ThreadId(25) hotstuff_runner::smrol::network: ⚠️ [Check] Writer 0 -> 9 slow write: 487.041731ms
2025-12-05T15:04:38.782492Z  WARN ThreadId(25) hotstuff_runner::smrol::network: ⚠️ [Check] Writer 0 -> 50 slow write: 555.102414ms
2025-12-05T15:04:38.791801Z  WARN ThreadId(25) hotstuff_runner::smrol::network: ⚠️ [Check] Writer 0 -> 48 slow write: 549.907692ms
2025-12-05T15:04:38.795333Z  WARN ThreadId(25) hotstuff_runner::smrol::network: ⚠️ [Check] Writer 0 -> 46 slow write: 551.079079ms
2025-12-05T15:04:38.816563Z  WARN ThreadId(24) hotstuff_runner::smrol::network: ⚠️ [Check] Writer 0 -> 51 slow write: 553.258351ms
2025-12-05T15:04:38.839939Z  WARN ThreadId(25) hotstuff_runner::smrol::network: ⚠️ [Check] Writer 0 -> 53 slow write: 616.185525ms
2025-12-05T15:04:38.843266Z  WARN ThreadId(25) hotstuff_runner::smrol::network: ⚠️ [Check] Writer 0 -> 49 slow write: 609.745214ms
2025-12-05T15:04:38.847372Z  WARN ThreadId(24) hotstuff_runner::smrol::network: ⚠️ [Check] Writer 0 -> 57 slow write: 601.785697ms
2025-12-05T15:04:38.850138Z  WARN ThreadId(24) hotstuff_runner::smrol::network: ⚠️ [Check] Writer 0 -> 54 slow write: 615.809885ms
2025-12-05T15:04:38.873777Z  WARN ThreadId(24) hotstuff_runner::smrol::network: ⚠️ [Check] Writer 0 -> 56 slow write: 616.672393ms
2025-12-05T15:04:38.914321Z  WARN ThreadId(25) hotstuff_runner::smrol::network: ⚠️ [Check] Writer 0 -> 55 slow write: 678.040711ms
2025-12-05T15:04:38.953798Z  WARN ThreadId(25) hotstuff_runner::smrol::network: ⚠️ [Check] Writer 0 -> 52 slow write: 692.155424ms
2025-12-05T15:04:38.977084Z  WARN ThreadId(24) hotstuff_runner::smrol::network: ⚠️ [Check] Writer 0 -> 43 slow write: 726.97432ms
2025-12-05T15:04:38.986042Z  WARN ThreadId(24) hotstuff_runner::smrol::network: ⚠️ [Check] Writer 0 -> 44 slow write: 733.57136ms
2025-12-05T15:04:38.986126Z  WARN ThreadId(25) hotstuff_runner::smrol::network: ⚠️ [Check] Writer 0 -> 45 slow write: 732.542273ms
2025-12-05T15:04:38.986536Z  WARN ThreadId(25) hotstuff_runner::smrol::network: ⚠️ [Check] Writer 0 -> 42 slow write: 731.714316ms
2025-12-05T15:04:38.989404Z  WARN ThreadId(25) hotstuff_runner::smrol::network: ⚠️ [Check] Writer 0 -> 41 slow write: 731.014507ms
2025-12-05T15:04:39.064473Z  WARN ThreadId(03) hotstuff_runner::tx_utils: [synthetic-tx] capped equivalent count 140352 -> 100000 for tx 63
2025-12-05T15:04:39.072417Z  WARN ThreadId(24) hotstuff_runner::smrol::network: ⚠️ [SMROL] inbound handler error: Message too large: 12000168 bytes
2025-12-05T15:04:39.094817Z  WARN ThreadId(03) hotstuff_runner::tx_utils: [synthetic-tx] capped equivalent count 105265 -> 100000 for tx 65
2025-12-05T15:04:39.121334Z  WARN ThreadId(24) hotstuff_runner::smrol::network: ⚠️ [Check] Writer 0 -> 63 slow write: 892.745092ms
2025-12-05T15:04:39.133707Z  WARN ThreadId(25) hotstuff_runner::smrol::network: ⚠️ [Check] Writer 0 -> 60 slow write: 893.084651ms
2025-12-05T15:04:39.139466Z  WARN ThreadId(25) hotstuff_runner::smrol::network: ⚠️ [Check] Writer 0 -> 61 slow write: 901.968301ms
2025-12-05T15:04:39.140358Z  WARN ThreadId(24) hotstuff_runner::smrol::network: ⚠️ [Check] Writer 0 -> 62 slow write: 892.640676ms
2025-12-05T15:04:39.150919Z  WARN ThreadId(24) hotstuff_runner::smrol::network: ⚠️ [Check] Writer 0 -> 58 slow write: 901.877575ms
2025-12-05T15:04:39.161452Z  WARN ThreadId(24) hotstuff_runner::smrol::network: ⚠️ [Check] Writer 0 -> 59 slow write: 902.067096ms
2025-12-05T15:04:39.213226Z  WARN ThreadId(02) hotstuff_runner::tx_utils: [synthetic-tx] capped equivalent count 140352 -> 100000 for tx 66
2025-12-05T15:04:39.237300Z  WARN ThreadId(02) hotstuff_runner::tx_utils: [synthetic-tx] capped equivalent count 140352 -> 100000 for tx 67
2025-12-05T15:04:39.298553Z  WARN ThreadId(03) hotstuff_runner::tx_utils: [synthetic-tx] capped equivalent count 140352 -> 100000 for tx 68
2025-12-05T15:04:39.385953Z  WARN ThreadId(25) hotstuff_runner::smrol::network: ⚠️ [Check] Writer 0 -> 35 slow write: 1.182053215s
2025-12-05T15:04:39.397197Z  WARN ThreadId(24) hotstuff_runner::smrol::network: ⚠️ [Check] Writer 0 -> 33 slow write: 1.198609085s
2025-12-05T15:04:39.425687Z  WARN ThreadId(25) hotstuff_runner::smrol::network: ⚠️ [Check] Writer 0 -> 34 slow write: 1.163644411s
2025-12-05T15:04:39.426909Z  WARN ThreadId(24) hotstuff_runner::smrol::network: ⚠️ [Check] Writer 0 -> 31 slow write: 1.17112177s
2025-12-05T15:04:39.444623Z  WARN ThreadId(05) hotstuff_runner::tx_utils: [synthetic-tx] capped equivalent count 175440 -> 100000 for tx 69
2025-12-05T15:04:39.579204Z  WARN ThreadId(25) hotstuff_runner::smrol::network: ⚠️ [Check] Writer 0 -> 32 slow write: 1.33986594s
2025-12-05T15:04:39.678044Z  WARN ThreadId(06) hotstuff_runner::tx_utils: [synthetic-tx] capped equivalent count 140352 -> 100000 for tx 64
2025-12-05T15:04:39.701217Z  WARN ThreadId(24) hotstuff_runner::smrol::network: ⚠️ [Check] Writer 0 -> 20 slow write: 1.476662936s
2025-12-05T15:04:39.704843Z  WARN ThreadId(24) hotstuff_runner::smrol::network: ⚠️ [Check] Writer 0 -> 18 slow write: 1.473948313s
2025-12-05T15:04:39.731534Z  WARN ThreadId(25) hotstuff_runner::smrol::network: ⚠️ [Check] Writer 0 -> 17 slow write: 1.480263217s
2025-12-05T15:04:39.784408Z  WARN ThreadId(25) hotstuff_runner::smrol::network: ⚠️ [Check] Writer 0 -> 30 slow write: 1.570226221s
2025-12-05T15:04:39.790223Z  WARN ThreadId(25) hotstuff_runner::smrol::network: ⚠️ [Check] Writer 0 -> 27 slow write: 1.584961759s
2025-12-05T15:04:39.793196Z  WARN ThreadId(03) hotstuff_runner::tx_utils: [synthetic-tx] capped equivalent count 140352 -> 100000 for tx 70
2025-12-05T15:04:39.830437Z  WARN ThreadId(25) hotstuff_runner::smrol::network: ⚠️ [Check] Writer 0 -> 28 slow write: 1.583898049s
2025-12-05T15:04:39.849434Z  WARN ThreadId(24) hotstuff_runner::smrol::network: ⚠️ [Check] Writer 0 -> 29 slow write: 1.602282393s
2025-12-05T15:04:39.869847Z  WARN ThreadId(25) hotstuff_runner::smrol::network: ⚠️ [Check] Writer 0 -> 19 slow write: 1.65403928s
2025-12-05T15:04:39.907445Z  WARN ThreadId(24) hotstuff_runner::smrol::network: ⚠️ [Check] Writer 0 -> 23 slow write: 1.659281894s
2025-12-05T15:04:39.914271Z  WARN ThreadId(24) hotstuff_runner::smrol::network: ⚠️ [Check] Writer 0 -> 16 slow write: 1.657316204s
2025-12-05T15:04:39.935149Z  WARN ThreadId(25) hotstuff_runner::smrol::network: ⚠️ [Check] Writer 0 -> 25 slow write: 1.675537838s
2025-12-05T15:04:39.937371Z  WARN ThreadId(24) hotstuff_runner::smrol::network: ⚠️ [Check] Writer 0 -> 21 slow write: 1.683135305s
2025-12-05T15:04:39.941013Z  WARN ThreadId(25) hotstuff_runner::smrol::network: ⚠️ [Check] Writer 0 -> 22 slow write: 1.680513597s
2025-12-05T15:04:39.945168Z  WARN ThreadId(24) hotstuff_runner::smrol::network: ⚠️ [Check] Writer 0 -> 24 slow write: 1.689296121s
2025-12-05T15:04:39.990388Z  WARN ThreadId(24) hotstuff_runner::smrol::network: ⚠️ [Check] Writer 0 -> 26 slow write: 1.788121323s
2025-12-05T15:04:40.298304Z  WARN ThreadId(24) hotstuff_runner::smrol::network: ⚠️ [SMROL] inbound handler error: Message too large: 12000168 bytes
2025-12-05T15:04:40.340409Z  WARN ThreadId(20) hotstuff_runner::app: Node 0 [produce_block] queue size: 5600000, attempting up to 180000 transactions this block    
2025-12-05T15:04:40.428676Z  WARN ThreadId(02) hotstuff_runner::tx_utils: [synthetic-tx] capped equivalent count 140352 -> 100000 for tx 72
2025-12-05T15:04:40.949010Z  WARN ThreadId(25) hotstuff_runner::smrol::network: ⚠️ [SMROL] inbound handler error: Message too large: 12000168 bytes
2025-12-05T15:04:41.019096Z  WARN ThreadId(20) hotstuff_runner::app: Node 0 view(104) far exceeds block count (1); potential sync issue    
2025-12-05T15:04:41.137826Z  WARN ThreadId(09) docker_node:   Connection reuse ineffective (2.0 msg/conn)
2025-12-05T15:04:41.273748Z  WARN ThreadId(09) docker_node: Node 0 Regular transaction queue backlog: 4260000 transactions
2025-12-05T15:04:42.349491Z  WARN ThreadId(02) hotstuff_runner::tx_utils: [synthetic-tx] capped equivalent count 140352 -> 100000 for tx 75
2025-12-05T15:04:43.073548Z  WARN ThreadId(03) hotstuff_runner::tx_utils: [synthetic-tx] capped equivalent count 175440 -> 100000 for tx 76
2025-12-05T15:04:43.675219Z  WARN ThreadId(02) hotstuff_runner::tx_utils: [synthetic-tx] capped equivalent count 175440 -> 100000 for tx 77
2025-12-05T15:04:44.019108Z  WARN ThreadId(07) hotstuff_runner::tx_utils: [synthetic-tx] capped equivalent count 105265 -> 100000 for tx 78
2025-12-05T15:04:44.299969Z  WARN ThreadId(25) hotstuff_runner::smrol::network: ⚠️ [SMROL] inbound handler error: Message too large: 12000169 bytes
2025-12-05T15:04:44.336577Z  WARN ThreadId(03) hotstuff_runner::tx_utils: [synthetic-tx] capped equivalent count 105265 -> 100000 for tx 79
2025-12-05T15:04:46.137842Z  WARN ThreadId(04) docker_node:   Connection reuse ineffective (2.0 msg/conn)
2025-12-05T15:04:46.274185Z  WARN ThreadId(02) docker_node: Node 0 Regular transaction queue backlog: 4760000 transactions
2025-12-05T15:04:47.564805Z  WARN ThreadId(04) hotstuff_runner::tx_utils: [synthetic-tx] capped equivalent count 105265 -> 100000 for tx 81
2025-12-05T15:04:49.884804Z  WARN ThreadId(02) hotstuff_runner::tx_utils: [synthetic-tx] capped equivalent count 175440 -> 100000 for tx 82
2025-12-05T15:04:51.137570Z  WARN ThreadId(04) docker_node:   Connection reuse ineffective (2.0 msg/conn)
2025-12-05T15:04:51.273308Z  WARN ThreadId(06) docker_node: Node 0 Regular transaction queue backlog: 4960000 transactions
2025-12-05T15:04:51.306154Z  WARN ThreadId(03) hotstuff_runner::tx_utils: [synthetic-tx] capped equivalent count 175440 -> 100000 for tx 83
2025-12-05T15:04:52.854084Z  WARN ThreadId(25) hotstuff_runner::smrol::network: ⚠️ [SMROL] inbound handler error: Message too large: 12000169 bytes
2025-12-05T15:04:53.141427Z  WARN ThreadId(04) hotstuff_runner::tx_utils: [synthetic-tx] capped equivalent count 175440 -> 100000 for tx 84
2025-12-05T15:04:56.137727Z  WARN ThreadId(04) docker_node:   Connection reuse ineffective (2.0 msg/conn)
2025-12-05T15:04:56.274172Z  WARN ThreadId(06) docker_node: Node 0 Regular transaction queue backlog: 5160000 transactions
2025-12-05T15:04:57.317207Z  WARN ThreadId(03) hotstuff_runner::tx_utils: [synthetic-tx] capped equivalent count 175440 -> 100000 for tx 86
2025-12-05T15:04:58.927322Z  WARN ThreadId(03) hotstuff_runner::tx_utils: [synthetic-tx] capped equivalent count 140352 -> 100000 for tx 87
2025-12-05T15:05:01.137226Z  WARN ThreadId(06) docker_node:   Connection reuse ineffective (2.0 msg/conn)
2025-12-05T15:05:01.192719Z  WARN ThreadId(09) hotstuff_runner::tx_utils: [synthetic-tx] capped equivalent count 140352 -> 100000 for tx 88
2025-12-05T15:05:01.273468Z  WARN ThreadId(07) docker_node: Node 0 Regular transaction queue backlog: 5460000 transactions
2025-12-05T15:05:03.056786Z  WARN ThreadId(06) hotstuff_runner::tx_utils: [synthetic-tx] capped equivalent count 140352 -> 100000 for tx 89
2025-12-05T15:05:04.967587Z  WARN ThreadId(06) hotstuff_runner::tx_utils: [synthetic-tx] capped equivalent count 140352 -> 100000 for tx 90
2025-12-05T15:05:06.137851Z  WARN ThreadId(07) docker_node:   Connection reuse ineffective (2.0 msg/conn)
2025-12-05T15:05:06.273417Z  WARN ThreadId(07) docker_node: Node 0 Regular transaction queue backlog: 5660000 transactions
2025-12-05T15:05:06.731686Z  WARN ThreadId(09) hotstuff_runner::tx_utils: [synthetic-tx] capped equivalent count 175440 -> 100000 for tx 91
2025-12-05T15:05:08.626468Z  WARN ThreadId(24) hotstuff_runner::smrol::network: ⚠️ [SMROL] inbound handler error: Message too large: 12000169 bytes
2025-12-05T15:05:08.718571Z  WARN ThreadId(04) hotstuff_runner::tx_utils: [synthetic-tx] capped equivalent count 175440 -> 100000 for tx 92
2025-12-05T15:05:11.137826Z  WARN ThreadId(02) docker_node:   Connection reuse ineffective (2.0 msg/conn)
2025-12-05T15:05:11.274080Z  WARN ThreadId(02) docker_node: Node 0 Regular transaction queue backlog: 5860000 transactions
2025-12-05T15:05:12.301875Z  WARN ThreadId(02) hotstuff_runner::tx_utils: [synthetic-tx] capped equivalent count 140352 -> 100000 for tx 94
2025-12-05T15:05:14.315763Z  WARN ThreadId(02) hotstuff_runner::tx_utils: [synthetic-tx] capped equivalent count 140352 -> 100000 for tx 95
2025-12-05T15:05:15.037867Z  WARN ThreadId(09) hotstuff_runner::tx_utils: [synthetic-tx] capped equivalent count 140352 -> 100000 for tx 96
2025-12-05T15:05:16.137941Z  WARN ThreadId(02) docker_node:   Connection reuse ineffective (2.0 msg/conn)
2025-12-05T15:05:16.273854Z  WARN ThreadId(07) docker_node: Node 0 Regular transaction queue backlog: 6160000 transactions
2025-12-05T15:05:16.424019Z  WARN ThreadId(06) hotstuff_runner::tx_utils: [synthetic-tx] capped equivalent count 140352 -> 100000 for tx 97
2025-12-05T15:05:17.886246Z  WARN ThreadId(25) hotstuff_runner::smrol::network: ⚠️ [SMROL] inbound handler error: Message too large: 12000169 bytes
2025-12-05T15:05:18.063190Z  WARN ThreadId(07) hotstuff_runner::tx_utils: [synthetic-tx] capped equivalent count 175440 -> 100000 for tx 98
2025-12-05T15:05:19.168175Z  WARN ThreadId(25) hotstuff_runner::smrol::network: ⚠️ [SMROL] inbound handler error: Message too large: 12000169 bytes
2025-12-05T15:05:19.626884Z  WARN ThreadId(24) hotstuff_runner::smrol::network: ⚠️ [SMROL] inbound handler error: Message too large: 12000169 bytes
2025-12-05T15:05:19.654532Z  WARN ThreadId(07) hotstuff_runner::tx_utils: [synthetic-tx] capped equivalent count 140352 -> 100000 for tx 102
2025-12-05T15:05:19.915827Z  WARN ThreadId(06) hotstuff_runner::tx_utils: [synthetic-tx] capped equivalent count 140352 -> 100000 for tx 103
2025-12-05T15:05:20.010787Z  WARN ThreadId(04) hotstuff_runner::tx_utils: [synthetic-tx] capped equivalent count 105265 -> 100000 for tx 105
2025-12-05T15:05:20.635729Z  WARN ThreadId(02) hotstuff_runner::tx_utils: [synthetic-tx] capped equivalent count 140352 -> 100000 for tx 100
2025-12-05T15:05:21.137371Z  WARN ThreadId(08) docker_node:   Connection reuse ineffective (2.0 msg/conn)
2025-12-05T15:05:21.273365Z  WARN ThreadId(06) docker_node: Node 0 Regular transaction queue backlog: 6760000 transactions
2025-12-05T15:05:21.645831Z  WARN ThreadId(06) hotstuff_runner::tx_utils: [synthetic-tx] capped equivalent count 140352 -> 100000 for tx 106
2025-12-05T15:05:22.128900Z  WARN ThreadId(04) hotstuff_runner::tx_utils: [synthetic-tx] capped equivalent count 105265 -> 100000 for tx 107
2025-12-05T15:05:22.169299Z  WARN ThreadId(24) hotstuff_runner::smrol::network: ⚠️ [SMROL] inbound handler error: Message too large: 12000169 bytes
2025-12-05T15:05:24.244886Z  WARN ThreadId(02) hotstuff_runner::tx_utils: [synthetic-tx] capped equivalent count 175440 -> 100000 for tx 109
2025-12-05T15:05:24.516473Z  WARN ThreadId(24) hotstuff_runner::smrol::network: ⚠️ [SMROL] inbound handler error: Message too large: 12000169 bytes
2025-12-05T15:05:24.967531Z  WARN ThreadId(02) hotstuff_runner::tx_utils: [synthetic-tx] capped equivalent count 140352 -> 100000 for tx 110
2025-12-05T15:05:25.893252Z  WARN ThreadId(06) hotstuff_runner::tx_utils: [synthetic-tx] capped equivalent count 105265 -> 100000 for tx 112
2025-12-05T15:05:26.137954Z  WARN ThreadId(04) docker_node:   Connection reuse ineffective (2.0 msg/conn)
2025-12-05T15:05:26.273653Z  WARN ThreadId(06) docker_node: Node 0 Regular transaction queue backlog: 7260000 transactions
2025-12-05T15:05:26.766112Z  WARN ThreadId(04) hotstuff_runner::tx_utils: [synthetic-tx] capped equivalent count 175440 -> 100000 for tx 113
2025-12-05T15:05:27.598733Z  WARN ThreadId(06) hotstuff_runner::tx_utils: [synthetic-tx] capped equivalent count 175440 -> 100000 for tx 114
2025-12-05T15:05:27.941812Z  WARN ThreadId(06) hotstuff_runner::tx_utils: [synthetic-tx] capped equivalent count 140352 -> 100000 for tx 115
2025-12-05T15:05:28.687338Z  WARN ThreadId(07) hotstuff_runner::tx_utils: [synthetic-tx] capped equivalent count 175440 -> 100000 for tx 116
2025-12-05T15:05:29.390990Z  WARN ThreadId(08) hotstuff_runner::tx_utils: [synthetic-tx] capped equivalent count 140352 -> 100000 for tx 117
2025-12-05T15:05:30.036444Z  WARN ThreadId(07) hotstuff_runner::tx_utils: [synthetic-tx] capped equivalent count 140352 -> 100000 for tx 118
2025-12-05T15:05:30.572272Z  WARN ThreadId(24) hotstuff_runner::smrol::network: ⚠️ [SMROL] inbound handler error: Message too large: 12000169 bytes
2025-12-05T15:05:30.815549Z  WARN ThreadId(09) hotstuff_runner::tx_utils: [synthetic-tx] capped equivalent count 140352 -> 100000 for tx 119
2025-12-05T15:05:31.137171Z  WARN ThreadId(04) docker_node:   Connection reuse ineffective (2.0 msg/conn)
2025-12-05T15:05:31.273431Z  WARN ThreadId(08) docker_node: Node 0 Regular transaction queue backlog: 7960000 transactions
2025-12-05T15:05:31.329639Z  WARN ThreadId(25) hotstuff_runner::smrol::network: ⚠️ [SMROL] inbound handler error: Message too large: 12000169 bytes
2025-12-05T15:05:33.043369Z  WARN ThreadId(08) hotstuff_runner::tx_utils: [synthetic-tx] capped equivalent count 140352 -> 100000 for tx 122
2025-12-05T15:05:34.551606Z  WARN ThreadId(09) hotstuff_runner::tx_utils: [synthetic-tx] capped equivalent count 140352 -> 100000 for tx 123
2025-12-05T15:05:35.496242Z  WARN ThreadId(06) hotstuff_runner::tx_utils: [synthetic-tx] capped equivalent count 140352 -> 100000 for tx 124
2025-12-05T15:05:36.133178Z  WARN ThreadId(04) hotstuff_runner::tx_utils: [synthetic-tx] capped equivalent count 105265 -> 100000 for tx 125
2025-12-05T15:05:36.137486Z  WARN ThreadId(09) docker_node:   Connection reuse ineffective (2.0 msg/conn)
2025-12-05T15:05:36.273732Z  WARN ThreadId(09) docker_node: Node 0 Regular transaction queue backlog: 8360000 transactions
2025-12-05T15:05:37.532962Z  WARN ThreadId(09) hotstuff_runner::tx_utils: [synthetic-tx] capped equivalent count 175440 -> 100000 for tx 126
2025-12-05T15:05:38.079046Z  WARN ThreadId(07) hotstuff_runner::tx_utils: [synthetic-tx] capped equivalent count 105265 -> 100000 for tx 127
2025-12-05T15:05:38.995148Z  WARN ThreadId(09) hotstuff_runner::tx_utils: [synthetic-tx] capped equivalent count 105265 -> 100000 for tx 128
2025-12-05T15:05:41.137581Z  WARN ThreadId(07) docker_node:   Connection reuse ineffective (2.0 msg/conn)
2025-12-05T15:05:41.273278Z  WARN ThreadId(09) docker_node: Node 0 Regular transaction queue backlog: 8660000 transactions
2025-12-05T15:05:46.138214Z  WARN ThreadId(09) docker_node:   Connection reuse ineffective (2.0 msg/conn)
2025-12-05T15:05:46.273367Z  WARN ThreadId(07) docker_node: Node 0 Regular transaction queue backlog: 8660000 transactions
2025-12-05T15:05:51.138022Z  WARN ThreadId(09) docker_node:   Connection reuse ineffective (2.0 msg/conn)
2025-12-05T15:05:51.273277Z  WARN ThreadId(09) docker_node: Node 0 Regular transaction queue backlog: 8660000 transactions
