2025-11-07T04:20:16.833962Z  WARN ThreadId(01) hotstuff_runner::telemetry: Prometheus metrics exporter started ✅ listen_addr=0.0.0.0:9900
2025-11-07T04:20:16.834022Z  WARN ThreadId(01) hotstuff_runner::telemetry: ✅ wrote smrol.node_up=1 (boot) node_id=0
2025-11-07T04:20:37.037563Z  WARN ThreadId(01) hotstuff_runner::tcp_node: Node 0 view timeout set to 3000 ms
2025-11-07T04:20:37.041444Z ERROR ThreadId(22) hotstuff_runner::pompe_network: Node 0 failed to connect to node 1: Connection refused (os error 111)
2025-11-07T04:20:37.041859Z ERROR ThreadId(22) hotstuff_runner::pompe_network: Node 0 failed to connect to node 3: Connection refused (os error 111)
2025-11-07T04:20:37.042089Z ERROR ThreadId(22) hotstuff_runner::pompe_network: Node 0 failed to connect to node 4: Connection refused (os error 111)
2025-11-07T04:20:37.042609Z ERROR ThreadId(22) hotstuff_runner::pompe_network: Node 0 failed to connect to node 7: Connection refused (os error 111)
2025-11-07T04:20:37.042804Z ERROR ThreadId(22) hotstuff_runner::pompe_network: Node 0 failed to connect to node 8: Connection refused (os error 111)
2025-11-07T04:20:37.042999Z ERROR ThreadId(22) hotstuff_runner::pompe_network: Node 0 failed to connect to node 9: Connection refused (os error 111)
2025-11-07T04:20:37.043210Z ERROR ThreadId(22) hotstuff_runner::pompe_network: Node 0 failed to connect to node 10: Connection refused (os error 111)
2025-11-07T04:20:37.043541Z ERROR ThreadId(22) hotstuff_runner::pompe_network: Node 0 failed to connect to node 12: Connection refused (os error 111)
2025-11-07T04:20:37.043758Z ERROR ThreadId(22) hotstuff_runner::pompe_network: Node 0 failed to connect to node 13: Connection refused (os error 111)
2025-11-07T04:20:37.043923Z ERROR ThreadId(22) hotstuff_runner::pompe_network: Node 0 failed to connect to node 14: Connection refused (os error 111)
2025-11-07T04:20:37.044124Z ERROR ThreadId(22) hotstuff_runner::pompe_network: Node 0 failed to connect to node 15: Connection refused (os error 111)
2025-11-07T04:20:37.044330Z ERROR ThreadId(22) hotstuff_runner::pompe_network: Node 0 failed to connect to node 16: Connection refused (os error 111)
2025-11-07T04:20:37.044529Z ERROR ThreadId(22) hotstuff_runner::pompe_network: Node 0 failed to connect to node 17: Connection refused (os error 111)
2025-11-07T04:20:37.044729Z ERROR ThreadId(22) hotstuff_runner::pompe_network: Node 0 failed to connect to node 18: Connection refused (os error 111)
2025-11-07T04:20:37.044913Z ERROR ThreadId(22) hotstuff_runner::pompe_network: Node 0 failed to connect to node 19: Connection refused (os error 111)
2025-11-07T04:20:37.045093Z ERROR ThreadId(22) hotstuff_runner::pompe_network: Node 0 failed to connect to node 20: Connection refused (os error 111)
2025-11-07T04:20:37.045304Z ERROR ThreadId(22) hotstuff_runner::pompe_network: Node 0 failed to connect to node 21: Connection refused (os error 111)
2025-11-07T04:20:37.045496Z ERROR ThreadId(22) hotstuff_runner::pompe_network: Node 0 failed to connect to node 22: Connection refused (os error 111)
2025-11-07T04:20:37.045691Z ERROR ThreadId(22) hotstuff_runner::pompe_network: Node 0 failed to connect to node 23: Connection refused (os error 111)
2025-11-07T04:20:37.045851Z ERROR ThreadId(22) hotstuff_runner::pompe_network: Node 0 failed to connect to node 24: Connection refused (os error 111)
2025-11-07T04:20:37.046046Z ERROR ThreadId(22) hotstuff_runner::pompe_network: Node 0 failed to connect to node 25: Connection refused (os error 111)
2025-11-07T04:20:37.046273Z ERROR ThreadId(22) hotstuff_runner::pompe_network: Node 0 failed to connect to node 26: Connection refused (os error 111)
2025-11-07T04:20:37.046472Z ERROR ThreadId(22) hotstuff_runner::pompe_network: Node 0 failed to connect to node 27: Connection refused (os error 111)
2025-11-07T04:20:37.046665Z ERROR ThreadId(22) hotstuff_runner::pompe_network: Node 0 failed to connect to node 28: Connection refused (os error 111)
2025-11-07T04:20:37.046855Z ERROR ThreadId(22) hotstuff_runner::pompe_network: Node 0 failed to connect to node 29: Connection refused (os error 111)
2025-11-07T04:20:37.047069Z ERROR ThreadId(22) hotstuff_runner::pompe_network: Node 0 failed to connect to node 30: Connection refused (os error 111)
2025-11-07T04:20:37.047392Z ERROR ThreadId(22) hotstuff_runner::pompe_network: Node 0 failed to connect to node 32: Connection refused (os error 111)
2025-11-07T04:20:37.047617Z ERROR ThreadId(22) hotstuff_runner::pompe_network: Node 0 failed to connect to node 33: Connection refused (os error 111)
2025-11-07T04:20:37.047818Z ERROR ThreadId(22) hotstuff_runner::pompe_network: Node 0 failed to connect to node 34: Connection refused (os error 111)
2025-11-07T04:20:37.047979Z ERROR ThreadId(22) hotstuff_runner::pompe_network: Node 0 failed to connect to node 35: Connection refused (os error 111)
2025-11-07T04:20:37.048149Z ERROR ThreadId(22) hotstuff_runner::pompe_network: Node 0 failed to connect to node 36: Connection refused (os error 111)
2025-11-07T04:20:37.048334Z ERROR ThreadId(22) hotstuff_runner::pompe_network: Node 0 failed to connect to node 37: Connection refused (os error 111)
2025-11-07T04:20:37.048538Z ERROR ThreadId(22) hotstuff_runner::pompe_network: Node 0 failed to connect to node 38: Connection refused (os error 111)
2025-11-07T04:20:37.048764Z ERROR ThreadId(22) hotstuff_runner::pompe_network: Node 0 failed to connect to node 39: Connection refused (os error 111)
2025-11-07T04:20:37.048956Z ERROR ThreadId(22) hotstuff_runner::pompe_network: Node 0 failed to connect to node 40: Connection refused (os error 111)
2025-11-07T04:20:37.049167Z ERROR ThreadId(22) hotstuff_runner::pompe_network: Node 0 failed to connect to node 41: Connection refused (os error 111)
2025-11-07T04:20:37.049316Z ERROR ThreadId(22) hotstuff_runner::pompe_network: Node 0 failed to connect to node 42: Connection refused (os error 111)
2025-11-07T04:20:37.049488Z ERROR ThreadId(22) hotstuff_runner::pompe_network: Node 0 failed to connect to node 43: Connection refused (os error 111)
2025-11-07T04:20:37.049660Z ERROR ThreadId(22) hotstuff_runner::pompe_network: Node 0 failed to connect to node 44: Connection refused (os error 111)
2025-11-07T04:20:37.049867Z ERROR ThreadId(22) hotstuff_runner::pompe_network: Node 0 failed to connect to node 45: Connection refused (os error 111)
2025-11-07T04:20:37.050081Z ERROR ThreadId(22) hotstuff_runner::pompe_network: Node 0 failed to connect to node 46: Connection refused (os error 111)
2025-11-07T04:20:37.050286Z ERROR ThreadId(22) hotstuff_runner::pompe_network: Node 0 failed to connect to node 47: Connection refused (os error 111)
2025-11-07T04:20:37.050494Z ERROR ThreadId(22) hotstuff_runner::pompe_network: Node 0 failed to connect to node 48: Connection refused (os error 111)
2025-11-07T04:20:37.050677Z ERROR ThreadId(22) hotstuff_runner::pompe_network: Node 0 failed to connect to node 49: Connection refused (os error 111)
2025-11-07T04:20:37.050885Z ERROR ThreadId(22) hotstuff_runner::pompe_network: Node 0 failed to connect to node 50: Connection refused (os error 111)
2025-11-07T04:20:37.051066Z ERROR ThreadId(22) hotstuff_runner::pompe_network: Node 0 failed to connect to node 51: Connection refused (os error 111)
2025-11-07T04:20:37.051270Z ERROR ThreadId(22) hotstuff_runner::pompe_network: Node 0 failed to connect to node 52: Connection refused (os error 111)
2025-11-07T04:20:37.051463Z ERROR ThreadId(22) hotstuff_runner::pompe_network: Node 0 failed to connect to node 53: Connection refused (os error 111)
2025-11-07T04:20:37.051646Z ERROR ThreadId(22) hotstuff_runner::pompe_network: Node 0 failed to connect to node 54: Connection refused (os error 111)
2025-11-07T04:20:37.051838Z ERROR ThreadId(22) hotstuff_runner::pompe_network: Node 0 failed to connect to node 55: Connection refused (os error 111)
2025-11-07T04:20:37.052048Z ERROR ThreadId(22) hotstuff_runner::pompe_network: Node 0 failed to connect to node 56: Connection refused (os error 111)
2025-11-07T04:20:37.052401Z ERROR ThreadId(22) hotstuff_runner::pompe_network: Node 0 failed to connect to node 58: Connection refused (os error 111)
2025-11-07T04:20:37.058102Z  WARN ThreadId(01) hotstuff_runner::smrol::sequencing: SMROL_MEDIAN_INFLIGHT=24, SMROL_ORDER_FINALIZE_INFLIGHT=4, SMROL_FINAL_SIGN_INFLIGHT=4, SMROL_FINAL_VERIFY_INFLIGHT=24
2025-11-07T04:20:37.058155Z  WARN ThreadId(01) hotstuff_runner::smrol::sequencing: [Sequencing] Node 0 multi-signature verification disabled: false
2025-11-07T04:20:37.058253Z  WARN ThreadId(02) hotstuff_runner::smrol::sequencing: [Sequencing] Node 0 final verify dispatcher started
2025-11-07T04:20:37.059396Z  WARN ThreadId(02) docker_node:   Connection reuse ineffective (2.0 msg/conn)
2025-11-07T04:20:42.059250Z  WARN ThreadId(09) docker_node:   Connection reuse ineffective (2.0 msg/conn)
2025-11-07T04:20:42.062812Z  WARN ThreadId(01) docker_node: Node 0 port 20000 temporarily unreachable: failed to lookup address information: Temporary failure in name resolution
2025-11-07T04:20:42.064522Z  WARN ThreadId(01) docker_node: Node 1 port 20001 temporarily unreachable: failed to lookup address information: Temporary failure in name resolution
2025-11-07T04:20:42.066368Z  WARN ThreadId(01) docker_node: Node 2 port 20002 temporarily unreachable: failed to lookup address information: Temporary failure in name resolution
2025-11-07T04:20:42.068165Z  WARN ThreadId(01) docker_node: Node 3 port 20003 temporarily unreachable: failed to lookup address information: Temporary failure in name resolution
2025-11-07T04:20:42.070719Z  WARN ThreadId(01) docker_node: Node 4 port 20004 temporarily unreachable: failed to lookup address information: Temporary failure in name resolution
2025-11-07T04:20:42.072479Z  WARN ThreadId(01) docker_node: Node 5 port 20005 temporarily unreachable: failed to lookup address information: Temporary failure in name resolution
2025-11-07T04:20:42.074338Z  WARN ThreadId(01) docker_node: Node 6 port 20006 temporarily unreachable: failed to lookup address information: Temporary failure in name resolution
2025-11-07T04:20:42.076103Z  WARN ThreadId(01) docker_node: Node 7 port 20007 temporarily unreachable: failed to lookup address information: Temporary failure in name resolution
2025-11-07T04:20:42.078075Z  WARN ThreadId(01) docker_node: Node 8 port 20008 temporarily unreachable: failed to lookup address information: Temporary failure in name resolution
2025-11-07T04:20:42.082585Z  WARN ThreadId(01) docker_node: Node 9 port 20009 temporarily unreachable: failed to lookup address information: Temporary failure in name resolution
2025-11-07T04:20:42.084363Z  WARN ThreadId(01) docker_node: Node 10 port 20010 temporarily unreachable: failed to lookup address information: Temporary failure in name resolution
2025-11-07T04:20:42.092455Z  WARN ThreadId(01) docker_node: Node 11 port 20011 temporarily unreachable: failed to lookup address information: Temporary failure in name resolution
2025-11-07T04:20:42.094187Z  WARN ThreadId(01) docker_node: Node 12 port 20012 temporarily unreachable: failed to lookup address information: Temporary failure in name resolution
2025-11-07T04:20:42.096015Z  WARN ThreadId(01) docker_node: Node 13 port 20013 temporarily unreachable: failed to lookup address information: Temporary failure in name resolution
2025-11-07T04:20:42.098284Z  WARN ThreadId(01) docker_node: Node 14 port 20014 temporarily unreachable: failed to lookup address information: Temporary failure in name resolution
2025-11-07T04:20:42.100053Z  WARN ThreadId(01) docker_node: Node 15 port 20015 temporarily unreachable: failed to lookup address information: Temporary failure in name resolution
2025-11-07T04:20:42.101663Z  WARN ThreadId(01) docker_node: Node 16 port 20016 temporarily unreachable: failed to lookup address information: Temporary failure in name resolution
2025-11-07T04:20:42.103290Z  WARN ThreadId(01) docker_node: Node 17 port 20017 temporarily unreachable: failed to lookup address information: Temporary failure in name resolution
2025-11-07T04:20:42.105206Z  WARN ThreadId(01) docker_node: Node 18 port 20018 temporarily unreachable: failed to lookup address information: Temporary failure in name resolution
2025-11-07T04:20:42.108059Z  WARN ThreadId(01) docker_node: Node 19 port 20019 temporarily unreachable: failed to lookup address information: Temporary failure in name resolution
2025-11-07T04:20:42.109849Z  WARN ThreadId(01) docker_node: Node 20 port 20020 temporarily unreachable: failed to lookup address information: Temporary failure in name resolution
2025-11-07T04:20:42.111481Z  WARN ThreadId(01) docker_node: Node 21 port 20021 temporarily unreachable: failed to lookup address information: Temporary failure in name resolution
2025-11-07T04:20:42.113057Z  WARN ThreadId(01) docker_node: Node 22 port 20022 temporarily unreachable: failed to lookup address information: Temporary failure in name resolution
2025-11-07T04:20:42.114698Z  WARN ThreadId(01) docker_node: Node 23 port 20023 temporarily unreachable: failed to lookup address information: Temporary failure in name resolution
2025-11-07T04:20:42.116478Z  WARN ThreadId(01) docker_node: Node 24 port 20024 temporarily unreachable: failed to lookup address information: Temporary failure in name resolution
2025-11-07T04:20:42.118429Z  WARN ThreadId(01) docker_node: Node 25 port 20025 temporarily unreachable: failed to lookup address information: Temporary failure in name resolution
2025-11-07T04:20:42.120229Z  WARN ThreadId(01) docker_node: Node 26 port 20026 temporarily unreachable: failed to lookup address information: Temporary failure in name resolution
2025-11-07T04:20:42.121895Z  WARN ThreadId(01) docker_node: Node 27 port 20027 temporarily unreachable: failed to lookup address information: Temporary failure in name resolution
2025-11-07T04:20:42.123495Z  WARN ThreadId(01) docker_node: Node 28 port 20028 temporarily unreachable: failed to lookup address information: Temporary failure in name resolution
2025-11-07T04:20:42.125156Z  WARN ThreadId(01) docker_node: Node 29 port 20029 temporarily unreachable: failed to lookup address information: Temporary failure in name resolution
2025-11-07T04:20:42.126705Z  WARN ThreadId(01) docker_node: Node 30 port 20030 temporarily unreachable: failed to lookup address information: Temporary failure in name resolution
2025-11-07T04:20:42.128370Z  WARN ThreadId(01) docker_node: Node 31 port 20031 temporarily unreachable: failed to lookup address information: Temporary failure in name resolution
2025-11-07T04:20:42.130172Z  WARN ThreadId(01) docker_node: Node 32 port 20032 temporarily unreachable: failed to lookup address information: Temporary failure in name resolution
2025-11-07T04:20:42.131792Z  WARN ThreadId(01) docker_node: Node 33 port 20033 temporarily unreachable: failed to lookup address information: Temporary failure in name resolution
2025-11-07T04:20:42.133530Z  WARN ThreadId(01) docker_node: Node 34 port 20034 temporarily unreachable: failed to lookup address information: Temporary failure in name resolution
2025-11-07T04:20:42.135255Z  WARN ThreadId(01) docker_node: Node 35 port 20035 temporarily unreachable: failed to lookup address information: Temporary failure in name resolution
2025-11-07T04:20:42.136962Z  WARN ThreadId(01) docker_node: Node 36 port 20036 temporarily unreachable: failed to lookup address information: Temporary failure in name resolution
2025-11-07T04:20:42.138577Z  WARN ThreadId(01) docker_node: Node 37 port 20037 temporarily unreachable: failed to lookup address information: Temporary failure in name resolution
2025-11-07T04:20:42.140199Z  WARN ThreadId(01) docker_node: Node 38 port 20038 temporarily unreachable: failed to lookup address information: Temporary failure in name resolution
2025-11-07T04:20:42.141712Z  WARN ThreadId(01) docker_node: Node 39 port 20039 temporarily unreachable: failed to lookup address information: Temporary failure in name resolution
2025-11-07T04:20:42.143213Z  WARN ThreadId(01) docker_node: Node 40 port 20040 temporarily unreachable: failed to lookup address information: Temporary failure in name resolution
2025-11-07T04:20:42.144893Z  WARN ThreadId(01) docker_node: Node 41 port 20041 temporarily unreachable: failed to lookup address information: Temporary failure in name resolution
2025-11-07T04:20:42.146603Z  WARN ThreadId(01) docker_node: Node 42 port 20042 temporarily unreachable: failed to lookup address information: Temporary failure in name resolution
2025-11-07T04:20:42.148118Z  WARN ThreadId(01) docker_node: Node 43 port 20043 temporarily unreachable: failed to lookup address information: Temporary failure in name resolution
2025-11-07T04:20:42.149635Z  WARN ThreadId(01) docker_node: Node 44 port 20044 temporarily unreachable: failed to lookup address information: Temporary failure in name resolution
2025-11-07T04:20:42.151374Z  WARN ThreadId(01) docker_node: Node 45 port 20045 temporarily unreachable: failed to lookup address information: Temporary failure in name resolution
2025-11-07T04:20:42.153017Z  WARN ThreadId(01) docker_node: Node 46 port 20046 temporarily unreachable: failed to lookup address information: Temporary failure in name resolution
2025-11-07T04:20:42.154581Z  WARN ThreadId(01) docker_node: Node 47 port 20047 temporarily unreachable: failed to lookup address information: Temporary failure in name resolution
2025-11-07T04:20:42.156304Z  WARN ThreadId(01) docker_node: Node 48 port 20048 temporarily unreachable: failed to lookup address information: Temporary failure in name resolution
2025-11-07T04:20:42.158217Z  WARN ThreadId(01) docker_node: Node 49 port 20049 temporarily unreachable: failed to lookup address information: Temporary failure in name resolution
2025-11-07T04:20:42.161253Z  WARN ThreadId(01) docker_node: Node 50 port 20050 temporarily unreachable: failed to lookup address information: Temporary failure in name resolution
2025-11-07T04:20:42.163020Z  WARN ThreadId(01) docker_node: Node 51 port 20051 temporarily unreachable: failed to lookup address information: Temporary failure in name resolution
2025-11-07T04:20:42.164623Z  WARN ThreadId(01) docker_node: Node 52 port 20052 temporarily unreachable: failed to lookup address information: Temporary failure in name resolution
2025-11-07T04:20:42.167675Z  WARN ThreadId(01) docker_node: Node 53 port 20053 temporarily unreachable: failed to lookup address information: Temporary failure in name resolution
2025-11-07T04:20:42.169395Z  WARN ThreadId(01) docker_node: Node 54 port 20054 temporarily unreachable: failed to lookup address information: Temporary failure in name resolution
2025-11-07T04:20:42.170981Z  WARN ThreadId(01) docker_node: Node 55 port 20055 temporarily unreachable: failed to lookup address information: Temporary failure in name resolution
2025-11-07T04:20:42.172665Z  WARN ThreadId(01) docker_node: Node 56 port 20056 temporarily unreachable: failed to lookup address information: Temporary failure in name resolution
2025-11-07T04:20:42.174368Z  WARN ThreadId(01) docker_node: Node 57 port 20057 temporarily unreachable: failed to lookup address information: Temporary failure in name resolution
2025-11-07T04:20:42.176171Z  WARN ThreadId(01) docker_node: Node 58 port 20058 temporarily unreachable: failed to lookup address information: Temporary failure in name resolution
2025-11-07T04:20:42.177761Z  WARN ThreadId(01) docker_node: Node 59 port 20059 temporarily unreachable: failed to lookup address information: Temporary failure in name resolution
2025-11-07T04:20:47.058932Z  WARN ThreadId(09) docker_node:   Connection reuse ineffective (2.0 msg/conn)
2025-11-07T04:20:52.059469Z  WARN ThreadId(09) docker_node:   Connection reuse ineffective (2.0 msg/conn)
2025-11-07T04:20:57.059592Z  WARN ThreadId(09) docker_node:   Connection reuse ineffective (2.0 msg/conn)
2025-11-07T04:21:01.039409Z  WARN ThreadId(21) hotstuff_runner::tcp_node: Detected transaction backlog: submit rate (5.6) > confirm rate (0.0)
2025-11-07T04:21:03.899334Z  WARN ThreadId(21) hotstuff_runner::tcp_node: Detected transaction backlog: submit rate (5.3) > confirm rate (0.0)
2025-11-07T04:21:06.647085Z  WARN ThreadId(21) hotstuff_runner::tcp_node: Detected transaction backlog: submit rate (5.2) > confirm rate (0.0)
2025-11-07T04:21:07.042288Z  WARN ThreadId(09) hotstuff_runner::pompe: 🧹 [Cleanup] Node 0 cleared 2040 orphaned ordering1 states
2025-11-07T04:21:09.447666Z  WARN ThreadId(21) hotstuff_runner::tcp_node: Detected transaction backlog: submit rate (5.0) > confirm rate (2.7)
2025-11-07T04:21:12.549740Z  WARN ThreadId(21) hotstuff_runner::tcp_node: Detected transaction backlog: submit rate (5.1) > confirm rate (2.0)
2025-11-07T04:21:15.324481Z  WARN ThreadId(21) hotstuff_runner::tcp_node: Detected transaction backlog: submit rate (5.1) > confirm rate (1.6)
2025-11-07T04:21:17.058809Z  WARN ThreadId(07) docker_node: HotStuff processing bottleneck detected:
2025-11-07T04:21:17.058827Z  WARN ThreadId(07) docker_node:    - HotStuff queue backlog: 58 transactions
2025-11-07T04:21:17.058835Z  WARN ThreadId(07) docker_node:    - Confirmation TPS (0.0) much lower than submission TPS (5.0)
2025-11-07T04:21:17.058842Z  WARN ThreadId(07) docker_node:    - Possible cause: HotStuff consensus network delay or block size limitation
2025-11-07T04:21:18.046718Z  WARN ThreadId(21) hotstuff_runner::tcp_node: Detected transaction backlog: submit rate (5.0) > confirm rate (1.5)
2025-11-07T04:21:20.819066Z  WARN ThreadId(21) hotstuff_runner::tcp_node: Detected transaction backlog: submit rate (5.0) > confirm rate (1.3)
2025-11-07T04:21:22.059608Z  WARN ThreadId(06) docker_node: Low processing efficiency: 0.0% - system may need tuning
2025-11-07T04:21:27.059072Z  WARN ThreadId(06) docker_node: Low processing efficiency: 0.0% - system may need tuning
2025-11-07T04:21:32.059038Z  WARN ThreadId(07) docker_node: Low processing efficiency: 0.0% - system may need tuning
2025-11-07T04:21:37.044076Z  WARN ThreadId(02) hotstuff_runner::pompe: 🧹 [Cleanup] Node 0 cleared 7980 orphaned ordering1 states
2025-11-07T04:21:37.059188Z  WARN ThreadId(02) docker_node: Low processing efficiency: 0.0% - system may need tuning
2025-11-07T04:21:42.059481Z  WARN ThreadId(07) docker_node: Low processing efficiency: 0.0% - system may need tuning
2025-11-07T04:21:47.059464Z  WARN ThreadId(02) docker_node: Low processing efficiency: 0.0% - system may need tuning
2025-11-07T04:21:52.059614Z  WARN ThreadId(02) docker_node: Low processing efficiency: 0.0% - system may need tuning
2025-11-07T04:21:57.058739Z  WARN ThreadId(07) docker_node: Low processing efficiency: 0.0% - system may need tuning
2025-11-07T04:22:02.059076Z  WARN ThreadId(07) docker_node: Low processing efficiency: 0.0% - system may need tuning
2025-11-07T04:22:07.058792Z  WARN ThreadId(07) docker_node: Low processing efficiency: 0.0% - system may need tuning
2025-11-07T04:22:12.059691Z  WARN ThreadId(09) docker_node: Low processing efficiency: 0.0% - system may need tuning
2025-11-07T04:22:17.059462Z  WARN ThreadId(07) docker_node: Low processing efficiency: 0.0% - system may need tuning
2025-11-07T04:22:22.059398Z  WARN ThreadId(07) docker_node: Low processing efficiency: 0.0% - system may need tuning
2025-11-07T04:22:27.059069Z  WARN ThreadId(07) docker_node: Low processing efficiency: 0.0% - system may need tuning
2025-11-07T04:22:32.059733Z  WARN ThreadId(07) docker_node: Low processing efficiency: 0.0% - system may need tuning
2025-11-07T04:22:37.059616Z  WARN ThreadId(07) docker_node: Low processing efficiency: 0.0% - system may need tuning
2025-11-07T04:22:42.058943Z  WARN ThreadId(09) docker_node: Low processing efficiency: 0.0% - system may need tuning
2025-11-07T04:22:47.059543Z  WARN ThreadId(09) docker_node: Low processing efficiency: 0.0% - system may need tuning
2025-11-07T04:22:52.059429Z  WARN ThreadId(09) docker_node: Low processing efficiency: 0.0% - system may need tuning
2025-11-07T04:22:57.059510Z  WARN ThreadId(09) docker_node: Low processing efficiency: 0.0% - system may need tuning
2025-11-07T04:23:02.059075Z  WARN ThreadId(07) docker_node: Low processing efficiency: 0.0% - system may need tuning
2025-11-07T04:23:07.059260Z  WARN ThreadId(07) docker_node: Low processing efficiency: 0.0% - system may need tuning
2025-11-07T04:23:12.058779Z  WARN ThreadId(09) docker_node: Low processing efficiency: 0.0% - system may need tuning
2025-11-07T04:23:17.059173Z  WARN ThreadId(09) docker_node: Low processing efficiency: 0.0% - system may need tuning
2025-11-07T04:23:22.059160Z  WARN ThreadId(09) docker_node: Low processing efficiency: 0.0% - system may need tuning
