2025-11-12T03:30:01.236763Z  WARN ThreadId(01) docker_node: metrics exporter disabled by SMROL_DISABLE_METRICS
2025-11-12T03:30:21.440197Z  WARN ThreadId(01) hotstuff_runner::tcp_node: Node 0 view timeout set to 4000 ms
2025-11-12T03:30:21.442831Z ERROR ThreadId(23) hotstuff_runner::pompe_network: Node 0 failed to connect to node 1: Connection refused (os error 111)
2025-11-12T03:30:21.443602Z ERROR ThreadId(22) hotstuff_runner::pompe_network: Node 0 failed to connect to node 3: Connection refused (os error 111)
2025-11-12T03:30:21.443972Z ERROR ThreadId(22) hotstuff_runner::pompe_network: Node 0 failed to connect to node 4: Connection refused (os error 111)
2025-11-12T03:30:21.451666Z  WARN ThreadId(01) hotstuff_runner::smrol::sequencing: SMROL_MEDIAN_INFLIGHT=24, SMROL_ORDER_FINALIZE_INFLIGHT=4, SMROL_FINAL_SIGN_INFLIGHT=4, SMROL_FINAL_VERIFY_INFLIGHT=24
2025-11-12T03:30:21.451719Z  WARN ThreadId(01) hotstuff_runner::smrol::sequencing: [Sequencing] Node 0 multi-signature verification disabled: false
2025-11-12T03:30:21.451789Z  WARN ThreadId(09) hotstuff_runner::smrol::sequencing: [Sequencing] Node 0 final verify dispatcher started
2025-11-12T03:30:21.452931Z  WARN ThreadId(02) docker_node:   Connection reuse ineffective (2.0 msg/conn)
2025-11-12T03:30:26.452803Z  WARN ThreadId(07) docker_node:   Connection reuse ineffective (2.0 msg/conn)
2025-11-12T03:30:26.455024Z  WARN ThreadId(01) docker_node: Node 0 port 20000 temporarily unreachable: failed to lookup address information: Temporary failure in name resolution
2025-11-12T03:30:26.457141Z  WARN ThreadId(01) docker_node: Node 1 port 20001 temporarily unreachable: failed to lookup address information: Temporary failure in name resolution
2025-11-12T03:30:26.459119Z  WARN ThreadId(01) docker_node: Node 2 port 20002 temporarily unreachable: failed to lookup address information: Temporary failure in name resolution
2025-11-12T03:30:26.461444Z  WARN ThreadId(01) docker_node: Node 3 port 20003 temporarily unreachable: failed to lookup address information: Temporary failure in name resolution
2025-11-12T03:30:26.463682Z  WARN ThreadId(01) docker_node: Node 4 port 20004 temporarily unreachable: failed to lookup address information: Temporary failure in name resolution
2025-11-12T03:30:26.465484Z  WARN ThreadId(01) docker_node: Node 5 port 20005 temporarily unreachable: failed to lookup address information: Temporary failure in name resolution
2025-11-12T03:30:26.467565Z  WARN ThreadId(01) docker_node: Node 6 port 20006 temporarily unreachable: failed to lookup address information: Temporary failure in name resolution
2025-11-12T03:30:26.470732Z  WARN ThreadId(01) docker_node: Node 7 port 20007 temporarily unreachable: failed to lookup address information: Temporary failure in name resolution
2025-11-12T03:30:26.472852Z  WARN ThreadId(01) docker_node: Node 8 port 20008 temporarily unreachable: failed to lookup address information: Temporary failure in name resolution
2025-11-12T03:30:26.474902Z  WARN ThreadId(01) docker_node: Node 9 port 20009 temporarily unreachable: failed to lookup address information: Temporary failure in name resolution
2025-11-12T03:30:26.476819Z  WARN ThreadId(01) docker_node: Node 10 port 20010 temporarily unreachable: failed to lookup address information: Temporary failure in name resolution
2025-11-12T03:30:26.478895Z  WARN ThreadId(01) docker_node: Node 11 port 20011 temporarily unreachable: failed to lookup address information: Temporary failure in name resolution
2025-11-12T03:30:26.480843Z  WARN ThreadId(01) docker_node: Node 12 port 20012 temporarily unreachable: failed to lookup address information: Temporary failure in name resolution
2025-11-12T03:30:26.482625Z  WARN ThreadId(01) docker_node: Node 13 port 20013 temporarily unreachable: failed to lookup address information: Temporary failure in name resolution
2025-11-12T03:30:26.484595Z  WARN ThreadId(01) docker_node: Node 14 port 20014 temporarily unreachable: failed to lookup address information: Temporary failure in name resolution
2025-11-12T03:30:26.486438Z  WARN ThreadId(01) docker_node: Node 15 port 20015 temporarily unreachable: failed to lookup address information: Temporary failure in name resolution
2025-11-12T03:30:26.488113Z  WARN ThreadId(01) docker_node: Node 16 port 20016 temporarily unreachable: failed to lookup address information: Temporary failure in name resolution
2025-11-12T03:30:26.490336Z  WARN ThreadId(01) docker_node: Node 17 port 20017 temporarily unreachable: failed to lookup address information: Temporary failure in name resolution
2025-11-12T03:30:26.492312Z  WARN ThreadId(01) docker_node: Node 18 port 20018 temporarily unreachable: failed to lookup address information: Temporary failure in name resolution
2025-11-12T03:30:26.494100Z  WARN ThreadId(01) docker_node: Node 19 port 20019 temporarily unreachable: failed to lookup address information: Temporary failure in name resolution
2025-11-12T03:30:26.495951Z  WARN ThreadId(01) docker_node: Node 20 port 20020 temporarily unreachable: failed to lookup address information: Temporary failure in name resolution
2025-11-12T03:30:26.497855Z  WARN ThreadId(01) docker_node: Node 21 port 20021 temporarily unreachable: failed to lookup address information: Temporary failure in name resolution
2025-11-12T03:30:26.499636Z  WARN ThreadId(01) docker_node: Node 22 port 20022 temporarily unreachable: failed to lookup address information: Temporary failure in name resolution
2025-11-12T03:30:26.501543Z  WARN ThreadId(01) docker_node: Node 23 port 20023 temporarily unreachable: failed to lookup address information: Temporary failure in name resolution
2025-11-12T03:30:26.503514Z  WARN ThreadId(01) docker_node: Node 24 port 20024 temporarily unreachable: failed to lookup address information: Temporary failure in name resolution
2025-11-12T03:30:26.505432Z  WARN ThreadId(01) docker_node: Node 25 port 20025 temporarily unreachable: failed to lookup address information: Temporary failure in name resolution
2025-11-12T03:30:26.507531Z  WARN ThreadId(01) docker_node: Node 26 port 20026 temporarily unreachable: failed to lookup address information: Temporary failure in name resolution
2025-11-12T03:30:26.509421Z  WARN ThreadId(01) docker_node: Node 27 port 20027 temporarily unreachable: failed to lookup address information: Temporary failure in name resolution
2025-11-12T03:30:26.511395Z  WARN ThreadId(01) docker_node: Node 28 port 20028 temporarily unreachable: failed to lookup address information: Temporary failure in name resolution
2025-11-12T03:30:26.513263Z  WARN ThreadId(01) docker_node: Node 29 port 20029 temporarily unreachable: failed to lookup address information: Temporary failure in name resolution
2025-11-12T03:30:26.515109Z  WARN ThreadId(01) docker_node: Node 30 port 20030 temporarily unreachable: failed to lookup address information: Temporary failure in name resolution
2025-11-12T03:30:26.517136Z  WARN ThreadId(01) docker_node: Node 31 port 20031 temporarily unreachable: failed to lookup address information: Temporary failure in name resolution
2025-11-12T03:30:30.209715Z  WARN ThreadId(21) hotstuff_runner::tcp_node: Node 0 view 4 timed out; latency may accumulate
2025-11-12T03:30:31.452827Z  WARN ThreadId(07) docker_node:   Connection reuse ineffective (2.0 msg/conn)
2025-11-12T03:30:34.210506Z  WARN ThreadId(21) hotstuff_runner::tcp_node: Node 0 view 5 timed out; latency may accumulate
2025-11-12T03:30:36.452688Z  WARN ThreadId(07) docker_node:   Connection reuse ineffective (2.0 msg/conn)
2025-11-12T03:30:36.751158Z  WARN ThreadId(20) hotstuff_runner::app: Node 0 [produce_block] queue size: 0, attempting up to 0 transactions this block    
2025-11-12T03:30:41.452562Z  WARN ThreadId(07) docker_node:   Connection reuse ineffective (2.0 msg/conn)
2025-11-12T03:30:45.455588Z  WARN ThreadId(21) hotstuff_runner::tcp_node: Node 0 view 25 timed out; latency may accumulate
2025-11-12T03:30:46.452887Z  WARN ThreadId(07) docker_node:   Connection reuse ineffective (2.0 msg/conn)
2025-11-12T03:30:50.030890Z  WARN ThreadId(02) hotstuff_runner::pompe: ⚡ [Timed Output] Node 0 flushed 15116 transactions
2025-11-12T03:30:50.249073Z  WARN ThreadId(21) hotstuff_runner::tcp_node: Node 0 view 27 timed out; latency may accumulate
2025-11-12T03:30:50.527846Z  WARN ThreadId(02) hotstuff_runner::pompe: ⚡ [Timed Output] Node 0 flushed 6856 transactions
2025-11-12T03:30:51.026208Z  WARN ThreadId(07) hotstuff_runner::pompe: ⚡ [Timed Output] Node 0 flushed 3866 transactions
2025-11-12T03:30:51.452885Z  WARN ThreadId(06) docker_node:   Connection reuse ineffective (9.8 msg/conn)
2025-11-12T03:30:51.518074Z  WARN ThreadId(07) docker_node: Node 0 Regular transaction queue backlog: 25838 transactions
2025-11-12T03:30:54.304619Z  WARN ThreadId(21) hotstuff_runner::tcp_node: Detected transaction backlog: submit rate (0.2) > confirm rate (0.0)
2025-11-12T03:30:56.452626Z  WARN ThreadId(06) docker_node:   Connection reuse ineffective (9.8 msg/conn)
2025-11-12T03:30:56.517608Z  WARN ThreadId(06) docker_node: Node 0 Regular transaction queue backlog: 25838 transactions
2025-11-12T03:31:00.462710Z  WARN ThreadId(21) hotstuff_runner::tcp_node: Node 0 view 34 timed out; latency may accumulate
2025-11-12T03:31:01.453315Z  WARN ThreadId(06) docker_node:   Connection reuse ineffective (9.8 msg/conn)
2025-11-12T03:31:01.517497Z  WARN ThreadId(06) docker_node: Node 0 Regular transaction queue backlog: 25838 transactions
2025-11-12T03:31:04.463616Z  WARN ThreadId(21) hotstuff_runner::tcp_node: Node 0 view 35 timed out; latency may accumulate
2025-11-12T03:31:06.452348Z  WARN ThreadId(06) docker_node:   Connection reuse ineffective (9.8 msg/conn)
2025-11-12T03:31:06.517570Z  WARN ThreadId(06) docker_node: Node 0 Regular transaction queue backlog: 25838 transactions
2025-11-12T03:31:08.464526Z  WARN ThreadId(21) hotstuff_runner::tcp_node: Node 0 view 36 timed out; latency may accumulate
2025-11-12T03:31:11.453250Z  WARN ThreadId(06) docker_node:   Connection reuse ineffective (9.8 msg/conn)
2025-11-12T03:31:11.517473Z  WARN ThreadId(06) docker_node: Node 0 Regular transaction queue backlog: 25838 transactions
2025-11-12T03:31:16.453162Z  WARN ThreadId(06) docker_node:   Connection reuse ineffective (9.8 msg/conn)
2025-11-12T03:31:16.517383Z  WARN ThreadId(06) docker_node: Node 0 Regular transaction queue backlog: 25838 transactions
2025-11-12T03:31:17.415284Z  WARN ThreadId(21) hotstuff_runner::tcp_node: Node 0 view 39 timed out; latency may accumulate
2025-11-12T03:31:21.453275Z  WARN ThreadId(06) docker_node:   Connection reuse ineffective (9.8 msg/conn)
2025-11-12T03:31:21.517468Z  WARN ThreadId(07) docker_node: Node 0 Regular transaction queue backlog: 25838 transactions
2025-11-12T03:31:21.771140Z  WARN ThreadId(21) hotstuff_runner::tcp_node: Node 0 view 41 timed out; latency may accumulate
2025-11-12T03:31:26.452982Z  WARN ThreadId(09) docker_node:   Connection reuse ineffective (9.8 msg/conn)
2025-11-12T03:31:26.518204Z  WARN ThreadId(09) docker_node: Node 0 Regular transaction queue backlog: 25838 transactions
2025-11-12T03:31:26.581451Z  WARN ThreadId(21) hotstuff_runner::tcp_node: Node 0 view 45 timed out; latency may accumulate
2025-11-12T03:31:31.452731Z  WARN ThreadId(09) docker_node:   Connection reuse ineffective (9.8 msg/conn)
2025-11-12T03:31:31.517957Z  WARN ThreadId(09) docker_node: Node 0 Regular transaction queue backlog: 25838 transactions
2025-11-12T03:31:31.588235Z  WARN ThreadId(21) hotstuff_runner::tcp_node: Node 0 view 47 timed out; latency may accumulate
2025-11-12T03:31:31.730670Z  WARN ThreadId(20) hotstuff_rs::block_tree::invariants: SAFE_PC_FAIL: pc.block=[240, 214, 10, 135, 102, 99, 145, 93, 140, 164, 72, 94, 24, 30, 2, 14, 243, 140, 59, 208, 194, 144, 238, 161, 2, 7, 187, 83, 110, 98, 93, 200] view=26 phase=Generic | cond1(chain_id/genesis)=true (pc.chain_id=0, my.chain_id=0) | cond2(block_exists/genesis)=true (exists=true) | cond3(view>locked || extends)=false (pc.view=26, locked.view=44, extends=false) | cond4(phase/updates)=true (phase_special=false, has_updates=false) | highest_pc.block=[30, 22, 190, 183, 42, 71, 84, 43, 139, 83, 29, 244, 45, 14, 174, 177, 192, 94, 204, 111, 216, 114, 1, 114, 76, 248, 77, 165, 187, 114, 151, 29] highest_pc.view=46 locked.block=[61, 214, 95, 224, 107, 35, 23, 68, 101, 51, 95, 13, 100, 237, 36, 7, 235, 11, 52, 126, 57, 187, 76, 140, 208, 26, 114, 148, 239, 24, 175, 106] locked.view=44    
2025-11-12T03:31:31.730718Z  WARN ThreadId(20) hotstuff_rs::block_tree::invariants: SAFE_BLOCK_FAIL: block=[183, 191, 208, 115, 77, 118, 102, 168, 171, 79, 25, 2, 157, 155, 195, 55, 107, 161, 241, 169, 58, 70, 125, 245, 169, 195, 45, 54, 29, 47, 92, 210] height=None | cond1(safe_pc)=false | cond2(is_block_justify)=true (justify.phase=Generic) | justify.block=[240, 214, 10, 135, 102, 99, 145, 93, 140, 164, 72, 94, 24, 30, 2, 14, 243, 140, 59, 208, 194, 144, 238, 161, 2, 7, 187, 83, 110, 98, 93, 200] justify.view=26 | highest_pc.block=[30, 22, 190, 183, 42, 71, 84, 43, 139, 83, 29, 244, 45, 14, 174, 177, 192, 94, 204, 111, 216, 114, 1, 114, 76, 248, 77, 165, 187, 114, 151, 29] highest_pc.view=46 | locked.block=[61, 214, 95, 224, 107, 35, 23, 68, 101, 51, 95, 13, 100, 237, 36, 7, 235, 11, 52, 126, 57, 187, 76, 140, 208, 26, 114, 148, 239, 24, 175, 106] locked.view=44    
2025-11-12T03:31:35.589068Z  WARN ThreadId(21) hotstuff_runner::tcp_node: Node 0 view 48 timed out; latency may accumulate
2025-11-12T03:31:36.452555Z  WARN ThreadId(09) docker_node:   Connection reuse ineffective (9.8 msg/conn)
2025-11-12T03:31:36.517774Z  WARN ThreadId(09) docker_node: Node 0 Regular transaction queue backlog: 25838 transactions
2025-11-12T03:31:37.457746Z  WARN ThreadId(20) hotstuff_runner::app: Node 0 [produce_block] queue size: 25838, attempting up to 25838 transactions this block    
2025-11-12T03:31:41.452378Z  WARN ThreadId(09) docker_node:   Connection reuse ineffective (9.8 msg/conn)
2025-11-12T03:31:44.504514Z  WARN ThreadId(21) hotstuff_runner::tcp_node: Node 0 view 57 timed out; latency may accumulate
2025-11-12T03:31:46.453108Z  WARN ThreadId(09) docker_node:   Connection reuse ineffective (9.8 msg/conn)
2025-11-12T03:31:50.101729Z  WARN ThreadId(21) hotstuff_runner::tcp_node: Node 0 view 59 timed out; latency may accumulate
2025-11-12T03:31:51.452861Z  WARN ThreadId(07) docker_node:   Connection reuse ineffective (9.8 msg/conn)
2025-11-12T03:31:56.452406Z  WARN ThreadId(06) docker_node:   Connection reuse ineffective (9.8 msg/conn)
2025-11-12T03:32:01.452377Z  WARN ThreadId(06) docker_node:   Connection reuse ineffective (9.8 msg/conn)
2025-11-12T03:32:06.452756Z  WARN ThreadId(06) docker_node:   Connection reuse ineffective (9.8 msg/conn)
2025-11-12T03:32:11.452891Z  WARN ThreadId(06) docker_node:   Connection reuse ineffective (9.8 msg/conn)
2025-11-12T03:32:16.453200Z  WARN ThreadId(06) docker_node:   Connection reuse ineffective (9.8 msg/conn)
2025-11-12T03:32:16.737696Z  WARN ThreadId(21) hotstuff_runner::tcp_node: Node 0 view 77 timed out; latency may accumulate
2025-11-12T03:32:17.886236Z  WARN ThreadId(20) hotstuff_runner::app: Node 0 [produce_block] queue size: 0, attempting up to 0 transactions this block    
2025-11-12T03:32:21.452989Z  WARN ThreadId(06) docker_node:   Connection reuse ineffective (9.8 msg/conn)
2025-11-12T03:32:26.452339Z  WARN ThreadId(07) docker_node:   Connection reuse ineffective (9.8 msg/conn)
2025-11-12T03:32:28.028106Z  WARN ThreadId(20) hotstuff_runner::app: Node 0 [produce_block] queue size: 0, attempting up to 0 transactions this block    
2025-11-12T03:32:28.028133Z  WARN ThreadId(20) hotstuff_runner::app: Node 0 view(116) far exceeds block count (3); potential sync issue    
2025-11-12T03:32:31.452869Z  WARN ThreadId(07) docker_node:   Connection reuse ineffective (9.8 msg/conn)
2025-11-12T03:32:34.491273Z  WARN ThreadId(20) hotstuff_runner::app: Node 0 [produce_block] queue size: 0, attempting up to 0 transactions this block    
2025-11-12T03:32:34.491296Z  WARN ThreadId(20) hotstuff_runner::app: Node 0 view(148) far exceeds block count (4); potential sync issue    
2025-11-12T03:32:36.452785Z  WARN ThreadId(07) docker_node:   Connection reuse ineffective (9.8 msg/conn)
