2025-11-12T04:35:13.612469Z  WARN ThreadId(01) docker_node: metrics exporter disabled by SMROL_DISABLE_METRICS
2025-11-12T04:35:33.815766Z  WARN ThreadId(01) hotstuff_runner::tcp_node: Node 0 view timeout set to 4000 ms
2025-11-12T04:35:33.818840Z ERROR ThreadId(23) hotstuff_runner::pompe_network: Node 0 failed to connect to node 2: Connection refused (os error 111)
2025-11-12T04:35:33.819246Z ERROR ThreadId(23) hotstuff_runner::pompe_network: Node 0 failed to connect to node 3: Connection refused (os error 111)
2025-11-12T04:35:33.819609Z ERROR ThreadId(23) hotstuff_runner::pompe_network: Node 0 failed to connect to node 4: Connection refused (os error 111)
2025-11-12T04:35:33.819972Z ERROR ThreadId(23) hotstuff_runner::pompe_network: Node 0 failed to connect to node 5: Connection refused (os error 111)
2025-11-12T04:35:33.827341Z  WARN ThreadId(01) hotstuff_runner::smrol::sequencing: SMROL_MEDIAN_INFLIGHT=24, SMROL_ORDER_FINALIZE_INFLIGHT=4, SMROL_FINAL_SIGN_INFLIGHT=4, SMROL_FINAL_VERIFY_INFLIGHT=24
2025-11-12T04:35:33.827413Z  WARN ThreadId(01) hotstuff_runner::smrol::sequencing: [Sequencing] Node 0 multi-signature verification disabled: false
2025-11-12T04:35:33.827492Z  WARN ThreadId(02) hotstuff_runner::smrol::sequencing: [Sequencing] Node 0 final verify dispatcher started
2025-11-12T04:35:33.828566Z  WARN ThreadId(09) docker_node:   Connection reuse ineffective (2.0 msg/conn)
2025-11-12T04:35:37.817987Z  WARN ThreadId(21) hotstuff_runner::tcp_node: Node 0 view 0 timed out; latency may accumulate
2025-11-12T04:35:38.828049Z  WARN ThreadId(02) docker_node:   Connection reuse ineffective (2.0 msg/conn)
2025-11-12T04:35:38.830316Z  WARN ThreadId(01) docker_node: Node 0 port 20000 temporarily unreachable: failed to lookup address information: Temporary failure in name resolution
2025-11-12T04:35:38.832180Z  WARN ThreadId(01) docker_node: Node 1 port 20001 temporarily unreachable: failed to lookup address information: Temporary failure in name resolution
2025-11-12T04:35:38.833911Z  WARN ThreadId(01) docker_node: Node 2 port 20002 temporarily unreachable: failed to lookup address information: Temporary failure in name resolution
2025-11-12T04:35:38.835948Z  WARN ThreadId(01) docker_node: Node 3 port 20003 temporarily unreachable: failed to lookup address information: Temporary failure in name resolution
2025-11-12T04:35:38.837514Z  WARN ThreadId(01) docker_node: Node 4 port 20004 temporarily unreachable: failed to lookup address information: Temporary failure in name resolution
2025-11-12T04:35:38.839260Z  WARN ThreadId(01) docker_node: Node 5 port 20005 temporarily unreachable: failed to lookup address information: Temporary failure in name resolution
2025-11-12T04:35:38.841191Z  WARN ThreadId(01) docker_node: Node 6 port 20006 temporarily unreachable: failed to lookup address information: Temporary failure in name resolution
2025-11-12T04:35:38.842732Z  WARN ThreadId(01) docker_node: Node 7 port 20007 temporarily unreachable: failed to lookup address information: Temporary failure in name resolution
2025-11-12T04:35:38.844334Z  WARN ThreadId(01) docker_node: Node 8 port 20008 temporarily unreachable: failed to lookup address information: Temporary failure in name resolution
2025-11-12T04:35:38.846001Z  WARN ThreadId(01) docker_node: Node 9 port 20009 temporarily unreachable: failed to lookup address information: Temporary failure in name resolution
2025-11-12T04:35:38.847686Z  WARN ThreadId(01) docker_node: Node 10 port 20010 temporarily unreachable: failed to lookup address information: Temporary failure in name resolution
2025-11-12T04:35:38.849284Z  WARN ThreadId(01) docker_node: Node 11 port 20011 temporarily unreachable: failed to lookup address information: Temporary failure in name resolution
2025-11-12T04:35:38.850983Z  WARN ThreadId(01) docker_node: Node 12 port 20012 temporarily unreachable: failed to lookup address information: Temporary failure in name resolution
2025-11-12T04:35:38.852648Z  WARN ThreadId(01) docker_node: Node 13 port 20013 temporarily unreachable: failed to lookup address information: Temporary failure in name resolution
2025-11-12T04:35:38.854543Z  WARN ThreadId(01) docker_node: Node 14 port 20014 temporarily unreachable: failed to lookup address information: Temporary failure in name resolution
2025-11-12T04:35:38.857046Z  WARN ThreadId(01) docker_node: Node 15 port 20015 temporarily unreachable: failed to lookup address information: Temporary failure in name resolution
2025-11-12T04:35:38.859432Z  WARN ThreadId(01) docker_node: Node 16 port 20016 temporarily unreachable: failed to lookup address information: Temporary failure in name resolution
2025-11-12T04:35:38.861126Z  WARN ThreadId(01) docker_node: Node 17 port 20017 temporarily unreachable: failed to lookup address information: Temporary failure in name resolution
2025-11-12T04:35:38.863036Z  WARN ThreadId(01) docker_node: Node 18 port 20018 temporarily unreachable: failed to lookup address information: Temporary failure in name resolution
2025-11-12T04:35:38.864576Z  WARN ThreadId(01) docker_node: Node 19 port 20019 temporarily unreachable: failed to lookup address information: Temporary failure in name resolution
2025-11-12T04:35:38.866352Z  WARN ThreadId(01) docker_node: Node 20 port 20020 temporarily unreachable: failed to lookup address information: Temporary failure in name resolution
2025-11-12T04:35:38.867867Z  WARN ThreadId(01) docker_node: Node 21 port 20021 temporarily unreachable: failed to lookup address information: Temporary failure in name resolution
2025-11-12T04:35:38.869523Z  WARN ThreadId(01) docker_node: Node 22 port 20022 temporarily unreachable: failed to lookup address information: Temporary failure in name resolution
2025-11-12T04:35:38.871410Z  WARN ThreadId(01) docker_node: Node 23 port 20023 temporarily unreachable: failed to lookup address information: Temporary failure in name resolution
2025-11-12T04:35:38.873132Z  WARN ThreadId(01) docker_node: Node 24 port 20024 temporarily unreachable: failed to lookup address information: Temporary failure in name resolution
2025-11-12T04:35:38.874879Z  WARN ThreadId(01) docker_node: Node 25 port 20025 temporarily unreachable: failed to lookup address information: Temporary failure in name resolution
2025-11-12T04:35:38.876384Z  WARN ThreadId(01) docker_node: Node 26 port 20026 temporarily unreachable: failed to lookup address information: Temporary failure in name resolution
2025-11-12T04:35:38.878276Z  WARN ThreadId(01) docker_node: Node 27 port 20027 temporarily unreachable: failed to lookup address information: Temporary failure in name resolution
2025-11-12T04:35:38.880003Z  WARN ThreadId(01) docker_node: Node 28 port 20028 temporarily unreachable: failed to lookup address information: Temporary failure in name resolution
2025-11-12T04:35:38.881834Z  WARN ThreadId(01) docker_node: Node 29 port 20029 temporarily unreachable: failed to lookup address information: Temporary failure in name resolution
2025-11-12T04:35:38.883443Z  WARN ThreadId(01) docker_node: Node 30 port 20030 temporarily unreachable: failed to lookup address information: Temporary failure in name resolution
2025-11-12T04:35:38.884985Z  WARN ThreadId(01) docker_node: Node 31 port 20031 temporarily unreachable: failed to lookup address information: Temporary failure in name resolution
2025-11-12T04:35:42.877775Z  WARN ThreadId(21) hotstuff_runner::tcp_node: Node 0 view 4 timed out; latency may accumulate
2025-11-12T04:35:43.828354Z  WARN ThreadId(02) docker_node:   Connection reuse ineffective (2.0 msg/conn)
2025-11-12T04:35:46.878490Z  WARN ThreadId(21) hotstuff_runner::tcp_node: Node 0 view 5 timed out; latency may accumulate
2025-11-12T04:35:48.828076Z  WARN ThreadId(02) docker_node:   Connection reuse ineffective (2.0 msg/conn)
2025-11-12T04:35:49.431257Z  WARN ThreadId(20) hotstuff_runner::app: Node 0 [produce_block] queue size: 0, attempting up to 0 transactions this block    
2025-11-12T04:35:53.828758Z  WARN ThreadId(02) docker_node:   Connection reuse ineffective (2.0 msg/conn)
2025-11-12T04:35:54.404085Z  WARN ThreadId(21) hotstuff_runner::tcp_node: Node 0 view 25 timed out; latency may accumulate
2025-11-12T04:35:58.828101Z  WARN ThreadId(02) docker_node:   Connection reuse ineffective (2.0 msg/conn)
2025-11-12T04:35:59.220152Z  WARN ThreadId(20) hotstuff_runner::app: Node 0 [produce_block] queue size: 0, attempting up to 0 transactions this block    
2025-11-12T04:36:03.123019Z ERROR ThreadId(22) hotstuff_runner::pompe_network: Pompe message too large: 1200212 bytes
2025-11-12T04:36:03.828214Z  WARN ThreadId(08) docker_node:   Connection reuse ineffective (5.4 msg/conn)
2025-11-12T04:36:03.832650Z  WARN ThreadId(21) hotstuff_runner::tcp_node: Detected transaction backlog: submit rate (1.3) > confirm rate (0.0)
2025-11-12T04:36:04.150356Z ERROR ThreadId(22) hotstuff_runner::pompe_network: Pompe message too large: 1200212 bytes
2025-11-12T04:36:04.353394Z  WARN ThreadId(08) hotstuff_runner::pompe: ⚡ [Timed Output] Node 0 flushed 77201 transactions
2025-11-12T04:36:05.035514Z ERROR ThreadId(22) hotstuff_runner::pompe_network: Pompe message too large: 1200214 bytes
2025-11-12T04:36:05.333468Z  WARN ThreadId(08) hotstuff_runner::pompe: ⚡ [Timed Output] Node 0 flushed 35090 transactions
2025-11-12T04:36:05.832858Z  WARN ThreadId(09) hotstuff_runner::pompe: ⚡ [Timed Output] Node 0 flushed 31582 transactions
2025-11-12T04:36:08.828935Z  WARN ThreadId(02) docker_node:   Connection reuse ineffective (7.0 msg/conn)
2025-11-12T04:36:08.850919Z ERROR ThreadId(23) hotstuff_runner::pompe_network: Pompe message too large: 1200214 bytes
2025-11-12T04:36:08.886199Z  WARN ThreadId(02) docker_node: Node 0 Regular transaction queue backlog: 157910 transactions
2025-11-12T04:36:12.302962Z ERROR ThreadId(23) hotstuff_runner::pompe_network: Pompe message too large: 1200214 bytes
2025-11-12T04:36:13.828098Z  WARN ThreadId(09) docker_node:   Connection reuse ineffective (7.5 msg/conn)
2025-11-12T04:36:13.886865Z  WARN ThreadId(02) docker_node: Node 0 Regular transaction queue backlog: 217565 transactions
2025-11-12T04:36:14.447687Z ERROR ThreadId(23) hotstuff_runner::pompe_network: Pompe message too large: 1200214 bytes
2025-11-12T04:36:14.790581Z  WARN ThreadId(20) hotstuff_runner::app: Node 0 [produce_block] queue size: 235110, attempting up to 180000 transactions this block    
2025-11-12T04:36:14.999678Z  WARN ThreadId(08) hotstuff_runner::pompe: ⚡ [Timed Output] Node 0 flushed 56148 transactions
2025-11-12T04:36:15.476328Z  WARN ThreadId(02) hotstuff_runner::pompe: ⚡ [Timed Output] Node 0 flushed 17545 transactions
2025-11-12T04:36:16.427862Z ERROR ThreadId(23) hotstuff_runner::pompe_network: Pompe message too large: 1200212 bytes
2025-11-12T04:36:16.438409Z ERROR ThreadId(23) hotstuff_runner::pompe_network: Pompe message too large: 1200212 bytes
2025-11-12T04:36:16.495182Z  WARN ThreadId(02) hotstuff_runner::pompe: ⚡ [Timed Output] Node 0 flushed 42110 transactions
2025-11-12T04:36:16.978845Z  WARN ThreadId(08) hotstuff_runner::pompe: ⚡ [Timed Output] Node 0 flushed 10528 transactions
2025-11-12T04:36:16.995252Z ERROR ThreadId(23) hotstuff_runner::pompe_network: Pompe message too large: 1200212 bytes
2025-11-12T04:36:17.491790Z  WARN ThreadId(02) hotstuff_runner::pompe: ⚡ [Timed Output] Node 0 flushed 45619 transactions
2025-11-12T04:36:18.008271Z  WARN ThreadId(02) hotstuff_runner::pompe: ⚡ [Timed Output] Node 0 flushed 87730 transactions
2025-11-12T04:36:18.494815Z  WARN ThreadId(08) hotstuff_runner::pompe: ⚡ [Timed Output] Node 0 flushed 31582 transactions
2025-11-12T04:36:18.790217Z  WARN ThreadId(21) hotstuff_runner::tcp_node: Node 0 view 84 timed out; latency may accumulate
2025-11-12T04:36:18.828408Z  WARN ThreadId(09) docker_node:   Connection reuse ineffective (14.0 msg/conn)
2025-11-12T04:36:18.886281Z  WARN ThreadId(09) docker_node: Node 0 Regular transaction queue backlog: 291262 transactions
2025-11-12T04:36:18.958442Z ERROR ThreadId(22) hotstuff_runner::pompe_network: Pompe message too large: 1200214 bytes
2025-11-12T04:36:19.367868Z ERROR ThreadId(22) hotstuff_runner::pompe_network: Pompe message too large: 1200214 bytes
2025-11-12T04:36:19.373368Z ERROR ThreadId(22) hotstuff_runner::pompe_network: Pompe message too large: 1200214 bytes
2025-11-12T04:36:19.562173Z ERROR ThreadId(23) hotstuff_runner::pompe_network: Pompe message too large: 1200214 bytes
2025-11-12T04:36:19.835154Z ERROR ThreadId(22) hotstuff_runner::pompe_network: Pompe message too large: 1200214 bytes
2025-11-12T04:36:19.905708Z  WARN ThreadId(09) hotstuff_runner::pompe: ⚡ [Timed Output] Node 0 flushed 31582 transactions
2025-11-12T04:36:20.404643Z  WARN ThreadId(09) hotstuff_runner::pompe: ⚡ [Timed Output] Node 0 flushed 17545 transactions
2025-11-12T04:36:20.955504Z  WARN ThreadId(08) hotstuff_runner::pompe: ⚡ [Timed Output] Node 0 flushed 119310 transactions
2025-11-12T04:36:21.427760Z  WARN ThreadId(09) hotstuff_runner::pompe: ⚡ [Timed Output] Node 0 flushed 49127 transactions
2025-11-12T04:36:21.909258Z  WARN ThreadId(08) hotstuff_runner::pompe: ⚡ [Timed Output] Node 0 flushed 17545 transactions
2025-11-12T04:36:22.092960Z  WARN ThreadId(20) hotstuff_rs::block_tree::invariants: SAFE_PC_FAIL: pc.block=[154, 168, 42, 50, 19, 153, 149, 154, 224, 83, 114, 170, 176, 242, 98, 47, 16, 44, 220, 180, 144, 27, 6, 173, 160, 244, 105, 170, 223, 176, 46, 48] view=77 phase=Generic | cond1(chain_id/genesis)=true (pc.chain_id=0, my.chain_id=0) | cond2(block_exists/genesis)=true (exists=true) | cond3(view>locked || extends)=false (pc.view=77, locked.view=82, extends=false) | cond4(phase/updates)=true (phase_special=false, has_updates=false) | highest_pc.block=[134, 251, 165, 197, 164, 129, 179, 73, 236, 179, 103, 37, 151, 92, 246, 243, 126, 126, 34, 79, 36, 163, 131, 28, 71, 49, 12, 148, 72, 208, 213, 150] highest_pc.view=83 locked.block=[178, 111, 215, 242, 211, 93, 62, 252, 85, 141, 85, 41, 66, 206, 149, 180, 37, 41, 20, 136, 247, 221, 139, 129, 243, 108, 9, 44, 189, 52, 121, 230] locked.view=82    
2025-11-12T04:36:22.093007Z  WARN ThreadId(20) hotstuff_rs::block_tree::invariants: SAFE_BLOCK_FAIL: block=[152, 231, 56, 210, 80, 190, 169, 0, 254, 71, 155, 127, 177, 233, 107, 200, 59, 106, 10, 132, 245, 83, 92, 36, 248, 47, 27, 132, 40, 218, 211, 180] height=None | cond1(safe_pc)=false | cond2(is_block_justify)=true (justify.phase=Generic) | justify.block=[154, 168, 42, 50, 19, 153, 149, 154, 224, 83, 114, 170, 176, 242, 98, 47, 16, 44, 220, 180, 144, 27, 6, 173, 160, 244, 105, 170, 223, 176, 46, 48] justify.view=77 | highest_pc.block=[134, 251, 165, 197, 164, 129, 179, 73, 236, 179, 103, 37, 151, 92, 246, 243, 126, 126, 34, 79, 36, 163, 131, 28, 71, 49, 12, 148, 72, 208, 213, 150] highest_pc.view=83 | locked.block=[178, 111, 215, 242, 211, 93, 62, 252, 85, 141, 85, 41, 66, 206, 149, 180, 37, 41, 20, 136, 247, 221, 139, 129, 243, 108, 9, 44, 189, 52, 121, 230] locked.view=82    
2025-11-12T04:36:22.791033Z  WARN ThreadId(21) hotstuff_runner::tcp_node: Node 0 view 85 timed out; latency may accumulate
2025-11-12T04:36:23.828264Z  WARN ThreadId(02) docker_node:   Connection reuse ineffective (15.9 msg/conn)
2025-11-12T04:36:23.886471Z  WARN ThreadId(02) docker_node: Node 0 Regular transaction queue backlog: 526371 transactions
2025-11-12T04:36:28.828197Z  WARN ThreadId(02) docker_node:   Connection reuse ineffective (15.9 msg/conn)
2025-11-12T04:36:28.886417Z  WARN ThreadId(02) docker_node: Node 0 Regular transaction queue backlog: 526371 transactions
2025-11-12T04:36:33.828685Z  WARN ThreadId(02) docker_node:   Connection reuse ineffective (15.9 msg/conn)
2025-11-12T04:36:33.886852Z  WARN ThreadId(08) docker_node: Node 0 Regular transaction queue backlog: 526371 transactions
2025-11-12T04:36:38.828197Z  WARN ThreadId(09) docker_node:   Connection reuse ineffective (15.9 msg/conn)
2025-11-12T04:36:38.886408Z  WARN ThreadId(09) docker_node: Node 0 Regular transaction queue backlog: 526371 transactions
2025-11-12T04:36:42.376513Z  WARN ThreadId(20) hotstuff_rs::block_tree::invariants: SAFE_PC_FAIL: pc.block=[154, 168, 42, 50, 19, 153, 149, 154, 224, 83, 114, 170, 176, 242, 98, 47, 16, 44, 220, 180, 144, 27, 6, 173, 160, 244, 105, 170, 223, 176, 46, 48] view=77 phase=Generic | cond1(chain_id/genesis)=true (pc.chain_id=0, my.chain_id=0) | cond2(block_exists/genesis)=true (exists=true) | cond3(view>locked || extends)=false (pc.view=77, locked.view=88, extends=false) | cond4(phase/updates)=true (phase_special=false, has_updates=false) | highest_pc.block=[6, 131, 42, 37, 232, 161, 250, 38, 13, 151, 47, 107, 205, 104, 41, 231, 147, 173, 210, 151, 39, 163, 236, 194, 16, 44, 246, 95, 63, 144, 190, 208] highest_pc.view=89 locked.block=[67, 84, 100, 168, 199, 203, 170, 174, 35, 60, 224, 185, 235, 225, 8, 250, 200, 234, 99, 122, 47, 232, 4, 112, 254, 136, 235, 72, 3, 239, 88, 216] locked.view=88    
2025-11-12T04:36:42.376577Z  WARN ThreadId(20) hotstuff_rs::block_tree::invariants: SAFE_BLOCK_FAIL: block=[87, 243, 47, 212, 137, 92, 46, 72, 148, 218, 96, 229, 156, 37, 27, 178, 134, 47, 142, 42, 43, 185, 144, 58, 107, 105, 126, 242, 105, 242, 193, 255] height=None | cond1(safe_pc)=false | cond2(is_block_justify)=true (justify.phase=Generic) | justify.block=[154, 168, 42, 50, 19, 153, 149, 154, 224, 83, 114, 170, 176, 242, 98, 47, 16, 44, 220, 180, 144, 27, 6, 173, 160, 244, 105, 170, 223, 176, 46, 48] justify.view=77 | highest_pc.block=[6, 131, 42, 37, 232, 161, 250, 38, 13, 151, 47, 107, 205, 104, 41, 231, 147, 173, 210, 151, 39, 163, 236, 194, 16, 44, 246, 95, 63, 144, 190, 208] highest_pc.view=89 | locked.block=[67, 84, 100, 168, 199, 203, 170, 174, 35, 60, 224, 185, 235, 225, 8, 250, 200, 234, 99, 122, 47, 232, 4, 112, 254, 136, 235, 72, 3, 239, 88, 216] locked.view=88    
2025-11-12T04:36:43.828514Z  WARN ThreadId(09) docker_node:   Connection reuse ineffective (15.9 msg/conn)
2025-11-12T04:36:43.886722Z  WARN ThreadId(09) docker_node: Node 0 Regular transaction queue backlog: 526371 transactions
2025-11-12T04:36:48.234145Z  WARN ThreadId(21) hotstuff_runner::tcp_node: Node 0 view 92 timed out; latency may accumulate
2025-11-12T04:36:48.828108Z  WARN ThreadId(09) docker_node:   Connection reuse ineffective (15.9 msg/conn)
2025-11-12T04:36:48.886325Z  WARN ThreadId(09) docker_node: Node 0 Regular transaction queue backlog: 526371 transactions
2025-11-12T04:36:53.828311Z  WARN ThreadId(09) docker_node:   Connection reuse ineffective (15.9 msg/conn)
2025-11-12T04:36:53.886554Z  WARN ThreadId(09) docker_node: Node 0 Regular transaction queue backlog: 526371 transactions
2025-11-12T04:36:58.828130Z  WARN ThreadId(09) docker_node:   Connection reuse ineffective (15.9 msg/conn)
2025-11-12T04:36:58.886283Z  WARN ThreadId(09) docker_node: Node 0 Regular transaction queue backlog: 526371 transactions
2025-11-12T04:37:03.828336Z  WARN ThreadId(09) docker_node:   Connection reuse ineffective (15.9 msg/conn)
2025-11-12T04:37:03.886548Z  WARN ThreadId(08) docker_node: Node 0 Regular transaction queue backlog: 526371 transactions
2025-11-12T04:37:08.828190Z  WARN ThreadId(08) docker_node:   Connection reuse ineffective (15.9 msg/conn)
2025-11-12T04:37:08.886396Z  WARN ThreadId(08) docker_node: Node 0 Regular transaction queue backlog: 526371 transactions
2025-11-12T04:37:13.828664Z  WARN ThreadId(08) docker_node:   Connection reuse ineffective (15.9 msg/conn)
2025-11-12T04:37:13.886866Z  WARN ThreadId(08) docker_node: Node 0 Regular transaction queue backlog: 526371 transactions
2025-11-12T04:37:16.679588Z  WARN ThreadId(21) hotstuff_runner::tcp_node: Node 0 view 100 timed out; latency may accumulate
2025-11-12T04:37:18.828536Z  WARN ThreadId(08) docker_node:   Connection reuse ineffective (15.9 msg/conn)
2025-11-12T04:37:18.886740Z  WARN ThreadId(08) docker_node: Node 0 Regular transaction queue backlog: 526371 transactions
2025-11-12T04:37:23.694135Z  WARN ThreadId(21) hotstuff_runner::tcp_node: Node 0 view 101 timed out; latency may accumulate
2025-11-12T04:37:23.828192Z  WARN ThreadId(08) docker_node:   Connection reuse ineffective (15.9 msg/conn)
2025-11-12T04:37:23.886403Z  WARN ThreadId(08) docker_node: Node 0 Regular transaction queue backlog: 526371 transactions
2025-11-12T04:37:28.828592Z  WARN ThreadId(08) docker_node:   Connection reuse ineffective (15.9 msg/conn)
2025-11-12T04:37:28.886788Z  WARN ThreadId(08) docker_node: Node 0 Regular transaction queue backlog: 526371 transactions
