2025-11-14T01:54:51.829731Z  WARN ThreadId(01) docker_node: metrics exporter disabled by SMROL_DISABLE_METRICS
2025-11-14T01:55:12.045037Z  WARN ThreadId(01) hotstuff_runner::tcp_node: Node 1 view timeout set to 3000 ms
2025-11-14T01:55:12.057270Z  WARN ThreadId(01) hotstuff_runner::smrol::sequencing: SMROL_MEDIAN_INFLIGHT=24, SMROL_ORDER_FINALIZE_INFLIGHT=4, SMROL_FINAL_SIGN_INFLIGHT=4, SMROL_FINAL_VERIFY_INFLIGHT=24
2025-11-14T01:55:12.057332Z  WARN ThreadId(01) hotstuff_runner::smrol::sequencing: [Sequencing] Node 1 multi-signature verification disabled: false
2025-11-14T01:55:12.058153Z  WARN ThreadId(07) hotstuff_runner::smrol::sequencing: [Sequencing] Node 1 final verify dispatcher started
2025-11-14T01:55:12.058156Z  WARN ThreadId(08) docker_node:   Connection reuse ineffective (2.0 msg/conn)
2025-11-14T01:55:15.046320Z  WARN ThreadId(21) hotstuff_runner::tcp_node: Node 1 view 0 timed out; latency may accumulate
2025-11-14T01:55:16.303498Z  WARN ThreadId(20) hotstuff_runner::app: Node 1 [produce_block] queue size: 0, attempting up to 0 transactions this block    
2025-11-14T01:55:17.058314Z  WARN ThreadId(09) docker_node:   Connection reuse ineffective (2.0 msg/conn)
2025-11-14T01:55:17.061476Z  WARN ThreadId(01) docker_node: Node 0 port 20000 temporarily unreachable: failed to lookup address information: Temporary failure in name resolution
2025-11-14T01:55:17.063115Z  WARN ThreadId(01) docker_node: Node 1 port 20001 temporarily unreachable: failed to lookup address information: Temporary failure in name resolution
2025-11-14T01:55:17.064892Z  WARN ThreadId(01) docker_node: Node 2 port 20002 temporarily unreachable: failed to lookup address information: Temporary failure in name resolution
2025-11-14T01:55:17.066755Z  WARN ThreadId(01) docker_node: Node 3 port 20003 temporarily unreachable: failed to lookup address information: Temporary failure in name resolution
2025-11-14T01:55:17.068332Z  WARN ThreadId(01) docker_node: Node 4 port 20004 temporarily unreachable: failed to lookup address information: Temporary failure in name resolution
2025-11-14T01:55:17.070023Z  WARN ThreadId(01) docker_node: Node 5 port 20005 temporarily unreachable: failed to lookup address information: Temporary failure in name resolution
2025-11-14T01:55:17.071792Z  WARN ThreadId(01) docker_node: Node 6 port 20006 temporarily unreachable: failed to lookup address information: Temporary failure in name resolution
2025-11-14T01:55:17.073518Z  WARN ThreadId(01) docker_node: Node 7 port 20007 temporarily unreachable: failed to lookup address information: Temporary failure in name resolution
2025-11-14T01:55:17.075171Z  WARN ThreadId(01) docker_node: Node 8 port 20008 temporarily unreachable: failed to lookup address information: Temporary failure in name resolution
2025-11-14T01:55:17.077064Z  WARN ThreadId(01) docker_node: Node 9 port 20009 temporarily unreachable: failed to lookup address information: Temporary failure in name resolution
2025-11-14T01:55:17.078799Z  WARN ThreadId(01) docker_node: Node 10 port 20010 temporarily unreachable: failed to lookup address information: Temporary failure in name resolution
2025-11-14T01:55:17.080635Z  WARN ThreadId(01) docker_node: Node 11 port 20011 temporarily unreachable: failed to lookup address information: Temporary failure in name resolution
2025-11-14T01:55:17.082446Z  WARN ThreadId(01) docker_node: Node 12 port 20012 temporarily unreachable: failed to lookup address information: Temporary failure in name resolution
2025-11-14T01:55:17.084415Z  WARN ThreadId(01) docker_node: Node 13 port 20013 temporarily unreachable: failed to lookup address information: Temporary failure in name resolution
2025-11-14T01:55:17.086132Z  WARN ThreadId(01) docker_node: Node 14 port 20014 temporarily unreachable: failed to lookup address information: Temporary failure in name resolution
2025-11-14T01:55:17.087758Z  WARN ThreadId(01) docker_node: Node 15 port 20015 temporarily unreachable: failed to lookup address information: Temporary failure in name resolution
2025-11-14T01:55:18.834128Z  WARN ThreadId(20) hotstuff_runner::app: Node 1 [produce_block] queue size: 0, attempting up to 0 transactions this block    
2025-11-14T01:55:21.378680Z  WARN ThreadId(20) hotstuff_runner::app: Node 1 [produce_block] queue size: 0, attempting up to 0 transactions this block    
2025-11-14T01:55:22.058173Z  WARN ThreadId(09) docker_node:   Connection reuse ineffective (2.0 msg/conn)
2025-11-14T01:55:23.890196Z  WARN ThreadId(20) hotstuff_runner::app: Node 1 [produce_block] queue size: 0, attempting up to 0 transactions this block    
2025-11-14T01:55:26.397622Z  WARN ThreadId(20) hotstuff_runner::app: Node 1 [produce_block] queue size: 0, attempting up to 0 transactions this block    
2025-11-14T01:55:27.058341Z  WARN ThreadId(09) docker_node:   Connection reuse ineffective (2.0 msg/conn)
2025-11-14T01:55:28.904669Z  WARN ThreadId(20) hotstuff_runner::app: Node 1 [produce_block] queue size: 0, attempting up to 0 transactions this block    
2025-11-14T01:55:31.415324Z  WARN ThreadId(20) hotstuff_runner::app: Node 1 [produce_block] queue size: 0, attempting up to 0 transactions this block    
2025-11-14T01:55:32.058351Z  WARN ThreadId(08) docker_node:   Connection reuse ineffective (2.0 msg/conn)
2025-11-14T01:55:33.920668Z  WARN ThreadId(20) hotstuff_runner::app: Node 1 [produce_block] queue size: 0, attempting up to 0 transactions this block    
2025-11-14T01:55:33.920693Z  WARN ThreadId(20) hotstuff_runner::app: Node 1 view(119) far exceeds block count (7); potential sync issue    
2025-11-14T01:55:36.424766Z  WARN ThreadId(20) hotstuff_runner::app: Node 1 [produce_block] queue size: 0, attempting up to 0 transactions this block    
2025-11-14T01:55:36.424789Z  WARN ThreadId(20) hotstuff_runner::app: Node 1 view(135) far exceeds block count (8); potential sync issue    
2025-11-14T01:55:37.057855Z  WARN ThreadId(08) docker_node:   Connection reuse ineffective (2.0 msg/conn)
2025-11-14T01:55:38.935561Z  WARN ThreadId(20) hotstuff_runner::app: Node 1 [produce_block] queue size: 0, attempting up to 0 transactions this block    
2025-11-14T01:55:38.935583Z  WARN ThreadId(20) hotstuff_runner::app: Node 1 view(151) far exceeds block count (9); potential sync issue    
2025-11-14T01:55:39.231226Z  WARN ThreadId(21) hotstuff_runner::tcp_node: Detected transaction backlog: submit rate (11.5) > confirm rate (0.0)
2025-11-14T01:55:39.881265Z  WARN ThreadId(24) hotstuff_runner::smrol::network: ⚠️ [Check] Writer 1 -> 5 slow write: 5.248871ms
2025-11-14T01:55:39.885348Z  WARN ThreadId(24) hotstuff_runner::smrol::network: ⚠️ [Check] Writer 1 -> 10 slow write: 6.168822ms
2025-11-14T01:55:40.049266Z  WARN ThreadId(25) hotstuff_runner::smrol::network: ⚠️ [Check] Writer 1 -> 6 slow write: 58.027914ms
2025-11-14T01:55:40.402562Z  WARN ThreadId(24) hotstuff_runner::smrol::network: ⚠️ [Check] Writer 1 -> 7 slow write: 9.99038ms
2025-11-14T01:55:40.461225Z  WARN ThreadId(24) hotstuff_runner::smrol::network: ⚠️ [Check] Writer 1 -> 14 slow write: 8.25987ms
2025-11-14T01:55:40.462244Z  WARN ThreadId(24) hotstuff_runner::smrol::network: ⚠️ [Check] Writer 1 -> 15 slow write: 8.153868ms
2025-11-14T01:55:42.058335Z  WARN ThreadId(08) docker_node:   Connection reuse ineffective (2.0 msg/conn)
2025-11-14T01:55:42.089235Z  WARN ThreadId(06) docker_node: Node 1 Regular transaction queue backlog: 44983 transactions
2025-11-14T01:55:43.837943Z  WARN ThreadId(21) hotstuff_runner::tcp_node: Node 1 view 156 timed out; latency may accumulate
2025-11-14T01:55:47.058019Z  WARN ThreadId(07) docker_node: HotStuff processing bottleneck detected:
2025-11-14T01:55:47.058055Z  WARN ThreadId(07) docker_node:    - HotStuff queue backlog: 44983 transactions
2025-11-14T01:55:47.058076Z  WARN ThreadId(07) docker_node:    - Confirmation TPS (0.0) much lower than submission TPS (0.9)
2025-11-14T01:55:47.058085Z  WARN ThreadId(07) docker_node:    - Possible cause: HotStuff consensus network delay or block size limitation
2025-11-14T01:55:47.058108Z  WARN ThreadId(07) docker_node:   Connection reuse ineffective (2.0 msg/conn)
2025-11-14T01:55:47.089246Z  WARN ThreadId(07) docker_node: Node 1 Regular transaction queue backlog: 44983 transactions
2025-11-14T01:55:52.058682Z  WARN ThreadId(07) docker_node:   Connection reuse ineffective (2.0 msg/conn)
2025-11-14T01:55:52.088827Z  WARN ThreadId(07) docker_node: Node 1 Regular transaction queue backlog: 44983 transactions
2025-11-14T01:55:54.082642Z  WARN ThreadId(21) hotstuff_runner::tcp_node: Node 1 view 162 timed out; latency may accumulate
2025-11-14T01:55:57.058023Z  WARN ThreadId(07) docker_node:   Connection reuse ineffective (2.0 msg/conn)
2025-11-14T01:55:57.088876Z  WARN ThreadId(07) docker_node: Node 1 Regular transaction queue backlog: 44983 transactions
2025-11-14T01:56:00.503973Z  WARN ThreadId(20) hotstuff_rs::block_tree::invariants: SAFE_PC_FAIL: pc.block=[208, 193, 138, 137, 48, 160, 171, 43, 68, 24, 173, 243, 220, 184, 91, 255, 4, 243, 6, 115, 224, 75, 240, 207, 53, 143, 46, 196, 174, 185, 148, 221] view=155 phase=Generic | cond1(chain_id/genesis)=true (pc.chain_id=0, my.chain_id=0) | cond2(block_exists/genesis)=true (exists=true) | cond3(view>locked || extends)=false (pc.view=155, locked.view=160, extends=false) | cond4(phase/updates)=true (phase_special=false, has_updates=false) | highest_pc.block=[178, 145, 131, 14, 3, 96, 161, 234, 36, 131, 96, 182, 101, 171, 244, 96, 206, 63, 107, 11, 12, 46, 26, 24, 129, 45, 192, 118, 156, 252, 78, 214] highest_pc.view=164 locked.block=[16, 180, 195, 146, 85, 214, 214, 73, 3, 31, 239, 236, 6, 242, 34, 114, 76, 117, 43, 223, 211, 166, 182, 32, 157, 227, 169, 180, 33, 166, 220, 90] locked.view=160    
2025-11-14T01:56:00.504018Z  WARN ThreadId(20) hotstuff_rs::block_tree::invariants: SAFE_BLOCK_FAIL: block=[151, 223, 154, 85, 27, 245, 228, 34, 50, 41, 185, 70, 55, 206, 132, 94, 85, 246, 231, 150, 161, 2, 213, 16, 197, 204, 168, 153, 155, 252, 69, 101] height=None | cond1(safe_pc)=false | cond2(is_block_justify)=true (justify.phase=Generic) | justify.block=[208, 193, 138, 137, 48, 160, 171, 43, 68, 24, 173, 243, 220, 184, 91, 255, 4, 243, 6, 115, 224, 75, 240, 207, 53, 143, 46, 196, 174, 185, 148, 221] justify.view=155 | highest_pc.block=[178, 145, 131, 14, 3, 96, 161, 234, 36, 131, 96, 182, 101, 171, 244, 96, 206, 63, 107, 11, 12, 46, 26, 24, 129, 45, 192, 118, 156, 252, 78, 214] highest_pc.view=164 | locked.block=[16, 180, 195, 146, 85, 214, 214, 73, 3, 31, 239, 236, 6, 242, 34, 114, 76, 117, 43, 223, 211, 166, 182, 32, 157, 227, 169, 180, 33, 166, 220, 90] locked.view=160    
2025-11-14T01:56:02.057812Z  WARN ThreadId(07) docker_node:   Connection reuse ineffective (2.0 msg/conn)
2025-11-14T01:56:02.089025Z  WARN ThreadId(07) docker_node: Node 1 Regular transaction queue backlog: 44983 transactions
2025-11-14T01:56:03.379296Z  WARN ThreadId(21) hotstuff_runner::tcp_node: Node 1 view 166 timed out; latency may accumulate
2025-11-14T01:56:03.379740Z  WARN ThreadId(20) hotstuff_runner::app: Node 1 [produce_block] queue size: 44983, attempting up to 44983 transactions this block    
2025-11-14T01:56:03.403413Z  WARN ThreadId(20) hotstuff_runner::app: Node 1 view(167) far exceeds block count (10); potential sync issue    
2025-11-14T01:56:06.379801Z  WARN ThreadId(21) hotstuff_runner::tcp_node: Node 1 view 167 timed out; latency may accumulate
2025-11-14T01:56:07.058603Z  WARN ThreadId(07) docker_node:   Connection reuse ineffective (2.0 msg/conn)
2025-11-14T01:56:12.058144Z  WARN ThreadId(09) docker_node:   Connection reuse ineffective (2.0 msg/conn)
2025-11-14T01:56:13.460588Z  WARN ThreadId(21) hotstuff_runner::tcp_node: Node 1 view 172 timed out; latency may accumulate
2025-11-14T01:56:17.057851Z  WARN ThreadId(08) docker_node:   Connection reuse ineffective (2.0 msg/conn)
2025-11-14T01:56:22.058304Z  WARN ThreadId(08) docker_node:   Connection reuse ineffective (2.0 msg/conn)
2025-11-14T01:56:23.738004Z  WARN ThreadId(21) hotstuff_runner::tcp_node: Node 1 view 181 timed out; latency may accumulate
2025-11-14T01:56:24.248509Z  WARN ThreadId(20) hotstuff_runner::app: Node 1 [produce_block] queue size: 0, attempting up to 0 transactions this block    
2025-11-14T01:56:24.248528Z  WARN ThreadId(20) hotstuff_runner::app: Node 1 view(183) far exceeds block count (11); potential sync issue    
2025-11-14T01:56:26.943502Z  WARN ThreadId(20) hotstuff_runner::app: Node 1 [produce_block] queue size: 0, attempting up to 0 transactions this block    
2025-11-14T01:56:26.943546Z  WARN ThreadId(20) hotstuff_runner::app: Node 1 view(199) far exceeds block count (12); potential sync issue    
2025-11-14T01:56:27.057961Z  WARN ThreadId(08) docker_node:   Connection reuse ineffective (2.0 msg/conn)
2025-11-14T01:56:29.611437Z  WARN ThreadId(20) hotstuff_runner::app: Node 1 [produce_block] queue size: 0, attempting up to 0 transactions this block    
2025-11-14T01:56:29.611491Z  WARN ThreadId(20) hotstuff_runner::app: Node 1 view(215) far exceeds block count (13); potential sync issue    
2025-11-14T01:56:32.057889Z  WARN ThreadId(08) docker_node:   Connection reuse ineffective (2.0 msg/conn)
2025-11-14T01:56:32.315774Z  WARN ThreadId(20) hotstuff_runner::app: Node 1 [produce_block] queue size: 0, attempting up to 0 transactions this block    
2025-11-14T01:56:32.315802Z  WARN ThreadId(20) hotstuff_runner::app: Node 1 view(231) far exceeds block count (14); potential sync issue    
2025-11-14T01:56:35.024515Z  WARN ThreadId(20) hotstuff_runner::app: Node 1 [produce_block] queue size: 0, attempting up to 0 transactions this block    
2025-11-14T01:56:35.024536Z  WARN ThreadId(20) hotstuff_runner::app: Node 1 view(247) far exceeds block count (15); potential sync issue    
2025-11-14T01:56:37.058245Z  WARN ThreadId(08) docker_node:   Connection reuse ineffective (2.0 msg/conn)
2025-11-14T01:56:37.724838Z  WARN ThreadId(20) hotstuff_runner::app: Node 1 [produce_block] queue size: 0, attempting up to 0 transactions this block    
2025-11-14T01:56:37.724868Z  WARN ThreadId(20) hotstuff_runner::app: Node 1 view(263) far exceeds block count (16); potential sync issue    
2025-11-14T01:56:40.401234Z  WARN ThreadId(20) hotstuff_runner::app: Node 1 [produce_block] queue size: 0, attempting up to 0 transactions this block    
2025-11-14T01:56:40.401267Z  WARN ThreadId(20) hotstuff_runner::app: Node 1 view(279) far exceeds block count (17); potential sync issue    
2025-11-14T01:56:42.058878Z  WARN ThreadId(08) docker_node:   Connection reuse ineffective (2.0 msg/conn)
2025-11-14T01:56:43.094816Z  WARN ThreadId(20) hotstuff_runner::app: Node 1 [produce_block] queue size: 0, attempting up to 0 transactions this block    
2025-11-14T01:56:43.094843Z  WARN ThreadId(20) hotstuff_runner::app: Node 1 view(295) far exceeds block count (18); potential sync issue    
2025-11-14T01:56:45.754230Z  WARN ThreadId(20) hotstuff_runner::app: Node 1 [produce_block] queue size: 0, attempting up to 0 transactions this block    
2025-11-14T01:56:45.754258Z  WARN ThreadId(20) hotstuff_runner::app: Node 1 view(311) far exceeds block count (19); potential sync issue    
2025-11-14T01:56:47.058312Z  WARN ThreadId(07) docker_node:   Connection reuse ineffective (2.0 msg/conn)
2025-11-14T01:56:48.421632Z  WARN ThreadId(20) hotstuff_runner::app: Node 1 [produce_block] queue size: 0, attempting up to 0 transactions this block    
2025-11-14T01:56:48.421658Z  WARN ThreadId(20) hotstuff_runner::app: Node 1 view(327) far exceeds block count (20); potential sync issue    
2025-11-14T01:56:51.111207Z  WARN ThreadId(20) hotstuff_runner::app: Node 1 [produce_block] queue size: 0, attempting up to 0 transactions this block    
2025-11-14T01:56:51.111226Z  WARN ThreadId(20) hotstuff_runner::app: Node 1 view(343) far exceeds block count (21); potential sync issue    
2025-11-14T01:56:52.058260Z  WARN ThreadId(07) docker_node:   Connection reuse ineffective (2.0 msg/conn)
2025-11-14T01:56:53.780179Z  WARN ThreadId(20) hotstuff_runner::app: Node 1 [produce_block] queue size: 0, attempting up to 0 transactions this block    
2025-11-14T01:56:53.780195Z  WARN ThreadId(20) hotstuff_runner::app: Node 1 view(359) far exceeds block count (22); potential sync issue    
2025-11-14T01:56:56.477751Z  WARN ThreadId(20) hotstuff_runner::app: Node 1 [produce_block] queue size: 0, attempting up to 0 transactions this block    
2025-11-14T01:56:56.477796Z  WARN ThreadId(20) hotstuff_runner::app: Node 1 view(375) far exceeds block count (23); potential sync issue    
2025-11-14T01:56:57.057980Z  WARN ThreadId(07) docker_node:   Connection reuse ineffective (2.0 msg/conn)
2025-11-14T01:56:59.200931Z  WARN ThreadId(20) hotstuff_runner::app: Node 1 [produce_block] queue size: 0, attempting up to 0 transactions this block    
2025-11-14T01:56:59.200948Z  WARN ThreadId(20) hotstuff_runner::app: Node 1 view(391) far exceeds block count (24); potential sync issue    
2025-11-14T01:57:01.902557Z  WARN ThreadId(20) hotstuff_runner::app: Node 1 [produce_block] queue size: 0, attempting up to 0 transactions this block    
2025-11-14T01:57:01.902577Z  WARN ThreadId(20) hotstuff_runner::app: Node 1 view(407) far exceeds block count (25); potential sync issue    
2025-11-14T01:57:02.057936Z  WARN ThreadId(07) docker_node:   Connection reuse ineffective (2.0 msg/conn)
2025-11-14T01:57:04.615772Z  WARN ThreadId(20) hotstuff_runner::app: Node 1 [produce_block] queue size: 0, attempting up to 0 transactions this block    
2025-11-14T01:57:04.615796Z  WARN ThreadId(20) hotstuff_runner::app: Node 1 view(423) far exceeds block count (26); potential sync issue    
2025-11-14T01:57:07.058426Z  WARN ThreadId(07) docker_node:   Connection reuse ineffective (2.0 msg/conn)
2025-11-14T01:57:07.322257Z  WARN ThreadId(20) hotstuff_runner::app: Node 1 [produce_block] queue size: 0, attempting up to 0 transactions this block    
2025-11-14T01:57:07.322283Z  WARN ThreadId(20) hotstuff_runner::app: Node 1 view(439) far exceeds block count (27); potential sync issue    
2025-11-14T01:57:09.962194Z  WARN ThreadId(20) hotstuff_runner::app: Node 1 [produce_block] queue size: 0, attempting up to 0 transactions this block    
2025-11-14T01:57:09.962221Z  WARN ThreadId(20) hotstuff_runner::app: Node 1 view(455) far exceeds block count (28); potential sync issue    
2025-11-14T01:57:12.058687Z  WARN ThreadId(07) docker_node:   Connection reuse ineffective (2.0 msg/conn)
2025-11-14T01:57:12.655029Z  WARN ThreadId(20) hotstuff_runner::app: Node 1 [produce_block] queue size: 0, attempting up to 0 transactions this block    
2025-11-14T01:57:12.655050Z  WARN ThreadId(20) hotstuff_runner::app: Node 1 view(471) far exceeds block count (29); potential sync issue    
2025-11-14T01:57:15.369070Z  WARN ThreadId(20) hotstuff_runner::app: Node 1 [produce_block] queue size: 0, attempting up to 0 transactions this block    
2025-11-14T01:57:15.369104Z  WARN ThreadId(20) hotstuff_runner::app: Node 1 view(487) far exceeds block count (30); potential sync issue    
2025-11-14T01:57:17.058149Z  WARN ThreadId(09) docker_node:   Connection reuse ineffective (2.0 msg/conn)
2025-11-14T01:57:18.050316Z  WARN ThreadId(20) hotstuff_runner::app: Node 1 [produce_block] queue size: 0, attempting up to 0 transactions this block    
2025-11-14T01:57:18.050341Z  WARN ThreadId(20) hotstuff_runner::app: Node 1 view(503) far exceeds block count (31); potential sync issue    
2025-11-14T01:57:20.749783Z  WARN ThreadId(20) hotstuff_runner::app: Node 1 [produce_block] queue size: 0, attempting up to 0 transactions this block    
2025-11-14T01:57:20.749809Z  WARN ThreadId(20) hotstuff_runner::app: Node 1 view(519) far exceeds block count (32); potential sync issue    
2025-11-14T01:57:22.058524Z  WARN ThreadId(08) docker_node:   Connection reuse ineffective (2.0 msg/conn)
2025-11-14T01:57:23.460192Z  WARN ThreadId(20) hotstuff_runner::app: Node 1 [produce_block] queue size: 0, attempting up to 0 transactions this block    
2025-11-14T01:57:23.460219Z  WARN ThreadId(20) hotstuff_runner::app: Node 1 view(535) far exceeds block count (33); potential sync issue    
2025-11-14T01:57:26.194571Z  WARN ThreadId(20) hotstuff_runner::app: Node 1 [produce_block] queue size: 0, attempting up to 0 transactions this block    
2025-11-14T01:57:26.194595Z  WARN ThreadId(20) hotstuff_runner::app: Node 1 view(551) far exceeds block count (34); potential sync issue    
2025-11-14T01:57:27.058695Z  WARN ThreadId(08) docker_node:   Connection reuse ineffective (2.0 msg/conn)
2025-11-14T01:57:28.890841Z  WARN ThreadId(20) hotstuff_runner::app: Node 1 [produce_block] queue size: 0, attempting up to 0 transactions this block    
2025-11-14T01:57:28.890860Z  WARN ThreadId(20) hotstuff_runner::app: Node 1 view(567) far exceeds block count (35); potential sync issue    
