2025-12-06T03:05:46.126684Z  WARN ThreadId(01) docker_node: metrics exporter disabled by SMROL_DISABLE_METRICS
2025-12-06T03:06:06.341939Z  WARN ThreadId(01) hotstuff_runner::tcp_node: Node 1 view timeout set to 5000 ms
2025-12-06T03:06:06.369906Z  WARN ThreadId(01) hotstuff_runner::smrol::sequencing: SMROL_MEDIAN_INFLIGHT=24, SMROL_ORDER_FINALIZE_INFLIGHT=4, SMROL_FINAL_SIGN_INFLIGHT=4, SMROL_FINAL_VERIFY_INFLIGHT=24
2025-12-06T03:06:06.369970Z  WARN ThreadId(01) hotstuff_runner::smrol::sequencing: [Sequencing] Node 1 multi-signature verification disabled: false
2025-12-06T03:06:06.370756Z  WARN ThreadId(09) hotstuff_runner::smrol::sequencing: [Sequencing] Node 1 final verify dispatcher started
2025-12-06T03:06:06.370760Z  WARN ThreadId(05) docker_node:   Connection reuse ineffective (2.0 msg/conn)
2025-12-06T03:06:07.131087Z ERROR ThreadId(23) hotstuff_runner::pompe_network: Node 1 failed to connect to node 16: Connection refused (os error 111)
2025-12-06T03:06:07.315282Z ERROR ThreadId(23) hotstuff_runner::pompe_network: Node 1 failed to connect to node 17: Connection refused (os error 111)
2025-12-06T03:06:11.370880Z  WARN ThreadId(02) docker_node:   Connection reuse ineffective (2.0 msg/conn)
2025-12-06T03:06:11.374051Z  WARN ThreadId(01) docker_node: Node 0 port 20000 temporarily unreachable: failed to lookup address information: Temporary failure in name resolution
2025-12-06T03:06:11.375946Z  WARN ThreadId(01) docker_node: Node 1 port 20001 temporarily unreachable: failed to lookup address information: Temporary failure in name resolution
2025-12-06T03:06:11.377550Z  WARN ThreadId(01) docker_node: Node 2 port 20002 temporarily unreachable: failed to lookup address information: Temporary failure in name resolution
2025-12-06T03:06:11.379476Z  WARN ThreadId(01) docker_node: Node 3 port 20003 temporarily unreachable: failed to lookup address information: Temporary failure in name resolution
2025-12-06T03:06:11.381358Z  WARN ThreadId(01) docker_node: Node 4 port 20004 temporarily unreachable: failed to lookup address information: Temporary failure in name resolution
2025-12-06T03:06:11.383321Z  WARN ThreadId(01) docker_node: Node 5 port 20005 temporarily unreachable: failed to lookup address information: Temporary failure in name resolution
2025-12-06T03:06:11.385263Z  WARN ThreadId(01) docker_node: Node 6 port 20006 temporarily unreachable: failed to lookup address information: Temporary failure in name resolution
2025-12-06T03:06:11.387002Z  WARN ThreadId(01) docker_node: Node 7 port 20007 temporarily unreachable: failed to lookup address information: Temporary failure in name resolution
2025-12-06T03:06:11.390174Z  WARN ThreadId(01) docker_node: Node 8 port 20008 temporarily unreachable: failed to lookup address information: Temporary failure in name resolution
2025-12-06T03:06:11.392026Z  WARN ThreadId(01) docker_node: Node 9 port 20009 temporarily unreachable: failed to lookup address information: Temporary failure in name resolution
2025-12-06T03:06:11.393888Z  WARN ThreadId(01) docker_node: Node 10 port 20010 temporarily unreachable: failed to lookup address information: Temporary failure in name resolution
2025-12-06T03:06:11.397016Z  WARN ThreadId(01) docker_node: Node 11 port 20011 temporarily unreachable: failed to lookup address information: Temporary failure in name resolution
2025-12-06T03:06:11.398780Z  WARN ThreadId(01) docker_node: Node 12 port 20012 temporarily unreachable: failed to lookup address information: Temporary failure in name resolution
2025-12-06T03:06:11.404428Z  WARN ThreadId(01) docker_node: Node 13 port 20013 temporarily unreachable: failed to lookup address information: Temporary failure in name resolution
2025-12-06T03:06:11.406290Z  WARN ThreadId(01) docker_node: Node 14 port 20014 temporarily unreachable: failed to lookup address information: Temporary failure in name resolution
2025-12-06T03:06:11.408107Z  WARN ThreadId(01) docker_node: Node 15 port 20015 temporarily unreachable: failed to lookup address information: Temporary failure in name resolution
2025-12-06T03:06:11.409937Z  WARN ThreadId(01) docker_node: Node 16 port 20016 temporarily unreachable: failed to lookup address information: Temporary failure in name resolution
2025-12-06T03:06:11.411785Z  WARN ThreadId(01) docker_node: Node 17 port 20017 temporarily unreachable: failed to lookup address information: Temporary failure in name resolution
2025-12-06T03:06:11.413711Z  WARN ThreadId(01) docker_node: Node 18 port 20018 temporarily unreachable: failed to lookup address information: Temporary failure in name resolution
2025-12-06T03:06:11.415994Z  WARN ThreadId(01) docker_node: Node 19 port 20019 temporarily unreachable: failed to lookup address information: Temporary failure in name resolution
2025-12-06T03:06:11.417787Z  WARN ThreadId(01) docker_node: Node 20 port 20020 temporarily unreachable: failed to lookup address information: Temporary failure in name resolution
2025-12-06T03:06:11.419537Z  WARN ThreadId(01) docker_node: Node 21 port 20021 temporarily unreachable: failed to lookup address information: Temporary failure in name resolution
2025-12-06T03:06:11.421451Z  WARN ThreadId(01) docker_node: Node 22 port 20022 temporarily unreachable: failed to lookup address information: Temporary failure in name resolution
2025-12-06T03:06:11.423401Z  WARN ThreadId(01) docker_node: Node 23 port 20023 temporarily unreachable: failed to lookup address information: Temporary failure in name resolution
2025-12-06T03:06:11.425032Z  WARN ThreadId(01) docker_node: Node 24 port 20024 temporarily unreachable: failed to lookup address information: Temporary failure in name resolution
2025-12-06T03:06:11.426744Z  WARN ThreadId(01) docker_node: Node 25 port 20025 temporarily unreachable: failed to lookup address information: Temporary failure in name resolution
2025-12-06T03:06:11.428605Z  WARN ThreadId(01) docker_node: Node 26 port 20026 temporarily unreachable: failed to lookup address information: Temporary failure in name resolution
2025-12-06T03:06:11.430281Z  WARN ThreadId(01) docker_node: Node 27 port 20027 temporarily unreachable: failed to lookup address information: Temporary failure in name resolution
2025-12-06T03:06:11.433511Z  WARN ThreadId(01) docker_node: Node 28 port 20028 temporarily unreachable: failed to lookup address information: Temporary failure in name resolution
2025-12-06T03:06:11.435566Z  WARN ThreadId(01) docker_node: Node 29 port 20029 temporarily unreachable: failed to lookup address information: Temporary failure in name resolution
2025-12-06T03:06:11.437189Z  WARN ThreadId(01) docker_node: Node 30 port 20030 temporarily unreachable: failed to lookup address information: Temporary failure in name resolution
2025-12-06T03:06:11.438720Z  WARN ThreadId(01) docker_node: Node 31 port 20031 temporarily unreachable: failed to lookup address information: Temporary failure in name resolution
2025-12-06T03:06:11.440381Z  WARN ThreadId(01) docker_node: Node 32 port 20032 temporarily unreachable: failed to lookup address information: Temporary failure in name resolution
2025-12-06T03:06:11.442190Z  WARN ThreadId(01) docker_node: Node 33 port 20033 temporarily unreachable: failed to lookup address information: Temporary failure in name resolution
2025-12-06T03:06:11.443771Z  WARN ThreadId(01) docker_node: Node 34 port 20034 temporarily unreachable: failed to lookup address information: Temporary failure in name resolution
2025-12-06T03:06:11.448711Z  WARN ThreadId(01) docker_node: Node 35 port 20035 temporarily unreachable: failed to lookup address information: Temporary failure in name resolution
2025-12-06T03:06:11.450492Z  WARN ThreadId(01) docker_node: Node 36 port 20036 temporarily unreachable: failed to lookup address information: Temporary failure in name resolution
2025-12-06T03:06:11.452272Z  WARN ThreadId(01) docker_node: Node 37 port 20037 temporarily unreachable: failed to lookup address information: Temporary failure in name resolution
2025-12-06T03:06:11.454079Z  WARN ThreadId(01) docker_node: Node 38 port 20038 temporarily unreachable: failed to lookup address information: Temporary failure in name resolution
2025-12-06T03:06:11.455943Z  WARN ThreadId(01) docker_node: Node 39 port 20039 temporarily unreachable: failed to lookup address information: Temporary failure in name resolution
2025-12-06T03:06:11.457759Z  WARN ThreadId(01) docker_node: Node 40 port 20040 temporarily unreachable: failed to lookup address information: Temporary failure in name resolution
2025-12-06T03:06:11.461020Z  WARN ThreadId(01) docker_node: Node 41 port 20041 temporarily unreachable: failed to lookup address information: Temporary failure in name resolution
2025-12-06T03:06:11.462637Z  WARN ThreadId(01) docker_node: Node 42 port 20042 temporarily unreachable: failed to lookup address information: Temporary failure in name resolution
2025-12-06T03:06:11.467703Z  WARN ThreadId(01) docker_node: Node 43 port 20043 temporarily unreachable: failed to lookup address information: Temporary failure in name resolution
2025-12-06T03:06:11.469262Z  WARN ThreadId(01) docker_node: Node 44 port 20044 temporarily unreachable: failed to lookup address information: Temporary failure in name resolution
2025-12-06T03:06:11.471600Z  WARN ThreadId(01) docker_node: Node 45 port 20045 temporarily unreachable: failed to lookup address information: Temporary failure in name resolution
2025-12-06T03:06:11.473317Z  WARN ThreadId(01) docker_node: Node 46 port 20046 temporarily unreachable: failed to lookup address information: Temporary failure in name resolution
2025-12-06T03:06:11.474996Z  WARN ThreadId(01) docker_node: Node 47 port 20047 temporarily unreachable: failed to lookup address information: Temporary failure in name resolution
2025-12-06T03:06:11.476888Z  WARN ThreadId(01) docker_node: Node 48 port 20048 temporarily unreachable: failed to lookup address information: Temporary failure in name resolution
2025-12-06T03:06:11.478604Z  WARN ThreadId(01) docker_node: Node 49 port 20049 temporarily unreachable: failed to lookup address information: Temporary failure in name resolution
2025-12-06T03:06:11.482041Z  WARN ThreadId(01) docker_node: Node 50 port 20050 temporarily unreachable: failed to lookup address information: Temporary failure in name resolution
2025-12-06T03:06:11.483729Z  WARN ThreadId(01) docker_node: Node 51 port 20051 temporarily unreachable: failed to lookup address information: Temporary failure in name resolution
2025-12-06T03:06:11.485524Z  WARN ThreadId(01) docker_node: Node 52 port 20052 temporarily unreachable: failed to lookup address information: Temporary failure in name resolution
2025-12-06T03:06:11.487363Z  WARN ThreadId(01) docker_node: Node 53 port 20053 temporarily unreachable: failed to lookup address information: Temporary failure in name resolution
2025-12-06T03:06:11.492765Z  WARN ThreadId(01) docker_node: Node 54 port 20054 temporarily unreachable: failed to lookup address information: Temporary failure in name resolution
2025-12-06T03:06:11.495289Z  WARN ThreadId(01) docker_node: Node 55 port 20055 temporarily unreachable: failed to lookup address information: Temporary failure in name resolution
2025-12-06T03:06:11.496919Z  WARN ThreadId(01) docker_node: Node 56 port 20056 temporarily unreachable: failed to lookup address information: Temporary failure in name resolution
2025-12-06T03:06:11.498817Z  WARN ThreadId(01) docker_node: Node 57 port 20057 temporarily unreachable: failed to lookup address information: Temporary failure in name resolution
2025-12-06T03:06:11.500496Z  WARN ThreadId(01) docker_node: Node 58 port 20058 temporarily unreachable: failed to lookup address information: Temporary failure in name resolution
2025-12-06T03:06:11.502368Z  WARN ThreadId(01) docker_node: Node 59 port 20059 temporarily unreachable: failed to lookup address information: Temporary failure in name resolution
2025-12-06T03:06:11.505589Z  WARN ThreadId(01) docker_node: Node 60 port 20060 temporarily unreachable: failed to lookup address information: Temporary failure in name resolution
2025-12-06T03:06:11.507497Z  WARN ThreadId(01) docker_node: Node 61 port 20061 temporarily unreachable: failed to lookup address information: Temporary failure in name resolution
2025-12-06T03:06:11.509189Z  WARN ThreadId(01) docker_node: Node 62 port 20062 temporarily unreachable: failed to lookup address information: Temporary failure in name resolution
2025-12-06T03:06:11.514110Z  WARN ThreadId(01) docker_node: Node 63 port 20063 temporarily unreachable: failed to lookup address information: Temporary failure in name resolution
2025-12-06T03:06:16.370863Z  WARN ThreadId(02) docker_node:   Connection reuse ineffective (2.0 msg/conn)
2025-12-06T03:06:21.370603Z  WARN ThreadId(02) docker_node:   Connection reuse ineffective (2.0 msg/conn)
2025-12-06T03:06:24.478458Z  WARN ThreadId(20) hotstuff_runner::app: Node 1 [produce_block] queue size: 0, attempting up to 0 transactions this block    
2025-12-06T03:06:26.370537Z  WARN ThreadId(02) docker_node:   Connection reuse ineffective (2.0 msg/conn)
2025-12-06T03:06:31.371361Z  WARN ThreadId(02) docker_node:   Connection reuse ineffective (2.0 msg/conn)
2025-12-06T03:06:36.371432Z  WARN ThreadId(02) docker_node:   Connection reuse ineffective (2.0 msg/conn)
2025-12-06T03:06:40.230750Z  WARN ThreadId(25) hotstuff_runner::smrol::network: ⚠️ Large message: 3000169 bytes to node Some(34)
2025-12-06T03:06:40.232832Z  WARN ThreadId(25) hotstuff_runner::smrol::network: ⚠️ Large message: 3000169 bytes to node Some(38)
2025-12-06T03:06:40.234817Z  WARN ThreadId(25) hotstuff_runner::smrol::network: ⚠️ Large message: 3000168 bytes to node Some(7)
2025-12-06T03:06:40.237826Z  WARN ThreadId(25) hotstuff_runner::smrol::network: ⚠️ Large message: 3000169 bytes to node Some(12)
2025-12-06T03:06:40.239672Z  WARN ThreadId(25) hotstuff_runner::smrol::network: ⚠️ Large message: 3000169 bytes to node Some(28)
2025-12-06T03:06:40.241460Z  WARN ThreadId(25) hotstuff_runner::smrol::network: ⚠️ Large message: 3000168 bytes to node Some(8)
2025-12-06T03:06:40.243246Z  WARN ThreadId(25) hotstuff_runner::smrol::network: ⚠️ Large message: 3000169 bytes to node Some(31)
2025-12-06T03:06:40.249319Z  WARN ThreadId(25) hotstuff_runner::smrol::network: ⚠️ Large message: 3000169 bytes to node Some(15)
2025-12-06T03:06:40.251049Z  WARN ThreadId(25) hotstuff_runner::smrol::network: ⚠️ Large message: 3000169 bytes to node Some(55)
2025-12-06T03:06:40.252764Z  WARN ThreadId(25) hotstuff_runner::smrol::network: ⚠️ Large message: 3000169 bytes to node Some(13)
2025-12-06T03:06:40.254246Z  WARN ThreadId(25) hotstuff_runner::smrol::network: ⚠️ Large message: 3000169 bytes to node Some(20)
2025-12-06T03:06:40.255985Z  WARN ThreadId(25) hotstuff_runner::smrol::network: ⚠️ Large message: 3000168 bytes to node Some(4)
2025-12-06T03:06:40.259214Z  WARN ThreadId(25) hotstuff_runner::smrol::network: ⚠️ Large message: 3000169 bytes to node Some(40)
2025-12-06T03:06:40.260955Z  WARN ThreadId(25) hotstuff_runner::smrol::network: ⚠️ Large message: 3000169 bytes to node Some(10)
2025-12-06T03:06:40.262722Z  WARN ThreadId(25) hotstuff_runner::smrol::network: ⚠️ Large message: 3000169 bytes to node Some(30)
2025-12-06T03:06:40.264733Z  WARN ThreadId(25) hotstuff_runner::smrol::network: ⚠️ Large message: 3000168 bytes to node Some(6)
2025-12-06T03:06:40.266552Z  WARN ThreadId(25) hotstuff_runner::smrol::network: ⚠️ Large message: 3000169 bytes to node Some(16)
2025-12-06T03:06:40.268319Z  WARN ThreadId(25) hotstuff_runner::smrol::network: ⚠️ Large message: 3000168 bytes to node Some(9)
2025-12-06T03:06:40.270091Z  WARN ThreadId(25) hotstuff_runner::smrol::network: ⚠️ Large message: 3000168 bytes to node Some(0)
2025-12-06T03:06:40.271874Z  WARN ThreadId(25) hotstuff_runner::smrol::network: ⚠️ Large message: 3000169 bytes to node Some(61)
2025-12-06T03:06:40.273659Z  WARN ThreadId(25) hotstuff_runner::smrol::network: ⚠️ Large message: 3000169 bytes to node Some(45)
2025-12-06T03:06:40.275423Z  WARN ThreadId(25) hotstuff_runner::smrol::network: ⚠️ Large message: 3000169 bytes to node Some(17)
2025-12-06T03:06:40.277206Z  WARN ThreadId(25) hotstuff_runner::smrol::network: ⚠️ Large message: 3000169 bytes to node Some(43)
2025-12-06T03:06:40.278960Z  WARN ThreadId(25) hotstuff_runner::smrol::network: ⚠️ Large message: 3000169 bytes to node Some(19)
2025-12-06T03:06:40.280757Z  WARN ThreadId(25) hotstuff_runner::smrol::network: ⚠️ Large message: 3000169 bytes to node Some(62)
2025-12-06T03:06:40.282497Z  WARN ThreadId(25) hotstuff_runner::smrol::network: ⚠️ Large message: 3000169 bytes to node Some(18)
2025-12-06T03:06:40.284289Z  WARN ThreadId(25) hotstuff_runner::smrol::network: ⚠️ Large message: 3000169 bytes to node Some(52)
2025-12-06T03:06:40.286137Z  WARN ThreadId(25) hotstuff_runner::smrol::network: ⚠️ Large message: 3000169 bytes to node Some(32)
2025-12-06T03:06:40.287973Z  WARN ThreadId(25) hotstuff_runner::smrol::network: ⚠️ Large message: 3000169 bytes to node Some(29)
2025-12-06T03:06:40.289813Z  WARN ThreadId(25) hotstuff_runner::smrol::network: ⚠️ Large message: 3000169 bytes to node Some(24)
2025-12-06T03:06:40.291704Z  WARN ThreadId(25) hotstuff_runner::smrol::network: ⚠️ Large message: 3000169 bytes to node Some(37)
2025-12-06T03:06:40.293537Z  WARN ThreadId(25) hotstuff_runner::smrol::network: ⚠️ Large message: 3000168 bytes to node Some(3)
2025-12-06T03:06:40.295461Z  WARN ThreadId(25) hotstuff_runner::smrol::network: ⚠️ Large message: 3000169 bytes to node Some(59)
2025-12-06T03:06:40.297292Z  WARN ThreadId(25) hotstuff_runner::smrol::network: ⚠️ Large message: 3000169 bytes to node Some(22)
2025-12-06T03:06:40.299104Z  WARN ThreadId(25) hotstuff_runner::smrol::network: ⚠️ Large message: 3000169 bytes to node Some(14)
2025-12-06T03:06:40.300977Z  WARN ThreadId(25) hotstuff_runner::smrol::network: ⚠️ Large message: 3000169 bytes to node Some(58)
2025-12-06T03:06:40.302868Z  WARN ThreadId(25) hotstuff_runner::smrol::network: ⚠️ Large message: 3000169 bytes to node Some(21)
2025-12-06T03:06:40.304754Z  WARN ThreadId(25) hotstuff_runner::smrol::network: ⚠️ Large message: 3000169 bytes to node Some(50)
2025-12-06T03:06:40.306707Z  WARN ThreadId(25) hotstuff_runner::smrol::network: ⚠️ Large message: 3000169 bytes to node Some(39)
2025-12-06T03:06:40.308589Z  WARN ThreadId(25) hotstuff_runner::smrol::network: ⚠️ Large message: 3000169 bytes to node Some(36)
2025-12-06T03:06:40.310760Z  WARN ThreadId(25) hotstuff_runner::smrol::network: ⚠️ Large message: 3000169 bytes to node Some(41)
2025-12-06T03:06:40.313414Z  WARN ThreadId(25) hotstuff_runner::smrol::network: ⚠️ Large message: 3000169 bytes to node Some(46)
2025-12-06T03:06:40.315846Z  WARN ThreadId(25) hotstuff_runner::smrol::network: ⚠️ Large message: 3000168 bytes to node Some(5)
2025-12-06T03:06:40.317872Z  WARN ThreadId(25) hotstuff_runner::smrol::network: ⚠️ Large message: 3000169 bytes to node Some(11)
2025-12-06T03:06:40.319963Z  WARN ThreadId(25) hotstuff_runner::smrol::network: ⚠️ Large message: 3000169 bytes to node Some(44)
2025-12-06T03:06:40.323086Z  WARN ThreadId(25) hotstuff_runner::smrol::network: ⚠️ Large message: 3000169 bytes to node Some(49)
2025-12-06T03:06:40.325350Z  WARN ThreadId(25) hotstuff_runner::smrol::network: ⚠️ Large message: 3000169 bytes to node Some(23)
2025-12-06T03:06:40.327376Z  WARN ThreadId(25) hotstuff_runner::smrol::network: ⚠️ Large message: 3000169 bytes to node Some(57)
2025-12-06T03:06:40.329214Z  WARN ThreadId(25) hotstuff_runner::smrol::network: ⚠️ Large message: 3000169 bytes to node Some(35)
2025-12-06T03:06:40.331341Z  WARN ThreadId(25) hotstuff_runner::smrol::network: ⚠️ Large message: 3000169 bytes to node Some(60)
2025-12-06T03:06:40.333310Z  WARN ThreadId(25) hotstuff_runner::smrol::network: ⚠️ Large message: 3000169 bytes to node Some(48)
2025-12-06T03:06:40.335143Z  WARN ThreadId(25) hotstuff_runner::smrol::network: ⚠️ Large message: 3000168 bytes to node Some(2)
2025-12-06T03:06:40.336496Z  WARN ThreadId(24) hotstuff_runner::smrol::network: ⚠️ Large message: 3000169 bytes to node Some(33)
2025-12-06T03:06:40.336943Z  WARN ThreadId(25) hotstuff_runner::smrol::network: ⚠️ Large message: 3000169 bytes to node Some(27)
2025-12-06T03:06:40.338479Z  WARN ThreadId(24) hotstuff_runner::smrol::network: ⚠️ Large message: 3000169 bytes to node Some(25)
2025-12-06T03:06:40.338774Z  WARN ThreadId(25) hotstuff_runner::smrol::network: ⚠️ Large message: 3000169 bytes to node Some(42)
2025-12-06T03:06:40.340411Z  WARN ThreadId(24) hotstuff_runner::smrol::network: ⚠️ Large message: 3000169 bytes to node Some(47)
2025-12-06T03:06:40.340678Z  WARN ThreadId(25) hotstuff_runner::smrol::network: ⚠️ Large message: 3000169 bytes to node Some(56)
2025-12-06T03:06:40.342351Z  WARN ThreadId(24) hotstuff_runner::smrol::network: ⚠️ Large message: 3000169 bytes to node Some(26)
2025-12-06T03:06:40.342747Z  WARN ThreadId(25) hotstuff_runner::smrol::network: ⚠️ Large message: 3000169 bytes to node Some(54)
2025-12-06T03:06:40.344293Z  WARN ThreadId(24) hotstuff_runner::smrol::network: ⚠️ Large message: 3000169 bytes to node Some(53)
2025-12-06T03:06:40.345278Z  WARN ThreadId(25) hotstuff_runner::smrol::network: ⚠️ Large message: 3000169 bytes to node Some(51)
2025-12-06T03:06:40.346823Z  WARN ThreadId(24) hotstuff_runner::smrol::network: ⚠️ [Check] Writer 1 -> 0 slow write: 78.398176ms
2025-12-06T03:06:40.346890Z  WARN ThreadId(25) hotstuff_runner::smrol::network: ⚠️ [Check] Writer 1 -> 3 slow write: 55.109475ms
2025-12-06T03:06:40.348565Z  WARN ThreadId(25) hotstuff_runner::smrol::network: ⚠️ [Check] Writer 1 -> 38 slow write: 117.652686ms
2025-12-06T03:06:40.350951Z  WARN ThreadId(24) hotstuff_runner::smrol::network: ⚠️ [Check] Writer 1 -> 2 slow write: 17.562593ms
2025-12-06T03:06:40.357989Z  WARN ThreadId(25) hotstuff_runner::smrol::network: ⚠️ Large message: 3000169 bytes to node Some(63)
2025-12-06T03:06:40.361706Z  WARN ThreadId(25) hotstuff_runner::smrol::network: ⚠️ [Check] Writer 1 -> 4 slow write: 107.11221ms
2025-12-06T03:06:40.363266Z  WARN ThreadId(25) hotstuff_runner::smrol::network: ⚠️ [Check] Writer 1 -> 40 slow write: 105.773551ms
2025-12-06T03:06:40.380612Z  WARN ThreadId(24) hotstuff_runner::smrol::network: ⚠️ [Check] Writer 1 -> 37 slow write: 90.527419ms
2025-12-06T03:06:40.389779Z  WARN ThreadId(24) hotstuff_runner::smrol::network: ⚠️ [Check] Writer 1 -> 39 slow write: 84.927723ms
2025-12-06T03:06:40.394433Z  WARN ThreadId(25) hotstuff_runner::smrol::network: ⚠️ [Check] Writer 1 -> 36 slow write: 87.637803ms
2025-12-06T03:06:40.408534Z  WARN ThreadId(24) hotstuff_runner::smrol::network: ⚠️ [Check] Writer 1 -> 5 slow write: 94.915637ms
2025-12-06T03:06:40.594914Z  WARN ThreadId(24) hotstuff_runner::smrol::network: ⚠️ [Check] Writer 1 -> 7 slow write: 361.96874ms
2025-12-06T03:06:40.600900Z  WARN ThreadId(24) hotstuff_runner::smrol::network: ⚠️ [Check] Writer 1 -> 8 slow write: 361.149402ms
2025-12-06T03:06:40.608776Z  WARN ThreadId(24) hotstuff_runner::smrol::network: ⚠️ [Check] Writer 1 -> 15 slow write: 360.872596ms
2025-12-06T03:06:40.609373Z  WARN ThreadId(24) hotstuff_runner::smrol::network: ⚠️ [Check] Writer 1 -> 12 slow write: 373.324385ms
2025-12-06T03:06:40.610892Z  WARN ThreadId(24) hotstuff_runner::smrol::network: ⚠️ [Check] Writer 1 -> 10 slow write: 351.590368ms
2025-12-06T03:06:40.623749Z  WARN ThreadId(24) hotstuff_runner::smrol::network: ⚠️ [Check] Writer 1 -> 6 slow write: 360.727203ms
2025-12-06T03:06:40.629722Z  WARN ThreadId(25) hotstuff_runner::smrol::network: ⚠️ [Check] Writer 1 -> 9 slow write: 363.093006ms
2025-12-06T03:06:40.659968Z  WARN ThreadId(24) hotstuff_runner::smrol::network: ⚠️ [Check] Writer 1 -> 14 slow write: 362.594074ms
2025-12-06T03:06:40.673877Z  WARN ThreadId(25) hotstuff_runner::smrol::network: ⚠️ [Check] Writer 1 -> 13 slow write: 422.349934ms
2025-12-06T03:06:40.678297Z  WARN ThreadId(25) hotstuff_runner::smrol::network: ⚠️ [Check] Writer 1 -> 11 slow write: 362.296938ms
2025-12-06T03:06:40.704458Z  WARN ThreadId(24) hotstuff_runner::smrol::network: ⚠️ [Check] Writer 1 -> 55 slow write: 454.693659ms
2025-12-06T03:06:40.710973Z  WARN ThreadId(24) hotstuff_runner::smrol::network: ⚠️ [Check] Writer 1 -> 50 slow write: 407.995612ms
2025-12-06T03:06:40.717811Z  WARN ThreadId(24) hotstuff_runner::smrol::network: ⚠️ [Check] Writer 1 -> 46 slow write: 406.821116ms
2025-12-06T03:06:40.740081Z  WARN ThreadId(24) hotstuff_runner::smrol::network: ⚠️ [Check] Writer 1 -> 48 slow write: 408.655297ms
2025-12-06T03:06:40.743836Z  WARN ThreadId(25) hotstuff_runner::smrol::network: ⚠️ [Check] Writer 1 -> 52 slow write: 461.253746ms
2025-12-06T03:06:40.746671Z  WARN ThreadId(25) hotstuff_runner::smrol::network: ⚠️ [Check] Writer 1 -> 47 slow write: 408.081684ms
2025-12-06T03:06:40.751240Z  WARN ThreadId(25) hotstuff_runner::smrol::network: ⚠️ [Check] Writer 1 -> 51 slow write: 407.723856ms
2025-12-06T03:06:40.772063Z  WARN ThreadId(25) hotstuff_runner::smrol::network: ⚠️ [Check] Writer 1 -> 49 slow write: 450.74986ms
2025-12-06T03:06:40.780372Z  WARN ThreadId(25) hotstuff_runner::smrol::network: ⚠️ [Check] Writer 1 -> 57 slow write: 454.913663ms
2025-12-06T03:06:40.793937Z  WARN ThreadId(25) hotstuff_runner::smrol::network: ⚠️ [Check] Writer 1 -> 56 slow write: 455.085928ms
2025-12-06T03:06:40.801880Z  WARN ThreadId(25) hotstuff_runner::smrol::network: ⚠️ [Check] Writer 1 -> 54 slow write: 460.867986ms
2025-12-06T03:06:40.802080Z  WARN ThreadId(24) hotstuff_runner::smrol::network: ⚠️ [Check] Writer 1 -> 53 slow write: 459.588158ms
2025-12-06T03:06:40.818521Z  WARN ThreadId(25) hotstuff_runner::smrol::network: ⚠️ [Check] Writer 1 -> 45 slow write: 546.571017ms
2025-12-06T03:06:40.819214Z  WARN ThreadId(25) hotstuff_runner::smrol::network: ⚠️ [Check] Writer 1 -> 43 slow write: 543.699773ms
2025-12-06T03:06:40.860108Z  WARN ThreadId(25) hotstuff_runner::smrol::network: ⚠️ [Check] Writer 1 -> 41 slow write: 551.425896ms
2025-12-06T03:06:40.863186Z  WARN ThreadId(24) hotstuff_runner::smrol::network: ⚠️ [Check] Writer 1 -> 44 slow write: 545.174456ms
2025-12-06T03:06:40.881068Z  WARN ThreadId(24) hotstuff_runner::smrol::network: ⚠️ [Check] Writer 1 -> 42 slow write: 544.02582ms
2025-12-06T03:06:40.936699Z  WARN ThreadId(25) hotstuff_runner::smrol::network: ⚠️ [Check] Writer 1 -> 61 slow write: 666.514735ms
2025-12-06T03:06:40.950942Z  WARN ThreadId(25) hotstuff_runner::smrol::network: ⚠️ [Check] Writer 1 -> 62 slow write: 671.896426ms
2025-12-06T03:06:40.971945Z  WARN ThreadId(24) hotstuff_runner::smrol::network: ⚠️ [Check] Writer 1 -> 59 slow write: 678.32272ms
2025-12-06T03:06:40.975082Z  WARN ThreadId(25) hotstuff_runner::smrol::network: ⚠️ [Check] Writer 1 -> 58 slow write: 672.925748ms
2025-12-06T03:06:40.993421Z  WARN ThreadId(25) hotstuff_runner::smrol::network: ⚠️ [Check] Writer 1 -> 60 slow write: 664.05616ms
2025-12-06T03:06:41.028045Z  WARN ThreadId(24) hotstuff_runner::smrol::network: ⚠️ [Check] Writer 1 -> 63 slow write: 670.359221ms
2025-12-06T03:06:41.132355Z  WARN ThreadId(25) hotstuff_runner::smrol::network: ⚠️ [Check] Writer 1 -> 34 slow write: 903.172927ms
2025-12-06T03:06:41.198364Z  WARN ThreadId(24) hotstuff_runner::smrol::network: ⚠️ [Check] Writer 1 -> 32 slow write: 913.99269ms
2025-12-06T03:06:41.199211Z  WARN ThreadId(25) hotstuff_runner::smrol::network: ⚠️ [Check] Writer 1 -> 35 slow write: 871.736534ms
2025-12-06T03:06:41.220195Z  WARN ThreadId(24) hotstuff_runner::smrol::network: ⚠️ [Check] Writer 1 -> 33 slow write: 885.977103ms
2025-12-06T03:06:41.285466Z  WARN ThreadId(25) hotstuff_runner::smrol::network: ⚠️ [Check] Writer 1 -> 31 slow write: 1.043902801s
2025-12-06T03:06:41.355773Z  WARN ThreadId(24) hotstuff_runner::smrol::network: ⚠️ [Check] Writer 1 -> 20 slow write: 1.102905774s
2025-12-06T03:06:41.368389Z  WARN ThreadId(25) hotstuff_runner::smrol::network: ⚠️ [Check] Writer 1 -> 16 slow write: 1.103510157s
2025-12-06T03:06:41.371140Z  WARN ThreadId(05) docker_node:   Connection reuse ineffective (2.0 msg/conn)
2025-12-06T03:06:41.381062Z  WARN ThreadId(24) hotstuff_runner::smrol::network: ⚠️ [Check] Writer 1 -> 19 slow write: 1.103772872s
2025-12-06T03:06:41.381377Z  WARN ThreadId(24) hotstuff_runner::smrol::network: ⚠️ [Check] Writer 1 -> 17 slow write: 1.107632559s
2025-12-06T03:06:41.384341Z  WARN ThreadId(24) hotstuff_runner::smrol::network: ⚠️ [Check] Writer 1 -> 18 slow write: 1.103499607s
2025-12-06T03:06:41.458946Z  WARN ThreadId(25) hotstuff_runner::smrol::network: ⚠️ [Check] Writer 1 -> 30 slow write: 1.197893751s
2025-12-06T03:06:41.462965Z  WARN ThreadId(25) hotstuff_runner::smrol::network: ⚠️ [Check] Writer 1 -> 29 slow write: 1.176754848s
2025-12-06T03:06:41.514741Z  WARN ThreadId(05) docker_node: Node 1 Regular transaction queue backlog: 284220 transactions
2025-12-06T03:06:41.531703Z  WARN ThreadId(24) hotstuff_runner::smrol::network: ⚠️ [Check] Writer 1 -> 26 slow write: 1.191205522s
2025-12-06T03:06:41.534527Z  WARN ThreadId(24) hotstuff_runner::smrol::network: ⚠️ [Check] Writer 1 -> 24 slow write: 1.246392178s
2025-12-06T03:06:41.538936Z  WARN ThreadId(25) hotstuff_runner::smrol::network: ⚠️ [Check] Writer 1 -> 27 slow write: 1.203697982s
2025-12-06T03:06:41.546519Z  WARN ThreadId(25) hotstuff_runner::smrol::network: ⚠️ [Check] Writer 1 -> 21 slow write: 1.245457827s
2025-12-06T03:06:41.575964Z  WARN ThreadId(25) hotstuff_runner::smrol::network: ⚠️ [Check] Writer 1 -> 25 slow write: 1.239380391s
2025-12-06T03:06:41.610299Z  WARN ThreadId(24) hotstuff_runner::smrol::network: ⚠️ [Check] Writer 1 -> 23 slow write: 1.286973908s
2025-12-06T03:06:41.623181Z  WARN ThreadId(25) hotstuff_runner::smrol::network: ⚠️ [Check] Writer 1 -> 28 slow write: 1.385246159s
2025-12-06T03:06:41.645592Z  WARN ThreadId(25) hotstuff_runner::smrol::network: ⚠️ [Check] Writer 1 -> 22 slow write: 1.35003359s
2025-12-06T03:06:46.371168Z  WARN ThreadId(05) docker_node: HotStuff processing bottleneck detected:
2025-12-06T03:06:46.371204Z  WARN ThreadId(05) docker_node:    - HotStuff queue backlog: 284220 transactions
2025-12-06T03:06:46.371214Z  WARN ThreadId(05) docker_node:    - Confirmation TPS (0.0) much lower than submission TPS (0.2)
2025-12-06T03:06:46.371221Z  WARN ThreadId(05) docker_node:    - Possible cause: HotStuff consensus network delay or block size limitation
2025-12-06T03:06:46.371235Z  WARN ThreadId(05) docker_node:   Connection reuse ineffective (2.0 msg/conn)
2025-12-06T03:06:46.514538Z  WARN ThreadId(05) docker_node: Node 1 Regular transaction queue backlog: 831605 transactions
2025-12-06T03:06:51.371064Z  WARN ThreadId(09) docker_node: HotStuff processing bottleneck detected:
2025-12-06T03:06:51.371090Z  WARN ThreadId(09) docker_node:    - HotStuff queue backlog: 831605 transactions
2025-12-06T03:06:51.371098Z  WARN ThreadId(09) docker_node:    - Confirmation TPS (0.0) much lower than submission TPS (0.1)
2025-12-06T03:06:51.371107Z  WARN ThreadId(09) docker_node:    - Possible cause: HotStuff consensus network delay or block size limitation
2025-12-06T03:06:51.371148Z  WARN ThreadId(09) docker_node:   Connection reuse ineffective (2.0 msg/conn)
2025-12-06T03:06:51.515077Z  WARN ThreadId(03) docker_node: Node 1 Regular transaction queue backlog: 1010559 transactions
2025-12-06T03:06:56.370890Z  WARN ThreadId(09) docker_node:   Connection reuse ineffective (2.0 msg/conn)
2025-12-06T03:06:56.515328Z  WARN ThreadId(07) docker_node: Node 1 Regular transaction queue backlog: 1210565 transactions
2025-12-06T03:07:01.371169Z  WARN ThreadId(07) docker_node:   Connection reuse ineffective (2.0 msg/conn)
2025-12-06T03:07:01.514892Z  WARN ThreadId(07) docker_node: Node 1 Regular transaction queue backlog: 1400045 transactions
2025-12-06T03:07:06.371054Z  WARN ThreadId(07) docker_node:   Connection reuse ineffective (2.0 msg/conn)
2025-12-06T03:07:06.515308Z  WARN ThreadId(03) docker_node: Node 1 Regular transaction queue backlog: 1852690 transactions
2025-12-06T03:07:11.370852Z  WARN ThreadId(06) docker_node:   Connection reuse ineffective (2.0 msg/conn)
2025-12-06T03:07:11.515040Z  WARN ThreadId(03) docker_node: Node 1 Regular transaction queue backlog: 2463237 transactions
2025-12-06T03:07:16.371420Z  WARN ThreadId(03) docker_node:   Connection reuse ineffective (2.0 msg/conn)
2025-12-06T03:07:16.514472Z  WARN ThreadId(08) docker_node: Node 1 Regular transaction queue backlog: 2905356 transactions
2025-12-06T03:07:17.810540Z  WARN ThreadId(24) hotstuff_runner::smrol::network: ⚠️ Large message: 2400169 bytes to node Some(34)
2025-12-06T03:07:17.812027Z  WARN ThreadId(24) hotstuff_runner::smrol::network: ⚠️ Large message: 2400168 bytes to node Some(7)
2025-12-06T03:07:17.813350Z  WARN ThreadId(24) hotstuff_runner::smrol::network: ⚠️ Large message: 2400169 bytes to node Some(38)
2025-12-06T03:07:17.814029Z  WARN ThreadId(24) hotstuff_runner::smrol::network: ⚠️ Large message: 2400169 bytes to node Some(31)
2025-12-06T03:07:17.814752Z  WARN ThreadId(24) hotstuff_runner::smrol::network: ⚠️ Large message: 2400169 bytes to node Some(49)
2025-12-06T03:07:17.815368Z  WARN ThreadId(24) hotstuff_runner::smrol::network: ⚠️ Large message: 2400169 bytes to node Some(12)
2025-12-06T03:07:17.816110Z  WARN ThreadId(24) hotstuff_runner::smrol::network: ⚠️ Large message: 2400169 bytes to node Some(28)
2025-12-06T03:07:17.816878Z  WARN ThreadId(24) hotstuff_runner::smrol::network: ⚠️ Large message: 2400168 bytes to node Some(8)
2025-12-06T03:07:17.817635Z  WARN ThreadId(24) hotstuff_runner::smrol::network: ⚠️ Large message: 2400169 bytes to node Some(30)
2025-12-06T03:07:17.818421Z  WARN ThreadId(24) hotstuff_runner::smrol::network: ⚠️ Large message: 2400169 bytes to node Some(54)
2025-12-06T03:07:17.819035Z  WARN ThreadId(24) hotstuff_runner::smrol::network: ⚠️ Large message: 2400169 bytes to node Some(53)
2025-12-06T03:07:17.819667Z  WARN ThreadId(24) hotstuff_runner::smrol::network: ⚠️ Large message: 2400169 bytes to node Some(63)
2025-12-06T03:07:17.820280Z  WARN ThreadId(24) hotstuff_runner::smrol::network: ⚠️ Large message: 2400169 bytes to node Some(15)
2025-12-06T03:07:17.820930Z  WARN ThreadId(24) hotstuff_runner::smrol::network: ⚠️ Large message: 2400169 bytes to node Some(55)
2025-12-06T03:07:17.821585Z  WARN ThreadId(24) hotstuff_runner::smrol::network: ⚠️ Large message: 2400169 bytes to node Some(13)
2025-12-06T03:07:17.822240Z  WARN ThreadId(24) hotstuff_runner::smrol::network: ⚠️ Large message: 2400169 bytes to node Some(20)
2025-12-06T03:07:17.822903Z  WARN ThreadId(24) hotstuff_runner::smrol::network: ⚠️ Large message: 2400168 bytes to node Some(4)
2025-12-06T03:07:17.823595Z  WARN ThreadId(24) hotstuff_runner::smrol::network: ⚠️ Large message: 2400169 bytes to node Some(40)
2025-12-06T03:07:17.824279Z  WARN ThreadId(24) hotstuff_runner::smrol::network: ⚠️ Large message: 2400169 bytes to node Some(10)
2025-12-06T03:07:17.824636Z  WARN ThreadId(25) hotstuff_runner::smrol::network: ⚠️ Large message: 2400169 bytes to node Some(33)
2025-12-06T03:07:17.824995Z  WARN ThreadId(24) hotstuff_runner::smrol::network: ⚠️ Large message: 2400169 bytes to node Some(58)
2025-12-06T03:07:17.825301Z  WARN ThreadId(25) hotstuff_runner::smrol::network: ⚠️ Large message: 2400169 bytes to node Some(21)
2025-12-06T03:07:17.825908Z  WARN ThreadId(25) hotstuff_runner::smrol::network: ⚠️ Large message: 2400169 bytes to node Some(50)
2025-12-06T03:07:17.826020Z  WARN ThreadId(24) hotstuff_runner::smrol::network: ⚠️ Large message: 2400169 bytes to node Some(51)
2025-12-06T03:07:17.826494Z  WARN ThreadId(25) hotstuff_runner::smrol::network: ⚠️ Large message: 2400169 bytes to node Some(39)
2025-12-06T03:07:17.826614Z  WARN ThreadId(24) hotstuff_runner::smrol::network: ⚠️ Large message: 2400168 bytes to node Some(6)
2025-12-06T03:07:17.827168Z  WARN ThreadId(25) hotstuff_runner::smrol::network: ⚠️ Large message: 2400169 bytes to node Some(36)
2025-12-06T03:07:17.827280Z  WARN ThreadId(24) hotstuff_runner::smrol::network: ⚠️ Large message: 2400169 bytes to node Some(16)
2025-12-06T03:07:17.827868Z  WARN ThreadId(24) hotstuff_runner::smrol::network: ⚠️ Large message: 2400168 bytes to node Some(9)
2025-12-06T03:07:17.827872Z  WARN ThreadId(25) hotstuff_runner::smrol::network: ⚠️ Large message: 2400169 bytes to node Some(41)
2025-12-06T03:07:17.828467Z  WARN ThreadId(25) hotstuff_runner::smrol::network: ⚠️ Large message: 2400168 bytes to node Some(5)
2025-12-06T03:07:17.828615Z  WARN ThreadId(24) hotstuff_runner::smrol::network: ⚠️ Large message: 2400168 bytes to node Some(0)
2025-12-06T03:07:17.829078Z  WARN ThreadId(25) hotstuff_runner::smrol::network: ⚠️ Large message: 2400169 bytes to node Some(46)
2025-12-06T03:07:17.829617Z  WARN ThreadId(25) hotstuff_runner::smrol::network: ⚠️ Large message: 2400169 bytes to node Some(44)
2025-12-06T03:07:17.829899Z  WARN ThreadId(24) hotstuff_runner::smrol::network: ⚠️ Large message: 2400169 bytes to node Some(61)
2025-12-06T03:07:17.830196Z  WARN ThreadId(25) hotstuff_runner::smrol::network: ⚠️ Large message: 2400169 bytes to node Some(11)
2025-12-06T03:07:17.830730Z  WARN ThreadId(25) hotstuff_runner::smrol::network: ⚠️ Large message: 2400169 bytes to node Some(57)
2025-12-06T03:07:17.830866Z  WARN ThreadId(24) hotstuff_runner::smrol::network: ⚠️ Large message: 2400169 bytes to node Some(45)
2025-12-06T03:07:17.831443Z  WARN ThreadId(25) hotstuff_runner::smrol::network: ⚠️ Large message: 2400169 bytes to node Some(35)
2025-12-06T03:07:17.831539Z  WARN ThreadId(24) hotstuff_runner::smrol::network: ⚠️ Large message: 2400169 bytes to node Some(17)
2025-12-06T03:07:17.831977Z  WARN ThreadId(25) hotstuff_runner::smrol::network: ⚠️ Large message: 2400169 bytes to node Some(23)
2025-12-06T03:07:17.832228Z  WARN ThreadId(24) hotstuff_runner::smrol::network: ⚠️ Large message: 2400169 bytes to node Some(43)
2025-12-06T03:07:17.832536Z  WARN ThreadId(25) hotstuff_runner::smrol::network: ⚠️ Large message: 2400169 bytes to node Some(48)
2025-12-06T03:07:17.832854Z  WARN ThreadId(24) hotstuff_runner::smrol::network: ⚠️ Large message: 2400169 bytes to node Some(19)
2025-12-06T03:07:17.833105Z  WARN ThreadId(25) hotstuff_runner::smrol::network: ⚠️ Large message: 2400168 bytes to node Some(2)
2025-12-06T03:07:17.833531Z  WARN ThreadId(24) hotstuff_runner::smrol::network: ⚠️ Large message: 2400169 bytes to node Some(62)
2025-12-06T03:07:17.833924Z  WARN ThreadId(25) hotstuff_runner::smrol::network: ⚠️ Large message: 2400169 bytes to node Some(60)
2025-12-06T03:07:17.835048Z  WARN ThreadId(25) hotstuff_runner::smrol::network: ⚠️ Large message: 2400169 bytes to node Some(42)
2025-12-06T03:07:17.835600Z  WARN ThreadId(25) hotstuff_runner::smrol::network: ⚠️ Large message: 2400169 bytes to node Some(56)
2025-12-06T03:07:17.836075Z  WARN ThreadId(25) hotstuff_runner::smrol::network: ⚠️ Large message: 2400169 bytes to node Some(27)
2025-12-06T03:07:17.836686Z  WARN ThreadId(24) hotstuff_runner::smrol::network: ⚠️ Large message: 2400169 bytes to node Some(18)
2025-12-06T03:07:17.836704Z  WARN ThreadId(25) hotstuff_runner::smrol::network: ⚠️ Large message: 2400169 bytes to node Some(25)
2025-12-06T03:07:17.837342Z  WARN ThreadId(25) hotstuff_runner::smrol::network: ⚠️ Large message: 2400169 bytes to node Some(47)
2025-12-06T03:07:17.837710Z  WARN ThreadId(24) hotstuff_runner::smrol::network: ⚠️ Large message: 2400169 bytes to node Some(52)
2025-12-06T03:07:17.837874Z  WARN ThreadId(25) hotstuff_runner::smrol::network: ⚠️ Large message: 2400169 bytes to node Some(26)
2025-12-06T03:07:17.838242Z  WARN ThreadId(24) hotstuff_runner::smrol::network: ⚠️ Large message: 2400169 bytes to node Some(32)
2025-12-06T03:07:17.838423Z  WARN ThreadId(25) hotstuff_runner::smrol::network: ⚠️ Large message: 2400168 bytes to node Some(3)
2025-12-06T03:07:17.838765Z  WARN ThreadId(24) hotstuff_runner::smrol::network: ⚠️ Large message: 2400169 bytes to node Some(59)
2025-12-06T03:07:17.838966Z  WARN ThreadId(25) hotstuff_runner::smrol::network: ⚠️ Large message: 2400169 bytes to node Some(29)
2025-12-06T03:07:17.839361Z  WARN ThreadId(24) hotstuff_runner::smrol::network: ⚠️ Large message: 2400169 bytes to node Some(22)
2025-12-06T03:07:17.839533Z  WARN ThreadId(25) hotstuff_runner::smrol::network: ⚠️ Large message: 2400169 bytes to node Some(24)
2025-12-06T03:07:17.839870Z  WARN ThreadId(24) hotstuff_runner::smrol::network: ⚠️ Large message: 2400169 bytes to node Some(14)
2025-12-06T03:07:17.840072Z  WARN ThreadId(25) hotstuff_runner::smrol::network: ⚠️ Large message: 2400169 bytes to node Some(37)
2025-12-06T03:07:17.859646Z  WARN ThreadId(25) hotstuff_runner::smrol::network: ⚠️ [Check] Writer 1 -> 2 slow write: 26.707798ms
2025-12-06T03:07:20.326784Z  WARN ThreadId(21) hotstuff_runner::tcp_node: Node 1 view 98 timed out; latency may accumulate
2025-12-06T03:07:21.370855Z  WARN ThreadId(08) docker_node:   Connection reuse ineffective (2.0 msg/conn)
2025-12-06T03:07:21.514903Z  WARN ThreadId(08) docker_node: Node 1 Regular transaction queue backlog: 3926441 transactions
2025-12-06T03:07:24.855895Z  WARN ThreadId(20) hotstuff_rs::block_tree::invariants: SAFE_PC_FAIL: pc.block=[6, 112, 112, 197, 31, 26, 196, 176, 218, 89, 5, 196, 247, 192, 132, 171, 218, 9, 172, 83, 198, 166, 228, 112, 208, 158, 248, 226, 56, 149, 221, 123] view=86 phase=Generic | cond1(chain_id/genesis)=true (pc.chain_id=0, my.chain_id=0) | cond2(block_exists/genesis)=true (exists=true) | cond3(view>locked || extends)=false (pc.view=86, locked.view=96, extends=false) | cond4(phase/updates)=true (phase_special=false, has_updates=false) | highest_pc.block=[131, 143, 34, 248, 30, 119, 170, 233, 93, 156, 216, 18, 136, 216, 235, 234, 30, 204, 172, 120, 186, 11, 50, 111, 36, 224, 127, 90, 233, 61, 199, 56] highest_pc.view=97 locked.block=[164, 193, 175, 136, 218, 228, 33, 252, 162, 200, 218, 22, 56, 2, 103, 50, 222, 77, 225, 119, 214, 183, 215, 128, 36, 32, 52, 254, 53, 7, 66, 146] locked.view=96    
2025-12-06T03:07:24.855939Z  WARN ThreadId(20) hotstuff_rs::block_tree::invariants: SAFE_BLOCK_FAIL: block=[115, 254, 188, 202, 158, 54, 85, 191, 50, 118, 120, 77, 132, 237, 106, 200, 177, 136, 33, 208, 149, 231, 234, 87, 245, 22, 34, 146, 111, 79, 207, 238] height=None | cond1(safe_pc)=false | cond2(is_block_justify)=true (justify.phase=Generic) | justify.block=[6, 112, 112, 197, 31, 26, 196, 176, 218, 89, 5, 196, 247, 192, 132, 171, 218, 9, 172, 83, 198, 166, 228, 112, 208, 158, 248, 226, 56, 149, 221, 123] justify.view=86 | highest_pc.block=[131, 143, 34, 248, 30, 119, 170, 233, 93, 156, 216, 18, 136, 216, 235, 234, 30, 204, 172, 120, 186, 11, 50, 111, 36, 224, 127, 90, 233, 61, 199, 56] highest_pc.view=97 | locked.block=[164, 193, 175, 136, 218, 228, 33, 252, 162, 200, 218, 22, 56, 2, 103, 50, 222, 77, 225, 119, 214, 183, 215, 128, 36, 32, 52, 254, 53, 7, 66, 146] locked.view=96    
2025-12-06T03:07:25.328007Z  WARN ThreadId(21) hotstuff_runner::tcp_node: Node 1 view 99 timed out; latency may accumulate
2025-12-06T03:07:26.371047Z  WARN ThreadId(05) docker_node:   Connection reuse ineffective (2.0 msg/conn)
2025-12-06T03:07:26.514810Z  WARN ThreadId(09) docker_node: Node 1 Regular transaction queue backlog: 4526459 transactions
2025-12-06T03:07:29.666728Z  WARN ThreadId(20) hotstuff_runner::app: Node 1 [produce_block] queue size: 6052825, attempting up to 180000 transactions this block    
2025-12-06T03:07:31.370765Z  WARN ThreadId(05) docker_node:   Connection reuse ineffective (2.0 msg/conn)
2025-12-06T03:07:31.514768Z  WARN ThreadId(06) docker_node: Node 1 Regular transaction queue backlog: 5099146 transactions
2025-12-06T03:07:34.664442Z  WARN ThreadId(21) hotstuff_runner::tcp_node: Node 1 view 101 timed out; latency may accumulate
2025-12-06T03:07:36.370585Z  WARN ThreadId(07) docker_node:   Connection reuse ineffective (2.0 msg/conn)
2025-12-06T03:07:36.514862Z  WARN ThreadId(02) docker_node: Node 1 Regular transaction queue backlog: 5099146 transactions
2025-12-06T03:07:37.851537Z  WARN ThreadId(20) hotstuff_rs::block_tree::invariants: SAFE_PC_FAIL: pc.block=[6, 112, 112, 197, 31, 26, 196, 176, 218, 89, 5, 196, 247, 192, 132, 171, 218, 9, 172, 83, 198, 166, 228, 112, 208, 158, 248, 226, 56, 149, 221, 123] view=86 phase=Generic | cond1(chain_id/genesis)=true (pc.chain_id=0, my.chain_id=0) | cond2(block_exists/genesis)=true (exists=true) | cond3(view>locked || extends)=false (pc.view=86, locked.view=97, extends=false) | cond4(phase/updates)=true (phase_special=false, has_updates=false) | highest_pc.block=[196, 232, 126, 188, 55, 211, 223, 14, 102, 79, 86, 207, 232, 218, 148, 113, 91, 5, 0, 9, 162, 94, 48, 199, 138, 230, 244, 28, 75, 201, 224, 236] highest_pc.view=100 locked.block=[131, 143, 34, 248, 30, 119, 170, 233, 93, 156, 216, 18, 136, 216, 235, 234, 30, 204, 172, 120, 186, 11, 50, 111, 36, 224, 127, 90, 233, 61, 199, 56] locked.view=97    
2025-12-06T03:07:37.851615Z  WARN ThreadId(20) hotstuff_rs::block_tree::invariants: SAFE_BLOCK_FAIL: block=[178, 32, 202, 5, 23, 216, 85, 180, 127, 23, 92, 158, 195, 17, 157, 165, 238, 127, 164, 7, 74, 137, 208, 228, 31, 75, 71, 21, 248, 11, 237, 7] height=None | cond1(safe_pc)=false | cond2(is_block_justify)=true (justify.phase=Generic) | justify.block=[6, 112, 112, 197, 31, 26, 196, 176, 218, 89, 5, 196, 247, 192, 132, 171, 218, 9, 172, 83, 198, 166, 228, 112, 208, 158, 248, 226, 56, 149, 221, 123] justify.view=86 | highest_pc.block=[196, 232, 126, 188, 55, 211, 223, 14, 102, 79, 86, 207, 232, 218, 148, 113, 91, 5, 0, 9, 162, 94, 48, 199, 138, 230, 244, 28, 75, 201, 224, 236] highest_pc.view=100 | locked.block=[131, 143, 34, 248, 30, 119, 170, 233, 93, 156, 216, 18, 136, 216, 235, 234, 30, 204, 172, 120, 186, 11, 50, 111, 36, 224, 127, 90, 233, 61, 199, 56] locked.view=97    
2025-12-06T03:07:39.665733Z  WARN ThreadId(21) hotstuff_runner::tcp_node: Node 1 view 102 timed out; latency may accumulate
2025-12-06T03:07:41.370861Z  WARN ThreadId(02) docker_node:   Connection reuse ineffective (2.0 msg/conn)
2025-12-06T03:07:41.515165Z  WARN ThreadId(02) docker_node: Node 1 Regular transaction queue backlog: 5099146 transactions
2025-12-06T03:07:46.370779Z  WARN ThreadId(02) docker_node:   Connection reuse ineffective (2.0 msg/conn)
2025-12-06T03:07:46.515058Z  WARN ThreadId(02) docker_node: Node 1 Regular transaction queue backlog: 5099146 transactions
2025-12-06T03:07:51.371242Z  WARN ThreadId(02) docker_node:   Connection reuse ineffective (2.0 msg/conn)
2025-12-06T03:07:51.514513Z  WARN ThreadId(02) docker_node: Node 1 Regular transaction queue backlog: 5099146 transactions
2025-12-06T03:07:56.370756Z  WARN ThreadId(02) docker_node:   Connection reuse ineffective (2.0 msg/conn)
2025-12-06T03:07:56.515016Z  WARN ThreadId(02) docker_node: Node 1 Regular transaction queue backlog: 5099146 transactions
2025-12-06T03:08:01.371035Z  WARN ThreadId(02) docker_node:   Connection reuse ineffective (2.0 msg/conn)
2025-12-06T03:08:01.515284Z  WARN ThreadId(02) docker_node: Node 1 Regular transaction queue backlog: 5099146 transactions
2025-12-06T03:08:06.370581Z  WARN ThreadId(02) docker_node:   Connection reuse ineffective (2.0 msg/conn)
2025-12-06T03:08:06.514795Z  WARN ThreadId(06) docker_node: Node 1 Regular transaction queue backlog: 5099146 transactions
2025-12-06T03:08:11.370809Z  WARN ThreadId(06) docker_node:   Connection reuse ineffective (2.0 msg/conn)
2025-12-06T03:08:11.515061Z  WARN ThreadId(06) docker_node: Node 1 Regular transaction queue backlog: 5099146 transactions
2025-12-06T03:08:16.371076Z  WARN ThreadId(06) docker_node:   Connection reuse ineffective (2.0 msg/conn)
2025-12-06T03:08:16.515394Z  WARN ThreadId(06) docker_node: Node 1 Regular transaction queue backlog: 5099146 transactions
2025-12-06T03:08:21.371412Z  WARN ThreadId(06) docker_node:   Connection reuse ineffective (2.0 msg/conn)
2025-12-06T03:08:21.515110Z  WARN ThreadId(06) docker_node: Node 1 Regular transaction queue backlog: 5099146 transactions
2025-12-06T03:08:26.371279Z  WARN ThreadId(06) docker_node:   Connection reuse ineffective (2.0 msg/conn)
2025-12-06T03:08:26.514595Z  WARN ThreadId(06) docker_node: Node 1 Regular transaction queue backlog: 5099146 transactions
2025-12-06T03:08:31.370671Z  WARN ThreadId(06) docker_node:   Connection reuse ineffective (2.0 msg/conn)
2025-12-06T03:08:31.514956Z  WARN ThreadId(06) docker_node: Node 1 Regular transaction queue backlog: 5099146 transactions
2025-12-06T03:08:36.371363Z  WARN ThreadId(06) docker_node:   Connection reuse ineffective (2.0 msg/conn)
2025-12-06T03:08:36.514595Z  WARN ThreadId(07) docker_node: Node 1 Regular transaction queue backlog: 5099146 transactions
2025-12-06T03:08:41.370648Z  WARN ThreadId(07) docker_node:   Connection reuse ineffective (2.0 msg/conn)
2025-12-06T03:08:41.514911Z  WARN ThreadId(07) docker_node: Node 1 Regular transaction queue backlog: 5099146 transactions
2025-12-06T03:08:46.370915Z  WARN ThreadId(07) docker_node:   Connection reuse ineffective (2.0 msg/conn)
2025-12-06T03:08:46.515162Z  WARN ThreadId(07) docker_node: Node 1 Regular transaction queue backlog: 5099146 transactions
2025-12-06T03:08:51.371187Z  WARN ThreadId(07) docker_node:   Connection reuse ineffective (2.0 msg/conn)
2025-12-06T03:08:51.515453Z  WARN ThreadId(07) docker_node: Node 1 Regular transaction queue backlog: 5099146 transactions
2025-12-06T03:08:56.371457Z  WARN ThreadId(07) docker_node:   Connection reuse ineffective (2.0 msg/conn)
2025-12-06T03:08:56.514752Z  WARN ThreadId(07) docker_node: Node 1 Regular transaction queue backlog: 5099146 transactions
