2025-12-05T14:40:08.120397Z  WARN ThreadId(01) docker_node: metrics exporter disabled by SMROL_DISABLE_METRICS
2025-12-05T14:40:28.335948Z  WARN ThreadId(01) hotstuff_runner::tcp_node: Node 1 view timeout set to 5000 ms
2025-12-05T14:40:28.346007Z ERROR ThreadId(22) hotstuff_runner::pompe_network: Node 1 failed to connect to node 0: Connection refused (os error 111)
2025-12-05T14:40:28.346420Z ERROR ThreadId(23) hotstuff_runner::pompe_network: Node 1 failed to connect to node 2: Connection refused (os error 111)
2025-12-05T14:40:28.347414Z ERROR ThreadId(23) hotstuff_runner::pompe_network: Node 1 failed to connect to node 5: Connection refused (os error 111)
2025-12-05T14:40:28.364333Z  WARN ThreadId(01) hotstuff_runner::smrol::sequencing: SMROL_MEDIAN_INFLIGHT=24, SMROL_ORDER_FINALIZE_INFLIGHT=4, SMROL_FINAL_SIGN_INFLIGHT=4, SMROL_FINAL_VERIFY_INFLIGHT=24
2025-12-05T14:40:28.364388Z  WARN ThreadId(01) hotstuff_runner::smrol::sequencing: [Sequencing] Node 1 multi-signature verification disabled: false
2025-12-05T14:40:28.365074Z  WARN ThreadId(07) hotstuff_runner::smrol::sequencing: [Sequencing] Node 1 final verify dispatcher started
2025-12-05T14:40:28.366149Z  WARN ThreadId(05) docker_node:   Connection reuse ineffective (2.0 msg/conn)
2025-12-05T14:40:29.132721Z ERROR ThreadId(23) hotstuff_runner::pompe_network: Node 1 failed to connect to node 16: Connection refused (os error 111)
2025-12-05T14:40:29.316800Z ERROR ThreadId(23) hotstuff_runner::pompe_network: Node 1 failed to connect to node 17: Connection refused (os error 111)
2025-12-05T14:40:29.500367Z ERROR ThreadId(23) hotstuff_runner::pompe_network: Node 1 failed to connect to node 18: Connection refused (os error 111)
2025-12-05T14:40:33.366282Z  WARN ThreadId(07) docker_node:   Connection reuse ineffective (2.0 msg/conn)
2025-12-05T14:40:33.369439Z  WARN ThreadId(01) docker_node: Node 0 port 20000 temporarily unreachable: failed to lookup address information: Temporary failure in name resolution
2025-12-05T14:40:33.372545Z  WARN ThreadId(01) docker_node: Node 1 port 20001 temporarily unreachable: failed to lookup address information: Temporary failure in name resolution
2025-12-05T14:40:33.374322Z  WARN ThreadId(01) docker_node: Node 2 port 20002 temporarily unreachable: failed to lookup address information: Temporary failure in name resolution
2025-12-05T14:40:33.375959Z  WARN ThreadId(01) docker_node: Node 3 port 20003 temporarily unreachable: failed to lookup address information: Temporary failure in name resolution
2025-12-05T14:40:33.377688Z  WARN ThreadId(01) docker_node: Node 4 port 20004 temporarily unreachable: failed to lookup address information: Temporary failure in name resolution
2025-12-05T14:40:33.379295Z  WARN ThreadId(01) docker_node: Node 5 port 20005 temporarily unreachable: failed to lookup address information: Temporary failure in name resolution
2025-12-05T14:40:33.381169Z  WARN ThreadId(01) docker_node: Node 6 port 20006 temporarily unreachable: failed to lookup address information: Temporary failure in name resolution
2025-12-05T14:40:33.382932Z  WARN ThreadId(01) docker_node: Node 7 port 20007 temporarily unreachable: failed to lookup address information: Temporary failure in name resolution
2025-12-05T14:40:33.384347Z  WARN ThreadId(01) docker_node: Node 8 port 20008 temporarily unreachable: failed to lookup address information: Temporary failure in name resolution
2025-12-05T14:40:33.385728Z  WARN ThreadId(01) docker_node: Node 9 port 20009 temporarily unreachable: failed to lookup address information: Temporary failure in name resolution
2025-12-05T14:40:33.387462Z  WARN ThreadId(01) docker_node: Node 10 port 20010 temporarily unreachable: failed to lookup address information: Temporary failure in name resolution
2025-12-05T14:40:33.389089Z  WARN ThreadId(01) docker_node: Node 11 port 20011 temporarily unreachable: failed to lookup address information: Temporary failure in name resolution
2025-12-05T14:40:33.390709Z  WARN ThreadId(01) docker_node: Node 12 port 20012 temporarily unreachable: failed to lookup address information: Temporary failure in name resolution
2025-12-05T14:40:33.392365Z  WARN ThreadId(01) docker_node: Node 13 port 20013 temporarily unreachable: failed to lookup address information: Temporary failure in name resolution
2025-12-05T14:40:33.394020Z  WARN ThreadId(01) docker_node: Node 14 port 20014 temporarily unreachable: failed to lookup address information: Temporary failure in name resolution
2025-12-05T14:40:33.395504Z  WARN ThreadId(01) docker_node: Node 15 port 20015 temporarily unreachable: failed to lookup address information: Temporary failure in name resolution
2025-12-05T14:40:33.397251Z  WARN ThreadId(01) docker_node: Node 16 port 20016 temporarily unreachable: failed to lookup address information: Temporary failure in name resolution
2025-12-05T14:40:33.398869Z  WARN ThreadId(01) docker_node: Node 17 port 20017 temporarily unreachable: failed to lookup address information: Temporary failure in name resolution
2025-12-05T14:40:33.400432Z  WARN ThreadId(01) docker_node: Node 18 port 20018 temporarily unreachable: failed to lookup address information: Temporary failure in name resolution
2025-12-05T14:40:33.401867Z  WARN ThreadId(01) docker_node: Node 19 port 20019 temporarily unreachable: failed to lookup address information: Temporary failure in name resolution
2025-12-05T14:40:33.403371Z  WARN ThreadId(01) docker_node: Node 20 port 20020 temporarily unreachable: failed to lookup address information: Temporary failure in name resolution
2025-12-05T14:40:33.405026Z  WARN ThreadId(01) docker_node: Node 21 port 20021 temporarily unreachable: failed to lookup address information: Temporary failure in name resolution
2025-12-05T14:40:33.406590Z  WARN ThreadId(01) docker_node: Node 22 port 20022 temporarily unreachable: failed to lookup address information: Temporary failure in name resolution
2025-12-05T14:40:33.408038Z  WARN ThreadId(01) docker_node: Node 23 port 20023 temporarily unreachable: failed to lookup address information: Temporary failure in name resolution
2025-12-05T14:40:33.409565Z  WARN ThreadId(01) docker_node: Node 24 port 20024 temporarily unreachable: failed to lookup address information: Temporary failure in name resolution
2025-12-05T14:40:33.411007Z  WARN ThreadId(01) docker_node: Node 25 port 20025 temporarily unreachable: failed to lookup address information: Temporary failure in name resolution
2025-12-05T14:40:33.412487Z  WARN ThreadId(01) docker_node: Node 26 port 20026 temporarily unreachable: failed to lookup address information: Temporary failure in name resolution
2025-12-05T14:40:33.413835Z  WARN ThreadId(01) docker_node: Node 27 port 20027 temporarily unreachable: failed to lookup address information: Temporary failure in name resolution
2025-12-05T14:40:33.415277Z  WARN ThreadId(01) docker_node: Node 28 port 20028 temporarily unreachable: failed to lookup address information: Temporary failure in name resolution
2025-12-05T14:40:33.416952Z  WARN ThreadId(01) docker_node: Node 29 port 20029 temporarily unreachable: failed to lookup address information: Temporary failure in name resolution
2025-12-05T14:40:33.418390Z  WARN ThreadId(01) docker_node: Node 30 port 20030 temporarily unreachable: failed to lookup address information: Temporary failure in name resolution
2025-12-05T14:40:33.419951Z  WARN ThreadId(01) docker_node: Node 31 port 20031 temporarily unreachable: failed to lookup address information: Temporary failure in name resolution
2025-12-05T14:40:33.421556Z  WARN ThreadId(01) docker_node: Node 32 port 20032 temporarily unreachable: failed to lookup address information: Temporary failure in name resolution
2025-12-05T14:40:33.423084Z  WARN ThreadId(01) docker_node: Node 33 port 20033 temporarily unreachable: failed to lookup address information: Temporary failure in name resolution
2025-12-05T14:40:33.425267Z  WARN ThreadId(01) docker_node: Node 34 port 20034 temporarily unreachable: failed to lookup address information: Temporary failure in name resolution
2025-12-05T14:40:33.426724Z  WARN ThreadId(01) docker_node: Node 35 port 20035 temporarily unreachable: failed to lookup address information: Temporary failure in name resolution
2025-12-05T14:40:33.429147Z  WARN ThreadId(01) docker_node: Node 36 port 20036 temporarily unreachable: failed to lookup address information: Temporary failure in name resolution
2025-12-05T14:40:33.430853Z  WARN ThreadId(01) docker_node: Node 37 port 20037 temporarily unreachable: failed to lookup address information: Temporary failure in name resolution
2025-12-05T14:40:33.432554Z  WARN ThreadId(01) docker_node: Node 38 port 20038 temporarily unreachable: failed to lookup address information: Temporary failure in name resolution
2025-12-05T14:40:33.434123Z  WARN ThreadId(01) docker_node: Node 39 port 20039 temporarily unreachable: failed to lookup address information: Temporary failure in name resolution
2025-12-05T14:40:33.435702Z  WARN ThreadId(01) docker_node: Node 40 port 20040 temporarily unreachable: failed to lookup address information: Temporary failure in name resolution
2025-12-05T14:40:33.437197Z  WARN ThreadId(01) docker_node: Node 41 port 20041 temporarily unreachable: failed to lookup address information: Temporary failure in name resolution
2025-12-05T14:40:33.438606Z  WARN ThreadId(01) docker_node: Node 42 port 20042 temporarily unreachable: failed to lookup address information: Temporary failure in name resolution
2025-12-05T14:40:33.440240Z  WARN ThreadId(01) docker_node: Node 43 port 20043 temporarily unreachable: failed to lookup address information: Temporary failure in name resolution
2025-12-05T14:40:33.441923Z  WARN ThreadId(01) docker_node: Node 44 port 20044 temporarily unreachable: failed to lookup address information: Temporary failure in name resolution
2025-12-05T14:40:33.443634Z  WARN ThreadId(01) docker_node: Node 45 port 20045 temporarily unreachable: failed to lookup address information: Temporary failure in name resolution
2025-12-05T14:40:33.445307Z  WARN ThreadId(01) docker_node: Node 46 port 20046 temporarily unreachable: failed to lookup address information: Temporary failure in name resolution
2025-12-05T14:40:33.446953Z  WARN ThreadId(01) docker_node: Node 47 port 20047 temporarily unreachable: failed to lookup address information: Temporary failure in name resolution
2025-12-05T14:40:33.448691Z  WARN ThreadId(01) docker_node: Node 48 port 20048 temporarily unreachable: failed to lookup address information: Temporary failure in name resolution
2025-12-05T14:40:33.450153Z  WARN ThreadId(01) docker_node: Node 49 port 20049 temporarily unreachable: failed to lookup address information: Temporary failure in name resolution
2025-12-05T14:40:33.451799Z  WARN ThreadId(01) docker_node: Node 50 port 20050 temporarily unreachable: failed to lookup address information: Temporary failure in name resolution
2025-12-05T14:40:33.453362Z  WARN ThreadId(01) docker_node: Node 51 port 20051 temporarily unreachable: failed to lookup address information: Temporary failure in name resolution
2025-12-05T14:40:33.454866Z  WARN ThreadId(01) docker_node: Node 52 port 20052 temporarily unreachable: failed to lookup address information: Temporary failure in name resolution
2025-12-05T14:40:33.456398Z  WARN ThreadId(01) docker_node: Node 53 port 20053 temporarily unreachable: failed to lookup address information: Temporary failure in name resolution
2025-12-05T14:40:33.458039Z  WARN ThreadId(01) docker_node: Node 54 port 20054 temporarily unreachable: failed to lookup address information: Temporary failure in name resolution
2025-12-05T14:40:33.459783Z  WARN ThreadId(01) docker_node: Node 55 port 20055 temporarily unreachable: failed to lookup address information: Temporary failure in name resolution
2025-12-05T14:40:33.461429Z  WARN ThreadId(01) docker_node: Node 56 port 20056 temporarily unreachable: failed to lookup address information: Temporary failure in name resolution
2025-12-05T14:40:33.462886Z  WARN ThreadId(01) docker_node: Node 57 port 20057 temporarily unreachable: failed to lookup address information: Temporary failure in name resolution
2025-12-05T14:40:33.464566Z  WARN ThreadId(01) docker_node: Node 58 port 20058 temporarily unreachable: failed to lookup address information: Temporary failure in name resolution
2025-12-05T14:40:33.466096Z  WARN ThreadId(01) docker_node: Node 59 port 20059 temporarily unreachable: failed to lookup address information: Temporary failure in name resolution
2025-12-05T14:40:33.467733Z  WARN ThreadId(01) docker_node: Node 60 port 20060 temporarily unreachable: failed to lookup address information: Temporary failure in name resolution
2025-12-05T14:40:33.469433Z  WARN ThreadId(01) docker_node: Node 61 port 20061 temporarily unreachable: failed to lookup address information: Temporary failure in name resolution
2025-12-05T14:40:33.471080Z  WARN ThreadId(01) docker_node: Node 62 port 20062 temporarily unreachable: failed to lookup address information: Temporary failure in name resolution
2025-12-05T14:40:33.472757Z  WARN ThreadId(01) docker_node: Node 63 port 20063 temporarily unreachable: failed to lookup address information: Temporary failure in name resolution
2025-12-05T14:40:38.365653Z  WARN ThreadId(07) docker_node:   Connection reuse ineffective (2.0 msg/conn)
2025-12-05T14:40:43.366078Z  WARN ThreadId(07) docker_node:   Connection reuse ineffective (2.0 msg/conn)
2025-12-05T14:40:46.886595Z  WARN ThreadId(20) hotstuff_runner::app: Node 1 [produce_block] queue size: 0, attempting up to 0 transactions this block    
2025-12-05T14:40:48.365628Z  WARN ThreadId(07) docker_node:   Connection reuse ineffective (2.0 msg/conn)
2025-12-05T14:40:53.365645Z  WARN ThreadId(07) docker_node:   Connection reuse ineffective (2.0 msg/conn)
2025-12-05T14:40:58.365925Z  WARN ThreadId(07) docker_node:   Connection reuse ineffective (2.0 msg/conn)
2025-12-05T14:41:01.252569Z  WARN ThreadId(21) hotstuff_runner::tcp_node: Node 1 view 65 timed out; latency may accumulate
2025-12-05T14:41:01.609258Z  WARN ThreadId(25) hotstuff_runner::smrol::network: ⚠️ Large message: 2400169 bytes to node Some(26)
2025-12-05T14:41:01.611810Z  WARN ThreadId(25) hotstuff_runner::smrol::network: ⚠️ Large message: 2400169 bytes to node Some(35)
2025-12-05T14:41:01.613382Z  WARN ThreadId(25) hotstuff_runner::smrol::network: ⚠️ Large message: 2400168 bytes to node Some(2)
2025-12-05T14:41:01.615060Z  WARN ThreadId(25) hotstuff_runner::smrol::network: ⚠️ Large message: 2400169 bytes to node Some(33)
2025-12-05T14:41:01.616587Z  WARN ThreadId(25) hotstuff_runner::smrol::network: ⚠️ Large message: 2400168 bytes to node Some(7)
2025-12-05T14:41:01.618385Z  WARN ThreadId(25) hotstuff_runner::smrol::network: ⚠️ Large message: 2400169 bytes to node Some(23)
2025-12-05T14:41:01.620044Z  WARN ThreadId(25) hotstuff_runner::smrol::network: ⚠️ Large message: 2400168 bytes to node Some(3)
2025-12-05T14:41:01.621673Z  WARN ThreadId(25) hotstuff_runner::smrol::network: ⚠️ Large message: 2400169 bytes to node Some(40)
2025-12-05T14:41:01.623323Z  WARN ThreadId(25) hotstuff_runner::smrol::network: ⚠️ Large message: 2400169 bytes to node Some(54)
2025-12-05T14:41:01.625044Z  WARN ThreadId(25) hotstuff_runner::smrol::network: ⚠️ Large message: 2400169 bytes to node Some(13)
2025-12-05T14:41:01.627039Z  WARN ThreadId(25) hotstuff_runner::smrol::network: ⚠️ Large message: 2400169 bytes to node Some(53)
2025-12-05T14:41:01.628912Z  WARN ThreadId(25) hotstuff_runner::smrol::network: ⚠️ Large message: 2400169 bytes to node Some(19)
2025-12-05T14:41:01.630486Z  WARN ThreadId(25) hotstuff_runner::smrol::network: ⚠️ Large message: 2400169 bytes to node Some(38)
2025-12-05T14:41:01.632173Z  WARN ThreadId(25) hotstuff_runner::smrol::network: ⚠️ Large message: 2400169 bytes to node Some(16)
2025-12-05T14:41:01.633950Z  WARN ThreadId(25) hotstuff_runner::smrol::network: ⚠️ Large message: 2400169 bytes to node Some(25)
2025-12-05T14:41:01.635807Z  WARN ThreadId(25) hotstuff_runner::smrol::network: ⚠️ Large message: 2400169 bytes to node Some(48)
2025-12-05T14:41:01.637373Z  WARN ThreadId(25) hotstuff_runner::smrol::network: ⚠️ Large message: 2400169 bytes to node Some(32)
2025-12-05T14:41:01.638836Z  WARN ThreadId(25) hotstuff_runner::smrol::network: ⚠️ Large message: 2400169 bytes to node Some(49)
2025-12-05T14:41:01.640413Z  WARN ThreadId(25) hotstuff_runner::smrol::network: ⚠️ Large message: 2400169 bytes to node Some(36)
2025-12-05T14:41:01.641841Z  WARN ThreadId(25) hotstuff_runner::smrol::network: ⚠️ Large message: 2400169 bytes to node Some(44)
2025-12-05T14:41:01.643372Z  WARN ThreadId(25) hotstuff_runner::smrol::network: ⚠️ Large message: 2400169 bytes to node Some(17)
2025-12-05T14:41:01.644971Z  WARN ThreadId(25) hotstuff_runner::smrol::network: ⚠️ Large message: 2400169 bytes to node Some(61)
2025-12-05T14:41:01.646412Z  WARN ThreadId(25) hotstuff_runner::smrol::network: ⚠️ Large message: 2400169 bytes to node Some(27)
2025-12-05T14:41:01.647883Z  WARN ThreadId(25) hotstuff_runner::smrol::network: ⚠️ Large message: 2400169 bytes to node Some(21)
2025-12-05T14:41:01.649473Z  WARN ThreadId(25) hotstuff_runner::smrol::network: ⚠️ Large message: 2400168 bytes to node Some(0)
2025-12-05T14:41:01.651062Z  WARN ThreadId(25) hotstuff_runner::smrol::network: ⚠️ Large message: 2400169 bytes to node Some(52)
2025-12-05T14:41:01.652716Z  WARN ThreadId(25) hotstuff_runner::smrol::network: ⚠️ Large message: 2400169 bytes to node Some(22)
2025-12-05T14:41:01.654238Z  WARN ThreadId(25) hotstuff_runner::smrol::network: ⚠️ Large message: 2400169 bytes to node Some(24)
2025-12-05T14:41:01.656039Z  WARN ThreadId(25) hotstuff_runner::smrol::network: ⚠️ Large message: 2400169 bytes to node Some(37)
2025-12-05T14:41:01.658456Z  WARN ThreadId(25) hotstuff_runner::smrol::network: ⚠️ Large message: 2400169 bytes to node Some(59)
2025-12-05T14:41:01.660232Z  WARN ThreadId(25) hotstuff_runner::smrol::network: ⚠️ Large message: 2400168 bytes to node Some(5)
2025-12-05T14:41:01.661733Z  WARN ThreadId(25) hotstuff_runner::smrol::network: ⚠️ Large message: 2400168 bytes to node Some(8)
2025-12-05T14:41:01.663388Z  WARN ThreadId(25) hotstuff_runner::smrol::network: ⚠️ Large message: 2400169 bytes to node Some(60)
2025-12-05T14:41:01.664841Z  WARN ThreadId(25) hotstuff_runner::smrol::network: ⚠️ Large message: 2400169 bytes to node Some(18)
2025-12-05T14:41:01.666316Z  WARN ThreadId(25) hotstuff_runner::smrol::network: ⚠️ Large message: 2400169 bytes to node Some(11)
2025-12-05T14:41:01.667808Z  WARN ThreadId(25) hotstuff_runner::smrol::network: ⚠️ Large message: 2400169 bytes to node Some(57)
2025-12-05T14:41:01.669321Z  WARN ThreadId(25) hotstuff_runner::smrol::network: ⚠️ Large message: 2400168 bytes to node Some(6)
2025-12-05T14:41:01.670775Z  WARN ThreadId(25) hotstuff_runner::smrol::network: ⚠️ Large message: 2400168 bytes to node Some(9)
2025-12-05T14:41:01.672285Z  WARN ThreadId(25) hotstuff_runner::smrol::network: ⚠️ Large message: 2400169 bytes to node Some(29)
2025-12-05T14:41:01.673767Z  WARN ThreadId(25) hotstuff_runner::smrol::network: ⚠️ Large message: 2400169 bytes to node Some(58)
2025-12-05T14:41:01.675224Z  WARN ThreadId(25) hotstuff_runner::smrol::network: ⚠️ Large message: 2400169 bytes to node Some(62)
2025-12-05T14:41:01.676754Z  WARN ThreadId(25) hotstuff_runner::smrol::network: ⚠️ Large message: 2400169 bytes to node Some(10)
2025-12-05T14:41:01.678280Z  WARN ThreadId(25) hotstuff_runner::smrol::network: ⚠️ Large message: 2400169 bytes to node Some(50)
2025-12-05T14:41:01.679796Z  WARN ThreadId(25) hotstuff_runner::smrol::network: ⚠️ Large message: 2400169 bytes to node Some(43)
2025-12-05T14:41:01.681159Z  WARN ThreadId(24) hotstuff_runner::smrol::network: ⚠️ Large message: 2400169 bytes to node Some(39)
2025-12-05T14:41:01.681315Z  WARN ThreadId(25) hotstuff_runner::smrol::network: ⚠️ Large message: 2400169 bytes to node Some(15)
2025-12-05T14:41:01.682501Z  WARN ThreadId(24) hotstuff_runner::smrol::network: ⚠️ Large message: 2400169 bytes to node Some(51)
2025-12-05T14:41:01.682995Z  WARN ThreadId(25) hotstuff_runner::smrol::network: ⚠️ Large message: 2400169 bytes to node Some(31)
2025-12-05T14:41:01.683730Z  WARN ThreadId(24) hotstuff_runner::smrol::network: ⚠️ Large message: 2400169 bytes to node Some(63)
2025-12-05T14:41:01.684610Z  WARN ThreadId(25) hotstuff_runner::smrol::network: ⚠️ Large message: 2400169 bytes to node Some(34)
2025-12-05T14:41:01.684959Z  WARN ThreadId(24) hotstuff_runner::smrol::network: ⚠️ Large message: 2400168 bytes to node Some(4)
2025-12-05T14:41:01.686302Z  WARN ThreadId(24) hotstuff_runner::smrol::network: ⚠️ Large message: 2400169 bytes to node Some(55)
2025-12-05T14:41:01.686610Z  WARN ThreadId(25) hotstuff_runner::smrol::network: ⚠️ Large message: 2400169 bytes to node Some(56)
2025-12-05T14:41:01.688140Z  WARN ThreadId(24) hotstuff_runner::smrol::network: ⚠️ Large message: 2400169 bytes to node Some(46)
2025-12-05T14:41:01.688694Z  WARN ThreadId(25) hotstuff_runner::smrol::network: ⚠️ Large message: 2400169 bytes to node Some(28)
2025-12-05T14:41:01.689402Z  WARN ThreadId(24) hotstuff_runner::smrol::network: ⚠️ Large message: 2400169 bytes to node Some(47)
2025-12-05T14:41:01.690332Z  WARN ThreadId(25) hotstuff_runner::smrol::network: ⚠️ Large message: 2400169 bytes to node Some(14)
2025-12-05T14:41:01.690689Z  WARN ThreadId(24) hotstuff_runner::smrol::network: ⚠️ Large message: 2400169 bytes to node Some(30)
2025-12-05T14:41:01.691823Z  WARN ThreadId(25) hotstuff_runner::smrol::network: ⚠️ Large message: 2400169 bytes to node Some(12)
2025-12-05T14:41:01.691890Z  WARN ThreadId(24) hotstuff_runner::smrol::network: ⚠️ Large message: 2400169 bytes to node Some(41)
2025-12-05T14:41:01.694738Z  WARN ThreadId(25) hotstuff_runner::smrol::network: ⚠️ [Check] Writer 1 -> 2 slow write: 82.743208ms
2025-12-05T14:41:01.695210Z  WARN ThreadId(24) hotstuff_runner::smrol::network: ⚠️ [Check] Writer 1 -> 0 slow write: 47.185704ms
2025-12-05T14:41:01.695479Z  WARN ThreadId(24) hotstuff_runner::smrol::network: ⚠️ [Check] Writer 1 -> 5 slow write: 36.915554ms
2025-12-05T14:41:01.697085Z  WARN ThreadId(24) hotstuff_runner::smrol::network: ⚠️ [Check] Writer 1 -> 3 slow write: 78.539442ms
2025-12-05T14:41:01.698765Z  WARN ThreadId(25) hotstuff_runner::smrol::network: ⚠️ Large message: 2400169 bytes to node Some(42)
2025-12-05T14:41:01.700270Z  WARN ThreadId(24) hotstuff_runner::smrol::network: ⚠️ Large message: 2400169 bytes to node Some(45)
2025-12-05T14:41:01.706381Z  WARN ThreadId(24) hotstuff_runner::smrol::network: ⚠️ [Check] Writer 1 -> 40 slow write: 86.214872ms
2025-12-05T14:41:01.717415Z  WARN ThreadId(24) hotstuff_runner::smrol::network: ⚠️ [Check] Writer 1 -> 38 slow write: 88.312605ms
2025-12-05T14:41:01.721792Z  WARN ThreadId(24) hotstuff_runner::smrol::network: ⚠️ [Check] Writer 1 -> 36 slow write: 82.834315ms
2025-12-05T14:41:01.724560Z  WARN ThreadId(25) hotstuff_runner::smrol::network: ⚠️ [Check] Writer 1 -> 4 slow write: 40.751634ms
2025-12-05T14:41:01.728094Z  WARN ThreadId(24) hotstuff_runner::smrol::network: ⚠️ [Check] Writer 1 -> 37 slow write: 73.539816ms
2025-12-05T14:41:01.764282Z  WARN ThreadId(24) hotstuff_runner::smrol::network: ⚠️ [Check] Writer 1 -> 39 slow write: 84.105618ms
2025-12-05T14:41:01.790366Z  WARN ThreadId(25) hotstuff_runner::smrol::network: ⚠️ Large message: 2400169 bytes to node Some(20)
2025-12-05T14:41:01.925069Z  WARN ThreadId(24) hotstuff_runner::smrol::network: ⚠️ [Check] Writer 1 -> 13 slow write: 301.572629ms
2025-12-05T14:41:01.925826Z  WARN ThreadId(24) hotstuff_runner::smrol::network: ⚠️ [Check] Writer 1 -> 7 slow write: 310.646231ms
2025-12-05T14:41:01.968448Z  WARN ThreadId(25) hotstuff_runner::smrol::network: ⚠️ [Check] Writer 1 -> 11 slow write: 303.487148ms
2025-12-05T14:41:01.970895Z  WARN ThreadId(24) hotstuff_runner::smrol::network: ⚠️ [Check] Writer 1 -> 9 slow write: 301.383935ms
2025-12-05T14:41:01.977401Z  WARN ThreadId(25) hotstuff_runner::smrol::network: ⚠️ [Check] Writer 1 -> 48 slow write: 343.249299ms
2025-12-05T14:41:01.977710Z  WARN ThreadId(25) hotstuff_runner::smrol::network: ⚠️ [Check] Writer 1 -> 49 slow write: 340.211438ms
2025-12-05T14:41:01.991825Z  WARN ThreadId(25) hotstuff_runner::smrol::network: ⚠️ [Check] Writer 1 -> 12 slow write: 301.403486ms
2025-12-05T14:41:02.000935Z  WARN ThreadId(25) hotstuff_runner::smrol::network: ⚠️ [Check] Writer 1 -> 14 slow write: 312.155221ms
2025-12-05T14:41:02.007498Z  WARN ThreadId(25) hotstuff_runner::smrol::network: ⚠️ [Check] Writer 1 -> 54 slow write: 385.60014ms
2025-12-05T14:41:02.010084Z  WARN ThreadId(24) hotstuff_runner::smrol::network: ⚠️ [Check] Writer 1 -> 53 slow write: 384.850116ms
2025-12-05T14:41:02.013227Z  WARN ThreadId(24) hotstuff_runner::smrol::network: ⚠️ [Check] Writer 1 -> 50 slow write: 336.3971ms
2025-12-05T14:41:02.018668Z  WARN ThreadId(24) hotstuff_runner::smrol::network: ⚠️ [Check] Writer 1 -> 6 slow write: 350.722925ms
2025-12-05T14:41:02.020651Z  WARN ThreadId(24) hotstuff_runner::smrol::network: ⚠️ [Check] Writer 1 -> 8 slow write: 360.341377ms
2025-12-05T14:41:02.023221Z  WARN ThreadId(25) hotstuff_runner::smrol::network: ⚠️ [Check] Writer 1 -> 51 slow write: 341.949886ms
2025-12-05T14:41:02.029022Z  WARN ThreadId(25) hotstuff_runner::smrol::network: ⚠️ [Check] Writer 1 -> 47 slow write: 340.803191ms
2025-12-05T14:41:02.036778Z  WARN ThreadId(24) hotstuff_runner::smrol::network: ⚠️ [Check] Writer 1 -> 10 slow write: 361.454229ms
2025-12-05T14:41:02.040465Z  WARN ThreadId(24) hotstuff_runner::smrol::network: ⚠️ [Check] Writer 1 -> 15 slow write: 360.366349ms
2025-12-05T14:41:02.068472Z  WARN ThreadId(25) hotstuff_runner::smrol::network: ⚠️ [Check] Writer 1 -> 56 slow write: 383.651288ms
2025-12-05T14:41:02.069229Z  WARN ThreadId(25) hotstuff_runner::smrol::network: ⚠️ [Check] Writer 1 -> 55 slow write: 384.128082ms
2025-12-05T14:41:02.091819Z  WARN ThreadId(24) hotstuff_runner::smrol::network: ⚠️ [Check] Writer 1 -> 46 slow write: 405.437048ms
2025-12-05T14:41:02.106322Z  WARN ThreadId(24) hotstuff_runner::smrol::network: ⚠️ [Check] Writer 1 -> 52 slow write: 456.734182ms
2025-12-05T14:41:02.123235Z  WARN ThreadId(24) hotstuff_runner::smrol::network: ⚠️ [Check] Writer 1 -> 57 slow write: 456.84291ms
2025-12-05T14:41:02.134681Z  WARN ThreadId(25) hotstuff_runner::smrol::network: ⚠️ [Check] Writer 1 -> 43 slow write: 456.250606ms
2025-12-05T14:41:02.152888Z  WARN ThreadId(25) hotstuff_runner::smrol::network: ⚠️ [Check] Writer 1 -> 42 slow write: 456.959658ms
2025-12-05T14:41:02.153483Z  WARN ThreadId(25) hotstuff_runner::smrol::network: ⚠️ [Check] Writer 1 -> 45 slow write: 453.493835ms
2025-12-05T14:41:02.184212Z  WARN ThreadId(25) hotstuff_runner::smrol::network: ⚠️ [Check] Writer 1 -> 44 slow write: 543.72178ms
2025-12-05T14:41:02.218878Z  WARN ThreadId(24) hotstuff_runner::smrol::network: ⚠️ [Check] Writer 1 -> 59 slow write: 562.187898ms
2025-12-05T14:41:02.234330Z  WARN ThreadId(25) hotstuff_runner::smrol::network: ⚠️ [Check] Writer 1 -> 41 slow write: 543.575689ms
2025-12-05T14:41:02.239597Z  WARN ThreadId(25) hotstuff_runner::smrol::network: ⚠️ [Check] Writer 1 -> 62 slow write: 565.747347ms
2025-12-05T14:41:02.321314Z  WARN ThreadId(25) hotstuff_runner::smrol::network: ⚠️ [Check] Writer 1 -> 61 slow write: 677.859409ms
2025-12-05T14:41:02.330447Z  WARN ThreadId(25) hotstuff_runner::smrol::network: ⚠️ [Check] Writer 1 -> 60 slow write: 668.445342ms
2025-12-05T14:41:02.334789Z  WARN ThreadId(24) hotstuff_runner::smrol::network: ⚠️ [Check] Writer 1 -> 33 slow write: 721.259286ms
2025-12-05T14:41:02.349014Z  WARN ThreadId(25) hotstuff_runner::smrol::network: ⚠️ [Check] Writer 1 -> 58 slow write: 676.650561ms
2025-12-05T14:41:02.359590Z  WARN ThreadId(24) hotstuff_runner::smrol::network: ⚠️ [Check] Writer 1 -> 63 slow write: 677.014927ms
2025-12-05T14:41:02.400137Z  WARN ThreadId(25) hotstuff_runner::smrol::network: ⚠️ [Check] Writer 1 -> 34 slow write: 716.992425ms
2025-12-05T14:41:02.447343Z  WARN ThreadId(24) hotstuff_runner::smrol::network: ⚠️ [Check] Writer 1 -> 31 slow write: 765.947297ms
2025-12-05T14:41:02.491641Z  WARN ThreadId(24) hotstuff_runner::smrol::network: ⚠️ [Check] Writer 1 -> 32 slow write: 855.660645ms
2025-12-05T14:41:02.507233Z  WARN ThreadId(24) hotstuff_runner::smrol::network: ⚠️ [Check] Writer 1 -> 35 slow write: 896.740492ms
2025-12-05T14:41:02.551010Z  WARN ThreadId(24) hotstuff_runner::smrol::network: ⚠️ [Check] Writer 1 -> 19 slow write: 923.768495ms
2025-12-05T14:41:02.552531Z  WARN ThreadId(25) hotstuff_runner::smrol::network: ⚠️ [Check] Writer 1 -> 16 slow write: 921.946672ms
2025-12-05T14:41:02.564171Z  WARN ThreadId(25) hotstuff_runner::smrol::network: ⚠️ [Check] Writer 1 -> 17 slow write: 922.165808ms
2025-12-05T14:41:02.607019Z  WARN ThreadId(24) hotstuff_runner::smrol::network: ⚠️ [Check] Writer 1 -> 26 slow write: 999.141056ms
2025-12-05T14:41:02.648667Z  WARN ThreadId(24) hotstuff_runner::smrol::network: ⚠️ [Check] Writer 1 -> 29 slow write: 977.799778ms
2025-12-05T14:41:02.679266Z  WARN ThreadId(24) hotstuff_runner::smrol::network: ⚠️ [Check] Writer 1 -> 30 slow write: 989.771742ms
2025-12-05T14:41:02.682096Z  WARN ThreadId(24) hotstuff_runner::smrol::network: ⚠️ [Check] Writer 1 -> 25 slow write: 1.049804923s
2025-12-05T14:41:02.704701Z  WARN ThreadId(24) hotstuff_runner::smrol::network: ⚠️ [Check] Writer 1 -> 23 slow write: 1.087989s
2025-12-05T14:41:02.708123Z  WARN ThreadId(25) hotstuff_runner::smrol::network: ⚠️ [Check] Writer 1 -> 20 slow write: 918.059309ms
2025-12-05T14:41:02.766747Z  WARN ThreadId(25) hotstuff_runner::smrol::network: ⚠️ [Check] Writer 1 -> 18 slow write: 1.103243823s
2025-12-05T14:41:02.841893Z  WARN ThreadId(25) hotstuff_runner::smrol::network: ⚠️ [Check] Writer 1 -> 27 slow write: 1.196689792s
2025-12-05T14:41:02.874323Z  WARN ThreadId(24) hotstuff_runner::smrol::network: ⚠️ [Check] Writer 1 -> 28 slow write: 1.187545895s
2025-12-05T14:41:02.904216Z  WARN ThreadId(24) hotstuff_runner::smrol::network: ⚠️ [Check] Writer 1 -> 22 slow write: 1.252902516s
2025-12-05T14:41:02.951356Z  WARN ThreadId(25) hotstuff_runner::smrol::network: ⚠️ [Check] Writer 1 -> 21 slow write: 1.304873317s
2025-12-05T14:41:02.953370Z  WARN ThreadId(25) hotstuff_runner::smrol::network: ⚠️ [Check] Writer 1 -> 24 slow write: 1.300552673s
2025-12-05T14:41:03.365985Z  WARN ThreadId(02) docker_node:   Connection reuse ineffective (2.0 msg/conn)
2025-12-05T14:41:03.473576Z  WARN ThreadId(02) docker_node: Node 1 Regular transaction queue backlog: 315804 transactions
2025-12-05T14:41:07.391130Z  WARN ThreadId(21) hotstuff_runner::tcp_node: Node 1 view 70 timed out; latency may accumulate
2025-12-05T14:41:08.365601Z  WARN ThreadId(09) docker_node: HotStuff processing bottleneck detected:
2025-12-05T14:41:08.365626Z  WARN ThreadId(09) docker_node:    - HotStuff queue backlog: 315804 transactions
2025-12-05T14:41:08.365635Z  WARN ThreadId(09) docker_node:    - Confirmation TPS (0.0) much lower than submission TPS (0.1)
2025-12-05T14:41:08.365642Z  WARN ThreadId(09) docker_node:    - Possible cause: HotStuff consensus network delay or block size limitation
2025-12-05T14:41:08.365655Z  WARN ThreadId(09) docker_node:   Connection reuse ineffective (2.0 msg/conn)
2025-12-05T14:41:08.474079Z  WARN ThreadId(05) docker_node: Node 1 Regular transaction queue backlog: 568449 transactions
2025-12-05T14:41:13.366322Z  WARN ThreadId(05) docker_node: HotStuff processing bottleneck detected:
2025-12-05T14:41:13.366356Z  WARN ThreadId(05) docker_node:    - HotStuff queue backlog: 568449 transactions
2025-12-05T14:41:13.366369Z  WARN ThreadId(05) docker_node:    - Confirmation TPS (0.0) much lower than submission TPS (0.1)
2025-12-05T14:41:13.366379Z  WARN ThreadId(05) docker_node:    - Possible cause: HotStuff consensus network delay or block size limitation
2025-12-05T14:41:13.366405Z  WARN ThreadId(05) docker_node:   Connection reuse ineffective (2.0 msg/conn)
2025-12-05T14:41:13.474322Z  WARN ThreadId(02) docker_node: Node 1 Regular transaction queue backlog: 736878 transactions
2025-12-05T14:41:18.366131Z  WARN ThreadId(04) docker_node: HotStuff processing bottleneck detected:
2025-12-05T14:41:18.366176Z  WARN ThreadId(04) docker_node:    - HotStuff queue backlog: 736878 transactions
2025-12-05T14:41:18.366183Z  WARN ThreadId(04) docker_node:    - Confirmation TPS (0.0) much lower than submission TPS (0.1)
2025-12-05T14:41:18.366188Z  WARN ThreadId(04) docker_node:    - Possible cause: HotStuff consensus network delay or block size limitation
2025-12-05T14:41:18.366204Z  WARN ThreadId(04) docker_node:   Connection reuse ineffective (2.0 msg/conn)
2025-12-05T14:41:18.474137Z  WARN ThreadId(09) docker_node: Node 1 Regular transaction queue backlog: 870220 transactions
2025-12-05T14:41:23.365936Z  WARN ThreadId(08) docker_node:   Connection reuse ineffective (2.0 msg/conn)
2025-12-05T14:41:23.473910Z  WARN ThreadId(04) docker_node: Node 1 Regular transaction queue backlog: 1017596 transactions
2025-12-05T14:41:28.365608Z  WARN ThreadId(07) docker_node:   Connection reuse ineffective (2.0 msg/conn)
2025-12-05T14:41:28.474468Z  WARN ThreadId(09) docker_node: Node 1 Regular transaction queue backlog: 1494815 transactions
2025-12-05T14:41:29.906069Z  WARN ThreadId(21) hotstuff_runner::tcp_node: Node 1 view 77 timed out; latency may accumulate
2025-12-05T14:41:33.026678Z  WARN ThreadId(20) hotstuff_rs::block_tree::invariants: SAFE_PC_FAIL: pc.block=[126, 0, 3, 160, 55, 77, 146, 224, 234, 212, 90, 79, 151, 194, 231, 96, 102, 8, 170, 46, 245, 25, 43, 55, 232, 164, 150, 10, 3, 151, 200, 39] view=69 phase=Generic | cond1(chain_id/genesis)=true (pc.chain_id=0, my.chain_id=0) | cond2(block_exists/genesis)=true (exists=true) | cond3(view>locked || extends)=false (pc.view=69, locked.view=75, extends=false) | cond4(phase/updates)=true (phase_special=false, has_updates=false) | highest_pc.block=[14, 65, 112, 131, 134, 80, 93, 172, 214, 163, 115, 9, 89, 194, 210, 253, 36, 160, 56, 181, 36, 192, 34, 238, 125, 162, 158, 226, 65, 157, 94, 205] highest_pc.view=76 locked.block=[85, 146, 172, 69, 138, 72, 248, 13, 206, 226, 4, 31, 76, 29, 34, 73, 136, 77, 54, 41, 165, 204, 61, 133, 144, 37, 85, 48, 52, 241, 143, 148] locked.view=75    
2025-12-05T14:41:33.026718Z  WARN ThreadId(20) hotstuff_rs::block_tree::invariants: SAFE_BLOCK_FAIL: block=[216, 10, 132, 194, 253, 125, 188, 99, 193, 41, 191, 67, 37, 3, 54, 75, 144, 146, 204, 95, 73, 156, 252, 80, 203, 3, 189, 26, 143, 57, 113, 188] height=None | cond1(safe_pc)=false | cond2(is_block_justify)=true (justify.phase=Generic) | justify.block=[126, 0, 3, 160, 55, 77, 146, 224, 234, 212, 90, 79, 151, 194, 231, 96, 102, 8, 170, 46, 245, 25, 43, 55, 232, 164, 150, 10, 3, 151, 200, 39] justify.view=69 | highest_pc.block=[14, 65, 112, 131, 134, 80, 93, 172, 214, 163, 115, 9, 89, 194, 210, 253, 36, 160, 56, 181, 36, 192, 34, 238, 125, 162, 158, 226, 65, 157, 94, 205] highest_pc.view=76 | locked.block=[85, 146, 172, 69, 138, 72, 248, 13, 206, 226, 4, 31, 76, 29, 34, 73, 136, 77, 54, 41, 165, 204, 61, 133, 144, 37, 85, 48, 52, 241, 143, 148] locked.view=75    
2025-12-05T14:41:33.365919Z  WARN ThreadId(04) docker_node:   Connection reuse ineffective (2.0 msg/conn)
2025-12-05T14:41:33.473868Z  WARN ThreadId(04) docker_node: Node 1 Regular transaction queue backlog: 1908870 transactions
2025-12-05T14:41:34.907716Z  WARN ThreadId(21) hotstuff_runner::tcp_node: Node 1 view 78 timed out; latency may accumulate
2025-12-05T14:41:35.310801Z  WARN ThreadId(25) hotstuff_runner::smrol::network: ⚠️ Large message: 2000169 bytes to node Some(37)
2025-12-05T14:41:35.311697Z  WARN ThreadId(25) hotstuff_runner::smrol::network: ⚠️ Large message: 2000169 bytes to node Some(20)
2025-12-05T14:41:35.312181Z  WARN ThreadId(25) hotstuff_runner::smrol::network: ⚠️ Large message: 2000169 bytes to node Some(42)
2025-12-05T14:41:35.312944Z  WARN ThreadId(25) hotstuff_runner::smrol::network: ⚠️ Large message: 2000168 bytes to node Some(2)
2025-12-05T14:41:35.313613Z  WARN ThreadId(25) hotstuff_runner::smrol::network: ⚠️ Large message: 2000169 bytes to node Some(26)
2025-12-05T14:41:35.314249Z  WARN ThreadId(25) hotstuff_runner::smrol::network: ⚠️ Large message: 2000169 bytes to node Some(45)
2025-12-05T14:41:35.314886Z  WARN ThreadId(25) hotstuff_runner::smrol::network: ⚠️ Large message: 2000169 bytes to node Some(35)
2025-12-05T14:41:35.315507Z  WARN ThreadId(25) hotstuff_runner::smrol::network: ⚠️ Large message: 2000169 bytes to node Some(13)
2025-12-05T14:41:35.316034Z  WARN ThreadId(25) hotstuff_runner::smrol::network: ⚠️ Large message: 2000169 bytes to node Some(33)
2025-12-05T14:41:35.316554Z  WARN ThreadId(25) hotstuff_runner::smrol::network: ⚠️ Large message: 2000168 bytes to node Some(7)
2025-12-05T14:41:35.317127Z  WARN ThreadId(25) hotstuff_runner::smrol::network: ⚠️ Large message: 2000169 bytes to node Some(23)
2025-12-05T14:41:35.317809Z  WARN ThreadId(25) hotstuff_runner::smrol::network: ⚠️ Large message: 2000168 bytes to node Some(3)
2025-12-05T14:41:35.318560Z  WARN ThreadId(25) hotstuff_runner::smrol::network: ⚠️ Large message: 2000169 bytes to node Some(40)
2025-12-05T14:41:35.319315Z  WARN ThreadId(25) hotstuff_runner::smrol::network: ⚠️ Large message: 2000169 bytes to node Some(54)
2025-12-05T14:41:35.320007Z  WARN ThreadId(25) hotstuff_runner::smrol::network: ⚠️ Large message: 2000169 bytes to node Some(61)
2025-12-05T14:41:35.321691Z  WARN ThreadId(25) hotstuff_runner::smrol::network: ⚠️ Large message: 2000169 bytes to node Some(53)
2025-12-05T14:41:35.322497Z  WARN ThreadId(25) hotstuff_runner::smrol::network: ⚠️ Large message: 2000169 bytes to node Some(19)
2025-12-05T14:41:35.323255Z  WARN ThreadId(25) hotstuff_runner::smrol::network: ⚠️ Large message: 2000169 bytes to node Some(38)
2025-12-05T14:41:35.323949Z  WARN ThreadId(25) hotstuff_runner::smrol::network: ⚠️ Large message: 2000169 bytes to node Some(16)
2025-12-05T14:41:35.324705Z  WARN ThreadId(25) hotstuff_runner::smrol::network: ⚠️ Large message: 2000169 bytes to node Some(25)
2025-12-05T14:41:35.324812Z  WARN ThreadId(24) hotstuff_runner::smrol::network: ⚠️ Large message: 2000169 bytes to node Some(39)
2025-12-05T14:41:35.325455Z  WARN ThreadId(25) hotstuff_runner::smrol::network: ⚠️ Large message: 2000169 bytes to node Some(32)
2025-12-05T14:41:35.325620Z  WARN ThreadId(24) hotstuff_runner::smrol::network: ⚠️ Large message: 2000168 bytes to node Some(0)
2025-12-05T14:41:35.326037Z  WARN ThreadId(25) hotstuff_runner::smrol::network: ⚠️ Large message: 2000169 bytes to node Some(48)
2025-12-05T14:41:35.326379Z  WARN ThreadId(24) hotstuff_runner::smrol::network: ⚠️ Large message: 2000169 bytes to node Some(21)
2025-12-05T14:41:35.326692Z  WARN ThreadId(25) hotstuff_runner::smrol::network: ⚠️ Large message: 2000169 bytes to node Some(36)
2025-12-05T14:41:35.327069Z  WARN ThreadId(24) hotstuff_runner::smrol::network: ⚠️ Large message: 2000169 bytes to node Some(22)
2025-12-05T14:41:35.327487Z  WARN ThreadId(25) hotstuff_runner::smrol::network: ⚠️ Large message: 2000169 bytes to node Some(49)
2025-12-05T14:41:35.327756Z  WARN ThreadId(24) hotstuff_runner::smrol::network: ⚠️ Large message: 2000169 bytes to node Some(24)
2025-12-05T14:41:35.328067Z  WARN ThreadId(25) hotstuff_runner::smrol::network: ⚠️ Large message: 2000169 bytes to node Some(17)
2025-12-05T14:41:35.328347Z  WARN ThreadId(24) hotstuff_runner::smrol::network: ⚠️ Large message: 2000169 bytes to node Some(52)
2025-12-05T14:41:35.328618Z  WARN ThreadId(25) hotstuff_runner::smrol::network: ⚠️ Large message: 2000169 bytes to node Some(44)
2025-12-05T14:41:35.328895Z  WARN ThreadId(24) hotstuff_runner::smrol::network: ⚠️ Large message: 2000168 bytes to node Some(5)
2025-12-05T14:41:35.329164Z  WARN ThreadId(25) hotstuff_runner::smrol::network: ⚠️ Large message: 2000169 bytes to node Some(27)
2025-12-05T14:41:35.329454Z  WARN ThreadId(24) hotstuff_runner::smrol::network: ⚠️ Large message: 2000168 bytes to node Some(8)
2025-12-05T14:41:35.329777Z  WARN ThreadId(25) hotstuff_runner::smrol::network: ⚠️ Large message: 2000169 bytes to node Some(31)
2025-12-05T14:41:35.330007Z  WARN ThreadId(24) hotstuff_runner::smrol::network: ⚠️ Large message: 2000169 bytes to node Some(34)
2025-12-05T14:41:35.330464Z  WARN ThreadId(25) hotstuff_runner::smrol::network: ⚠️ Large message: 2000169 bytes to node Some(60)
2025-12-05T14:41:35.330548Z  WARN ThreadId(24) hotstuff_runner::smrol::network: ⚠️ Large message: 2000169 bytes to node Some(56)
2025-12-05T14:41:35.331136Z  WARN ThreadId(24) hotstuff_runner::smrol::network: ⚠️ Large message: 2000169 bytes to node Some(28)
2025-12-05T14:41:35.331385Z  WARN ThreadId(25) hotstuff_runner::smrol::network: ⚠️ Large message: 2000169 bytes to node Some(59)
2025-12-05T14:41:35.331878Z  WARN ThreadId(24) hotstuff_runner::smrol::network: ⚠️ Large message: 2000169 bytes to node Some(14)
2025-12-05T14:41:35.332388Z  WARN ThreadId(25) hotstuff_runner::smrol::network: ⚠️ Large message: 2000169 bytes to node Some(11)
2025-12-05T14:41:35.332488Z  WARN ThreadId(24) hotstuff_runner::smrol::network: ⚠️ Large message: 2000169 bytes to node Some(12)
2025-12-05T14:41:35.332980Z  WARN ThreadId(24) hotstuff_runner::smrol::network: ⚠️ Large message: 2000169 bytes to node Some(15)
2025-12-05T14:41:35.333129Z  WARN ThreadId(25) hotstuff_runner::smrol::network: ⚠️ Large message: 2000169 bytes to node Some(57)
2025-12-05T14:41:35.333474Z  WARN ThreadId(24) hotstuff_runner::smrol::network: ⚠️ Large message: 2000169 bytes to node Some(51)
2025-12-05T14:41:35.333622Z  WARN ThreadId(25) hotstuff_runner::smrol::network: ⚠️ Large message: 2000168 bytes to node Some(6)
2025-12-05T14:41:35.333969Z  WARN ThreadId(24) hotstuff_runner::smrol::network: ⚠️ Large message: 2000169 bytes to node Some(63)
2025-12-05T14:41:35.334155Z  WARN ThreadId(25) hotstuff_runner::smrol::network: ⚠️ Large message: 2000168 bytes to node Some(9)
2025-12-05T14:41:35.334474Z  WARN ThreadId(24) hotstuff_runner::smrol::network: ⚠️ Large message: 2000168 bytes to node Some(4)
2025-12-05T14:41:35.334648Z  WARN ThreadId(25) hotstuff_runner::smrol::network: ⚠️ Large message: 2000169 bytes to node Some(18)
2025-12-05T14:41:35.334986Z  WARN ThreadId(24) hotstuff_runner::smrol::network: ⚠️ Large message: 2000169 bytes to node Some(55)
2025-12-05T14:41:35.335190Z  WARN ThreadId(25) hotstuff_runner::smrol::network: ⚠️ Large message: 2000169 bytes to node Some(58)
2025-12-05T14:41:35.335514Z  WARN ThreadId(24) hotstuff_runner::smrol::network: ⚠️ Large message: 2000169 bytes to node Some(46)
2025-12-05T14:41:35.335727Z  WARN ThreadId(25) hotstuff_runner::smrol::network: ⚠️ Large message: 2000169 bytes to node Some(62)
2025-12-05T14:41:35.336084Z  WARN ThreadId(24) hotstuff_runner::smrol::network: ⚠️ Large message: 2000169 bytes to node Some(47)
2025-12-05T14:41:35.336275Z  WARN ThreadId(25) hotstuff_runner::smrol::network: ⚠️ Large message: 2000169 bytes to node Some(10)
2025-12-05T14:41:35.336772Z  WARN ThreadId(24) hotstuff_runner::smrol::network: ⚠️ Large message: 2000169 bytes to node Some(30)
2025-12-05T14:41:35.336890Z  WARN ThreadId(25) hotstuff_runner::smrol::network: ⚠️ Large message: 2000169 bytes to node Some(50)
2025-12-05T14:41:35.337315Z  WARN ThreadId(24) hotstuff_runner::smrol::network: ⚠️ Large message: 2000169 bytes to node Some(41)
2025-12-05T14:41:35.337418Z  WARN ThreadId(25) hotstuff_runner::smrol::network: ⚠️ Large message: 2000169 bytes to node Some(43)
2025-12-05T14:41:35.337782Z  WARN ThreadId(24) hotstuff_runner::smrol::network: ⚠️ Large message: 2000169 bytes to node Some(29)
2025-12-05T14:41:35.338429Z  WARN ThreadId(24) hotstuff_runner::smrol::network: ⚠️ [Check] Writer 1 -> 5 slow write: 9.725829ms
2025-12-05T14:41:36.230980Z  WARN ThreadId(24) hotstuff_runner::smrol::network: ⚠️ [Check] Writer 1 -> 20 slow write: 919.503125ms
2025-12-05T14:41:37.239738Z  WARN ThreadId(20) hotstuff_rs::block_tree::invariants: SAFE_PC_FAIL: pc.block=[47, 141, 201, 76, 11, 124, 66, 127, 66, 146, 39, 132, 94, 126, 93, 67, 210, 200, 77, 252, 80, 71, 86, 31, 72, 20, 136, 139, 247, 43, 213, 83] view=72 phase=Generic | cond1(chain_id/genesis)=true (pc.chain_id=0, my.chain_id=0) | cond2(block_exists/genesis)=true (exists=true) | cond3(view>locked || extends)=false (pc.view=72, locked.view=75, extends=false) | cond4(phase/updates)=true (phase_special=false, has_updates=false) | highest_pc.block=[14, 65, 112, 131, 134, 80, 93, 172, 214, 163, 115, 9, 89, 194, 210, 253, 36, 160, 56, 181, 36, 192, 34, 238, 125, 162, 158, 226, 65, 157, 94, 205] highest_pc.view=76 locked.block=[85, 146, 172, 69, 138, 72, 248, 13, 206, 226, 4, 31, 76, 29, 34, 73, 136, 77, 54, 41, 165, 204, 61, 133, 144, 37, 85, 48, 52, 241, 143, 148] locked.view=75    
2025-12-05T14:41:37.239789Z  WARN ThreadId(20) hotstuff_rs::block_tree::invariants: SAFE_BLOCK_FAIL: block=[92, 13, 197, 102, 82, 240, 178, 72, 33, 244, 176, 28, 241, 172, 83, 120, 238, 17, 93, 104, 58, 87, 82, 56, 232, 145, 219, 0, 251, 30, 37, 235] height=None | cond1(safe_pc)=false | cond2(is_block_justify)=true (justify.phase=Generic) | justify.block=[47, 141, 201, 76, 11, 124, 66, 127, 66, 146, 39, 132, 94, 126, 93, 67, 210, 200, 77, 252, 80, 71, 86, 31, 72, 20, 136, 139, 247, 43, 213, 83] justify.view=72 | highest_pc.block=[14, 65, 112, 131, 134, 80, 93, 172, 214, 163, 115, 9, 89, 194, 210, 253, 36, 160, 56, 181, 36, 192, 34, 238, 125, 162, 158, 226, 65, 157, 94, 205] highest_pc.view=76 | locked.block=[85, 146, 172, 69, 138, 72, 248, 13, 206, 226, 4, 31, 76, 29, 34, 73, 136, 77, 54, 41, 165, 204, 61, 133, 144, 37, 85, 48, 52, 241, 143, 148] locked.view=75    
2025-12-05T14:41:38.366362Z  WARN ThreadId(08) docker_node:   Connection reuse ineffective (2.0 msg/conn)
2025-12-05T14:41:38.473490Z  WARN ThreadId(05) docker_node: Node 1 Regular transaction queue backlog: 2596621 transactions
2025-12-05T14:41:39.909475Z  WARN ThreadId(21) hotstuff_runner::tcp_node: Node 1 view 79 timed out; latency may accumulate
2025-12-05T14:41:43.366282Z  WARN ThreadId(02) docker_node:   Connection reuse ineffective (2.0 msg/conn)
2025-12-05T14:41:43.474193Z  WARN ThreadId(08) docker_node: Node 1 Regular transaction queue backlog: 2905410 transactions
2025-12-05T14:41:48.365953Z  WARN ThreadId(04) docker_node:   Connection reuse ineffective (2.0 msg/conn)
2025-12-05T14:41:48.474325Z  WARN ThreadId(06) docker_node: Node 1 Regular transaction queue backlog: 3993187 transactions
2025-12-05T14:41:53.366467Z  WARN ThreadId(03) docker_node:   Connection reuse ineffective (2.0 msg/conn)
2025-12-05T14:41:53.473776Z  WARN ThreadId(03) docker_node: Node 1 Regular transaction queue backlog: 4035294 transactions
2025-12-05T14:41:55.792149Z  WARN ThreadId(20) hotstuff_rs::block_tree::invariants: SAFE_PC_FAIL: pc.block=[184, 224, 100, 204, 57, 107, 195, 148, 141, 118, 230, 13, 239, 207, 195, 98, 240, 118, 157, 36, 2, 76, 121, 54, 218, 42, 3, 25, 147, 60, 168, 251] view=73 phase=Generic | cond1(chain_id/genesis)=true (pc.chain_id=0, my.chain_id=0) | cond2(block_exists/genesis)=true (exists=true) | cond3(view>locked || extends)=false (pc.view=73, locked.view=80, extends=false) | cond4(phase/updates)=true (phase_special=false, has_updates=false) | highest_pc.block=[100, 177, 241, 155, 22, 59, 43, 165, 96, 4, 23, 62, 165, 130, 247, 22, 44, 175, 44, 237, 37, 121, 85, 5, 36, 85, 237, 229, 1, 56, 185, 218] highest_pc.view=81 locked.block=[44, 150, 185, 160, 244, 191, 44, 236, 50, 0, 16, 74, 29, 9, 129, 194, 105, 221, 224, 118, 30, 149, 61, 255, 8, 235, 76, 27, 213, 206, 165, 225] locked.view=80    
2025-12-05T14:41:55.792186Z  WARN ThreadId(20) hotstuff_rs::block_tree::invariants: SAFE_BLOCK_FAIL: block=[115, 52, 162, 131, 214, 178, 173, 43, 44, 64, 204, 77, 251, 182, 249, 77, 202, 13, 75, 41, 205, 156, 202, 222, 81, 102, 193, 25, 250, 198, 35, 128] height=None | cond1(safe_pc)=false | cond2(is_block_justify)=true (justify.phase=Generic) | justify.block=[184, 224, 100, 204, 57, 107, 195, 148, 141, 118, 230, 13, 239, 207, 195, 98, 240, 118, 157, 36, 2, 76, 121, 54, 218, 42, 3, 25, 147, 60, 168, 251] justify.view=73 | highest_pc.block=[100, 177, 241, 155, 22, 59, 43, 165, 96, 4, 23, 62, 165, 130, 247, 22, 44, 175, 44, 237, 37, 121, 85, 5, 36, 85, 237, 229, 1, 56, 185, 218] highest_pc.view=81 | locked.block=[44, 150, 185, 160, 244, 191, 44, 236, 50, 0, 16, 74, 29, 9, 129, 194, 105, 221, 224, 118, 30, 149, 61, 255, 8, 235, 76, 27, 213, 206, 165, 225] locked.view=80    
2025-12-05T14:41:56.994451Z  WARN ThreadId(21) hotstuff_runner::tcp_node: Node 1 view 83 timed out; latency may accumulate
2025-12-05T14:41:58.366086Z  WARN ThreadId(03) docker_node:   Connection reuse ineffective (2.0 msg/conn)
2025-12-05T14:41:58.474307Z  WARN ThreadId(06) docker_node: Node 1 Regular transaction queue backlog: 4035294 transactions
2025-12-05T14:42:01.995858Z  WARN ThreadId(21) hotstuff_runner::tcp_node: Node 1 view 84 timed out; latency may accumulate
2025-12-05T14:42:03.366392Z  WARN ThreadId(06) docker_node:   Connection reuse ineffective (2.0 msg/conn)
2025-12-05T14:42:03.473640Z  WARN ThreadId(06) docker_node: Node 1 Regular transaction queue backlog: 4035294 transactions
2025-12-05T14:42:06.997248Z  WARN ThreadId(21) hotstuff_runner::tcp_node: Node 1 view 85 timed out; latency may accumulate
2025-12-05T14:42:08.366107Z  WARN ThreadId(06) docker_node:   Connection reuse ineffective (2.0 msg/conn)
2025-12-05T14:42:08.474380Z  WARN ThreadId(06) docker_node: Node 1 Regular transaction queue backlog: 4035294 transactions
2025-12-05T14:42:11.471620Z  WARN ThreadId(20) hotstuff_rs::block_tree::invariants: SAFE_PC_FAIL: pc.block=[126, 0, 3, 160, 55, 77, 146, 224, 234, 212, 90, 79, 151, 194, 231, 96, 102, 8, 170, 46, 245, 25, 43, 55, 232, 164, 150, 10, 3, 151, 200, 39] view=69 phase=Generic | cond1(chain_id/genesis)=true (pc.chain_id=0, my.chain_id=0) | cond2(block_exists/genesis)=true (exists=true) | cond3(view>locked || extends)=false (pc.view=69, locked.view=81, extends=false) | cond4(phase/updates)=true (phase_special=false, has_updates=false) | highest_pc.block=[47, 72, 159, 56, 240, 5, 68, 38, 182, 187, 219, 173, 122, 142, 212, 208, 26, 189, 225, 163, 204, 74, 241, 66, 235, 244, 52, 216, 204, 206, 67, 37] highest_pc.view=84 locked.block=[100, 177, 241, 155, 22, 59, 43, 165, 96, 4, 23, 62, 165, 130, 247, 22, 44, 175, 44, 237, 37, 121, 85, 5, 36, 85, 237, 229, 1, 56, 185, 218] locked.view=81    
2025-12-05T14:42:11.471666Z  WARN ThreadId(20) hotstuff_rs::block_tree::invariants: SAFE_BLOCK_FAIL: block=[221, 175, 37, 11, 35, 174, 212, 103, 81, 100, 68, 230, 50, 252, 168, 179, 97, 39, 189, 115, 111, 191, 101, 123, 242, 25, 239, 107, 224, 20, 117, 166] height=None | cond1(safe_pc)=false | cond2(is_block_justify)=true (justify.phase=Generic) | justify.block=[126, 0, 3, 160, 55, 77, 146, 224, 234, 212, 90, 79, 151, 194, 231, 96, 102, 8, 170, 46, 245, 25, 43, 55, 232, 164, 150, 10, 3, 151, 200, 39] justify.view=69 | highest_pc.block=[47, 72, 159, 56, 240, 5, 68, 38, 182, 187, 219, 173, 122, 142, 212, 208, 26, 189, 225, 163, 204, 74, 241, 66, 235, 244, 52, 216, 204, 206, 67, 37] highest_pc.view=84 | locked.block=[100, 177, 241, 155, 22, 59, 43, 165, 96, 4, 23, 62, 165, 130, 247, 22, 44, 175, 44, 237, 37, 121, 85, 5, 36, 85, 237, 229, 1, 56, 185, 218] locked.view=81    
2025-12-05T14:42:13.366001Z  WARN ThreadId(06) docker_node:   Connection reuse ineffective (2.0 msg/conn)
2025-12-05T14:42:13.474217Z  WARN ThreadId(06) docker_node: Node 1 Regular transaction queue backlog: 4035294 transactions
2025-12-05T14:42:14.099998Z  WARN ThreadId(20) hotstuff_rs::block_tree::invariants: SAFE_PC_FAIL: pc.block=[184, 224, 100, 204, 57, 107, 195, 148, 141, 118, 230, 13, 239, 207, 195, 98, 240, 118, 157, 36, 2, 76, 121, 54, 218, 42, 3, 25, 147, 60, 168, 251] view=73 phase=Generic | cond1(chain_id/genesis)=true (pc.chain_id=0, my.chain_id=0) | cond2(block_exists/genesis)=true (exists=true) | cond3(view>locked || extends)=false (pc.view=73, locked.view=81, extends=false) | cond4(phase/updates)=true (phase_special=false, has_updates=false) | highest_pc.block=[47, 72, 159, 56, 240, 5, 68, 38, 182, 187, 219, 173, 122, 142, 212, 208, 26, 189, 225, 163, 204, 74, 241, 66, 235, 244, 52, 216, 204, 206, 67, 37] highest_pc.view=84 locked.block=[100, 177, 241, 155, 22, 59, 43, 165, 96, 4, 23, 62, 165, 130, 247, 22, 44, 175, 44, 237, 37, 121, 85, 5, 36, 85, 237, 229, 1, 56, 185, 218] locked.view=81    
2025-12-05T14:42:14.100042Z  WARN ThreadId(20) hotstuff_rs::block_tree::invariants: SAFE_BLOCK_FAIL: block=[208, 73, 242, 162, 43, 52, 82, 71, 12, 195, 50, 168, 63, 37, 200, 58, 90, 24, 90, 110, 37, 228, 31, 54, 237, 245, 21, 13, 212, 207, 251, 173] height=None | cond1(safe_pc)=false | cond2(is_block_justify)=true (justify.phase=Generic) | justify.block=[184, 224, 100, 204, 57, 107, 195, 148, 141, 118, 230, 13, 239, 207, 195, 98, 240, 118, 157, 36, 2, 76, 121, 54, 218, 42, 3, 25, 147, 60, 168, 251] justify.view=73 | highest_pc.block=[47, 72, 159, 56, 240, 5, 68, 38, 182, 187, 219, 173, 122, 142, 212, 208, 26, 189, 225, 163, 204, 74, 241, 66, 235, 244, 52, 216, 204, 206, 67, 37] highest_pc.view=84 | locked.block=[100, 177, 241, 155, 22, 59, 43, 165, 96, 4, 23, 62, 165, 130, 247, 22, 44, 175, 44, 237, 37, 121, 85, 5, 36, 85, 237, 229, 1, 56, 185, 218] locked.view=81    
2025-12-05T14:42:18.365924Z  WARN ThreadId(06) docker_node:   Connection reuse ineffective (2.0 msg/conn)
2025-12-05T14:42:18.474154Z  WARN ThreadId(06) docker_node: Node 1 Regular transaction queue backlog: 4035294 transactions
2025-12-05T14:42:23.366269Z  WARN ThreadId(06) docker_node:   Connection reuse ineffective (2.0 msg/conn)
2025-12-05T14:42:23.473617Z  WARN ThreadId(06) docker_node: Node 1 Regular transaction queue backlog: 4035294 transactions
2025-12-05T14:42:27.003098Z  WARN ThreadId(21) hotstuff_runner::tcp_node: Node 1 view 89 timed out; latency may accumulate
2025-12-05T14:42:28.366278Z  WARN ThreadId(06) docker_node:   Connection reuse ineffective (2.0 msg/conn)
2025-12-05T14:42:28.473524Z  WARN ThreadId(05) docker_node: Node 1 Regular transaction queue backlog: 4035294 transactions
2025-12-05T14:42:32.004445Z  WARN ThreadId(21) hotstuff_runner::tcp_node: Node 1 view 90 timed out; latency may accumulate
2025-12-05T14:42:33.365584Z  WARN ThreadId(05) docker_node:   Connection reuse ineffective (2.0 msg/conn)
2025-12-05T14:42:33.473832Z  WARN ThreadId(05) docker_node: Node 1 Regular transaction queue backlog: 4035294 transactions
2025-12-05T14:42:37.005834Z  WARN ThreadId(21) hotstuff_runner::tcp_node: Node 1 view 91 timed out; latency may accumulate
2025-12-05T14:42:38.365923Z  WARN ThreadId(05) docker_node:   Connection reuse ineffective (2.0 msg/conn)
2025-12-05T14:42:38.474179Z  WARN ThreadId(05) docker_node: Node 1 Regular transaction queue backlog: 4035294 transactions
2025-12-05T14:42:42.007199Z  WARN ThreadId(21) hotstuff_runner::tcp_node: Node 1 view 92 timed out; latency may accumulate
2025-12-05T14:42:43.365993Z  WARN ThreadId(05) docker_node:   Connection reuse ineffective (2.0 msg/conn)
2025-12-05T14:42:43.474254Z  WARN ThreadId(05) docker_node: Node 1 Regular transaction queue backlog: 4035294 transactions
2025-12-05T14:42:48.366362Z  WARN ThreadId(05) docker_node:   Connection reuse ineffective (2.0 msg/conn)
2025-12-05T14:42:48.473601Z  WARN ThreadId(05) docker_node: Node 1 Regular transaction queue backlog: 4035294 transactions
2025-12-05T14:42:49.124278Z  WARN ThreadId(20) hotstuff_rs::block_tree::invariants: SAFE_PC_FAIL: pc.block=[126, 0, 3, 160, 55, 77, 146, 224, 234, 212, 90, 79, 151, 194, 231, 96, 102, 8, 170, 46, 245, 25, 43, 55, 232, 164, 150, 10, 3, 151, 200, 39] view=69 phase=Generic | cond1(chain_id/genesis)=true (pc.chain_id=0, my.chain_id=0) | cond2(block_exists/genesis)=true (exists=true) | cond3(view>locked || extends)=false (pc.view=69, locked.view=81, extends=false) | cond4(phase/updates)=true (phase_special=false, has_updates=false) | highest_pc.block=[47, 72, 159, 56, 240, 5, 68, 38, 182, 187, 219, 173, 122, 142, 212, 208, 26, 189, 225, 163, 204, 74, 241, 66, 235, 244, 52, 216, 204, 206, 67, 37] highest_pc.view=84 locked.block=[100, 177, 241, 155, 22, 59, 43, 165, 96, 4, 23, 62, 165, 130, 247, 22, 44, 175, 44, 237, 37, 121, 85, 5, 36, 85, 237, 229, 1, 56, 185, 218] locked.view=81    
2025-12-05T14:42:49.124324Z  WARN ThreadId(20) hotstuff_rs::block_tree::invariants: SAFE_BLOCK_FAIL: block=[132, 131, 23, 178, 11, 207, 118, 4, 208, 80, 75, 254, 195, 235, 68, 127, 100, 29, 199, 2, 61, 151, 132, 102, 27, 167, 156, 146, 117, 30, 152, 70] height=None | cond1(safe_pc)=false | cond2(is_block_justify)=true (justify.phase=Generic) | justify.block=[126, 0, 3, 160, 55, 77, 146, 224, 234, 212, 90, 79, 151, 194, 231, 96, 102, 8, 170, 46, 245, 25, 43, 55, 232, 164, 150, 10, 3, 151, 200, 39] justify.view=69 | highest_pc.block=[47, 72, 159, 56, 240, 5, 68, 38, 182, 187, 219, 173, 122, 142, 212, 208, 26, 189, 225, 163, 204, 74, 241, 66, 235, 244, 52, 216, 204, 206, 67, 37] highest_pc.view=84 | locked.block=[100, 177, 241, 155, 22, 59, 43, 165, 96, 4, 23, 62, 165, 130, 247, 22, 44, 175, 44, 237, 37, 121, 85, 5, 36, 85, 237, 229, 1, 56, 185, 218] locked.view=81    
2025-12-05T14:42:52.009979Z  WARN ThreadId(21) hotstuff_runner::tcp_node: Node 1 view 94 timed out; latency may accumulate
2025-12-05T14:42:53.365789Z  WARN ThreadId(05) docker_node:   Connection reuse ineffective (2.0 msg/conn)
2025-12-05T14:42:53.473985Z  WARN ThreadId(05) docker_node: Node 1 Regular transaction queue backlog: 4035294 transactions
2025-12-05T14:42:57.011353Z  WARN ThreadId(21) hotstuff_runner::tcp_node: Node 1 view 95 timed out; latency may accumulate
2025-12-05T14:42:58.366202Z  WARN ThreadId(05) docker_node:   Connection reuse ineffective (2.0 msg/conn)
2025-12-05T14:42:58.474381Z  WARN ThreadId(03) docker_node: Node 1 Regular transaction queue backlog: 4035294 transactions
2025-12-05T14:43:03.366494Z  WARN ThreadId(03) docker_node:   Connection reuse ineffective (2.0 msg/conn)
2025-12-05T14:43:03.473783Z  WARN ThreadId(03) docker_node: Node 1 Regular transaction queue backlog: 4035294 transactions
2025-12-05T14:43:08.365829Z  WARN ThreadId(03) docker_node:   Connection reuse ineffective (2.0 msg/conn)
2025-12-05T14:43:08.474120Z  WARN ThreadId(03) docker_node: Node 1 Regular transaction queue backlog: 4035294 transactions
2025-12-05T14:43:13.366208Z  WARN ThreadId(03) docker_node:   Connection reuse ineffective (2.0 msg/conn)
2025-12-05T14:43:13.474443Z  WARN ThreadId(03) docker_node: Node 1 Regular transaction queue backlog: 4035294 transactions
2025-12-05T14:43:18.365658Z  WARN ThreadId(03) docker_node:   Connection reuse ineffective (2.0 msg/conn)
2025-12-05T14:43:18.473878Z  WARN ThreadId(03) docker_node: Node 1 Regular transaction queue backlog: 4035294 transactions
