2025-11-02T08:19:32.146084Z  WARN ThreadId(01) hotstuff_runner::telemetry: Prometheus metrics exporter started âœ… listen_addr=0.0.0.0:9900
2025-11-02T08:19:32.146143Z  WARN ThreadId(01) hotstuff_runner::telemetry: âœ… wrote smrol.node_up=1 (boot) node_id=0
2025-11-02T08:19:47.348307Z  WARN ThreadId(01) hotstuff_runner::tcp_node: Node 0 view timeout set to 2000 ms
2025-11-02T08:19:47.353332Z  WARN ThreadId(01) hotstuff_runner::smrol::sequencing: SMROL_MEDIAN_INFLIGHT=3, SMROL_ORDER_FINALIZE_INFLIGHT=3, SMROL_FINAL_SIGN_INFLIGHT=3, SMROL_FINAL_VERIFY_INFLIGHT=3
2025-11-02T08:19:47.353814Z  WARN ThreadId(01) hotstuff_runner::smrol::sequencing: [Sequencing] Node 0 multi-signature verification disabled: false
2025-11-02T08:19:47.354278Z  WARN ThreadId(05) hotstuff_runner::smrol::sequencing: [Sequencing] Node 0 final verify dispatcher started
2025-11-02T08:19:47.355847Z  WARN ThreadId(02) docker_node:   Connection reuse ineffective (2.0 msg/conn)
2025-11-02T08:19:52.355797Z  WARN ThreadId(05) docker_node:   Connection reuse ineffective (2.0 msg/conn)
2025-11-02T08:19:52.360477Z  WARN ThreadId(01) docker_node: Node 0 port 20000 temporarily unreachable: failed to lookup address information: Temporary failure in name resolution
2025-11-02T08:19:52.363372Z  WARN ThreadId(01) docker_node: Node 1 port 20001 temporarily unreachable: failed to lookup address information: Temporary failure in name resolution
2025-11-02T08:19:52.366183Z  WARN ThreadId(01) docker_node: Node 2 port 20002 temporarily unreachable: failed to lookup address information: Temporary failure in name resolution
2025-11-02T08:19:52.368148Z  WARN ThreadId(01) docker_node: Node 3 port 20003 temporarily unreachable: failed to lookup address information: Temporary failure in name resolution
2025-11-02T08:19:57.355340Z  WARN ThreadId(05) docker_node:   Connection reuse ineffective (2.0 msg/conn)
2025-11-02T08:20:02.355152Z  WARN ThreadId(05) docker_node:   Connection reuse ineffective (2.0 msg/conn)
2025-11-02T08:20:07.355900Z  WARN ThreadId(05) docker_node:   Connection reuse ineffective (2.0 msg/conn)
2025-11-02T08:20:12.355445Z  WARN ThreadId(02) docker_node:   Connection reuse ineffective (2.0 msg/conn)
2025-11-02T08:20:14.321713Z  WARN ThreadId(05) hotstuff_runner::smrol::pnfifo: ðŸ“Š [Critical] Proposal stats: 1 msgs, avg=5.391502ms, max=5.391502ms, rate=1/s
2025-11-02T08:20:14.332879Z  WARN ThreadId(19) hotstuff_runner::smrol::sequencing: [affinity] bound thread seq_offload-worker-0 to core CoreId { id: 0 }
2025-11-02T08:20:14.333499Z  WARN ThreadId(04) hotstuff_runner::smrol::sequencing: [affinity] multisig_sign_combine: overriding worker count 8 -> 2 to match core set
2025-11-02T08:20:14.333966Z  WARN ThreadId(05) hotstuff_runner::smrol::pnfifo: ðŸ“Š [Critical] Vote stats: 1 msgs, avg=12.019758ms, max=12.019758ms, rate=1/s
2025-11-02T08:20:14.337254Z  WARN ThreadId(20) hotstuff_runner::smrol::sequencing: [affinity] bound thread seq_offload-worker-1 to core CoreId { id: 1 }
2025-11-02T08:20:14.337416Z  WARN ThreadId(22) hotstuff_runner::smrol::sequencing: [affinity] bound thread multisig_sign_combine-worker-1 to core CoreId { id: 1 }
2025-11-02T08:20:14.339036Z  WARN ThreadId(21) hotstuff_runner::smrol::sequencing: [affinity] bound thread multisig_sign_combine-worker-0 to core CoreId { id: 0 }
2025-11-02T08:20:14.339997Z  WARN ThreadId(23) hotstuff_runner::smrol::sequencing: [affinity] bound thread multisig_verify_median-worker-0 to core CoreId { id: 2 }
2025-11-02T08:20:14.340123Z  WARN ThreadId(24) hotstuff_runner::smrol::sequencing: [affinity] bound thread multisig_verify_median-worker-1 to core CoreId { id: 3 }
2025-11-02T08:20:14.363830Z  WARN ThreadId(26) hotstuff_runner::smrol::sequencing: [affinity] bound thread multisig_verify_combined-worker-0 to core CoreId { id: 2 }
2025-11-02T08:20:14.363933Z  WARN ThreadId(27) hotstuff_runner::smrol::sequencing: [affinity] bound thread multisig_verify_combined-worker-1 to core CoreId { id: 3 }
2025-11-02T08:20:14.452519Z  WARN ThreadId(05) hotstuff_runner::smrol::pnfifo: ðŸ“Š [Critical] Final stats: 1 msgs, avg=10.239366ms, max=10.239366ms, rate=1/s
2025-11-02T08:20:15.321907Z  WARN ThreadId(05) hotstuff_runner::smrol::pnfifo: ðŸ“Š [Critical] Proposal stats: 259 msgs, avg=3.860185ms, max=18.360586ms, rate=259/s
2025-11-02T08:20:15.334373Z  WARN ThreadId(02) hotstuff_runner::smrol::pnfifo: ðŸ“Š [Critical] Vote stats: 109 msgs, avg=9.175346ms, max=32.751398ms, rate=109/s
2025-11-02T08:20:15.459561Z  WARN ThreadId(02) hotstuff_runner::smrol::pnfifo: ðŸ“Š [Critical] Final stats: 95 msgs, avg=8.855041ms, max=28.041595ms, rate=95/s
2025-11-02T08:20:16.329352Z  WARN ThreadId(02) hotstuff_runner::smrol::pnfifo: ðŸ“Š [Critical] Proposal stats: 204 msgs, avg=4.93697ms, max=20.554347ms, rate=204/s
2025-11-02T08:20:16.340427Z  WARN ThreadId(02) hotstuff_runner::smrol::pnfifo: ðŸ“Š [Critical] Vote stats: 95 msgs, avg=10.587655ms, max=25.353873ms, rate=95/s
2025-11-02T08:20:16.461242Z  WARN ThreadId(02) hotstuff_runner::smrol::pnfifo: ðŸ“Š [Critical] Final stats: 82 msgs, avg=9.411571ms, max=36.557444ms, rate=82/s
2025-11-02T08:20:17.287730Z  WARN ThreadId(14) hotstuff_runner::smrol::network: âš ï¸ [Check] Writer 0 -> 2 slow write: 9.057246ms
2025-11-02T08:20:17.341414Z  WARN ThreadId(02) hotstuff_runner::smrol::pnfifo: ðŸ“Š [Critical] Vote stats: 85 msgs, avg=11.772883ms, max=35.369725ms, rate=85/s
2025-11-02T08:20:17.342114Z  WARN ThreadId(02) hotstuff_runner::smrol::pnfifo: ðŸ“Š [Critical] Proposal stats: 199 msgs, avg=5.087736ms, max=25.619736ms, rate=199/s
2025-11-02T08:20:17.359572Z  WARN ThreadId(04) docker_node: Low processing efficiency: 0.0% - system may need tuning
2025-11-02T08:20:17.359604Z  WARN ThreadId(04) docker_node:   Connection reuse ineffective (2.0 msg/conn)
2025-11-02T08:20:17.509779Z  WARN ThreadId(03) hotstuff_runner::smrol::pnfifo: ðŸ“Š [Critical] Final stats: 72 msgs, avg=10.121971ms, max=26.015901ms, rate=72/s
2025-11-02T08:20:18.342362Z  WARN ThreadId(03) hotstuff_runner::smrol::pnfifo: ðŸ“Š [Critical] Proposal stats: 434 msgs, avg=2.303689ms, max=12.775575ms, rate=434/s
2025-11-02T08:20:18.344224Z  WARN ThreadId(02) hotstuff_runner::smrol::pnfifo: ðŸ“Š [Critical] Vote stats: 696 msgs, avg=1.179651ms, max=22.102569ms, rate=696/s
2025-11-02T08:20:18.523035Z  WARN ThreadId(05) hotstuff_runner::smrol::pnfifo: ðŸ“Š [Critical] Final stats: 97 msgs, avg=2.111644ms, max=19.171249ms, rate=97/s
2025-11-02T08:20:19.345414Z  WARN ThreadId(04) hotstuff_runner::smrol::pnfifo: ðŸ“Š [Critical] Proposal stats: 342 msgs, avg=2.931588ms, max=19.365517ms, rate=342/s
2025-11-02T08:20:19.354576Z  WARN ThreadId(02) hotstuff_runner::smrol::pnfifo: ðŸ“Š [Critical] Vote stats: 104 msgs, avg=9.712854ms, max=29.43837ms, rate=104/s
2025-11-02T08:20:19.531439Z  WARN ThreadId(04) hotstuff_runner::smrol::pnfifo: ðŸ“Š [Critical] Final stats: 71 msgs, avg=3.694403ms, max=21.951625ms, rate=71/s
2025-11-02T08:20:20.345702Z  WARN ThreadId(02) hotstuff_runner::smrol::pnfifo: ðŸ“Š [Critical] Proposal stats: 231 msgs, avg=4.328767ms, max=17.160315ms, rate=231/s
2025-11-02T08:20:20.369514Z  WARN ThreadId(03) hotstuff_runner::smrol::pnfifo: ðŸ“Š [Critical] Vote stats: 92 msgs, avg=11.025961ms, max=26.992921ms, rate=92/s
2025-11-02T08:20:20.542801Z  WARN ThreadId(03) hotstuff_runner::smrol::pnfifo: ðŸ“Š [Critical] Final stats: 95 msgs, avg=9.541342ms, max=24.0256ms, rate=95/s
2025-11-02T08:20:21.346372Z  WARN ThreadId(05) hotstuff_runner::smrol::pnfifo: ðŸ“Š [Critical] Proposal stats: 165 msgs, avg=6.062967ms, max=18.973084ms, rate=165/s
2025-11-02T08:20:21.373935Z  WARN ThreadId(03) hotstuff_runner::smrol::pnfifo: ðŸ“Š [Critical] Vote stats: 92 msgs, avg=10.915241ms, max=27.343265ms, rate=92/s
2025-11-02T08:20:21.544046Z  WARN ThreadId(02) hotstuff_runner::smrol::pnfifo: ðŸ“Š [Critical] Final stats: 96 msgs, avg=10.426955ms, max=28.378185ms, rate=96/s
2025-11-02T08:20:22.351235Z  WARN ThreadId(03) hotstuff_runner::smrol::pnfifo: ðŸ“Š [Critical] Proposal stats: 156 msgs, avg=6.439511ms, max=18.972576ms, rate=156/s
2025-11-02T08:20:22.355850Z  WARN ThreadId(02) docker_node: Low processing efficiency: 0.0% - system may need tuning
2025-11-02T08:20:22.355876Z  WARN ThreadId(02) docker_node:   Connection reuse ineffective (2.0 msg/conn)
2025-11-02T08:20:22.383160Z  WARN ThreadId(04) hotstuff_runner::smrol::pnfifo: ðŸ“Š [Critical] Vote stats: 92 msgs, avg=10.966766ms, max=25.144297ms, rate=92/s
2025-11-02T08:20:22.544177Z  WARN ThreadId(02) hotstuff_runner::smrol::pnfifo: ðŸ“Š [Critical] Final stats: 96 msgs, avg=10.159941ms, max=20.276555ms, rate=96/s
2025-11-02T08:20:23.365812Z  WARN ThreadId(02) hotstuff_runner::smrol::pnfifo: ðŸ“Š [Critical] Proposal stats: 206 msgs, avg=4.921107ms, max=17.740704ms, rate=206/s
2025-11-02T08:20:23.390268Z  WARN ThreadId(02) hotstuff_runner::smrol::pnfifo: ðŸ“Š [Critical] Vote stats: 89 msgs, avg=11.312564ms, max=31.140315ms, rate=89/s
2025-11-02T08:20:23.545710Z  WARN ThreadId(05) hotstuff_runner::smrol::pnfifo: ðŸ“Š [Critical] Final stats: 95 msgs, avg=9.775915ms, max=27.507114ms, rate=95/s
2025-11-02T08:20:24.120199Z  WARN ThreadId(15) hotstuff_runner::smrol::network: âš ï¸ [Check] Writer 0 -> 1 slow write: 7.468236ms
2025-11-02T08:20:24.367370Z  WARN ThreadId(02) hotstuff_runner::smrol::pnfifo: ðŸ“Š [Critical] Proposal stats: 197 msgs, avg=5.082615ms, max=26.944295ms, rate=197/s
2025-11-02T08:20:24.393937Z  WARN ThreadId(04) hotstuff_runner::smrol::pnfifo: ðŸ“Š [Critical] Vote stats: 91 msgs, avg=11.027116ms, max=26.630264ms, rate=91/s
2025-11-02T08:20:24.554826Z  WARN ThreadId(02) hotstuff_runner::smrol::pnfifo: ðŸ“Š [Critical] Final stats: 80 msgs, avg=10.883788ms, max=26.164125ms, rate=80/s
2025-11-02T08:20:25.373201Z  WARN ThreadId(04) hotstuff_runner::smrol::pnfifo: ðŸ“Š [Critical] Proposal stats: 314 msgs, avg=3.201943ms, max=21.457971ms, rate=314/s
2025-11-02T08:20:25.410558Z  WARN ThreadId(04) hotstuff_runner::smrol::pnfifo: ðŸ“Š [Critical] Vote stats: 105 msgs, avg=9.679304ms, max=30.740238ms, rate=105/s
2025-11-02T08:20:25.559233Z  WARN ThreadId(02) hotstuff_runner::smrol::pnfifo: ðŸ“Š [Critical] Final stats: 76 msgs, avg=8.906666ms, max=29.582255ms, rate=76/s
2025-11-02T08:20:26.378457Z  WARN ThreadId(04) hotstuff_runner::smrol::pnfifo: ðŸ“Š [Critical] Proposal stats: 186 msgs, avg=5.40292ms, max=22.182576ms, rate=186/s
2025-11-02T08:20:26.412956Z  WARN ThreadId(04) hotstuff_runner::smrol::pnfifo: ðŸ“Š [Critical] Vote stats: 82 msgs, avg=12.221906ms, max=34.210251ms, rate=82/s
2025-11-02T08:20:26.563503Z  WARN ThreadId(05) hotstuff_runner::smrol::pnfifo: ðŸ“Š [Critical] Final stats: 100 msgs, avg=9.776086ms, max=22.819267ms, rate=100/s
2025-11-02T08:20:27.355071Z  WARN ThreadId(03) docker_node: Low processing efficiency: 0.0% - system may need tuning
2025-11-02T08:20:27.355155Z  WARN ThreadId(03) docker_node:   Connection reuse ineffective (2.0 msg/conn)
2025-11-02T08:20:27.393362Z  WARN ThreadId(03) hotstuff_runner::smrol::pnfifo: ðŸ“Š [Critical] Proposal stats: 177 msgs, avg=5.732413ms, max=20.947703ms, rate=177/s
2025-11-02T08:20:27.424774Z  WARN ThreadId(04) hotstuff_runner::smrol::pnfifo: ðŸ“Š [Critical] Vote stats: 95 msgs, avg=10.647678ms, max=28.715232ms, rate=95/s
2025-11-02T08:20:27.572122Z  WARN ThreadId(04) hotstuff_runner::smrol::pnfifo: ðŸ“Š [Critical] Final stats: 87 msgs, avg=10.751878ms, max=29.095684ms, rate=87/s
2025-11-02T08:20:28.404082Z  WARN ThreadId(05) hotstuff_runner::smrol::pnfifo: ðŸ“Š [Critical] Proposal stats: 203 msgs, avg=4.977322ms, max=19.588033ms, rate=203/s
2025-11-02T08:20:28.424972Z  WARN ThreadId(02) hotstuff_runner::smrol::pnfifo: ðŸ“Š [Critical] Vote stats: 90 msgs, avg=11.110878ms, max=29.247141ms, rate=90/s
2025-11-02T08:20:28.575204Z  WARN ThreadId(05) hotstuff_runner::smrol::pnfifo: ðŸ“Š [Critical] Final stats: 90 msgs, avg=9.984429ms, max=21.119554ms, rate=90/s
2025-11-02T08:20:28.619704Z  WARN ThreadId(14) hotstuff_runner::smrol::network: âš ï¸ [Check] Writer 0 -> 3 slow write: 6.040887ms
2025-11-02T08:20:29.405158Z  WARN ThreadId(03) hotstuff_runner::smrol::pnfifo: ðŸ“Š [Critical] Proposal stats: 160 msgs, avg=6.255058ms, max=22.290184ms, rate=160/s
2025-11-02T08:20:29.430957Z  WARN ThreadId(05) hotstuff_runner::smrol::pnfifo: ðŸ“Š [Critical] Vote stats: 88 msgs, avg=11.42945ms, max=30.229626ms, rate=88/s
2025-11-02T08:20:29.582832Z  WARN ThreadId(05) hotstuff_runner::smrol::pnfifo: ðŸ“Š [Critical] Final stats: 95 msgs, avg=10.603299ms, max=28.948282ms, rate=95/s
2025-11-02T08:20:29.787748Z  WARN ThreadId(14) hotstuff_runner::smrol::network: âš ï¸ [Check] Writer 0 -> 1 slow write: 5.082468ms
2025-11-02T08:20:30.407345Z  WARN ThreadId(05) hotstuff_runner::smrol::pnfifo: ðŸ“Š [Critical] Proposal stats: 174 msgs, avg=5.757889ms, max=23.316142ms, rate=174/s
2025-11-02T08:20:30.454258Z  WARN ThreadId(05) hotstuff_runner::smrol::pnfifo: ðŸ“Š [Critical] Vote stats: 89 msgs, avg=11.495161ms, max=32.492811ms, rate=89/s
2025-11-02T08:20:30.591642Z  WARN ThreadId(05) hotstuff_runner::smrol::pnfifo: ðŸ“Š [Critical] Final stats: 99 msgs, avg=10.18746ms, max=25.073314ms, rate=99/s
2025-11-02T08:20:31.408047Z  WARN ThreadId(04) hotstuff_runner::smrol::pnfifo: ðŸ“Š [Critical] Proposal stats: 163 msgs, avg=6.137613ms, max=21.697253ms, rate=163/s
2025-11-02T08:20:31.464501Z  WARN ThreadId(14) hotstuff_runner::smrol::network: âš ï¸ [Check] Writer 0 -> 1 slow write: 6.68095ms
2025-11-02T08:20:31.471667Z  WARN ThreadId(04) hotstuff_runner::smrol::pnfifo: ðŸ“Š [Critical] Vote stats: 93 msgs, avg=10.937515ms, max=25.137585ms, rate=93/s
2025-11-02T08:20:31.599850Z  WARN ThreadId(04) hotstuff_runner::smrol::pnfifo: ðŸ“Š [Critical] Final stats: 88 msgs, avg=11.00496ms, max=33.794389ms, rate=88/s
2025-11-02T08:20:32.355703Z  WARN ThreadId(02) docker_node: Low processing efficiency: 0.0% - system may need tuning
2025-11-02T08:20:32.355735Z  WARN ThreadId(02) docker_node:   Connection reuse ineffective (2.0 msg/conn)
2025-11-02T08:20:32.412780Z  WARN ThreadId(04) hotstuff_runner::smrol::pnfifo: ðŸ“Š [Critical] Proposal stats: 222 msgs, avg=4.524532ms, max=17.592314ms, rate=222/s
2025-11-02T08:20:32.478247Z  WARN ThreadId(05) hotstuff_runner::smrol::pnfifo: ðŸ“Š [Critical] Vote stats: 85 msgs, avg=11.83958ms, max=39.071928ms, rate=85/s
2025-11-02T08:20:32.609959Z  WARN ThreadId(04) hotstuff_runner::smrol::pnfifo: ðŸ“Š [Critical] Final stats: 92 msgs, avg=9.855626ms, max=30.133038ms, rate=92/s
2025-11-02T08:20:33.417762Z  WARN ThreadId(02) hotstuff_runner::smrol::pnfifo: ðŸ“Š [Critical] Proposal stats: 160 msgs, avg=6.250962ms, max=23.323697ms, rate=160/s
2025-11-02T08:20:33.478563Z  WARN ThreadId(02) hotstuff_runner::smrol::pnfifo: ðŸ“Š [Critical] Vote stats: 93 msgs, avg=10.753566ms, max=30.51938ms, rate=93/s
2025-11-02T08:20:33.614227Z  WARN ThreadId(03) hotstuff_runner::smrol::pnfifo: ðŸ“Š [Critical] Final stats: 92 msgs, avg=10.910534ms, max=21.574908ms, rate=92/s
2025-11-02T08:20:34.422805Z  WARN ThreadId(02) hotstuff_runner::smrol::pnfifo: ðŸ“Š [Critical] Proposal stats: 152 msgs, avg=6.582263ms, max=41.93536ms, rate=152/s
2025-11-02T08:20:34.483858Z  WARN ThreadId(05) hotstuff_runner::smrol::pnfifo: ðŸ“Š [Critical] Vote stats: 92 msgs, avg=10.924669ms, max=33.480194ms, rate=92/s
2025-11-02T08:20:34.622390Z  WARN ThreadId(02) hotstuff_runner::smrol::pnfifo: ðŸ“Š [Critical] Final stats: 90 msgs, avg=10.003676ms, max=20.866017ms, rate=90/s
2025-11-02T08:20:35.423385Z  WARN ThreadId(05) hotstuff_runner::smrol::pnfifo: ðŸ“Š [Critical] Proposal stats: 217 msgs, avg=4.609417ms, max=17.822109ms, rate=217/s
2025-11-02T08:20:35.486478Z  WARN ThreadId(03) hotstuff_runner::smrol::pnfifo: ðŸ“Š [Critical] Vote stats: 94 msgs, avg=10.66353ms, max=26.503198ms, rate=94/s
2025-11-02T08:20:35.623260Z  WARN ThreadId(02) hotstuff_runner::smrol::pnfifo: ðŸ“Š [Critical] Final stats: 106 msgs, avg=9.004459ms, max=25.188775ms, rate=106/s
2025-11-02T08:20:35.665102Z  WARN ThreadId(14) hotstuff_runner::smrol::network: âš ï¸ [Check] Writer 0 -> 3 slow write: 6.427599ms
2025-11-02T08:20:36.423560Z  WARN ThreadId(04) hotstuff_runner::smrol::pnfifo: ðŸ“Š [Critical] Proposal stats: 165 msgs, avg=6.059714ms, max=20.114917ms, rate=165/s
2025-11-02T08:20:36.488045Z  WARN ThreadId(04) hotstuff_runner::smrol::pnfifo: ðŸ“Š [Critical] Vote stats: 79 msgs, avg=12.67011ms, max=34.547768ms, rate=79/s
2025-11-02T08:20:36.637760Z  WARN ThreadId(04) hotstuff_runner::smrol::pnfifo: ðŸ“Š [Critical] Final stats: 97 msgs, avg=10.456549ms, max=25.735687ms, rate=97/s
2025-11-02T08:20:37.357071Z  WARN ThreadId(04) docker_node: Low processing efficiency: 0.0% - system may need tuning
2025-11-02T08:20:37.357127Z  WARN ThreadId(04) docker_node:   Connection reuse ineffective (2.0 msg/conn)
2025-11-02T08:20:37.431868Z  WARN ThreadId(02) hotstuff_runner::smrol::pnfifo: ðŸ“Š [Critical] Proposal stats: 188 msgs, avg=5.361334ms, max=20.069113ms, rate=188/s
2025-11-02T08:20:37.491764Z  WARN ThreadId(03) hotstuff_runner::smrol::pnfifo: ðŸ“Š [Critical] Vote stats: 92 msgs, avg=10.907743ms, max=25.406799ms, rate=92/s
2025-11-02T08:20:37.667514Z  WARN ThreadId(04) hotstuff_runner::smrol::pnfifo: ðŸ“Š [Critical] Final stats: 92 msgs, avg=10.381412ms, max=25.478986ms, rate=92/s
2025-11-02T08:20:38.435704Z  WARN ThreadId(04) hotstuff_runner::smrol::pnfifo: ðŸ“Š [Critical] Proposal stats: 201 msgs, avg=4.992478ms, max=21.463285ms, rate=201/s
2025-11-02T08:20:38.492166Z  WARN ThreadId(05) hotstuff_runner::smrol::pnfifo: ðŸ“Š [Critical] Vote stats: 102 msgs, avg=9.80574ms, max=24.812768ms, rate=102/s
2025-11-02T08:20:38.670285Z  WARN ThreadId(03) hotstuff_runner::smrol::pnfifo: ðŸ“Š [Critical] Final stats: 86 msgs, avg=9.869487ms, max=24.84942ms, rate=86/s
2025-11-02T08:20:39.438547Z  WARN ThreadId(04) hotstuff_runner::smrol::pnfifo: ðŸ“Š [Critical] Proposal stats: 195 msgs, avg=5.140867ms, max=20.615133ms, rate=195/s
2025-11-02T08:20:39.502700Z  WARN ThreadId(05) hotstuff_runner::smrol::pnfifo: ðŸ“Š [Critical] Vote stats: 91 msgs, avg=11.102642ms, max=35.479881ms, rate=91/s
2025-11-02T08:20:39.674047Z  WARN ThreadId(03) hotstuff_runner::smrol::pnfifo: ðŸ“Š [Critical] Final stats: 92 msgs, avg=10.075532ms, max=25.256242ms, rate=92/s
2025-11-02T08:20:40.448434Z  WARN ThreadId(03) hotstuff_runner::smrol::pnfifo: ðŸ“Š [Critical] Proposal stats: 197 msgs, avg=5.123802ms, max=25.397323ms, rate=197/s
2025-11-02T08:20:40.505347Z  WARN ThreadId(03) hotstuff_runner::smrol::pnfifo: ðŸ“Š [Critical] Vote stats: 84 msgs, avg=11.933875ms, max=29.395446ms, rate=84/s
2025-11-02T08:20:40.681501Z  WARN ThreadId(04) hotstuff_runner::smrol::pnfifo: ðŸ“Š [Critical] Final stats: 84 msgs, avg=10.463929ms, max=26.122079ms, rate=84/s
2025-11-02T08:20:41.464226Z  WARN ThreadId(05) hotstuff_runner::smrol::pnfifo: ðŸ“Š [Critical] Proposal stats: 159 msgs, avg=6.385978ms, max=22.031182ms, rate=159/s
2025-11-02T08:20:41.509579Z  WARN ThreadId(02) hotstuff_runner::smrol::pnfifo: ðŸ“Š [Critical] Vote stats: 91 msgs, avg=11.033151ms, max=24.166267ms, rate=91/s
2025-11-02T08:20:41.682037Z  WARN ThreadId(04) hotstuff_runner::smrol::pnfifo: ðŸ“Š [Critical] Final stats: 101 msgs, avg=9.901682ms, max=25.641775ms, rate=101/s
2025-11-02T08:20:42.355392Z  WARN ThreadId(02) docker_node: Low processing efficiency: 0.0% - system may need tuning
2025-11-02T08:20:42.355414Z  WARN ThreadId(02) docker_node:   Connection reuse ineffective (2.0 msg/conn)
2025-11-02T08:20:42.468756Z  WARN ThreadId(02) hotstuff_runner::smrol::pnfifo: ðŸ“Š [Critical] Proposal stats: 234 msgs, avg=4.290873ms, max=20.900888ms, rate=234/s
2025-11-02T08:20:42.514339Z  WARN ThreadId(02) hotstuff_runner::smrol::pnfifo: ðŸ“Š [Critical] Vote stats: 89 msgs, avg=11.28528ms, max=26.792236ms, rate=89/s
2025-11-02T08:20:42.624642Z  WARN ThreadId(15) hotstuff_runner::smrol::network: âš ï¸ [Check] Writer 0 -> 1 slow write: 5.280961ms
2025-11-02T08:20:42.698708Z  WARN ThreadId(02) hotstuff_runner::smrol::pnfifo: ðŸ“Š [Critical] Final stats: 64 msgs, avg=9.911535ms, max=23.483566ms, rate=64/s
2025-11-02T08:20:43.471776Z  WARN ThreadId(05) hotstuff_runner::smrol::pnfifo: ðŸ“Š [Critical] Proposal stats: 208 msgs, avg=4.818763ms, max=22.415789ms, rate=208/s
2025-11-02T08:20:43.521222Z  WARN ThreadId(05) hotstuff_runner::smrol::pnfifo: ðŸ“Š [Critical] Vote stats: 102 msgs, avg=9.868599ms, max=30.475679ms, rate=102/s
2025-11-02T08:20:43.702776Z  WARN ThreadId(04) hotstuff_runner::smrol::pnfifo: ðŸ“Š [Critical] Final stats: 111 msgs, avg=8.525985ms, max=22.79438ms, rate=111/s
2025-11-02T08:20:44.474587Z  WARN ThreadId(04) hotstuff_runner::smrol::pnfifo: ðŸ“Š [Critical] Proposal stats: 157 msgs, avg=6.385514ms, max=20.441601ms, rate=157/s
2025-11-02T08:20:44.526804Z  WARN ThreadId(04) hotstuff_runner::smrol::pnfifo: ðŸ“Š [Critical] Vote stats: 84 msgs, avg=11.968074ms, max=30.398027ms, rate=84/s
2025-11-02T08:20:44.705689Z  WARN ThreadId(02) hotstuff_runner::smrol::pnfifo: ðŸ“Š [Critical] Final stats: 97 msgs, avg=10.337002ms, max=29.266626ms, rate=97/s
2025-11-02T08:20:45.475111Z  WARN ThreadId(02) hotstuff_runner::smrol::pnfifo: ðŸ“Š [Critical] Proposal stats: 177 msgs, avg=5.65063ms, max=25.211817ms, rate=177/s
2025-11-02T08:20:45.529082Z  WARN ThreadId(03) hotstuff_runner::smrol::pnfifo: ðŸ“Š [Critical] Vote stats: 95 msgs, avg=10.548004ms, max=27.165383ms, rate=95/s
2025-11-02T08:20:45.717860Z  WARN ThreadId(04) hotstuff_runner::smrol::pnfifo: ðŸ“Š [Critical] Final stats: 106 msgs, avg=9.545822ms, max=25.494432ms, rate=106/s
2025-11-02T08:20:46.476695Z  WARN ThreadId(05) hotstuff_runner::smrol::pnfifo: ðŸ“Š [Critical] Proposal stats: 316 msgs, avg=3.168374ms, max=19.689307ms, rate=316/s
2025-11-02T08:20:46.532000Z  WARN ThreadId(05) hotstuff_runner::smrol::pnfifo: ðŸ“Š [Critical] Vote stats: 104 msgs, avg=9.640908ms, max=25.718046ms, rate=104/s
2025-11-02T08:20:46.815817Z  WARN ThreadId(05) hotstuff_runner::smrol::pnfifo: ðŸ“Š [Critical] Final stats: 43 msgs, avg=7.854705ms, max=23.962517ms, rate=43/s
2025-11-02T08:20:47.344500Z  WARN ThreadId(15) hotstuff_runner::smrol::network: âš ï¸ [Check] Writer 0 -> 3 slow write: 6.863738ms
2025-11-02T08:20:47.361621Z  WARN ThreadId(02) docker_node: Low processing efficiency: 0.0% - system may need tuning
2025-11-02T08:20:47.361671Z  WARN ThreadId(02) docker_node:   Connection reuse ineffective (2.0 msg/conn)
2025-11-02T08:20:47.479154Z  WARN ThreadId(04) hotstuff_runner::smrol::pnfifo: ðŸ“Š [Critical] Proposal stats: 269 msgs, avg=3.724925ms, max=81.631671ms, rate=269/s
2025-11-02T08:20:47.538714Z  WARN ThreadId(05) hotstuff_runner::smrol::pnfifo: ðŸ“Š [Critical] Vote stats: 3502 msgs, avg=240.71Âµs, max=25.556394ms, rate=3502/s
2025-11-02T08:20:48.387082Z  WARN ThreadId(03) hotstuff_runner::smrol::pnfifo: ðŸ“Š [Critical] Final stats: 53 msgs, avg=9.210404ms, max=70.218991ms, rate=53/s
2025-11-02T08:20:48.481871Z  WARN ThreadId(02) hotstuff_runner::smrol::pnfifo: ðŸ“Š [Critical] Proposal stats: 427 msgs, avg=2.34709ms, max=17.809721ms, rate=427/s
2025-11-02T08:20:48.546027Z  WARN ThreadId(04) hotstuff_runner::smrol::pnfifo: ðŸ“Š [Critical] Vote stats: 243 msgs, avg=3.833376ms, max=20.779173ms, rate=243/s
2025-11-02T08:20:49.392430Z  WARN ThreadId(02) hotstuff_runner::smrol::pnfifo: ðŸ“Š [Critical] Final stats: 129 msgs, avg=3.23057ms, max=23.704339ms, rate=129/s
2025-11-02T08:20:49.482145Z  WARN ThreadId(05) hotstuff_runner::smrol::pnfifo: ðŸ“Š [Critical] Proposal stats: 277 msgs, avg=3.609712ms, max=18.931104ms, rate=277/s
2025-11-02T08:20:49.560943Z  WARN ThreadId(05) hotstuff_runner::smrol::pnfifo: ðŸ“Š [Critical] Vote stats: 113 msgs, avg=8.979519ms, max=21.990774ms, rate=113/s
2025-11-02T08:20:50.405315Z  WARN ThreadId(05) hotstuff_runner::smrol::pnfifo: ðŸ“Š [Critical] Final stats: 65 msgs, avg=4.175662ms, max=19.708168ms, rate=65/s
2025-11-02T08:20:50.491191Z  WARN ThreadId(02) hotstuff_runner::smrol::pnfifo: ðŸ“Š [Critical] Proposal stats: 361 msgs, avg=2.793804ms, max=19.977198ms, rate=361/s
2025-11-02T08:20:50.570115Z  WARN ThreadId(02) hotstuff_runner::smrol::pnfifo: ðŸ“Š [Critical] Vote stats: 116 msgs, avg=8.696472ms, max=23.385167ms, rate=116/s
2025-11-02T08:20:51.012476Z  WARN ThreadId(14) hotstuff_runner::smrol::network: âš ï¸ [Check] Writer 0 -> 1 slow write: 8.830992ms
2025-11-02T08:20:51.423009Z  WARN ThreadId(03) hotstuff_runner::smrol::pnfifo: ðŸ“Š [Critical] Final stats: 79 msgs, avg=11.106775ms, max=24.565939ms, rate=79/s
2025-11-02T08:20:51.492335Z  WARN ThreadId(03) hotstuff_runner::smrol::pnfifo: ðŸ“Š [Critical] Proposal stats: 192 msgs, avg=5.212153ms, max=25.091874ms, rate=192/s
2025-11-02T08:20:51.577150Z  WARN ThreadId(04) hotstuff_runner::smrol::pnfifo: ðŸ“Š [Critical] Vote stats: 85 msgs, avg=11.843851ms, max=29.107099ms, rate=85/s
2025-11-02T08:20:51.992958Z  WARN ThreadId(14) hotstuff_runner::smrol::network: âš ï¸ [Check] Writer 0 -> 1 slow write: 5.888144ms
2025-11-02T08:20:52.362025Z  WARN ThreadId(02) docker_node: Low processing efficiency: 0.0% - system may need tuning
2025-11-02T08:20:52.362246Z  WARN ThreadId(02) docker_node:   Connection reuse ineffective (2.0 msg/conn)
2025-11-02T08:20:52.440498Z  WARN ThreadId(03) hotstuff_runner::smrol::pnfifo: ðŸ“Š [Critical] Final stats: 88 msgs, avg=10.968612ms, max=20.428339ms, rate=88/s
2025-11-02T08:20:52.493656Z  WARN ThreadId(02) hotstuff_runner::smrol::pnfifo: ðŸ“Š [Critical] Proposal stats: 190 msgs, avg=5.268016ms, max=23.171794ms, rate=190/s
2025-11-02T08:20:52.587982Z  WARN ThreadId(04) hotstuff_runner::smrol::pnfifo: ðŸ“Š [Critical] Vote stats: 84 msgs, avg=12.029753ms, max=33.621705ms, rate=84/s
2025-11-02T08:20:53.446262Z  WARN ThreadId(03) hotstuff_runner::smrol::pnfifo: ðŸ“Š [Critical] Final stats: 89 msgs, avg=10.002648ms, max=24.20946ms, rate=89/s
2025-11-02T08:20:53.501782Z  WARN ThreadId(03) hotstuff_runner::smrol::pnfifo: ðŸ“Š [Critical] Proposal stats: 190 msgs, avg=5.303888ms, max=22.820455ms, rate=190/s
2025-11-02T08:20:53.588302Z  WARN ThreadId(03) hotstuff_runner::smrol::pnfifo: ðŸ“Š [Critical] Vote stats: 98 msgs, avg=10.205062ms, max=26.188876ms, rate=98/s
2025-11-02T08:20:54.449605Z  WARN ThreadId(05) hotstuff_runner::smrol::pnfifo: ðŸ“Š [Critical] Final stats: 105 msgs, avg=9.553399ms, max=21.016023ms, rate=105/s
2025-11-02T08:20:54.506337Z  WARN ThreadId(02) hotstuff_runner::smrol::pnfifo: ðŸ“Š [Critical] Proposal stats: 180 msgs, avg=5.579302ms, max=24.240438ms, rate=180/s
2025-11-02T08:20:54.593150Z  WARN ThreadId(05) hotstuff_runner::smrol::pnfifo: ðŸ“Š [Critical] Vote stats: 93 msgs, avg=10.801966ms, max=32.820517ms, rate=93/s
2025-11-02T08:20:55.199721Z  WARN ThreadId(14) hotstuff_runner::smrol::network: âš ï¸ [Check] Writer 0 -> 3 slow write: 11.056537ms
2025-11-02T08:20:55.456196Z  WARN ThreadId(02) hotstuff_runner::smrol::pnfifo: ðŸ“Š [Critical] Final stats: 100 msgs, avg=10.062682ms, max=21.405378ms, rate=100/s
2025-11-02T08:20:55.508694Z  WARN ThreadId(02) hotstuff_runner::smrol::pnfifo: ðŸ“Š [Critical] Proposal stats: 171 msgs, avg=5.859344ms, max=20.138431ms, rate=171/s
2025-11-02T08:20:55.599665Z  WARN ThreadId(02) hotstuff_runner::smrol::pnfifo: ðŸ“Š [Critical] Vote stats: 80 msgs, avg=12.577788ms, max=36.952897ms, rate=80/s
2025-11-02T08:20:56.461042Z  WARN ThreadId(02) hotstuff_runner::smrol::pnfifo: ðŸ“Š [Critical] Final stats: 101 msgs, avg=9.945174ms, max=26.560878ms, rate=101/s
2025-11-02T08:20:56.511091Z  WARN ThreadId(04) hotstuff_runner::smrol::pnfifo: ðŸ“Š [Critical] Proposal stats: 177 msgs, avg=5.661488ms, max=18.547702ms, rate=177/s
2025-11-02T08:20:56.601302Z  WARN ThreadId(05) hotstuff_runner::smrol::pnfifo: ðŸ“Š [Critical] Vote stats: 84 msgs, avg=11.921276ms, max=23.658389ms, rate=84/s
2025-11-02T08:20:57.357553Z  WARN ThreadId(04) docker_node: Low processing efficiency: 0.0% - system may need tuning
2025-11-02T08:20:57.357587Z  WARN ThreadId(04) docker_node:   Connection reuse ineffective (2.0 msg/conn)
2025-11-02T08:20:57.468691Z  WARN ThreadId(05) hotstuff_runner::smrol::pnfifo: ðŸ“Š [Critical] Final stats: 97 msgs, avg=10.385823ms, max=28.629472ms, rate=97/s
2025-11-02T08:20:57.511951Z  WARN ThreadId(04) hotstuff_runner::smrol::pnfifo: ðŸ“Š [Critical] Proposal stats: 184 msgs, avg=5.437699ms, max=19.869831ms, rate=184/s
2025-11-02T08:20:57.607225Z  WARN ThreadId(02) hotstuff_runner::smrol::pnfifo: ðŸ“Š [Critical] Vote stats: 78 msgs, avg=12.893714ms, max=34.024955ms, rate=78/s
2025-11-02T08:20:58.469341Z  WARN ThreadId(02) hotstuff_runner::smrol::pnfifo: ðŸ“Š [Critical] Final stats: 110 msgs, avg=9.093929ms, max=27.134456ms, rate=110/s
2025-11-02T08:20:58.512459Z  WARN ThreadId(03) hotstuff_runner::smrol::pnfifo: ðŸ“Š [Critical] Proposal stats: 198 msgs, avg=5.051516ms, max=21.01962ms, rate=198/s
2025-11-02T08:20:58.628739Z  WARN ThreadId(04) hotstuff_runner::smrol::pnfifo: ðŸ“Š [Critical] Vote stats: 84 msgs, avg=12.158435ms, max=34.623102ms, rate=84/s
2025-11-02T08:20:59.472937Z  WARN ThreadId(02) hotstuff_runner::smrol::pnfifo: ðŸ“Š [Critical] Final stats: 97 msgs, avg=10.344022ms, max=26.619691ms, rate=97/s
2025-11-02T08:20:59.521144Z  WARN ThreadId(04) hotstuff_runner::smrol::pnfifo: ðŸ“Š [Critical] Proposal stats: 168 msgs, avg=6.002383ms, max=25.944067ms, rate=168/s
2025-11-02T08:20:59.641411Z  WARN ThreadId(15) hotstuff_runner::smrol::network: âš ï¸ [Check] Writer 0 -> 1 slow write: 6.112367ms
2025-11-02T08:20:59.656457Z  WARN ThreadId(03) hotstuff_runner::smrol::pnfifo: ðŸ“Š [Critical] Vote stats: 102 msgs, avg=10.066732ms, max=30.232685ms, rate=102/s
2025-11-02T08:21:00.478962Z  WARN ThreadId(04) hotstuff_runner::smrol::pnfifo: ðŸ“Š [Critical] Final stats: 93 msgs, avg=10.814805ms, max=25.065757ms, rate=93/s
2025-11-02T08:21:00.523312Z  WARN ThreadId(04) hotstuff_runner::smrol::pnfifo: ðŸ“Š [Critical] Proposal stats: 177 msgs, avg=5.660428ms, max=18.536795ms, rate=177/s
2025-11-02T08:21:00.656808Z  WARN ThreadId(03) hotstuff_runner::smrol::pnfifo: ðŸ“Š [Critical] Vote stats: 80 msgs, avg=12.499233ms, max=30.94925ms, rate=80/s
2025-11-02T08:21:01.481038Z  WARN ThreadId(02) hotstuff_runner::smrol::pnfifo: ðŸ“Š [Critical] Final stats: 97 msgs, avg=10.326123ms, max=23.927957ms, rate=97/s
2025-11-02T08:21:01.527735Z  WARN ThreadId(04) hotstuff_runner::smrol::pnfifo: ðŸ“Š [Critical] Proposal stats: 174 msgs, avg=5.77093ms, max=22.910925ms, rate=174/s
2025-11-02T08:21:01.666083Z  WARN ThreadId(05) hotstuff_runner::smrol::pnfifo: ðŸ“Š [Critical] Vote stats: 88 msgs, avg=11.466048ms, max=26.097247ms, rate=88/s
2025-11-02T08:21:02.355133Z  WARN ThreadId(02) docker_node: Low processing efficiency: 0.0% - system may need tuning
2025-11-02T08:21:02.355165Z  WARN ThreadId(02) docker_node:   Connection reuse ineffective (2.0 msg/conn)
2025-11-02T08:21:02.488691Z  WARN ThreadId(03) hotstuff_runner::smrol::pnfifo: ðŸ“Š [Critical] Final stats: 95 msgs, avg=10.603633ms, max=30.535491ms, rate=95/s
2025-11-02T08:21:02.528752Z  WARN ThreadId(04) hotstuff_runner::smrol::pnfifo: ðŸ“Š [Critical] Proposal stats: 165 msgs, avg=6.065028ms, max=20.179501ms, rate=165/s
2025-11-02T08:21:02.668297Z  WARN ThreadId(04) hotstuff_runner::smrol::pnfifo: ðŸ“Š [Critical] Vote stats: 80 msgs, avg=12.525133ms, max=39.331343ms, rate=80/s
2025-11-02T08:21:03.490708Z  WARN ThreadId(02) hotstuff_runner::smrol::pnfifo: ðŸ“Š [Critical] Final stats: 105 msgs, avg=9.540692ms, max=25.211437ms, rate=105/s
2025-11-02T08:21:03.529782Z  WARN ThreadId(04) hotstuff_runner::smrol::pnfifo: ðŸ“Š [Critical] Proposal stats: 183 msgs, avg=5.468438ms, max=19.991569ms, rate=183/s
2025-11-02T08:21:03.672947Z  WARN ThreadId(02) hotstuff_runner::smrol::pnfifo: ðŸ“Š [Critical] Vote stats: 101 msgs, avg=9.94482ms, max=28.588523ms, rate=101/s
2025-11-02T08:21:04.493145Z  WARN ThreadId(03) hotstuff_runner::smrol::pnfifo: ðŸ“Š [Critical] Final stats: 116 msgs, avg=8.638516ms, max=26.497631ms, rate=116/s
2025-11-02T08:21:04.530196Z  WARN ThreadId(03) hotstuff_runner::smrol::pnfifo: ðŸ“Š [Critical] Proposal stats: 192 msgs, avg=5.208855ms, max=20.422978ms, rate=192/s
2025-11-02T08:21:04.675186Z  WARN ThreadId(03) hotstuff_runner::smrol::pnfifo: ðŸ“Š [Critical] Vote stats: 93 msgs, avg=10.772365ms, max=40.035979ms, rate=93/s
2025-11-02T08:21:05.500720Z  WARN ThreadId(05) hotstuff_runner::smrol::pnfifo: ðŸ“Š [Critical] Final stats: 101 msgs, avg=8.855116ms, max=25.396262ms, rate=101/s
2025-11-02T08:21:05.534670Z  WARN ThreadId(02) hotstuff_runner::smrol::pnfifo: ðŸ“Š [Critical] Proposal stats: 215 msgs, avg=4.670312ms, max=18.953104ms, rate=215/s
2025-11-02T08:21:05.680747Z  WARN ThreadId(02) hotstuff_runner::smrol::pnfifo: ðŸ“Š [Critical] Vote stats: 104 msgs, avg=9.666626ms, max=29.978423ms, rate=104/s
2025-11-02T08:21:06.518939Z  WARN ThreadId(03) hotstuff_runner::smrol::pnfifo: ðŸ“Š [Critical] Final stats: 96 msgs, avg=10.603205ms, max=24.810312ms, rate=96/s
2025-11-02T08:21:06.541550Z  WARN ThreadId(03) hotstuff_runner::smrol::pnfifo: ðŸ“Š [Critical] Proposal stats: 164 msgs, avg=6.137722ms, max=20.438683ms, rate=164/s
2025-11-02T08:21:06.690727Z  WARN ThreadId(02) hotstuff_runner::smrol::pnfifo: ðŸ“Š [Critical] Vote stats: 87 msgs, avg=11.606579ms, max=26.622128ms, rate=87/s
2025-11-02T08:21:07.092888Z  WARN ThreadId(15) hotstuff_runner::smrol::network: âš ï¸ [Check] Writer 0 -> 3 slow write: 6.451465ms
2025-11-02T08:21:07.099719Z  WARN ThreadId(14) hotstuff_runner::smrol::network: âš ï¸ [Check] Writer 0 -> 2 slow write: 8.06253ms
2025-11-02T08:21:07.355751Z  WARN ThreadId(02) docker_node: Low processing efficiency: 0.0% - system may need tuning
2025-11-02T08:21:07.355783Z  WARN ThreadId(02) docker_node:   Connection reuse ineffective (2.0 msg/conn)
2025-11-02T08:21:07.519521Z  WARN ThreadId(02) hotstuff_runner::smrol::pnfifo: ðŸ“Š [Critical] Final stats: 95 msgs, avg=10.529899ms, max=23.252228ms, rate=95/s
2025-11-02T08:21:07.546779Z  WARN ThreadId(04) hotstuff_runner::smrol::pnfifo: ðŸ“Š [Critical] Proposal stats: 178 msgs, avg=5.645683ms, max=20.490306ms, rate=178/s
2025-11-02T08:21:07.701476Z  WARN ThreadId(02) hotstuff_runner::smrol::pnfifo: ðŸ“Š [Critical] Vote stats: 85 msgs, avg=11.813633ms, max=28.45981ms, rate=85/s
2025-11-02T08:21:08.531998Z  WARN ThreadId(04) hotstuff_runner::smrol::pnfifo: ðŸ“Š [Critical] Final stats: 100 msgs, avg=10.12156ms, max=38.155889ms, rate=100/s
2025-11-02T08:21:08.555534Z  WARN ThreadId(03) hotstuff_runner::smrol::pnfifo: ðŸ“Š [Critical] Proposal stats: 172 msgs, avg=5.861802ms, max=37.835411ms, rate=172/s
2025-11-02T08:21:08.706707Z  WARN ThreadId(03) hotstuff_runner::smrol::pnfifo: ðŸ“Š [Critical] Vote stats: 78 msgs, avg=12.884931ms, max=43.235435ms, rate=78/s
2025-11-02T08:21:09.536365Z  WARN ThreadId(05) hotstuff_runner::smrol::pnfifo: ðŸ“Š [Critical] Final stats: 96 msgs, avg=10.459724ms, max=24.33589ms, rate=96/s
2025-11-02T08:21:09.556407Z  WARN ThreadId(05) hotstuff_runner::smrol::pnfifo: ðŸ“Š [Critical] Proposal stats: 172 msgs, avg=5.817018ms, max=18.712068ms, rate=172/s
2025-11-02T08:21:09.718187Z  WARN ThreadId(03) hotstuff_runner::smrol::pnfifo: ðŸ“Š [Critical] Vote stats: 88 msgs, avg=11.491498ms, max=25.962778ms, rate=88/s
2025-11-02T08:21:10.537762Z  WARN ThreadId(03) hotstuff_runner::smrol::pnfifo: ðŸ“Š [Critical] Final stats: 107 msgs, avg=9.355647ms, max=21.169229ms, rate=107/s
2025-11-02T08:21:10.558765Z  WARN ThreadId(03) hotstuff_runner::smrol::pnfifo: ðŸ“Š [Critical] Proposal stats: 180 msgs, avg=5.565826ms, max=18.591828ms, rate=180/s
2025-11-02T08:21:10.725538Z  WARN ThreadId(04) hotstuff_runner::smrol::pnfifo: ðŸ“Š [Critical] Vote stats: 97 msgs, avg=10.382246ms, max=25.003704ms, rate=97/s
2025-11-02T08:21:11.538851Z  WARN ThreadId(05) hotstuff_runner::smrol::pnfifo: ðŸ“Š [Critical] Final stats: 77 msgs, avg=10.514366ms, max=26.379021ms, rate=77/s
2025-11-02T08:21:11.564315Z  WARN ThreadId(05) hotstuff_runner::smrol::pnfifo: ðŸ“Š [Critical] Proposal stats: 197 msgs, avg=5.102316ms, max=19.898308ms, rate=197/s
2025-11-02T08:21:11.729748Z  WARN ThreadId(03) hotstuff_runner::smrol::pnfifo: ðŸ“Š [Critical] Vote stats: 82 msgs, avg=12.244048ms, max=27.934132ms, rate=82/s
2025-11-02T08:21:12.359982Z  WARN ThreadId(02) docker_node: Low processing efficiency: 0.0% - system may need tuning
2025-11-02T08:21:12.360015Z  WARN ThreadId(02) docker_node:   Connection reuse ineffective (2.0 msg/conn)
2025-11-02T08:21:12.540475Z  WARN ThreadId(04) hotstuff_runner::smrol::pnfifo: ðŸ“Š [Critical] Final stats: 91 msgs, avg=9.890041ms, max=23.011991ms, rate=91/s
2025-11-02T08:21:12.568371Z  WARN ThreadId(02) hotstuff_runner::smrol::pnfifo: ðŸ“Š [Critical] Proposal stats: 190 msgs, avg=5.282895ms, max=18.800965ms, rate=190/s
2025-11-02T08:21:12.732753Z  WARN ThreadId(02) hotstuff_runner::smrol::pnfifo: ðŸ“Š [Critical] Vote stats: 95 msgs, avg=10.555714ms, max=24.920667ms, rate=95/s
2025-11-02T08:21:13.541686Z  WARN ThreadId(03) hotstuff_runner::smrol::pnfifo: ðŸ“Š [Critical] Final stats: 86 msgs, avg=10.040205ms, max=28.71542ms, rate=86/s
2025-11-02T08:21:13.571360Z  WARN ThreadId(03) hotstuff_runner::smrol::pnfifo: ðŸ“Š [Critical] Proposal stats: 209 msgs, avg=4.79745ms, max=25.509486ms, rate=209/s
2025-11-02T08:21:13.733458Z  WARN ThreadId(04) hotstuff_runner::smrol::pnfifo: ðŸ“Š [Critical] Vote stats: 89 msgs, avg=11.241575ms, max=40.102239ms, rate=89/s
2025-11-02T08:21:14.463398Z  WARN ThreadId(14) hotstuff_runner::smrol::network: âš ï¸ [Check] Writer 0 -> 3 slow write: 5.515058ms
2025-11-02T08:21:14.542653Z  WARN ThreadId(03) hotstuff_runner::smrol::pnfifo: ðŸ“Š [Critical] Final stats: 97 msgs, avg=10.003271ms, max=23.962835ms, rate=97/s
2025-11-02T08:21:14.576747Z  WARN ThreadId(03) hotstuff_runner::smrol::pnfifo: ðŸ“Š [Critical] Proposal stats: 181 msgs, avg=5.55207ms, max=18.393664ms, rate=181/s
2025-11-02T08:21:14.748170Z  WARN ThreadId(02) hotstuff_runner::smrol::pnfifo: ðŸ“Š [Critical] Vote stats: 92 msgs, avg=11.027179ms, max=32.570583ms, rate=92/s
2025-11-02T08:21:15.578099Z  WARN ThreadId(04) hotstuff_runner::smrol::pnfifo: ðŸ“Š [Critical] Proposal stats: 190 msgs, avg=5.268649ms, max=21.624105ms, rate=190/s
2025-11-02T08:21:15.625714Z  WARN ThreadId(05) hotstuff_runner::smrol::pnfifo: ðŸ“Š [Critical] Final stats: 99 msgs, avg=9.684418ms, max=24.174009ms, rate=99/s
2025-11-02T08:21:15.755327Z  WARN ThreadId(04) hotstuff_runner::smrol::pnfifo: ðŸ“Š [Critical] Vote stats: 99 msgs, avg=10.171029ms, max=34.308738ms, rate=99/s
2025-11-02T08:21:16.582593Z  WARN ThreadId(05) hotstuff_runner::smrol::pnfifo: ðŸ“Š [Critical] Proposal stats: 258 msgs, avg=3.883125ms, max=17.920132ms, rate=258/s
2025-11-02T08:21:16.627433Z  WARN ThreadId(04) hotstuff_runner::smrol::pnfifo: ðŸ“Š [Critical] Final stats: 49 msgs, avg=10.700871ms, max=29.670786ms, rate=49/s
2025-11-02T08:21:16.767489Z  WARN ThreadId(03) hotstuff_runner::smrol::pnfifo: ðŸ“Š [Critical] Vote stats: 86 msgs, avg=11.761659ms, max=31.946222ms, rate=86/s
2025-11-02T08:21:17.357002Z  WARN ThreadId(04) docker_node: Low processing efficiency: 0.0% - system may need tuning
2025-11-02T08:21:17.357033Z  WARN ThreadId(04) docker_node:   Connection reuse ineffective (2.0 msg/conn)
2025-11-02T08:21:17.584669Z  WARN ThreadId(02) hotstuff_runner::smrol::pnfifo: ðŸ“Š [Critical] Proposal stats: 350 msgs, avg=2.861837ms, max=23.742995ms, rate=350/s
2025-11-02T08:21:17.779874Z  WARN ThreadId(05) hotstuff_runner::smrol::pnfifo: ðŸ“Š [Critical] Vote stats: 3427 msgs, avg=263.529Âµs, max=25.386968ms, rate=3427/s
2025-11-02T08:21:17.952803Z  WARN ThreadId(15) hotstuff_runner::smrol::network: âš ï¸ [Check] Writer 0 -> 2 slow write: 7.516092ms
2025-11-02T08:21:18.104312Z  WARN ThreadId(02) hotstuff_runner::smrol::pnfifo: ðŸ“Š [Critical] Final stats: 21 msgs, avg=10.538656ms, max=21.680875ms, rate=21/s
2025-11-02T08:21:18.585169Z  WARN ThreadId(03) hotstuff_runner::smrol::pnfifo: ðŸ“Š [Critical] Proposal stats: 413 msgs, avg=2.42135ms, max=17.213645ms, rate=413/s
2025-11-02T08:21:18.780385Z  WARN ThreadId(03) hotstuff_runner::smrol::pnfifo: ðŸ“Š [Critical] Vote stats: 321 msgs, avg=3.048336ms, max=20.938209ms, rate=321/s
2025-11-02T08:21:19.112984Z  WARN ThreadId(03) hotstuff_runner::smrol::pnfifo: ðŸ“Š [Critical] Final stats: 33 msgs, avg=5.960661ms, max=17.380449ms, rate=33/s
2025-11-02T08:21:19.587889Z  WARN ThreadId(04) hotstuff_runner::smrol::pnfifo: ðŸ“Š [Critical] Proposal stats: 332 msgs, avg=3.01854ms, max=21.706528ms, rate=332/s
2025-11-02T08:21:19.781567Z  WARN ThreadId(03) hotstuff_runner::smrol::pnfifo: ðŸ“Š [Critical] Vote stats: 140 msgs, avg=7.149773ms, max=29.616305ms, rate=140/s
2025-11-02T08:21:20.253396Z  WARN ThreadId(02) hotstuff_runner::smrol::pnfifo: ðŸ“Š [Critical] Final stats: 39 msgs, avg=11.227752ms, max=22.742697ms, rate=39/s
2025-11-02T08:21:20.590475Z  WARN ThreadId(04) hotstuff_runner::smrol::pnfifo: ðŸ“Š [Critical] Proposal stats: 312 msgs, avg=3.210233ms, max=22.625382ms, rate=312/s
2025-11-02T08:21:20.783155Z  WARN ThreadId(03) hotstuff_runner::smrol::pnfifo: ðŸ“Š [Critical] Vote stats: 111 msgs, avg=9.019514ms, max=34.763541ms, rate=111/s
2025-11-02T08:21:21.258553Z  WARN ThreadId(03) hotstuff_runner::smrol::pnfifo: ðŸ“Š [Critical] Final stats: 91 msgs, avg=9.375102ms, max=23.945198ms, rate=91/s
2025-11-02T08:21:21.591377Z  WARN ThreadId(02) hotstuff_runner::smrol::pnfifo: ðŸ“Š [Critical] Proposal stats: 206 msgs, avg=4.857017ms, max=21.091912ms, rate=206/s
2025-11-02T08:21:21.792877Z  WARN ThreadId(02) hotstuff_runner::smrol::pnfifo: ðŸ“Š [Critical] Vote stats: 157 msgs, avg=6.428867ms, max=28.177697ms, rate=157/s
2025-11-02T08:21:22.267128Z  WARN ThreadId(03) hotstuff_runner::smrol::pnfifo: ðŸ“Š [Critical] Final stats: 116 msgs, avg=8.692289ms, max=24.689101ms, rate=116/s
2025-11-02T08:21:22.355713Z  WARN ThreadId(04) docker_node: Low processing efficiency: 0.0% - system may need tuning
2025-11-02T08:21:22.355797Z  WARN ThreadId(04) docker_node:   Connection reuse ineffective (2.0 msg/conn)
2025-11-02T08:21:22.596801Z  WARN ThreadId(04) hotstuff_runner::smrol::pnfifo: ðŸ“Š [Critical] Proposal stats: 220 msgs, avg=4.568614ms, max=24.478088ms, rate=220/s
2025-11-02T08:21:22.803840Z  WARN ThreadId(05) hotstuff_runner::smrol::pnfifo: ðŸ“Š [Critical] Vote stats: 155 msgs, avg=6.520839ms, max=25.563679ms, rate=155/s
2025-11-02T08:21:23.267735Z  WARN ThreadId(04) hotstuff_runner::smrol::pnfifo: ðŸ“Š [Critical] Final stats: 58 msgs, avg=9.663322ms, max=27.611542ms, rate=58/s
2025-11-02T08:21:23.597051Z  WARN ThreadId(02) hotstuff_runner::smrol::pnfifo: ðŸ“Š [Critical] Proposal stats: 265 msgs, avg=3.772745ms, max=34.956627ms, rate=265/s
2025-11-02T08:21:23.808551Z  WARN ThreadId(05) hotstuff_runner::smrol::pnfifo: ðŸ“Š [Critical] Vote stats: 96 msgs, avg=10.462476ms, max=22.876107ms, rate=96/s
2025-11-02T08:21:24.273746Z  WARN ThreadId(04) hotstuff_runner::smrol::pnfifo: ðŸ“Š [Critical] Final stats: 58 msgs, avg=9.374705ms, max=22.586819ms, rate=58/s
2025-11-02T08:21:24.598694Z  WARN ThreadId(04) hotstuff_runner::smrol::pnfifo: ðŸ“Š [Critical] Proposal stats: 276 msgs, avg=3.62783ms, max=19.122179ms, rate=276/s
2025-11-02T08:21:24.732708Z  WARN ThreadId(14) hotstuff_runner::smrol::network: âš ï¸ [Check] Writer 0 -> 2 slow write: 8.04093ms
2025-11-02T08:21:24.816584Z  WARN ThreadId(02) hotstuff_runner::smrol::pnfifo: ðŸ“Š [Critical] Vote stats: 102 msgs, avg=9.880528ms, max=30.436903ms, rate=102/s
2025-11-02T08:21:25.277830Z  WARN ThreadId(05) hotstuff_runner::smrol::pnfifo: ðŸ“Š [Critical] Final stats: 64 msgs, avg=10.458916ms, max=25.69905ms, rate=64/s
2025-11-02T08:21:25.598981Z  WARN ThreadId(04) hotstuff_runner::smrol::pnfifo: ðŸ“Š [Critical] Proposal stats: 210 msgs, avg=4.760996ms, max=21.439327ms, rate=210/s
2025-11-02T08:21:25.819394Z  WARN ThreadId(05) hotstuff_runner::smrol::pnfifo: ðŸ“Š [Critical] Vote stats: 76 msgs, avg=13.192165ms, max=32.650353ms, rate=76/s
2025-11-02T08:21:26.295751Z  WARN ThreadId(04) hotstuff_runner::smrol::pnfifo: ðŸ“Š [Critical] Final stats: 99 msgs, avg=10.278817ms, max=28.523302ms, rate=99/s
2025-11-02T08:21:26.603741Z  WARN ThreadId(02) hotstuff_runner::smrol::pnfifo: ðŸ“Š [Critical] Proposal stats: 171 msgs, avg=5.874171ms, max=20.673288ms, rate=171/s
2025-11-02T08:21:26.824752Z  WARN ThreadId(05) hotstuff_runner::smrol::pnfifo: ðŸ“Š [Critical] Vote stats: 94 msgs, avg=10.692793ms, max=31.860014ms, rate=94/s
2025-11-02T08:21:27.301689Z  WARN ThreadId(05) hotstuff_runner::smrol::pnfifo: ðŸ“Š [Critical] Final stats: 77 msgs, avg=9.654387ms, max=20.130421ms, rate=77/s
2025-11-02T08:21:27.355183Z  WARN ThreadId(03) docker_node: Low processing efficiency: 0.0% - system may need tuning
2025-11-02T08:21:27.355217Z  WARN ThreadId(03) docker_node:   Connection reuse ineffective (2.0 msg/conn)
2025-11-02T08:21:27.605699Z  WARN ThreadId(05) hotstuff_runner::smrol::pnfifo: ðŸ“Š [Critical] Proposal stats: 245 msgs, avg=4.086868ms, max=15.376507ms, rate=245/s
2025-11-02T08:21:27.827850Z  WARN ThreadId(04) hotstuff_runner::smrol::pnfifo: ðŸ“Š [Critical] Vote stats: 98 msgs, avg=10.232728ms, max=28.609856ms, rate=98/s
2025-11-02T08:21:28.306150Z  WARN ThreadId(05) hotstuff_runner::smrol::pnfifo: ðŸ“Š [Critical] Final stats: 90 msgs, avg=9.396617ms, max=24.04422ms, rate=90/s
2025-11-02T08:21:28.609697Z  WARN ThreadId(02) hotstuff_runner::smrol::pnfifo: ðŸ“Š [Critical] Proposal stats: 199 msgs, avg=5.043695ms, max=22.19672ms, rate=199/s
2025-11-02T08:21:28.837430Z  WARN ThreadId(05) hotstuff_runner::smrol::pnfifo: ðŸ“Š [Critical] Vote stats: 91 msgs, avg=11.091747ms, max=25.507508ms, rate=91/s
2025-11-02T08:21:29.310204Z  WARN ThreadId(04) hotstuff_runner::smrol::pnfifo: ðŸ“Š [Critical] Final stats: 94 msgs, avg=9.807283ms, max=24.016137ms, rate=94/s
2025-11-02T08:21:29.609834Z  WARN ThreadId(04) hotstuff_runner::smrol::pnfifo: ðŸ“Š [Critical] Proposal stats: 199 msgs, avg=5.024217ms, max=15.403226ms, rate=199/s
2025-11-02T08:21:29.838528Z  WARN ThreadId(03) hotstuff_runner::smrol::pnfifo: ðŸ“Š [Critical] Vote stats: 91 msgs, avg=10.998648ms, max=24.773015ms, rate=91/s
2025-11-02T08:21:30.315542Z  WARN ThreadId(02) hotstuff_runner::smrol::pnfifo: ðŸ“Š [Critical] Final stats: 97 msgs, avg=10.361855ms, max=24.07113ms, rate=97/s
2025-11-02T08:21:30.610577Z  WARN ThreadId(03) hotstuff_runner::smrol::pnfifo: ðŸ“Š [Critical] Proposal stats: 169 msgs, avg=5.919414ms, max=19.115704ms, rate=169/s
2025-11-02T08:21:30.671594Z  WARN ThreadId(15) hotstuff_runner::smrol::network: âš ï¸ [Check] Writer 0 -> 1 slow write: 5.808506ms
2025-11-02T08:21:30.843192Z  WARN ThreadId(02) hotstuff_runner::smrol::pnfifo: ðŸ“Š [Critical] Vote stats: 97 msgs, avg=10.354914ms, max=28.166042ms, rate=97/s
2025-11-02T08:21:31.319829Z  WARN ThreadId(04) hotstuff_runner::smrol::pnfifo: ðŸ“Š [Critical] Final stats: 102 msgs, avg=9.843459ms, max=22.275407ms, rate=102/s
2025-11-02T08:21:31.616187Z  WARN ThreadId(04) hotstuff_runner::smrol::pnfifo: ðŸ“Š [Critical] Proposal stats: 166 msgs, avg=6.056196ms, max=22.734075ms, rate=166/s
2025-11-02T08:21:31.844029Z  WARN ThreadId(04) hotstuff_runner::smrol::pnfifo: ðŸ“Š [Critical] Vote stats: 96 msgs, avg=10.422823ms, max=30.080627ms, rate=96/s
2025-11-02T08:21:32.323619Z  WARN ThreadId(04) hotstuff_runner::smrol::pnfifo: ðŸ“Š [Critical] Final stats: 91 msgs, avg=9.927872ms, max=26.858357ms, rate=91/s
2025-11-02T08:21:32.355826Z  WARN ThreadId(05) docker_node: Low processing efficiency: 0.0% - system may need tuning
2025-11-02T08:21:32.355859Z  WARN ThreadId(05) docker_node:   Connection reuse ineffective (2.0 msg/conn)
2025-11-02T08:21:32.618240Z  WARN ThreadId(03) hotstuff_runner::smrol::pnfifo: ðŸ“Š [Critical] Proposal stats: 191 msgs, avg=5.24481ms, max=24.440095ms, rate=191/s
2025-11-02T08:21:32.864521Z  WARN ThreadId(02) hotstuff_runner::smrol::pnfifo: ðŸ“Š [Critical] Vote stats: 80 msgs, avg=12.753624ms, max=29.999537ms, rate=80/s
2025-11-02T08:21:33.332813Z  WARN ThreadId(05) hotstuff_runner::smrol::pnfifo: ðŸ“Š [Critical] Final stats: 91 msgs, avg=11.087492ms, max=27.756031ms, rate=91/s
2025-11-02T08:21:33.618856Z  WARN ThreadId(05) hotstuff_runner::smrol::pnfifo: ðŸ“Š [Critical] Proposal stats: 154 msgs, avg=6.495906ms, max=26.371952ms, rate=154/s
2025-11-02T08:21:33.874335Z  WARN ThreadId(05) hotstuff_runner::smrol::pnfifo: ðŸ“Š [Critical] Vote stats: 88 msgs, avg=11.470499ms, max=33.915335ms, rate=88/s
2025-11-02T08:21:34.337545Z  WARN ThreadId(02) hotstuff_runner::smrol::pnfifo: ðŸ“Š [Critical] Final stats: 101 msgs, avg=9.945616ms, max=21.528837ms, rate=101/s
2025-11-02T08:21:34.620144Z  WARN ThreadId(03) hotstuff_runner::smrol::pnfifo: ðŸ“Š [Critical] Proposal stats: 178 msgs, avg=5.623573ms, max=18.615029ms, rate=178/s
2025-11-02T08:21:34.881927Z  WARN ThreadId(03) hotstuff_runner::smrol::pnfifo: ðŸ“Š [Critical] Vote stats: 98 msgs, avg=10.279255ms, max=33.029011ms, rate=98/s
2025-11-02T08:21:35.072924Z  WARN ThreadId(14) hotstuff_runner::smrol::network: âš ï¸ [Check] Writer 0 -> 3 slow write: 5.375796ms
2025-11-02T08:21:35.338949Z  WARN ThreadId(02) hotstuff_runner::smrol::pnfifo: ðŸ“Š [Critical] Final stats: 102 msgs, avg=9.814144ms, max=22.490564ms, rate=102/s
2025-11-02T08:21:35.623701Z  WARN ThreadId(04) hotstuff_runner::smrol::pnfifo: ðŸ“Š [Critical] Proposal stats: 183 msgs, avg=5.481771ms, max=22.319854ms, rate=183/s
2025-11-02T08:21:35.882174Z  WARN ThreadId(02) hotstuff_runner::smrol::pnfifo: ðŸ“Š [Critical] Vote stats: 85 msgs, avg=11.765214ms, max=32.555406ms, rate=85/s
2025-11-02T08:21:36.356207Z  WARN ThreadId(04) hotstuff_runner::smrol::pnfifo: ðŸ“Š [Critical] Final stats: 107 msgs, avg=9.504658ms, max=27.142328ms, rate=107/s
2025-11-02T08:21:36.624942Z  WARN ThreadId(02) hotstuff_runner::smrol::pnfifo: ðŸ“Š [Critical] Proposal stats: 188 msgs, avg=5.323009ms, max=25.055916ms, rate=188/s
2025-11-02T08:21:36.890714Z  WARN ThreadId(03) hotstuff_runner::smrol::pnfifo: ðŸ“Š [Critical] Vote stats: 92 msgs, avg=10.959701ms, max=30.935364ms, rate=92/s
2025-11-02T08:21:37.355403Z  WARN ThreadId(02) docker_node: Low processing efficiency: 0.0% - system may need tuning
2025-11-02T08:21:37.355437Z  WARN ThreadId(02) docker_node:   Connection reuse ineffective (2.0 msg/conn)
2025-11-02T08:21:37.358849Z  WARN ThreadId(02) hotstuff_runner::smrol::pnfifo: ðŸ“Š [Critical] Final stats: 102 msgs, avg=9.827555ms, max=24.627005ms, rate=102/s
2025-11-02T08:21:37.478264Z  WARN ThreadId(15) hotstuff_runner::smrol::network: âš ï¸ [Check] Writer 0 -> 1 slow write: 6.057306ms
2025-11-02T08:21:37.626524Z  WARN ThreadId(05) hotstuff_runner::smrol::pnfifo: ðŸ“Š [Critical] Proposal stats: 176 msgs, avg=5.689239ms, max=23.959615ms, rate=176/s
2025-11-02T08:21:37.899497Z  WARN ThreadId(05) hotstuff_runner::smrol::pnfifo: ðŸ“Š [Critical] Vote stats: 86 msgs, avg=11.727649ms, max=33.579778ms, rate=86/s
2025-11-02T08:21:38.359039Z  WARN ThreadId(04) hotstuff_runner::smrol::pnfifo: ðŸ“Š [Critical] Final stats: 114 msgs, avg=8.771426ms, max=25.440273ms, rate=114/s
2025-11-02T08:21:38.629153Z  WARN ThreadId(02) hotstuff_runner::smrol::pnfifo: ðŸ“Š [Critical] Proposal stats: 206 msgs, avg=4.865654ms, max=17.557013ms, rate=206/s
2025-11-02T08:21:38.905298Z  WARN ThreadId(04) hotstuff_runner::smrol::pnfifo: ðŸ“Š [Critical] Vote stats: 99 msgs, avg=10.153832ms, max=28.049115ms, rate=99/s
2025-11-02T08:21:39.367805Z  WARN ThreadId(04) hotstuff_runner::smrol::pnfifo: ðŸ“Š [Critical] Final stats: 113 msgs, avg=8.924994ms, max=27.899447ms, rate=113/s
2025-11-02T08:21:39.636444Z  WARN ThreadId(04) hotstuff_runner::smrol::pnfifo: ðŸ“Š [Critical] Proposal stats: 178 msgs, avg=5.655851ms, max=24.656655ms, rate=178/s
2025-11-02T08:21:39.912902Z  WARN ThreadId(04) hotstuff_runner::smrol::pnfifo: ðŸ“Š [Critical] Vote stats: 96 msgs, avg=10.493728ms, max=28.80774ms, rate=96/s
2025-11-02T08:21:40.378124Z  WARN ThreadId(04) hotstuff_runner::smrol::pnfifo: ðŸ“Š [Critical] Final stats: 99 msgs, avg=10.201806ms, max=28.630137ms, rate=99/s
2025-11-02T08:21:40.638812Z  WARN ThreadId(03) hotstuff_runner::smrol::pnfifo: ðŸ“Š [Critical] Proposal stats: 152 msgs, avg=6.586755ms, max=25.657664ms, rate=152/s
2025-11-02T08:21:40.922392Z  WARN ThreadId(02) hotstuff_runner::smrol::pnfifo: ðŸ“Š [Critical] Vote stats: 83 msgs, avg=12.159706ms, max=31.743237ms, rate=83/s
2025-11-02T08:21:41.379704Z  WARN ThreadId(02) hotstuff_runner::smrol::pnfifo: ðŸ“Š [Critical] Final stats: 96 msgs, avg=10.427532ms, max=25.031628ms, rate=96/s
2025-11-02T08:21:41.643304Z  WARN ThreadId(04) hotstuff_runner::smrol::pnfifo: ðŸ“Š [Critical] Proposal stats: 175 msgs, avg=5.737967ms, max=18.803883ms, rate=175/s
2025-11-02T08:21:41.938263Z  WARN ThreadId(02) hotstuff_runner::smrol::pnfifo: ðŸ“Š [Critical] Vote stats: 98 msgs, avg=10.361176ms, max=34.732568ms, rate=98/s
2025-11-02T08:21:42.355981Z  WARN ThreadId(02) docker_node: Low processing efficiency: 0.0% - system may need tuning
2025-11-02T08:21:42.356125Z  WARN ThreadId(02) docker_node:   Connection reuse ineffective (2.0 msg/conn)
2025-11-02T08:21:42.382396Z  WARN ThreadId(05) hotstuff_runner::smrol::pnfifo: ðŸ“Š [Critical] Final stats: 99 msgs, avg=10.125556ms, max=25.451829ms, rate=99/s
2025-11-02T08:21:42.643386Z  WARN ThreadId(03) hotstuff_runner::smrol::pnfifo: ðŸ“Š [Critical] Proposal stats: 181 msgs, avg=5.523603ms, max=21.515539ms, rate=181/s
2025-11-02T08:21:42.940154Z  WARN ThreadId(02) hotstuff_runner::smrol::pnfifo: ðŸ“Š [Critical] Vote stats: 95 msgs, avg=10.54389ms, max=35.280435ms, rate=95/s
2025-11-02T08:21:43.383680Z  WARN ThreadId(05) hotstuff_runner::smrol::pnfifo: ðŸ“Š [Critical] Final stats: 123 msgs, avg=8.138172ms, max=25.700425ms, rate=123/s
2025-11-02T08:21:43.652312Z  WARN ThreadId(03) hotstuff_runner::smrol::pnfifo: ðŸ“Š [Critical] Proposal stats: 192 msgs, avg=5.253282ms, max=20.244669ms, rate=192/s
2025-11-02T08:21:43.950236Z  WARN ThreadId(03) hotstuff_runner::smrol::pnfifo: ðŸ“Š [Critical] Vote stats: 92 msgs, avg=10.974828ms, max=30.666367ms, rate=92/s
2025-11-02T08:21:44.388621Z  WARN ThreadId(02) hotstuff_runner::smrol::pnfifo: ðŸ“Š [Critical] Final stats: 101 msgs, avg=9.94631ms, max=24.92688ms, rate=101/s
2025-11-02T08:21:44.660116Z  WARN ThreadId(02) hotstuff_runner::smrol::pnfifo: ðŸ“Š [Critical] Proposal stats: 182 msgs, avg=5.535773ms, max=24.215801ms, rate=182/s
2025-11-02T08:21:44.720842Z  WARN ThreadId(14) hotstuff_runner::smrol::network: âš ï¸ [Check] Writer 0 -> 2 slow write: 5.096926ms
2025-11-02T08:21:44.962802Z  WARN ThreadId(03) hotstuff_runner::smrol::pnfifo: ðŸ“Š [Critical] Vote stats: 87 msgs, avg=11.635759ms, max=29.437534ms, rate=87/s
2025-11-02T08:21:45.373338Z  WARN ThreadId(14) hotstuff_runner::smrol::network: âš ï¸ [Check] Writer 0 -> 1 slow write: 5.684939ms
2025-11-02T08:21:45.396161Z  WARN ThreadId(03) hotstuff_runner::smrol::pnfifo: ðŸ“Š [Critical] Final stats: 98 msgs, avg=10.276113ms, max=23.912315ms, rate=98/s
2025-11-02T08:21:45.662505Z  WARN ThreadId(05) hotstuff_runner::smrol::pnfifo: ðŸ“Š [Critical] Proposal stats: 166 msgs, avg=6.035145ms, max=20.850412ms, rate=166/s
2025-11-02T08:21:45.974487Z  WARN ThreadId(05) hotstuff_runner::smrol::pnfifo: ðŸ“Š [Critical] Vote stats: 98 msgs, avg=10.321033ms, max=29.277687ms, rate=98/s
2025-11-02T08:21:46.156724Z  WARN ThreadId(14) hotstuff_runner::smrol::network: âš ï¸ [Check] Writer 0 -> 1 slow write: 7.766727ms
2025-11-02T08:21:46.405512Z  WARN ThreadId(04) hotstuff_runner::smrol::pnfifo: ðŸ“Š [Critical] Final stats: 101 msgs, avg=9.990545ms, max=27.669931ms, rate=101/s
2025-11-02T08:21:46.667596Z  WARN ThreadId(02) hotstuff_runner::smrol::pnfifo: ðŸ“Š [Critical] Proposal stats: 182 msgs, avg=5.520916ms, max=18.987311ms, rate=182/s
2025-11-02T08:21:46.978942Z  WARN ThreadId(05) hotstuff_runner::smrol::pnfifo: ðŸ“Š [Critical] Vote stats: 81 msgs, avg=12.393513ms, max=30.661834ms, rate=81/s
2025-11-02T08:21:47.356342Z  WARN ThreadId(03) docker_node: Low processing efficiency: 0.0% - system may need tuning
2025-11-02T08:21:47.356419Z  WARN ThreadId(03) docker_node:   Connection reuse ineffective (2.0 msg/conn)
2025-11-02T08:21:47.653926Z  WARN ThreadId(04) hotstuff_runner::smrol::pnfifo: ðŸ“Š [Critical] Final stats: 89 msgs, avg=9.643399ms, max=25.702531ms, rate=89/s
2025-11-02T08:21:47.655590Z  WARN ThreadId(14) hotstuff_runner::smrol::network: âš ï¸ [Check] Writer 0 -> 3 slow write: 6.322801ms
2025-11-02T08:21:47.660835Z  WARN ThreadId(15) hotstuff_runner::smrol::network: âš ï¸ [Check] Writer 0 -> 1 slow write: 10.055768ms
2025-11-02T08:21:47.662196Z  WARN ThreadId(14) hotstuff_runner::smrol::network: âš ï¸ [Check] Writer 0 -> 2 slow write: 10.470327ms
2025-11-02T08:21:47.668836Z  WARN ThreadId(04) hotstuff_runner::smrol::pnfifo: ðŸ“Š [Critical] Proposal stats: 196 msgs, avg=5.106217ms, max=289.890001ms, rate=196/s
2025-11-02T08:21:47.675793Z  WARN ThreadId(14) hotstuff_runner::smrol::network: âš ï¸ [Check] Writer 0 -> 3 slow write: 11.881817ms
2025-11-02T08:21:47.985646Z  WARN ThreadId(03) hotstuff_runner::smrol::pnfifo: ðŸ“Š [Critical] Vote stats: 3815 msgs, avg=139.767Âµs, max=28.190814ms, rate=3815/s
2025-11-02T08:21:48.669740Z  WARN ThreadId(05) hotstuff_runner::smrol::pnfifo: ðŸ“Š [Critical] Proposal stats: 400 msgs, avg=2.501121ms, max=24.011178ms, rate=400/s
2025-11-02T08:21:48.716053Z  WARN ThreadId(14) hotstuff_runner::smrol::network: âš ï¸ [Check] Writer 0 -> 2 slow write: 7.288356ms
2025-11-02T08:21:48.993416Z  WARN ThreadId(02) hotstuff_runner::smrol::pnfifo: ðŸ“Š [Critical] Vote stats: 236 msgs, avg=4.267918ms, max=21.547344ms, rate=236/s
2025-11-02T08:21:49.175191Z  WARN ThreadId(03) hotstuff_runner::smrol::pnfifo: ðŸ“Š [Critical] Final stats: 43 msgs, avg=3.221Âµs, max=29.639Âµs, rate=43/s
2025-11-02T08:21:49.679751Z  WARN ThreadId(03) hotstuff_runner::smrol::pnfifo: ðŸ“Š [Critical] Proposal stats: 337 msgs, avg=2.995896ms, max=22.918913ms, rate=337/s
2025-11-02T08:21:50.000797Z  WARN ThreadId(03) hotstuff_runner::smrol::pnfifo: ðŸ“Š [Critical] Vote stats: 220 msgs, avg=4.576641ms, max=25.724001ms, rate=220/s
2025-11-02T08:21:50.199612Z  WARN ThreadId(02) hotstuff_runner::smrol::pnfifo: ðŸ“Š [Critical] Final stats: 29 msgs, avg=10.365858ms, max=26.490988ms, rate=29/s
2025-11-02T08:21:50.680826Z  WARN ThreadId(04) hotstuff_runner::smrol::pnfifo: ðŸ“Š [Critical] Proposal stats: 346 msgs, avg=2.891937ms, max=18.783526ms, rate=346/s
2025-11-02T08:21:51.003754Z  WARN ThreadId(03) hotstuff_runner::smrol::pnfifo: ðŸ“Š [Critical] Vote stats: 199 msgs, avg=5.037626ms, max=25.494645ms, rate=199/s
2025-11-02T08:21:51.471705Z  WARN ThreadId(15) hotstuff_runner::smrol::network: âš ï¸ [Check] Writer 0 -> 2 slow write: 5.880802ms
2025-11-02T08:21:51.537907Z  WARN ThreadId(03) hotstuff_runner::smrol::pnfifo: ðŸ“Š [Critical] Final stats: 17 msgs, avg=11.607224ms, max=21.300609ms, rate=17/s
2025-11-02T08:21:51.681481Z  WARN ThreadId(03) hotstuff_runner::smrol::pnfifo: ðŸ“Š [Critical] Proposal stats: 378 msgs, avg=2.644217ms, max=15.283076ms, rate=378/s
2025-11-02T08:21:52.004376Z  WARN ThreadId(05) hotstuff_runner::smrol::pnfifo: ðŸ“Š [Critical] Vote stats: 230 msgs, avg=4.348141ms, max=26.31835ms, rate=230/s
2025-11-02T08:21:52.226689Z  WARN ThreadId(14) hotstuff_runner::smrol::network: âš ï¸ [Check] Writer 0 -> 1 slow write: 5.552886ms
2025-11-02T08:21:52.355236Z  WARN ThreadId(03) docker_node: Low processing efficiency: 0.0% - system may need tuning
2025-11-02T08:21:52.355304Z  WARN ThreadId(03) docker_node:   Connection reuse ineffective (2.0 msg/conn)
2025-11-02T08:21:52.549150Z  WARN ThreadId(05) hotstuff_runner::smrol::pnfifo: ðŸ“Š [Critical] Final stats: 53 msgs, avg=9.123378ms, max=22.842917ms, rate=53/s
2025-11-02T08:21:52.682412Z  WARN ThreadId(03) hotstuff_runner::smrol::pnfifo: ðŸ“Š [Critical] Proposal stats: 266 msgs, avg=3.760778ms, max=17.486678ms, rate=266/s
2025-11-02T08:21:53.008151Z  WARN ThreadId(04) hotstuff_runner::smrol::pnfifo: ðŸ“Š [Critical] Vote stats: 256 msgs, avg=3.919274ms, max=22.657089ms, rate=256/s
2025-11-02T08:21:53.558659Z  WARN ThreadId(05) hotstuff_runner::smrol::pnfifo: ðŸ“Š [Critical] Final stats: 67 msgs, avg=9.707561ms, max=23.880163ms, rate=67/s
2025-11-02T08:21:53.686766Z  WARN ThreadId(02) hotstuff_runner::smrol::pnfifo: ðŸ“Š [Critical] Proposal stats: 286 msgs, avg=3.510396ms, max=23.078819ms, rate=286/s
2025-11-02T08:21:54.013545Z  WARN ThreadId(05) hotstuff_runner::smrol::pnfifo: ðŸ“Š [Critical] Vote stats: 238 msgs, avg=4.223262ms, max=20.28157ms, rate=238/s
2025-11-02T08:21:54.559284Z  WARN ThreadId(02) hotstuff_runner::smrol::pnfifo: ðŸ“Š [Critical] Final stats: 45 msgs, avg=8.866272ms, max=35.853185ms, rate=45/s
2025-11-02T08:21:54.688198Z  WARN ThreadId(04) hotstuff_runner::smrol::pnfifo: ðŸ“Š [Critical] Proposal stats: 274 msgs, avg=3.652569ms, max=19.592587ms, rate=274/s
2025-11-02T08:21:55.017714Z  WARN ThreadId(02) hotstuff_runner::smrol::pnfifo: ðŸ“Š [Critical] Vote stats: 219 msgs, avg=4.583072ms, max=21.07579ms, rate=219/s
2025-11-02T08:21:55.565551Z  WARN ThreadId(03) hotstuff_runner::smrol::pnfifo: ðŸ“Š [Critical] Final stats: 45 msgs, avg=10.080811ms, max=27.580178ms, rate=45/s
2025-11-02T08:21:55.706038Z  WARN ThreadId(04) hotstuff_runner::smrol::pnfifo: ðŸ“Š [Critical] Proposal stats: 305 msgs, avg=3.334776ms, max=20.134644ms, rate=305/s
2025-11-02T08:21:56.027780Z  WARN ThreadId(05) hotstuff_runner::smrol::pnfifo: ðŸ“Š [Critical] Vote stats: 240 msgs, avg=4.194912ms, max=23.825622ms, rate=240/s
2025-11-02T08:21:56.706971Z  WARN ThreadId(05) hotstuff_runner::smrol::pnfifo: ðŸ“Š [Critical] Proposal stats: 274 msgs, avg=3.651724ms, max=22.329917ms, rate=274/s
2025-11-02T08:21:57.014555Z  WARN ThreadId(05) hotstuff_runner::smrol::pnfifo: ðŸ“Š [Critical] Final stats: 64 msgs, avg=10.413561ms, max=23.819657ms, rate=64/s
2025-11-02T08:21:57.033748Z  WARN ThreadId(05) hotstuff_runner::smrol::pnfifo: ðŸ“Š [Critical] Vote stats: 209 msgs, avg=4.812028ms, max=22.686387ms, rate=209/s
2025-11-02T08:21:57.355688Z  WARN ThreadId(03) docker_node: Low processing efficiency: 0.0% - system may need tuning
2025-11-02T08:21:57.355722Z  WARN ThreadId(03) docker_node:   Connection reuse ineffective (2.0 msg/conn)
2025-11-02T08:21:57.710764Z  WARN ThreadId(03) hotstuff_runner::smrol::pnfifo: ðŸ“Š [Critical] Proposal stats: 334 msgs, avg=3.004091ms, max=22.27108ms, rate=334/s
2025-11-02T08:21:58.020715Z  WARN ThreadId(04) hotstuff_runner::smrol::pnfifo: ðŸ“Š [Critical] Final stats: 36 msgs, avg=9.660491ms, max=21.216997ms, rate=36/s
2025-11-02T08:21:58.039234Z  WARN ThreadId(02) hotstuff_runner::smrol::pnfifo: ðŸ“Š [Critical] Vote stats: 153 msgs, avg=6.569664ms, max=22.946078ms, rate=153/s
2025-11-02T08:21:58.712820Z  WARN ThreadId(04) hotstuff_runner::smrol::pnfifo: ðŸ“Š [Critical] Proposal stats: 300 msgs, avg=3.338924ms, max=20.815227ms, rate=300/s
2025-11-02T08:21:59.031369Z  WARN ThreadId(05) hotstuff_runner::smrol::pnfifo: ðŸ“Š [Critical] Final stats: 65 msgs, avg=9.937724ms, max=21.654981ms, rate=65/s
2025-11-02T08:21:59.045936Z  WARN ThreadId(04) hotstuff_runner::smrol::pnfifo: ðŸ“Š [Critical] Vote stats: 175 msgs, avg=5.749863ms, max=27.100836ms, rate=175/s
2025-11-02T08:21:59.717815Z  WARN ThreadId(03) hotstuff_runner::smrol::pnfifo: ðŸ“Š [Critical] Proposal stats: 304 msgs, avg=3.304633ms, max=16.066372ms, rate=304/s
2025-11-02T08:22:00.032766Z  WARN ThreadId(05) hotstuff_runner::smrol::pnfifo: ðŸ“Š [Critical] Final stats: 60 msgs, avg=10.085927ms, max=28.295798ms, rate=60/s
2025-11-02T08:22:00.057751Z  WARN ThreadId(04) hotstuff_runner::smrol::pnfifo: ðŸ“Š [Critical] Vote stats: 152 msgs, avg=6.655091ms, max=22.573469ms, rate=152/s
2025-11-02T08:22:00.571703Z  WARN ThreadId(15) hotstuff_runner::smrol::network: âš ï¸ [Check] Writer 0 -> 1 slow write: 6.926075ms
2025-11-02T08:22:00.718230Z  WARN ThreadId(02) hotstuff_runner::smrol::pnfifo: ðŸ“Š [Critical] Proposal stats: 321 msgs, avg=3.115297ms, max=19.231696ms, rate=321/s
2025-11-02T08:22:01.035955Z  WARN ThreadId(04) hotstuff_runner::smrol::pnfifo: ðŸ“Š [Critical] Final stats: 49 msgs, avg=9.2793ms, max=23.204194ms, rate=49/s
2025-11-02T08:22:01.065674Z  WARN ThreadId(02) hotstuff_runner::smrol::pnfifo: ðŸ“Š [Critical] Vote stats: 171 msgs, avg=5.891546ms, max=22.757263ms, rate=171/s
2025-11-02T08:22:01.720568Z  WARN ThreadId(04) hotstuff_runner::smrol::pnfifo: ðŸ“Š [Critical] Proposal stats: 337 msgs, avg=2.973112ms, max=21.884243ms, rate=337/s
2025-11-02T08:22:02.039212Z  WARN ThreadId(04) hotstuff_runner::smrol::pnfifo: ðŸ“Š [Critical] Final stats: 51 msgs, avg=9.58389ms, max=29.738179ms, rate=51/s
2025-11-02T08:22:02.066217Z  WARN ThreadId(04) hotstuff_runner::smrol::pnfifo: ðŸ“Š [Critical] Vote stats: 157 msgs, avg=6.37132ms, max=25.017403ms, rate=157/s
2025-11-02T08:22:02.356878Z  WARN ThreadId(05) docker_node: Low processing efficiency: 0.0% - system may need tuning
2025-11-02T08:22:02.357061Z  WARN ThreadId(05) docker_node:   Connection reuse ineffective (2.0 msg/conn)
2025-11-02T08:22:02.643106Z  WARN ThreadId(15) hotstuff_runner::smrol::network: âš ï¸ [Check] Writer 0 -> 3 slow write: 5.163716ms
2025-11-02T08:22:02.722576Z  WARN ThreadId(02) hotstuff_runner::smrol::pnfifo: ðŸ“Š [Critical] Proposal stats: 275 msgs, avg=3.642302ms, max=20.957651ms, rate=275/s
2025-11-02T08:22:03.061901Z  WARN ThreadId(04) hotstuff_runner::smrol::pnfifo: ðŸ“Š [Critical] Final stats: 45 msgs, avg=9.556893ms, max=20.987517ms, rate=45/s
2025-11-02T08:22:03.076006Z  WARN ThreadId(04) hotstuff_runner::smrol::pnfifo: ðŸ“Š [Critical] Vote stats: 150 msgs, avg=6.730262ms, max=24.438304ms, rate=150/s
2025-11-02T08:22:03.727062Z  WARN ThreadId(02) hotstuff_runner::smrol::pnfifo: ðŸ“Š [Critical] Proposal stats: 354 msgs, avg=2.835601ms, max=20.251295ms, rate=354/s
2025-11-02T08:22:04.038629Z  WARN ThreadId(14) hotstuff_runner::smrol::network: âš ï¸ [Check] Writer 0 -> 2 slow write: 8.964307ms
2025-11-02T08:22:04.090395Z  WARN ThreadId(04) hotstuff_runner::smrol::pnfifo: ðŸ“Š [Critical] Vote stats: 112 msgs, avg=9.053008ms, max=31.274341ms, rate=112/s
2025-11-02T08:22:04.112743Z  WARN ThreadId(03) hotstuff_runner::smrol::pnfifo: ðŸ“Š [Critical] Final stats: 48 msgs, avg=10.762817ms, max=26.53625ms, rate=48/s
2025-11-02T08:22:04.730312Z  WARN ThreadId(03) hotstuff_runner::smrol::pnfifo: ðŸ“Š [Critical] Proposal stats: 218 msgs, avg=4.599459ms, max=16.152357ms, rate=218/s
2025-11-02T08:22:05.097691Z  WARN ThreadId(05) hotstuff_runner::smrol::pnfifo: ðŸ“Š [Critical] Vote stats: 92 msgs, avg=10.943171ms, max=36.157991ms, rate=92/s
2025-11-02T08:22:05.128830Z  WARN ThreadId(04) hotstuff_runner::smrol::pnfifo: ðŸ“Š [Critical] Final stats: 81 msgs, avg=10.069972ms, max=25.758244ms, rate=81/s
2025-11-02T08:22:05.737267Z  WARN ThreadId(02) hotstuff_runner::smrol::pnfifo: ðŸ“Š [Critical] Proposal stats: 190 msgs, avg=5.297874ms, max=18.863673ms, rate=190/s
2025-11-02T08:22:06.107337Z  WARN ThreadId(02) hotstuff_runner::smrol::pnfifo: ðŸ“Š [Critical] Vote stats: 95 msgs, avg=10.625559ms, max=27.407042ms, rate=95/s
2025-11-02T08:22:06.132867Z  WARN ThreadId(02) hotstuff_runner::smrol::pnfifo: ðŸ“Š [Critical] Final stats: 102 msgs, avg=9.840938ms, max=29.259925ms, rate=102/s
2025-11-02T08:22:06.451767Z  WARN ThreadId(15) hotstuff_runner::smrol::network: âš ï¸ [Check] Writer 0 -> 3 slow write: 5.07919ms
2025-11-02T08:22:06.741135Z  WARN ThreadId(04) hotstuff_runner::smrol::pnfifo: ðŸ“Š [Critical] Proposal stats: 175 msgs, avg=5.730709ms, max=21.68095ms, rate=175/s
2025-11-02T08:22:07.111708Z  WARN ThreadId(05) hotstuff_runner::smrol::pnfifo: ðŸ“Š [Critical] Vote stats: 81 msgs, avg=12.397102ms, max=34.452993ms, rate=81/s
2025-11-02T08:22:07.138965Z  WARN ThreadId(03) hotstuff_runner::smrol::pnfifo: ðŸ“Š [Critical] Final stats: 93 msgs, avg=10.813233ms, max=23.217239ms, rate=93/s
2025-11-02T08:22:07.355505Z  WARN ThreadId(03) docker_node: Low processing efficiency: 0.0% - system may need tuning
2025-11-02T08:22:07.355606Z  WARN ThreadId(03) docker_node:   Connection reuse ineffective (2.0 msg/conn)
2025-11-02T08:22:07.754363Z  WARN ThreadId(04) hotstuff_runner::smrol::pnfifo: ðŸ“Š [Critical] Proposal stats: 179 msgs, avg=5.658822ms, max=22.340794ms, rate=179/s
2025-11-02T08:22:08.135607Z  WARN ThreadId(02) hotstuff_runner::smrol::pnfifo: ðŸ“Š [Critical] Vote stats: 94 msgs, avg=10.889791ms, max=32.651197ms, rate=94/s
2025-11-02T08:22:08.158402Z  WARN ThreadId(05) hotstuff_runner::smrol::pnfifo: ðŸ“Š [Critical] Final stats: 103 msgs, avg=9.89478ms, max=28.984629ms, rate=103/s
2025-11-02T08:22:08.760106Z  WARN ThreadId(05) hotstuff_runner::smrol::pnfifo: ðŸ“Š [Critical] Proposal stats: 168 msgs, avg=5.982906ms, max=18.78159ms, rate=168/s
2025-11-02T08:22:09.146810Z  WARN ThreadId(05) hotstuff_runner::smrol::pnfifo: ðŸ“Š [Critical] Vote stats: 94 msgs, avg=10.752486ms, max=26.515219ms, rate=94/s
2025-11-02T08:22:09.167302Z  WARN ThreadId(03) hotstuff_runner::smrol::pnfifo: ðŸ“Š [Critical] Final stats: 93 msgs, avg=10.846095ms, max=29.098447ms, rate=93/s
2025-11-02T08:22:09.315712Z  WARN ThreadId(14) hotstuff_runner::smrol::network: âš ï¸ [Check] Writer 0 -> 1 slow write: 5.071378ms
2025-11-02T08:22:09.764761Z  WARN ThreadId(05) hotstuff_runner::smrol::pnfifo: ðŸ“Š [Critical] Proposal stats: 164 msgs, avg=6.124305ms, max=24.889653ms, rate=164/s
2025-11-02T08:22:10.152234Z  WARN ThreadId(04) hotstuff_runner::smrol::pnfifo: ðŸ“Š [Critical] Vote stats: 92 msgs, avg=10.926198ms, max=30.735391ms, rate=92/s
2025-11-02T08:22:10.183181Z  WARN ThreadId(05) hotstuff_runner::smrol::pnfifo: ðŸ“Š [Critical] Final stats: 103 msgs, avg=9.860459ms, max=24.891497ms, rate=103/s
2025-11-02T08:22:10.778265Z  WARN ThreadId(05) hotstuff_runner::smrol::pnfifo: ðŸ“Š [Critical] Proposal stats: 182 msgs, avg=5.565693ms, max=22.528927ms, rate=182/s
2025-11-02T08:22:11.157729Z  WARN ThreadId(05) hotstuff_runner::smrol::pnfifo: ðŸ“Š [Critical] Vote stats: 87 msgs, avg=11.552783ms, max=29.952682ms, rate=87/s
2025-11-02T08:22:11.185683Z  WARN ThreadId(05) hotstuff_runner::smrol::pnfifo: ðŸ“Š [Critical] Final stats: 100 msgs, avg=10.022256ms, max=22.238197ms, rate=100/s
2025-11-02T08:22:11.783359Z  WARN ThreadId(03) hotstuff_runner::smrol::pnfifo: ðŸ“Š [Critical] Proposal stats: 221 msgs, avg=4.545448ms, max=19.010425ms, rate=221/s
2025-11-02T08:22:12.169923Z  WARN ThreadId(04) hotstuff_runner::smrol::pnfifo: ðŸ“Š [Critical] Vote stats: 102 msgs, avg=9.917436ms, max=27.190728ms, rate=102/s
2025-11-02T08:22:12.194364Z  WARN ThreadId(02) hotstuff_runner::smrol::pnfifo: ðŸ“Š [Critical] Final stats: 71 msgs, avg=9.606407ms, max=24.288225ms, rate=71/s
2025-11-02T08:22:12.356072Z  WARN ThreadId(04) docker_node: Low processing efficiency: 0.0% - system may need tuning
2025-11-02T08:22:12.356104Z  WARN ThreadId(04) docker_node:   Connection reuse ineffective (2.0 msg/conn)
2025-11-02T08:22:12.493711Z  WARN ThreadId(15) hotstuff_runner::smrol::network: âš ï¸ [Check] Writer 0 -> 1 slow write: 6.05041ms
2025-11-02T08:22:12.784361Z  WARN ThreadId(03) hotstuff_runner::smrol::pnfifo: ðŸ“Š [Critical] Proposal stats: 285 msgs, avg=3.510943ms, max=18.535041ms, rate=285/s
2025-11-02T08:22:13.180491Z  WARN ThreadId(02) hotstuff_runner::smrol::pnfifo: ðŸ“Š [Critical] Vote stats: 112 msgs, avg=9.014233ms, max=30.024998ms, rate=112/s
2025-11-02T08:22:13.196200Z  WARN ThreadId(04) hotstuff_runner::smrol::pnfifo: ðŸ“Š [Critical] Final stats: 47 msgs, avg=10.637021ms, max=24.915186ms, rate=47/s
2025-11-02T08:22:13.784664Z  WARN ThreadId(03) hotstuff_runner::smrol::pnfifo: ðŸ“Š [Critical] Proposal stats: 220 msgs, avg=4.545229ms, max=19.286687ms, rate=220/s
2025-11-02T08:22:14.187450Z  WARN ThreadId(02) hotstuff_runner::smrol::pnfifo: ðŸ“Š [Critical] Vote stats: 89 msgs, avg=11.308937ms, max=30.45337ms, rate=89/s
2025-11-02T08:22:14.202378Z  WARN ThreadId(04) hotstuff_runner::smrol::pnfifo: ðŸ“Š [Critical] Final stats: 102 msgs, avg=9.862163ms, max=29.169261ms, rate=102/s
2025-11-02T08:22:14.664019Z  WARN ThreadId(14) hotstuff_runner::smrol::network: âš ï¸ [Check] Writer 0 -> 2 slow write: 8.692943ms
2025-11-02T08:22:14.790469Z  WARN ThreadId(02) hotstuff_runner::smrol::pnfifo: ðŸ“Š [Critical] Proposal stats: 180 msgs, avg=5.584735ms, max=21.357149ms, rate=180/s
2025-11-02T08:22:14.841710Z  WARN ThreadId(15) hotstuff_runner::smrol::network: âš ï¸ [Check] Writer 0 -> 3 slow write: 8.046467ms
2025-11-02T08:22:15.188211Z  WARN ThreadId(05) hotstuff_runner::smrol::pnfifo: ðŸ“Š [Critical] Vote stats: 74 msgs, avg=13.516777ms, max=44.082914ms, rate=74/s
2025-11-02T08:22:15.203222Z  WARN ThreadId(05) hotstuff_runner::smrol::pnfifo: ðŸ“Š [Critical] Final stats: 96 msgs, avg=10.420422ms, max=28.54035ms, rate=96/s
2025-11-02T08:22:15.794477Z  WARN ThreadId(04) hotstuff_runner::smrol::pnfifo: ðŸ“Š [Critical] Proposal stats: 189 msgs, avg=5.310665ms, max=18.50576ms, rate=189/s
2025-11-02T08:22:15.857297Z  WARN ThreadId(15) hotstuff_runner::smrol::network: âš ï¸ [Check] Writer 0 -> 3 slow write: 6.739774ms
2025-11-02T08:22:16.192764Z  WARN ThreadId(02) hotstuff_runner::smrol::pnfifo: ðŸ“Š [Critical] Vote stats: 91 msgs, avg=11.031878ms, max=38.683327ms, rate=91/s
2025-11-02T08:22:16.208733Z  WARN ThreadId(05) hotstuff_runner::smrol::pnfifo: ðŸ“Š [Critical] Final stats: 101 msgs, avg=9.953161ms, max=25.269623ms, rate=101/s
2025-11-02T08:22:16.796184Z  WARN ThreadId(05) hotstuff_runner::smrol::pnfifo: ðŸ“Š [Critical] Proposal stats: 246 msgs, avg=4.07059ms, max=22.609709ms, rate=246/s
2025-11-02T08:22:17.199335Z  WARN ThreadId(02) hotstuff_runner::smrol::pnfifo: ðŸ“Š [Critical] Vote stats: 106 msgs, avg=9.493772ms, max=27.660223ms, rate=106/s
2025-11-02T08:22:17.262612Z  WARN ThreadId(02) hotstuff_runner::smrol::pnfifo: ðŸ“Š [Critical] Final stats: 30 msgs, avg=11.139851ms, max=21.29464ms, rate=30/s
2025-11-02T08:22:17.356315Z  WARN ThreadId(03) docker_node: Low processing efficiency: 0.0% - system may need tuning
2025-11-02T08:22:17.356444Z  WARN ThreadId(03) docker_node:   Connection reuse ineffective (2.0 msg/conn)
2025-11-02T08:22:17.796698Z  WARN ThreadId(03) hotstuff_runner::smrol::pnfifo: ðŸ“Š [Critical] Proposal stats: 396 msgs, avg=2.525399ms, max=14.865723ms, rate=396/s
2025-11-02T08:22:18.202646Z  WARN ThreadId(04) hotstuff_runner::smrol::pnfifo: ðŸ“Š [Critical] Vote stats: 4057 msgs, avg=242.974Âµs, max=22.748202ms, rate=4057/s
2025-11-02T08:22:18.341239Z  WARN ThreadId(04) hotstuff_runner::smrol::pnfifo: ðŸ“Š [Critical] Final stats: 20 msgs, avg=9.117708ms, max=18.034958ms, rate=20/s
2025-11-02T08:22:18.799439Z  WARN ThreadId(03) hotstuff_runner::smrol::pnfifo: ðŸ“Š [Critical] Proposal stats: 313 msgs, avg=3.201751ms, max=100.237043ms, rate=313/s
2025-11-02T08:22:19.088796Z  WARN ThreadId(14) hotstuff_runner::smrol::network: âš ï¸ [Check] Writer 0 -> 3 slow write: 5.809713ms
2025-11-02T08:22:19.203204Z  WARN ThreadId(04) hotstuff_runner::smrol::pnfifo: ðŸ“Š [Critical] Vote stats: 206 msgs, avg=4.85593ms, max=76.373943ms, rate=206/s
2025-11-02T08:22:19.346067Z  WARN ThreadId(05) hotstuff_runner::smrol::pnfifo: ðŸ“Š [Critical] Final stats: 31 msgs, avg=10.19809ms, max=22.329227ms, rate=31/s
2025-11-02T08:22:19.801723Z  WARN ThreadId(05) hotstuff_runner::smrol::pnfifo: ðŸ“Š [Critical] Proposal stats: 329 msgs, avg=3.045261ms, max=18.359807ms, rate=329/s
2025-11-02T08:22:20.065811Z  WARN ThreadId(14) hotstuff_runner::smrol::network: âš ï¸ [Check] Writer 0 -> 2 slow write: 9.205087ms
2025-11-02T08:22:20.208192Z  WARN ThreadId(02) hotstuff_runner::smrol::pnfifo: ðŸ“Š [Critical] Vote stats: 274 msgs, avg=3.666795ms, max=24.634367ms, rate=274/s
2025-11-02T08:22:20.473165Z  WARN ThreadId(14) hotstuff_runner::smrol::network: âš ï¸ [Check] Writer 0 -> 2 slow write: 10.409663ms
2025-11-02T08:22:20.597420Z  WARN ThreadId(04) hotstuff_runner::smrol::pnfifo: ðŸ“Š [Critical] Final stats: 10 msgs, avg=12.503624ms, max=25.549476ms, rate=10/s
2025-11-02T08:22:20.802386Z  WARN ThreadId(05) hotstuff_runner::smrol::pnfifo: ðŸ“Š [Critical] Proposal stats: 421 msgs, avg=2.375608ms, max=20.500302ms, rate=421/s
2025-11-02T08:22:21.212356Z  WARN ThreadId(04) hotstuff_runner::smrol::pnfifo: ðŸ“Š [Critical] Vote stats: 250 msgs, avg=4.011646ms, max=23.015749ms, rate=250/s
2025-11-02T08:22:21.802668Z  WARN ThreadId(03) hotstuff_runner::smrol::pnfifo: ðŸ“Š [Critical] Proposal stats: 271 msgs, avg=3.689428ms, max=16.699386ms, rate=271/s
2025-11-02T08:22:21.807117Z  WARN ThreadId(05) hotstuff_runner::smrol::pnfifo: ðŸ“Š [Critical] Final stats: 59 msgs, avg=9.182469ms, max=20.835359ms, rate=59/s
2025-11-02T08:22:22.215546Z  WARN ThreadId(02) hotstuff_runner::smrol::pnfifo: ðŸ“Š [Critical] Vote stats: 220 msgs, avg=4.558589ms, max=28.546006ms, rate=220/s
2025-11-02T08:22:22.355803Z  WARN ThreadId(05) docker_node: Low processing efficiency: 0.0% - system may need tuning
2025-11-02T08:22:22.355841Z  WARN ThreadId(05) docker_node:   Connection reuse ineffective (2.0 msg/conn)
2025-11-02T08:22:22.803915Z  WARN ThreadId(03) hotstuff_runner::smrol::pnfifo: ðŸ“Š [Critical] Proposal stats: 303 msgs, avg=3.303231ms, max=21.564927ms, rate=303/s
2025-11-02T08:22:22.873588Z  WARN ThreadId(05) hotstuff_runner::smrol::pnfifo: ðŸ“Š [Critical] Final stats: 46 msgs, avg=10.092004ms, max=25.433695ms, rate=46/s
2025-11-02T08:22:23.000077Z  WARN ThreadId(14) hotstuff_runner::smrol::network: âš ï¸ [Check] Writer 0 -> 1 slow write: 7.742836ms
2025-11-02T08:22:23.225397Z  WARN ThreadId(05) hotstuff_runner::smrol::pnfifo: ðŸ“Š [Critical] Vote stats: 235 msgs, avg=4.296006ms, max=25.714932ms, rate=235/s
2025-11-02T08:22:23.808063Z  WARN ThreadId(05) hotstuff_runner::smrol::pnfifo: ðŸ“Š [Critical] Proposal stats: 322 msgs, avg=3.11724ms, max=12.166635ms, rate=322/s
2025-11-02T08:22:23.947811Z  WARN ThreadId(04) hotstuff_runner::smrol::pnfifo: ðŸ“Š [Critical] Final stats: 37 msgs, avg=9.395218ms, max=20.119481ms, rate=37/s
2025-11-02T08:22:24.170673Z  WARN ThreadId(14) hotstuff_runner::smrol::network: âš ï¸ [Check] Writer 0 -> 2 slow write: 7.437087ms
2025-11-02T08:22:24.228310Z  WARN ThreadId(05) hotstuff_runner::smrol::pnfifo: ðŸ“Š [Critical] Vote stats: 251 msgs, avg=3.994443ms, max=24.663991ms, rate=251/s
2025-11-02T08:22:24.811443Z  WARN ThreadId(02) hotstuff_runner::smrol::pnfifo: ðŸ“Š [Critical] Proposal stats: 377 msgs, avg=2.660402ms, max=15.456ms, rate=377/s
2025-11-02T08:22:24.971489Z  WARN ThreadId(05) hotstuff_runner::smrol::pnfifo: ðŸ“Š [Critical] Final stats: 32 msgs, avg=9.151559ms, max=21.856116ms, rate=32/s
2025-11-02T08:22:25.235440Z  WARN ThreadId(05) hotstuff_runner::smrol::pnfifo: ðŸ“Š [Critical] Vote stats: 307 msgs, avg=3.279323ms, max=33.500386ms, rate=307/s
2025-11-02T08:22:25.812724Z  WARN ThreadId(02) hotstuff_runner::smrol::pnfifo: ðŸ“Š [Critical] Proposal stats: 362 msgs, avg=2.764635ms, max=16.91941ms, rate=362/s
2025-11-02T08:22:25.977968Z  WARN ThreadId(05) hotstuff_runner::smrol::pnfifo: ðŸ“Š [Critical] Final stats: 47 msgs, avg=8.937682ms, max=20.195747ms, rate=47/s
2025-11-02T08:22:26.239706Z  WARN ThreadId(03) hotstuff_runner::smrol::pnfifo: ðŸ“Š [Critical] Vote stats: 126 msgs, avg=7.96837ms, max=38.261513ms, rate=126/s
2025-11-02T08:22:26.813483Z  WARN ThreadId(03) hotstuff_runner::smrol::pnfifo: ðŸ“Š [Critical] Proposal stats: 204 msgs, avg=4.903745ms, max=17.042601ms, rate=204/s
2025-11-02T08:22:27.033568Z  WARN ThreadId(04) hotstuff_runner::smrol::pnfifo: ðŸ“Š [Critical] Final stats: 62 msgs, avg=9.892852ms, max=29.505151ms, rate=62/s
2025-11-02T08:22:27.246707Z  WARN ThreadId(05) hotstuff_runner::smrol::pnfifo: ðŸ“Š [Critical] Vote stats: 154 msgs, avg=6.537086ms, max=26.170451ms, rate=154/s
2025-11-02T08:22:27.313018Z  WARN ThreadId(15) hotstuff_runner::smrol::network: âš ï¸ [Check] Writer 0 -> 1 slow write: 6.46987ms
2025-11-02T08:22:27.355560Z  WARN ThreadId(03) docker_node: Low processing efficiency: 0.0% - system may need tuning
2025-11-02T08:22:27.355599Z  WARN ThreadId(03) docker_node:   Connection reuse ineffective (2.0 msg/conn)
2025-11-02T08:22:27.813742Z  WARN ThreadId(03) hotstuff_runner::smrol::pnfifo: ðŸ“Š [Critical] Proposal stats: 281 msgs, avg=3.558339ms, max=21.474633ms, rate=281/s
2025-11-02T08:22:28.034371Z  WARN ThreadId(03) hotstuff_runner::smrol::pnfifo: ðŸ“Š [Critical] Final stats: 42 msgs, avg=11.077783ms, max=25.126431ms, rate=42/s
2025-11-02T08:22:28.255725Z  WARN ThreadId(02) hotstuff_runner::smrol::pnfifo: ðŸ“Š [Critical] Vote stats: 151 msgs, avg=6.680602ms, max=30.602016ms, rate=151/s
2025-11-02T08:22:28.818700Z  WARN ThreadId(05) hotstuff_runner::smrol::pnfifo: ðŸ“Š [Critical] Proposal stats: 253 msgs, avg=3.970762ms, max=18.951055ms, rate=253/s
2025-11-02T08:22:29.042605Z  WARN ThreadId(05) hotstuff_runner::smrol::pnfifo: ðŸ“Š [Critical] Final stats: 80 msgs, avg=9.860978ms, max=27.508124ms, rate=80/s
2025-11-02T08:22:29.259201Z  WARN ThreadId(04) hotstuff_runner::smrol::pnfifo: ðŸ“Š [Critical] Vote stats: 137 msgs, avg=7.322867ms, max=25.21184ms, rate=137/s
2025-11-02T08:22:29.823068Z  WARN ThreadId(02) hotstuff_runner::smrol::pnfifo: ðŸ“Š [Critical] Proposal stats: 309 msgs, avg=3.249157ms, max=21.084562ms, rate=309/s
2025-11-02T08:22:30.045172Z  WARN ThreadId(02) hotstuff_runner::smrol::pnfifo: ðŸ“Š [Critical] Final stats: 44 msgs, avg=9.431086ms, max=27.846433ms, rate=44/s
2025-11-02T08:22:30.264851Z  WARN ThreadId(02) hotstuff_runner::smrol::pnfifo: ðŸ“Š [Critical] Vote stats: 163 msgs, avg=6.16813ms, max=22.371442ms, rate=163/s
2025-11-02T08:22:30.825692Z  WARN ThreadId(05) hotstuff_runner::smrol::pnfifo: ðŸ“Š [Critical] Proposal stats: 242 msgs, avg=4.141784ms, max=18.686514ms, rate=242/s
2025-11-02T08:22:31.045730Z  WARN ThreadId(02) hotstuff_runner::smrol::pnfifo: ðŸ“Š [Critical] Final stats: 83 msgs, avg=10.084382ms, max=25.37402ms, rate=83/s
2025-11-02T08:22:31.278910Z  WARN ThreadId(03) hotstuff_runner::smrol::pnfifo: ðŸ“Š [Critical] Vote stats: 157 msgs, avg=6.457376ms, max=26.216946ms, rate=157/s
2025-11-02T08:22:31.281719Z  WARN ThreadId(15) hotstuff_runner::smrol::network: âš ï¸ [Check] Writer 0 -> 1 slow write: 6.47321ms
2025-11-02T08:22:31.826161Z  WARN ThreadId(02) hotstuff_runner::smrol::pnfifo: ðŸ“Š [Critical] Proposal stats: 349 msgs, avg=2.864867ms, max=18.813336ms, rate=349/s
2025-11-02T08:22:32.067239Z  WARN ThreadId(02) hotstuff_runner::smrol::pnfifo: ðŸ“Š [Critical] Final stats: 22 msgs, avg=10.912538ms, max=21.997432ms, rate=22/s
2025-11-02T08:22:32.287318Z  WARN ThreadId(04) hotstuff_runner::smrol::pnfifo: ðŸ“Š [Critical] Vote stats: 117 msgs, avg=8.616915ms, max=28.268606ms, rate=117/s
2025-11-02T08:22:32.355893Z  WARN ThreadId(02) docker_node: Low processing efficiency: 0.0% - system may need tuning
2025-11-02T08:22:32.355925Z  WARN ThreadId(02) docker_node:   Connection reuse ineffective (2.0 msg/conn)
2025-11-02T08:22:32.827367Z  WARN ThreadId(02) hotstuff_runner::smrol::pnfifo: ðŸ“Š [Critical] Proposal stats: 343 msgs, avg=2.917793ms, max=17.005374ms, rate=343/s
2025-11-02T08:22:33.070628Z  WARN ThreadId(03) hotstuff_runner::smrol::pnfifo: ðŸ“Š [Critical] Final stats: 41 msgs, avg=9.621309ms, max=21.644491ms, rate=41/s
2025-11-02T08:22:33.296793Z  WARN ThreadId(02) hotstuff_runner::smrol::pnfifo: ðŸ“Š [Critical] Vote stats: 183 msgs, avg=5.514874ms, max=28.653561ms, rate=183/s
2025-11-02T08:22:33.829881Z  WARN ThreadId(05) hotstuff_runner::smrol::pnfifo: ðŸ“Š [Critical] Proposal stats: 220 msgs, avg=4.555485ms, max=19.755193ms, rate=220/s
2025-11-02T08:22:34.085991Z  WARN ThreadId(05) hotstuff_runner::smrol::pnfifo: ðŸ“Š [Critical] Final stats: 86 msgs, avg=9.204442ms, max=25.514677ms, rate=86/s
2025-11-02T08:22:34.301085Z  WARN ThreadId(02) hotstuff_runner::smrol::pnfifo: ðŸ“Š [Critical] Vote stats: 181 msgs, avg=5.54721ms, max=25.787307ms, rate=181/s
2025-11-02T08:22:34.588918Z  WARN ThreadId(15) hotstuff_runner::smrol::network: âš ï¸ [Check] Writer 0 -> 3 slow write: 7.255706ms
2025-11-02T08:22:34.813683Z  WARN ThreadId(15) hotstuff_runner::smrol::network: âš ï¸ [Check] Writer 0 -> 1 slow write: 5.618136ms
2025-11-02T08:22:34.834748Z  WARN ThreadId(04) hotstuff_runner::smrol::pnfifo: ðŸ“Š [Critical] Proposal stats: 267 msgs, avg=3.761982ms, max=18.06265ms, rate=267/s
2025-11-02T08:22:35.087256Z  WARN ThreadId(03) hotstuff_runner::smrol::pnfifo: ðŸ“Š [Critical] Final stats: 74 msgs, avg=8.694223ms, max=25.096142ms, rate=74/s
2025-11-02T08:22:35.301682Z  WARN ThreadId(02) hotstuff_runner::smrol::pnfifo: ðŸ“Š [Critical] Vote stats: 156 msgs, avg=6.410854ms, max=40.965731ms, rate=156/s
2025-11-02T08:22:35.835972Z  WARN ThreadId(03) hotstuff_runner::smrol::pnfifo: ðŸ“Š [Critical] Proposal stats: 288 msgs, avg=3.475251ms, max=19.744261ms, rate=288/s
2025-11-02T08:22:36.092037Z  WARN ThreadId(05) hotstuff_runner::smrol::pnfifo: ðŸ“Š [Critical] Final stats: 85 msgs, avg=8.88407ms, max=25.29726ms, rate=85/s
2025-11-02T08:22:36.096957Z  WARN ThreadId(15) hotstuff_runner::smrol::network: âš ï¸ [Check] Writer 0 -> 2 slow write: 7.286014ms
2025-11-02T08:22:36.319143Z  WARN ThreadId(04) hotstuff_runner::smrol::pnfifo: ðŸ“Š [Critical] Vote stats: 117 msgs, avg=8.694453ms, max=33.287884ms, rate=117/s
2025-11-02T08:22:36.846400Z  WARN ThreadId(02) hotstuff_runner::smrol::pnfifo: ðŸ“Š [Critical] Proposal stats: 190 msgs, avg=5.316489ms, max=21.751929ms, rate=190/s
2025-11-02T08:22:37.092536Z  WARN ThreadId(03) hotstuff_runner::smrol::pnfifo: ðŸ“Š [Critical] Final stats: 95 msgs, avg=10.529117ms, max=26.502045ms, rate=95/s
2025-11-02T08:22:37.321673Z  WARN ThreadId(04) hotstuff_runner::smrol::pnfifo: ðŸ“Š [Critical] Vote stats: 136 msgs, avg=7.3687ms, max=30.454412ms, rate=136/s
2025-11-02T08:22:37.355391Z  WARN ThreadId(04) docker_node: Low processing efficiency: 0.0% - system may need tuning
2025-11-02T08:22:37.355444Z  WARN ThreadId(04) docker_node:   Connection reuse ineffective (2.0 msg/conn)
