2025-11-12T04:35:13.582794Z  WARN ThreadId(01) docker_node: metrics exporter disabled by SMROL_DISABLE_METRICS
2025-11-12T04:35:33.786091Z  WARN ThreadId(01) hotstuff_runner::tcp_node: Node 1 view timeout set to 4000 ms
2025-11-12T04:35:33.788804Z ERROR ThreadId(23) hotstuff_runner::pompe_network: Node 1 failed to connect to node 0: Connection refused (os error 111)
2025-11-12T04:35:33.789185Z ERROR ThreadId(23) hotstuff_runner::pompe_network: Node 1 failed to connect to node 2: Connection refused (os error 111)
2025-11-12T04:35:33.789557Z ERROR ThreadId(22) hotstuff_runner::pompe_network: Node 1 failed to connect to node 3: Connection refused (os error 111)
2025-11-12T04:35:33.789929Z ERROR ThreadId(22) hotstuff_runner::pompe_network: Node 1 failed to connect to node 4: Connection refused (os error 111)
2025-11-12T04:35:33.790306Z ERROR ThreadId(22) hotstuff_runner::pompe_network: Node 1 failed to connect to node 5: Connection refused (os error 111)
2025-11-12T04:35:33.797898Z  WARN ThreadId(01) hotstuff_runner::smrol::sequencing: SMROL_MEDIAN_INFLIGHT=24, SMROL_ORDER_FINALIZE_INFLIGHT=4, SMROL_FINAL_SIGN_INFLIGHT=4, SMROL_FINAL_VERIFY_INFLIGHT=24
2025-11-12T04:35:33.797950Z  WARN ThreadId(01) hotstuff_runner::smrol::sequencing: [Sequencing] Node 1 multi-signature verification disabled: false
2025-11-12T04:35:33.798054Z  WARN ThreadId(07) hotstuff_runner::smrol::sequencing: [Sequencing] Node 1 final verify dispatcher started
2025-11-12T04:35:38.798833Z  WARN ThreadId(07) docker_node:   Connection reuse ineffective (2.0 msg/conn)
2025-11-12T04:35:38.801258Z  WARN ThreadId(01) docker_node: Node 0 port 20000 temporarily unreachable: failed to lookup address information: Temporary failure in name resolution
2025-11-12T04:35:38.803112Z  WARN ThreadId(01) docker_node: Node 1 port 20001 temporarily unreachable: failed to lookup address information: Temporary failure in name resolution
2025-11-12T04:35:38.804929Z  WARN ThreadId(01) docker_node: Node 2 port 20002 temporarily unreachable: failed to lookup address information: Temporary failure in name resolution
2025-11-12T04:35:38.806924Z  WARN ThreadId(01) docker_node: Node 3 port 20003 temporarily unreachable: failed to lookup address information: Temporary failure in name resolution
2025-11-12T04:35:38.808628Z  WARN ThreadId(01) docker_node: Node 4 port 20004 temporarily unreachable: failed to lookup address information: Temporary failure in name resolution
2025-11-12T04:35:38.810317Z  WARN ThreadId(01) docker_node: Node 5 port 20005 temporarily unreachable: failed to lookup address information: Temporary failure in name resolution
2025-11-12T04:35:38.812148Z  WARN ThreadId(01) docker_node: Node 6 port 20006 temporarily unreachable: failed to lookup address information: Temporary failure in name resolution
2025-11-12T04:35:38.814002Z  WARN ThreadId(01) docker_node: Node 7 port 20007 temporarily unreachable: failed to lookup address information: Temporary failure in name resolution
2025-11-12T04:35:38.815765Z  WARN ThreadId(01) docker_node: Node 8 port 20008 temporarily unreachable: failed to lookup address information: Temporary failure in name resolution
2025-11-12T04:35:38.817594Z  WARN ThreadId(01) docker_node: Node 9 port 20009 temporarily unreachable: failed to lookup address information: Temporary failure in name resolution
2025-11-12T04:35:38.819247Z  WARN ThreadId(01) docker_node: Node 10 port 20010 temporarily unreachable: failed to lookup address information: Temporary failure in name resolution
2025-11-12T04:35:38.821408Z  WARN ThreadId(01) docker_node: Node 11 port 20011 temporarily unreachable: failed to lookup address information: Temporary failure in name resolution
2025-11-12T04:35:38.823079Z  WARN ThreadId(01) docker_node: Node 12 port 20012 temporarily unreachable: failed to lookup address information: Temporary failure in name resolution
2025-11-12T04:35:38.824838Z  WARN ThreadId(01) docker_node: Node 13 port 20013 temporarily unreachable: failed to lookup address information: Temporary failure in name resolution
2025-11-12T04:35:38.826586Z  WARN ThreadId(01) docker_node: Node 14 port 20014 temporarily unreachable: failed to lookup address information: Temporary failure in name resolution
2025-11-12T04:35:38.828404Z  WARN ThreadId(01) docker_node: Node 15 port 20015 temporarily unreachable: failed to lookup address information: Temporary failure in name resolution
2025-11-12T04:35:38.830121Z  WARN ThreadId(01) docker_node: Node 16 port 20016 temporarily unreachable: failed to lookup address information: Temporary failure in name resolution
2025-11-12T04:35:38.831894Z  WARN ThreadId(01) docker_node: Node 17 port 20017 temporarily unreachable: failed to lookup address information: Temporary failure in name resolution
2025-11-12T04:35:38.833570Z  WARN ThreadId(01) docker_node: Node 18 port 20018 temporarily unreachable: failed to lookup address information: Temporary failure in name resolution
2025-11-12T04:35:38.835403Z  WARN ThreadId(01) docker_node: Node 19 port 20019 temporarily unreachable: failed to lookup address information: Temporary failure in name resolution
2025-11-12T04:35:38.837341Z  WARN ThreadId(01) docker_node: Node 20 port 20020 temporarily unreachable: failed to lookup address information: Temporary failure in name resolution
2025-11-12T04:35:38.839041Z  WARN ThreadId(01) docker_node: Node 21 port 20021 temporarily unreachable: failed to lookup address information: Temporary failure in name resolution
2025-11-12T04:35:38.840882Z  WARN ThreadId(01) docker_node: Node 22 port 20022 temporarily unreachable: failed to lookup address information: Temporary failure in name resolution
2025-11-12T04:35:38.842606Z  WARN ThreadId(01) docker_node: Node 23 port 20023 temporarily unreachable: failed to lookup address information: Temporary failure in name resolution
2025-11-12T04:35:38.844261Z  WARN ThreadId(01) docker_node: Node 24 port 20024 temporarily unreachable: failed to lookup address information: Temporary failure in name resolution
2025-11-12T04:35:38.846188Z  WARN ThreadId(01) docker_node: Node 25 port 20025 temporarily unreachable: failed to lookup address information: Temporary failure in name resolution
2025-11-12T04:35:38.847882Z  WARN ThreadId(01) docker_node: Node 26 port 20026 temporarily unreachable: failed to lookup address information: Temporary failure in name resolution
2025-11-12T04:35:38.849528Z  WARN ThreadId(01) docker_node: Node 27 port 20027 temporarily unreachable: failed to lookup address information: Temporary failure in name resolution
2025-11-12T04:35:38.851161Z  WARN ThreadId(01) docker_node: Node 28 port 20028 temporarily unreachable: failed to lookup address information: Temporary failure in name resolution
2025-11-12T04:35:38.852778Z  WARN ThreadId(01) docker_node: Node 29 port 20029 temporarily unreachable: failed to lookup address information: Temporary failure in name resolution
2025-11-12T04:35:38.854456Z  WARN ThreadId(01) docker_node: Node 30 port 20030 temporarily unreachable: failed to lookup address information: Temporary failure in name resolution
2025-11-12T04:35:38.856056Z  WARN ThreadId(01) docker_node: Node 31 port 20031 temporarily unreachable: failed to lookup address information: Temporary failure in name resolution
2025-11-12T04:35:43.798991Z  WARN ThreadId(07) docker_node:   Connection reuse ineffective (2.0 msg/conn)
2025-11-12T04:35:46.883019Z  WARN ThreadId(21) hotstuff_runner::tcp_node: Node 1 view 5 timed out; latency may accumulate
2025-11-12T04:35:48.798513Z  WARN ThreadId(07) docker_node:   Connection reuse ineffective (2.0 msg/conn)
2025-11-12T04:35:49.114561Z  WARN ThreadId(20) hotstuff_runner::app: Node 1 [produce_block] queue size: 0, attempting up to 0 transactions this block    
2025-11-12T04:35:53.798323Z  WARN ThreadId(07) docker_node:   Connection reuse ineffective (2.0 msg/conn)
2025-11-12T04:35:54.404126Z  WARN ThreadId(21) hotstuff_runner::tcp_node: Node 1 view 25 timed out; latency may accumulate
2025-11-12T04:35:58.798370Z  WARN ThreadId(07) docker_node:   Connection reuse ineffective (2.0 msg/conn)
2025-11-12T04:35:58.896393Z  WARN ThreadId(20) hotstuff_runner::app: Node 1 [produce_block] queue size: 0, attempting up to 0 transactions this block    
2025-11-12T04:36:03.123737Z ERROR ThreadId(22) hotstuff_runner::pompe_network: Pompe message too large: 1200212 bytes
2025-11-12T04:36:03.798728Z  WARN ThreadId(07) docker_node:   Connection reuse ineffective (3.6 msg/conn)
2025-11-12T04:36:03.833004Z  WARN ThreadId(21) hotstuff_runner::tcp_node: Detected transaction backlog: submit rate (1.3) > confirm rate (0.0)
2025-11-12T04:36:04.150995Z ERROR ThreadId(23) hotstuff_runner::pompe_network: Pompe message too large: 1200212 bytes
2025-11-12T04:36:04.357277Z  WARN ThreadId(06) hotstuff_runner::pompe: ⚡ [Timed Output] Node 1 flushed 77201 transactions
2025-11-12T04:36:05.036238Z ERROR ThreadId(23) hotstuff_runner::pompe_network: Pompe message too large: 1200214 bytes
2025-11-12T04:36:05.335885Z  WARN ThreadId(02) hotstuff_runner::pompe: ⚡ [Timed Output] Node 1 flushed 35090 transactions
2025-11-12T04:36:05.826388Z  WARN ThreadId(07) hotstuff_runner::pompe: ⚡ [Timed Output] Node 1 flushed 31582 transactions
2025-11-12T04:36:08.798588Z  WARN ThreadId(02) docker_node:   Connection reuse ineffective (7.0 msg/conn)
2025-11-12T04:36:08.854718Z ERROR ThreadId(23) hotstuff_runner::pompe_network: Pompe message too large: 1200214 bytes
2025-11-12T04:36:08.856793Z  WARN ThreadId(02) docker_node: Node 1 Regular transaction queue backlog: 157910 transactions
2025-11-12T04:36:10.504344Z  WARN ThreadId(20) hotstuff_runner::app: Node 1 [produce_block] queue size: 168438, attempting up to 168438 transactions this block    
2025-11-12T04:36:12.302793Z ERROR ThreadId(23) hotstuff_runner::pompe_network: Pompe message too large: 1200214 bytes
2025-11-12T04:36:13.798509Z  WARN ThreadId(02) docker_node:   Connection reuse ineffective (7.5 msg/conn)
2025-11-12T04:36:13.856715Z  WARN ThreadId(06) docker_node: Node 1 Regular transaction queue backlog: 49127 transactions
2025-11-12T04:36:14.448404Z ERROR ThreadId(22) hotstuff_runner::pompe_network: Pompe message too large: 1200214 bytes
2025-11-12T04:36:14.984869Z  WARN ThreadId(07) hotstuff_runner::pompe: ⚡ [Timed Output] Node 1 flushed 56148 transactions
2025-11-12T04:36:15.474068Z  WARN ThreadId(07) hotstuff_runner::pompe: ⚡ [Timed Output] Node 1 flushed 17545 transactions
2025-11-12T04:36:16.439623Z ERROR ThreadId(22) hotstuff_runner::pompe_network: Pompe message too large: 1200212 bytes
2025-11-12T04:36:16.440649Z  WARN ThreadId(22) hotstuff_runner::pompe_network: [Pompe] 1 -> 3 writer task send failed: Failed to write message: Connection reset by peer (os error 104)
2025-11-12T04:36:16.440708Z  WARN ThreadId(22) hotstuff_runner::pompe_network: [Pompe] 1 -> 0 writer task send failed: Failed to write message: Connection reset by peer (os error 104)
2025-11-12T04:36:16.440735Z  WARN ThreadId(22) hotstuff_runner::pompe_network: [Pompe] 1 -> 2 writer task send failed: Failed to write message: Connection reset by peer (os error 104)
2025-11-12T04:36:16.440757Z  WARN ThreadId(22) hotstuff_runner::pompe_network: [Pompe] 1 -> 4 writer task send failed: Failed to write message: Connection reset by peer (os error 104)
2025-11-12T04:36:16.440778Z  WARN ThreadId(22) hotstuff_runner::pompe_network: [Pompe] 1 -> 5 writer task send failed: Failed to write message: Connection reset by peer (os error 104)
2025-11-12T04:36:16.454680Z  WARN ThreadId(22) hotstuff_runner::pompe_network: [Pompe] 1 -> 23 writer task send failed: Failed to write message: Connection reset by peer (os error 104)
2025-11-12T04:36:16.455227Z  WARN ThreadId(22) hotstuff_runner::pompe_network: [Pompe] 1 -> 24 writer task send failed: Failed to write message: Connection reset by peer (os error 104)
2025-11-12T04:36:16.489279Z  WARN ThreadId(02) hotstuff_runner::pompe: ⚡ [Timed Output] Node 1 flushed 42110 transactions
2025-11-12T04:36:16.493449Z  WARN ThreadId(22) hotstuff_runner::pompe_network: [Pompe] 1 -> 7 writer task send failed: Failed to write message: Connection reset by peer (os error 104)
2025-11-12T04:36:16.495533Z  WARN ThreadId(22) hotstuff_runner::pompe_network: [Pompe] 1 -> 6 writer task send failed: Failed to write message: Connection reset by peer (os error 104)
2025-11-12T04:36:16.495626Z  WARN ThreadId(22) hotstuff_runner::pompe_network: [Pompe] 1 -> 11 writer task send failed: Failed to write message: Connection reset by peer (os error 104)
2025-11-12T04:36:16.496995Z  WARN ThreadId(22) hotstuff_runner::pompe_network: [Pompe] 1 -> 9 writer task send failed: Failed to write message: Connection reset by peer (os error 104)
2025-11-12T04:36:16.497009Z  WARN ThreadId(23) hotstuff_runner::pompe_network: [Pompe] 1 -> 8 writer task send failed: Failed to write message: Connection reset by peer (os error 104)
2025-11-12T04:36:16.497023Z  WARN ThreadId(22) hotstuff_runner::pompe_network: [Pompe] 1 -> 10 writer task send failed: Failed to write message: Broken pipe (os error 32)
2025-11-12T04:36:16.508102Z  WARN ThreadId(23) hotstuff_runner::pompe_network: [Pompe] 1 -> 27 writer task send failed: Failed to write message: Connection reset by peer (os error 104)
2025-11-12T04:36:16.516401Z  WARN ThreadId(23) hotstuff_runner::pompe_network: [Pompe] 1 -> 28 writer task send failed: Failed to write message: Connection reset by peer (os error 104)
2025-11-12T04:36:16.517595Z  WARN ThreadId(23) hotstuff_runner::pompe_network: [Pompe] 1 -> 29 writer task send failed: Failed to write message: Connection reset by peer (os error 104)
2025-11-12T04:36:16.530159Z  WARN ThreadId(23) hotstuff_runner::pompe_network: [Pompe] 1 -> 26 writer task send failed: Failed to write message: Connection reset by peer (os error 104)
2025-11-12T04:36:16.532628Z  WARN ThreadId(23) hotstuff_runner::pompe_network: [Pompe] 1 -> 25 writer task send failed: Failed to write message: Connection reset by peer (os error 104)
2025-11-12T04:36:16.550317Z  WARN ThreadId(23) hotstuff_runner::pompe_network: [Pompe] 1 -> 31 writer task send failed: Failed to write message: Connection reset by peer (os error 104)
2025-11-12T04:36:16.553124Z  WARN ThreadId(23) hotstuff_runner::pompe_network: [Pompe] 1 -> 30 writer task send failed: Failed to write message: Connection reset by peer (os error 104)
2025-11-12T04:36:16.586588Z  WARN ThreadId(23) hotstuff_runner::pompe_network: [Pompe] 1 -> 21 writer task send failed: Failed to write message: Connection reset by peer (os error 104)
2025-11-12T04:36:16.587779Z  WARN ThreadId(23) hotstuff_runner::pompe_network: [Pompe] 1 -> 22 writer task send failed: Failed to write message: Connection reset by peer (os error 104)
2025-11-12T04:36:16.614392Z  WARN ThreadId(22) hotstuff_runner::pompe_network: [Pompe] 1 -> 14 writer task send failed: Failed to write message: Connection reset by peer (os error 104)
2025-11-12T04:36:16.615445Z  WARN ThreadId(22) hotstuff_runner::pompe_network: [Pompe] 1 -> 12 writer task send failed: Failed to write message: Connection reset by peer (os error 104)
2025-11-12T04:36:16.615879Z  WARN ThreadId(22) hotstuff_runner::pompe_network: [Pompe] 1 -> 13 writer task send failed: Failed to write message: Connection reset by peer (os error 104)
2025-11-12T04:36:16.629742Z  WARN ThreadId(22) hotstuff_runner::pompe_network: [Pompe] 1 -> 19 writer task send failed: Failed to write message: Connection reset by peer (os error 104)
2025-11-12T04:36:16.634275Z  WARN ThreadId(22) hotstuff_runner::pompe_network: [Pompe] 1 -> 18 writer task send failed: Failed to write message: Connection reset by peer (os error 104)
2025-11-12T04:36:16.635497Z  WARN ThreadId(22) hotstuff_runner::pompe_network: [Pompe] 1 -> 20 writer task send failed: Failed to write message: Connection reset by peer (os error 104)
2025-11-12T04:36:16.649796Z  WARN ThreadId(22) hotstuff_runner::pompe_network: [Pompe] 1 -> 17 writer task send failed: Failed to write message: Connection reset by peer (os error 104)
2025-11-12T04:36:16.651538Z  WARN ThreadId(22) hotstuff_runner::pompe_network: [Pompe] 1 -> 15 writer task send failed: Failed to write message: Connection reset by peer (os error 104)
2025-11-12T04:36:16.658745Z  WARN ThreadId(22) hotstuff_runner::pompe_network: [Pompe] 1 -> 16 writer task send failed: Failed to write message: Connection reset by peer (os error 104)
2025-11-12T04:36:16.979455Z  WARN ThreadId(06) hotstuff_runner::pompe: ⚡ [Timed Output] Node 1 flushed 10528 transactions
2025-11-12T04:36:16.995982Z ERROR ThreadId(23) hotstuff_runner::pompe_network: Pompe message too large: 1200212 bytes
2025-11-12T04:36:17.488144Z  WARN ThreadId(07) hotstuff_runner::pompe: ⚡ [Timed Output] Node 1 flushed 45619 transactions
2025-11-12T04:36:18.021762Z  WARN ThreadId(06) hotstuff_runner::pompe: ⚡ [Timed Output] Node 1 flushed 87730 transactions
2025-11-12T04:36:18.487903Z  WARN ThreadId(07) hotstuff_runner::pompe: ⚡ [Timed Output] Node 1 flushed 31582 transactions
2025-11-12T04:36:18.789633Z  WARN ThreadId(21) hotstuff_runner::tcp_node: Node 1 view 84 timed out; latency may accumulate
2025-11-12T04:36:18.798370Z  WARN ThreadId(06) docker_node:   Connection reuse ineffective (3.7 msg/conn)
2025-11-12T04:36:18.856507Z  WARN ThreadId(06) docker_node: Node 1 Regular transaction queue backlog: 357934 transactions
2025-11-12T04:36:18.958953Z ERROR ThreadId(22) hotstuff_runner::pompe_network: Pompe message too large: 1200214 bytes
2025-11-12T04:36:19.372079Z ERROR ThreadId(22) hotstuff_runner::pompe_network: Pompe message too large: 1200214 bytes
2025-11-12T04:36:19.567403Z ERROR ThreadId(23) hotstuff_runner::pompe_network: Pompe message too large: 1200214 bytes
2025-11-12T04:36:19.652892Z ERROR ThreadId(22) hotstuff_runner::pompe_network: Pompe message too large: 1200214 bytes
2025-11-12T04:36:19.832804Z ERROR ThreadId(23) hotstuff_runner::pompe_network: Pompe message too large: 1200214 bytes
2025-11-12T04:36:19.906452Z  WARN ThreadId(06) hotstuff_runner::pompe: ⚡ [Timed Output] Node 1 flushed 31582 transactions
2025-11-12T04:36:20.406963Z  WARN ThreadId(02) hotstuff_runner::pompe: ⚡ [Timed Output] Node 1 flushed 17545 transactions
2025-11-12T04:36:20.940453Z  WARN ThreadId(07) hotstuff_runner::pompe: ⚡ [Timed Output] Node 1 flushed 66675 transactions
2025-11-12T04:36:21.440169Z  WARN ThreadId(02) hotstuff_runner::pompe: ⚡ [Timed Output] Node 1 flushed 87725 transactions
2025-11-12T04:36:21.916037Z  WARN ThreadId(06) hotstuff_runner::pompe: ⚡ [Timed Output] Node 1 flushed 31582 transactions
2025-11-12T04:36:22.120655Z  WARN ThreadId(20) hotstuff_rs::block_tree::invariants: SAFE_PC_FAIL: pc.block=[154, 168, 42, 50, 19, 153, 149, 154, 224, 83, 114, 170, 176, 242, 98, 47, 16, 44, 220, 180, 144, 27, 6, 173, 160, 244, 105, 170, 223, 176, 46, 48] view=77 phase=Generic | cond1(chain_id/genesis)=true (pc.chain_id=0, my.chain_id=0) | cond2(block_exists/genesis)=true (exists=true) | cond3(view>locked || extends)=false (pc.view=77, locked.view=82, extends=false) | cond4(phase/updates)=true (phase_special=false, has_updates=false) | highest_pc.block=[134, 251, 165, 197, 164, 129, 179, 73, 236, 179, 103, 37, 151, 92, 246, 243, 126, 126, 34, 79, 36, 163, 131, 28, 71, 49, 12, 148, 72, 208, 213, 150] highest_pc.view=83 locked.block=[178, 111, 215, 242, 211, 93, 62, 252, 85, 141, 85, 41, 66, 206, 149, 180, 37, 41, 20, 136, 247, 221, 139, 129, 243, 108, 9, 44, 189, 52, 121, 230] locked.view=82    
2025-11-12T04:36:22.120707Z  WARN ThreadId(20) hotstuff_rs::block_tree::invariants: SAFE_BLOCK_FAIL: block=[152, 231, 56, 210, 80, 190, 169, 0, 254, 71, 155, 127, 177, 233, 107, 200, 59, 106, 10, 132, 245, 83, 92, 36, 248, 47, 27, 132, 40, 218, 211, 180] height=None | cond1(safe_pc)=false | cond2(is_block_justify)=true (justify.phase=Generic) | justify.block=[154, 168, 42, 50, 19, 153, 149, 154, 224, 83, 114, 170, 176, 242, 98, 47, 16, 44, 220, 180, 144, 27, 6, 173, 160, 244, 105, 170, 223, 176, 46, 48] justify.view=77 | highest_pc.block=[134, 251, 165, 197, 164, 129, 179, 73, 236, 179, 103, 37, 151, 92, 246, 243, 126, 126, 34, 79, 36, 163, 131, 28, 71, 49, 12, 148, 72, 208, 213, 150] highest_pc.view=83 | locked.block=[178, 111, 215, 242, 211, 93, 62, 252, 85, 141, 85, 41, 66, 206, 149, 180, 37, 41, 20, 136, 247, 221, 139, 129, 243, 108, 9, 44, 189, 52, 121, 230] locked.view=82    
2025-11-12T04:36:22.790575Z  WARN ThreadId(21) hotstuff_runner::tcp_node: Node 1 view 85 timed out; latency may accumulate
2025-11-12T04:36:23.798494Z  WARN ThreadId(07) docker_node:   Connection reuse ineffective (4.4 msg/conn)
2025-11-12T04:36:23.856715Z  WARN ThreadId(07) docker_node: Node 1 Regular transaction queue backlog: 593043 transactions
2025-11-12T04:36:28.798808Z  WARN ThreadId(07) docker_node:   Connection reuse ineffective (4.4 msg/conn)
2025-11-12T04:36:28.857013Z  WARN ThreadId(07) docker_node: Node 1 Regular transaction queue backlog: 593043 transactions
2025-11-12T04:36:33.799135Z  WARN ThreadId(07) docker_node:   Connection reuse ineffective (4.4 msg/conn)
2025-11-12T04:36:33.856323Z  WARN ThreadId(06) docker_node: Node 1 Regular transaction queue backlog: 593043 transactions
2025-11-12T04:36:38.799098Z  WARN ThreadId(06) docker_node:   Connection reuse ineffective (4.4 msg/conn)
2025-11-12T04:36:38.856326Z  WARN ThreadId(06) docker_node: Node 1 Regular transaction queue backlog: 593043 transactions
2025-11-12T04:36:40.231325Z  WARN ThreadId(21) hotstuff_runner::tcp_node: Node 1 view 90 timed out; latency may accumulate
2025-11-12T04:36:42.199196Z  WARN ThreadId(20) hotstuff_rs::block_tree::invariants: SAFE_PC_FAIL: pc.block=[154, 168, 42, 50, 19, 153, 149, 154, 224, 83, 114, 170, 176, 242, 98, 47, 16, 44, 220, 180, 144, 27, 6, 173, 160, 244, 105, 170, 223, 176, 46, 48] view=77 phase=Generic | cond1(chain_id/genesis)=true (pc.chain_id=0, my.chain_id=0) | cond2(block_exists/genesis)=true (exists=true) | cond3(view>locked || extends)=false (pc.view=77, locked.view=88, extends=false) | cond4(phase/updates)=true (phase_special=false, has_updates=false) | highest_pc.block=[6, 131, 42, 37, 232, 161, 250, 38, 13, 151, 47, 107, 205, 104, 41, 231, 147, 173, 210, 151, 39, 163, 236, 194, 16, 44, 246, 95, 63, 144, 190, 208] highest_pc.view=89 locked.block=[67, 84, 100, 168, 199, 203, 170, 174, 35, 60, 224, 185, 235, 225, 8, 250, 200, 234, 99, 122, 47, 232, 4, 112, 254, 136, 235, 72, 3, 239, 88, 216] locked.view=88    
2025-11-12T04:36:42.199251Z  WARN ThreadId(20) hotstuff_rs::block_tree::invariants: SAFE_BLOCK_FAIL: block=[87, 243, 47, 212, 137, 92, 46, 72, 148, 218, 96, 229, 156, 37, 27, 178, 134, 47, 142, 42, 43, 185, 144, 58, 107, 105, 126, 242, 105, 242, 193, 255] height=None | cond1(safe_pc)=false | cond2(is_block_justify)=true (justify.phase=Generic) | justify.block=[154, 168, 42, 50, 19, 153, 149, 154, 224, 83, 114, 170, 176, 242, 98, 47, 16, 44, 220, 180, 144, 27, 6, 173, 160, 244, 105, 170, 223, 176, 46, 48] justify.view=77 | highest_pc.block=[6, 131, 42, 37, 232, 161, 250, 38, 13, 151, 47, 107, 205, 104, 41, 231, 147, 173, 210, 151, 39, 163, 236, 194, 16, 44, 246, 95, 63, 144, 190, 208] highest_pc.view=89 | locked.block=[67, 84, 100, 168, 199, 203, 170, 174, 35, 60, 224, 185, 235, 225, 8, 250, 200, 234, 99, 122, 47, 232, 4, 112, 254, 136, 235, 72, 3, 239, 88, 216] locked.view=88    
2025-11-12T04:36:43.798945Z  WARN ThreadId(06) docker_node:   Connection reuse ineffective (4.4 msg/conn)
2025-11-12T04:36:43.857172Z  WARN ThreadId(06) docker_node: Node 1 Regular transaction queue backlog: 593043 transactions
2025-11-12T04:36:44.232046Z  WARN ThreadId(21) hotstuff_runner::tcp_node: Node 1 view 91 timed out; latency may accumulate
2025-11-12T04:36:48.798839Z  WARN ThreadId(06) docker_node:   Connection reuse ineffective (4.4 msg/conn)
2025-11-12T04:36:48.857078Z  WARN ThreadId(06) docker_node: Node 1 Regular transaction queue backlog: 593043 transactions
2025-11-12T04:36:53.799179Z  WARN ThreadId(06) docker_node:   Connection reuse ineffective (4.4 msg/conn)
2025-11-12T04:36:53.856416Z  WARN ThreadId(06) docker_node: Node 1 Regular transaction queue backlog: 593043 transactions
2025-11-12T04:36:58.798910Z  WARN ThreadId(06) docker_node:   Connection reuse ineffective (4.4 msg/conn)
2025-11-12T04:36:58.857047Z  WARN ThreadId(06) docker_node: Node 1 Regular transaction queue backlog: 593043 transactions
2025-11-12T04:37:03.799227Z  WARN ThreadId(06) docker_node:   Connection reuse ineffective (4.4 msg/conn)
2025-11-12T04:37:03.856415Z  WARN ThreadId(02) docker_node: Node 1 Regular transaction queue backlog: 593043 transactions
2025-11-12T04:37:04.675112Z  WARN ThreadId(21) hotstuff_runner::tcp_node: Node 1 view 97 timed out; latency may accumulate
2025-11-12T04:37:08.798472Z  WARN ThreadId(02) docker_node:   Connection reuse ineffective (4.4 msg/conn)
2025-11-12T04:37:08.856694Z  WARN ThreadId(02) docker_node: Node 1 Regular transaction queue backlog: 593043 transactions
2025-11-12T04:37:12.676710Z  WARN ThreadId(21) hotstuff_runner::tcp_node: Node 1 view 99 timed out; latency may accumulate
2025-11-12T04:37:13.799044Z  WARN ThreadId(02) docker_node:   Connection reuse ineffective (4.4 msg/conn)
2025-11-12T04:37:13.856277Z  WARN ThreadId(02) docker_node: Node 1 Regular transaction queue backlog: 593043 transactions
2025-11-12T04:37:18.798809Z  WARN ThreadId(02) docker_node:   Connection reuse ineffective (4.4 msg/conn)
2025-11-12T04:37:18.857048Z  WARN ThreadId(02) docker_node: Node 1 Regular transaction queue backlog: 593043 transactions
2025-11-12T04:37:23.799151Z  WARN ThreadId(02) docker_node:   Connection reuse ineffective (4.4 msg/conn)
2025-11-12T04:37:23.856391Z  WARN ThreadId(02) docker_node: Node 1 Regular transaction queue backlog: 593043 transactions
2025-11-12T04:37:23.904341Z  WARN ThreadId(21) hotstuff_runner::tcp_node: Node 1 view 101 timed out; latency may accumulate
2025-11-12T04:37:27.905103Z  WARN ThreadId(21) hotstuff_runner::tcp_node: Node 1 view 102 timed out; latency may accumulate
2025-11-12T04:37:28.798519Z  WARN ThreadId(02) docker_node:   Connection reuse ineffective (4.4 msg/conn)
2025-11-12T04:37:28.856734Z  WARN ThreadId(02) docker_node: Node 1 Regular transaction queue backlog: 593043 transactions
2025-11-12T04:37:31.905908Z  WARN ThreadId(21) hotstuff_runner::tcp_node: Node 1 view 103 timed out; latency may accumulate
