2025-12-05T13:55:53.297279Z  WARN ThreadId(01) docker_node: metrics exporter disabled by SMROL_DISABLE_METRICS
2025-12-05T13:56:13.514177Z  WARN ThreadId(01) hotstuff_runner::tcp_node: Node 0 view timeout set to 5000 ms
2025-12-05T13:56:13.523370Z ERROR ThreadId(22) hotstuff_runner::pompe_network: Node 0 failed to connect to node 1: Connection refused (os error 111)
2025-12-05T13:56:13.525054Z ERROR ThreadId(23) hotstuff_runner::pompe_network: Node 0 failed to connect to node 3: Connection refused (os error 111)
2025-12-05T13:56:13.525696Z ERROR ThreadId(23) hotstuff_runner::pompe_network: Node 0 failed to connect to node 5: Connection refused (os error 111)
2025-12-05T13:56:13.541338Z  WARN ThreadId(01) hotstuff_runner::smrol::sequencing: SMROL_MEDIAN_INFLIGHT=24, SMROL_ORDER_FINALIZE_INFLIGHT=4, SMROL_FINAL_SIGN_INFLIGHT=4, SMROL_FINAL_VERIFY_INFLIGHT=24
2025-12-05T13:56:13.541397Z  WARN ThreadId(01) hotstuff_runner::smrol::sequencing: [Sequencing] Node 0 multi-signature verification disabled: false
2025-12-05T13:56:13.542028Z  WARN ThreadId(09) hotstuff_runner::smrol::sequencing: [Sequencing] Node 0 final verify dispatcher started
2025-12-05T13:56:13.543103Z  WARN ThreadId(05) docker_node:   Connection reuse ineffective (2.0 msg/conn)
2025-12-05T13:56:14.304015Z ERROR ThreadId(23) hotstuff_runner::pompe_network: Node 0 failed to connect to node 16: Connection refused (os error 111)
2025-12-05T13:56:14.487571Z ERROR ThreadId(23) hotstuff_runner::pompe_network: Node 0 failed to connect to node 17: Connection refused (os error 111)
2025-12-05T13:56:14.671655Z ERROR ThreadId(23) hotstuff_runner::pompe_network: Node 0 failed to connect to node 18: Connection refused (os error 111)
2025-12-05T13:56:14.866882Z ERROR ThreadId(23) hotstuff_runner::pompe_network: Node 0 failed to connect to node 19: Connection refused (os error 111)
2025-12-05T13:56:15.050532Z ERROR ThreadId(23) hotstuff_runner::pompe_network: Node 0 failed to connect to node 20: Connection refused (os error 111)
2025-12-05T13:56:18.518136Z  WARN ThreadId(21) hotstuff_runner::tcp_node: Node 0 view 0 timed out; latency may accumulate
2025-12-05T13:56:18.542712Z  WARN ThreadId(09) docker_node:   Connection reuse ineffective (2.0 msg/conn)
2025-12-05T13:56:18.545979Z  WARN ThreadId(01) docker_node: Node 0 port 20000 temporarily unreachable: failed to lookup address information: Temporary failure in name resolution
2025-12-05T13:56:18.547976Z  WARN ThreadId(01) docker_node: Node 1 port 20001 temporarily unreachable: failed to lookup address information: Temporary failure in name resolution
2025-12-05T13:56:18.549638Z  WARN ThreadId(01) docker_node: Node 2 port 20002 temporarily unreachable: failed to lookup address information: Temporary failure in name resolution
2025-12-05T13:56:18.551423Z  WARN ThreadId(01) docker_node: Node 3 port 20003 temporarily unreachable: failed to lookup address information: Temporary failure in name resolution
2025-12-05T13:56:18.553160Z  WARN ThreadId(01) docker_node: Node 4 port 20004 temporarily unreachable: failed to lookup address information: Temporary failure in name resolution
2025-12-05T13:56:18.554786Z  WARN ThreadId(01) docker_node: Node 5 port 20005 temporarily unreachable: failed to lookup address information: Temporary failure in name resolution
2025-12-05T13:56:18.556375Z  WARN ThreadId(01) docker_node: Node 6 port 20006 temporarily unreachable: failed to lookup address information: Temporary failure in name resolution
2025-12-05T13:56:18.558019Z  WARN ThreadId(01) docker_node: Node 7 port 20007 temporarily unreachable: failed to lookup address information: Temporary failure in name resolution
2025-12-05T13:56:18.559633Z  WARN ThreadId(01) docker_node: Node 8 port 20008 temporarily unreachable: failed to lookup address information: Temporary failure in name resolution
2025-12-05T13:56:18.561198Z  WARN ThreadId(01) docker_node: Node 9 port 20009 temporarily unreachable: failed to lookup address information: Temporary failure in name resolution
2025-12-05T13:56:18.562912Z  WARN ThreadId(01) docker_node: Node 10 port 20010 temporarily unreachable: failed to lookup address information: Temporary failure in name resolution
2025-12-05T13:56:18.564551Z  WARN ThreadId(01) docker_node: Node 11 port 20011 temporarily unreachable: failed to lookup address information: Temporary failure in name resolution
2025-12-05T13:56:18.566250Z  WARN ThreadId(01) docker_node: Node 12 port 20012 temporarily unreachable: failed to lookup address information: Temporary failure in name resolution
2025-12-05T13:56:18.567863Z  WARN ThreadId(01) docker_node: Node 13 port 20013 temporarily unreachable: failed to lookup address information: Temporary failure in name resolution
2025-12-05T13:56:18.569548Z  WARN ThreadId(01) docker_node: Node 14 port 20014 temporarily unreachable: failed to lookup address information: Temporary failure in name resolution
2025-12-05T13:56:18.571314Z  WARN ThreadId(01) docker_node: Node 15 port 20015 temporarily unreachable: failed to lookup address information: Temporary failure in name resolution
2025-12-05T13:56:18.573227Z  WARN ThreadId(01) docker_node: Node 16 port 20016 temporarily unreachable: failed to lookup address information: Temporary failure in name resolution
2025-12-05T13:56:18.574843Z  WARN ThreadId(01) docker_node: Node 17 port 20017 temporarily unreachable: failed to lookup address information: Temporary failure in name resolution
2025-12-05T13:56:18.576631Z  WARN ThreadId(01) docker_node: Node 18 port 20018 temporarily unreachable: failed to lookup address information: Temporary failure in name resolution
2025-12-05T13:56:18.578274Z  WARN ThreadId(01) docker_node: Node 19 port 20019 temporarily unreachable: failed to lookup address information: Temporary failure in name resolution
2025-12-05T13:56:18.579872Z  WARN ThreadId(01) docker_node: Node 20 port 20020 temporarily unreachable: failed to lookup address information: Temporary failure in name resolution
2025-12-05T13:56:18.581812Z  WARN ThreadId(01) docker_node: Node 21 port 20021 temporarily unreachable: failed to lookup address information: Temporary failure in name resolution
2025-12-05T13:56:18.583404Z  WARN ThreadId(01) docker_node: Node 22 port 20022 temporarily unreachable: failed to lookup address information: Temporary failure in name resolution
2025-12-05T13:56:18.585187Z  WARN ThreadId(01) docker_node: Node 23 port 20023 temporarily unreachable: failed to lookup address information: Temporary failure in name resolution
2025-12-05T13:56:18.586759Z  WARN ThreadId(01) docker_node: Node 24 port 20024 temporarily unreachable: failed to lookup address information: Temporary failure in name resolution
2025-12-05T13:56:18.588582Z  WARN ThreadId(01) docker_node: Node 25 port 20025 temporarily unreachable: failed to lookup address information: Temporary failure in name resolution
2025-12-05T13:56:18.590311Z  WARN ThreadId(01) docker_node: Node 26 port 20026 temporarily unreachable: failed to lookup address information: Temporary failure in name resolution
2025-12-05T13:56:18.591909Z  WARN ThreadId(01) docker_node: Node 27 port 20027 temporarily unreachable: failed to lookup address information: Temporary failure in name resolution
2025-12-05T13:56:18.594079Z  WARN ThreadId(01) docker_node: Node 28 port 20028 temporarily unreachable: failed to lookup address information: Temporary failure in name resolution
2025-12-05T13:56:18.595752Z  WARN ThreadId(01) docker_node: Node 29 port 20029 temporarily unreachable: failed to lookup address information: Temporary failure in name resolution
2025-12-05T13:56:18.597572Z  WARN ThreadId(01) docker_node: Node 30 port 20030 temporarily unreachable: failed to lookup address information: Temporary failure in name resolution
2025-12-05T13:56:18.599364Z  WARN ThreadId(01) docker_node: Node 31 port 20031 temporarily unreachable: failed to lookup address information: Temporary failure in name resolution
2025-12-05T13:56:18.600965Z  WARN ThreadId(01) docker_node: Node 32 port 20032 temporarily unreachable: failed to lookup address information: Temporary failure in name resolution
2025-12-05T13:56:18.602547Z  WARN ThreadId(01) docker_node: Node 33 port 20033 temporarily unreachable: failed to lookup address information: Temporary failure in name resolution
2025-12-05T13:56:18.604346Z  WARN ThreadId(01) docker_node: Node 34 port 20034 temporarily unreachable: failed to lookup address information: Temporary failure in name resolution
2025-12-05T13:56:18.606025Z  WARN ThreadId(01) docker_node: Node 35 port 20035 temporarily unreachable: failed to lookup address information: Temporary failure in name resolution
2025-12-05T13:56:18.607680Z  WARN ThreadId(01) docker_node: Node 36 port 20036 temporarily unreachable: failed to lookup address information: Temporary failure in name resolution
2025-12-05T13:56:18.609575Z  WARN ThreadId(01) docker_node: Node 37 port 20037 temporarily unreachable: failed to lookup address information: Temporary failure in name resolution
2025-12-05T13:56:18.611372Z  WARN ThreadId(01) docker_node: Node 38 port 20038 temporarily unreachable: failed to lookup address information: Temporary failure in name resolution
2025-12-05T13:56:18.613071Z  WARN ThreadId(01) docker_node: Node 39 port 20039 temporarily unreachable: failed to lookup address information: Temporary failure in name resolution
2025-12-05T13:56:18.614762Z  WARN ThreadId(01) docker_node: Node 40 port 20040 temporarily unreachable: failed to lookup address information: Temporary failure in name resolution
2025-12-05T13:56:18.616544Z  WARN ThreadId(01) docker_node: Node 41 port 20041 temporarily unreachable: failed to lookup address information: Temporary failure in name resolution
2025-12-05T13:56:18.618283Z  WARN ThreadId(01) docker_node: Node 42 port 20042 temporarily unreachable: failed to lookup address information: Temporary failure in name resolution
2025-12-05T13:56:18.620031Z  WARN ThreadId(01) docker_node: Node 43 port 20043 temporarily unreachable: failed to lookup address information: Temporary failure in name resolution
2025-12-05T13:56:18.621769Z  WARN ThreadId(01) docker_node: Node 44 port 20044 temporarily unreachable: failed to lookup address information: Temporary failure in name resolution
2025-12-05T13:56:18.623331Z  WARN ThreadId(01) docker_node: Node 45 port 20045 temporarily unreachable: failed to lookup address information: Temporary failure in name resolution
2025-12-05T13:56:18.625263Z  WARN ThreadId(01) docker_node: Node 46 port 20046 temporarily unreachable: failed to lookup address information: Temporary failure in name resolution
2025-12-05T13:56:18.627044Z  WARN ThreadId(01) docker_node: Node 47 port 20047 temporarily unreachable: failed to lookup address information: Temporary failure in name resolution
2025-12-05T13:56:18.628870Z  WARN ThreadId(01) docker_node: Node 48 port 20048 temporarily unreachable: failed to lookup address information: Temporary failure in name resolution
2025-12-05T13:56:18.630541Z  WARN ThreadId(01) docker_node: Node 49 port 20049 temporarily unreachable: failed to lookup address information: Temporary failure in name resolution
2025-12-05T13:56:18.632320Z  WARN ThreadId(01) docker_node: Node 50 port 20050 temporarily unreachable: failed to lookup address information: Temporary failure in name resolution
2025-12-05T13:56:18.634045Z  WARN ThreadId(01) docker_node: Node 51 port 20051 temporarily unreachable: failed to lookup address information: Temporary failure in name resolution
2025-12-05T13:56:18.635592Z  WARN ThreadId(01) docker_node: Node 52 port 20052 temporarily unreachable: failed to lookup address information: Temporary failure in name resolution
2025-12-05T13:56:18.637376Z  WARN ThreadId(01) docker_node: Node 53 port 20053 temporarily unreachable: failed to lookup address information: Temporary failure in name resolution
2025-12-05T13:56:18.639204Z  WARN ThreadId(01) docker_node: Node 54 port 20054 temporarily unreachable: failed to lookup address information: Temporary failure in name resolution
2025-12-05T13:56:18.640811Z  WARN ThreadId(01) docker_node: Node 55 port 20055 temporarily unreachable: failed to lookup address information: Temporary failure in name resolution
2025-12-05T13:56:18.642584Z  WARN ThreadId(01) docker_node: Node 56 port 20056 temporarily unreachable: failed to lookup address information: Temporary failure in name resolution
2025-12-05T13:56:18.644372Z  WARN ThreadId(01) docker_node: Node 57 port 20057 temporarily unreachable: failed to lookup address information: Temporary failure in name resolution
2025-12-05T13:56:18.646151Z  WARN ThreadId(01) docker_node: Node 58 port 20058 temporarily unreachable: failed to lookup address information: Temporary failure in name resolution
2025-12-05T13:56:18.647915Z  WARN ThreadId(01) docker_node: Node 59 port 20059 temporarily unreachable: failed to lookup address information: Temporary failure in name resolution
2025-12-05T13:56:18.649610Z  WARN ThreadId(01) docker_node: Node 60 port 20060 temporarily unreachable: failed to lookup address information: Temporary failure in name resolution
2025-12-05T13:56:18.651283Z  WARN ThreadId(01) docker_node: Node 61 port 20061 temporarily unreachable: failed to lookup address information: Temporary failure in name resolution
2025-12-05T13:56:18.653081Z  WARN ThreadId(01) docker_node: Node 62 port 20062 temporarily unreachable: failed to lookup address information: Temporary failure in name resolution
2025-12-05T13:56:18.654823Z  WARN ThreadId(01) docker_node: Node 63 port 20063 temporarily unreachable: failed to lookup address information: Temporary failure in name resolution
2025-12-05T13:56:23.542662Z  WARN ThreadId(05) docker_node:   Connection reuse ineffective (2.0 msg/conn)
2025-12-05T13:56:28.542735Z  WARN ThreadId(05) docker_node:   Connection reuse ineffective (2.0 msg/conn)
2025-12-05T13:56:28.819436Z  WARN ThreadId(21) hotstuff_runner::tcp_node: Node 0 view 14 timed out; latency may accumulate
2025-12-05T13:56:33.543276Z  WARN ThreadId(05) docker_node:   Connection reuse ineffective (2.0 msg/conn)
2025-12-05T13:56:37.622436Z  WARN ThreadId(20) hotstuff_runner::app: Node 0 [produce_block] queue size: 0, attempting up to 0 transactions this block    
2025-12-05T13:56:38.543190Z  WARN ThreadId(05) docker_node:   Connection reuse ineffective (2.0 msg/conn)
2025-12-05T13:56:43.543154Z  WARN ThreadId(05) docker_node:   Connection reuse ineffective (2.0 msg/conn)
2025-12-05T13:56:45.055067Z  WARN ThreadId(21) hotstuff_runner::tcp_node: Node 0 view 47 timed out; latency may accumulate
2025-12-05T13:56:47.319615Z  WARN ThreadId(25) hotstuff_runner::smrol::network: ⚠️ [Check] Writer 0 -> 3 slow write: 16.918362ms
2025-12-05T13:56:47.319638Z  WARN ThreadId(24) hotstuff_runner::smrol::network: ⚠️ [Check] Writer 0 -> 5 slow write: 10.899952ms
2025-12-05T13:56:47.323376Z  WARN ThreadId(24) hotstuff_runner::smrol::network: ⚠️ [Check] Writer 0 -> 2 slow write: 10.137121ms
2025-12-05T13:56:47.324278Z  WARN ThreadId(24) hotstuff_runner::smrol::network: ⚠️ [Check] Writer 0 -> 1 slow write: 7.797028ms
2025-12-05T13:56:47.346393Z  WARN ThreadId(25) hotstuff_runner::smrol::network: ⚠️ [Check] Writer 0 -> 38 slow write: 41.977932ms
2025-12-05T13:56:47.350872Z  WARN ThreadId(25) hotstuff_runner::smrol::network: ⚠️ [Check] Writer 0 -> 37 slow write: 43.321038ms
2025-12-05T13:56:47.352067Z  WARN ThreadId(24) hotstuff_runner::smrol::network: ⚠️ [Check] Writer 0 -> 40 slow write: 42.961358ms
2025-12-05T13:56:47.354667Z  WARN ThreadId(24) hotstuff_runner::smrol::network: ⚠️ [Check] Writer 0 -> 36 slow write: 41.888429ms
2025-12-05T13:56:47.363582Z  WARN ThreadId(24) hotstuff_runner::smrol::network: ⚠️ [Check] Writer 0 -> 39 slow write: 55.284498ms
2025-12-05T13:56:47.380276Z  WARN ThreadId(21) hotstuff_runner::tcp_node: Detected transaction backlog: submit rate (11.5) > confirm rate (0.0)
2025-12-05T13:56:47.481258Z  WARN ThreadId(24) hotstuff_runner::smrol::network: ⚠️ [Check] Writer 0 -> 9 slow write: 180.641059ms
2025-12-05T13:56:47.481878Z  WARN ThreadId(24) hotstuff_runner::smrol::network: ⚠️ [Check] Writer 0 -> 11 slow write: 180.768812ms
2025-12-05T13:56:47.483560Z  WARN ThreadId(24) hotstuff_runner::smrol::network: ⚠️ [Check] Writer 0 -> 13 slow write: 180.395642ms
2025-12-05T13:56:47.491655Z  WARN ThreadId(24) hotstuff_runner::smrol::network: ⚠️ [Check] Writer 0 -> 12 slow write: 180.494245ms
2025-12-05T13:56:47.496878Z  WARN ThreadId(24) hotstuff_runner::smrol::network: ⚠️ [Check] Writer 0 -> 8 slow write: 180.308889ms
2025-12-05T13:56:47.498138Z  WARN ThreadId(24) hotstuff_runner::smrol::network: ⚠️ [Check] Writer 0 -> 15 slow write: 180.33713ms
2025-12-05T13:56:47.508561Z  WARN ThreadId(24) hotstuff_runner::smrol::network: ⚠️ [Check] Writer 0 -> 51 slow write: 203.773297ms
2025-12-05T13:56:47.532795Z  WARN ThreadId(25) hotstuff_runner::smrol::network: ⚠️ [Check] Writer 0 -> 14 slow write: 233.43089ms
2025-12-05T13:56:47.539145Z  WARN ThreadId(25) hotstuff_runner::smrol::network: ⚠️ [Check] Writer 0 -> 10 slow write: 240.154979ms
2025-12-05T13:56:47.539337Z  WARN ThreadId(25) hotstuff_runner::smrol::network: ⚠️ [Check] Writer 0 -> 53 slow write: 226.930546ms
2025-12-05T13:56:47.539966Z  WARN ThreadId(24) hotstuff_runner::smrol::network: ⚠️ [Check] Writer 0 -> 7 slow write: 239.80354ms
2025-12-05T13:56:47.543834Z  WARN ThreadId(25) hotstuff_runner::smrol::network: ⚠️ [Check] Writer 0 -> 6 slow write: 239.876052ms
2025-12-05T13:56:47.544663Z  WARN ThreadId(25) hotstuff_runner::smrol::network: ⚠️ [Check] Writer 0 -> 56 slow write: 228.519218ms
2025-12-05T13:56:47.545101Z  WARN ThreadId(25) hotstuff_runner::smrol::network: ⚠️ [Check] Writer 0 -> 52 slow write: 226.437122ms
2025-12-05T13:56:47.567761Z  WARN ThreadId(25) hotstuff_runner::smrol::network: ⚠️ [Check] Writer 0 -> 46 slow write: 202.222685ms
2025-12-05T13:56:47.568917Z  WARN ThreadId(25) hotstuff_runner::smrol::network: ⚠️ [Check] Writer 0 -> 50 slow write: 266.657248ms
2025-12-05T13:56:47.569715Z  WARN ThreadId(25) hotstuff_runner::smrol::network: ⚠️ [Check] Writer 0 -> 48 slow write: 204.700052ms
2025-12-05T13:56:47.576470Z  WARN ThreadId(25) hotstuff_runner::smrol::network: ⚠️ [Check] Writer 0 -> 45 slow write: 271.132767ms
2025-12-05T13:56:47.583815Z  WARN ThreadId(25) hotstuff_runner::smrol::network: ⚠️ [Check] Writer 0 -> 44 slow write: 274.318672ms
2025-12-05T13:56:47.585991Z  WARN ThreadId(25) hotstuff_runner::smrol::network: ⚠️ [Check] Writer 0 -> 49 slow write: 270.714785ms
2025-12-05T13:56:47.591128Z  WARN ThreadId(25) hotstuff_runner::smrol::network: ⚠️ [Check] Writer 0 -> 43 slow write: 273.140731ms
2025-12-05T13:56:47.609677Z  WARN ThreadId(25) hotstuff_runner::smrol::network: ⚠️ [Check] Writer 0 -> 54 slow write: 303.064421ms
2025-12-05T13:56:47.610052Z  WARN ThreadId(25) hotstuff_runner::smrol::network: ⚠️ [Check] Writer 0 -> 55 slow write: 303.832252ms
2025-12-05T13:56:47.636845Z  WARN ThreadId(25) hotstuff_runner::smrol::network: ⚠️ [Check] Writer 0 -> 47 slow write: 271.21578ms
2025-12-05T13:56:47.639235Z  WARN ThreadId(25) hotstuff_runner::smrol::network: ⚠️ [Check] Writer 0 -> 60 slow write: 333.471083ms
2025-12-05T13:56:47.645851Z  WARN ThreadId(25) hotstuff_runner::smrol::network: ⚠️ [Check] Writer 0 -> 61 slow write: 333.861904ms
2025-12-05T13:56:47.651035Z  WARN ThreadId(25) hotstuff_runner::smrol::network: ⚠️ [Check] Writer 0 -> 59 slow write: 332.60797ms
2025-12-05T13:56:47.651401Z  WARN ThreadId(25) hotstuff_runner::smrol::network: ⚠️ [Check] Writer 0 -> 63 slow write: 336.539516ms
2025-12-05T13:56:47.652162Z  WARN ThreadId(25) hotstuff_runner::smrol::network: ⚠️ [Check] Writer 0 -> 62 slow write: 335.188109ms
2025-12-05T13:56:47.658348Z  WARN ThreadId(25) hotstuff_runner::smrol::network: ⚠️ [Check] Writer 0 -> 42 slow write: 272.070973ms
2025-12-05T13:56:47.676249Z  WARN ThreadId(25) hotstuff_runner::smrol::network: ⚠️ [Check] Writer 0 -> 57 slow write: 303.3988ms
2025-12-05T13:56:47.676765Z  WARN ThreadId(25) hotstuff_runner::smrol::network: ⚠️ [Check] Writer 0 -> 41 slow write: 363.130406ms
2025-12-05T13:56:47.736646Z  WARN ThreadId(24) hotstuff_runner::smrol::network: ⚠️ [Check] Writer 0 -> 32 slow write: 440.811712ms
2025-12-05T13:56:47.738971Z  WARN ThreadId(24) hotstuff_runner::smrol::network: ⚠️ [Check] Writer 0 -> 34 slow write: 444.245754ms
2025-12-05T13:56:47.753617Z  WARN ThreadId(24) hotstuff_runner::smrol::network: ⚠️ [Check] Writer 0 -> 33 slow write: 436.074976ms
2025-12-05T13:56:47.756302Z  WARN ThreadId(24) hotstuff_runner::smrol::network: ⚠️ [Check] Writer 0 -> 58 slow write: 446.382471ms
2025-12-05T13:56:47.761068Z  WARN ThreadId(24) hotstuff_runner::smrol::network: ⚠️ [Check] Writer 0 -> 31 slow write: 446.962057ms
2025-12-05T13:56:47.855841Z  WARN ThreadId(25) hotstuff_runner::smrol::network: ⚠️ [Check] Writer 0 -> 16 slow write: 552.339464ms
2025-12-05T13:56:47.859346Z  WARN ThreadId(24) hotstuff_runner::smrol::network: ⚠️ [Check] Writer 0 -> 19 slow write: 551.504521ms
2025-12-05T13:56:47.869850Z  WARN ThreadId(25) hotstuff_runner::smrol::network: ⚠️ [Check] Writer 0 -> 20 slow write: 550.987867ms
2025-12-05T13:56:47.891650Z  WARN ThreadId(25) hotstuff_runner::smrol::network: ⚠️ [Check] Writer 0 -> 29 slow write: 593.088092ms
2025-12-05T13:56:47.894001Z  WARN ThreadId(24) hotstuff_runner::smrol::network: ⚠️ [Check] Writer 0 -> 27 slow write: 594.261964ms
2025-12-05T13:56:47.902777Z  WARN ThreadId(25) hotstuff_runner::smrol::network: ⚠️ [Check] Writer 0 -> 26 slow write: 600.976663ms
2025-12-05T13:56:47.919762Z  WARN ThreadId(25) hotstuff_runner::smrol::network: ⚠️ [Check] Writer 0 -> 35 slow write: 602.33476ms
2025-12-05T13:56:47.927942Z  WARN ThreadId(25) hotstuff_runner::smrol::network: ⚠️ [Check] Writer 0 -> 21 slow write: 626.540997ms
2025-12-05T13:56:47.944511Z  WARN ThreadId(25) hotstuff_runner::smrol::network: ⚠️ [Check] Writer 0 -> 24 slow write: 634.13054ms
2025-12-05T13:56:47.957538Z  WARN ThreadId(25) hotstuff_runner::smrol::network: ⚠️ [Check] Writer 0 -> 22 slow write: 639.274797ms
2025-12-05T13:56:48.043389Z  WARN ThreadId(24) hotstuff_runner::smrol::network: ⚠️ [Check] Writer 0 -> 17 slow write: 736.327652ms
2025-12-05T13:56:48.045133Z  WARN ThreadId(24) hotstuff_runner::smrol::network: ⚠️ [Check] Writer 0 -> 18 slow write: 733.566538ms
2025-12-05T13:56:48.084956Z  WARN ThreadId(24) hotstuff_runner::smrol::network: ⚠️ [Check] Writer 0 -> 30 slow write: 788.676091ms
2025-12-05T13:56:48.107537Z  WARN ThreadId(24) hotstuff_runner::smrol::network: ⚠️ [Check] Writer 0 -> 28 slow write: 791.802214ms
2025-12-05T13:56:48.160379Z  WARN ThreadId(24) hotstuff_runner::smrol::network: ⚠️ [Check] Writer 0 -> 25 slow write: 849.602829ms
2025-12-05T13:56:48.190075Z  WARN ThreadId(25) hotstuff_runner::smrol::network: ⚠️ [Check] Writer 0 -> 23 slow write: 873.102267ms
2025-12-05T13:56:48.542769Z  WARN ThreadId(08) docker_node:   Connection reuse ineffective (2.0 msg/conn)
2025-12-05T13:56:48.656172Z  WARN ThreadId(04) docker_node: Node 0 Regular transaction queue backlog: 102645 transactions
2025-12-05T13:56:53.543041Z  WARN ThreadId(05) docker_node: HotStuff processing bottleneck detected:
2025-12-05T13:56:53.543068Z  WARN ThreadId(05) docker_node:    - HotStuff queue backlog: 102645 transactions
2025-12-05T13:56:53.543077Z  WARN ThreadId(05) docker_node:    - Confirmation TPS (0.0) much lower than submission TPS (0.2)
2025-12-05T13:56:53.543087Z  WARN ThreadId(05) docker_node:    - Possible cause: HotStuff consensus network delay or block size limitation
2025-12-05T13:56:53.543106Z  WARN ThreadId(05) docker_node:   Connection reuse ineffective (2.0 msg/conn)
2025-12-05T13:56:53.656151Z  WARN ThreadId(02) docker_node: Node 0 Regular transaction queue backlog: 234240 transactions
2025-12-05T13:56:58.542819Z  WARN ThreadId(05) docker_node:   Connection reuse ineffective (2.0 msg/conn)
2025-12-05T13:56:58.655514Z  WARN ThreadId(09) docker_node: Node 0 Regular transaction queue backlog: 310564 transactions
2025-12-05T13:57:03.543201Z  WARN ThreadId(02) docker_node:   Connection reuse ineffective (2.0 msg/conn)
2025-12-05T13:57:03.655920Z  WARN ThreadId(05) docker_node: Node 0 Regular transaction queue backlog: 471109 transactions
2025-12-05T13:57:08.543046Z  WARN ThreadId(08) docker_node:   Connection reuse ineffective (2.0 msg/conn)
2025-12-05T13:57:08.655822Z  WARN ThreadId(08) docker_node: Node 0 Regular transaction queue backlog: 715871 transactions
2025-12-05T13:57:10.659028Z  WARN ThreadId(25) hotstuff_runner::smrol::network: ⚠️ [Check] Writer 0 -> 36 slow write: 41.971245ms
2025-12-05T13:57:10.815500Z  WARN ThreadId(24) hotstuff_runner::smrol::network: ⚠️ [Check] Writer 0 -> 46 slow write: 203.981379ms
2025-12-05T13:57:10.819018Z  WARN ThreadId(24) hotstuff_runner::smrol::network: ⚠️ [Check] Writer 0 -> 48 slow write: 208.300893ms
2025-12-05T13:57:10.819845Z  WARN ThreadId(24) hotstuff_runner::smrol::network: ⚠️ [Check] Writer 0 -> 47 slow write: 208.469087ms
2025-12-05T13:57:10.840239Z  WARN ThreadId(25) hotstuff_runner::smrol::network: ⚠️ [Check] Writer 0 -> 57 slow write: 230.499703ms
2025-12-05T13:57:10.883458Z  WARN ThreadId(24) hotstuff_runner::smrol::network: ⚠️ [Check] Writer 0 -> 42 slow write: 273.954668ms
2025-12-05T13:57:10.889911Z  WARN ThreadId(25) hotstuff_runner::smrol::network: ⚠️ [Check] Writer 0 -> 45 slow write: 275.374935ms
2025-12-05T13:57:10.951178Z  WARN ThreadId(24) hotstuff_runner::smrol::network: ⚠️ [Check] Writer 0 -> 59 slow write: 332.250495ms
2025-12-05T13:57:11.054375Z  WARN ThreadId(24) hotstuff_runner::smrol::network: ⚠️ [Check] Writer 0 -> 33 slow write: 435.54067ms
2025-12-05T13:57:11.165638Z  WARN ThreadId(25) hotstuff_runner::smrol::network: ⚠️ [Check] Writer 0 -> 16 slow write: 551.811619ms
2025-12-05T13:57:13.543315Z  WARN ThreadId(08) docker_node:   Connection reuse ineffective (2.0 msg/conn)
2025-12-05T13:57:13.655453Z  WARN ThreadId(09) docker_node: Node 0 Regular transaction queue backlog: 1097495 transactions
2025-12-05T13:57:18.543249Z  WARN ThreadId(08) docker_node:   Connection reuse ineffective (2.0 msg/conn)
2025-12-05T13:57:18.655730Z  WARN ThreadId(08) docker_node: Node 0 Regular transaction queue backlog: 1492277 transactions
2025-12-05T13:57:23.543184Z  WARN ThreadId(09) docker_node:   Connection reuse ineffective (2.0 msg/conn)
2025-12-05T13:57:23.655482Z  WARN ThreadId(09) docker_node: Node 0 Regular transaction queue backlog: 1492277 transactions
2025-12-05T13:57:28.543279Z  WARN ThreadId(08) docker_node:   Connection reuse ineffective (2.0 msg/conn)
2025-12-05T13:57:28.655577Z  WARN ThreadId(08) docker_node: Node 0 Regular transaction queue backlog: 1492277 transactions
2025-12-05T13:57:30.903711Z  WARN ThreadId(20) hotstuff_rs::block_tree::invariants: SAFE_PC_FAIL: pc.block=[13, 133, 116, 166, 74, 22, 255, 160, 155, 192, 141, 60, 172, 80, 78, 19, 72, 134, 158, 42, 55, 178, 59, 240, 129, 238, 84, 14, 197, 142, 29, 243] view=54 phase=Generic | cond1(chain_id/genesis)=true (pc.chain_id=0, my.chain_id=0) | cond2(block_exists/genesis)=true (exists=true) | cond3(view>locked || extends)=false (pc.view=54, locked.view=68, extends=false) | cond4(phase/updates)=true (phase_special=false, has_updates=false) | highest_pc.block=[86, 245, 94, 124, 106, 208, 70, 164, 31, 32, 96, 212, 83, 3, 141, 38, 117, 216, 245, 255, 198, 34, 240, 224, 225, 8, 101, 154, 60, 238, 136, 248] highest_pc.view=69 locked.block=[139, 197, 31, 201, 69, 93, 22, 191, 198, 203, 149, 171, 108, 119, 203, 18, 79, 191, 215, 176, 224, 191, 47, 31, 116, 81, 73, 142, 83, 134, 96, 5] locked.view=68    
2025-12-05T13:57:30.903756Z  WARN ThreadId(20) hotstuff_rs::block_tree::invariants: SAFE_BLOCK_FAIL: block=[29, 207, 183, 161, 179, 120, 156, 217, 255, 151, 18, 225, 43, 216, 145, 108, 81, 3, 247, 123, 232, 243, 82, 229, 189, 3, 82, 235, 85, 72, 79, 101] height=None | cond1(safe_pc)=false | cond2(is_block_justify)=true (justify.phase=Generic) | justify.block=[13, 133, 116, 166, 74, 22, 255, 160, 155, 192, 141, 60, 172, 80, 78, 19, 72, 134, 158, 42, 55, 178, 59, 240, 129, 238, 84, 14, 197, 142, 29, 243] justify.view=54 | highest_pc.block=[86, 245, 94, 124, 106, 208, 70, 164, 31, 32, 96, 212, 83, 3, 141, 38, 117, 216, 245, 255, 198, 34, 240, 224, 225, 8, 101, 154, 60, 238, 136, 248] highest_pc.view=69 | locked.block=[139, 197, 31, 201, 69, 93, 22, 191, 198, 203, 149, 171, 108, 119, 203, 18, 79, 191, 215, 176, 224, 191, 47, 31, 116, 81, 73, 142, 83, 134, 96, 5] locked.view=68    
2025-12-05T13:57:32.488633Z  WARN ThreadId(21) hotstuff_runner::tcp_node: Node 0 view 71 timed out; latency may accumulate
2025-12-05T13:57:33.543113Z  WARN ThreadId(08) docker_node:   Connection reuse ineffective (2.0 msg/conn)
2025-12-05T13:57:33.656384Z  WARN ThreadId(08) docker_node: Node 0 Regular transaction queue backlog: 1492277 transactions
2025-12-05T13:57:34.839645Z  WARN ThreadId(20) hotstuff_rs::block_tree::invariants: SAFE_PC_FAIL: pc.block=[76, 188, 130, 157, 182, 150, 237, 163, 142, 47, 12, 37, 2, 173, 18, 63, 183, 230, 166, 34, 131, 142, 137, 218, 68, 38, 84, 251, 34, 42, 45, 240] view=57 phase=Generic | cond1(chain_id/genesis)=true (pc.chain_id=0, my.chain_id=0) | cond2(block_exists/genesis)=true (exists=true) | cond3(view>locked || extends)=false (pc.view=57, locked.view=68, extends=false) | cond4(phase/updates)=true (phase_special=false, has_updates=false) | highest_pc.block=[86, 245, 94, 124, 106, 208, 70, 164, 31, 32, 96, 212, 83, 3, 141, 38, 117, 216, 245, 255, 198, 34, 240, 224, 225, 8, 101, 154, 60, 238, 136, 248] highest_pc.view=69 locked.block=[139, 197, 31, 201, 69, 93, 22, 191, 198, 203, 149, 171, 108, 119, 203, 18, 79, 191, 215, 176, 224, 191, 47, 31, 116, 81, 73, 142, 83, 134, 96, 5] locked.view=68    
2025-12-05T13:57:34.839678Z  WARN ThreadId(20) hotstuff_rs::block_tree::invariants: SAFE_BLOCK_FAIL: block=[233, 212, 91, 100, 14, 195, 163, 220, 211, 102, 62, 228, 229, 199, 241, 191, 156, 200, 82, 230, 241, 55, 240, 169, 133, 154, 240, 85, 153, 251, 91, 208] height=None | cond1(safe_pc)=false | cond2(is_block_justify)=true (justify.phase=Generic) | justify.block=[76, 188, 130, 157, 182, 150, 237, 163, 142, 47, 12, 37, 2, 173, 18, 63, 183, 230, 166, 34, 131, 142, 137, 218, 68, 38, 84, 251, 34, 42, 45, 240] justify.view=57 | highest_pc.block=[86, 245, 94, 124, 106, 208, 70, 164, 31, 32, 96, 212, 83, 3, 141, 38, 117, 216, 245, 255, 198, 34, 240, 224, 225, 8, 101, 154, 60, 238, 136, 248] highest_pc.view=69 | locked.block=[139, 197, 31, 201, 69, 93, 22, 191, 198, 203, 149, 171, 108, 119, 203, 18, 79, 191, 215, 176, 224, 191, 47, 31, 116, 81, 73, 142, 83, 134, 96, 5] locked.view=68    
2025-12-05T13:57:37.490023Z  WARN ThreadId(21) hotstuff_runner::tcp_node: Node 0 view 72 timed out; latency may accumulate
2025-12-05T13:57:38.542860Z  WARN ThreadId(08) docker_node:   Connection reuse ineffective (2.0 msg/conn)
2025-12-05T13:57:38.656192Z  WARN ThreadId(08) docker_node: Node 0 Regular transaction queue backlog: 1492277 transactions
2025-12-05T13:57:39.821942Z  WARN ThreadId(20) hotstuff_rs::block_tree::invariants: SAFE_PC_FAIL: pc.block=[13, 133, 116, 166, 74, 22, 255, 160, 155, 192, 141, 60, 172, 80, 78, 19, 72, 134, 158, 42, 55, 178, 59, 240, 129, 238, 84, 14, 197, 142, 29, 243] view=54 phase=Generic | cond1(chain_id/genesis)=true (pc.chain_id=0, my.chain_id=0) | cond2(block_exists/genesis)=true (exists=true) | cond3(view>locked || extends)=false (pc.view=54, locked.view=68, extends=false) | cond4(phase/updates)=true (phase_special=false, has_updates=false) | highest_pc.block=[86, 245, 94, 124, 106, 208, 70, 164, 31, 32, 96, 212, 83, 3, 141, 38, 117, 216, 245, 255, 198, 34, 240, 224, 225, 8, 101, 154, 60, 238, 136, 248] highest_pc.view=69 locked.block=[139, 197, 31, 201, 69, 93, 22, 191, 198, 203, 149, 171, 108, 119, 203, 18, 79, 191, 215, 176, 224, 191, 47, 31, 116, 81, 73, 142, 83, 134, 96, 5] locked.view=68    
2025-12-05T13:57:39.821978Z  WARN ThreadId(20) hotstuff_rs::block_tree::invariants: SAFE_BLOCK_FAIL: block=[195, 135, 158, 66, 134, 175, 246, 233, 76, 194, 104, 29, 246, 2, 239, 243, 104, 226, 114, 39, 95, 247, 146, 183, 12, 240, 170, 142, 54, 216, 10, 28] height=None | cond1(safe_pc)=false | cond2(is_block_justify)=true (justify.phase=Generic) | justify.block=[13, 133, 116, 166, 74, 22, 255, 160, 155, 192, 141, 60, 172, 80, 78, 19, 72, 134, 158, 42, 55, 178, 59, 240, 129, 238, 84, 14, 197, 142, 29, 243] justify.view=54 | highest_pc.block=[86, 245, 94, 124, 106, 208, 70, 164, 31, 32, 96, 212, 83, 3, 141, 38, 117, 216, 245, 255, 198, 34, 240, 224, 225, 8, 101, 154, 60, 238, 136, 248] highest_pc.view=69 | locked.block=[139, 197, 31, 201, 69, 93, 22, 191, 198, 203, 149, 171, 108, 119, 203, 18, 79, 191, 215, 176, 224, 191, 47, 31, 116, 81, 73, 142, 83, 134, 96, 5] locked.view=68    
2025-12-05T13:57:43.542916Z  WARN ThreadId(08) docker_node:   Connection reuse ineffective (2.0 msg/conn)
2025-12-05T13:57:43.656126Z  WARN ThreadId(05) docker_node: Node 0 Regular transaction queue backlog: 1492277 transactions
2025-12-05T13:57:48.543148Z  WARN ThreadId(05) docker_node:   Connection reuse ineffective (2.0 msg/conn)
2025-12-05T13:57:48.656371Z  WARN ThreadId(05) docker_node: Node 0 Regular transaction queue backlog: 1492277 transactions
2025-12-05T13:57:53.542669Z  WARN ThreadId(05) docker_node:   Connection reuse ineffective (2.0 msg/conn)
2025-12-05T13:57:53.655914Z  WARN ThreadId(05) docker_node: Node 0 Regular transaction queue backlog: 1492277 transactions
2025-12-05T13:57:54.738658Z  WARN ThreadId(20) hotstuff_rs::block_tree::invariants: SAFE_PC_FAIL: pc.block=[13, 133, 116, 166, 74, 22, 255, 160, 155, 192, 141, 60, 172, 80, 78, 19, 72, 134, 158, 42, 55, 178, 59, 240, 129, 238, 84, 14, 197, 142, 29, 243] view=54 phase=Generic | cond1(chain_id/genesis)=true (pc.chain_id=0, my.chain_id=0) | cond2(block_exists/genesis)=true (exists=true) | cond3(view>locked || extends)=false (pc.view=54, locked.view=69, extends=false) | cond4(phase/updates)=true (phase_special=false, has_updates=false) | highest_pc.block=[225, 186, 2, 112, 126, 203, 198, 247, 110, 142, 73, 185, 16, 180, 61, 102, 70, 135, 200, 111, 198, 246, 39, 8, 209, 244, 179, 247, 185, 147, 113, 61] highest_pc.view=74 locked.block=[86, 245, 94, 124, 106, 208, 70, 164, 31, 32, 96, 212, 83, 3, 141, 38, 117, 216, 245, 255, 198, 34, 240, 224, 225, 8, 101, 154, 60, 238, 136, 248] locked.view=69    
2025-12-05T13:57:54.738706Z  WARN ThreadId(20) hotstuff_rs::block_tree::invariants: SAFE_BLOCK_FAIL: block=[189, 23, 238, 159, 31, 228, 199, 62, 180, 238, 233, 65, 165, 71, 144, 147, 143, 239, 75, 244, 11, 38, 57, 215, 188, 111, 16, 134, 167, 238, 20, 11] height=None | cond1(safe_pc)=false | cond2(is_block_justify)=true (justify.phase=Generic) | justify.block=[13, 133, 116, 166, 74, 22, 255, 160, 155, 192, 141, 60, 172, 80, 78, 19, 72, 134, 158, 42, 55, 178, 59, 240, 129, 238, 84, 14, 197, 142, 29, 243] justify.view=54 | highest_pc.block=[225, 186, 2, 112, 126, 203, 198, 247, 110, 142, 73, 185, 16, 180, 61, 102, 70, 135, 200, 111, 198, 246, 39, 8, 209, 244, 179, 247, 185, 147, 113, 61] highest_pc.view=74 | locked.block=[86, 245, 94, 124, 106, 208, 70, 164, 31, 32, 96, 212, 83, 3, 141, 38, 117, 216, 245, 255, 198, 34, 240, 224, 225, 8, 101, 154, 60, 238, 136, 248] locked.view=69    
2025-12-05T13:57:57.084374Z  WARN ThreadId(21) hotstuff_runner::tcp_node: Node 0 view 76 timed out; latency may accumulate
2025-12-05T13:57:58.543045Z  WARN ThreadId(05) docker_node:   Connection reuse ineffective (2.0 msg/conn)
2025-12-05T13:57:58.656271Z  WARN ThreadId(05) docker_node: Node 0 Regular transaction queue backlog: 1492277 transactions
2025-12-05T13:57:59.695269Z  WARN ThreadId(20) hotstuff_rs::block_tree::invariants: SAFE_PC_FAIL: pc.block=[13, 133, 116, 166, 74, 22, 255, 160, 155, 192, 141, 60, 172, 80, 78, 19, 72, 134, 158, 42, 55, 178, 59, 240, 129, 238, 84, 14, 197, 142, 29, 243] view=54 phase=Generic | cond1(chain_id/genesis)=true (pc.chain_id=0, my.chain_id=0) | cond2(block_exists/genesis)=true (exists=true) | cond3(view>locked || extends)=false (pc.view=54, locked.view=69, extends=false) | cond4(phase/updates)=true (phase_special=false, has_updates=false) | highest_pc.block=[225, 186, 2, 112, 126, 203, 198, 247, 110, 142, 73, 185, 16, 180, 61, 102, 70, 135, 200, 111, 198, 246, 39, 8, 209, 244, 179, 247, 185, 147, 113, 61] highest_pc.view=74 locked.block=[86, 245, 94, 124, 106, 208, 70, 164, 31, 32, 96, 212, 83, 3, 141, 38, 117, 216, 245, 255, 198, 34, 240, 224, 225, 8, 101, 154, 60, 238, 136, 248] locked.view=69    
2025-12-05T13:57:59.695312Z  WARN ThreadId(20) hotstuff_rs::block_tree::invariants: SAFE_BLOCK_FAIL: block=[104, 220, 186, 246, 159, 57, 14, 10, 56, 159, 85, 68, 215, 19, 171, 182, 168, 189, 23, 223, 207, 172, 221, 205, 221, 243, 214, 139, 101, 222, 76, 169] height=None | cond1(safe_pc)=false | cond2(is_block_justify)=true (justify.phase=Generic) | justify.block=[13, 133, 116, 166, 74, 22, 255, 160, 155, 192, 141, 60, 172, 80, 78, 19, 72, 134, 158, 42, 55, 178, 59, 240, 129, 238, 84, 14, 197, 142, 29, 243] justify.view=54 | highest_pc.block=[225, 186, 2, 112, 126, 203, 198, 247, 110, 142, 73, 185, 16, 180, 61, 102, 70, 135, 200, 111, 198, 246, 39, 8, 209, 244, 179, 247, 185, 147, 113, 61] highest_pc.view=74 | locked.block=[86, 245, 94, 124, 106, 208, 70, 164, 31, 32, 96, 212, 83, 3, 141, 38, 117, 216, 245, 255, 198, 34, 240, 224, 225, 8, 101, 154, 60, 238, 136, 248] locked.view=69    
2025-12-05T13:58:02.084715Z  WARN ThreadId(21) hotstuff_runner::tcp_node: Node 0 view 77 timed out; latency may accumulate
2025-12-05T13:58:03.543087Z  WARN ThreadId(05) docker_node:   Connection reuse ineffective (2.0 msg/conn)
2025-12-05T13:58:03.656382Z  WARN ThreadId(05) docker_node: Node 0 Regular transaction queue backlog: 1492277 transactions
2025-12-05T13:58:07.086119Z  WARN ThreadId(21) hotstuff_runner::tcp_node: Node 0 view 78 timed out; latency may accumulate
2025-12-05T13:58:08.542492Z  WARN ThreadId(05) docker_node:   Connection reuse ineffective (2.0 msg/conn)
2025-12-05T13:58:08.655796Z  WARN ThreadId(05) docker_node: Node 0 Regular transaction queue backlog: 1492277 transactions
2025-12-05T13:58:09.366139Z  WARN ThreadId(20) hotstuff_rs::block_tree::invariants: SAFE_PC_FAIL: pc.block=[13, 133, 116, 166, 74, 22, 255, 160, 155, 192, 141, 60, 172, 80, 78, 19, 72, 134, 158, 42, 55, 178, 59, 240, 129, 238, 84, 14, 197, 142, 29, 243] view=54 phase=Generic | cond1(chain_id/genesis)=true (pc.chain_id=0, my.chain_id=0) | cond2(block_exists/genesis)=true (exists=true) | cond3(view>locked || extends)=false (pc.view=54, locked.view=69, extends=false) | cond4(phase/updates)=true (phase_special=false, has_updates=false) | highest_pc.block=[225, 186, 2, 112, 126, 203, 198, 247, 110, 142, 73, 185, 16, 180, 61, 102, 70, 135, 200, 111, 198, 246, 39, 8, 209, 244, 179, 247, 185, 147, 113, 61] highest_pc.view=74 locked.block=[86, 245, 94, 124, 106, 208, 70, 164, 31, 32, 96, 212, 83, 3, 141, 38, 117, 216, 245, 255, 198, 34, 240, 224, 225, 8, 101, 154, 60, 238, 136, 248] locked.view=69    
2025-12-05T13:58:09.366183Z  WARN ThreadId(20) hotstuff_rs::block_tree::invariants: SAFE_BLOCK_FAIL: block=[71, 28, 204, 120, 255, 137, 106, 17, 218, 53, 129, 62, 108, 192, 54, 49, 223, 55, 193, 189, 73, 169, 36, 78, 17, 106, 38, 7, 111, 143, 216, 179] height=None | cond1(safe_pc)=false | cond2(is_block_justify)=true (justify.phase=Generic) | justify.block=[13, 133, 116, 166, 74, 22, 255, 160, 155, 192, 141, 60, 172, 80, 78, 19, 72, 134, 158, 42, 55, 178, 59, 240, 129, 238, 84, 14, 197, 142, 29, 243] justify.view=54 | highest_pc.block=[225, 186, 2, 112, 126, 203, 198, 247, 110, 142, 73, 185, 16, 180, 61, 102, 70, 135, 200, 111, 198, 246, 39, 8, 209, 244, 179, 247, 185, 147, 113, 61] highest_pc.view=74 | locked.block=[86, 245, 94, 124, 106, 208, 70, 164, 31, 32, 96, 212, 83, 3, 141, 38, 117, 216, 245, 255, 198, 34, 240, 224, 225, 8, 101, 154, 60, 238, 136, 248] locked.view=69    
2025-12-05T13:58:13.542978Z  WARN ThreadId(05) docker_node:   Connection reuse ineffective (2.0 msg/conn)
2025-12-05T13:58:13.656220Z  WARN ThreadId(09) docker_node: Node 0 Regular transaction queue backlog: 1492277 transactions
2025-12-05T13:58:18.542763Z  WARN ThreadId(09) docker_node:   Connection reuse ineffective (2.0 msg/conn)
2025-12-05T13:58:18.656022Z  WARN ThreadId(09) docker_node: Node 0 Regular transaction queue backlog: 1492277 transactions
2025-12-05T13:58:22.090986Z  WARN ThreadId(21) hotstuff_runner::tcp_node: Node 0 view 81 timed out; latency may accumulate
2025-12-05T13:58:23.543222Z  WARN ThreadId(09) docker_node:   Connection reuse ineffective (2.0 msg/conn)
2025-12-05T13:58:23.655462Z  WARN ThreadId(09) docker_node: Node 0 Regular transaction queue backlog: 1492277 transactions
2025-12-05T13:58:28.542589Z  WARN ThreadId(09) docker_node:   Connection reuse ineffective (2.0 msg/conn)
2025-12-05T13:58:28.655836Z  WARN ThreadId(09) docker_node: Node 0 Regular transaction queue backlog: 1492277 transactions
2025-12-05T13:58:29.168113Z  WARN ThreadId(20) hotstuff_rs::block_tree::invariants: SAFE_PC_FAIL: pc.block=[76, 188, 130, 157, 182, 150, 237, 163, 142, 47, 12, 37, 2, 173, 18, 63, 183, 230, 166, 34, 131, 142, 137, 218, 68, 38, 84, 251, 34, 42, 45, 240] view=57 phase=Generic | cond1(chain_id/genesis)=true (pc.chain_id=0, my.chain_id=0) | cond2(block_exists/genesis)=true (exists=true) | cond3(view>locked || extends)=false (pc.view=57, locked.view=69, extends=false) | cond4(phase/updates)=true (phase_special=false, has_updates=false) | highest_pc.block=[225, 186, 2, 112, 126, 203, 198, 247, 110, 142, 73, 185, 16, 180, 61, 102, 70, 135, 200, 111, 198, 246, 39, 8, 209, 244, 179, 247, 185, 147, 113, 61] highest_pc.view=74 locked.block=[86, 245, 94, 124, 106, 208, 70, 164, 31, 32, 96, 212, 83, 3, 141, 38, 117, 216, 245, 255, 198, 34, 240, 224, 225, 8, 101, 154, 60, 238, 136, 248] locked.view=69    
2025-12-05T13:58:29.168147Z  WARN ThreadId(20) hotstuff_rs::block_tree::invariants: SAFE_BLOCK_FAIL: block=[56, 90, 51, 249, 217, 22, 87, 27, 8, 122, 124, 246, 229, 145, 36, 230, 68, 239, 97, 4, 118, 112, 134, 230, 182, 138, 225, 151, 135, 141, 125, 67] height=None | cond1(safe_pc)=false | cond2(is_block_justify)=true (justify.phase=Generic) | justify.block=[76, 188, 130, 157, 182, 150, 237, 163, 142, 47, 12, 37, 2, 173, 18, 63, 183, 230, 166, 34, 131, 142, 137, 218, 68, 38, 84, 251, 34, 42, 45, 240] justify.view=57 | highest_pc.block=[225, 186, 2, 112, 126, 203, 198, 247, 110, 142, 73, 185, 16, 180, 61, 102, 70, 135, 200, 111, 198, 246, 39, 8, 209, 244, 179, 247, 185, 147, 113, 61] highest_pc.view=74 | locked.block=[86, 245, 94, 124, 106, 208, 70, 164, 31, 32, 96, 212, 83, 3, 141, 38, 117, 216, 245, 255, 198, 34, 240, 224, 225, 8, 101, 154, 60, 238, 136, 248] locked.view=69    
2025-12-05T13:58:32.093972Z  WARN ThreadId(21) hotstuff_runner::tcp_node: Node 0 view 83 timed out; latency may accumulate
2025-12-05T13:58:33.542585Z  WARN ThreadId(09) docker_node:   Connection reuse ineffective (2.0 msg/conn)
2025-12-05T13:58:33.655841Z  WARN ThreadId(09) docker_node: Node 0 Regular transaction queue backlog: 1492277 transactions
2025-12-05T13:58:34.887853Z  WARN ThreadId(20) hotstuff_rs::block_tree::invariants: SAFE_PC_FAIL: pc.block=[13, 133, 116, 166, 74, 22, 255, 160, 155, 192, 141, 60, 172, 80, 78, 19, 72, 134, 158, 42, 55, 178, 59, 240, 129, 238, 84, 14, 197, 142, 29, 243] view=54 phase=Generic | cond1(chain_id/genesis)=true (pc.chain_id=0, my.chain_id=0) | cond2(block_exists/genesis)=true (exists=true) | cond3(view>locked || extends)=false (pc.view=54, locked.view=69, extends=false) | cond4(phase/updates)=true (phase_special=false, has_updates=false) | highest_pc.block=[225, 186, 2, 112, 126, 203, 198, 247, 110, 142, 73, 185, 16, 180, 61, 102, 70, 135, 200, 111, 198, 246, 39, 8, 209, 244, 179, 247, 185, 147, 113, 61] highest_pc.view=74 locked.block=[86, 245, 94, 124, 106, 208, 70, 164, 31, 32, 96, 212, 83, 3, 141, 38, 117, 216, 245, 255, 198, 34, 240, 224, 225, 8, 101, 154, 60, 238, 136, 248] locked.view=69    
2025-12-05T13:58:34.887926Z  WARN ThreadId(20) hotstuff_rs::block_tree::invariants: SAFE_BLOCK_FAIL: block=[179, 21, 70, 114, 149, 253, 175, 48, 126, 73, 52, 41, 158, 241, 14, 148, 223, 39, 119, 57, 137, 121, 142, 76, 93, 224, 150, 79, 126, 132, 169, 187] height=None | cond1(safe_pc)=false | cond2(is_block_justify)=true (justify.phase=Generic) | justify.block=[13, 133, 116, 166, 74, 22, 255, 160, 155, 192, 141, 60, 172, 80, 78, 19, 72, 134, 158, 42, 55, 178, 59, 240, 129, 238, 84, 14, 197, 142, 29, 243] justify.view=54 | highest_pc.block=[225, 186, 2, 112, 126, 203, 198, 247, 110, 142, 73, 185, 16, 180, 61, 102, 70, 135, 200, 111, 198, 246, 39, 8, 209, 244, 179, 247, 185, 147, 113, 61] highest_pc.view=74 | locked.block=[86, 245, 94, 124, 106, 208, 70, 164, 31, 32, 96, 212, 83, 3, 141, 38, 117, 216, 245, 255, 198, 34, 240, 224, 225, 8, 101, 154, 60, 238, 136, 248] locked.view=69    
2025-12-05T13:58:37.095376Z  WARN ThreadId(21) hotstuff_runner::tcp_node: Node 0 view 84 timed out; latency may accumulate
2025-12-05T13:58:38.543365Z  WARN ThreadId(09) docker_node:   Connection reuse ineffective (2.0 msg/conn)
2025-12-05T13:58:38.655608Z  WARN ThreadId(09) docker_node: Node 0 Regular transaction queue backlog: 1492277 transactions
2025-12-05T13:58:42.096126Z  WARN ThreadId(21) hotstuff_runner::tcp_node: Node 0 view 85 timed out; latency may accumulate
2025-12-05T13:58:43.542382Z  WARN ThreadId(09) docker_node:   Connection reuse ineffective (2.0 msg/conn)
2025-12-05T13:58:43.655633Z  WARN ThreadId(08) docker_node: Node 0 Regular transaction queue backlog: 1492277 transactions
2025-12-05T13:58:48.543071Z  WARN ThreadId(08) docker_node:   Connection reuse ineffective (2.0 msg/conn)
2025-12-05T13:58:48.656341Z  WARN ThreadId(08) docker_node: Node 0 Regular transaction queue backlog: 1492277 transactions
2025-12-05T13:58:51.506540Z  WARN ThreadId(14) hotstuff_runner::tokio_network: Received abnormal length 22628052 from 3.238.233.23:55558; dropping connection
2025-12-05T13:58:52.624123Z  WARN ThreadId(21) hotstuff_runner::tcp_node: Node 0 view 87 timed out; latency may accumulate
2025-12-05T13:58:53.543068Z  WARN ThreadId(08) docker_node:   Connection reuse ineffective (2.0 msg/conn)
2025-12-05T13:58:53.656336Z  WARN ThreadId(08) docker_node: Node 0 Regular transaction queue backlog: 1492277 transactions
2025-12-05T13:58:57.625413Z  WARN ThreadId(21) hotstuff_runner::tcp_node: Node 0 view 88 timed out; latency may accumulate
2025-12-05T13:58:58.543406Z  WARN ThreadId(08) docker_node:   Connection reuse ineffective (2.0 msg/conn)
2025-12-05T13:58:58.655674Z  WARN ThreadId(08) docker_node: Node 0 Regular transaction queue backlog: 1492277 transactions
2025-12-05T13:59:02.626703Z  WARN ThreadId(21) hotstuff_runner::tcp_node: Node 0 view 89 timed out; latency may accumulate
2025-12-05T13:59:03.542707Z  WARN ThreadId(08) docker_node:   Connection reuse ineffective (2.0 msg/conn)
2025-12-05T13:59:03.655958Z  WARN ThreadId(08) docker_node: Node 0 Regular transaction queue backlog: 1492277 transactions
